#
# A fatal error has been detected by the Java Runtime Environment:
#
#  SIGSEGV (0xb) at pc=0xb7652f98, pid=16062, tid=1732520768
#
# JRE version: 7.0_21-b02
# Java VM: OpenJDK Server VM (23.7-b01 mixed mode linux-x86 )
# Problematic frame:
# C  [libc.so.6+0x12ef98]  _IO_file_underflow+0x68
#
# Failed to write core dump. Core dumps have been disabled. To enable core dumping, try "ulimit -c unlimited" before starting Java again
#
# If you would like to submit a bug report, please include
# instructions on how to reproduce the bug and visit:
#   https://bugs.launchpad.net/ubuntu/+source/openjdk-7/
#

---------------  T H R E A D  ---------------

Current thread is native thread

siginfo:si_signo=SIGSEGV: si_errno=0, si_code=1 (SEGV_MAPERR), si_addr=0x00000037

Registers:
EAX=0x67a01000, EBX=0xb76d3000, ECX=0xffffffff, EDX=0x00001000
ESP=0x6743fda0, EBP=0x00000001, ESI=0x6e24f220, EDI=0x67442b40
EIP=0xb7652f98, EFLAGS=0x00210206, CR2=0x00000037

Top of Stack: (sp=0x6743fda0)
0x6743fda0:   6e24f220 67a01000 00001000 b76d3000
0x6743fdb0:   6e24f220 b76d3000 6e24f220 b7597da9
0x6743fdc0:   6e24f220 b758a57a b76d3000 b76d3000
0x6743fdd0:   6e24f220 67442b40 6e24f220 b7597bdb
0x6743fde0:   6e24f220 ffffffff 63149649 63168000
0x6743fdf0:   b758a5d7 b76d3000 6e24f220 b758debc
0x6743fe00:   6e24f220 6315f22a 00000001 63168000
0x6743fe10:   63168000 6e2488d0 6e249248 63152d8c 

Instructions: (pc=0xb7652f98)
0xb7652f78:   4c 89 46 04 29 c2 89 46 0c 89 46 08 89 46 18 89
0xb7652f88:   46 14 89 46 10 89 54 24 08 89 44 24 04 89 34 24
0xb7652f98:   ff 51 38 83 f8 00 7e 38 8b 56 40 01 46 08 83 fa
0xb7652fa8:   ff 74 05 01 d0 89 46 40 8b 46 04 0f b6 00 83 c4 

Register to memory mapping:

EAX=0x67a01000 is an unknown value
EBX=0xb76d3000: <offset 0x1af000> in /lib/i386-linux-gnu/libc.so.6 at 0xb7524000
ECX=0xffffffff is an unknown value
EDX=0x00001000 is an unknown value
ESP=0x6743fda0 is an unknown value
EBP=0x00000001 is an unknown value
ESI=0x6e24f220 is an unknown value
EDI=0x67442b40 is an unknown value


Stack: [0x673c2000,0x67443000],  sp=0x6743fda0,  free space=503k
Native frames: (J=compiled Java code, j=interpreted, Vv=VM code, C=native code)
C  [libc.so.6+0x12ef98]  _IO_file_underflow+0x68


---------------  P R O C E S S  ---------------

VM state:not at safepoint (normal execution)

VM Mutex/Monitor currently owned by a thread: None

Heap
 PSYoungGen      total 19392K, used 16611K [0x9ef40000, 0xa0760000, 0xb3340000)
  eden space 14848K, 93% used [0x9ef40000,0x9fcc6140,0x9fdc0000)
  from space 4544K, 60% used [0xa02f0000,0xa05a2bc8,0xa0760000)
  to   space 4928K, 0% used [0x9fdc0000,0x9fdc0000,0xa0290000)
 ParOldGen       total 41472K, used 4788K [0x76740000, 0x78fc0000, 0x9ef40000)
  object space 41472K, 11% used [0x76740000,0x76bed040,0x78fc0000)
 PSPermGen       total 16384K, used 15003K [0x6e740000, 0x6f740000, 0x76740000)
  object space 16384K, 91% used [0x6e740000,0x6f5e6fe0,0x6f740000)

Card table byte_map: [0x6e519000,0x6e740000] byte_map_base: 0x6e1a5600

Polling page: 0xb76e0000

Code Cache  [0xb3400000, 0xb3640000, 0xb6400000)
 total_blobs=706 nmethods=437 adapters=221 free_code_cache=47931Kb largest_free_block=49041856

Compilation events (10 events):
Event: 34.943 Thread 0x6acfe800 nmethod 462 0xb351d8c8 code [0xb351d9c0, 0xb351dab0]
Event: 34.950 Thread 0x6acfc800 nmethod 460 0xb3535c48 code [0xb3536100, 0xb3538760]
Event: 34.961 Thread 0x6acfe800  463             java.util.HashMap::removeEntryForKey (150 bytes)
Event: 34.973 Thread 0x6acfe800 nmethod 463 0xb35202c8 code [0xb3520400, 0xb35207e4]
Event: 35.144 Thread 0x6acfc800  464   !         com.sun.jna.Structure::ensureAllocated (75 bytes)
Event: 35.149 Thread 0x6acfc800 nmethod 464 0xb351ff88 code [0xb3520080, 0xb3520190]
Event: 35.336 Thread 0x6acfe800  465             java.awt.Component::getObjectLock (5 bytes)
Event: 35.337 Thread 0x6acfe800 nmethod 465 0xb351fe08 code [0xb351fee0, 0xb351ff30]
Event: 35.828 Thread 0x6acfc800  466             java.util.concurrent.locks.AbstractQueuedSynchronizer::isOnSyncQueue (33 bytes)
Event: 35.829 Thread 0x6acfc800 nmethod 466 0xb351fb88 code [0xb351fc80, 0xb351fd30]

GC Heap History (10 events):
Event: 2.431 GC heap before
{Heap before GC invocations=2 (full 0):
 PSYoungGen      total 18112K, used 18101K [0x9ef40000, 0xa0370000, 0xb3340000)
  eden space 15552K, 100% used [0x9ef40000,0x9fe70000,0x9fe70000)
  from space 2560K, 99% used [0x9fe70000,0xa00ed5c0,0xa00f0000)
  to   space 2560K, 0% used [0xa00f0000,0xa00f0000,0xa0370000)
 ParOldGen       total 41472K, used 1293K [0x76740000, 0x78fc0000, 0x9ef40000)
  object space 41472K, 3% used [0x76740000,0x76883790,0x78fc0000)
 PSPermGen       total 16384K, used 14533K [0x6e740000, 0x6f740000, 0x76740000)
  object space 16384K, 88% used [0x6e740000,0x6f5714f8,0x6f740000)
Event: 2.445 GC heap after
Heap after GC invocations=2 (full 0):
 PSYoungGen      total 18112K, used 2546K [0x9ef40000, 0xa0370000, 0xb3340000)
  eden space 15552K, 0% used [0x9ef40000,0x9ef40000,0x9fe70000)
  from space 2560K, 99% used [0xa00f0000,0xa036cab8,0xa0370000)
  to   space 2560K, 0% used [0x9fe70000,0x9fe70000,0xa00f0000)
 ParOldGen       total 41472K, used 3370K [0x76740000, 0x78fc0000, 0x9ef40000)
  object space 41472K, 8% used [0x76740000,0x76a8abd0,0x78fc0000)
 PSPermGen       total 16384K, used 14533K [0x6e740000, 0x6f740000, 0x76740000)
  object space 16384K, 88% used [0x6e740000,0x6f5714f8,0x6f740000)
}
Event: 10.875 GC heap before
{Heap before GC invocations=3 (full 0):
 PSYoungGen      total 18112K, used 18098K [0x9ef40000, 0xa0370000, 0xb3340000)
  eden space 15552K, 100% used [0x9ef40000,0x9fe70000,0x9fe70000)
  from space 2560K, 99% used [0xa00f0000,0xa036cab8,0xa0370000)
  to   space 2560K, 0% used [0x9fe70000,0x9fe70000,0xa00f0000)
 ParOldGen       total 41472K, used 3370K [0x76740000, 0x78fc0000, 0x9ef40000)
  object space 41472K, 8% used [0x76740000,0x76a8abd0,0x78fc0000)
 PSPermGen       total 16384K, used 14849K [0x6e740000, 0x6f740000, 0x76740000)
  object space 16384K, 90% used [0x6e740000,0x6f5c04a0,0x6f740000)
Event: 10.884 GC heap after
Heap after GC invocations=3 (full 0):
 PSYoungGen      total 18112K, used 2546K [0x9ef40000, 0xa0370000, 0xb3340000)
  eden space 15552K, 0% used [0x9ef40000,0x9ef40000,0x9fe70000)
  from space 2560K, 99% used [0x9fe70000,0xa00ecab8,0xa00f0000)
  to   space 2560K, 0% used [0xa00f0000,0xa00f0000,0xa0370000)
 ParOldGen       total 41472K, used 4044K [0x76740000, 0x78fc0000, 0x9ef40000)
  object space 41472K, 9% used [0x76740000,0x76b33200,0x78fc0000)
 PSPermGen       total 16384K, used 14849K [0x6e740000, 0x6f740000, 0x76740000)
  object space 16384K, 90% used [0x6e740000,0x6f5c04a0,0x6f740000)
}
Event: 19.904 GC heap before
{Heap before GC invocations=4 (full 0):
 PSYoungGen      total 18112K, used 18098K [0x9ef40000, 0xa0370000, 0xb3340000)
  eden space 15552K, 100% used [0x9ef40000,0x9fe70000,0x9fe70000)
  from space 2560K, 99% used [0x9fe70000,0xa00ecab8,0xa00f0000)
  to   space 2560K, 0% used [0xa00f0000,0xa00f0000,0xa0370000)
 ParOldGen       total 41472K, used 4044K [0x76740000, 0x78fc0000, 0x9ef40000)
  object space 41472K, 9% used [0x76740000,0x76b33200,0x78fc0000)
 PSPermGen       total 16384K, used 14877K [0x6e740000, 0x6f740000, 0x76740000)
  object space 16384K, 90% used [0x6e740000,0x6f5c74c0,0x6f740000)
Event: 19.916 GC heap after
Heap after GC invocations=4 (full 0):
 PSYoungGen      total 18112K, used 2555K [0x9ef40000, 0xa0370000, 0xb3340000)
  eden space 15552K, 0% used [0x9ef40000,0x9ef40000,0x9fe70000)
  from space 2560K, 99% used [0xa00f0000,0xa036eed0,0xa0370000)
  to   space 2560K, 0% used [0x9fe70000,0x9fe70000,0xa00f0000)
 ParOldGen       total 41472K, used 4399K [0x76740000, 0x78fc0000, 0x9ef40000)
  object space 41472K, 10% used [0x76740000,0x76b8bd10,0x78fc0000)
 PSPermGen       total 16384K, used 14877K [0x6e740000, 0x6f740000, 0x76740000)
  object space 16384K, 90% used [0x6e740000,0x6f5c74c0,0x6f740000)
}
Event: 23.715 GC heap before
{Heap before GC invocations=5 (full 0):
 PSYoungGen      total 18112K, used 18107K [0x9ef40000, 0xa0370000, 0xb3340000)
  eden space 15552K, 100% used [0x9ef40000,0x9fe70000,0x9fe70000)
  from space 2560K, 99% used [0xa00f0000,0xa036eed0,0xa0370000)
  to   space 2560K, 0% used [0x9fe70000,0x9fe70000,0xa00f0000)
 ParOldGen       total 41472K, used 4399K [0x76740000, 0x78fc0000, 0x9ef40000)
  object space 41472K, 10% used [0x76740000,0x76b8bd10,0x78fc0000)
 PSPermGen       total 16384K, used 14967K [0x6e740000, 0x6f740000, 0x76740000)
  object space 16384K, 91% used [0x6e740000,0x6f5dde30,0x6f740000)
Event: 23.722 GC heap after
Heap after GC invocations=5 (full 0):
 PSYoungGen      total 17728K, used 2546K [0x9ef40000, 0xa07d0000, 0xb3340000)
  eden space 15168K, 0% used [0x9ef40000,0x9ef40000,0x9fe10000)
  from space 2560K, 99% used [0x9fe70000,0xa00ecab8,0xa00f0000)
  to   space 4992K, 0% used [0xa02f0000,0xa02f0000,0xa07d0000)
 ParOldGen       total 41472K, used 4788K [0x76740000, 0x78fc0000, 0x9ef40000)
  object space 41472K, 11% used [0x76740000,0x76bed040,0x78fc0000)
 PSPermGen       total 16384K, used 14967K [0x6e740000, 0x6f740000, 0x76740000)
  object space 16384K, 91% used [0x6e740000,0x6f5dde30,0x6f740000)
}
Event: 29.794 GC heap before
{Heap before GC invocations=6 (full 0):
 PSYoungGen      total 17728K, used 17714K [0x9ef40000, 0xa07d0000, 0xb3340000)
  eden space 15168K, 100% used [0x9ef40000,0x9fe10000,0x9fe10000)
  from space 2560K, 99% used [0x9fe70000,0xa00ecab8,0xa00f0000)
  to   space 4992K, 0% used [0xa02f0000,0xa02f0000,0xa07d0000)
 ParOldGen       total 41472K, used 4788K [0x76740000, 0x78fc0000, 0x9ef40000)
  object space 41472K, 11% used [0x76740000,0x76bed040,0x78fc0000)
 PSPermGen       total 16384K, used 14985K [0x6e740000, 0x6f740000, 0x76740000)
  object space 16384K, 91% used [0x6e740000,0x6f5e2600,0x6f740000)
Event: 29.801 GC heap after
Heap after GC invocations=6 (full 0):
 PSYoungGen      total 19392K, used 2762K [0x9ef40000, 0xa0760000, 0xb3340000)
  eden space 14848K, 0% used [0x9ef40000,0x9ef40000,0x9fdc0000)
  from space 4544K, 60% used [0xa02f0000,0xa05a2bc8,0xa0760000)
  to   space 4928K, 0% used [0x9fdc0000,0x9fdc0000,0xa0290000)
 ParOldGen       total 41472K, used 4788K [0x76740000, 0x78fc0000, 0x9ef40000)
  object space 41472K, 11% used [0x76740000,0x76bed040,0x78fc0000)
 PSPermGen       total 16384K, used 14985K [0x6e740000, 0x6f740000, 0x76740000)
  object space 16384K, 91% used [0x6e740000,0x6f5e2600,0x6f740000)
}

Deoptimization events (10 events):
Event: 20.779 Thread 0x67909800 Uncommon trap -34 fr.pc 0xb34944d4
Event: 20.779 Thread 0x67909800 Uncommon trap -34 fr.pc 0xb3494b48
Event: 20.785 Thread 0x67909800 Uncommon trap -83 fr.pc 0xb34f4a64
Event: 20.785 Thread 0x67909800 Uncommon trap -83 fr.pc 0xb34eec2c
Event: 23.577 Thread 0x67909800 Uncommon trap -83 fr.pc 0xb34f52fc
Event: 23.671 Thread 0x6e236800 Uncommon trap -12 fr.pc 0xb35125fc
Event: 23.688 Thread 0x6e236000 Uncommon trap -12 fr.pc 0xb35156f0
Event: 23.688 Thread 0x6e236000 Uncommon trap -12 fr.pc 0xb3513a18
Event: 27.786 Thread 0x67909800 Uncommon trap -12 fr.pc 0xb3521618
Event: 29.822 Thread 0x67909800 Uncommon trap -12 fr.pc 0xb3526e58

Internal exceptions (10 events):
Event: 4.645 Thread 0x6e215c00 Threw 0x9f34b7d0 at /build/buildd/openjdk-7-7u21-2.3.9/build/openjdk/hotspot/src/share/vm/prims/jvm.cpp:1166
Event: 4.950 Thread 0x6e21d800 Threw 0x9f4b3f80 at /build/buildd/openjdk-7-7u21-2.3.9/build/openjdk/hotspot/src/share/vm/prims/jvm.cpp:1166
Event: 4.959 Thread 0x6e21d800 Threw 0x9f4dbff0 at /build/buildd/openjdk-7-7u21-2.3.9/build/openjdk/hotspot/src/share/vm/prims/jvm.cpp:1166
Event: 10.887 Thread 0x6acb8c00 Threw 0x9efbc000 at /build/buildd/openjdk-7-7u21-2.3.9/build/openjdk/hotspot/src/share/vm/prims/jvm.cpp:1166
Event: 20.773 Thread 0x67909800 Implicit null exception at 0xb34690c7 to 0xb3469189
Event: 20.785 Thread 0x67909800 Implicit null exception at 0xb34ee082 to 0xb34eec1d
Event: 23.626 Thread 0x6e234800 Threw 0x9fa67768 at /build/buildd/openjdk-7-7u21-2.3.9/build/openjdk/hotspot/src/share/vm/prims/jvm.cpp:1166
Event: 23.671 Thread 0x6e236800 Implicit null exception at 0xb35121e2 to 0xb35125f1
Event: 23.688 Thread 0x6e236000 Implicit null exception at 0xb3514dfc to 0xb35156dd
Event: 23.688 Thread 0x6e236000 Implicit null exception at 0xb35135ee to 0xb3513a0d

Events (10 events):
Event: 35.717 Thread 0x6e23fc00 Thread added: 0x6e23fc00
Event: 35.718 Thread 0x6e23fc00 Thread exited: 0x6e23fc00
Event: 35.825 Thread 0x6e23fc00 Thread added: 0x6e23fc00
Event: 35.825 Thread 0x6e23fc00 Thread exited: 0x6e23fc00
Event: 35.825 Thread 0x6e23fc00 Thread added: 0x6e23fc00
Event: 35.826 Thread 0x6e23fc00 Thread exited: 0x6e23fc00
Event: 35.826 Thread 0x6e23fc00 Thread added: 0x6e23fc00
Event: 35.826 Thread 0x6e23fc00 Thread exited: 0x6e23fc00
Event: 35.826 Thread 0x6e23fc00 Thread added: 0x6e23fc00
Event: 35.828 Thread 0x6e23fc00 Thread exited: 0x6e23fc00


Dynamic libraries:
08048000-08049000 r-xp 00000000 08:06 1708580    /usr/lib/jvm/java-7-openjdk-i386/jre/bin/java
08049000-0804a000 r--p 00000000 08:06 1708580    /usr/lib/jvm/java-7-openjdk-i386/jre/bin/java
0804a000-0804b000 rw-p 00001000 08:06 1708580    /usr/lib/jvm/java-7-openjdk-i386/jre/bin/java
08b46000-08b97000 rw-p 00000000 00:00 0          [heap]
5edc8000-5f181000 rw-s 00000000 00:04 192118813  /SYSV00000000 (deleted)
6313c000-63167000 r-xp 00000000 08:06 1706469    /usr/lib/i386-linux-gnu/liblua5.1.so.0.0.0
63167000-63168000 r--p 0002b000 08:06 1706469    /usr/lib/i386-linux-gnu/liblua5.1.so.0.0.0
63168000-63169000 rw-p 0002c000 08:06 1706469    /usr/lib/i386-linux-gnu/liblua5.1.so.0.0.0
63182000-63183000 ---p 00000000 00:00 0 
63183000-63983000 rw-p 00000000 00:00 0 
63995000-639bf000 r-xp 00000000 08:06 405608     /usr/lib/vlc/plugins/lua/liblua_plugin.so
639bf000-639c0000 r--p 0002a000 08:06 405608     /usr/lib/vlc/plugins/lua/liblua_plugin.so
639c0000-639c1000 rw-p 0002b000 08:06 405608     /usr/lib/vlc/plugins/lua/liblua_plugin.so
639c1000-639c3000 r-xp 00000000 08:06 280628     /usr/lib/vlc/plugins/demux/libnsc_plugin.so
639c3000-639c4000 r--p 00001000 08:06 280628     /usr/lib/vlc/plugins/demux/libnsc_plugin.so
639c4000-639c5000 rw-p 00002000 08:06 280628     /usr/lib/vlc/plugins/demux/libnsc_plugin.so
639c5000-639c7000 r-xp 00000000 08:06 280611     /usr/lib/vlc/plugins/demux/libdemux_cdg_plugin.so
639c7000-639c8000 r--p 00001000 08:06 280611     /usr/lib/vlc/plugins/demux/libdemux_cdg_plugin.so
639c8000-639c9000 rw-p 00002000 08:06 280611     /usr/lib/vlc/plugins/demux/libdemux_cdg_plugin.so
639c9000-639cb000 r-xp 00000000 08:06 280631     /usr/lib/vlc/plugins/demux/librawdv_plugin.so
639cb000-639cc000 r--p 00001000 08:06 280631     /usr/lib/vlc/plugins/demux/librawdv_plugin.so
639cc000-639cd000 rw-p 00002000 08:06 280631     /usr/lib/vlc/plugins/demux/librawdv_plugin.so
639cd000-639df000 r-xp 00000000 08:06 1720553    /usr/lib/libdvbpsi.so.7.0.0
639df000-639e0000 r--p 00011000 08:06 1720553    /usr/lib/libdvbpsi.so.7.0.0
639e0000-639e1000 rw-p 00012000 08:06 1720553    /usr/lib/libdvbpsi.so.7.0.0
639e1000-639e4000 r-xp 00000000 08:06 280615     /usr/lib/vlc/plugins/demux/libmjpeg_plugin.so
639e4000-639e5000 r--p 00002000 08:06 280615     /usr/lib/vlc/plugins/demux/libmjpeg_plugin.so
639e5000-639e6000 rw-p 00003000 08:06 280615     /usr/lib/vlc/plugins/demux/libmjpeg_plugin.so
639e6000-639ee000 r-xp 00000000 08:06 280637     /usr/lib/vlc/plugins/demux/libty_plugin.so
639ee000-639ef000 r--p 00007000 08:06 280637     /usr/lib/vlc/plugins/demux/libty_plugin.so
639ef000-639f0000 rw-p 00008000 08:06 280637     /usr/lib/vlc/plugins/demux/libty_plugin.so
639f0000-639f8000 r-xp 00000000 08:06 280651     /usr/lib/vlc/plugins/demux/libps_plugin.so
639f8000-639f9000 r--p 00007000 08:06 280651     /usr/lib/vlc/plugins/demux/libps_plugin.so
639f9000-639fa000 rw-p 00008000 08:06 280651     /usr/lib/vlc/plugins/demux/libps_plugin.so
639fa000-63a45000 r-xp 00000000 08:06 1703839    /usr/lib/libmodplug.so.1.0.0
63a45000-63a46000 ---p 0004b000 08:06 1703839    /usr/lib/libmodplug.so.1.0.0
63a46000-63a47000 r--p 0004b000 08:06 1703839    /usr/lib/libmodplug.so.1.0.0
63a47000-63a48000 rw-p 0004c000 08:06 1703839    /usr/lib/libmodplug.so.1.0.0
63a48000-63acc000 rw-p 00000000 00:00 0 
63ace000-63ae3000 r-xp 00000000 08:06 280622     /usr/lib/vlc/plugins/demux/libts_plugin.so
63ae3000-63ae4000 r--p 00014000 08:06 280622     /usr/lib/vlc/plugins/demux/libts_plugin.so
63ae4000-63ae5000 rw-p 00015000 08:06 280622     /usr/lib/vlc/plugins/demux/libts_plugin.so
63ae5000-63b43000 r-xp 00000000 08:06 280623     /usr/lib/vlc/plugins/demux/liblive555_plugin.so
63b43000-63b44000 ---p 0005e000 08:06 280623     /usr/lib/vlc/plugins/demux/liblive555_plugin.so
63b44000-63b47000 r--p 0005e000 08:06 280623     /usr/lib/vlc/plugins/demux/liblive555_plugin.so
63b47000-63b4c000 rw-p 00061000 08:06 280623     /usr/lib/vlc/plugins/demux/liblive555_plugin.so
63b4c000-63b4d000 rw-p 00000000 00:00 0 
63b4d000-63bd2000 r-xp 00000000 08:06 1720530    /usr/lib/i386-linux-gnu/libmatroska.so.5
63bd2000-63bd8000 r--p 00085000 08:06 1720530    /usr/lib/i386-linux-gnu/libmatroska.so.5
63bd8000-63bd9000 rw-p 0008b000 08:06 1720530    /usr/lib/i386-linux-gnu/libmatroska.so.5
63bd9000-63bdb000 rw-p 00000000 00:00 0 
63bdb000-63c1e000 r-xp 00000000 08:06 280645     /usr/lib/vlc/plugins/demux/libmkv_plugin.so
63c1e000-63c20000 r--p 00042000 08:06 280645     /usr/lib/vlc/plugins/demux/libmkv_plugin.so
63c20000-63c21000 rw-p 00044000 08:06 280645     /usr/lib/vlc/plugins/demux/libmkv_plugin.so
63c21000-64822000 rw-p 00000000 00:00 0 
64822000-64b01000 r-xp 00000000 08:06 1705842    /usr/lib/i386-linux-gnu/libQtCore.so.4.8.4
64b01000-64b08000 r--p 002de000 08:06 1705842    /usr/lib/i386-linux-gnu/libQtCore.so.4.8.4
64b08000-64b09000 rw-p 002e5000 08:06 1705842    /usr/lib/i386-linux-gnu/libQtCore.so.4.8.4
64b09000-64b0a000 rw-p 00000000 00:00 0 
64b0a000-655b2000 r-xp 00000000 08:06 1705851    /usr/lib/i386-linux-gnu/libQtGui.so.4.8.4
655b2000-655d4000 r--p 00aa7000 08:06 1705851    /usr/lib/i386-linux-gnu/libQtGui.so.4.8.4
655d4000-655d8000 rw-p 00ac9000 08:06 1705851    /usr/lib/i386-linux-gnu/libQtGui.so.4.8.4
655d8000-655db000 rw-p 00000000 00:00 0 
655db000-657f0000 r-xp 00000000 08:06 407152     /usr/lib/vlc/plugins/gui/libqt4_plugin.so
657f0000-657f1000 ---p 00215000 08:06 407152     /usr/lib/vlc/plugins/gui/libqt4_plugin.so
657f1000-657fd000 r--p 00215000 08:06 407152     /usr/lib/vlc/plugins/gui/libqt4_plugin.so
657fd000-657ff000 rw-p 00221000 08:06 407152     /usr/lib/vlc/plugins/gui/libqt4_plugin.so
657ff000-65800000 rw-p 00000000 00:00 0 
65800000-658cf000 rw-p 00000000 00:00 0 
658cf000-65900000 ---p 00000000 00:00 0 
65901000-65903000 r-xp 00000000 08:06 280629     /usr/lib/vlc/plugins/demux/libmpgv_plugin.so
65903000-65904000 r--p 00001000 08:06 280629     /usr/lib/vlc/plugins/demux/libmpgv_plugin.so
65904000-65905000 rw-p 00002000 08:06 280629     /usr/lib/vlc/plugins/demux/libmpgv_plugin.so
65905000-65908000 r-xp 00000000 08:06 280643     /usr/lib/vlc/plugins/demux/librawvid_plugin.so
65908000-65909000 r--p 00002000 08:06 280643     /usr/lib/vlc/plugins/demux/librawvid_plugin.so
65909000-6590a000 rw-p 00003000 08:06 280643     /usr/lib/vlc/plugins/demux/librawvid_plugin.so
6590a000-6590c000 r-xp 00000000 08:06 280612     /usr/lib/vlc/plugins/demux/libau_plugin.so
6590c000-6590d000 r--p 00001000 08:06 280612     /usr/lib/vlc/plugins/demux/libau_plugin.so
6590d000-6590e000 rw-p 00002000 08:06 280612     /usr/lib/vlc/plugins/demux/libau_plugin.so
6590e000-65923000 r-xp 00000000 08:06 280613     /usr/lib/vlc/plugins/demux/libplaylist_plugin.so
65923000-65924000 r--p 00014000 08:06 280613     /usr/lib/vlc/plugins/demux/libplaylist_plugin.so
65924000-65925000 rw-p 00015000 08:06 280613     /usr/lib/vlc/plugins/demux/libplaylist_plugin.so
65925000-6595d000 r-xp 00000000 08:06 1720563    /usr/lib/libsidplay2.so.1.0.1
6595d000-6595e000 ---p 00038000 08:06 1720563    /usr/lib/libsidplay2.so.1.0.1
6595e000-6595f000 r--p 00038000 08:06 1720563    /usr/lib/libsidplay2.so.1.0.1
6595f000-65960000 rw-p 00039000 08:06 1720563    /usr/lib/libsidplay2.so.1.0.1
65960000-65966000 r-xp 00000000 08:06 1706531    /usr/lib/i386-linux-gnu/libogg.so.0.8.0
65966000-65967000 r--p 00005000 08:06 1706531    /usr/lib/i386-linux-gnu/libogg.so.0.8.0
65967000-65968000 rw-p 00006000 08:06 1706531    /usr/lib/i386-linux-gnu/libogg.so.0.8.0
65968000-65991000 r-xp 00000000 08:06 1706753    /usr/lib/i386-linux-gnu/libvorbis.so.0.4.5
65991000-65992000 ---p 00029000 08:06 1706753    /usr/lib/i386-linux-gnu/libvorbis.so.0.4.5
65992000-65993000 r--p 00029000 08:06 1706753    /usr/lib/i386-linux-gnu/libvorbis.so.0.4.5
65993000-65994000 rw-p 0002a000 08:06 1706753    /usr/lib/i386-linux-gnu/libvorbis.so.0.4.5
65994000-65afa000 r-xp 00000000 08:06 1706755    /usr/lib/i386-linux-gnu/libvorbisenc.so.2.0.8
65afa000-65b0b000 r--p 00165000 08:06 1706755    /usr/lib/i386-linux-gnu/libvorbisenc.so.2.0.8
65b0b000-65b0c000 rw-p 00176000 08:06 1706755    /usr/lib/i386-linux-gnu/libvorbisenc.so.2.0.8
65b0c000-65b5a000 r-xp 00000000 08:06 1705817    /usr/lib/i386-linux-gnu/libFLAC.so.8.2.0
65b5a000-65b5b000 r--p 0004e000 08:06 1705817    /usr/lib/i386-linux-gnu/libFLAC.so.8.2.0
65b5b000-65b5c000 rw-p 0004f000 08:06 1705817    /usr/lib/i386-linux-gnu/libFLAC.so.8.2.0
65b5c000-65bc9000 r-xp 00000000 08:06 1706669    /usr/lib/i386-linux-gnu/libsndfile.so.1.0.25
65bc9000-65bcb000 r--p 0006c000 08:06 1706669    /usr/lib/i386-linux-gnu/libsndfile.so.1.0.25
65bcb000-65bcc000 rw-p 0006e000 08:06 1706669    /usr/lib/i386-linux-gnu/libsndfile.so.1.0.25
65bcc000-65bd0000 rw-p 00000000 00:00 0 
65bd1000-65bd6000 r-xp 00000000 08:06 280642     /usr/lib/vlc/plugins/demux/libmod_plugin.so
65bd6000-65bd7000 r--p 00004000 08:06 280642     /usr/lib/vlc/plugins/demux/libmod_plugin.so
65bd7000-65bd8000 rw-p 00005000 08:06 280642     /usr/lib/vlc/plugins/demux/libmod_plugin.so
65bd8000-65bdb000 r-xp 00000000 08:06 280627     /usr/lib/vlc/plugins/demux/libpva_plugin.so
65bdb000-65bdc000 r--p 00002000 08:06 280627     /usr/lib/vlc/plugins/demux/libpva_plugin.so
65bdc000-65bdd000 rw-p 00003000 08:06 280627     /usr/lib/vlc/plugins/demux/libpva_plugin.so
65bdd000-65be1000 r-xp 00000000 08:06 280634     /usr/lib/vlc/plugins/demux/libimage_plugin.so
65be1000-65be2000 r--p 00003000 08:06 280634     /usr/lib/vlc/plugins/demux/libimage_plugin.so
65be2000-65be3000 rw-p 00004000 08:06 280634     /usr/lib/vlc/plugins/demux/libimage_plugin.so
65be3000-65d4d000 r-xp 00000000 08:06 1706644    /usr/lib/i386-linux-gnu/libsamplerate.so.0.1.8
65d4d000-65d4e000 r--p 00169000 08:06 1706644    /usr/lib/i386-linux-gnu/libsamplerate.so.0.1.8
65d4e000-65d4f000 rw-p 0016a000 08:06 1706644    /usr/lib/i386-linux-gnu/libsamplerate.so.0.1.8
65d4f000-65db8000 r-xp 00000000 08:06 1708139    /usr/lib/i386-linux-gnu/pulseaudio/libpulsecommon-3.0.so
65db8000-65db9000 r--p 00068000 08:06 1708139    /usr/lib/i386-linux-gnu/pulseaudio/libpulsecommon-3.0.so
65db9000-65dba000 rw-p 00069000 08:06 1708139    /usr/lib/i386-linux-gnu/pulseaudio/libpulsecommon-3.0.so
65dba000-65dd8000 r-xp 00000000 08:06 1720529    /usr/lib/i386-linux-gnu/libebml.so.3
65dd8000-65dd9000 r--p 0001d000 08:06 1720529    /usr/lib/i386-linux-gnu/libebml.so.3
65dd9000-65dda000 rw-p 0001e000 08:06 1720529    /usr/lib/i386-linux-gnu/libebml.so.3
65dda000-65ddb000 rw-p 00000000 00:00 0 
65ddb000-65dde000 ---p 00000000 00:00 0 
65dde000-65e2c000 rw-p 00000000 00:00 0          [stack:16102]
65e2c000-65e2d000 ---p 00000000 00:00 0 
65e2d000-65ead000 rw-p 00000000 00:00 0          [stack:16099]
65ead000-65ef9000 r-xp 00000000 08:06 1706602    /usr/lib/i386-linux-gnu/libpulse.so.0.15.3
65ef9000-65efa000 ---p 0004c000 08:06 1706602    /usr/lib/i386-linux-gnu/libpulse.so.0.15.3
65efa000-65efb000 r--p 0004c000 08:06 1706602    /usr/lib/i386-linux-gnu/libpulse.so.0.15.3
65efb000-65efc000 rw-p 0004d000 08:06 1706602    /usr/lib/i386-linux-gnu/libpulse.so.0.15.3
65eff000-65f02000 r-xp 00000000 08:06 280630     /usr/lib/vlc/plugins/demux/libnsv_plugin.so
65f02000-65f03000 r--p 00002000 08:06 280630     /usr/lib/vlc/plugins/demux/libnsv_plugin.so
65f03000-65f04000 rw-p 00003000 08:06 280630     /usr/lib/vlc/plugins/demux/libnsv_plugin.so
65f04000-65f10000 r-xp 00000000 08:06 1720560    /usr/lib/libresid-builder.so.0.0.1
65f10000-65f11000 r--p 0000b000 08:06 1720560    /usr/lib/libresid-builder.so.0.0.1
65f11000-65f32000 rw-p 0000c000 08:06 1720560    /usr/lib/libresid-builder.so.0.0.1
65f32000-6601f000 r-xp 00000000 08:06 1771845    /usr/lib/i386-linux-gnu/libasound.so.2.0.0
6601f000-66023000 r--p 000ec000 08:06 1771845    /usr/lib/i386-linux-gnu/libasound.so.2.0.0
66023000-66024000 rw-p 000f0000 08:06 1771845    /usr/lib/i386-linux-gnu/libasound.so.2.0.0
66024000-66026000 r-xp 00000000 08:06 280616     /usr/lib/vlc/plugins/demux/libaiff_plugin.so
66026000-66027000 r--p 00001000 08:06 280616     /usr/lib/vlc/plugins/demux/libaiff_plugin.so
66027000-66028000 rw-p 00002000 08:06 280616     /usr/lib/vlc/plugins/demux/libaiff_plugin.so
66028000-6603b000 r-xp 00000000 08:06 280625     /usr/lib/vlc/plugins/demux/libogg_plugin.so
6603b000-6603c000 r--p 00012000 08:06 280625     /usr/lib/vlc/plugins/demux/libogg_plugin.so
6603c000-6603d000 rw-p 00013000 08:06 280625     /usr/lib/vlc/plugins/demux/libogg_plugin.so
6603d000-66095000 r-xp 00000000 08:06 1722219    /usr/lib/i386-linux-gnu/libXt.so.6.0.0
66095000-66096000 r--p 00058000 08:06 1722219    /usr/lib/i386-linux-gnu/libXt.so.6.0.0
66096000-66099000 rw-p 00059000 08:06 1722219    /usr/lib/i386-linux-gnu/libXt.so.6.0.0
66099000-660af000 r-xp 00000000 08:06 1705827    /usr/lib/i386-linux-gnu/libICE.so.6.3.0
660af000-660b0000 r--p 00015000 08:06 1705827    /usr/lib/i386-linux-gnu/libICE.so.6.3.0
660b0000-660b1000 rw-p 00016000 08:06 1705827    /usr/lib/i386-linux-gnu/libICE.so.6.3.0
660b1000-660b3000 rw-p 00000000 00:00 0 
660b3000-660f6000 r-xp 00000000 08:06 1706494    /usr/lib/i386-linux-gnu/libmtp.so.9.0.5
660f6000-660f9000 r--p 00043000 08:06 1706494    /usr/lib/i386-linux-gnu/libmtp.so.9.0.5
660f9000-66100000 rw-p 00046000 08:06 1706494    /usr/lib/i386-linux-gnu/libmtp.so.9.0.5
66100000-66200000 rw-p 00000000 00:00 0 
66200000-66203000 r-xp 00000000 08:06 280636     /usr/lib/vlc/plugins/demux/libvoc_plugin.so
66203000-66204000 r--p 00002000 08:06 280636     /usr/lib/vlc/plugins/demux/libvoc_plugin.so
66204000-66205000 rw-p 00003000 08:06 280636     /usr/lib/vlc/plugins/demux/libvoc_plugin.so
66205000-662fa000 r-xp 00000000 08:06 1720541    /usr/lib/libvlccore.so.5.1.1
662fa000-662ff000 r--p 000f5000 08:06 1720541    /usr/lib/libvlccore.so.5.1.1
662ff000-66300000 rw-p 000fa000 08:06 1720541    /usr/lib/libvlccore.so.5.1.1
66300000-663fb000 rw-p 00000000 00:00 0 
663fb000-66400000 ---p 00000000 00:00 0 
66400000-6643e000 rw-p 00000000 00:00 0 
6643e000-66500000 ---p 00000000 00:00 0 
66500000-665fb000 rw-p 00000000 00:00 0 
665fb000-66600000 ---p 00000000 00:00 0 
66600000-66608000 r-xp 00000000 08:06 262621     /lib/i386-linux-gnu/libwrap.so.0.7.6
66608000-66609000 r--p 00007000 08:06 262621     /lib/i386-linux-gnu/libwrap.so.0.7.6
66609000-6660a000 rw-p 00008000 08:06 262621     /lib/i386-linux-gnu/libwrap.so.0.7.6
6660a000-66612000 r-xp 00000000 08:06 262510     /lib/i386-linux-gnu/libjson.so.0.1.0
66612000-66613000 r--p 00007000 08:06 262510     /lib/i386-linux-gnu/libjson.so.0.1.0
66613000-66614000 rw-p 00008000 08:06 262510     /lib/i386-linux-gnu/libjson.so.0.1.0
66615000-6662c000 r-xp 00000000 08:06 1705975    /usr/lib/i386-linux-gnu/libaudio.so.2.4
6662c000-6662d000 r--p 00016000 08:06 1705975    /usr/lib/i386-linux-gnu/libaudio.so.2.4
6662d000-6662e000 rw-p 00017000 08:06 1705975    /usr/lib/i386-linux-gnu/libaudio.so.2.4
6662e000-6663f000 r-xp 00000000 08:06 262615     /lib/i386-linux-gnu/libusb-1.0.so.0.1.0
6663f000-66640000 r--p 00010000 08:06 262615     /lib/i386-linux-gnu/libusb-1.0.so.0.1.0
66640000-66641000 rw-p 00011000 08:06 262615     /lib/i386-linux-gnu/libusb-1.0.so.0.1.0
66641000-666c7000 r-xp 00000000 08:06 1720486    /usr/lib/i386-linux-gnu/libdirac_encoder.so.0.1.0
666c7000-666c9000 r--p 00085000 08:06 1720486    /usr/lib/i386-linux-gnu/libdirac_encoder.so.0.1.0
666c9000-666ca000 rw-p 00087000 08:06 1720486    /usr/lib/i386-linux-gnu/libdirac_encoder.so.0.1.0
666ca000-666cb000 rw-p 00000000 00:00 0 
666cc000-666cf000 r-xp 00000000 08:06 280646     /usr/lib/vlc/plugins/demux/libsmf_plugin.so
666cf000-666d0000 r--p 00002000 08:06 280646     /usr/lib/vlc/plugins/demux/libsmf_plugin.so
666d0000-666d1000 rw-p 00003000 08:06 280646     /usr/lib/vlc/plugins/demux/libsmf_plugin.so
666d1000-666d3000 r-xp 00000000 08:06 280658     /usr/lib/vlc/plugins/misc/libinhibit_plugin.so
666d3000-666d4000 r--p 00001000 08:06 280658     /usr/lib/vlc/plugins/misc/libinhibit_plugin.so
666d4000-666d5000 rw-p 00002000 08:06 280658     /usr/lib/vlc/plugins/misc/libinhibit_plugin.so
666d5000-666db000 r-xp 00000000 08:06 405627     /usr/lib/vlc/plugins/control/libhotkeys_plugin.so
666db000-666dc000 r--p 00005000 08:06 405627     /usr/lib/vlc/plugins/control/libhotkeys_plugin.so
666dc000-666dd000 rw-p 00006000 08:06 405627     /usr/lib/vlc/plugins/control/libhotkeys_plugin.so
666dd000-666e2000 r-xp 00000000 08:06 405519     /usr/lib/vlc/plugins/audio_output/libalsa_plugin.so
666e2000-666e3000 r--p 00004000 08:06 405519     /usr/lib/vlc/plugins/audio_output/libalsa_plugin.so
666e3000-666e4000 rw-p 00005000 08:06 405519     /usr/lib/vlc/plugins/audio_output/libalsa_plugin.so
666e4000-666fe000 r-xp 00000000 08:06 1720543    /usr/lib/libvlc.so.5.3.2
666fe000-666ff000 r--p 00019000 08:06 1720543    /usr/lib/libvlc.so.5.3.2
666ff000-66700000 rw-p 0001a000 08:06 1720543    /usr/lib/libvlc.so.5.3.2
66700000-667eb000 rw-p 00000000 00:00 0 
667eb000-66800000 ---p 00000000 00:00 0 
66800000-668fb000 rw-p 00000000 00:00 0 
668fb000-66900000 ---p 00000000 00:00 0 
66900000-669ec000 rw-p 00000000 00:00 0 
669ec000-66a00000 ---p 00000000 00:00 0 
66a02000-66a07000 r-xp 00000000 08:06 1705965    /usr/lib/i386-linux-gnu/libasyncns.so.0.3.1
66a07000-66a08000 r--p 00004000 08:06 1705965    /usr/lib/i386-linux-gnu/libasyncns.so.0.3.1
66a08000-66a09000 rw-p 00005000 08:06 1705965    /usr/lib/i386-linux-gnu/libasyncns.so.0.3.1
66a09000-66a0d000 r-xp 00000000 08:06 262619     /lib/i386-linux-gnu/libuuid.so.1.3.0
66a0d000-66a0e000 r--p 00003000 08:06 262619     /lib/i386-linux-gnu/libuuid.so.1.3.0
66a0e000-66a0f000 rw-p 00004000 08:06 262619     /lib/i386-linux-gnu/libuuid.so.1.3.0
66a0f000-66a16000 r-xp 00000000 08:06 1705877    /usr/lib/i386-linux-gnu/libSM.so.6.0.1
66a16000-66a17000 r--p 00006000 08:06 1705877    /usr/lib/i386-linux-gnu/libSM.so.6.0.1
66a17000-66a18000 rw-p 00007000 08:06 1705877    /usr/lib/i386-linux-gnu/libSM.so.6.0.1
66a18000-66a2c000 r-xp 00000000 08:06 1441576    /tmp/jna-gene/jna1482688261751155203.tmp (deleted)
66a2c000-66a2d000 rw-p 00014000 08:06 1441576    /tmp/jna-gene/jna1482688261751155203.tmp (deleted)
66a2d000-66a30000 ---p 00000000 00:00 0 
66a30000-66a7e000 rw-p 00000000 00:00 0 
66a7e000-66a80000 r-xp 00000000 08:06 280648     /usr/lib/vlc/plugins/demux/libxa_plugin.so
66a80000-66a81000 r--p 00001000 08:06 280648     /usr/lib/vlc/plugins/demux/libxa_plugin.so
66a81000-66a82000 rw-p 00002000 08:06 280648     /usr/lib/vlc/plugins/demux/libxa_plugin.so
66a82000-66a84000 r-xp 00000000 08:06 280619     /usr/lib/vlc/plugins/demux/libdirac_plugin.so
66a84000-66a85000 r--p 00001000 08:06 280619     /usr/lib/vlc/plugins/demux/libdirac_plugin.so
66a85000-66a86000 rw-p 00002000 08:06 280619     /usr/lib/vlc/plugins/demux/libdirac_plugin.so
66a86000-66a8e000 r-xp 00000000 08:06 405597     /usr/lib/vlc/plugins/services_discovery/libsap_plugin.so
66a8e000-66a8f000 r--p 00007000 08:06 405597     /usr/lib/vlc/plugins/services_discovery/libsap_plugin.so
66a8f000-66a90000 rw-p 00008000 08:06 405597     /usr/lib/vlc/plugins/services_discovery/libsap_plugin.so
66a90000-66a93000 r-xp 00000000 08:06 280641     /usr/lib/vlc/plugins/demux/libsid_plugin.so
66a93000-66a94000 r--p 00002000 08:06 280641     /usr/lib/vlc/plugins/demux/libsid_plugin.so
66a94000-66a95000 rw-p 00003000 08:06 280641     /usr/lib/vlc/plugins/demux/libsid_plugin.so
66a95000-66a98000 r-xp 00000000 08:06 280618     /usr/lib/vlc/plugins/demux/libwav_plugin.so
66a98000-66a99000 r--p 00003000 08:06 280618     /usr/lib/vlc/plugins/demux/libwav_plugin.so
66a99000-66a9a000 rw-p 00004000 08:06 280618     /usr/lib/vlc/plugins/demux/libwav_plugin.so
66a9a000-66a9e000 r-xp 00000000 08:06 280638     /usr/lib/vlc/plugins/demux/libnuv_plugin.so
66a9e000-66a9f000 r--p 00003000 08:06 280638     /usr/lib/vlc/plugins/demux/libnuv_plugin.so
66a9f000-66aa0000 rw-p 00004000 08:06 280638     /usr/lib/vlc/plugins/demux/libnuv_plugin.so
66aa0000-66ab6000 r-xp 00000000 08:06 1720189    /usr/lib/i386-linux-gnu/libmad.so.0.2.1
66ab6000-66ab7000 r--p 00015000 08:06 1720189    /usr/lib/i386-linux-gnu/libmad.so.0.2.1
66ab7000-66ab8000 rw-p 00016000 08:06 1720189    /usr/lib/i386-linux-gnu/libmad.so.0.2.1
66ab9000-66abb000 r-xp 00000000 08:06 280650     /usr/lib/vlc/plugins/demux/libtta_plugin.so
66abb000-66abc000 r--p 00001000 08:06 280650     /usr/lib/vlc/plugins/demux/libtta_plugin.so
66abc000-66abd000 rw-p 00002000 08:06 280650     /usr/lib/vlc/plugins/demux/libtta_plugin.so
66abd000-66aca000 r-xp 00000000 08:06 1720465    /usr/lib/libmpcdec.so.6.1.0
66aca000-66acb000 r--p 0000c000 08:06 1720465    /usr/lib/libmpcdec.so.6.1.0
66acb000-66acd000 rw-p 0000d000 08:06 1720465    /usr/lib/libmpcdec.so.6.1.0
66acd000-66acf000 r-xp 00000000 08:06 280620     /usr/lib/vlc/plugins/demux/libmpc_plugin.so
66acf000-66ad0000 r--p 00001000 08:06 280620     /usr/lib/vlc/plugins/demux/libmpc_plugin.so
66ad0000-66ad1000 rw-p 00002000 08:06 280620     /usr/lib/vlc/plugins/demux/libmpc_plugin.so
66ad1000-66b88000 r-xp 00000000 08:06 1706695    /usr/lib/i386-linux-gnu/libtag.so.1.12.0
66b88000-66b8a000 r--p 000b7000 08:06 1706695    /usr/lib/i386-linux-gnu/libtag.so.1.12.0
66b8a000-66b8b000 rw-p 000b9000 08:06 1706695    /usr/lib/i386-linux-gnu/libtag.so.1.12.0
66b8b000-66b8c000 ---p 00000000 00:00 0 
66b8c000-66c0c000 rw-p 00000000 00:00 0 
66c0c000-66c48000 r-xp 00000000 08:06 1706135    /usr/lib/i386-linux-gnu/libfaad.so.2.0.0
66c48000-66c49000 ---p 0003c000 08:06 1706135    /usr/lib/i386-linux-gnu/libfaad.so.2.0.0
66c49000-66c4a000 r--p 0003c000 08:06 1706135    /usr/lib/i386-linux-gnu/libfaad.so.2.0.0
66c4a000-66c4d000 rw-p 0003d000 08:06 1706135    /usr/lib/i386-linux-gnu/libfaad.so.2.0.0
66c4d000-66cdb000 r-xp 00000000 08:06 1706537    /usr/lib/i386-linux-gnu/liborc-0.4.so.0.17.0
66cdb000-66cdc000 r--p 0008e000 08:06 1706537    /usr/lib/i386-linux-gnu/liborc-0.4.so.0.17.0
66cdc000-66ce0000 rw-p 0008f000 08:06 1706537    /usr/lib/i386-linux-gnu/liborc-0.4.so.0.17.0
66ce0000-66cea000 r--s 00000000 08:06 272342     /usr/share/fonts/X11/Type1/c0611bt_.pfb
66cec000-66d11000 r-xp 00000000 08:06 1703665    /usr/lib/libdca.so.0.0.0
66d11000-66d12000 r--p 00024000 08:06 1703665    /usr/lib/libdca.so.0.0.0
66d12000-66d13000 rw-p 00025000 08:06 1703665    /usr/lib/libdca.so.0.0.0
66d13000-66d15000 r-xp 00000000 08:06 405491     /usr/lib/vlc/plugins/audio_filter/libsamplerate_plugin.so
66d15000-66d16000 r--p 00001000 08:06 405491     /usr/lib/vlc/plugins/audio_filter/libsamplerate_plugin.so
66d16000-66d17000 rw-p 00002000 08:06 405491     /usr/lib/vlc/plugins/audio_filter/libsamplerate_plugin.so
66d17000-66d19000 r-xp 00000000 08:06 405501     /usr/lib/vlc/plugins/audio_filter/libmpgatofixed32_plugin.so
66d19000-66d1a000 r--p 00001000 08:06 405501     /usr/lib/vlc/plugins/audio_filter/libmpgatofixed32_plugin.so
66d1a000-66d1b000 rw-p 00002000 08:06 405501     /usr/lib/vlc/plugins/audio_filter/libmpgatofixed32_plugin.so
66d1b000-66d25000 r-xp 00000000 08:06 1720240    /usr/lib/liba52-0.7.4.so
66d25000-66d26000 r--p 00009000 08:06 1720240    /usr/lib/liba52-0.7.4.so
66d26000-66d27000 rw-p 0000a000 08:06 1720240    /usr/lib/liba52-0.7.4.so
66d27000-66d28000 rw-p 00000000 00:00 0 
66d28000-66d2a000 r-xp 00000000 08:06 405496     /usr/lib/vlc/plugins/audio_filter/liba52tofloat32_plugin.so
66d2a000-66d2b000 r--p 00001000 08:06 405496     /usr/lib/vlc/plugins/audio_filter/liba52tofloat32_plugin.so
66d2b000-66d2c000 rw-p 00002000 08:06 405496     /usr/lib/vlc/plugins/audio_filter/liba52tofloat32_plugin.so
66d2c000-66d2e000 r-xp 00000000 08:06 405511     /usr/lib/vlc/plugins/audio_filter/libdtstofloat32_plugin.so
66d2e000-66d2f000 r--p 00001000 08:06 405511     /usr/lib/vlc/plugins/audio_filter/libdtstofloat32_plugin.so
66d2f000-66d30000 rw-p 00002000 08:06 405511     /usr/lib/vlc/plugins/audio_filter/libdtstofloat32_plugin.so
66d30000-66dfd000 r-xp 00000000 08:06 1706653    /usr/lib/i386-linux-gnu/libschroedinger-1.0.so.0.11.0
66dfd000-66dff000 r--p 000cc000 08:06 1706653    /usr/lib/i386-linux-gnu/libschroedinger-1.0.so.0.11.0
66dff000-66e00000 rw-p 000ce000 08:06 1706653    /usr/lib/i386-linux-gnu/libschroedinger-1.0.so.0.11.0
66e00000-66efb000 rw-p 00000000 00:00 0 
66efb000-66f00000 ---p 00000000 00:00 0 
66f00000-66f07000 r-xp 00000000 08:06 407155     /usr/lib/vlc/plugins/audio_output/libpulse_plugin.so
66f07000-66f08000 r--p 00006000 08:06 407155     /usr/lib/vlc/plugins/audio_output/libpulse_plugin.so
66f08000-66f09000 rw-p 00007000 08:06 407155     /usr/lib/vlc/plugins/audio_output/libpulse_plugin.so
66f09000-66f46000 r-xp 00000000 08:06 1706535    /usr/lib/i386-linux-gnu/libopus.so.0.2.0
66f46000-66f47000 r--p 0003c000 08:06 1706535    /usr/lib/i386-linux-gnu/libopus.so.0.2.0
66f47000-66f48000 rw-p 0003d000 08:06 1706535    /usr/lib/i386-linux-gnu/libopus.so.0.2.0
66f48000-66f4b000 r-xp 00000000 08:06 405510     /usr/lib/vlc/plugins/audio_filter/libscaletempo_plugin.so
66f4b000-66f4c000 r--p 00002000 08:06 405510     /usr/lib/vlc/plugins/audio_filter/libscaletempo_plugin.so
66f4c000-66f4d000 rw-p 00003000 08:06 405510     /usr/lib/vlc/plugins/audio_filter/libscaletempo_plugin.so
66f4d000-66f5a000 r-xp 00000000 08:06 405488     /usr/lib/vlc/plugins/meta_engine/libtaglib_plugin.so
66f5a000-66f5b000 r--p 0000c000 08:06 405488     /usr/lib/vlc/plugins/meta_engine/libtaglib_plugin.so
66f5b000-66f5c000 rw-p 0000d000 08:06 405488     /usr/lib/vlc/plugins/meta_engine/libtaglib_plugin.so
66f5c000-66f5f000 r-xp 00000000 08:06 405456     /usr/lib/vlc/plugins/codec/libfaad_plugin.so
66f5f000-66f60000 r--p 00002000 08:06 405456     /usr/lib/vlc/plugins/codec/libfaad_plugin.so
66f60000-66f61000 rw-p 00003000 08:06 405456     /usr/lib/vlc/plugins/codec/libfaad_plugin.so
66f61000-66f65000 r-xp 00000000 08:06 405477     /usr/lib/vlc/plugins/codec/libopus_plugin.so
66f65000-66f66000 r--p 00003000 08:06 405477     /usr/lib/vlc/plugins/codec/libopus_plugin.so
66f66000-66f67000 rw-p 00004000 08:06 405477     /usr/lib/vlc/plugins/codec/libopus_plugin.so
66f67000-66f70000 r-xp 00000000 08:06 405450     /usr/lib/vlc/plugins/codec/libschroedinger_plugin.so
66f70000-66f71000 r--p 00008000 08:06 405450     /usr/lib/vlc/plugins/codec/libschroedinger_plugin.so
66f71000-66f72000 rw-p 00009000 08:06 405450     /usr/lib/vlc/plugins/codec/libschroedinger_plugin.so
66f72000-66f75000 r-xp 00000000 08:06 405482     /usr/lib/vlc/plugins/codec/libcdg_plugin.so
66f75000-66f76000 r--p 00002000 08:06 405482     /usr/lib/vlc/plugins/codec/libcdg_plugin.so
66f76000-66f77000 rw-p 00003000 08:06 405482     /usr/lib/vlc/plugins/codec/libcdg_plugin.so
66f77000-66f79000 r-xp 00000000 08:06 405481     /usr/lib/vlc/plugins/codec/libpng_plugin.so
66f79000-66f7a000 r--p 00001000 08:06 405481     /usr/lib/vlc/plugins/codec/libpng_plugin.so
66f7a000-66f7b000 rw-p 00002000 08:06 405481     /usr/lib/vlc/plugins/codec/libpng_plugin.so
66f7b000-66f7e000 r-xp 00000000 08:06 405449     /usr/lib/vlc/plugins/codec/libmpeg_audio_plugin.so
66f7e000-66f7f000 r--p 00002000 08:06 405449     /usr/lib/vlc/plugins/codec/libmpeg_audio_plugin.so
66f7f000-66f80000 rw-p 00003000 08:06 405449     /usr/lib/vlc/plugins/codec/libmpeg_audio_plugin.so
66f80000-66f83000 r-xp 00000000 08:06 405473     /usr/lib/vlc/plugins/codec/libsvcdsub_plugin.so
66f83000-66f84000 r--p 00002000 08:06 405473     /usr/lib/vlc/plugins/codec/libsvcdsub_plugin.so
66f84000-66f85000 rw-p 00003000 08:06 405473     /usr/lib/vlc/plugins/codec/libsvcdsub_plugin.so
66f85000-66f88000 r-xp 00000000 08:06 405455     /usr/lib/vlc/plugins/codec/libcvdsub_plugin.so
66f88000-66f89000 r--p 00002000 08:06 405455     /usr/lib/vlc/plugins/codec/libcvdsub_plugin.so
66f89000-66f8a000 rw-p 00003000 08:06 405455     /usr/lib/vlc/plugins/codec/libcvdsub_plugin.so
66f8a000-66f8d000 r-xp 00000000 08:06 405458     /usr/lib/vlc/plugins/codec/libspudec_plugin.so
66f8d000-66f8e000 r--p 00003000 08:06 405458     /usr/lib/vlc/plugins/codec/libspudec_plugin.so
66f8e000-66f8f000 rw-p 00004000 08:06 405458     /usr/lib/vlc/plugins/codec/libspudec_plugin.so
66f8f000-66f93000 r-xp 00000000 08:06 405634     /usr/lib/vlc/plugins/packetizer/libpacketizer_flac_plugin.so
66f93000-66f94000 r--p 00003000 08:06 405634     /usr/lib/vlc/plugins/packetizer/libpacketizer_flac_plugin.so
66f94000-66f95000 rw-p 00004000 08:06 405634     /usr/lib/vlc/plugins/packetizer/libpacketizer_flac_plugin.so
66f95000-66f9a000 r-xp 00000000 08:06 405638     /usr/lib/vlc/plugins/packetizer/libpacketizer_mpegvideo_plugin.so
66f9a000-66f9b000 r--p 00004000 08:06 405638     /usr/lib/vlc/plugins/packetizer/libpacketizer_mpegvideo_plugin.so
66f9b000-66f9c000 rw-p 00005000 08:06 405638     /usr/lib/vlc/plugins/packetizer/libpacketizer_mpegvideo_plugin.so
66f9c000-66fb7000 r-xp 00000000 08:06 1706713    /usr/lib/i386-linux-gnu/libtheoradec.so.1.1.4
66fb7000-66fb8000 r--p 0001a000 08:06 1706713    /usr/lib/i386-linux-gnu/libtheoradec.so.1.1.4
66fb8000-66fb9000 rw-p 0001b000 08:06 1706713    /usr/lib/i386-linux-gnu/libtheoradec.so.1.1.4
66fb9000-66ffe000 r-xp 00000000 08:06 1706715    /usr/lib/i386-linux-gnu/libtheoraenc.so.1.1.2
66ffe000-66fff000 r--p 00044000 08:06 1706715    /usr/lib/i386-linux-gnu/libtheoraenc.so.1.1.2
66fff000-67000000 rw-p 00045000 08:06 1706715    /usr/lib/i386-linux-gnu/libtheoraenc.so.1.1.2
67000000-670fd000 rw-p 00000000 00:00 0 
670fd000-67100000 ---p 00000000 00:00 0 
67103000-67106000 r-xp 00000000 08:06 1706600    /usr/lib/i386-linux-gnu/libpulse-simple.so.0.0.3
67106000-67107000 r--p 00002000 08:06 1706600    /usr/lib/i386-linux-gnu/libpulse-simple.so.0.0.3
67107000-67108000 rw-p 00003000 08:06 1706600    /usr/lib/i386-linux-gnu/libpulse-simple.so.0.0.3
67108000-67109000 r-xp 00000000 08:06 405592     /usr/lib/vlc/plugins/audio_mixer/libfloat32_mixer_plugin.so
67109000-6710a000 r--p 00000000 08:06 405592     /usr/lib/vlc/plugins/audio_mixer/libfloat32_mixer_plugin.so
6710a000-6710b000 rw-p 00001000 08:06 405592     /usr/lib/vlc/plugins/audio_mixer/libfloat32_mixer_plugin.so
6710b000-6711a000 r-xp 00000000 08:06 405635     /usr/lib/vlc/plugins/packetizer/libpacketizer_h264_plugin.so
6711a000-6711b000 r--p 0000e000 08:06 405635     /usr/lib/vlc/plugins/packetizer/libpacketizer_h264_plugin.so
6711b000-6711c000 rw-p 0000f000 08:06 405635     /usr/lib/vlc/plugins/packetizer/libpacketizer_h264_plugin.so
6711c000-67120000 r-xp 00000000 08:06 405636     /usr/lib/vlc/plugins/packetizer/libpacketizer_mlp_plugin.so
67120000-67121000 r--p 00003000 08:06 405636     /usr/lib/vlc/plugins/packetizer/libpacketizer_mlp_plugin.so
67121000-67122000 rw-p 00004000 08:06 405636     /usr/lib/vlc/plugins/packetizer/libpacketizer_mlp_plugin.so
67122000-67127000 r-xp 00000000 08:06 405637     /usr/lib/vlc/plugins/packetizer/libpacketizer_mpeg4video_plugin.so
67127000-67128000 r--p 00004000 08:06 405637     /usr/lib/vlc/plugins/packetizer/libpacketizer_mpeg4video_plugin.so
67128000-67129000 rw-p 00005000 08:06 405637     /usr/lib/vlc/plugins/packetizer/libpacketizer_mpeg4video_plugin.so
67129000-6712f000 r-xp 00000000 08:06 405640     /usr/lib/vlc/plugins/packetizer/libpacketizer_mpeg4audio_plugin.so
6712f000-67130000 r--p 00005000 08:06 405640     /usr/lib/vlc/plugins/packetizer/libpacketizer_mpeg4audio_plugin.so
67130000-67131000 rw-p 00006000 08:06 405640     /usr/lib/vlc/plugins/packetizer/libpacketizer_mpeg4audio_plugin.so
67131000-67139000 r-xp 00000000 08:06 405633     /usr/lib/vlc/plugins/packetizer/libpacketizer_vc1_plugin.so
67139000-6713a000 r--p 00007000 08:06 405633     /usr/lib/vlc/plugins/packetizer/libpacketizer_vc1_plugin.so
6713a000-6713b000 rw-p 00008000 08:06 405633     /usr/lib/vlc/plugins/packetizer/libpacketizer_vc1_plugin.so
6713b000-6715a000 r-xp 00000000 08:06 1708460    /usr/lib/i386-linux-gnu/sse2/libspeex.so.1.5.0
6715a000-6715b000 r--p 0001e000 08:06 1708460    /usr/lib/i386-linux-gnu/sse2/libspeex.so.1.5.0
6715b000-6715c000 rw-p 0001f000 08:06 1708460    /usr/lib/i386-linux-gnu/sse2/libspeex.so.1.5.0
6715e000-67163000 r-xp 00000000 08:06 405641     /usr/lib/vlc/plugins/packetizer/libpacketizer_dirac_plugin.so
67163000-67164000 r--p 00005000 08:06 405641     /usr/lib/vlc/plugins/packetizer/libpacketizer_dirac_plugin.so
67164000-67165000 rw-p 00006000 08:06 405641     /usr/lib/vlc/plugins/packetizer/libpacketizer_dirac_plugin.so
67165000-6716b000 r-xp 00000000 08:06 405451     /usr/lib/vlc/plugins/codec/libtheora_plugin.so
6716b000-6716c000 r--p 00005000 08:06 405451     /usr/lib/vlc/plugins/codec/libtheora_plugin.so
6716c000-6716d000 rw-p 00006000 08:06 405451     /usr/lib/vlc/plugins/codec/libtheora_plugin.so
6716d000-67173000 r-xp 00000000 08:06 405479     /usr/lib/vlc/plugins/codec/libvorbis_plugin.so
67173000-67174000 r--p 00005000 08:06 405479     /usr/lib/vlc/plugins/codec/libvorbis_plugin.so
67174000-67175000 rw-p 00006000 08:06 405479     /usr/lib/vlc/plugins/codec/libvorbis_plugin.so
67175000-6717b000 r-xp 00000000 08:06 405478     /usr/lib/vlc/plugins/codec/libspeex_plugin.so
6717b000-6717c000 r--p 00005000 08:06 405478     /usr/lib/vlc/plugins/codec/libspeex_plugin.so
6717c000-6717d000 rw-p 00006000 08:06 405478     /usr/lib/vlc/plugins/codec/libspeex_plugin.so
6717d000-6717f000 r-xp 00000000 08:06 405483     /usr/lib/vlc/plugins/codec/libaes3_plugin.so
6717f000-67180000 r--p 00001000 08:06 405483     /usr/lib/vlc/plugins/codec/libaes3_plugin.so
67180000-67181000 rw-p 00002000 08:06 405483     /usr/lib/vlc/plugins/codec/libaes3_plugin.so
67181000-67183000 r-xp 00000000 08:06 405480     /usr/lib/vlc/plugins/codec/librawvideo_plugin.so
67183000-67184000 r--p 00001000 08:06 405480     /usr/lib/vlc/plugins/codec/librawvideo_plugin.so
67184000-67185000 rw-p 00002000 08:06 405480     /usr/lib/vlc/plugins/codec/librawvideo_plugin.so
67185000-67189000 r-xp 00000000 08:06 405462     /usr/lib/vlc/plugins/codec/liblpcm_plugin.so
67189000-6718a000 r--p 00003000 08:06 405462     /usr/lib/vlc/plugins/codec/liblpcm_plugin.so
6718a000-6718b000 rw-p 00004000 08:06 405462     /usr/lib/vlc/plugins/codec/liblpcm_plugin.so
6718b000-67190000 r-xp 00000000 08:06 280640     /usr/lib/vlc/plugins/demux/libes_plugin.so
67190000-67191000 r--p 00004000 08:06 280640     /usr/lib/vlc/plugins/demux/libes_plugin.so
67191000-67192000 rw-p 00005000 08:06 280640     /usr/lib/vlc/plugins/demux/libes_plugin.so
67192000-67196000 r-xp 00000000 08:06 280647     /usr/lib/vlc/plugins/demux/libflacsys_plugin.so
67196000-67197000 r--p 00004000 08:06 280647     /usr/lib/vlc/plugins/demux/libflacsys_plugin.so
67197000-67198000 rw-p 00005000 08:06 280647     /usr/lib/vlc/plugins/demux/libflacsys_plugin.so
67198000-671a4000 r-xp 00000000 08:06 280632     /usr/lib/vlc/plugins/demux/libasf_plugin.so
671a4000-671a5000 r--p 0000b000 08:06 280632     /usr/lib/vlc/plugins/demux/libasf_plugin.so
671a5000-671a6000 rw-p 0000c000 08:06 280632     /usr/lib/vlc/plugins/demux/libasf_plugin.so
671a6000-671b6000 r-xp 00000000 08:06 280639     /usr/lib/vlc/plugins/demux/libavi_plugin.so
671b6000-671b7000 r--p 00010000 08:06 280639     /usr/lib/vlc/plugins/demux/libavi_plugin.so
671b7000-671b8000 rw-p 00011000 08:06 280639     /usr/lib/vlc/plugins/demux/libavi_plugin.so
671b8000-671dc000 r-xp 00000000 08:06 280624     /usr/lib/vlc/plugins/demux/libmp4_plugin.so
671dc000-671dd000 r--p 00024000 08:06 280624     /usr/lib/vlc/plugins/demux/libmp4_plugin.so
671dd000-671de000 rw-p 00025000 08:06 280624     /usr/lib/vlc/plugins/demux/libmp4_plugin.so
671de000-671e1000 r-xp 00000000 08:06 1720599    /usr/lib/vlc/plugins/access/libstream_filter_rar_plugin.so
671e1000-671e2000 r--p 00002000 08:06 1720599    /usr/lib/vlc/plugins/access/libstream_filter_rar_plugin.so
671e2000-671e3000 rw-p 00003000 08:06 1720599    /usr/lib/vlc/plugins/access/libstream_filter_rar_plugin.so
671e3000-671fe000 r-xp 00000000 08:06 405646     /usr/lib/vlc/plugins/stream_filter/libstream_filter_dash_plugin.so
671fe000-671ff000 r--p 0001b000 08:06 405646     /usr/lib/vlc/plugins/stream_filter/libstream_filter_dash_plugin.so
671ff000-67200000 rw-p 0001c000 08:06 405646     /usr/lib/vlc/plugins/stream_filter/libstream_filter_dash_plugin.so
67200000-67300000 rw-p 00000000 00:00 0 
67301000-67309000 r-xp 00000000 08:06 1720591    /usr/lib/vlc/plugins/access/libzip_plugin.so
67309000-6730a000 r--p 00007000 08:06 1720591    /usr/lib/vlc/plugins/access/libzip_plugin.so
6730a000-6730b000 rw-p 00008000 08:06 1720591    /usr/lib/vlc/plugins/access/libzip_plugin.so
6730b000-6730e000 r-xp 00000000 08:06 405644     /usr/lib/vlc/plugins/stream_filter/libdecomp_plugin.so
6730e000-6730f000 r--p 00002000 08:06 405644     /usr/lib/vlc/plugins/stream_filter/libdecomp_plugin.so
6730f000-67310000 rw-p 00003000 08:06 405644     /usr/lib/vlc/plugins/stream_filter/libdecomp_plugin.so
67310000-6732e000 r-xp 00000000 08:06 1706115    /usr/lib/i386-linux-gnu/libdvdread.so.4.1.2
6732e000-6732f000 r--p 0001d000 08:06 1706115    /usr/lib/i386-linux-gnu/libdvdread.so.4.1.2
6732f000-67330000 rw-p 0001e000 08:06 1706115    /usr/lib/i386-linux-gnu/libdvdread.so.4.1.2
67330000-67344000 r-xp 00000000 08:06 1706111    /usr/lib/i386-linux-gnu/libdvdnav.so.4.1.2
67344000-67345000 r--p 00013000 08:06 1706111    /usr/lib/i386-linux-gnu/libdvdnav.so.4.1.2
67345000-67346000 rw-p 00014000 08:06 1706111    /usr/lib/i386-linux-gnu/libdvdnav.so.4.1.2
67346000-67350000 r-xp 00000000 08:06 405643     /usr/lib/vlc/plugins/stream_filter/libstream_filter_httplive_plugin.so
67350000-67351000 r--p 00009000 08:06 405643     /usr/lib/vlc/plugins/stream_filter/libstream_filter_httplive_plugin.so
67351000-67352000 rw-p 0000a000 08:06 405643     /usr/lib/vlc/plugins/stream_filter/libstream_filter_httplive_plugin.so
67352000-67356000 r-xp 00000000 08:06 1720609    /usr/lib/vlc/plugins/access/libfilesystem_plugin.so
67356000-67357000 r--p 00003000 08:06 1720609    /usr/lib/vlc/plugins/access/libfilesystem_plugin.so
67357000-67358000 rw-p 00004000 08:06 1720609    /usr/lib/vlc/plugins/access/libfilesystem_plugin.so
67358000-6735d000 r-xp 00000000 08:06 1720610    /usr/lib/vlc/plugins/access/libaccess_vdr_plugin.so
6735d000-6735e000 r--p 00004000 08:06 1720610    /usr/lib/vlc/plugins/access/libaccess_vdr_plugin.so
6735e000-6735f000 rw-p 00005000 08:06 1720610    /usr/lib/vlc/plugins/access/libaccess_vdr_plugin.so
6735f000-67369000 r-xp 00000000 08:06 1720582    /usr/lib/vlc/plugins/access/libdvdnav_plugin.so
67369000-6736a000 r--p 0000a000 08:06 1720582    /usr/lib/vlc/plugins/access/libdvdnav_plugin.so
6736a000-6736b000 rw-p 0000b000 08:06 1720582    /usr/lib/vlc/plugins/access/libdvdnav_plugin.so
6736b000-6739f000 r-xp 00000000 08:06 1720482    /usr/lib/i386-linux-gnu/libbluray.so.1.2.0
6739f000-673a0000 ---p 00034000 08:06 1720482    /usr/lib/i386-linux-gnu/libbluray.so.1.2.0
673a0000-673a1000 r--p 00034000 08:06 1720482    /usr/lib/i386-linux-gnu/libbluray.so.1.2.0
673a1000-673a2000 rw-p 00035000 08:06 1720482    /usr/lib/i386-linux-gnu/libbluray.so.1.2.0
673a2000-673a4000 r-xp 00000000 08:06 405645     /usr/lib/vlc/plugins/stream_filter/libstream_filter_record_plugin.so
673a4000-673a5000 r--p 00001000 08:06 405645     /usr/lib/vlc/plugins/stream_filter/libstream_filter_record_plugin.so
673a5000-673a6000 rw-p 00002000 08:06 405645     /usr/lib/vlc/plugins/stream_filter/libstream_filter_record_plugin.so
673a6000-673b9000 r-xp 00000000 08:06 1720590    /usr/lib/vlc/plugins/access/libaccess_bd_plugin.so
673b9000-673ba000 r--p 00012000 08:06 1720590    /usr/lib/vlc/plugins/access/libaccess_bd_plugin.so
673ba000-673bb000 rw-p 00013000 08:06 1720590    /usr/lib/vlc/plugins/access/libaccess_bd_plugin.so
673bb000-673c0000 r-xp 00000000 08:06 1720612    /usr/lib/vlc/plugins/access/liblibbluray_plugin.so
673c0000-673c1000 r--p 00004000 08:06 1720612    /usr/lib/vlc/plugins/access/liblibbluray_plugin.so
673c1000-673c2000 rw-p 00005000 08:06 1720612    /usr/lib/vlc/plugins/access/liblibbluray_plugin.so
673c2000-673c5000 ---p 00000000 00:00 0 
673c5000-67443000 rw-p 00000000 00:00 0          [stack:16294]
67443000-67476000 rw-s 00000000 00:04 192086043  /SYSV00000000 (deleted)
67476000-6748c000 r--s 00000000 08:06 656603     /usr/share/fonts/type1/gsfonts/n022024l.pfb
6748c000-674a4000 r--s 00000000 08:06 656594     /usr/share/fonts/type1/gsfonts/n022003l.pfb
674a4000-674b5000 r--s 00000000 08:06 656567     /usr/share/fonts/type1/gsfonts/n019024l.pfb
674b5000-674ce000 r--s 00000000 08:06 656585     /usr/share/fonts/type1/gsfonts/n021004l.pfb
674ce000-674e7000 r--s 00000000 08:06 656597     /usr/share/fonts/type1/gsfonts/n022004l.pfb
674e7000-67500000 r--s 00000000 08:06 656582     /usr/share/fonts/type1/gsfonts/n021003l.pfb
67500000-67600000 rw-p 00000000 00:00 0 
67600000-67602000 r-xp 00000000 08:06 405485     /usr/lib/vlc/plugins/mmxext/libmemcpymmxext_plugin.so
67602000-67603000 r--p 00001000 08:06 405485     /usr/lib/vlc/plugins/mmxext/libmemcpymmxext_plugin.so
67603000-67604000 rw-p 00002000 08:06 405485     /usr/lib/vlc/plugins/mmxext/libmemcpymmxext_plugin.so
67604000-67616000 r--s 00000000 08:06 656561     /usr/share/fonts/type1/gsfonts/n019004l.pfb
67616000-6762c000 r--s 00000000 08:06 656591     /usr/share/fonts/type1/gsfonts/n021024l.pfb
6762c000-67642000 r--s 00000000 08:06 656600     /usr/share/fonts/type1/gsfonts/n022023l.pfb
67642000-67659000 r--s 00000000 08:06 656588     /usr/share/fonts/type1/gsfonts/n021023l.pfb
67659000-676fd000 r-xp 00000000 08:06 1439034    /tmp/sqlite-3.7.151-i386-libsqlitejdbc.so
676fd000-676fe000 r--p 000a4000 08:06 1439034    /tmp/sqlite-3.7.151-i386-libsqlitejdbc.so
676fe000-676ff000 rw-p 000a5000 08:06 1439034    /tmp/sqlite-3.7.151-i386-libsqlitejdbc.so
676ff000-67700000 rw-p 00000000 00:00 0 
67700000-677f4000 rw-p 00000000 00:00 0 
677f4000-67800000 ---p 00000000 00:00 0 
67800000-67802000 r-xp 00000000 08:06 405602     /usr/lib/vlc/plugins/services_discovery/libmtp_plugin.so
67802000-67803000 r--p 00001000 08:06 405602     /usr/lib/vlc/plugins/services_discovery/libmtp_plugin.so
67803000-67804000 rw-p 00002000 08:06 405602     /usr/lib/vlc/plugins/services_discovery/libmtp_plugin.so
67806000-6780d000 r--s 00000000 08:06 1707538    /usr/lib/i386-linux-gnu/gconv/gconv-modules.cache
6780d000-67810000 ---p 00000000 00:00 0 
67810000-6785e000 rw-p 00000000 00:00 0          [stack:16091]
6785e000-67861000 ---p 00000000 00:00 0 
67861000-678af000 rw-p 00000000 00:00 0          [stack:16083]
678af000-678b2000 ---p 00000000 00:00 0 
678b2000-67900000 rw-p 00000000 00:00 0          [stack:16082]
67900000-67946000 rw-p 00000000 00:00 0 
67946000-67a00000 ---p 00000000 00:00 0 
67a01000-67a02000 rw-p 00000000 00:00 0 
67a02000-67a03000 rwxp 00000000 00:00 0 
67a03000-67a04000 r-xp 00000000 08:06 1708656    /usr/lib/jvm/java-7-openjdk-i386/jre/lib/i386/libjawt.so
67a04000-67a05000 r--p 00000000 08:06 1708656    /usr/lib/jvm/java-7-openjdk-i386/jre/lib/i386/libjawt.so
67a05000-67a06000 rw-p 00001000 08:06 1708656    /usr/lib/jvm/java-7-openjdk-i386/jre/lib/i386/libjawt.so
67a06000-67a10000 r--s 00000000 08:06 656624     /usr/share/fonts/type1/mathml/Symbol.pfb
67a10000-67a21000 r--s 00000000 08:06 656564     /usr/share/fonts/type1/gsfonts/n019023l.pfb
67a21000-67a35000 r--s 00000000 08:06 656558     /usr/share/fonts/type1/gsfonts/n019003l.pfb
67a35000-67a3a000 r--s 0004c000 08:06 1708535    /usr/lib/jvm/java-7-openjdk-common/jre/lib/jsse.jar
67a3a000-67a4b000 r-xp 00000000 08:06 1708665    /usr/lib/jvm/java-7-openjdk-i386/jre/lib/i386/libnio.so
67a4b000-67a4c000 r--p 00010000 08:06 1708665    /usr/lib/jvm/java-7-openjdk-i386/jre/lib/i386/libnio.so
67a4c000-67a4d000 rw-p 00011000 08:06 1708665    /usr/lib/jvm/java-7-openjdk-i386/jre/lib/i386/libnio.so
67a4d000-67a4e000 r--s 00000000 08:06 936139     /var/cache/fontconfig/c05880de57d1f5e948fdfacc138775d9-le32d4.cache-3
67a4e000-67a54000 r--s 00000000 08:06 936131     /var/cache/fontconfig/945677eb7aeaf62f1d50efc3fb3ec7d8-le32d4.cache-3
67a54000-67a57000 r--s 00000000 08:06 938992     /var/cache/fontconfig/99e8ed0e538f840c565b6ed5dad60d56-le32d4.cache-3
67a57000-67a5d000 r--s 00000000 08:06 936659     /var/cache/fontconfig/a6d8cf8e4ec09cdbc8633c31745a07dd-le32d4.cache-3
67a5d000-67a60000 r--s 00000000 08:06 936113     /var/cache/fontconfig/2cd17615ca594fa2959ae173292e504c-le32d4.cache-3
67a60000-67a61000 r--s 00000000 08:06 936148     /var/cache/fontconfig/e7071f4a29fa870f4323321c154eba04-le32d4.cache-3
67a61000-67a65000 r--s 00000000 08:06 936658     /var/cache/fontconfig/6eb3985aa4124903f6ff08ba781cd364-le32d4.cache-3
67a65000-67a66000 r--s 00000000 08:06 936110     /var/cache/fontconfig/0d8c3b2ac0904cb8a57a757ad11a4a08-le32d4.cache-3
67a66000-67a6a000 r--s 00000000 08:06 936135     /var/cache/fontconfig/a755afe4a08bf5b97852ceb7400b47bc-le32d4.cache-3
67a6a000-67a71000 r--s 00000000 08:06 936126     /var/cache/fontconfig/6d41288fd70b0be22e8c3a91e032eec0-le32d4.cache-3
67a71000-67a7c000 r--s 00000000 08:06 936108     /var/cache/fontconfig/04aabc0a78ac019cf9454389977116d2-le32d4.cache-3
67a7c000-67a7d000 r--s 00000000 08:06 936112     /var/cache/fontconfig/1ac9eb803944fde146138c791f5cc56a-le32d4.cache-3
67a7d000-67a80000 r--s 00000000 08:06 936117     /var/cache/fontconfig/385c0604a188198f04d133e54aba7fe7-le32d4.cache-3
67a80000-67a81000 r--s 00000000 08:06 938732     /var/cache/fontconfig/9c956a7723ca69a44b382d9179c9802f-le32d4.cache-3
67a81000-67a82000 r--s 00000000 08:06 936145     /var/cache/fontconfig/dc05db6664285cc2f12bf69c139ae4c3-le32d4.cache-3
67a82000-67a84000 r--s 00000000 08:06 936128     /var/cache/fontconfig/767a8244fc0220cfb567a839d0392e0b-le32d4.cache-3
67a84000-67a85000 r--s 00000000 08:06 936118     /var/cache/fontconfig/4794a0821666d79190d59a36cb4f44b5-le32d4.cache-3
67a85000-67a86000 r--s 00000000 08:06 938731     /var/cache/fontconfig/9eae20f1ff8cc0a7d125749e875856bd-le32d4.cache-3
67a86000-67a88000 r--s 00000000 08:06 938730     /var/cache/fontconfig/bf2c1853a9e9b00bb02fe2e9bcf1e201-le32d4.cache-3
67a88000-67a8b000 r--s 00000000 08:06 936130     /var/cache/fontconfig/8801497958630a81b71ace7c5f9b32a8-le32d4.cache-3
67a8b000-67aae000 r--s 00000000 08:06 938729     /var/cache/fontconfig/365b55f210c0a22e9a19e35191240f32-le32d4.cache-3
67aae000-67ab0000 r--s 00000000 08:06 938722     /var/cache/fontconfig/c57959a16110560c8d0fcea73374aeeb-le32d4.cache-3
67ab0000-67ab4000 r--s 00000000 08:06 936114     /var/cache/fontconfig/3047814df9a2f067bd2d96a2b9c36e5a-le32d4.cache-3
67ab4000-67ab5000 r--s 00000000 08:06 936121     /var/cache/fontconfig/56cf4f4769d0f4abc89a4895d7bd3ae1-le32d4.cache-3
67ab5000-67ab6000 r--s 00000000 08:06 936138     /var/cache/fontconfig/b9d506c9ac06c20b433354fa67a72993-le32d4.cache-3
67ab6000-67aba000 r--s 00000000 08:06 936137     /var/cache/fontconfig/b47c4e1ecd0709278f4910c18777a504-le32d4.cache-3
67aba000-67abc000 r--s 00000000 08:06 938728     /var/cache/fontconfig/14d493b97896515cad3840ba4896e372-le32d4.cache-3
67abc000-67abd000 r--s 00000000 08:06 938727     /var/cache/fontconfig/89034621ae2a8922916bb6bfa5799546-le32d4.cache-3
67abd000-67ac3000 r--s 00000000 08:06 936657     /var/cache/fontconfig/52f7bdb7ce746bfd7eaa1985bd9cfa93-le32d4.cache-3
67ac3000-67ac5000 r--s 00000000 08:06 936147     /var/cache/fontconfig/e49e89034d371f0f9de17aab02136486-le32d4.cache-3
67ac5000-67ac6000 r--s 00000000 08:06 936119     /var/cache/fontconfig/4b14b093aebc79c320de5e86ae1d3314-le32d4.cache-3
67ac6000-67ad3000 r--s 00000000 08:06 936143     /var/cache/fontconfig/d52a8644073d54c13679302ca1180695-le32d4.cache-3
67ad3000-67ad9000 r--s 00000000 08:06 936656     /var/cache/fontconfig/3f7329c5293ffd510edef78f73874cfd-le32d4.cache-3
67ad9000-67adb000 r--s 00000000 08:06 938726     /var/cache/fontconfig/65f976e5259cbe6dc7697b8648396239-le32d4.cache-3
67adb000-67ae2000 r--s 00000000 08:06 938721     /var/cache/fontconfig/83bf95040141907cd45bb53cf7c1c148-le32d4.cache-3
67ae2000-67aeb000 r--s 00000000 08:06 938720     /var/cache/fontconfig/53d14c92082a93e67d5078324eb314ca-le32d4.cache-3
67aeb000-67af8000 r--s 00000000 08:06 938717     /var/cache/fontconfig/4ac51e5cfbc76fc3f983e470323a16d3-le32d4.cache-3
67af8000-67b00000 r--s 00000000 08:06 938718     /var/cache/fontconfig/e13b20fdb08344e0e664864cc2ede53d-le32d4.cache-3
67b00000-67bee000 rw-p 00000000 00:00 0 
67bee000-67c00000 ---p 00000000 00:00 0 
67c00000-67cfa000 rw-p 00000000 00:00 0 
67cfa000-67d00000 ---p 00000000 00:00 0 
67d00000-67d04000 r--s 00000000 08:06 940648     /var/cache/fontconfig/7ef2298fde41cc6eeb7af42e48b7d293-le32d4.cache-3
67d04000-67d15000 r--s 00000000 08:06 938993     /var/cache/fontconfig/467c019e582ee353435ea5c21d137ef6-le32d4.cache-3
67d15000-67d19000 r--s 00000000 08:06 394128     /home/gene/.cache/fontconfig/3ecda6abc85ff6f54114f03ae3c1fe72-le32d4.cache-3
67d19000-67d5c000 r-xp 00000000 08:06 1708645    /usr/lib/jvm/java-7-openjdk-i386/jre/lib/i386/libfontmanager.so
67d5c000-67d5d000 r--p 00043000 08:06 1708645    /usr/lib/jvm/java-7-openjdk-i386/jre/lib/i386/libfontmanager.so
67d5d000-67d5e000 rw-p 00044000 08:06 1708645    /usr/lib/jvm/java-7-openjdk-i386/jre/lib/i386/libfontmanager.so
67d5e000-67d61000 ---p 00000000 00:00 0 
67d61000-67daf000 rw-p 00000000 00:00 0          [stack:16081]
67daf000-67db2000 ---p 00000000 00:00 0 
67db2000-67e00000 rw-p 00000000 00:00 0          [stack:16080]
67e00000-68f6f000 r-xp 00000000 08:06 1706398    /usr/lib/i386-linux-gnu/libicudata.so.48.1.1
68f6f000-68f70000 r--p 0116e000 08:06 1706398    /usr/lib/i386-linux-gnu/libicudata.so.48.1.1
68f70000-68f71000 rw-p 0116f000 08:06 1706398    /usr/lib/i386-linux-gnu/libicudata.so.48.1.1
68f71000-68f74000 r-xp 00000000 08:06 262501     /lib/i386-linux-gnu/libgpg-error.so.0.8.0
68f74000-68f75000 r--p 00002000 08:06 262501     /lib/i386-linux-gnu/libgpg-error.so.0.8.0
68f75000-68f76000 rw-p 00003000 08:06 262501     /lib/i386-linux-gnu/libgpg-error.so.0.8.0
68f76000-68f78000 r-xp 00000000 08:06 262512     /lib/i386-linux-gnu/libkeyutils.so.1.4
68f78000-68f79000 r--p 00002000 08:06 262512     /lib/i386-linux-gnu/libkeyutils.so.1.4
68f79000-68f7a000 rw-p 00003000 08:06 262512     /lib/i386-linux-gnu/libkeyutils.so.1.4
68f7a000-690d0000 r-xp 00000000 08:06 1706412    /usr/lib/i386-linux-gnu/libicuuc.so.48.1.1
690d0000-690da000 r--p 00155000 08:06 1706412    /usr/lib/i386-linux-gnu/libicuuc.so.48.1.1
690da000-690db000 rw-p 0015f000 08:06 1706412    /usr/lib/i386-linux-gnu/libicuuc.so.48.1.1
690db000-690df000 rw-p 00000000 00:00 0 
690df000-69112000 r-xp 00000000 08:06 1706404    /usr/lib/i386-linux-gnu/libicule.so.48.1.1
69112000-69113000 ---p 00033000 08:06 1706404    /usr/lib/i386-linux-gnu/libicule.so.48.1.1
69113000-69114000 r--p 00033000 08:06 1706404    /usr/lib/i386-linux-gnu/libicule.so.48.1.1
69114000-69115000 rw-p 00034000 08:06 1706404    /usr/lib/i386-linux-gnu/libicule.so.48.1.1
69115000-6915d000 r-xp 00000000 08:06 262482     /lib/i386-linux-gnu/libdbus-1.so.3.7.2
6915d000-6915e000 r--p 00047000 08:06 262482     /lib/i386-linux-gnu/libdbus-1.so.3.7.2
6915e000-6915f000 rw-p 00048000 08:06 262482     /lib/i386-linux-gnu/libdbus-1.so.3.7.2
6915f000-69171000 r-xp 00000000 08:06 1706541    /usr/lib/i386-linux-gnu/libp11-kit.so.0.0.0
69171000-69172000 r--p 00011000 08:06 1706541    /usr/lib/i386-linux-gnu/libp11-kit.so.0.0.0
69172000-69173000 rw-p 00012000 08:06 1706541    /usr/lib/i386-linux-gnu/libp11-kit.so.0.0.0
69173000-69183000 r-xp 00000000 08:06 1706699    /usr/lib/i386-linux-gnu/libtasn1.so.3.2.0
69183000-69184000 r--p 0000f000 08:06 1706699    /usr/lib/i386-linux-gnu/libtasn1.so.3.2.0
69184000-69185000 rw-p 00010000 08:06 1706699    /usr/lib/i386-linux-gnu/libtasn1.so.3.2.0
69185000-69206000 r-xp 00000000 08:06 262497     /lib/i386-linux-gnu/libgcrypt.so.11.7.0
69206000-69207000 r--p 00080000 08:06 262497     /lib/i386-linux-gnu/libgcrypt.so.11.7.0
69207000-69209000 rw-p 00081000 08:06 262497     /lib/i386-linux-gnu/libgcrypt.so.11.7.0
69209000-69210000 r-xp 00000000 08:06 1706449    /usr/lib/i386-linux-gnu/libkrb5support.so.0.1
69210000-69211000 r--p 00006000 08:06 1706449    /usr/lib/i386-linux-gnu/libkrb5support.so.0.1
69211000-69212000 rw-p 00007000 08:06 1706449    /usr/lib/i386-linux-gnu/libkrb5support.so.0.1
69212000-69215000 r-xp 00000000 08:06 262477     /lib/i386-linux-gnu/libcom_err.so.2.1
69215000-69216000 r--p 00002000 08:06 262477     /lib/i386-linux-gnu/libcom_err.so.2.1
69216000-69217000 rw-p 00003000 08:06 262477     /lib/i386-linux-gnu/libcom_err.so.2.1
69217000-6923d000 r-xp 00000000 08:06 1706443    /usr/lib/i386-linux-gnu/libk5crypto.so.3.1
6923d000-6923e000 r--p 00026000 08:06 1706443    /usr/lib/i386-linux-gnu/libk5crypto.so.3.1
6923e000-6923f000 rw-p 00027000 08:06 1706443    /usr/lib/i386-linux-gnu/libk5crypto.so.3.1
6923f000-69306000 r-xp 00000000 08:06 1706447    /usr/lib/i386-linux-gnu/libkrb5.so.3.3
69306000-6930c000 r--p 000c6000 08:06 1706447    /usr/lib/i386-linux-gnu/libkrb5.so.3.3
6930c000-6930d000 rw-p 000cc000 08:06 1706447    /usr/lib/i386-linux-gnu/libkrb5.so.3.3
6930d000-693a5000 r-xp 00000000 08:06 1706380    /usr/lib/i386-linux-gnu/libharfbuzz.so.0.913.0
693a5000-693a6000 ---p 00098000 08:06 1706380    /usr/lib/i386-linux-gnu/libharfbuzz.so.0.913.0
693a6000-693a7000 r--p 00098000 08:06 1706380    /usr/lib/i386-linux-gnu/libharfbuzz.so.0.913.0
693a7000-693a8000 rw-p 00099000 08:06 1706380    /usr/lib/i386-linux-gnu/libharfbuzz.so.0.913.0
693a8000-693b0000 r-xp 00000000 08:06 1706787    /usr/lib/i386-linux-gnu/libxcb-render.so.0.0.0
693b0000-693b1000 r--p 00008000 08:06 1706787    /usr/lib/i386-linux-gnu/libxcb-render.so.0.0.0
693b1000-693b2000 rw-p 00009000 08:06 1706787    /usr/lib/i386-linux-gnu/libxcb-render.so.0.0.0
693b2000-693b4000 r-xp 00000000 08:06 1706791    /usr/lib/i386-linux-gnu/libxcb-shm.so.0.0.0
693b4000-693b5000 r--p 00001000 08:06 1706791    /usr/lib/i386-linux-gnu/libxcb-shm.so.0.0.0
693b5000-693b6000 rw-p 00002000 08:06 1706791    /usr/lib/i386-linux-gnu/libxcb-shm.so.0.0.0
693b6000-693dd000 r-xp 00000000 08:06 262578     /lib/i386-linux-gnu/libpng12.so.0.49.0
693dd000-693de000 r--p 00026000 08:06 262578     /lib/i386-linux-gnu/libpng12.so.0.49.0
693de000-693df000 rw-p 00027000 08:06 262578     /lib/i386-linux-gnu/libpng12.so.0.49.0
693df000-69473000 r-xp 00000000 08:06 1706571    /usr/lib/i386-linux-gnu/libpixman-1.so.0.28.2
69473000-69478000 r--p 00093000 08:06 1706571    /usr/lib/i386-linux-gnu/libpixman-1.so.0.28.2
69478000-69479000 rw-p 00098000 08:06 1706571    /usr/lib/i386-linux-gnu/libpixman-1.so.0.28.2
69479000-6947e000 r-xp 00000000 08:06 1705898    /usr/lib/i386-linux-gnu/libXdmcp.so.6.0.0
6947e000-6947f000 r--p 00004000 08:06 1705898    /usr/lib/i386-linux-gnu/libXdmcp.so.6.0.0
6947f000-69480000 rw-p 00005000 08:06 1705898    /usr/lib/i386-linux-gnu/libXdmcp.so.6.0.0
69480000-69490000 r-xp 00000000 08:06 1705977    /usr/lib/i386-linux-gnu/libavahi-client.so.3.2.9
69490000-69491000 r--p 0000f000 08:06 1705977    /usr/lib/i386-linux-gnu/libavahi-client.so.3.2.9
69491000-69492000 rw-p 00010000 08:06 1705977    /usr/lib/i386-linux-gnu/libavahi-client.so.3.2.9
69492000-6949e000 r-xp 00000000 08:06 1705979    /usr/lib/i386-linux-gnu/libavahi-common.so.3.5.3
6949e000-6949f000 r--p 0000b000 08:06 1705979    /usr/lib/i386-linux-gnu/libavahi-common.so.3.5.3
6949f000-694a0000 rw-p 0000c000 08:06 1705979    /usr/lib/i386-linux-gnu/libavahi-common.so.3.5.3
694a0000-69560000 r-xp 00000000 08:06 1706251    /usr/lib/i386-linux-gnu/libgnutls.so.26.22.6
69560000-69564000 r--p 000bf000 08:06 1706251    /usr/lib/i386-linux-gnu/libgnutls.so.26.22.6
69564000-69565000 rw-p 000c3000 08:06 1706251    /usr/lib/i386-linux-gnu/libgnutls.so.26.22.6
69565000-695a0000 r-xp 00000000 08:06 1706276    /usr/lib/i386-linux-gnu/libgssapi_krb5.so.2.2
695a0000-695a1000 r--p 0003a000 08:06 1706276    /usr/lib/i386-linux-gnu/libgssapi_krb5.so.2.2
695a1000-695a2000 rw-p 0003b000 08:06 1706276    /usr/lib/i386-linux-gnu/libgssapi_krb5.so.2.2
695a2000-695e1000 r-xp 00000000 08:06 262566     /lib/i386-linux-gnu/libpcre.so.3.13.1
695e1000-695e2000 r--p 0003f000 08:06 262566     /lib/i386-linux-gnu/libpcre.so.3.13.1
695e2000-695e3000 rw-p 00040000 08:06 262566     /lib/i386-linux-gnu/libpcre.so.3.13.1
695e3000-695e8000 r-xp 00000000 08:06 1706141    /usr/lib/i386-linux-gnu/libffi.so.6.0.1
695e8000-695e9000 r--p 00005000 08:06 1706141    /usr/lib/i386-linux-gnu/libffi.so.6.0.1
695e9000-695ea000 rw-p 00006000 08:06 1706141    /usr/lib/i386-linux-gnu/libffi.so.6.0.1
695ea000-6960f000 r-xp 00000000 08:06 262490     /lib/i386-linux-gnu/libexpat.so.1.6.0
6960f000-69611000 r--p 00025000 08:06 262490     /lib/i386-linux-gnu/libexpat.so.1.6.0
69611000-69612000 rw-p 00027000 08:06 262490     /lib/i386-linux-gnu/libexpat.so.1.6.0
69612000-696a8000 r-xp 00000000 08:06 1706179    /usr/lib/i386-linux-gnu/libfreetype.so.6.10.0
696a8000-696ac000 r--p 00095000 08:06 1706179    /usr/lib/i386-linux-gnu/libfreetype.so.6.10.0
696ac000-696ad000 rw-p 00099000 08:06 1706179    /usr/lib/i386-linux-gnu/libfreetype.so.6.10.0
696ad000-696c0000 r-xp 00000000 08:06 262589     /lib/i386-linux-gnu/libresolv-2.17.so
696c0000-696c1000 r--p 00013000 08:06 262589     /lib/i386-linux-gnu/libresolv-2.17.so
696c1000-696c2000 rw-p 00014000 08:06 262589     /lib/i386-linux-gnu/libresolv-2.17.so
696c2000-696c4000 rw-p 00000000 00:00 0 
696c4000-696e1000 r-xp 00000000 08:06 262593     /lib/i386-linux-gnu/libselinux.so.1
696e1000-696e2000 r--p 0001c000 08:06 262593     /lib/i386-linux-gnu/libselinux.so.1
696e2000-696e3000 rw-p 0001d000 08:06 262593     /lib/i386-linux-gnu/libselinux.so.1
696e3000-696ec000 r-xp 00000000 08:06 1705894    /usr/lib/i386-linux-gnu/libXcursor.so.1.0.2
696ec000-696ed000 r--p 00008000 08:06 1705894    /usr/lib/i386-linux-gnu/libXcursor.so.1.0.2
696ed000-696ee000 rw-p 00009000 08:06 1705894    /usr/lib/i386-linux-gnu/libXcursor.so.1.0.2
696ee000-69700000 r-xp 00000000 08:06 1706553    /usr/lib/i386-linux-gnu/libpangoft2-1.0.so.0.3200.5
69700000-69701000 r--p 00011000 08:06 1706553    /usr/lib/i386-linux-gnu/libpangoft2-1.0.so.0.3200.5
69701000-69702000 rw-p 00012000 08:06 1706553    /usr/lib/i386-linux-gnu/libpangoft2-1.0.so.0.3200.5
69702000-69815000 r-xp 00000000 08:06 1706005    /usr/lib/i386-linux-gnu/libcairo.so.2.11200.14
69815000-69817000 r--p 00113000 08:06 1706005    /usr/lib/i386-linux-gnu/libcairo.so.2.11200.14
69817000-69818000 rw-p 00115000 08:06 1706005    /usr/lib/i386-linux-gnu/libcairo.so.2.11200.14
69818000-69819000 rw-p 00000000 00:00 0 
69819000-69837000 r-xp 00000000 08:06 1705967    /usr/lib/i386-linux-gnu/libatk-1.0.so.0.20809.1
69837000-69839000 r--p 0001d000 08:06 1705967    /usr/lib/i386-linux-gnu/libatk-1.0.so.0.20809.1
69839000-6983a000 rw-p 0001f000 08:06 1705967    /usr/lib/i386-linux-gnu/libatk-1.0.so.0.20809.1
6983a000-6985a000 r-xp 00000000 08:06 1720908    /usr/lib/i386-linux-gnu/libxcb.so.1.1.0
6985a000-6985b000 r--p 0001f000 08:06 1720908    /usr/lib/i386-linux-gnu/libxcb.so.1.1.0
6985b000-6985c000 rw-p 00020000 08:06 1720908    /usr/lib/i386-linux-gnu/libxcb.so.1.1.0
6985c000-698b6000 r-xp 00000000 08:06 1706064    /usr/lib/i386-linux-gnu/libcups.so.2
698b6000-698b7000 ---p 0005a000 08:06 1706064    /usr/lib/i386-linux-gnu/libcups.so.2
698b7000-698ba000 r--p 0005a000 08:06 1706064    /usr/lib/i386-linux-gnu/libcups.so.2
698ba000-698bb000 rw-p 0005d000 08:06 1706064    /usr/lib/i386-linux-gnu/libcups.so.2
698bb000-699ba000 r-xp 00000000 08:06 262499     /lib/i386-linux-gnu/libglib-2.0.so.0.3600.0
699ba000-699bb000 r--p 000fe000 08:06 262499     /lib/i386-linux-gnu/libglib-2.0.so.0.3600.0
699bb000-699bc000 rw-p 000ff000 08:06 262499     /lib/i386-linux-gnu/libglib-2.0.so.0.3600.0
699bc000-69a0a000 r-xp 00000000 08:06 1706257    /usr/lib/i386-linux-gnu/libgobject-2.0.so.0.3600.0
69a0a000-69a0b000 r--p 0004d000 08:06 1706257    /usr/lib/i386-linux-gnu/libgobject-2.0.so.0.3600.0
69a0b000-69a0c000 rw-p 0004e000 08:06 1706257    /usr/lib/i386-linux-gnu/libgobject-2.0.so.0.3600.0
69a0c000-69a43000 r-xp 00000000 08:06 1706167    /usr/lib/i386-linux-gnu/libfontconfig.so.1.6.2
69a43000-69a44000 r--p 00036000 08:06 1706167    /usr/lib/i386-linux-gnu/libfontconfig.so.1.6.2
69a44000-69a45000 rw-p 00037000 08:06 1706167    /usr/lib/i386-linux-gnu/libfontconfig.so.1.6.2
69a45000-69a8e000 r-xp 00000000 08:06 1706549    /usr/lib/i386-linux-gnu/libpango-1.0.so.0.3200.5
69a8e000-69a8f000 r--p 00049000 08:06 1706549    /usr/lib/i386-linux-gnu/libpango-1.0.so.0.3200.5
69a8f000-69a90000 rw-p 0004a000 08:06 1706549    /usr/lib/i386-linux-gnu/libpango-1.0.so.0.3200.5
69a90000-69bf0000 r-xp 00000000 08:06 1706227    /usr/lib/i386-linux-gnu/libgio-2.0.so.0.3600.0
69bf0000-69bf2000 r--p 00160000 08:06 1706227    /usr/lib/i386-linux-gnu/libgio-2.0.so.0.3600.0
69bf2000-69bf3000 rw-p 00162000 08:06 1706227    /usr/lib/i386-linux-gnu/libgio-2.0.so.0.3600.0
69bf3000-69bf4000 rw-p 00000000 00:00 0 
69bf4000-69c9f000 r-xp 00000000 08:06 1706206    /usr/lib/i386-linux-gnu/libgdk-x11-2.0.so.0.2400.17
69c9f000-69ca1000 r--p 000ab000 08:06 1706206    /usr/lib/i386-linux-gnu/libgdk-x11-2.0.so.0.2400.17
69ca1000-69ca2000 rw-p 000ad000 08:06 1706206    /usr/lib/i386-linux-gnu/libgdk-x11-2.0.so.0.2400.17
69ca2000-6a103000 r-xp 00000000 08:06 1706364    /usr/lib/i386-linux-gnu/libgtk-x11-2.0.so.0.2400.17
6a103000-6a107000 r--p 00461000 08:06 1706364    /usr/lib/i386-linux-gnu/libgtk-x11-2.0.so.0.2400.17
6a107000-6a109000 rw-p 00465000 08:06 1706364    /usr/lib/i386-linux-gnu/libgtk-x11-2.0.so.0.2400.17
6a109000-6a10b000 rw-p 00000000 00:00 0 
6a10b000-6a23e000 r-xp 00000000 08:06 1706796    /usr/lib/i386-linux-gnu/libX11.so.6.3.0
6a23e000-6a23f000 r--p 00132000 08:06 1706796    /usr/lib/i386-linux-gnu/libX11.so.6.3.0
6a23f000-6a242000 rw-p 00133000 08:06 1706796    /usr/lib/i386-linux-gnu/libX11.so.6.3.0
6a242000-6a2d4000 r-xp 00000000 08:06 1708643    /usr/lib/jvm/java-7-openjdk-i386/jre/lib/i386/libawt.so
6a2d4000-6a2d5000 r--p 00091000 08:06 1708643    /usr/lib/jvm/java-7-openjdk-i386/jre/lib/i386/libawt.so
6a2d5000-6a2dc000 rw-p 00092000 08:06 1708643    /usr/lib/jvm/java-7-openjdk-i386/jre/lib/i386/libawt.so
6a2dc000-6a300000 rw-p 00000000 00:00 0 
6a300000-6a400000 rw-p 00000000 00:00 0 
6a400000-6a402000 r-xp 00000000 08:06 1705887    /usr/lib/i386-linux-gnu/libXau.so.6.0.0
6a402000-6a403000 r--p 00001000 08:06 1705887    /usr/lib/i386-linux-gnu/libXau.so.6.0.0
6a403000-6a404000 rw-p 00002000 08:06 1705887    /usr/lib/i386-linux-gnu/libXau.so.6.0.0
6a404000-6a424000 r-xp 00000000 08:06 1706208    /usr/lib/i386-linux-gnu/libgdk_pixbuf-2.0.so.0.2800.0
6a424000-6a425000 ---p 00020000 08:06 1706208    /usr/lib/i386-linux-gnu/libgdk_pixbuf-2.0.so.0.2800.0
6a425000-6a426000 r--p 00020000 08:06 1706208    /usr/lib/i386-linux-gnu/libgdk_pixbuf-2.0.so.0.2800.0
6a426000-6a427000 rw-p 00021000 08:06 1706208    /usr/lib/i386-linux-gnu/libgdk_pixbuf-2.0.so.0.2800.0
6a427000-6a479000 r-xp 00000000 08:06 1708686    /usr/lib/jvm/java-7-openjdk-i386/jre/lib/i386/xawt/libmawt.so
6a479000-6a47a000 r--p 00051000 08:06 1708686    /usr/lib/jvm/java-7-openjdk-i386/jre/lib/i386/xawt/libmawt.so
6a47a000-6a47c000 rw-p 00052000 08:06 1708686    /usr/lib/jvm/java-7-openjdk-i386/jre/lib/i386/xawt/libmawt.so
6a47c000-6a47d000 rw-p 00000000 00:00 0 
6a47d000-6a47e000 ---p 00000000 00:00 0 
6a47e000-6a4fe000 rw-p 00000000 00:00 0          [stack:16079]
6a4fe000-6a501000 ---p 00000000 00:00 0 
6a501000-6a57f000 rw-p 00000000 00:00 0          [stack:16077]
6a57f000-6a582000 ---p 00000000 00:00 0 
6a582000-6a600000 rw-p 00000000 00:00 0          [stack:16076]
6a600000-6a800000 r--p 00000000 08:06 1709808    /usr/lib/locale/locale-archive
6a800000-6a900000 rw-p 00000000 00:00 0 
6a900000-6a9ff000 rw-p 00000000 00:00 0 
6a9ff000-6aa00000 ---p 00000000 00:00 0 
6aa00000-6aafb000 rw-p 00000000 00:00 0 
6aafb000-6ab00000 ---p 00000000 00:00 0 
6ab00000-6ab01000 r--s 00000000 08:06 938725     /var/cache/fontconfig/94f7fe9bd33aadfac165873bd010d595-le32d4.cache-3
6ab01000-6ab02000 r--s 00000000 08:06 938724     /var/cache/fontconfig/423767150eb258c59035de29db6fca84-le32d4.cache-3
6ab02000-6ab04000 r-xp 00000000 08:06 1705896    /usr/lib/i386-linux-gnu/libXdamage.so.1.1.0
6ab04000-6ab05000 r--p 00001000 08:06 1705896    /usr/lib/i386-linux-gnu/libXdamage.so.1.1.0
6ab05000-6ab06000 rw-p 00002000 08:06 1705896    /usr/lib/i386-linux-gnu/libXdamage.so.1.1.0
6ab06000-6ab0f000 r-xp 00000000 08:06 1705918    /usr/lib/i386-linux-gnu/libXrandr.so.2.2.0
6ab0f000-6ab10000 r--p 00008000 08:06 1705918    /usr/lib/i386-linux-gnu/libXrandr.so.2.2.0
6ab10000-6ab11000 rw-p 00009000 08:06 1705918    /usr/lib/i386-linux-gnu/libXrandr.so.2.2.0
6ab11000-6ab1c000 r-xp 00000000 08:06 1706551    /usr/lib/i386-linux-gnu/libpangocairo-1.0.so.0.3200.5
6ab1c000-6ab1d000 r--p 0000a000 08:06 1706551    /usr/lib/i386-linux-gnu/libpangocairo-1.0.so.0.3200.5
6ab1d000-6ab1e000 rw-p 0000b000 08:06 1706551    /usr/lib/i386-linux-gnu/libpangocairo-1.0.so.0.3200.5
6ab1e000-6ab2c000 r-xp 00000000 08:06 1705906    /usr/lib/i386-linux-gnu/libXi.so.6.1.0
6ab2c000-6ab2d000 r--p 0000d000 08:06 1705906    /usr/lib/i386-linux-gnu/libXi.so.6.1.0
6ab2d000-6ab2e000 rw-p 0000e000 08:06 1705906    /usr/lib/i386-linux-gnu/libXi.so.6.1.0
6ab2e000-6ab31000 ---p 00000000 00:00 0 
6ab31000-6ab7f000 rw-p 00000000 00:00 0          [stack:16078]
6ab7f000-6ab80000 ---p 00000000 00:00 0 
6ab80000-6ac00000 rw-p 00000000 00:00 0          [stack:16072]
6ac00000-6acff000 rw-p 00000000 00:00 0 
6acff000-6ad00000 ---p 00000000 00:00 0 
6ad00000-6ad02000 r-xp 00000000 08:06 1705892    /usr/lib/i386-linux-gnu/libXcomposite.so.1.0.0
6ad02000-6ad03000 r--p 00001000 08:06 1705892    /usr/lib/i386-linux-gnu/libXcomposite.so.1.0.0
6ad03000-6ad04000 rw-p 00002000 08:06 1705892    /usr/lib/i386-linux-gnu/libXcomposite.so.1.0.0
6ad04000-6ad09000 r-xp 00000000 08:06 1705902    /usr/lib/i386-linux-gnu/libXfixes.so.3.1.0
6ad09000-6ad0a000 r--p 00004000 08:06 1705902    /usr/lib/i386-linux-gnu/libXfixes.so.3.1.0
6ad0a000-6ad0b000 rw-p 00005000 08:06 1705902    /usr/lib/i386-linux-gnu/libXfixes.so.3.1.0
6ad0b000-6ad10000 r-xp 00000000 08:06 1705926    /usr/lib/i386-linux-gnu/libXtst.so.6.1.0
6ad10000-6ad11000 r--p 00004000 08:06 1705926    /usr/lib/i386-linux-gnu/libXtst.so.6.1.0
6ad11000-6ad12000 rw-p 00005000 08:06 1705926    /usr/lib/i386-linux-gnu/libXtst.so.6.1.0
6ad12000-6ad1a000 r-xp 00000000 08:06 1705920    /usr/lib/i386-linux-gnu/libXrender.so.1.3.0
6ad1a000-6ad1b000 r--p 00007000 08:06 1705920    /usr/lib/i386-linux-gnu/libXrender.so.1.3.0
6ad1b000-6ad1c000 rw-p 00008000 08:06 1705920    /usr/lib/i386-linux-gnu/libXrender.so.1.3.0
6ad1c000-6ad1d000 r--s 00000000 08:06 938723     /var/cache/fontconfig/406a1d2d2bf3ed7664fbadefac0b2f66-le32d4.cache-3
6ad1d000-6ad33000 r-xp 00000000 08:06 1708664    /usr/lib/jvm/java-7-openjdk-i386/jre/lib/i386/libnet.so
6ad33000-6ad34000 r--p 00015000 08:06 1708664    /usr/lib/jvm/java-7-openjdk-i386/jre/lib/i386/libnet.so
6ad34000-6ad35000 rw-p 00016000 08:06 1708664    /usr/lib/jvm/java-7-openjdk-i386/jre/lib/i386/libnet.so
6ad35000-6aee2000 r--s 01cde000 08:06 1708621    /usr/lib/jvm/java-7-openjdk-i386/jre/lib/rt.jar
6aee2000-6dc00000 rw-p 00000000 00:00 0 
6dc00000-6dce8000 rw-p 00000000 00:00 0 
6dce8000-6dd00000 ---p 00000000 00:00 0 
6dd00000-6dd02000 r--s 00000000 08:06 936655     /var/cache/fontconfig/67709b7835c0f764c1135060c9575660-le32d4.cache-3
6dd02000-6dd04000 r-xp 00000000 08:06 1705908    /usr/lib/i386-linux-gnu/libXinerama.so.1.0.0
6dd04000-6dd05000 r--p 00001000 08:06 1705908    /usr/lib/i386-linux-gnu/libXinerama.so.1.0.0
6dd05000-6dd06000 rw-p 00002000 08:06 1705908    /usr/lib/i386-linux-gnu/libXinerama.so.1.0.0
6dd06000-6dd16000 r-xp 00000000 08:06 1705900    /usr/lib/i386-linux-gnu/libXext.so.6.4.0
6dd16000-6dd17000 r--p 0000f000 08:06 1705900    /usr/lib/i386-linux-gnu/libXext.so.6.4.0
6dd17000-6dd18000 rw-p 00010000 08:06 1705900    /usr/lib/i386-linux-gnu/libXext.so.6.4.0
6dd18000-6dd23000 r--s 001fb000 08:06 1708529    /usr/lib/jvm/java-7-openjdk-common/jre/lib/charsets.jar
6dd23000-6dd2e000 r--s 001fb000 08:06 1708529    /usr/lib/jvm/java-7-openjdk-common/jre/lib/charsets.jar
6dd2e000-6dd31000 ---p 00000000 00:00 0 
6dd31000-6dd7f000 rw-p 00000000 00:00 0          [stack:16075]
6dd7f000-6dd80000 ---p 00000000 00:00 0 
6dd80000-6de00000 rw-p 00000000 00:00 0          [stack:16071]
6de00000-6de21000 rw-p 00000000 00:00 0 
6de21000-6df00000 ---p 00000000 00:00 0 
6df00000-6df01000 r--s 00000000 08:06 936109     /var/cache/fontconfig/0c9eb80ebd1c36541ebe2852d3bb0c49-le32d4.cache-3
6df01000-6df0a000 r--s 000bc000 08:06 1708538    /usr/lib/jvm/java-7-openjdk-common/jre/lib/resources.jar
6df0a000-6df1d000 r--s 00179000 08:06 1724490    /home/gene/Downloads/ll/vlcj-2.4.1/vlcj-2.4.1-javadoc.jar
6df1d000-6df27000 r--s 00053000 08:06 1724519    /home/gene/Downloads/ll/vlcj-2.4.1/vlcj-2.4.1-tests.jar
6df27000-6df2e000 r--s 00094000 08:06 1784822    /home/gene/netbeans-7.3.1/java/modules/ext/beansbinding-1.2.1.jar
6df2e000-6df31000 ---p 00000000 00:00 0 
6df31000-6df7f000 rw-p 00000000 00:00 0          [stack:16074]
6df7f000-6df80000 ---p 00000000 00:00 0 
6df80000-6e000000 rw-p 00000000 00:00 0          [stack:16070]
6e000000-6e021000 rw-p 00000000 00:00 0 
6e021000-6e100000 ---p 00000000 00:00 0 
6e100000-6e101000 r--s 00000000 08:06 936124     /var/cache/fontconfig/62f91419b9ebdb6975e7e41ab6412357-le32d4.cache-3
6e101000-6e104000 r-xp 00000000 08:06 1706237    /usr/lib/i386-linux-gnu/libgmodule-2.0.so.0.3600.0
6e104000-6e105000 r--p 00002000 08:06 1706237    /usr/lib/i386-linux-gnu/libgmodule-2.0.so.0.3600.0
6e105000-6e106000 rw-p 00003000 08:06 1706237    /usr/lib/i386-linux-gnu/libgmodule-2.0.so.0.3600.0
6e106000-6e115000 r--s 00115000 08:06 1724216    /home/gene/Downloads/ll/vlcj-2.4.1/platform-3.5.2.jar
6e115000-6e11f000 r--s 0004b000 08:06 1724492    /home/gene/Downloads/ll/vlcj-2.4.1/vlcj-2.4.1.jar
6e11f000-6e12e000 r--s 000d3000 08:06 1786959    /home/gene/Downloads/jaudiotagger-2.2.0-20130321.142353-1.jar
6e12e000-6e131000 ---p 00000000 00:00 0 
6e131000-6e17f000 rw-p 00000000 00:00 0          [stack:16073]
6e17f000-6e180000 ---p 00000000 00:00 0 
6e180000-6e200000 rw-p 00000000 00:00 0          [stack:16069]
6e200000-6e252000 rw-p 00000000 00:00 0 
6e252000-6e300000 ---p 00000000 00:00 0 
6e300000-6e301000 r--s 00000000 08:06 938994     /var/cache/fontconfig/e0aa53bcfa504e64f87823c16bc01eb6-le32d4.cache-3
6e301000-6e302000 r-xp 00000000 08:06 1706360    /usr/lib/i386-linux-gnu/libgthread-2.0.so.0.3600.0
6e302000-6e303000 r--p 00000000 08:06 1706360    /usr/lib/i386-linux-gnu/libgthread-2.0.so.0.3600.0
6e303000-6e304000 rw-p 00001000 08:06 1706360    /usr/lib/i386-linux-gnu/libgthread-2.0.so.0.3600.0
6e304000-6e307000 r--s 000a6000 08:06 1724183    /home/gene/Downloads/ll/vlcj-2.4.1/jna-3.5.2.jar
6e307000-6e30a000 r--s 00027000 08:06 1798650    /home/gene/Downloads/rs2xml.jar
6e30a000-6e30c000 r--s 00380000 08:06 1795454    /home/gene/Downloads/sqlite-jdbc-3.7.15-M1.jar
6e30c000-6e354000 rw-p 00000000 00:00 0 
6e354000-6e355000 ---p 00000000 00:00 0 
6e355000-6e3ea000 rw-p 00000000 00:00 0          [stack:16068]
6e3ea000-6e519000 rw-p 00000000 00:00 0 
6e519000-6e521000 rw-p 00000000 00:00 0 
6e521000-6e559000 rw-p 00000000 00:00 0 
6e559000-6e56e000 rw-p 00000000 00:00 0 
6e56e000-6e69d000 rw-p 00000000 00:00 0 
6e69d000-6e6aa000 rw-p 00000000 00:00 0 
6e6aa000-6e73f000 rw-p 00000000 00:00 0 
6e73f000-6f740000 rw-p 00000000 00:00 0 
6f740000-76740000 rw-p 00000000 00:00 0 
76740000-78fc0000 rw-p 00000000 00:00 0 
78fc0000-9ef40000 rw-p 00000000 00:00 0 
9ef40000-a0760000 rw-p 00000000 00:00 0 
a0760000-a07d0000 ---p 00000000 00:00 0 
a07d0000-b3340000 rw-p 00000000 00:00 0 
b3340000-b3349000 rw-p 00000000 00:00 0 
b3349000-b3400000 rw-p 00000000 00:00 0 
b3400000-b3640000 rwxp 00000000 00:00 0 
b3640000-b64fc000 rw-p 00000000 00:00 0 
b64fc000-b6500000 ---p 00000000 00:00 0 
b6500000-b6518000 r--s 001b9000 08:06 1779640    /home/gene/lab/music/playmp3/jmf.jar
b6518000-b651a000 r--s 00006000 08:06 137009     /usr/share/java/java-atk-wrapper.jar
b651a000-b651d000 r--s 0000f000 08:06 1708547    /usr/lib/jvm/java-7-openjdk-common/jre/lib/ext/pulse-java.jar
b651d000-b6525000 rw-p 00000000 00:00 0 
b6525000-b655d000 rw-p 00000000 00:00 0 
b655d000-b6568000 r-xp 00000000 08:06 262543     /lib/i386-linux-gnu/libnss_files-2.17.so
b6568000-b6569000 r--p 0000a000 08:06 262543     /lib/i386-linux-gnu/libnss_files-2.17.so
b6569000-b656a000 rw-p 0000b000 08:06 262543     /lib/i386-linux-gnu/libnss_files-2.17.so
b656a000-b6574000 r-xp 00000000 08:06 262548     /lib/i386-linux-gnu/libnss_nis-2.17.so
b6574000-b6575000 r--p 00009000 08:06 262548     /lib/i386-linux-gnu/libnss_nis-2.17.so
b6575000-b6576000 rw-p 0000a000 08:06 262548     /lib/i386-linux-gnu/libnss_nis-2.17.so
b6576000-b658b000 r-xp 00000000 08:06 262537     /lib/i386-linux-gnu/libnsl-2.17.so
b658b000-b658c000 r--p 00014000 08:06 262537     /lib/i386-linux-gnu/libnsl-2.17.so
b658c000-b658d000 rw-p 00015000 08:06 262537     /lib/i386-linux-gnu/libnsl-2.17.so
b658d000-b658f000 rw-p 00000000 00:00 0 
b658f000-b6596000 r-xp 00000000 08:06 262539     /lib/i386-linux-gnu/libnss_compat-2.17.so
b6596000-b6597000 r--p 00006000 08:06 262539     /lib/i386-linux-gnu/libnss_compat-2.17.so
b6597000-b6598000 rw-p 00007000 08:06 262539     /lib/i386-linux-gnu/libnss_compat-2.17.so
b6598000-b6599000 r--s 00014000 08:06 1795668    /home/gene/lab/music/playmp3/mp3plugin.jar
b6599000-b659a000 r--s 00002000 08:06 1708545    /usr/lib/jvm/java-7-openjdk-common/jre/lib/ext/dnsns.jar
b659a000-b659e000 r--s 00085000 08:06 1708546    /usr/lib/jvm/java-7-openjdk-common/jre/lib/ext/localedata.jar
b659e000-b65a0000 r--s 00012000 08:06 1708550    /usr/lib/jvm/java-7-openjdk-common/jre/lib/ext/zipfs.jar
b65a0000-b65a3000 r--s 00032000 08:06 1708548    /usr/lib/jvm/java-7-openjdk-common/jre/lib/ext/sunjce_provider.jar
b65a3000-b65a6000 r--s 0003c000 08:06 1708549    /usr/lib/jvm/java-7-openjdk-common/jre/lib/ext/sunpkcs11.jar
b65a6000-b65a7000 r--p 005db000 08:06 1709808    /usr/lib/locale/locale-archive
b65a7000-b65af000 r-xp 00000000 08:06 1708674    /usr/lib/jvm/java-7-openjdk-i386/jre/lib/i386/libzip.so
b65af000-b65b0000 r--p 00007000 08:06 1708674    /usr/lib/jvm/java-7-openjdk-i386/jre/lib/i386/libzip.so
b65b0000-b65b1000 rw-p 00008000 08:06 1708674    /usr/lib/jvm/java-7-openjdk-i386/jre/lib/i386/libzip.so
b65b1000-b65d8000 r-xp 00000000 08:06 1708652    /usr/lib/jvm/java-7-openjdk-i386/jre/lib/i386/libjava.so
b65d8000-b65d9000 r--p 00026000 08:06 1708652    /usr/lib/jvm/java-7-openjdk-i386/jre/lib/i386/libjava.so
b65d9000-b65da000 rw-p 00027000 08:06 1708652    /usr/lib/jvm/java-7-openjdk-i386/jre/lib/i386/libjava.so
b65da000-b65e1000 r-xp 00000000 08:06 262591     /lib/i386-linux-gnu/librt-2.17.so
b65e1000-b65e2000 r--p 00006000 08:06 262591     /lib/i386-linux-gnu/librt-2.17.so
b65e2000-b65e3000 rw-p 00007000 08:06 262591     /lib/i386-linux-gnu/librt-2.17.so
b65e3000-b65e6000 ---p 00000000 00:00 0 
b65e6000-b6634000 rw-p 00000000 00:00 0          [stack:16067]
b6634000-b664f000 r-xp 00000000 08:06 262495     /lib/i386-linux-gnu/libgcc_s.so.1
b664f000-b6650000 r--p 0001a000 08:06 262495     /lib/i386-linux-gnu/libgcc_s.so.1
b6650000-b6651000 rw-p 0001b000 08:06 262495     /lib/i386-linux-gnu/libgcc_s.so.1
b6651000-b6692000 r-xp 00000000 08:06 262518     /lib/i386-linux-gnu/libm-2.17.so
b6692000-b6693000 r--p 00040000 08:06 262518     /lib/i386-linux-gnu/libm-2.17.so
b6693000-b6694000 rw-p 00041000 08:06 262518     /lib/i386-linux-gnu/libm-2.17.so
b6694000-b6770000 r-xp 00000000 08:06 1706691    /usr/lib/i386-linux-gnu/libstdc++.so.6.0.17
b6770000-b6771000 ---p 000dc000 08:06 1706691    /usr/lib/i386-linux-gnu/libstdc++.so.6.0.17
b6771000-b6775000 r--p 000dc000 08:06 1706691    /usr/lib/i386-linux-gnu/libstdc++.so.6.0.17
b6775000-b6776000 rw-p 000e0000 08:06 1706691    /usr/lib/i386-linux-gnu/libstdc++.so.6.0.17
b6776000-b677d000 rw-p 00000000 00:00 0 
b677d000-b7072000 r-xp 00000000 08:06 1708685    /usr/lib/jvm/java-7-openjdk-i386/jre/lib/i386/server/libjvm.so
b7072000-b70b9000 r--p 008f4000 08:06 1708685    /usr/lib/jvm/java-7-openjdk-i386/jre/lib/i386/server/libjvm.so
b70b9000-b70cd000 rw-p 0093b000 08:06 1708685    /usr/lib/jvm/java-7-openjdk-i386/jre/lib/i386/server/libjvm.so
b70cd000-b74eb000 rw-p 00000000 00:00 0 
b74eb000-b7502000 r-xp 00000000 08:06 262624     /lib/i386-linux-gnu/libz.so.1.2.7
b7502000-b7503000 r--p 00016000 08:06 262624     /lib/i386-linux-gnu/libz.so.1.2.7
b7503000-b7504000 rw-p 00017000 08:06 262624     /lib/i386-linux-gnu/libz.so.1.2.7
b7504000-b751b000 r-xp 00000000 08:06 262583     /lib/i386-linux-gnu/libpthread-2.17.so
b751b000-b751c000 r--p 00016000 08:06 262583     /lib/i386-linux-gnu/libpthread-2.17.so
b751c000-b751d000 rw-p 00017000 08:06 262583     /lib/i386-linux-gnu/libpthread-2.17.so
b751d000-b751f000 rw-p 00000000 00:00 0 
b751f000-b7522000 r-xp 00000000 08:06 262485     /lib/i386-linux-gnu/libdl-2.17.so
b7522000-b7523000 r--p 00002000 08:06 262485     /lib/i386-linux-gnu/libdl-2.17.so
b7523000-b7524000 rw-p 00003000 08:06 262485     /lib/i386-linux-gnu/libdl-2.17.so
b7524000-b76d1000 r-xp 00000000 08:06 262470     /lib/i386-linux-gnu/libc-2.17.so
b76d1000-b76d3000 r--p 001ad000 08:06 262470     /lib/i386-linux-gnu/libc-2.17.so
b76d3000-b76d4000 rw-p 001af000 08:06 262470     /lib/i386-linux-gnu/libc-2.17.so
b76d4000-b76d7000 rw-p 00000000 00:00 0 
b76d7000-b76df000 rw-s 00000000 08:06 1441575    /tmp/hsperfdata_gene/16062
b76df000-b76e0000 rw-p 00000000 00:00 0 
b76e0000-b76e1000 r--p 00000000 00:00 0 
b76e1000-b76ee000 r-xp 00000000 08:06 1708673    /usr/lib/jvm/java-7-openjdk-i386/jre/lib/i386/libverify.so
b76ee000-b76ef000 r--p 0000d000 08:06 1708673    /usr/lib/jvm/java-7-openjdk-i386/jre/lib/i386/libverify.so
b76ef000-b76f0000 rw-p 0000e000 08:06 1708673    /usr/lib/jvm/java-7-openjdk-i386/jre/lib/i386/libverify.so
b76f0000-b76fd000 r-xp 00000000 08:06 1708681    /usr/lib/jvm/java-7-openjdk-i386/jre/lib/i386/jli/libjli.so
b76fd000-b76fe000 r--p 0000c000 08:06 1708681    /usr/lib/jvm/java-7-openjdk-i386/jre/lib/i386/jli/libjli.so
b76fe000-b76ff000 rw-p 0000d000 08:06 1708681    /usr/lib/jvm/java-7-openjdk-i386/jre/lib/i386/jli/libjli.so
b76ff000-b7702000 rw-p 00000000 00:00 0 
b7702000-b7703000 r-xp 00000000 00:00 0          [vdso]
b7703000-b7723000 r-xp 00000000 08:06 262446     /lib/i386-linux-gnu/ld-2.17.so
b7723000-b7724000 r--p 0001f000 08:06 262446     /lib/i386-linux-gnu/ld-2.17.so
b7724000-b7725000 rw-p 00020000 08:06 262446     /lib/i386-linux-gnu/ld-2.17.so
bfe5f000-bfe80000 rw-p 00000000 00:00 0          [stack]

VM Arguments:
jvm_args: -Dfile.encoding=UTF-8 
java_command: musicplayer.Musicplayer
Launcher Type: SUN_STANDARD

Environment Variables:
PATH=/usr/local/sbin:/usr/local/bin:/usr/sbin:/usr/bin:/sbin:/bin:/usr/games:/usr/local/games
USERNAME=gene
LD_LIBRARY_PATH=/usr/lib/jvm/default-java/jre/lib/amd64:/usr/lib/jvm/default-java/jre/lib/i386:
SHELL=/bin/bash
DISPLAY=:0

Signal Handlers:
SIGSEGV: [libjvm.so+0x7598c0], sa_mask[0]=0x7ffbfeff, sa_flags=0x10000004
SIGBUS: [libjvm.so+0x7598c0], sa_mask[0]=0x7ffbfeff, sa_flags=0x10000004
SIGFPE: [libjvm.so+0x5f54f0], sa_mask[0]=0x7ffbfeff, sa_flags=0x10000004
SIGPIPE: [libjvm.so+0x5f54f0], sa_mask[0]=0x7ffbfeff, sa_flags=0x10000004
SIGXFSZ: [libjvm.so+0x5f54f0], sa_mask[0]=0x7ffbfeff, sa_flags=0x10000004
SIGILL: [libjvm.so+0x5f54f0], sa_mask[0]=0x7ffbfeff, sa_flags=0x10000004
SIGUSR1: SIG_DFL, sa_mask[0]=0x00000000, sa_flags=0x00000000
SIGUSR2: [libjvm.so+0x5f53a0], sa_mask[0]=0x00000004, sa_flags=0x10000004
SIGHUP: [libjvm.so+0x5f5930], sa_mask[0]=0x7ffbfeff, sa_flags=0x10000004
SIGINT: SIG_IGN, sa_mask[0]=0x00000000, sa_flags=0x00000000
SIGTERM: [libjvm.so+0x5f5930], sa_mask[0]=0x7ffbfeff, sa_flags=0x10000004
SIGQUIT: [libjvm.so+0x5f5930], sa_mask[0]=0x7ffbfeff, sa_flags=0x10000004


---------------  S Y S T E M  ---------------

OS:Ubuntu 13.04 (raring)
uname:Linux 3.8.0-19-generic #29-Ubuntu SMP Wed Apr 17 18:19:42 UTC 2013 i686
libc:glibc 2.17 NPTL 2.17 
rlimit: STACK 8192k, CORE 0k, NPROC 30928, NOFILE 4096, AS infinity
load average:0.75 0.72 0.54

/proc/meminfo:
MemTotal:        3975340 kB
MemFree:          341800 kB
Buffers:          662448 kB
Cached:          1786904 kB
SwapCached:            0 kB
Active:          1626992 kB
Inactive:        1867524 kB
Active(anon):    1013020 kB
Inactive(anon):   178636 kB
Active(file):     613972 kB
Inactive(file):  1688888 kB
Unevictable:           0 kB
Mlocked:               0 kB
HighTotal:       3125056 kB
HighFree:         273724 kB
LowTotal:         850284 kB
LowFree:           68076 kB
SwapTotal:       2047996 kB
SwapFree:        2047996 kB
Dirty:               920 kB
Writeback:             0 kB
AnonPages:       1044908 kB
Mapped:           133252 kB
Shmem:            146492 kB
Slab:             103772 kB
SReclaimable:      80620 kB
SUnreclaim:        23152 kB
KernelStack:        3624 kB
PageTables:         8108 kB
NFS_Unstable:          0 kB
Bounce:                0 kB
WritebackTmp:          0 kB
CommitLimit:     4035664 kB
Committed_AS:    3002792 kB
VmallocTotal:     122880 kB
VmallocUsed:       20008 kB
VmallocChunk:      89160 kB
HardwareCorrupted:     0 kB
AnonHugePages:         0 kB
HugePages_Total:       0
HugePages_Free:        0
HugePages_Rsvd:        0
HugePages_Surp:        0
Hugepagesize:       2048 kB
DirectMap4k:       10232 kB
DirectMap2M:      903168 kB


CPU:total 4 (2 cores per cpu, 2 threads per core) family 6 model 42 stepping 7, cmov, cx8, fxsr, mmx, sse, sse2, sse3, ssse3, sse4.1, sse4.2, popcnt, avx, ht, tsc, tscinvbit

/proc/cpuinfo:
processor	: 0
vendor_id	: GenuineIntel
cpu family	: 6
model		: 42
model name	: Intel(R) Core(TM) i3-2370M CPU @ 2.40GHz
stepping	: 7
microcode	: 0x25
cpu MHz		: 2400.000
cache size	: 3072 KB
physical id	: 0
siblings	: 4
core id		: 0
cpu cores	: 2
apicid		: 0
initial apicid	: 0
fdiv_bug	: no
hlt_bug		: no
f00f_bug	: no
coma_bug	: no
fpu		: yes
fpu_exception	: yes
cpuid level	: 13
wp		: yes
flags		: fpu vme de pse tsc msr pae mce cx8 apic sep mtrr pge mca cmov pat pse36 clflush dts acpi mmx fxsr sse sse2 ss ht tm pbe nx rdtscp lm constant_tsc arch_perfmon pebs bts xtopology nonstop_tsc aperfmperf eagerfpu pni pclmulqdq dtes64 monitor ds_cpl vmx est tm2 ssse3 cx16 xtpr pdcm pcid sse4_1 sse4_2 x2apic popcnt tsc_deadline_timer xsave avx lahf_lm arat epb xsaveopt pln pts dtherm tpr_shadow vnmi flexpriority ept vpid
bogomips	: 4788.77
clflush size	: 64
cache_alignment	: 64
address sizes	: 36 bits physical, 48 bits virtual
power management:

processor	: 1
vendor_id	: GenuineIntel
cpu family	: 6
model		: 42
model name	: Intel(R) Core(TM) i3-2370M CPU @ 2.40GHz
stepping	: 7
microcode	: 0x25
cpu MHz		: 800.000
cache size	: 3072 KB
physical id	: 0
siblings	: 4
core id		: 0
cpu cores	: 2
apicid		: 1
initial apicid	: 1
fdiv_bug	: no
hlt_bug		: no
f00f_bug	: no
coma_bug	: no
fpu		: yes
fpu_exception	: yes
cpuid level	: 13
wp		: yes
flags		: fpu vme de pse tsc msr pae mce cx8 apic sep mtrr pge mca cmov pat pse36 clflush dts acpi mmx fxsr sse sse2 ss ht tm pbe nx rdtscp lm constant_tsc arch_perfmon pebs bts xtopology nonstop_tsc aperfmperf eagerfpu pni pclmulqdq dtes64 monitor ds_cpl vmx est tm2 ssse3 cx16 xtpr pdcm pcid sse4_1 sse4_2 x2apic popcnt tsc_deadline_timer xsave avx lahf_lm arat epb xsaveopt pln pts dtherm tpr_shadow vnmi flexpriority ept vpid
bogomips	: 4788.77
clflush size	: 64
cache_alignment	: 64
address sizes	: 36 bits physical, 48 bits virtual
power management:

processor	: 2
vendor_id	: GenuineIntel
cpu family	: 6
model		: 42
model name	: Intel(R) Core(TM) i3-2370M CPU @ 2.40GHz
stepping	: 7
microcode	: 0x25
cpu MHz		: 2400.000
cache size	: 3072 KB
physical id	: 0
siblings	: 4
core id		: 1
cpu cores	: 2
apicid		: 2
initial apicid	: 2
fdiv_bug	: no
hlt_bug		: no
f00f_bug	: no
coma_bug	: no
fpu		: yes
fpu_exception	: yes
cpuid level	: 13
wp		: yes
flags		: fpu vme de pse tsc msr pae mce cx8 apic sep mtrr pge mca cmov pat pse36 clflush dts acpi mmx fxsr sse sse2 ss ht tm pbe nx rdtscp lm constant_tsc arch_perfmon pebs bts xtopology nonstop_tsc aperfmperf eagerfpu pni pclmulqdq dtes64 monitor ds_cpl vmx est tm2 ssse3 cx16 xtpr pdcm pcid sse4_1 sse4_2 x2apic popcnt tsc_deadline_timer xsave avx lahf_lm arat epb xsaveopt pln pts dtherm tpr_shadow vnmi flexpriority ept vpid
bogomips	: 4788.77
clflush size	: 64
cache_alignment	: 64
address sizes	: 36 bits physical, 48 bits virtual
power management:

processor	: 3
vendor_id	: GenuineIntel
cpu family	: 6
model		: 42
model name	: Intel(R) Core(TM) i3-2370M CPU @ 2.40GHz
stepping	: 7
microcode	: 0x25
cpu MHz		: 2400.000
cache size	: 3072 KB
physical id	: 0
siblings	: 4
core id		: 1
cpu cores	: 2
apicid		: 3
initial apicid	: 3
fdiv_bug	: no
hlt_bug		: no
f00f_bug	: no
coma_bug	: no
fpu		: yes
fpu_exception	: yes
cpuid level	: 13
wp		: yes
flags		: fpu vme de pse tsc msr pae mce cx8 apic sep mtrr pge mca cmov pat pse36 clflush dts acpi mmx fxsr sse sse2 ss ht tm pbe nx rdtscp lm constant_tsc arch_perfmon pebs bts xtopology nonstop_tsc aperfmperf eagerfpu pni pclmulqdq dtes64 monitor ds_cpl vmx est tm2 ssse3 cx16 xtpr pdcm pcid sse4_1 sse4_2 x2apic popcnt tsc_deadline_timer xsave avx lahf_lm arat epb xsaveopt pln pts dtherm tpr_shadow vnmi flexpriority ept vpid
bogomips	: 4788.77
clflush size	: 64
cache_alignment	: 64
address sizes	: 36 bits physical, 48 bits virtual
power management:



Memory: 4k page, physical 3975340k(341800k free), swap 2047996k(2047996k free)

vm_info: OpenJDK Server VM (23.7-b01) for linux-x86 JRE (1.7.0_21-b02), built on Apr 22 2013 07:41:32 by "buildd" with gcc 4.7.3

time: Thu Oct 31 17:39:45 2013
elapsed time: 35 seconds

