#
# A fatal error has been detected by the Java Runtime Environment:
#
#  SIGSEGV (0xb) at pc=0xb771df98, pid=7944, tid=1734343488
#
# JRE version: 7.0_21-b02
# Java VM: OpenJDK Server VM (23.7-b01 mixed mode linux-x86 )
# Problematic frame:
# C  [libc.so.6+0x12ef98]  _IO_file_underflow+0x68
#
# Failed to write core dump. Core dumps have been disabled. To enable core dumping, try "ulimit -c unlimited" before starting Java again
#
# If you would like to submit a bug report, please include
# instructions on how to reproduce the bug and visit:
#   https://bugs.launchpad.net/ubuntu/+source/openjdk-7/
#

---------------  T H R E A D  ---------------

Current thread is native thread

siginfo:si_signo=SIGSEGV: si_errno=0, si_code=1 (SEGV_MAPERR), si_addr=0x00000037

Registers:
EAX=0x67a0c000, EBX=0xb779e000, ECX=0xffffffff, EDX=0x00001000
ESP=0x675fcda0, EBP=0x00000001, ESI=0x66fe6c00, EDI=0x675ffb40
EIP=0xb771df98, EFLAGS=0x00210206, CR2=0x00000037

Top of Stack: (sp=0x675fcda0)
0x675fcda0:   66fe6c00 67a0c000 00001000 b779e000
0x675fcdb0:   66fe6c00 b779e000 66fe6c00 b7662da9
0x675fcdc0:   66fe6c00 b765557a b779e000 b779e000
0x675fcdd0:   66fe6c00 675ffb40 66fe6c00 b7662bdb
0x675fcde0:   66fe6c00 ffffffff 65ebd649 65edc000
0x675fcdf0:   b76555d7 b779e000 66fe6c00 b7658ebc
0x675fce00:   66fe6c00 65ed322a 00000001 65edc000
0x675fce10:   65edc000 6772b8e0 6dd7f408 65ec6d8c 

Instructions: (pc=0xb771df98)
0xb771df78:   4c 89 46 04 29 c2 89 46 0c 89 46 08 89 46 18 89
0xb771df88:   46 14 89 46 10 89 54 24 08 89 44 24 04 89 34 24
0xb771df98:   ff 51 38 83 f8 00 7e 38 8b 56 40 01 46 08 83 fa
0xb771dfa8:   ff 74 05 01 d0 89 46 40 8b 46 04 0f b6 00 83 c4 

Register to memory mapping:

EAX=0x67a0c000 is an unknown value
EBX=0xb779e000: <offset 0x1af000> in /lib/i386-linux-gnu/libc.so.6 at 0xb75ef000
ECX=0xffffffff is an unknown value
EDX=0x00001000 is an unknown value
ESP=0x675fcda0 is an unknown value
EBP=0x00000001 is an unknown value
ESI=0x66fe6c00 is an unknown value
EDI=0x675ffb40 is an unknown value


Stack: [0x6757f000,0x67600000],  sp=0x675fcda0,  free space=503k
Native frames: (J=compiled Java code, j=interpreted, Vv=VM code, C=native code)
C  [libc.so.6+0x12ef98]  _IO_file_underflow+0x68


---------------  P R O C E S S  ---------------

VM state:not at safepoint (normal execution)

VM Mutex/Monitor currently owned by a thread: None

Heap
 PSYoungGen      total 17088K, used 9615K [0x9f040000, 0xa06e0000, 0xb3440000)
  eden space 12032K, 78% used [0x9f040000,0x9f97deb8,0x9fc00000)
  from space 5056K, 3% used [0xa01f0000,0xa0216010,0xa06e0000)
  to   space 5568K, 0% used [0x9fc00000,0x9fc00000,0xa0170000)
 ParOldGen       total 41472K, used 8081K [0x76840000, 0x790c0000, 0x9f040000)
  object space 41472K, 19% used [0x76840000,0x77024410,0x790c0000)
 PSPermGen       total 16384K, used 15097K [0x6e840000, 0x6f840000, 0x76840000)
  object space 16384K, 92% used [0x6e840000,0x6f6fe480,0x6f840000)

Card table byte_map: [0x6e619000,0x6e840000] byte_map_base: 0x6e2a4e00

Polling page: 0xb77ab000

Code Cache  [0xb3500000, 0xb3740000, 0xb6500000)
 total_blobs=922 nmethods=650 adapters=223 free_code_cache=47547Kb largest_free_block=48639360

Compilation events (10 events):
Event: 259.381 Thread 0x6adfc800  688             sun.swing.SwingUtilities2::convertColumnIndexToModel (17 bytes)
Event: 259.395 Thread 0x6adfc800 nmethod 688 0xb367a748 code [0xb367a8c0, 0xb367affc]
Event: 261.396 Thread 0x6adfe800  689   !         sun.awt.AWTAutoShutdown::notifyThreadBusy (86 bytes)
Event: 261.405 Thread 0x6adfe800 nmethod 689 0xb3680808 code [0xb3680980, 0xb3680f50]
Event: 262.078 Thread 0x6adfc800  690             java.awt.EventQueue$3::run (5 bytes)
Event: 262.078 Thread 0x6adfe800  691             java.awt.EventQueue$3::run (17 bytes)
Event: 262.111 Thread 0x6adfc800 nmethod 690 0xb368cf88 code [0xb368d280, 0xb368e320]
Event: 262.113 Thread 0x6adfe800 nmethod 691 0xb368fec8 code [0xb36901c0, 0xb3691260]
Event: 263.960 Thread 0x6adfc800  692             sun.awt.X11.XWindow::handleMotionNotify (342 bytes)
Event: 264.025 Thread 0x6adfc800 nmethod 692 0xb3696288 code [0xb3696860, 0xb3698774]

GC Heap History (10 events):
Event: 194.549 GC heap before
{Heap before GC invocations=12 (full 0):
 PSYoungGen      total 13632K, used 13600K [0x9f040000, 0xa0a00000, 0xb3440000)
  eden space 13312K, 100% used [0x9f040000,0x9fd40000,0x9fd40000)
  from space 320K, 90% used [0x9fd80000,0x9fdc8000,0x9fdd0000)
  to   space 6528K, 0% used [0xa03a0000,0xa03a0000,0xa0a00000)
 ParOldGen       total 41472K, used 8049K [0x76840000, 0x790c0000, 0x9f040000)
  object space 41472K, 19% used [0x76840000,0x7701c410,0x790c0000)
 PSPermGen       total 16384K, used 15062K [0x6e840000, 0x6f840000, 0x76840000)
  object space 16384K, 91% used [0x6e840000,0x6f6f5848,0x6f840000)
Event: 194.552 GC heap after
Heap after GC invocations=12 (full 0):
 PSYoungGen      total 19072K, used 272K [0x9f040000, 0xa0980000, 0xb3440000)
  eden space 13056K, 0% used [0x9f040000,0x9f040000,0x9fd00000)
  from space 6016K, 4% used [0xa03a0000,0xa03e4000,0xa0980000)
  to   space 6400K, 0% used [0x9fd00000,0x9fd00000,0xa0340000)
 ParOldGen       total 41472K, used 8057K [0x76840000, 0x790c0000, 0x9f040000)
  object space 41472K, 19% used [0x76840000,0x7701e410,0x790c0000)
 PSPermGen       total 16384K, used 15062K [0x6e840000, 0x6f840000, 0x76840000)
  object space 16384K, 91% used [0x6e840000,0x6f6f5848,0x6f840000)
}
Event: 219.496 GC heap before
{Heap before GC invocations=13 (full 0):
 PSYoungGen      total 19072K, used 13328K [0x9f040000, 0xa0980000, 0xb3440000)
  eden space 13056K, 100% used [0x9f040000,0x9fd00000,0x9fd00000)
  from space 6016K, 4% used [0xa03a0000,0xa03e4000,0xa0980000)
  to   space 6400K, 0% used [0x9fd00000,0x9fd00000,0xa0340000)
 ParOldGen       total 41472K, used 8057K [0x76840000, 0x790c0000, 0x9f040000)
  object space 41472K, 19% used [0x76840000,0x7701e410,0x790c0000)
 PSPermGen       total 16384K, used 15066K [0x6e840000, 0x6f840000, 0x76840000)
  object space 16384K, 91% used [0x6e840000,0x6f6f68d0,0x6f840000)
Event: 219.500 GC heap after
Heap after GC invocations=13 (full 0):
 PSYoungGen      total 13120K, used 288K [0x9f040000, 0xa08e0000, 0xb3440000)
  eden space 12800K, 0% used [0x9f040000,0x9f040000,0x9fcc0000)
  from space 320K, 90% used [0x9fd00000,0x9fd48000,0x9fd50000)
  to   space 6208K, 0% used [0xa02d0000,0xa02d0000,0xa08e0000)
 ParOldGen       total 41472K, used 8065K [0x76840000, 0x790c0000, 0x9f040000)
  object space 41472K, 19% used [0x76840000,0x77020410,0x790c0000)
 PSPermGen       total 16384K, used 15066K [0x6e840000, 0x6f840000, 0x76840000)
  object space 16384K, 91% used [0x6e840000,0x6f6f68d0,0x6f840000)
}
Event: 232.766 GC heap before
{Heap before GC invocations=14 (full 0):
 PSYoungGen      total 13120K, used 13088K [0x9f040000, 0xa08e0000, 0xb3440000)
  eden space 12800K, 100% used [0x9f040000,0x9fcc0000,0x9fcc0000)
  from space 320K, 90% used [0x9fd00000,0x9fd48000,0x9fd50000)
  to   space 6208K, 0% used [0xa02d0000,0xa02d0000,0xa08e0000)
 ParOldGen       total 41472K, used 8065K [0x76840000, 0x790c0000, 0x9f040000)
  object space 41472K, 19% used [0x76840000,0x77020410,0x790c0000)
 PSPermGen       total 16384K, used 15066K [0x6e840000, 0x6f840000, 0x76840000)
  object space 16384K, 91% used [0x6e840000,0x6f6f6b10,0x6f840000)
Event: 232.768 GC heap after
Heap after GC invocations=14 (full 0):
 PSYoungGen      total 18112K, used 160K [0x9f040000, 0xa0840000, 0xb3440000)
  eden space 12544K, 0% used [0x9f040000,0x9f040000,0x9fc80000)
  from space 5568K, 2% used [0xa02d0000,0xa02f8000,0xa0840000)
  to   space 6016K, 0% used [0x9fc80000,0x9fc80000,0xa0260000)
 ParOldGen       total 41472K, used 8073K [0x76840000, 0x790c0000, 0x9f040000)
  object space 41472K, 19% used [0x76840000,0x77022410,0x790c0000)
 PSPermGen       total 16384K, used 15066K [0x6e840000, 0x6f840000, 0x76840000)
  object space 16384K, 91% used [0x6e840000,0x6f6f6b10,0x6f840000)
}
Event: 245.729 GC heap before
{Heap before GC invocations=15 (full 0):
 PSYoungGen      total 18112K, used 12704K [0x9f040000, 0xa0840000, 0xb3440000)
  eden space 12544K, 100% used [0x9f040000,0x9fc80000,0x9fc80000)
  from space 5568K, 2% used [0xa02d0000,0xa02f8000,0xa0840000)
  to   space 6016K, 0% used [0x9fc80000,0x9fc80000,0xa0260000)
 ParOldGen       total 41472K, used 8073K [0x76840000, 0x790c0000, 0x9f040000)
  object space 41472K, 19% used [0x76840000,0x77022410,0x790c0000)
 PSPermGen       total 16384K, used 15067K [0x6e840000, 0x6f840000, 0x76840000)
  object space 16384K, 91% used [0x6e840000,0x6f6f6e68,0x6f840000)
Event: 245.733 GC heap after
Heap after GC invocations=15 (full 0):
 PSYoungGen      total 12480K, used 176K [0x9f040000, 0xa07a0000, 0xb3440000)
  eden space 12288K, 0% used [0x9f040000,0x9f040000,0x9fc40000)
  from space 192K, 91% used [0x9fc80000,0x9fcac000,0x9fcb0000)
  to   space 5824K, 0% used [0xa01f0000,0xa01f0000,0xa07a0000)
 ParOldGen       total 41472K, used 8073K [0x76840000, 0x790c0000, 0x9f040000)
  object space 41472K, 19% used [0x76840000,0x77022410,0x790c0000)
 PSPermGen       total 16384K, used 15067K [0x6e840000, 0x6f840000, 0x76840000)
  object space 16384K, 91% used [0x6e840000,0x6f6f6e68,0x6f840000)
}
Event: 256.588 GC heap before
{Heap before GC invocations=16 (full 0):
 PSYoungGen      total 12480K, used 12464K [0x9f040000, 0xa07a0000, 0xb3440000)
  eden space 12288K, 100% used [0x9f040000,0x9fc40000,0x9fc40000)
  from space 192K, 91% used [0x9fc80000,0x9fcac000,0x9fcb0000)
  to   space 5824K, 0% used [0xa01f0000,0xa01f0000,0xa07a0000)
 ParOldGen       total 41472K, used 8073K [0x76840000, 0x790c0000, 0x9f040000)
  object space 41472K, 19% used [0x76840000,0x77022410,0x790c0000)
 PSPermGen       total 16384K, used 15078K [0x6e840000, 0x6f840000, 0x76840000)
  object space 16384K, 92% used [0x6e840000,0x6f6f98f0,0x6f840000)
Event: 256.590 GC heap after
Heap after GC invocations=16 (full 0):
 PSYoungGen      total 17088K, used 152K [0x9f040000, 0xa06e0000, 0xb3440000)
  eden space 12032K, 0% used [0x9f040000,0x9f040000,0x9fc00000)
  from space 5056K, 3% used [0xa01f0000,0xa0216010,0xa06e0000)
  to   space 5568K, 0% used [0x9fc00000,0x9fc00000,0xa0170000)
 ParOldGen       total 41472K, used 8081K [0x76840000, 0x790c0000, 0x9f040000)
  object space 41472K, 19% used [0x76840000,0x77024410,0x790c0000)
 PSPermGen       total 16384K, used 15078K [0x6e840000, 0x6f840000, 0x76840000)
  object space 16384K, 92% used [0x6e840000,0x6f6f98f0,0x6f840000)
}

Deoptimization events (10 events):
Event: 252.451 Thread 0x67643000 Uncommon trap -34 fr.pc 0xb3666470
Event: 252.508 Thread 0x67dfa800 Uncommon trap -34 fr.pc 0xb3673dfc
Event: 252.508 Thread 0x67dfa800 Uncommon trap -34 fr.pc 0xb3672b3c
Event: 252.583 Thread 0x67dfa800 Uncommon trap -34 fr.pc 0xb367e930
Event: 260.647 Thread 0x67dfa800 Uncommon trap -34 fr.pc 0xb365cb44
Event: 264.067 Thread 0x67dfa800 Uncommon trap -83 fr.pc 0xb3631ea4
Event: 264.803 Thread 0x67dfa800 Uncommon trap -83 fr.pc 0xb3647f8c
Event: 264.872 Thread 0x67dfa800 Uncommon trap -34 fr.pc 0xb363d58c
Event: 264.873 Thread 0x67dfa800 Uncommon trap -34 fr.pc 0xb363d58c
Event: 264.873 Thread 0x67dfa800 Uncommon trap -83 fr.pc 0xb363d4ec

Internal exceptions (10 events):
Event: 8.055 Thread 0x6682e000 Threw 0x9f8b05c8 at /build/buildd/openjdk-7-7u21-2.3.9/build/openjdk/hotspot/src/share/vm/prims/jvm.cpp:1166
Event: 8.059 Thread 0x6682e000 Threw 0x9f8d8680 at /build/buildd/openjdk-7-7u21-2.3.9/build/openjdk/hotspot/src/share/vm/prims/jvm.cpp:1166
Event: 19.841 Thread 0x6adb8c00 Threw 0x9f0a2818 at /build/buildd/openjdk-7-7u21-2.3.9/build/openjdk/hotspot/src/share/vm/prims/jvm.cpp:1166
Event: 48.523 Thread 0x66f74c00 Threw 0x9fa29838 at /build/buildd/openjdk-7-7u21-2.3.9/build/openjdk/hotspot/src/share/vm/prims/jvm.cpp:1166
Event: 50.744 Thread 0x67346400 Implicit null exception at 0xb362b9cc to 0xb362c0bd
Event: 50.744 Thread 0x67346400 Implicit null exception at 0xb3635216 to 0xb3635561
Event: 50.748 Thread 0x67346400 Implicit null exception at 0xb362899c to 0xb3629081
Event: 51.057 Thread 0x66fec800 Implicit null exception at 0xb362ecac to 0xb362f3ed
Event: 51.059 Thread 0x66fec800 Implicit null exception at 0xb3632af8 to 0xb363322d
Event: 51.318 Thread 0x66fec800 Implicit null exception at 0xb36316fe to 0xb3631a39

Events (10 events):
Event: 264.875 Thread 0x6dd80c00 Thread added: 0x6dd80c00
Event: 264.875 Thread 0x6dd80c00 Thread exited: 0x6dd80c00
Event: 264.876 Thread 0x6dd80c00 Thread added: 0x6dd80c00
Event: 264.876 Thread 0x6dd80c00 Thread exited: 0x6dd80c00
Event: 264.876 Thread 0x6dd80c00 Thread added: 0x6dd80c00
Event: 264.876 Thread 0x6dd80c00 Thread exited: 0x6dd80c00
Event: 264.877 Thread 0x6dd80c00 Thread added: 0x6dd80c00
Event: 264.878 Thread 0x6dd80c00 Thread exited: 0x6dd80c00
Event: 264.878 Thread 0x6dd80c00 Thread added: 0x6dd80c00
Event: 264.878 Thread 0x6dd80c00 Thread exited: 0x6dd80c00


Dynamic libraries:
08048000-08049000 r-xp 00000000 08:06 1708580    /usr/lib/jvm/java-7-openjdk-i386/jre/bin/java
08049000-0804a000 r--p 00000000 08:06 1708580    /usr/lib/jvm/java-7-openjdk-i386/jre/bin/java
0804a000-0804b000 rw-p 00001000 08:06 1708580    /usr/lib/jvm/java-7-openjdk-i386/jre/bin/java
09be9000-09ccf000 rw-p 00000000 00:00 0          [heap]
5f0fa000-5f264000 r-xp 00000000 08:06 1706644    /usr/lib/i386-linux-gnu/libsamplerate.so.0.1.8
5f264000-5f265000 r--p 00169000 08:06 1706644    /usr/lib/i386-linux-gnu/libsamplerate.so.0.1.8
5f265000-5f266000 rw-p 0016a000 08:06 1706644    /usr/lib/i386-linux-gnu/libsamplerate.so.0.1.8
63195000-631e0000 r-xp 00000000 08:06 1703839    /usr/lib/libmodplug.so.1.0.0
631e0000-631e1000 ---p 0004b000 08:06 1703839    /usr/lib/libmodplug.so.1.0.0
631e1000-631e2000 r--p 0004b000 08:06 1703839    /usr/lib/libmodplug.so.1.0.0
631e2000-631e3000 rw-p 0004c000 08:06 1703839    /usr/lib/libmodplug.so.1.0.0
631e3000-63267000 rw-p 00000000 00:00 0 
63267000-63268000 ---p 00000000 00:00 0 
63268000-64669000 rw-p 00000000 00:00 0 
64669000-64a22000 rw-s 00000000 00:04 10059803   /SYSV00000000 (deleted)
64a22000-64d01000 r-xp 00000000 08:06 1705842    /usr/lib/i386-linux-gnu/libQtCore.so.4.8.4
64d01000-64d08000 r--p 002de000 08:06 1705842    /usr/lib/i386-linux-gnu/libQtCore.so.4.8.4
64d08000-64d09000 rw-p 002e5000 08:06 1705842    /usr/lib/i386-linux-gnu/libQtCore.so.4.8.4
64d09000-64d0a000 rw-p 00000000 00:00 0 
64d0a000-657b2000 r-xp 00000000 08:06 1705851    /usr/lib/i386-linux-gnu/libQtGui.so.4.8.4
657b2000-657d4000 r--p 00aa7000 08:06 1705851    /usr/lib/i386-linux-gnu/libQtGui.so.4.8.4
657d4000-657d8000 rw-p 00ac9000 08:06 1705851    /usr/lib/i386-linux-gnu/libQtGui.so.4.8.4
657d8000-657db000 rw-p 00000000 00:00 0 
657db000-659f0000 r-xp 00000000 08:06 407152     /usr/lib/vlc/plugins/gui/libqt4_plugin.so
659f0000-659f1000 ---p 00215000 08:06 407152     /usr/lib/vlc/plugins/gui/libqt4_plugin.so
659f1000-659fd000 r--p 00215000 08:06 407152     /usr/lib/vlc/plugins/gui/libqt4_plugin.so
659fd000-659ff000 rw-p 00221000 08:06 407152     /usr/lib/vlc/plugins/gui/libqt4_plugin.so
659ff000-65a00000 rw-p 00000000 00:00 0 
65a00000-65afd000 rw-p 00000000 00:00 0 
65afd000-65b00000 ---p 00000000 00:00 0 
65ba1000-65ba7000 r-xp 00000000 08:06 1706531    /usr/lib/i386-linux-gnu/libogg.so.0.8.0
65ba7000-65ba8000 r--p 00005000 08:06 1706531    /usr/lib/i386-linux-gnu/libogg.so.0.8.0
65ba8000-65ba9000 rw-p 00006000 08:06 1706531    /usr/lib/i386-linux-gnu/libogg.so.0.8.0
65ba9000-65bd2000 r-xp 00000000 08:06 1706753    /usr/lib/i386-linux-gnu/libvorbis.so.0.4.5
65bd2000-65bd3000 ---p 00029000 08:06 1706753    /usr/lib/i386-linux-gnu/libvorbis.so.0.4.5
65bd3000-65bd4000 r--p 00029000 08:06 1706753    /usr/lib/i386-linux-gnu/libvorbis.so.0.4.5
65bd4000-65bd5000 rw-p 0002a000 08:06 1706753    /usr/lib/i386-linux-gnu/libvorbis.so.0.4.5
65bd5000-65d3b000 r-xp 00000000 08:06 1706755    /usr/lib/i386-linux-gnu/libvorbisenc.so.2.0.8
65d3b000-65d4c000 r--p 00165000 08:06 1706755    /usr/lib/i386-linux-gnu/libvorbisenc.so.2.0.8
65d4c000-65d4d000 rw-p 00176000 08:06 1706755    /usr/lib/i386-linux-gnu/libvorbisenc.so.2.0.8
65d4d000-65d9b000 r-xp 00000000 08:06 1705817    /usr/lib/i386-linux-gnu/libFLAC.so.8.2.0
65d9b000-65d9c000 r--p 0004e000 08:06 1705817    /usr/lib/i386-linux-gnu/libFLAC.so.8.2.0
65d9c000-65d9d000 rw-p 0004f000 08:06 1705817    /usr/lib/i386-linux-gnu/libFLAC.so.8.2.0
65d9d000-65da2000 r-xp 00000000 08:06 1705965    /usr/lib/i386-linux-gnu/libasyncns.so.0.3.1
65da2000-65da3000 r--p 00004000 08:06 1705965    /usr/lib/i386-linux-gnu/libasyncns.so.0.3.1
65da3000-65da4000 rw-p 00005000 08:06 1705965    /usr/lib/i386-linux-gnu/libasyncns.so.0.3.1
65da4000-65e11000 r-xp 00000000 08:06 1706669    /usr/lib/i386-linux-gnu/libsndfile.so.1.0.25
65e11000-65e13000 r--p 0006c000 08:06 1706669    /usr/lib/i386-linux-gnu/libsndfile.so.1.0.25
65e13000-65e14000 rw-p 0006e000 08:06 1706669    /usr/lib/i386-linux-gnu/libsndfile.so.1.0.25
65e14000-65e18000 rw-p 00000000 00:00 0 
65eb0000-65edb000 r-xp 00000000 08:06 1706469    /usr/lib/i386-linux-gnu/liblua5.1.so.0.0.0
65edb000-65edc000 r--p 0002b000 08:06 1706469    /usr/lib/i386-linux-gnu/liblua5.1.so.0.0.0
65edc000-65edd000 rw-p 0002c000 08:06 1706469    /usr/lib/i386-linux-gnu/liblua5.1.so.0.0.0
65edd000-65f94000 r-xp 00000000 08:06 1706695    /usr/lib/i386-linux-gnu/libtag.so.1.12.0
65f94000-65f96000 r--p 000b7000 08:06 1706695    /usr/lib/i386-linux-gnu/libtag.so.1.12.0
65f96000-65f97000 rw-p 000b9000 08:06 1706695    /usr/lib/i386-linux-gnu/libtag.so.1.12.0
65f97000-66000000 r-xp 00000000 08:06 1708139    /usr/lib/i386-linux-gnu/pulseaudio/libpulsecommon-3.0.so
66000000-66001000 r--p 00068000 08:06 1708139    /usr/lib/i386-linux-gnu/pulseaudio/libpulsecommon-3.0.so
66001000-66002000 rw-p 00069000 08:06 1708139    /usr/lib/i386-linux-gnu/pulseaudio/libpulsecommon-3.0.so
66010000-6603a000 r-xp 00000000 08:06 405608     /usr/lib/vlc/plugins/lua/liblua_plugin.so
6603a000-6603b000 r--p 0002a000 08:06 405608     /usr/lib/vlc/plugins/lua/liblua_plugin.so
6603b000-6603c000 rw-p 0002b000 08:06 405608     /usr/lib/vlc/plugins/lua/liblua_plugin.so
6603c000-6609a000 r-xp 00000000 08:06 280623     /usr/lib/vlc/plugins/demux/liblive555_plugin.so
6609a000-6609b000 ---p 0005e000 08:06 280623     /usr/lib/vlc/plugins/demux/liblive555_plugin.so
6609b000-6609e000 r--p 0005e000 08:06 280623     /usr/lib/vlc/plugins/demux/liblive555_plugin.so
6609e000-660a3000 rw-p 00061000 08:06 280623     /usr/lib/vlc/plugins/demux/liblive555_plugin.so
660a3000-660a4000 rw-p 00000000 00:00 0 
660a4000-660a7000 ---p 00000000 00:00 0 
660a7000-660f5000 rw-p 00000000 00:00 0          [stack:7996]
660f5000-66141000 r-xp 00000000 08:06 1706602    /usr/lib/i386-linux-gnu/libpulse.so.0.15.3
66141000-66142000 ---p 0004c000 08:06 1706602    /usr/lib/i386-linux-gnu/libpulse.so.0.15.3
66142000-66143000 r--p 0004c000 08:06 1706602    /usr/lib/i386-linux-gnu/libpulse.so.0.15.3
66143000-66144000 rw-p 0004d000 08:06 1706602    /usr/lib/i386-linux-gnu/libpulse.so.0.15.3
66147000-66159000 r-xp 00000000 08:06 1720553    /usr/lib/libdvbpsi.so.7.0.0
66159000-6615a000 r--p 00011000 08:06 1720553    /usr/lib/libdvbpsi.so.7.0.0
6615a000-6615b000 rw-p 00012000 08:06 1720553    /usr/lib/libdvbpsi.so.7.0.0
66174000-66175000 ---p 00000000 00:00 0 
66175000-661f5000 rw-p 00000000 00:00 0          [stack:7994]
661f5000-662e2000 r-xp 00000000 08:06 1771845    /usr/lib/i386-linux-gnu/libasound.so.2.0.0
662e2000-662e6000 r--p 000ec000 08:06 1771845    /usr/lib/i386-linux-gnu/libasound.so.2.0.0
662e6000-662e7000 rw-p 000f0000 08:06 1771845    /usr/lib/i386-linux-gnu/libasound.so.2.0.0
662ec000-662ee000 r-xp 00000000 08:06 280628     /usr/lib/vlc/plugins/demux/libnsc_plugin.so
662ee000-662ef000 r--p 00001000 08:06 280628     /usr/lib/vlc/plugins/demux/libnsc_plugin.so
662ef000-662f0000 rw-p 00002000 08:06 280628     /usr/lib/vlc/plugins/demux/libnsc_plugin.so
662f0000-66306000 r-xp 00000000 08:06 1720189    /usr/lib/i386-linux-gnu/libmad.so.0.2.1
66306000-66307000 r--p 00015000 08:06 1720189    /usr/lib/i386-linux-gnu/libmad.so.0.2.1
66307000-66308000 rw-p 00016000 08:06 1720189    /usr/lib/i386-linux-gnu/libmad.so.0.2.1
66308000-66312000 r-xp 00000000 08:06 1720240    /usr/lib/liba52-0.7.4.so
66312000-66313000 r--p 00009000 08:06 1720240    /usr/lib/liba52-0.7.4.so
66313000-66314000 rw-p 0000a000 08:06 1720240    /usr/lib/liba52-0.7.4.so
66314000-66315000 rw-p 00000000 00:00 0 
66315000-66316000 ---p 00000000 00:00 0 
66316000-66396000 rw-p 00000000 00:00 0 
66396000-663d2000 r-xp 00000000 08:06 1706135    /usr/lib/i386-linux-gnu/libfaad.so.2.0.0
663d2000-663d3000 ---p 0003c000 08:06 1706135    /usr/lib/i386-linux-gnu/libfaad.so.2.0.0
663d3000-663d4000 r--p 0003c000 08:06 1706135    /usr/lib/i386-linux-gnu/libfaad.so.2.0.0
663d4000-663d7000 rw-p 0003d000 08:06 1706135    /usr/lib/i386-linux-gnu/libfaad.so.2.0.0
663d7000-66414000 r-xp 00000000 08:06 1706535    /usr/lib/i386-linux-gnu/libopus.so.0.2.0
66414000-66415000 r--p 0003c000 08:06 1706535    /usr/lib/i386-linux-gnu/libopus.so.0.2.0
66415000-66416000 rw-p 0003d000 08:06 1706535    /usr/lib/i386-linux-gnu/libopus.so.0.2.0
66416000-66427000 r-xp 00000000 08:06 262615     /lib/i386-linux-gnu/libusb-1.0.so.0.1.0
66427000-66428000 r--p 00010000 08:06 262615     /lib/i386-linux-gnu/libusb-1.0.so.0.1.0
66428000-66429000 rw-p 00011000 08:06 262615     /lib/i386-linux-gnu/libusb-1.0.so.0.1.0
66429000-6646c000 r-xp 00000000 08:06 1706494    /usr/lib/i386-linux-gnu/libmtp.so.9.0.5
6646c000-6646f000 r--p 00043000 08:06 1706494    /usr/lib/i386-linux-gnu/libmtp.so.9.0.5
6646f000-66476000 rw-p 00046000 08:06 1706494    /usr/lib/i386-linux-gnu/libmtp.so.9.0.5
66476000-664fc000 r-xp 00000000 08:06 1720486    /usr/lib/i386-linux-gnu/libdirac_encoder.so.0.1.0
664fc000-664fe000 r--p 00085000 08:06 1720486    /usr/lib/i386-linux-gnu/libdirac_encoder.so.0.1.0
664fe000-664ff000 rw-p 00087000 08:06 1720486    /usr/lib/i386-linux-gnu/libdirac_encoder.so.0.1.0
664ff000-66500000 rw-p 00000000 00:00 0 
66501000-66503000 r-xp 00000000 08:06 280611     /usr/lib/vlc/plugins/demux/libdemux_cdg_plugin.so
66503000-66504000 r--p 00001000 08:06 280611     /usr/lib/vlc/plugins/demux/libdemux_cdg_plugin.so
66504000-66505000 rw-p 00002000 08:06 280611     /usr/lib/vlc/plugins/demux/libdemux_cdg_plugin.so
66505000-66507000 r-xp 00000000 08:06 280631     /usr/lib/vlc/plugins/demux/librawdv_plugin.so
66507000-66508000 r--p 00001000 08:06 280631     /usr/lib/vlc/plugins/demux/librawdv_plugin.so
66508000-66509000 rw-p 00002000 08:06 280631     /usr/lib/vlc/plugins/demux/librawdv_plugin.so
66509000-6652e000 r-xp 00000000 08:06 1703665    /usr/lib/libdca.so.0.0.0
6652e000-6652f000 r--p 00024000 08:06 1703665    /usr/lib/libdca.so.0.0.0
6652f000-66530000 rw-p 00025000 08:06 1703665    /usr/lib/libdca.so.0.0.0
66530000-665fd000 r-xp 00000000 08:06 1706653    /usr/lib/i386-linux-gnu/libschroedinger-1.0.so.0.11.0
665fd000-665ff000 r--p 000cc000 08:06 1706653    /usr/lib/i386-linux-gnu/libschroedinger-1.0.so.0.11.0
665ff000-66600000 rw-p 000ce000 08:06 1706653    /usr/lib/i386-linux-gnu/libschroedinger-1.0.so.0.11.0
66600000-66700000 rw-p 00000000 00:00 0 
66700000-66703000 r-xp 00000000 08:06 280615     /usr/lib/vlc/plugins/demux/libmjpeg_plugin.so
66703000-66704000 r--p 00002000 08:06 280615     /usr/lib/vlc/plugins/demux/libmjpeg_plugin.so
66704000-66705000 rw-p 00003000 08:06 280615     /usr/lib/vlc/plugins/demux/libmjpeg_plugin.so
66705000-667fa000 r-xp 00000000 08:06 1720541    /usr/lib/libvlccore.so.5.1.1
667fa000-667ff000 r--p 000f5000 08:06 1720541    /usr/lib/libvlccore.so.5.1.1
667ff000-66800000 rw-p 000fa000 08:06 1720541    /usr/lib/libvlccore.so.5.1.1
66800000-66900000 rw-p 00000000 00:00 0 
66903000-6690b000 r-xp 00000000 08:06 262621     /lib/i386-linux-gnu/libwrap.so.0.7.6
6690b000-6690c000 r--p 00007000 08:06 262621     /lib/i386-linux-gnu/libwrap.so.0.7.6
6690c000-6690d000 rw-p 00008000 08:06 262621     /lib/i386-linux-gnu/libwrap.so.0.7.6
6690e000-66916000 r-xp 00000000 08:06 280637     /usr/lib/vlc/plugins/demux/libty_plugin.so
66916000-66917000 r--p 00007000 08:06 280637     /usr/lib/vlc/plugins/demux/libty_plugin.so
66917000-66918000 rw-p 00008000 08:06 280637     /usr/lib/vlc/plugins/demux/libty_plugin.so
66918000-6691c000 r-xp 00000000 08:06 262619     /lib/i386-linux-gnu/libuuid.so.1.3.0
6691c000-6691d000 r--p 00003000 08:06 262619     /lib/i386-linux-gnu/libuuid.so.1.3.0
6691d000-6691e000 rw-p 00004000 08:06 262619     /lib/i386-linux-gnu/libuuid.so.1.3.0
6691e000-66976000 r-xp 00000000 08:06 1722219    /usr/lib/i386-linux-gnu/libXt.so.6.0.0
66976000-66977000 r--p 00058000 08:06 1722219    /usr/lib/i386-linux-gnu/libXt.so.6.0.0
66977000-6697a000 rw-p 00059000 08:06 1722219    /usr/lib/i386-linux-gnu/libXt.so.6.0.0
6697a000-66990000 r-xp 00000000 08:06 1705827    /usr/lib/i386-linux-gnu/libICE.so.6.3.0
66990000-66991000 r--p 00015000 08:06 1705827    /usr/lib/i386-linux-gnu/libICE.so.6.3.0
66991000-66992000 rw-p 00016000 08:06 1705827    /usr/lib/i386-linux-gnu/libICE.so.6.3.0
66992000-66994000 rw-p 00000000 00:00 0 
66994000-6699b000 r-xp 00000000 08:06 1705877    /usr/lib/i386-linux-gnu/libSM.so.6.0.1
6699b000-6699c000 r--p 00006000 08:06 1705877    /usr/lib/i386-linux-gnu/libSM.so.6.0.1
6699c000-6699d000 rw-p 00007000 08:06 1705877    /usr/lib/i386-linux-gnu/libSM.so.6.0.1
6699d000-669b4000 r-xp 00000000 08:06 1705975    /usr/lib/i386-linux-gnu/libaudio.so.2.4
669b4000-669b5000 r--p 00016000 08:06 1705975    /usr/lib/i386-linux-gnu/libaudio.so.2.4
669b5000-669b6000 rw-p 00017000 08:06 1705975    /usr/lib/i386-linux-gnu/libaudio.so.2.4
669b8000-669ba000 r-xp 00000000 08:06 280658     /usr/lib/vlc/plugins/misc/libinhibit_plugin.so
669ba000-669bb000 r--p 00001000 08:06 280658     /usr/lib/vlc/plugins/misc/libinhibit_plugin.so
669bb000-669bc000 rw-p 00002000 08:06 280658     /usr/lib/vlc/plugins/misc/libinhibit_plugin.so
669bc000-669c2000 r-xp 00000000 08:06 405627     /usr/lib/vlc/plugins/control/libhotkeys_plugin.so
669c2000-669c3000 r--p 00005000 08:06 405627     /usr/lib/vlc/plugins/control/libhotkeys_plugin.so
669c3000-669c4000 rw-p 00006000 08:06 405627     /usr/lib/vlc/plugins/control/libhotkeys_plugin.so
669c4000-669c6000 r-xp 00000000 08:06 405485     /usr/lib/vlc/plugins/mmxext/libmemcpymmxext_plugin.so
669c6000-669c7000 r--p 00001000 08:06 405485     /usr/lib/vlc/plugins/mmxext/libmemcpymmxext_plugin.so
669c7000-669c8000 rw-p 00002000 08:06 405485     /usr/lib/vlc/plugins/mmxext/libmemcpymmxext_plugin.so
669c8000-669cd000 r-xp 00000000 08:06 405519     /usr/lib/vlc/plugins/audio_output/libalsa_plugin.so
669cd000-669ce000 r--p 00004000 08:06 405519     /usr/lib/vlc/plugins/audio_output/libalsa_plugin.so
669ce000-669cf000 rw-p 00005000 08:06 405519     /usr/lib/vlc/plugins/audio_output/libalsa_plugin.so
669cf000-669e9000 r-xp 00000000 08:06 1720543    /usr/lib/libvlc.so.5.3.2
669e9000-669ea000 r--p 00019000 08:06 1720543    /usr/lib/libvlc.so.5.3.2
669ea000-669eb000 rw-p 0001a000 08:06 1720543    /usr/lib/libvlc.so.5.3.2
669eb000-669ff000 r-xp 00000000 08:06 1439056    /tmp/jna-gene/jna3235513127958557250.tmp (deleted)
669ff000-66a00000 rw-p 00014000 08:06 1439056    /tmp/jna-gene/jna3235513127958557250.tmp (deleted)
66a00000-66ac4000 rw-p 00000000 00:00 0 
66ac4000-66b00000 ---p 00000000 00:00 0 
66b01000-66b09000 r-xp 00000000 08:06 262510     /lib/i386-linux-gnu/libjson.so.0.1.0
66b09000-66b0a000 r--p 00007000 08:06 262510     /lib/i386-linux-gnu/libjson.so.0.1.0
66b0a000-66b0b000 rw-p 00008000 08:06 262510     /lib/i386-linux-gnu/libjson.so.0.1.0
66b0b000-66b0e000 r-xp 00000000 08:06 1706600    /usr/lib/i386-linux-gnu/libpulse-simple.so.0.0.3
66b0e000-66b0f000 r--p 00002000 08:06 1706600    /usr/lib/i386-linux-gnu/libpulse-simple.so.0.0.3
66b0f000-66b10000 rw-p 00003000 08:06 1706600    /usr/lib/i386-linux-gnu/libpulse-simple.so.0.0.3
66b10000-66b13000 ---p 00000000 00:00 0 
66b13000-66b61000 rw-p 00000000 00:00 0 
66b63000-66b65000 r-xp 00000000 08:06 280629     /usr/lib/vlc/plugins/demux/libmpgv_plugin.so
66b65000-66b66000 r--p 00001000 08:06 280629     /usr/lib/vlc/plugins/demux/libmpgv_plugin.so
66b66000-66b67000 rw-p 00002000 08:06 280629     /usr/lib/vlc/plugins/demux/libmpgv_plugin.so
66b67000-66b7c000 r-xp 00000000 08:06 280622     /usr/lib/vlc/plugins/demux/libts_plugin.so
66b7c000-66b7d000 r--p 00014000 08:06 280622     /usr/lib/vlc/plugins/demux/libts_plugin.so
66b7d000-66b7e000 rw-p 00015000 08:06 280622     /usr/lib/vlc/plugins/demux/libts_plugin.so
66b7e000-66b80000 r-xp 00000000 08:06 405491     /usr/lib/vlc/plugins/audio_filter/libsamplerate_plugin.so
66b80000-66b81000 r--p 00001000 08:06 405491     /usr/lib/vlc/plugins/audio_filter/libsamplerate_plugin.so
66b81000-66b82000 rw-p 00002000 08:06 405491     /usr/lib/vlc/plugins/audio_filter/libsamplerate_plugin.so
66b82000-66b84000 r-xp 00000000 08:06 405501     /usr/lib/vlc/plugins/audio_filter/libmpgatofixed32_plugin.so
66b84000-66b85000 r--p 00001000 08:06 405501     /usr/lib/vlc/plugins/audio_filter/libmpgatofixed32_plugin.so
66b85000-66b86000 rw-p 00002000 08:06 405501     /usr/lib/vlc/plugins/audio_filter/libmpgatofixed32_plugin.so
66b86000-66b88000 r-xp 00000000 08:06 405496     /usr/lib/vlc/plugins/audio_filter/liba52tofloat32_plugin.so
66b88000-66b89000 r--p 00001000 08:06 405496     /usr/lib/vlc/plugins/audio_filter/liba52tofloat32_plugin.so
66b89000-66b8a000 rw-p 00002000 08:06 405496     /usr/lib/vlc/plugins/audio_filter/liba52tofloat32_plugin.so
66b8a000-66b8c000 r-xp 00000000 08:06 405511     /usr/lib/vlc/plugins/audio_filter/libdtstofloat32_plugin.so
66b8c000-66b8d000 r--p 00001000 08:06 405511     /usr/lib/vlc/plugins/audio_filter/libdtstofloat32_plugin.so
66b8d000-66b8e000 rw-p 00002000 08:06 405511     /usr/lib/vlc/plugins/audio_filter/libdtstofloat32_plugin.so
66b8e000-66b9b000 r-xp 00000000 08:06 405488     /usr/lib/vlc/plugins/meta_engine/libtaglib_plugin.so
66b9b000-66b9c000 r--p 0000c000 08:06 405488     /usr/lib/vlc/plugins/meta_engine/libtaglib_plugin.so
66b9c000-66b9d000 rw-p 0000d000 08:06 405488     /usr/lib/vlc/plugins/meta_engine/libtaglib_plugin.so
66b9d000-66c2b000 r-xp 00000000 08:06 1706537    /usr/lib/i386-linux-gnu/liborc-0.4.so.0.17.0
66c2b000-66c2c000 r--p 0008e000 08:06 1706537    /usr/lib/i386-linux-gnu/liborc-0.4.so.0.17.0
66c2c000-66c30000 rw-p 0008f000 08:06 1706537    /usr/lib/i386-linux-gnu/liborc-0.4.so.0.17.0
66c30000-66c33000 r-xp 00000000 08:06 405510     /usr/lib/vlc/plugins/audio_filter/libscaletempo_plugin.so
66c33000-66c34000 r--p 00002000 08:06 405510     /usr/lib/vlc/plugins/audio_filter/libscaletempo_plugin.so
66c34000-66c35000 rw-p 00003000 08:06 405510     /usr/lib/vlc/plugins/audio_filter/libscaletempo_plugin.so
66c35000-66c3c000 r-xp 00000000 08:06 407155     /usr/lib/vlc/plugins/audio_output/libpulse_plugin.so
66c3c000-66c3d000 r--p 00006000 08:06 407155     /usr/lib/vlc/plugins/audio_output/libpulse_plugin.so
66c3d000-66c3e000 rw-p 00007000 08:06 407155     /usr/lib/vlc/plugins/audio_output/libpulse_plugin.so
66c3e000-66c41000 r-xp 00000000 08:06 405456     /usr/lib/vlc/plugins/codec/libfaad_plugin.so
66c41000-66c42000 r--p 00002000 08:06 405456     /usr/lib/vlc/plugins/codec/libfaad_plugin.so
66c42000-66c43000 rw-p 00003000 08:06 405456     /usr/lib/vlc/plugins/codec/libfaad_plugin.so
66c43000-66c47000 r-xp 00000000 08:06 405477     /usr/lib/vlc/plugins/codec/libopus_plugin.so
66c47000-66c48000 r--p 00003000 08:06 405477     /usr/lib/vlc/plugins/codec/libopus_plugin.so
66c48000-66c49000 rw-p 00004000 08:06 405477     /usr/lib/vlc/plugins/codec/libopus_plugin.so
66c49000-66c52000 r-xp 00000000 08:06 405450     /usr/lib/vlc/plugins/codec/libschroedinger_plugin.so
66c52000-66c53000 r--p 00008000 08:06 405450     /usr/lib/vlc/plugins/codec/libschroedinger_plugin.so
66c53000-66c54000 rw-p 00009000 08:06 405450     /usr/lib/vlc/plugins/codec/libschroedinger_plugin.so
66c54000-66c57000 r-xp 00000000 08:06 405482     /usr/lib/vlc/plugins/codec/libcdg_plugin.so
66c57000-66c58000 r--p 00002000 08:06 405482     /usr/lib/vlc/plugins/codec/libcdg_plugin.so
66c58000-66c59000 rw-p 00003000 08:06 405482     /usr/lib/vlc/plugins/codec/libcdg_plugin.so
66c59000-66c5b000 r-xp 00000000 08:06 405481     /usr/lib/vlc/plugins/codec/libpng_plugin.so
66c5b000-66c5c000 r--p 00001000 08:06 405481     /usr/lib/vlc/plugins/codec/libpng_plugin.so
66c5c000-66c5d000 rw-p 00002000 08:06 405481     /usr/lib/vlc/plugins/codec/libpng_plugin.so
66c5d000-66c60000 r-xp 00000000 08:06 405449     /usr/lib/vlc/plugins/codec/libmpeg_audio_plugin.so
66c60000-66c61000 r--p 00002000 08:06 405449     /usr/lib/vlc/plugins/codec/libmpeg_audio_plugin.so
66c61000-66c62000 rw-p 00003000 08:06 405449     /usr/lib/vlc/plugins/codec/libmpeg_audio_plugin.so
66c62000-66c65000 r-xp 00000000 08:06 405473     /usr/lib/vlc/plugins/codec/libsvcdsub_plugin.so
66c65000-66c66000 r--p 00002000 08:06 405473     /usr/lib/vlc/plugins/codec/libsvcdsub_plugin.so
66c66000-66c67000 rw-p 00003000 08:06 405473     /usr/lib/vlc/plugins/codec/libsvcdsub_plugin.so
66c67000-66c6a000 r-xp 00000000 08:06 405455     /usr/lib/vlc/plugins/codec/libcvdsub_plugin.so
66c6a000-66c6b000 r--p 00002000 08:06 405455     /usr/lib/vlc/plugins/codec/libcvdsub_plugin.so
66c6b000-66c6c000 rw-p 00003000 08:06 405455     /usr/lib/vlc/plugins/codec/libcvdsub_plugin.so
66c6c000-66c70000 r-xp 00000000 08:06 405634     /usr/lib/vlc/plugins/packetizer/libpacketizer_flac_plugin.so
66c70000-66c71000 r--p 00003000 08:06 405634     /usr/lib/vlc/plugins/packetizer/libpacketizer_flac_plugin.so
66c71000-66c72000 rw-p 00004000 08:06 405634     /usr/lib/vlc/plugins/packetizer/libpacketizer_flac_plugin.so
66c72000-66c81000 r-xp 00000000 08:06 405635     /usr/lib/vlc/plugins/packetizer/libpacketizer_h264_plugin.so
66c81000-66c82000 r--p 0000e000 08:06 405635     /usr/lib/vlc/plugins/packetizer/libpacketizer_h264_plugin.so
66c82000-66c83000 rw-p 0000f000 08:06 405635     /usr/lib/vlc/plugins/packetizer/libpacketizer_h264_plugin.so
66c83000-66c9e000 r-xp 00000000 08:06 1706713    /usr/lib/i386-linux-gnu/libtheoradec.so.1.1.4
66c9e000-66c9f000 r--p 0001a000 08:06 1706713    /usr/lib/i386-linux-gnu/libtheoradec.so.1.1.4
66c9f000-66ca0000 rw-p 0001b000 08:06 1706713    /usr/lib/i386-linux-gnu/libtheoradec.so.1.1.4
66ca0000-66ce5000 r-xp 00000000 08:06 1706715    /usr/lib/i386-linux-gnu/libtheoraenc.so.1.1.2
66ce5000-66ce6000 r--p 00044000 08:06 1706715    /usr/lib/i386-linux-gnu/libtheoraenc.so.1.1.2
66ce6000-66ce7000 rw-p 00045000 08:06 1706715    /usr/lib/i386-linux-gnu/libtheoraenc.so.1.1.2
66ce7000-66cea000 r-xp 00000000 08:06 405458     /usr/lib/vlc/plugins/codec/libspudec_plugin.so
66cea000-66ceb000 r--p 00003000 08:06 405458     /usr/lib/vlc/plugins/codec/libspudec_plugin.so
66ceb000-66cec000 rw-p 00004000 08:06 405458     /usr/lib/vlc/plugins/codec/libspudec_plugin.so
66cec000-66cf1000 r-xp 00000000 08:06 405638     /usr/lib/vlc/plugins/packetizer/libpacketizer_mpegvideo_plugin.so
66cf1000-66cf2000 r--p 00004000 08:06 405638     /usr/lib/vlc/plugins/packetizer/libpacketizer_mpegvideo_plugin.so
66cf2000-66cf3000 rw-p 00005000 08:06 405638     /usr/lib/vlc/plugins/packetizer/libpacketizer_mpegvideo_plugin.so
66cf3000-66cf7000 r-xp 00000000 08:06 405636     /usr/lib/vlc/plugins/packetizer/libpacketizer_mlp_plugin.so
66cf7000-66cf8000 r--p 00003000 08:06 405636     /usr/lib/vlc/plugins/packetizer/libpacketizer_mlp_plugin.so
66cf8000-66cf9000 rw-p 00004000 08:06 405636     /usr/lib/vlc/plugins/packetizer/libpacketizer_mlp_plugin.so
66cf9000-66cfe000 r-xp 00000000 08:06 405637     /usr/lib/vlc/plugins/packetizer/libpacketizer_mpeg4video_plugin.so
66cfe000-66cff000 r--p 00004000 08:06 405637     /usr/lib/vlc/plugins/packetizer/libpacketizer_mpeg4video_plugin.so
66cff000-66d00000 rw-p 00005000 08:06 405637     /usr/lib/vlc/plugins/packetizer/libpacketizer_mpeg4video_plugin.so
66d02000-66d0a000 r-xp 00000000 08:06 280651     /usr/lib/vlc/plugins/demux/libps_plugin.so
66d0a000-66d0b000 r--p 00007000 08:06 280651     /usr/lib/vlc/plugins/demux/libps_plugin.so
66d0b000-66d0c000 rw-p 00008000 08:06 280651     /usr/lib/vlc/plugins/demux/libps_plugin.so
66d0c000-66d0f000 r-xp 00000000 08:06 280643     /usr/lib/vlc/plugins/demux/librawvid_plugin.so
66d0f000-66d10000 r--p 00002000 08:06 280643     /usr/lib/vlc/plugins/demux/librawvid_plugin.so
66d10000-66d11000 rw-p 00003000 08:06 280643     /usr/lib/vlc/plugins/demux/librawvid_plugin.so
66d11000-66d13000 r-xp 00000000 08:06 280612     /usr/lib/vlc/plugins/demux/libau_plugin.so
66d13000-66d14000 r--p 00001000 08:06 280612     /usr/lib/vlc/plugins/demux/libau_plugin.so
66d14000-66d15000 rw-p 00002000 08:06 280612     /usr/lib/vlc/plugins/demux/libau_plugin.so
66d15000-66d1a000 r-xp 00000000 08:06 280642     /usr/lib/vlc/plugins/demux/libmod_plugin.so
66d1a000-66d1b000 r--p 00004000 08:06 280642     /usr/lib/vlc/plugins/demux/libmod_plugin.so
66d1b000-66d1c000 rw-p 00005000 08:06 280642     /usr/lib/vlc/plugins/demux/libmod_plugin.so
66d1c000-66d1f000 r-xp 00000000 08:06 280627     /usr/lib/vlc/plugins/demux/libpva_plugin.so
66d1f000-66d20000 r--p 00002000 08:06 280627     /usr/lib/vlc/plugins/demux/libpva_plugin.so
66d20000-66d21000 rw-p 00003000 08:06 280627     /usr/lib/vlc/plugins/demux/libpva_plugin.so
66d21000-66d36000 r-xp 00000000 08:06 280613     /usr/lib/vlc/plugins/demux/libplaylist_plugin.so
66d36000-66d37000 r--p 00014000 08:06 280613     /usr/lib/vlc/plugins/demux/libplaylist_plugin.so
66d37000-66d38000 rw-p 00015000 08:06 280613     /usr/lib/vlc/plugins/demux/libplaylist_plugin.so
66d38000-66d56000 r-xp 00000000 08:06 1720529    /usr/lib/i386-linux-gnu/libebml.so.3
66d56000-66d57000 r--p 0001d000 08:06 1720529    /usr/lib/i386-linux-gnu/libebml.so.3
66d57000-66d58000 rw-p 0001e000 08:06 1720529    /usr/lib/i386-linux-gnu/libebml.so.3
66d58000-66d59000 rw-p 00000000 00:00 0 
66d59000-66dde000 r-xp 00000000 08:06 1720530    /usr/lib/i386-linux-gnu/libmatroska.so.5
66dde000-66de4000 r--p 00085000 08:06 1720530    /usr/lib/i386-linux-gnu/libmatroska.so.5
66de4000-66de5000 rw-p 0008b000 08:06 1720530    /usr/lib/i386-linux-gnu/libmatroska.so.5
66de5000-66de7000 rw-p 00000000 00:00 0 
66de7000-66de9000 r-xp 00000000 08:06 280616     /usr/lib/vlc/plugins/demux/libaiff_plugin.so
66de9000-66dea000 r--p 00001000 08:06 280616     /usr/lib/vlc/plugins/demux/libaiff_plugin.so
66dea000-66deb000 rw-p 00002000 08:06 280616     /usr/lib/vlc/plugins/demux/libaiff_plugin.so
66deb000-66dfe000 r-xp 00000000 08:06 280625     /usr/lib/vlc/plugins/demux/libogg_plugin.so
66dfe000-66dff000 r--p 00012000 08:06 280625     /usr/lib/vlc/plugins/demux/libogg_plugin.so
66dff000-66e00000 rw-p 00013000 08:06 280625     /usr/lib/vlc/plugins/demux/libogg_plugin.so
66e00000-66e06000 r-xp 00000000 08:06 405640     /usr/lib/vlc/plugins/packetizer/libpacketizer_mpeg4audio_plugin.so
66e06000-66e07000 r--p 00005000 08:06 405640     /usr/lib/vlc/plugins/packetizer/libpacketizer_mpeg4audio_plugin.so
66e07000-66e08000 rw-p 00006000 08:06 405640     /usr/lib/vlc/plugins/packetizer/libpacketizer_mpeg4audio_plugin.so
66e08000-66e10000 r-xp 00000000 08:06 405633     /usr/lib/vlc/plugins/packetizer/libpacketizer_vc1_plugin.so
66e10000-66e11000 r--p 00007000 08:06 405633     /usr/lib/vlc/plugins/packetizer/libpacketizer_vc1_plugin.so
66e11000-66e12000 rw-p 00008000 08:06 405633     /usr/lib/vlc/plugins/packetizer/libpacketizer_vc1_plugin.so
66e12000-66e31000 r-xp 00000000 08:06 1708460    /usr/lib/i386-linux-gnu/sse2/libspeex.so.1.5.0
66e31000-66e32000 r--p 0001e000 08:06 1708460    /usr/lib/i386-linux-gnu/sse2/libspeex.so.1.5.0
66e32000-66e33000 rw-p 0001f000 08:06 1708460    /usr/lib/i386-linux-gnu/sse2/libspeex.so.1.5.0
66e35000-66e3a000 r-xp 00000000 08:06 405641     /usr/lib/vlc/plugins/packetizer/libpacketizer_dirac_plugin.so
66e3a000-66e3b000 r--p 00005000 08:06 405641     /usr/lib/vlc/plugins/packetizer/libpacketizer_dirac_plugin.so
66e3b000-66e3c000 rw-p 00006000 08:06 405641     /usr/lib/vlc/plugins/packetizer/libpacketizer_dirac_plugin.so
66e3c000-66e42000 r-xp 00000000 08:06 405451     /usr/lib/vlc/plugins/codec/libtheora_plugin.so
66e42000-66e43000 r--p 00005000 08:06 405451     /usr/lib/vlc/plugins/codec/libtheora_plugin.so
66e43000-66e44000 rw-p 00006000 08:06 405451     /usr/lib/vlc/plugins/codec/libtheora_plugin.so
66e44000-66e4a000 r-xp 00000000 08:06 405479     /usr/lib/vlc/plugins/codec/libvorbis_plugin.so
66e4a000-66e4b000 r--p 00005000 08:06 405479     /usr/lib/vlc/plugins/codec/libvorbis_plugin.so
66e4b000-66e4c000 rw-p 00006000 08:06 405479     /usr/lib/vlc/plugins/codec/libvorbis_plugin.so
66e4c000-66e52000 r-xp 00000000 08:06 405478     /usr/lib/vlc/plugins/codec/libspeex_plugin.so
66e52000-66e53000 r--p 00005000 08:06 405478     /usr/lib/vlc/plugins/codec/libspeex_plugin.so
66e53000-66e54000 rw-p 00006000 08:06 405478     /usr/lib/vlc/plugins/codec/libspeex_plugin.so
66e54000-66e56000 r-xp 00000000 08:06 405483     /usr/lib/vlc/plugins/codec/libaes3_plugin.so
66e56000-66e57000 r--p 00001000 08:06 405483     /usr/lib/vlc/plugins/codec/libaes3_plugin.so
66e57000-66e58000 rw-p 00002000 08:06 405483     /usr/lib/vlc/plugins/codec/libaes3_plugin.so
66e58000-66e5a000 r-xp 00000000 08:06 405480     /usr/lib/vlc/plugins/codec/librawvideo_plugin.so
66e5a000-66e5b000 r--p 00001000 08:06 405480     /usr/lib/vlc/plugins/codec/librawvideo_plugin.so
66e5b000-66e5c000 rw-p 00002000 08:06 405480     /usr/lib/vlc/plugins/codec/librawvideo_plugin.so
66e5c000-66e60000 r-xp 00000000 08:06 405462     /usr/lib/vlc/plugins/codec/liblpcm_plugin.so
66e60000-66e61000 r--p 00003000 08:06 405462     /usr/lib/vlc/plugins/codec/liblpcm_plugin.so
66e61000-66e62000 rw-p 00004000 08:06 405462     /usr/lib/vlc/plugins/codec/liblpcm_plugin.so
66e62000-66e67000 r-xp 00000000 08:06 280640     /usr/lib/vlc/plugins/demux/libes_plugin.so
66e67000-66e68000 r--p 00004000 08:06 280640     /usr/lib/vlc/plugins/demux/libes_plugin.so
66e68000-66e69000 rw-p 00005000 08:06 280640     /usr/lib/vlc/plugins/demux/libes_plugin.so
66e69000-66e6d000 r-xp 00000000 08:06 280647     /usr/lib/vlc/plugins/demux/libflacsys_plugin.so
66e6d000-66e6e000 r--p 00004000 08:06 280647     /usr/lib/vlc/plugins/demux/libflacsys_plugin.so
66e6e000-66e6f000 rw-p 00005000 08:06 280647     /usr/lib/vlc/plugins/demux/libflacsys_plugin.so
66e6f000-66e7b000 r-xp 00000000 08:06 280632     /usr/lib/vlc/plugins/demux/libasf_plugin.so
66e7b000-66e7c000 r--p 0000b000 08:06 280632     /usr/lib/vlc/plugins/demux/libasf_plugin.so
66e7c000-66e7d000 rw-p 0000c000 08:06 280632     /usr/lib/vlc/plugins/demux/libasf_plugin.so
66e7d000-66e8d000 r-xp 00000000 08:06 280639     /usr/lib/vlc/plugins/demux/libavi_plugin.so
66e8d000-66e8e000 r--p 00010000 08:06 280639     /usr/lib/vlc/plugins/demux/libavi_plugin.so
66e8e000-66e8f000 rw-p 00011000 08:06 280639     /usr/lib/vlc/plugins/demux/libavi_plugin.so
66e8f000-66eb3000 r-xp 00000000 08:06 280624     /usr/lib/vlc/plugins/demux/libmp4_plugin.so
66eb3000-66eb4000 r--p 00024000 08:06 280624     /usr/lib/vlc/plugins/demux/libmp4_plugin.so
66eb4000-66eb5000 rw-p 00025000 08:06 280624     /usr/lib/vlc/plugins/demux/libmp4_plugin.so
66eb5000-66eb7000 r-xp 00000000 08:06 405645     /usr/lib/vlc/plugins/stream_filter/libstream_filter_record_plugin.so
66eb7000-66eb8000 r--p 00001000 08:06 405645     /usr/lib/vlc/plugins/stream_filter/libstream_filter_record_plugin.so
66eb8000-66eb9000 rw-p 00002000 08:06 405645     /usr/lib/vlc/plugins/stream_filter/libstream_filter_record_plugin.so
66eb9000-66ec1000 r-xp 00000000 08:06 1720591    /usr/lib/vlc/plugins/access/libzip_plugin.so
66ec1000-66ec2000 r--p 00007000 08:06 1720591    /usr/lib/vlc/plugins/access/libzip_plugin.so
66ec2000-66ec3000 rw-p 00008000 08:06 1720591    /usr/lib/vlc/plugins/access/libzip_plugin.so
66ec3000-66ede000 r-xp 00000000 08:06 405646     /usr/lib/vlc/plugins/stream_filter/libstream_filter_dash_plugin.so
66ede000-66edf000 r--p 0001b000 08:06 405646     /usr/lib/vlc/plugins/stream_filter/libstream_filter_dash_plugin.so
66edf000-66ee0000 rw-p 0001c000 08:06 405646     /usr/lib/vlc/plugins/stream_filter/libstream_filter_dash_plugin.so
66ee0000-66efe000 r-xp 00000000 08:06 1706115    /usr/lib/i386-linux-gnu/libdvdread.so.4.1.2
66efe000-66eff000 r--p 0001d000 08:06 1706115    /usr/lib/i386-linux-gnu/libdvdread.so.4.1.2
66eff000-66f00000 rw-p 0001e000 08:06 1706115    /usr/lib/i386-linux-gnu/libdvdread.so.4.1.2
66f00000-66ff9000 rw-p 00000000 00:00 0 
66ff9000-67000000 ---p 00000000 00:00 0 
67000000-670e3000 rw-p 00000000 00:00 0 
670e3000-67100000 ---p 00000000 00:00 0 
67100000-67104000 r-xp 00000000 08:06 280634     /usr/lib/vlc/plugins/demux/libimage_plugin.so
67104000-67105000 r--p 00003000 08:06 280634     /usr/lib/vlc/plugins/demux/libimage_plugin.so
67105000-67106000 rw-p 00004000 08:06 280634     /usr/lib/vlc/plugins/demux/libimage_plugin.so
67106000-67109000 r-xp 00000000 08:06 280630     /usr/lib/vlc/plugins/demux/libnsv_plugin.so
67109000-6710a000 r--p 00002000 08:06 280630     /usr/lib/vlc/plugins/demux/libnsv_plugin.so
6710a000-6710b000 rw-p 00003000 08:06 280630     /usr/lib/vlc/plugins/demux/libnsv_plugin.so
6710b000-6714e000 r-xp 00000000 08:06 280645     /usr/lib/vlc/plugins/demux/libmkv_plugin.so
6714e000-67150000 r--p 00042000 08:06 280645     /usr/lib/vlc/plugins/demux/libmkv_plugin.so
67150000-67151000 rw-p 00044000 08:06 280645     /usr/lib/vlc/plugins/demux/libmkv_plugin.so
67151000-6715d000 r-xp 00000000 08:06 1720560    /usr/lib/libresid-builder.so.0.0.1
6715d000-6715e000 r--p 0000b000 08:06 1720560    /usr/lib/libresid-builder.so.0.0.1
6715e000-6717f000 rw-p 0000c000 08:06 1720560    /usr/lib/libresid-builder.so.0.0.1
6717f000-671b7000 r-xp 00000000 08:06 1720563    /usr/lib/libsidplay2.so.1.0.1
671b7000-671b8000 ---p 00038000 08:06 1720563    /usr/lib/libsidplay2.so.1.0.1
671b8000-671b9000 r--p 00038000 08:06 1720563    /usr/lib/libsidplay2.so.1.0.1
671b9000-671ba000 rw-p 00039000 08:06 1720563    /usr/lib/libsidplay2.so.1.0.1
671bb000-671bd000 r-xp 00000000 08:06 280648     /usr/lib/vlc/plugins/demux/libxa_plugin.so
671bd000-671be000 r--p 00001000 08:06 280648     /usr/lib/vlc/plugins/demux/libxa_plugin.so
671be000-671bf000 rw-p 00002000 08:06 280648     /usr/lib/vlc/plugins/demux/libxa_plugin.so
671bf000-671c2000 r-xp 00000000 08:06 280636     /usr/lib/vlc/plugins/demux/libvoc_plugin.so
671c2000-671c3000 r--p 00002000 08:06 280636     /usr/lib/vlc/plugins/demux/libvoc_plugin.so
671c3000-671c4000 rw-p 00003000 08:06 280636     /usr/lib/vlc/plugins/demux/libvoc_plugin.so
671c4000-671c7000 r-xp 00000000 08:06 280646     /usr/lib/vlc/plugins/demux/libsmf_plugin.so
671c7000-671c8000 r--p 00002000 08:06 280646     /usr/lib/vlc/plugins/demux/libsmf_plugin.so
671c8000-671c9000 rw-p 00003000 08:06 280646     /usr/lib/vlc/plugins/demux/libsmf_plugin.so
671c9000-671d1000 r-xp 00000000 08:06 405597     /usr/lib/vlc/plugins/services_discovery/libsap_plugin.so
671d1000-671d2000 r--p 00007000 08:06 405597     /usr/lib/vlc/plugins/services_discovery/libsap_plugin.so
671d2000-671d3000 rw-p 00008000 08:06 405597     /usr/lib/vlc/plugins/services_discovery/libsap_plugin.so
671d3000-671e0000 r-xp 00000000 08:06 1720465    /usr/lib/libmpcdec.so.6.1.0
671e0000-671e1000 r--p 0000c000 08:06 1720465    /usr/lib/libmpcdec.so.6.1.0
671e1000-671e3000 rw-p 0000d000 08:06 1720465    /usr/lib/libmpcdec.so.6.1.0
671e4000-671e6000 r-xp 00000000 08:06 280619     /usr/lib/vlc/plugins/demux/libdirac_plugin.so
671e6000-671e7000 r--p 00001000 08:06 280619     /usr/lib/vlc/plugins/demux/libdirac_plugin.so
671e7000-671e8000 rw-p 00002000 08:06 280619     /usr/lib/vlc/plugins/demux/libdirac_plugin.so
671e8000-671eb000 r-xp 00000000 08:06 280641     /usr/lib/vlc/plugins/demux/libsid_plugin.so
671eb000-671ec000 r--p 00002000 08:06 280641     /usr/lib/vlc/plugins/demux/libsid_plugin.so
671ec000-671ed000 rw-p 00003000 08:06 280641     /usr/lib/vlc/plugins/demux/libsid_plugin.so
671ed000-671f0000 r-xp 00000000 08:06 280618     /usr/lib/vlc/plugins/demux/libwav_plugin.so
671f0000-671f1000 r--p 00003000 08:06 280618     /usr/lib/vlc/plugins/demux/libwav_plugin.so
671f1000-671f2000 rw-p 00004000 08:06 280618     /usr/lib/vlc/plugins/demux/libwav_plugin.so
671f2000-671f4000 r-xp 00000000 08:06 280650     /usr/lib/vlc/plugins/demux/libtta_plugin.so
671f4000-671f5000 r--p 00001000 08:06 280650     /usr/lib/vlc/plugins/demux/libtta_plugin.so
671f5000-671f6000 rw-p 00002000 08:06 280650     /usr/lib/vlc/plugins/demux/libtta_plugin.so
671f6000-671fa000 r-xp 00000000 08:06 280638     /usr/lib/vlc/plugins/demux/libnuv_plugin.so
671fa000-671fb000 r--p 00003000 08:06 280638     /usr/lib/vlc/plugins/demux/libnuv_plugin.so
671fb000-671fc000 rw-p 00004000 08:06 280638     /usr/lib/vlc/plugins/demux/libnuv_plugin.so
671fc000-671fe000 r-xp 00000000 08:06 280620     /usr/lib/vlc/plugins/demux/libmpc_plugin.so
671fe000-671ff000 r--p 00001000 08:06 280620     /usr/lib/vlc/plugins/demux/libmpc_plugin.so
671ff000-67200000 rw-p 00002000 08:06 280620     /usr/lib/vlc/plugins/demux/libmpc_plugin.so
67200000-672fd000 rw-p 00000000 00:00 0 
672fd000-67300000 ---p 00000000 00:00 0 
67300000-673f5000 rw-p 00000000 00:00 0 
673f5000-67400000 ---p 00000000 00:00 0 
67400000-674f5000 rw-p 00000000 00:00 0 
674f5000-67500000 ---p 00000000 00:00 0 
67503000-67505000 r-xp 00000000 08:06 405602     /usr/lib/vlc/plugins/services_discovery/libmtp_plugin.so
67505000-67506000 r--p 00001000 08:06 405602     /usr/lib/vlc/plugins/services_discovery/libmtp_plugin.so
67506000-67507000 rw-p 00002000 08:06 405602     /usr/lib/vlc/plugins/services_discovery/libmtp_plugin.so
67508000-6750b000 r-xp 00000000 08:06 1720599    /usr/lib/vlc/plugins/access/libstream_filter_rar_plugin.so
6750b000-6750c000 r--p 00002000 08:06 1720599    /usr/lib/vlc/plugins/access/libstream_filter_rar_plugin.so
6750c000-6750d000 rw-p 00003000 08:06 1720599    /usr/lib/vlc/plugins/access/libstream_filter_rar_plugin.so
6750d000-67521000 r-xp 00000000 08:06 1706111    /usr/lib/i386-linux-gnu/libdvdnav.so.4.1.2
67521000-67522000 r--p 00013000 08:06 1706111    /usr/lib/i386-linux-gnu/libdvdnav.so.4.1.2
67522000-67523000 rw-p 00014000 08:06 1706111    /usr/lib/i386-linux-gnu/libdvdnav.so.4.1.2
67525000-67528000 r-xp 00000000 08:06 405644     /usr/lib/vlc/plugins/stream_filter/libdecomp_plugin.so
67528000-67529000 r--p 00002000 08:06 405644     /usr/lib/vlc/plugins/stream_filter/libdecomp_plugin.so
67529000-6752a000 rw-p 00003000 08:06 405644     /usr/lib/vlc/plugins/stream_filter/libdecomp_plugin.so
6752a000-67534000 r-xp 00000000 08:06 405643     /usr/lib/vlc/plugins/stream_filter/libstream_filter_httplive_plugin.so
67534000-67535000 r--p 00009000 08:06 405643     /usr/lib/vlc/plugins/stream_filter/libstream_filter_httplive_plugin.so
67535000-67536000 rw-p 0000a000 08:06 405643     /usr/lib/vlc/plugins/stream_filter/libstream_filter_httplive_plugin.so
67536000-6753a000 r-xp 00000000 08:06 1720609    /usr/lib/vlc/plugins/access/libfilesystem_plugin.so
6753a000-6753b000 r--p 00003000 08:06 1720609    /usr/lib/vlc/plugins/access/libfilesystem_plugin.so
6753b000-6753c000 rw-p 00004000 08:06 1720609    /usr/lib/vlc/plugins/access/libfilesystem_plugin.so
6753c000-67546000 r-xp 00000000 08:06 1720582    /usr/lib/vlc/plugins/access/libdvdnav_plugin.so
67546000-67547000 r--p 0000a000 08:06 1720582    /usr/lib/vlc/plugins/access/libdvdnav_plugin.so
67547000-67548000 rw-p 0000b000 08:06 1720582    /usr/lib/vlc/plugins/access/libdvdnav_plugin.so
67548000-6757c000 r-xp 00000000 08:06 1720482    /usr/lib/i386-linux-gnu/libbluray.so.1.2.0
6757c000-6757d000 ---p 00034000 08:06 1720482    /usr/lib/i386-linux-gnu/libbluray.so.1.2.0
6757d000-6757e000 r--p 00034000 08:06 1720482    /usr/lib/i386-linux-gnu/libbluray.so.1.2.0
6757e000-6757f000 rw-p 00035000 08:06 1720482    /usr/lib/i386-linux-gnu/libbluray.so.1.2.0
6757f000-67582000 ---p 00000000 00:00 0 
67582000-67600000 rw-p 00000000 00:00 0          [stack:11414]
67600000-67700000 rw-p 00000000 00:00 0 
67700000-677ea000 rw-p 00000000 00:00 0 
677ea000-67800000 ---p 00000000 00:00 0 
67800000-67801000 r-xp 00000000 08:06 405592     /usr/lib/vlc/plugins/audio_mixer/libfloat32_mixer_plugin.so
67801000-67802000 r--p 00000000 08:06 405592     /usr/lib/vlc/plugins/audio_mixer/libfloat32_mixer_plugin.so
67802000-67803000 rw-p 00001000 08:06 405592     /usr/lib/vlc/plugins/audio_mixer/libfloat32_mixer_plugin.so
67803000-67808000 r-xp 00000000 08:06 1720610    /usr/lib/vlc/plugins/access/libaccess_vdr_plugin.so
67808000-67809000 r--p 00004000 08:06 1720610    /usr/lib/vlc/plugins/access/libaccess_vdr_plugin.so
67809000-6780a000 rw-p 00005000 08:06 1720610    /usr/lib/vlc/plugins/access/libaccess_vdr_plugin.so
6780a000-6781d000 r-xp 00000000 08:06 1720590    /usr/lib/vlc/plugins/access/libaccess_bd_plugin.so
6781d000-6781e000 r--p 00012000 08:06 1720590    /usr/lib/vlc/plugins/access/libaccess_bd_plugin.so
6781e000-6781f000 rw-p 00013000 08:06 1720590    /usr/lib/vlc/plugins/access/libaccess_bd_plugin.so
6781f000-67824000 r-xp 00000000 08:06 1720612    /usr/lib/vlc/plugins/access/liblibbluray_plugin.so
67824000-67825000 r--p 00004000 08:06 1720612    /usr/lib/vlc/plugins/access/liblibbluray_plugin.so
67825000-67826000 rw-p 00005000 08:06 1720612    /usr/lib/vlc/plugins/access/liblibbluray_plugin.so
67826000-67859000 rw-s 00000000 00:04 9895957    /SYSV00000000 (deleted)
67859000-678fd000 r-xp 00000000 08:06 1439053    /tmp/sqlite-3.7.151-i386-libsqlitejdbc.so
678fd000-678fe000 r--p 000a4000 08:06 1439053    /tmp/sqlite-3.7.151-i386-libsqlitejdbc.so
678fe000-678ff000 rw-p 000a5000 08:06 1439053    /tmp/sqlite-3.7.151-i386-libsqlitejdbc.so
678ff000-67900000 rw-p 00000000 00:00 0 
67900000-679f6000 rw-p 00000000 00:00 0 
679f6000-67a00000 ---p 00000000 00:00 0 
67a00000-67a01000 rwxp 00000000 00:00 0 
67a01000-67a02000 r-xp 00000000 08:06 1708656    /usr/lib/jvm/java-7-openjdk-i386/jre/lib/i386/libjawt.so
67a02000-67a03000 r--p 00000000 08:06 1708656    /usr/lib/jvm/java-7-openjdk-i386/jre/lib/i386/libjawt.so
67a03000-67a04000 rw-p 00001000 08:06 1708656    /usr/lib/jvm/java-7-openjdk-i386/jre/lib/i386/libjawt.so
67a05000-67a0c000 r--s 00000000 08:06 1707538    /usr/lib/i386-linux-gnu/gconv/gconv-modules.cache
67a0c000-67a0d000 rw-p 00000000 00:00 0 
67a0d000-67a10000 ---p 00000000 00:00 0 
67a10000-67a5e000 rw-p 00000000 00:00 0          [stack:7978]
67a5e000-67a61000 ---p 00000000 00:00 0 
67a61000-67aaf000 rw-p 00000000 00:00 0          [stack:7971]
67aaf000-67ab2000 ---p 00000000 00:00 0 
67ab2000-67b00000 rw-p 00000000 00:00 0          [stack:7970]
67b00000-67b29000 rw-p 00000000 00:00 0 
67b29000-67c00000 ---p 00000000 00:00 0 
67c00000-67c05000 r--s 0004c000 08:06 1708535    /usr/lib/jvm/java-7-openjdk-common/jre/lib/jsse.jar
67c05000-67c16000 r-xp 00000000 08:06 1708665    /usr/lib/jvm/java-7-openjdk-i386/jre/lib/i386/libnio.so
67c16000-67c17000 r--p 00010000 08:06 1708665    /usr/lib/jvm/java-7-openjdk-i386/jre/lib/i386/libnio.so
67c17000-67c18000 rw-p 00011000 08:06 1708665    /usr/lib/jvm/java-7-openjdk-i386/jre/lib/i386/libnio.so
67c18000-67c19000 r--s 00000000 08:06 936139     /var/cache/fontconfig/c05880de57d1f5e948fdfacc138775d9-le32d4.cache-3
67c19000-67c1f000 r--s 00000000 08:06 936131     /var/cache/fontconfig/945677eb7aeaf62f1d50efc3fb3ec7d8-le32d4.cache-3
67c1f000-67c22000 r--s 00000000 08:06 938992     /var/cache/fontconfig/99e8ed0e538f840c565b6ed5dad60d56-le32d4.cache-3
67c22000-67c28000 r--s 00000000 08:06 936659     /var/cache/fontconfig/a6d8cf8e4ec09cdbc8633c31745a07dd-le32d4.cache-3
67c28000-67c2b000 r--s 00000000 08:06 936113     /var/cache/fontconfig/2cd17615ca594fa2959ae173292e504c-le32d4.cache-3
67c2b000-67c2c000 r--s 00000000 08:06 936148     /var/cache/fontconfig/e7071f4a29fa870f4323321c154eba04-le32d4.cache-3
67c2c000-67c30000 r--s 00000000 08:06 936658     /var/cache/fontconfig/6eb3985aa4124903f6ff08ba781cd364-le32d4.cache-3
67c30000-67c31000 r--s 00000000 08:06 936110     /var/cache/fontconfig/0d8c3b2ac0904cb8a57a757ad11a4a08-le32d4.cache-3
67c31000-67c35000 r--s 00000000 08:06 936135     /var/cache/fontconfig/a755afe4a08bf5b97852ceb7400b47bc-le32d4.cache-3
67c35000-67c3c000 r--s 00000000 08:06 936126     /var/cache/fontconfig/6d41288fd70b0be22e8c3a91e032eec0-le32d4.cache-3
67c3c000-67c47000 r--s 00000000 08:06 936108     /var/cache/fontconfig/04aabc0a78ac019cf9454389977116d2-le32d4.cache-3
67c47000-67c48000 r--s 00000000 08:06 936112     /var/cache/fontconfig/1ac9eb803944fde146138c791f5cc56a-le32d4.cache-3
67c48000-67c4b000 r--s 00000000 08:06 936117     /var/cache/fontconfig/385c0604a188198f04d133e54aba7fe7-le32d4.cache-3
67c4b000-67c4c000 r--s 00000000 08:06 938732     /var/cache/fontconfig/9c956a7723ca69a44b382d9179c9802f-le32d4.cache-3
67c4c000-67c4d000 r--s 00000000 08:06 936145     /var/cache/fontconfig/dc05db6664285cc2f12bf69c139ae4c3-le32d4.cache-3
67c4d000-67c4f000 r--s 00000000 08:06 936128     /var/cache/fontconfig/767a8244fc0220cfb567a839d0392e0b-le32d4.cache-3
67c4f000-67c50000 r--s 00000000 08:06 936118     /var/cache/fontconfig/4794a0821666d79190d59a36cb4f44b5-le32d4.cache-3
67c50000-67c51000 r--s 00000000 08:06 938731     /var/cache/fontconfig/9eae20f1ff8cc0a7d125749e875856bd-le32d4.cache-3
67c51000-67c53000 r--s 00000000 08:06 938730     /var/cache/fontconfig/bf2c1853a9e9b00bb02fe2e9bcf1e201-le32d4.cache-3
67c53000-67c56000 r--s 00000000 08:06 936130     /var/cache/fontconfig/8801497958630a81b71ace7c5f9b32a8-le32d4.cache-3
67c56000-67c79000 r--s 00000000 08:06 938729     /var/cache/fontconfig/365b55f210c0a22e9a19e35191240f32-le32d4.cache-3
67c79000-67c7b000 r--s 00000000 08:06 938722     /var/cache/fontconfig/c57959a16110560c8d0fcea73374aeeb-le32d4.cache-3
67c7b000-67c7f000 r--s 00000000 08:06 936114     /var/cache/fontconfig/3047814df9a2f067bd2d96a2b9c36e5a-le32d4.cache-3
67c7f000-67c80000 r--s 00000000 08:06 936121     /var/cache/fontconfig/56cf4f4769d0f4abc89a4895d7bd3ae1-le32d4.cache-3
67c80000-67c81000 r--s 00000000 08:06 936138     /var/cache/fontconfig/b9d506c9ac06c20b433354fa67a72993-le32d4.cache-3
67c81000-67c85000 r--s 00000000 08:06 936137     /var/cache/fontconfig/b47c4e1ecd0709278f4910c18777a504-le32d4.cache-3
67c85000-67c8b000 r--s 00000000 08:06 936657     /var/cache/fontconfig/52f7bdb7ce746bfd7eaa1985bd9cfa93-le32d4.cache-3
67c8b000-67c98000 r--s 00000000 08:06 936143     /var/cache/fontconfig/d52a8644073d54c13679302ca1180695-le32d4.cache-3
67c98000-67c9e000 r--s 00000000 08:06 936656     /var/cache/fontconfig/3f7329c5293ffd510edef78f73874cfd-le32d4.cache-3
67c9e000-67ca5000 r--s 00000000 08:06 938721     /var/cache/fontconfig/83bf95040141907cd45bb53cf7c1c148-le32d4.cache-3
67ca5000-67cae000 r--s 00000000 08:06 938720     /var/cache/fontconfig/53d14c92082a93e67d5078324eb314ca-le32d4.cache-3
67cae000-67cbb000 r--s 00000000 08:06 938717     /var/cache/fontconfig/4ac51e5cfbc76fc3f983e470323a16d3-le32d4.cache-3
67cbb000-67cfe000 r-xp 00000000 08:06 1708645    /usr/lib/jvm/java-7-openjdk-i386/jre/lib/i386/libfontmanager.so
67cfe000-67cff000 r--p 00043000 08:06 1708645    /usr/lib/jvm/java-7-openjdk-i386/jre/lib/i386/libfontmanager.so
67cff000-67d00000 rw-p 00044000 08:06 1708645    /usr/lib/jvm/java-7-openjdk-i386/jre/lib/i386/libfontmanager.so
67d00000-67e00000 rw-p 00000000 00:00 0 
67e00000-67e02000 r--s 00000000 08:06 938728     /var/cache/fontconfig/14d493b97896515cad3840ba4896e372-le32d4.cache-3
67e02000-67e03000 r--s 00000000 08:06 938727     /var/cache/fontconfig/89034621ae2a8922916bb6bfa5799546-le32d4.cache-3
67e03000-67e05000 r--s 00000000 08:06 936147     /var/cache/fontconfig/e49e89034d371f0f9de17aab02136486-le32d4.cache-3
67e05000-67e0d000 r--s 00000000 08:06 938718     /var/cache/fontconfig/e13b20fdb08344e0e664864cc2ede53d-le32d4.cache-3
67e0d000-67e11000 r--s 00000000 08:06 940648     /var/cache/fontconfig/7ef2298fde41cc6eeb7af42e48b7d293-le32d4.cache-3
67e11000-67e22000 r--s 00000000 08:06 938993     /var/cache/fontconfig/467c019e582ee353435ea5c21d137ef6-le32d4.cache-3
67e22000-67e26000 r--s 00000000 08:06 394128     /home/gene/.cache/fontconfig/3ecda6abc85ff6f54114f03ae3c1fe72-le32d4.cache-3
67e26000-67e29000 ---p 00000000 00:00 0 
67e29000-67e77000 rw-p 00000000 00:00 0          [stack:7966]
67e77000-67e7a000 ---p 00000000 00:00 0 
67e7a000-67ec8000 rw-p 00000000 00:00 0          [stack:7964]
67ec8000-69037000 r-xp 00000000 08:06 1706398    /usr/lib/i386-linux-gnu/libicudata.so.48.1.1
69037000-69038000 r--p 0116e000 08:06 1706398    /usr/lib/i386-linux-gnu/libicudata.so.48.1.1
69038000-69039000 rw-p 0116f000 08:06 1706398    /usr/lib/i386-linux-gnu/libicudata.so.48.1.1
69039000-6903c000 r-xp 00000000 08:06 262501     /lib/i386-linux-gnu/libgpg-error.so.0.8.0
6903c000-6903d000 r--p 00002000 08:06 262501     /lib/i386-linux-gnu/libgpg-error.so.0.8.0
6903d000-6903e000 rw-p 00003000 08:06 262501     /lib/i386-linux-gnu/libgpg-error.so.0.8.0
6903e000-69040000 r-xp 00000000 08:06 262512     /lib/i386-linux-gnu/libkeyutils.so.1.4
69040000-69041000 r--p 00002000 08:06 262512     /lib/i386-linux-gnu/libkeyutils.so.1.4
69041000-69042000 rw-p 00003000 08:06 262512     /lib/i386-linux-gnu/libkeyutils.so.1.4
69042000-69198000 r-xp 00000000 08:06 1706412    /usr/lib/i386-linux-gnu/libicuuc.so.48.1.1
69198000-691a2000 r--p 00155000 08:06 1706412    /usr/lib/i386-linux-gnu/libicuuc.so.48.1.1
691a2000-691a3000 rw-p 0015f000 08:06 1706412    /usr/lib/i386-linux-gnu/libicuuc.so.48.1.1
691a3000-691a7000 rw-p 00000000 00:00 0 
691a7000-691da000 r-xp 00000000 08:06 1706404    /usr/lib/i386-linux-gnu/libicule.so.48.1.1
691da000-691db000 ---p 00033000 08:06 1706404    /usr/lib/i386-linux-gnu/libicule.so.48.1.1
691db000-691dc000 r--p 00033000 08:06 1706404    /usr/lib/i386-linux-gnu/libicule.so.48.1.1
691dc000-691dd000 rw-p 00034000 08:06 1706404    /usr/lib/i386-linux-gnu/libicule.so.48.1.1
691dd000-69225000 r-xp 00000000 08:06 262482     /lib/i386-linux-gnu/libdbus-1.so.3.7.2
69225000-69226000 r--p 00047000 08:06 262482     /lib/i386-linux-gnu/libdbus-1.so.3.7.2
69226000-69227000 rw-p 00048000 08:06 262482     /lib/i386-linux-gnu/libdbus-1.so.3.7.2
69227000-69239000 r-xp 00000000 08:06 1706541    /usr/lib/i386-linux-gnu/libp11-kit.so.0.0.0
69239000-6923a000 r--p 00011000 08:06 1706541    /usr/lib/i386-linux-gnu/libp11-kit.so.0.0.0
6923a000-6923b000 rw-p 00012000 08:06 1706541    /usr/lib/i386-linux-gnu/libp11-kit.so.0.0.0
6923b000-6924b000 r-xp 00000000 08:06 1706699    /usr/lib/i386-linux-gnu/libtasn1.so.3.2.0
6924b000-6924c000 r--p 0000f000 08:06 1706699    /usr/lib/i386-linux-gnu/libtasn1.so.3.2.0
6924c000-6924d000 rw-p 00010000 08:06 1706699    /usr/lib/i386-linux-gnu/libtasn1.so.3.2.0
6924d000-692ce000 r-xp 00000000 08:06 262497     /lib/i386-linux-gnu/libgcrypt.so.11.7.0
692ce000-692cf000 r--p 00080000 08:06 262497     /lib/i386-linux-gnu/libgcrypt.so.11.7.0
692cf000-692d1000 rw-p 00081000 08:06 262497     /lib/i386-linux-gnu/libgcrypt.so.11.7.0
692d1000-692d8000 r-xp 00000000 08:06 1706449    /usr/lib/i386-linux-gnu/libkrb5support.so.0.1
692d8000-692d9000 r--p 00006000 08:06 1706449    /usr/lib/i386-linux-gnu/libkrb5support.so.0.1
692d9000-692da000 rw-p 00007000 08:06 1706449    /usr/lib/i386-linux-gnu/libkrb5support.so.0.1
692da000-692dd000 r-xp 00000000 08:06 262477     /lib/i386-linux-gnu/libcom_err.so.2.1
692dd000-692de000 r--p 00002000 08:06 262477     /lib/i386-linux-gnu/libcom_err.so.2.1
692de000-692df000 rw-p 00003000 08:06 262477     /lib/i386-linux-gnu/libcom_err.so.2.1
692df000-69305000 r-xp 00000000 08:06 1706443    /usr/lib/i386-linux-gnu/libk5crypto.so.3.1
69305000-69306000 r--p 00026000 08:06 1706443    /usr/lib/i386-linux-gnu/libk5crypto.so.3.1
69306000-69307000 rw-p 00027000 08:06 1706443    /usr/lib/i386-linux-gnu/libk5crypto.so.3.1
69307000-693ce000 r-xp 00000000 08:06 1706447    /usr/lib/i386-linux-gnu/libkrb5.so.3.3
693ce000-693d4000 r--p 000c6000 08:06 1706447    /usr/lib/i386-linux-gnu/libkrb5.so.3.3
693d4000-693d5000 rw-p 000cc000 08:06 1706447    /usr/lib/i386-linux-gnu/libkrb5.so.3.3
693d5000-6946d000 r-xp 00000000 08:06 1706380    /usr/lib/i386-linux-gnu/libharfbuzz.so.0.913.0
6946d000-6946e000 ---p 00098000 08:06 1706380    /usr/lib/i386-linux-gnu/libharfbuzz.so.0.913.0
6946e000-6946f000 r--p 00098000 08:06 1706380    /usr/lib/i386-linux-gnu/libharfbuzz.so.0.913.0
6946f000-69470000 rw-p 00099000 08:06 1706380    /usr/lib/i386-linux-gnu/libharfbuzz.so.0.913.0
69470000-69478000 r-xp 00000000 08:06 1706787    /usr/lib/i386-linux-gnu/libxcb-render.so.0.0.0
69478000-69479000 r--p 00008000 08:06 1706787    /usr/lib/i386-linux-gnu/libxcb-render.so.0.0.0
69479000-6947a000 rw-p 00009000 08:06 1706787    /usr/lib/i386-linux-gnu/libxcb-render.so.0.0.0
6947a000-6947c000 r-xp 00000000 08:06 1706791    /usr/lib/i386-linux-gnu/libxcb-shm.so.0.0.0
6947c000-6947d000 r--p 00001000 08:06 1706791    /usr/lib/i386-linux-gnu/libxcb-shm.so.0.0.0
6947d000-6947e000 rw-p 00002000 08:06 1706791    /usr/lib/i386-linux-gnu/libxcb-shm.so.0.0.0
6947e000-694a5000 r-xp 00000000 08:06 262578     /lib/i386-linux-gnu/libpng12.so.0.49.0
694a5000-694a6000 r--p 00026000 08:06 262578     /lib/i386-linux-gnu/libpng12.so.0.49.0
694a6000-694a7000 rw-p 00027000 08:06 262578     /lib/i386-linux-gnu/libpng12.so.0.49.0
694a7000-6953b000 r-xp 00000000 08:06 1706571    /usr/lib/i386-linux-gnu/libpixman-1.so.0.28.2
6953b000-69540000 r--p 00093000 08:06 1706571    /usr/lib/i386-linux-gnu/libpixman-1.so.0.28.2
69540000-69541000 rw-p 00098000 08:06 1706571    /usr/lib/i386-linux-gnu/libpixman-1.so.0.28.2
69541000-69546000 r-xp 00000000 08:06 1705898    /usr/lib/i386-linux-gnu/libXdmcp.so.6.0.0
69546000-69547000 r--p 00004000 08:06 1705898    /usr/lib/i386-linux-gnu/libXdmcp.so.6.0.0
69547000-69548000 rw-p 00005000 08:06 1705898    /usr/lib/i386-linux-gnu/libXdmcp.so.6.0.0
69548000-6954a000 r-xp 00000000 08:06 1705887    /usr/lib/i386-linux-gnu/libXau.so.6.0.0
6954a000-6954b000 r--p 00001000 08:06 1705887    /usr/lib/i386-linux-gnu/libXau.so.6.0.0
6954b000-6954c000 rw-p 00002000 08:06 1705887    /usr/lib/i386-linux-gnu/libXau.so.6.0.0
6954c000-6955c000 r-xp 00000000 08:06 1705977    /usr/lib/i386-linux-gnu/libavahi-client.so.3.2.9
6955c000-6955d000 r--p 0000f000 08:06 1705977    /usr/lib/i386-linux-gnu/libavahi-client.so.3.2.9
6955d000-6955e000 rw-p 00010000 08:06 1705977    /usr/lib/i386-linux-gnu/libavahi-client.so.3.2.9
6955e000-6956a000 r-xp 00000000 08:06 1705979    /usr/lib/i386-linux-gnu/libavahi-common.so.3.5.3
6956a000-6956b000 r--p 0000b000 08:06 1705979    /usr/lib/i386-linux-gnu/libavahi-common.so.3.5.3
6956b000-6956c000 rw-p 0000c000 08:06 1705979    /usr/lib/i386-linux-gnu/libavahi-common.so.3.5.3
6956c000-6962c000 r-xp 00000000 08:06 1706251    /usr/lib/i386-linux-gnu/libgnutls.so.26.22.6
6962c000-69630000 r--p 000bf000 08:06 1706251    /usr/lib/i386-linux-gnu/libgnutls.so.26.22.6
69630000-69631000 rw-p 000c3000 08:06 1706251    /usr/lib/i386-linux-gnu/libgnutls.so.26.22.6
69631000-6966c000 r-xp 00000000 08:06 1706276    /usr/lib/i386-linux-gnu/libgssapi_krb5.so.2.2
6966c000-6966d000 r--p 0003a000 08:06 1706276    /usr/lib/i386-linux-gnu/libgssapi_krb5.so.2.2
6966d000-6966e000 rw-p 0003b000 08:06 1706276    /usr/lib/i386-linux-gnu/libgssapi_krb5.so.2.2
6966e000-696ad000 r-xp 00000000 08:06 262566     /lib/i386-linux-gnu/libpcre.so.3.13.1
696ad000-696ae000 r--p 0003f000 08:06 262566     /lib/i386-linux-gnu/libpcre.so.3.13.1
696ae000-696af000 rw-p 00040000 08:06 262566     /lib/i386-linux-gnu/libpcre.so.3.13.1
696af000-696b4000 r-xp 00000000 08:06 1706141    /usr/lib/i386-linux-gnu/libffi.so.6.0.1
696b4000-696b5000 r--p 00005000 08:06 1706141    /usr/lib/i386-linux-gnu/libffi.so.6.0.1
696b5000-696b6000 rw-p 00006000 08:06 1706141    /usr/lib/i386-linux-gnu/libffi.so.6.0.1
696b6000-696db000 r-xp 00000000 08:06 262490     /lib/i386-linux-gnu/libexpat.so.1.6.0
696db000-696dd000 r--p 00025000 08:06 262490     /lib/i386-linux-gnu/libexpat.so.1.6.0
696dd000-696de000 rw-p 00027000 08:06 262490     /lib/i386-linux-gnu/libexpat.so.1.6.0
696de000-69774000 r-xp 00000000 08:06 1706179    /usr/lib/i386-linux-gnu/libfreetype.so.6.10.0
69774000-69778000 r--p 00095000 08:06 1706179    /usr/lib/i386-linux-gnu/libfreetype.so.6.10.0
69778000-69779000 rw-p 00099000 08:06 1706179    /usr/lib/i386-linux-gnu/libfreetype.so.6.10.0
69779000-6978c000 r-xp 00000000 08:06 262589     /lib/i386-linux-gnu/libresolv-2.17.so
6978c000-6978d000 r--p 00013000 08:06 262589     /lib/i386-linux-gnu/libresolv-2.17.so
6978d000-6978e000 rw-p 00014000 08:06 262589     /lib/i386-linux-gnu/libresolv-2.17.so
6978e000-69790000 rw-p 00000000 00:00 0 
69790000-697ad000 r-xp 00000000 08:06 262593     /lib/i386-linux-gnu/libselinux.so.1
697ad000-697ae000 r--p 0001c000 08:06 262593     /lib/i386-linux-gnu/libselinux.so.1
697ae000-697af000 rw-p 0001d000 08:06 262593     /lib/i386-linux-gnu/libselinux.so.1
697af000-697b8000 r-xp 00000000 08:06 1705894    /usr/lib/i386-linux-gnu/libXcursor.so.1.0.2
697b8000-697b9000 r--p 00008000 08:06 1705894    /usr/lib/i386-linux-gnu/libXcursor.so.1.0.2
697b9000-697ba000 rw-p 00009000 08:06 1705894    /usr/lib/i386-linux-gnu/libXcursor.so.1.0.2
697ba000-697cc000 r-xp 00000000 08:06 1706553    /usr/lib/i386-linux-gnu/libpangoft2-1.0.so.0.3200.5
697cc000-697cd000 r--p 00011000 08:06 1706553    /usr/lib/i386-linux-gnu/libpangoft2-1.0.so.0.3200.5
697cd000-697ce000 rw-p 00012000 08:06 1706553    /usr/lib/i386-linux-gnu/libpangoft2-1.0.so.0.3200.5
697ce000-698e1000 r-xp 00000000 08:06 1706005    /usr/lib/i386-linux-gnu/libcairo.so.2.11200.14
698e1000-698e3000 r--p 00113000 08:06 1706005    /usr/lib/i386-linux-gnu/libcairo.so.2.11200.14
698e3000-698e4000 rw-p 00115000 08:06 1706005    /usr/lib/i386-linux-gnu/libcairo.so.2.11200.14
698e4000-698e5000 rw-p 00000000 00:00 0 
698e5000-69903000 r-xp 00000000 08:06 1705967    /usr/lib/i386-linux-gnu/libatk-1.0.so.0.20809.1
69903000-69905000 r--p 0001d000 08:06 1705967    /usr/lib/i386-linux-gnu/libatk-1.0.so.0.20809.1
69905000-69906000 rw-p 0001f000 08:06 1705967    /usr/lib/i386-linux-gnu/libatk-1.0.so.0.20809.1
69906000-69960000 r-xp 00000000 08:06 1706064    /usr/lib/i386-linux-gnu/libcups.so.2
69960000-69961000 ---p 0005a000 08:06 1706064    /usr/lib/i386-linux-gnu/libcups.so.2
69961000-69964000 r--p 0005a000 08:06 1706064    /usr/lib/i386-linux-gnu/libcups.so.2
69964000-69965000 rw-p 0005d000 08:06 1706064    /usr/lib/i386-linux-gnu/libcups.so.2
69965000-69a64000 r-xp 00000000 08:06 262499     /lib/i386-linux-gnu/libglib-2.0.so.0.3600.0
69a64000-69a65000 r--p 000fe000 08:06 262499     /lib/i386-linux-gnu/libglib-2.0.so.0.3600.0
69a65000-69a66000 rw-p 000ff000 08:06 262499     /lib/i386-linux-gnu/libglib-2.0.so.0.3600.0
69a66000-69ab4000 r-xp 00000000 08:06 1706257    /usr/lib/i386-linux-gnu/libgobject-2.0.so.0.3600.0
69ab4000-69ab5000 r--p 0004d000 08:06 1706257    /usr/lib/i386-linux-gnu/libgobject-2.0.so.0.3600.0
69ab5000-69ab6000 rw-p 0004e000 08:06 1706257    /usr/lib/i386-linux-gnu/libgobject-2.0.so.0.3600.0
69ab6000-69aed000 r-xp 00000000 08:06 1706167    /usr/lib/i386-linux-gnu/libfontconfig.so.1.6.2
69aed000-69aee000 r--p 00036000 08:06 1706167    /usr/lib/i386-linux-gnu/libfontconfig.so.1.6.2
69aee000-69aef000 rw-p 00037000 08:06 1706167    /usr/lib/i386-linux-gnu/libfontconfig.so.1.6.2
69aef000-69b38000 r-xp 00000000 08:06 1706549    /usr/lib/i386-linux-gnu/libpango-1.0.so.0.3200.5
69b38000-69b39000 r--p 00049000 08:06 1706549    /usr/lib/i386-linux-gnu/libpango-1.0.so.0.3200.5
69b39000-69b3a000 rw-p 0004a000 08:06 1706549    /usr/lib/i386-linux-gnu/libpango-1.0.so.0.3200.5
69b3a000-69c9a000 r-xp 00000000 08:06 1706227    /usr/lib/i386-linux-gnu/libgio-2.0.so.0.3600.0
69c9a000-69c9c000 r--p 00160000 08:06 1706227    /usr/lib/i386-linux-gnu/libgio-2.0.so.0.3600.0
69c9c000-69c9d000 rw-p 00162000 08:06 1706227    /usr/lib/i386-linux-gnu/libgio-2.0.so.0.3600.0
69c9d000-69c9e000 rw-p 00000000 00:00 0 
69c9e000-69d49000 r-xp 00000000 08:06 1706206    /usr/lib/i386-linux-gnu/libgdk-x11-2.0.so.0.2400.17
69d49000-69d4b000 r--p 000ab000 08:06 1706206    /usr/lib/i386-linux-gnu/libgdk-x11-2.0.so.0.2400.17
69d4b000-69d4c000 rw-p 000ad000 08:06 1706206    /usr/lib/i386-linux-gnu/libgdk-x11-2.0.so.0.2400.17
69d4c000-6a1ad000 r-xp 00000000 08:06 1706364    /usr/lib/i386-linux-gnu/libgtk-x11-2.0.so.0.2400.17
6a1ad000-6a1b1000 r--p 00461000 08:06 1706364    /usr/lib/i386-linux-gnu/libgtk-x11-2.0.so.0.2400.17
6a1b1000-6a1b3000 rw-p 00465000 08:06 1706364    /usr/lib/i386-linux-gnu/libgtk-x11-2.0.so.0.2400.17
6a1b3000-6a1b5000 rw-p 00000000 00:00 0 
6a1b5000-6a2e8000 r-xp 00000000 08:06 1706796    /usr/lib/i386-linux-gnu/libX11.so.6.3.0
6a2e8000-6a2e9000 r--p 00132000 08:06 1706796    /usr/lib/i386-linux-gnu/libX11.so.6.3.0
6a2e9000-6a2ec000 rw-p 00133000 08:06 1706796    /usr/lib/i386-linux-gnu/libX11.so.6.3.0
6a2ec000-6a33e000 r-xp 00000000 08:06 1708686    /usr/lib/jvm/java-7-openjdk-i386/jre/lib/i386/xawt/libmawt.so
6a33e000-6a33f000 r--p 00051000 08:06 1708686    /usr/lib/jvm/java-7-openjdk-i386/jre/lib/i386/xawt/libmawt.so
6a33f000-6a341000 rw-p 00052000 08:06 1708686    /usr/lib/jvm/java-7-openjdk-i386/jre/lib/i386/xawt/libmawt.so
6a341000-6a342000 rw-p 00000000 00:00 0 
6a342000-6a3d4000 r-xp 00000000 08:06 1708643    /usr/lib/jvm/java-7-openjdk-i386/jre/lib/i386/libawt.so
6a3d4000-6a3d5000 r--p 00091000 08:06 1708643    /usr/lib/jvm/java-7-openjdk-i386/jre/lib/i386/libawt.so
6a3d5000-6a3dc000 rw-p 00092000 08:06 1708643    /usr/lib/jvm/java-7-openjdk-i386/jre/lib/i386/libawt.so
6a3dc000-6a400000 rw-p 00000000 00:00 0 
6a400000-6a500000 rw-p 00000000 00:00 0 
6a500000-6a502000 r--s 00000000 08:06 938726     /var/cache/fontconfig/65f976e5259cbe6dc7697b8648396239-le32d4.cache-3
6a502000-6a504000 r-xp 00000000 08:06 1705896    /usr/lib/i386-linux-gnu/libXdamage.so.1.1.0
6a504000-6a505000 r--p 00001000 08:06 1705896    /usr/lib/i386-linux-gnu/libXdamage.so.1.1.0
6a505000-6a506000 rw-p 00002000 08:06 1705896    /usr/lib/i386-linux-gnu/libXdamage.so.1.1.0
6a506000-6a508000 r-xp 00000000 08:06 1705892    /usr/lib/i386-linux-gnu/libXcomposite.so.1.0.0
6a508000-6a509000 r--p 00001000 08:06 1705892    /usr/lib/i386-linux-gnu/libXcomposite.so.1.0.0
6a509000-6a50a000 rw-p 00002000 08:06 1705892    /usr/lib/i386-linux-gnu/libXcomposite.so.1.0.0
6a50a000-6a52a000 r-xp 00000000 08:06 1720908    /usr/lib/i386-linux-gnu/libxcb.so.1.1.0
6a52a000-6a52b000 r--p 0001f000 08:06 1720908    /usr/lib/i386-linux-gnu/libxcb.so.1.1.0
6a52b000-6a52c000 rw-p 00020000 08:06 1720908    /usr/lib/i386-linux-gnu/libxcb.so.1.1.0
6a52c000-6a52d000 ---p 00000000 00:00 0 
6a52d000-6a5ad000 rw-p 00000000 00:00 0          [stack:7961]
6a5ad000-6a5b0000 ---p 00000000 00:00 0 
6a5b0000-6a5fe000 rw-p 00000000 00:00 0          [stack:7960]
6a5fe000-6a601000 ---p 00000000 00:00 0 
6a601000-6a67f000 rw-p 00000000 00:00 0          [stack:7959]
6a67f000-6a682000 ---p 00000000 00:00 0 
6a682000-6a700000 rw-p 00000000 00:00 0          [stack:7958]
6a700000-6a900000 r--p 00000000 08:06 1709808    /usr/lib/locale/locale-archive
6a900000-6aa00000 rw-p 00000000 00:00 0 
6aa00000-6ab00000 rw-p 00000000 00:00 0 
6ab00000-6abf9000 rw-p 00000000 00:00 0 
6abf9000-6ac00000 ---p 00000000 00:00 0 
6ac00000-6ac09000 r-xp 00000000 08:06 1705918    /usr/lib/i386-linux-gnu/libXrandr.so.2.2.0
6ac09000-6ac0a000 r--p 00008000 08:06 1705918    /usr/lib/i386-linux-gnu/libXrandr.so.2.2.0
6ac0a000-6ac0b000 rw-p 00009000 08:06 1705918    /usr/lib/i386-linux-gnu/libXrandr.so.2.2.0
6ac0b000-6ac2b000 r-xp 00000000 08:06 1706208    /usr/lib/i386-linux-gnu/libgdk_pixbuf-2.0.so.0.2800.0
6ac2b000-6ac2c000 ---p 00020000 08:06 1706208    /usr/lib/i386-linux-gnu/libgdk_pixbuf-2.0.so.0.2800.0
6ac2c000-6ac2d000 r--p 00020000 08:06 1706208    /usr/lib/i386-linux-gnu/libgdk_pixbuf-2.0.so.0.2800.0
6ac2d000-6ac2e000 rw-p 00021000 08:06 1706208    /usr/lib/i386-linux-gnu/libgdk_pixbuf-2.0.so.0.2800.0
6ac2e000-6ac31000 ---p 00000000 00:00 0 
6ac31000-6ac7f000 rw-p 00000000 00:00 0          [stack:7957]
6ac7f000-6ac80000 ---p 00000000 00:00 0 
6ac80000-6ad00000 rw-p 00000000 00:00 0          [stack:7954]
6ad00000-6adff000 rw-p 00000000 00:00 0 
6adff000-6ae00000 ---p 00000000 00:00 0 
6ae00000-6ae01000 r--s 00000000 08:06 936119     /var/cache/fontconfig/4b14b093aebc79c320de5e86ae1d3314-le32d4.cache-3
6ae01000-6ae02000 r--s 00000000 08:06 938725     /var/cache/fontconfig/94f7fe9bd33aadfac165873bd010d595-le32d4.cache-3
6ae02000-6ae03000 r--s 00000000 08:06 938724     /var/cache/fontconfig/423767150eb258c59035de29db6fca84-le32d4.cache-3
6ae03000-6ae05000 r-xp 00000000 08:06 1705908    /usr/lib/i386-linux-gnu/libXinerama.so.1.0.0
6ae05000-6ae06000 r--p 00001000 08:06 1705908    /usr/lib/i386-linux-gnu/libXinerama.so.1.0.0
6ae06000-6ae07000 rw-p 00002000 08:06 1705908    /usr/lib/i386-linux-gnu/libXinerama.so.1.0.0
6ae07000-6ae0c000 r-xp 00000000 08:06 1705902    /usr/lib/i386-linux-gnu/libXfixes.so.3.1.0
6ae0c000-6ae0d000 r--p 00004000 08:06 1705902    /usr/lib/i386-linux-gnu/libXfixes.so.3.1.0
6ae0d000-6ae0e000 rw-p 00005000 08:06 1705902    /usr/lib/i386-linux-gnu/libXfixes.so.3.1.0
6ae0e000-6ae19000 r-xp 00000000 08:06 1706551    /usr/lib/i386-linux-gnu/libpangocairo-1.0.so.0.3200.5
6ae19000-6ae1a000 r--p 0000a000 08:06 1706551    /usr/lib/i386-linux-gnu/libpangocairo-1.0.so.0.3200.5
6ae1a000-6ae1b000 rw-p 0000b000 08:06 1706551    /usr/lib/i386-linux-gnu/libpangocairo-1.0.so.0.3200.5
6ae1b000-6ae29000 r-xp 00000000 08:06 1705906    /usr/lib/i386-linux-gnu/libXi.so.6.1.0
6ae29000-6ae2a000 r--p 0000d000 08:06 1705906    /usr/lib/i386-linux-gnu/libXi.so.6.1.0
6ae2a000-6ae2b000 rw-p 0000e000 08:06 1705906    /usr/lib/i386-linux-gnu/libXi.so.6.1.0
6ae2b000-6ae33000 r-xp 00000000 08:06 1705920    /usr/lib/i386-linux-gnu/libXrender.so.1.3.0
6ae33000-6ae34000 r--p 00007000 08:06 1705920    /usr/lib/i386-linux-gnu/libXrender.so.1.3.0
6ae34000-6ae35000 rw-p 00008000 08:06 1705920    /usr/lib/i386-linux-gnu/libXrender.so.1.3.0
6ae35000-6afe2000 r--s 01cde000 08:06 1708621    /usr/lib/jvm/java-7-openjdk-i386/jre/lib/rt.jar
6afe2000-6dd00000 rw-p 00000000 00:00 0 
6dd00000-6ddec000 rw-p 00000000 00:00 0 
6ddec000-6de00000 ---p 00000000 00:00 0 
6de00000-6de01000 r--s 00000000 08:06 938723     /var/cache/fontconfig/406a1d2d2bf3ed7664fbadefac0b2f66-le32d4.cache-3
6de01000-6de03000 r--s 00000000 08:06 936655     /var/cache/fontconfig/67709b7835c0f764c1135060c9575660-le32d4.cache-3
6de03000-6de13000 r-xp 00000000 08:06 1705900    /usr/lib/i386-linux-gnu/libXext.so.6.4.0
6de13000-6de14000 r--p 0000f000 08:06 1705900    /usr/lib/i386-linux-gnu/libXext.so.6.4.0
6de14000-6de15000 rw-p 00010000 08:06 1705900    /usr/lib/i386-linux-gnu/libXext.so.6.4.0
6de15000-6de16000 r--s 00000000 08:06 936109     /var/cache/fontconfig/0c9eb80ebd1c36541ebe2852d3bb0c49-le32d4.cache-3
6de16000-6de2c000 r-xp 00000000 08:06 1708664    /usr/lib/jvm/java-7-openjdk-i386/jre/lib/i386/libnet.so
6de2c000-6de2d000 r--p 00015000 08:06 1708664    /usr/lib/jvm/java-7-openjdk-i386/jre/lib/i386/libnet.so
6de2d000-6de2e000 rw-p 00016000 08:06 1708664    /usr/lib/jvm/java-7-openjdk-i386/jre/lib/i386/libnet.so
6de2e000-6de31000 ---p 00000000 00:00 0 
6de31000-6de7f000 rw-p 00000000 00:00 0          [stack:7956]
6de7f000-6de80000 ---p 00000000 00:00 0 
6de80000-6df00000 rw-p 00000000 00:00 0          [stack:7953]
6df00000-6df21000 rw-p 00000000 00:00 0 
6df21000-6e000000 ---p 00000000 00:00 0 
6e000000-6e005000 r-xp 00000000 08:06 1705926    /usr/lib/i386-linux-gnu/libXtst.so.6.1.0
6e005000-6e006000 r--p 00004000 08:06 1705926    /usr/lib/i386-linux-gnu/libXtst.so.6.1.0
6e006000-6e007000 rw-p 00005000 08:06 1705926    /usr/lib/i386-linux-gnu/libXtst.so.6.1.0
6e007000-6e012000 r--s 001fb000 08:06 1708529    /usr/lib/jvm/java-7-openjdk-common/jre/lib/charsets.jar
6e012000-6e01b000 r--s 000bc000 08:06 1708538    /usr/lib/jvm/java-7-openjdk-common/jre/lib/resources.jar
6e01b000-6e02e000 r--s 00179000 08:06 1724490    /home/gene/Downloads/ll/vlcj-2.4.1/vlcj-2.4.1-javadoc.jar
6e02e000-6e031000 ---p 00000000 00:00 0 
6e031000-6e07f000 rw-p 00000000 00:00 0          [stack:7955]
6e07f000-6e080000 ---p 00000000 00:00 0 
6e080000-6e100000 rw-p 00000000 00:00 0          [stack:7952]
6e100000-6e121000 rw-p 00000000 00:00 0 
6e121000-6e200000 ---p 00000000 00:00 0 
6e200000-6e201000 r--s 00000000 08:06 936124     /var/cache/fontconfig/62f91419b9ebdb6975e7e41ab6412357-le32d4.cache-3
6e201000-6e202000 r--s 00000000 08:06 938994     /var/cache/fontconfig/e0aa53bcfa504e64f87823c16bc01eb6-le32d4.cache-3
6e202000-6e20d000 r--s 001fb000 08:06 1708529    /usr/lib/jvm/java-7-openjdk-common/jre/lib/charsets.jar
6e20d000-6e217000 r--s 00053000 08:06 1724519    /home/gene/Downloads/ll/vlcj-2.4.1/vlcj-2.4.1-tests.jar
6e217000-6e21e000 r--s 00094000 08:06 1784822    /home/gene/netbeans-7.3.1/java/modules/ext/beansbinding-1.2.1.jar
6e21e000-6e22d000 r--s 00115000 08:06 1724216    /home/gene/Downloads/ll/vlcj-2.4.1/platform-3.5.2.jar
6e22d000-6e237000 r--s 0004b000 08:06 1724492    /home/gene/Downloads/ll/vlcj-2.4.1/vlcj-2.4.1.jar
6e237000-6e27f000 rw-p 00000000 00:00 0 
6e27f000-6e280000 ---p 00000000 00:00 0 
6e280000-6e300000 rw-p 00000000 00:00 0          [stack:7951]
6e300000-6e337000 rw-p 00000000 00:00 0 
6e337000-6e400000 ---p 00000000 00:00 0 
6e400000-6e403000 r-xp 00000000 08:06 1706237    /usr/lib/i386-linux-gnu/libgmodule-2.0.so.0.3600.0
6e403000-6e404000 r--p 00002000 08:06 1706237    /usr/lib/i386-linux-gnu/libgmodule-2.0.so.0.3600.0
6e404000-6e405000 rw-p 00003000 08:06 1706237    /usr/lib/i386-linux-gnu/libgmodule-2.0.so.0.3600.0
6e405000-6e414000 r--s 000d3000 08:06 1786959    /home/gene/Downloads/jaudiotagger-2.2.0-20130321.142353-1.jar
6e414000-6e415000 ---p 00000000 00:00 0 
6e415000-6e49d000 rw-p 00000000 00:00 0          [stack:7950]
6e49d000-6e4d5000 rw-p 00000000 00:00 0 
6e4d5000-6e4ea000 rw-p 00000000 00:00 0 
6e4ea000-6e619000 rw-p 00000000 00:00 0 
6e619000-6e621000 rw-p 00000000 00:00 0 
6e621000-6e659000 rw-p 00000000 00:00 0 
6e659000-6e66e000 rw-p 00000000 00:00 0 
6e66e000-6e79d000 rw-p 00000000 00:00 0 
6e79d000-6e7a9000 rw-p 00000000 00:00 0 
6e7a9000-6e7af000 ---p 00000000 00:00 0 
6e7af000-6e83f000 rw-p 00000000 00:00 0 
6e83f000-6f840000 rw-p 00000000 00:00 0 
6f840000-76840000 rw-p 00000000 00:00 0 
76840000-790c0000 rw-p 00000000 00:00 0 
790c0000-9f040000 rw-p 00000000 00:00 0 
9f040000-a06e0000 rw-p 00000000 00:00 0 
a06e0000-a13a0000 ---p 00000000 00:00 0 
a13a0000-b3440000 rw-p 00000000 00:00 0 
b3440000-b3449000 rw-p 00000000 00:00 0 
b3449000-b3500000 rw-p 00000000 00:00 0 
b3500000-b3740000 rwxp 00000000 00:00 0 
b3740000-b65fc000 rw-p 00000000 00:00 0 
b65fc000-b6600000 ---p 00000000 00:00 0 
b6600000-b6601000 r-xp 00000000 08:06 1706360    /usr/lib/i386-linux-gnu/libgthread-2.0.so.0.3600.0
b6601000-b6602000 r--p 00000000 08:06 1706360    /usr/lib/i386-linux-gnu/libgthread-2.0.so.0.3600.0
b6602000-b6603000 rw-p 00001000 08:06 1706360    /usr/lib/i386-linux-gnu/libgthread-2.0.so.0.3600.0
b6603000-b6606000 r--s 000a6000 08:06 1724183    /home/gene/Downloads/ll/vlcj-2.4.1/jna-3.5.2.jar
b6606000-b6609000 r--s 00027000 08:06 1798650    /home/gene/Downloads/rs2xml.jar
b6609000-b660b000 r--s 00380000 08:06 1795454    /home/gene/Downloads/sqlite-jdbc-3.7.15-M1.jar
b660b000-b6623000 r--s 001b9000 08:06 1779640    /home/gene/lab/music/playmp3/jmf.jar
b6623000-b6625000 r--s 00006000 08:06 137009     /usr/share/java/java-atk-wrapper.jar
b6625000-b6628000 r--s 0000f000 08:06 1708547    /usr/lib/jvm/java-7-openjdk-common/jre/lib/ext/pulse-java.jar
b6628000-b6633000 r-xp 00000000 08:06 262543     /lib/i386-linux-gnu/libnss_files-2.17.so
b6633000-b6634000 r--p 0000a000 08:06 262543     /lib/i386-linux-gnu/libnss_files-2.17.so
b6634000-b6635000 rw-p 0000b000 08:06 262543     /lib/i386-linux-gnu/libnss_files-2.17.so
b6635000-b663f000 r-xp 00000000 08:06 262548     /lib/i386-linux-gnu/libnss_nis-2.17.so
b663f000-b6640000 r--p 00009000 08:06 262548     /lib/i386-linux-gnu/libnss_nis-2.17.so
b6640000-b6641000 rw-p 0000a000 08:06 262548     /lib/i386-linux-gnu/libnss_nis-2.17.so
b6641000-b6656000 r-xp 00000000 08:06 262537     /lib/i386-linux-gnu/libnsl-2.17.so
b6656000-b6657000 r--p 00014000 08:06 262537     /lib/i386-linux-gnu/libnsl-2.17.so
b6657000-b6658000 rw-p 00015000 08:06 262537     /lib/i386-linux-gnu/libnsl-2.17.so
b6658000-b665a000 rw-p 00000000 00:00 0 
b665a000-b6661000 r-xp 00000000 08:06 262539     /lib/i386-linux-gnu/libnss_compat-2.17.so
b6661000-b6662000 r--p 00006000 08:06 262539     /lib/i386-linux-gnu/libnss_compat-2.17.so
b6662000-b6663000 rw-p 00007000 08:06 262539     /lib/i386-linux-gnu/libnss_compat-2.17.so
b6663000-b6664000 r--s 00014000 08:06 1795668    /home/gene/lab/music/playmp3/mp3plugin.jar
b6664000-b6665000 r--s 00002000 08:06 1708545    /usr/lib/jvm/java-7-openjdk-common/jre/lib/ext/dnsns.jar
b6665000-b6669000 r--s 00085000 08:06 1708546    /usr/lib/jvm/java-7-openjdk-common/jre/lib/ext/localedata.jar
b6669000-b666b000 r--s 00012000 08:06 1708550    /usr/lib/jvm/java-7-openjdk-common/jre/lib/ext/zipfs.jar
b666b000-b666e000 r--s 00032000 08:06 1708548    /usr/lib/jvm/java-7-openjdk-common/jre/lib/ext/sunjce_provider.jar
b666e000-b6671000 r--s 0003c000 08:06 1708549    /usr/lib/jvm/java-7-openjdk-common/jre/lib/ext/sunpkcs11.jar
b6671000-b6672000 r--p 005db000 08:06 1709808    /usr/lib/locale/locale-archive
b6672000-b667a000 r-xp 00000000 08:06 1708674    /usr/lib/jvm/java-7-openjdk-i386/jre/lib/i386/libzip.so
b667a000-b667b000 r--p 00007000 08:06 1708674    /usr/lib/jvm/java-7-openjdk-i386/jre/lib/i386/libzip.so
b667b000-b667c000 rw-p 00008000 08:06 1708674    /usr/lib/jvm/java-7-openjdk-i386/jre/lib/i386/libzip.so
b667c000-b66a3000 r-xp 00000000 08:06 1708652    /usr/lib/jvm/java-7-openjdk-i386/jre/lib/i386/libjava.so
b66a3000-b66a4000 r--p 00026000 08:06 1708652    /usr/lib/jvm/java-7-openjdk-i386/jre/lib/i386/libjava.so
b66a4000-b66a5000 rw-p 00027000 08:06 1708652    /usr/lib/jvm/java-7-openjdk-i386/jre/lib/i386/libjava.so
b66a5000-b66ac000 r-xp 00000000 08:06 262591     /lib/i386-linux-gnu/librt-2.17.so
b66ac000-b66ad000 r--p 00006000 08:06 262591     /lib/i386-linux-gnu/librt-2.17.so
b66ad000-b66ae000 rw-p 00007000 08:06 262591     /lib/i386-linux-gnu/librt-2.17.so
b66ae000-b66b1000 ---p 00000000 00:00 0 
b66b1000-b66ff000 rw-p 00000000 00:00 0          [stack:7947]
b66ff000-b671a000 r-xp 00000000 08:06 262495     /lib/i386-linux-gnu/libgcc_s.so.1
b671a000-b671b000 r--p 0001a000 08:06 262495     /lib/i386-linux-gnu/libgcc_s.so.1
b671b000-b671c000 rw-p 0001b000 08:06 262495     /lib/i386-linux-gnu/libgcc_s.so.1
b671c000-b675d000 r-xp 00000000 08:06 262518     /lib/i386-linux-gnu/libm-2.17.so
b675d000-b675e000 r--p 00040000 08:06 262518     /lib/i386-linux-gnu/libm-2.17.so
b675e000-b675f000 rw-p 00041000 08:06 262518     /lib/i386-linux-gnu/libm-2.17.so
b675f000-b683b000 r-xp 00000000 08:06 1706691    /usr/lib/i386-linux-gnu/libstdc++.so.6.0.17
b683b000-b683c000 ---p 000dc000 08:06 1706691    /usr/lib/i386-linux-gnu/libstdc++.so.6.0.17
b683c000-b6840000 r--p 000dc000 08:06 1706691    /usr/lib/i386-linux-gnu/libstdc++.so.6.0.17
b6840000-b6841000 rw-p 000e0000 08:06 1706691    /usr/lib/i386-linux-gnu/libstdc++.so.6.0.17
b6841000-b6848000 rw-p 00000000 00:00 0 
b6848000-b713d000 r-xp 00000000 08:06 1708685    /usr/lib/jvm/java-7-openjdk-i386/jre/lib/i386/server/libjvm.so
b713d000-b7184000 r--p 008f4000 08:06 1708685    /usr/lib/jvm/java-7-openjdk-i386/jre/lib/i386/server/libjvm.so
b7184000-b7198000 rw-p 0093b000 08:06 1708685    /usr/lib/jvm/java-7-openjdk-i386/jre/lib/i386/server/libjvm.so
b7198000-b75b6000 rw-p 00000000 00:00 0 
b75b6000-b75cd000 r-xp 00000000 08:06 262624     /lib/i386-linux-gnu/libz.so.1.2.7
b75cd000-b75ce000 r--p 00016000 08:06 262624     /lib/i386-linux-gnu/libz.so.1.2.7
b75ce000-b75cf000 rw-p 00017000 08:06 262624     /lib/i386-linux-gnu/libz.so.1.2.7
b75cf000-b75e6000 r-xp 00000000 08:06 262583     /lib/i386-linux-gnu/libpthread-2.17.so
b75e6000-b75e7000 r--p 00016000 08:06 262583     /lib/i386-linux-gnu/libpthread-2.17.so
b75e7000-b75e8000 rw-p 00017000 08:06 262583     /lib/i386-linux-gnu/libpthread-2.17.so
b75e8000-b75ea000 rw-p 00000000 00:00 0 
b75ea000-b75ed000 r-xp 00000000 08:06 262485     /lib/i386-linux-gnu/libdl-2.17.so
b75ed000-b75ee000 r--p 00002000 08:06 262485     /lib/i386-linux-gnu/libdl-2.17.so
b75ee000-b75ef000 rw-p 00003000 08:06 262485     /lib/i386-linux-gnu/libdl-2.17.so
b75ef000-b779c000 r-xp 00000000 08:06 262470     /lib/i386-linux-gnu/libc-2.17.so
b779c000-b779e000 r--p 001ad000 08:06 262470     /lib/i386-linux-gnu/libc-2.17.so
b779e000-b779f000 rw-p 001af000 08:06 262470     /lib/i386-linux-gnu/libc-2.17.so
b779f000-b77a2000 rw-p 00000000 00:00 0 
b77a2000-b77aa000 rw-s 00000000 08:06 1439045    /tmp/hsperfdata_gene/7944
b77aa000-b77ab000 rw-p 00000000 00:00 0 
b77ab000-b77ac000 r--p 00000000 00:00 0 
b77ac000-b77b9000 r-xp 00000000 08:06 1708673    /usr/lib/jvm/java-7-openjdk-i386/jre/lib/i386/libverify.so
b77b9000-b77ba000 r--p 0000d000 08:06 1708673    /usr/lib/jvm/java-7-openjdk-i386/jre/lib/i386/libverify.so
b77ba000-b77bb000 rw-p 0000e000 08:06 1708673    /usr/lib/jvm/java-7-openjdk-i386/jre/lib/i386/libverify.so
b77bb000-b77c8000 r-xp 00000000 08:06 1708681    /usr/lib/jvm/java-7-openjdk-i386/jre/lib/i386/jli/libjli.so
b77c8000-b77c9000 r--p 0000c000 08:06 1708681    /usr/lib/jvm/java-7-openjdk-i386/jre/lib/i386/jli/libjli.so
b77c9000-b77ca000 rw-p 0000d000 08:06 1708681    /usr/lib/jvm/java-7-openjdk-i386/jre/lib/i386/jli/libjli.so
b77ca000-b77cd000 rw-p 00000000 00:00 0 
b77cd000-b77ce000 r-xp 00000000 00:00 0          [vdso]
b77ce000-b77ee000 r-xp 00000000 08:06 262446     /lib/i386-linux-gnu/ld-2.17.so
b77ee000-b77ef000 r--p 0001f000 08:06 262446     /lib/i386-linux-gnu/ld-2.17.so
b77ef000-b77f0000 rw-p 00020000 08:06 262446     /lib/i386-linux-gnu/ld-2.17.so
bffa8000-bffc9000 rw-p 00000000 00:00 0          [stack]

VM Arguments:
jvm_args: -Dfile.encoding=UTF-8 
java_command: musicplayer.Musicplayer
Launcher Type: SUN_STANDARD

Environment Variables:
PATH=/usr/local/sbin:/usr/local/bin:/usr/sbin:/usr/bin:/sbin:/bin:/usr/games:/usr/local/games
USERNAME=gene
LD_LIBRARY_PATH=/usr/lib/jvm/default-java/jre/lib/amd64:/usr/lib/jvm/default-java/jre/lib/i386:
SHELL=/bin/bash
DISPLAY=:0

Signal Handlers:
SIGSEGV: [libjvm.so+0x7598c0], sa_mask[0]=0x7ffbfeff, sa_flags=0x10000004
SIGBUS: [libjvm.so+0x7598c0], sa_mask[0]=0x7ffbfeff, sa_flags=0x10000004
SIGFPE: [libjvm.so+0x5f54f0], sa_mask[0]=0x7ffbfeff, sa_flags=0x10000004
SIGPIPE: [libjvm.so+0x5f54f0], sa_mask[0]=0x7ffbfeff, sa_flags=0x10000004
SIGXFSZ: [libjvm.so+0x5f54f0], sa_mask[0]=0x7ffbfeff, sa_flags=0x10000004
SIGILL: [libjvm.so+0x5f54f0], sa_mask[0]=0x7ffbfeff, sa_flags=0x10000004
SIGUSR1: SIG_DFL, sa_mask[0]=0x00000000, sa_flags=0x00000000
SIGUSR2: [libjvm.so+0x5f53a0], sa_mask[0]=0x00000004, sa_flags=0x10000004
SIGHUP: [libjvm.so+0x5f5930], sa_mask[0]=0x7ffbfeff, sa_flags=0x10000004
SIGINT: SIG_IGN, sa_mask[0]=0x00000000, sa_flags=0x00000000
SIGTERM: [libjvm.so+0x5f5930], sa_mask[0]=0x7ffbfeff, sa_flags=0x10000004
SIGQUIT: [libjvm.so+0x5f5930], sa_mask[0]=0x7ffbfeff, sa_flags=0x10000004


---------------  S Y S T E M  ---------------

OS:Ubuntu 13.04 (raring)
uname:Linux 3.8.0-19-generic #29-Ubuntu SMP Wed Apr 17 18:19:42 UTC 2013 i686
libc:glibc 2.17 NPTL 2.17 
rlimit: STACK 8192k, CORE 0k, NPROC 30928, NOFILE 4096, AS infinity
load average:0.62 0.66 0.56

/proc/meminfo:
MemTotal:        3975340 kB
MemFree:         1915592 kB
Buffers:          304652 kB
Cached:           951104 kB
SwapCached:            0 kB
Active:          1030744 kB
Inactive:         857896 kB
Active(anon):     639712 kB
Inactive(anon):   175832 kB
Active(file):     391032 kB
Inactive(file):   682064 kB
Unevictable:           0 kB
Mlocked:               0 kB
HighTotal:       3125056 kB
HighFree:        1523444 kB
LowTotal:         850284 kB
LowFree:          392148 kB
SwapTotal:       2047996 kB
SwapFree:        2047996 kB
Dirty:               128 kB
Writeback:             0 kB
AnonPages:        633088 kB
Mapped:           167900 kB
Shmem:            182616 kB
Slab:             136656 kB
SReclaimable:      65932 kB
SUnreclaim:        70724 kB
KernelStack:        3472 kB
PageTables:         7404 kB
NFS_Unstable:          0 kB
Bounce:                0 kB
WritebackTmp:          0 kB
CommitLimit:     4035664 kB
Committed_AS:    2594324 kB
VmallocTotal:     122880 kB
VmallocUsed:       19540 kB
VmallocChunk:     102988 kB
HardwareCorrupted:     0 kB
AnonHugePages:         0 kB
HugePages_Total:       0
HugePages_Free:        0
HugePages_Rsvd:        0
HugePages_Surp:        0
Hugepagesize:       2048 kB
DirectMap4k:       10232 kB
DirectMap2M:      903168 kB


CPU:total 4 (2 cores per cpu, 2 threads per core) family 6 model 42 stepping 7, cmov, cx8, fxsr, mmx, sse, sse2, sse3, ssse3, sse4.1, sse4.2, popcnt, avx, ht, tsc, tscinvbit

/proc/cpuinfo:
processor	: 0
vendor_id	: GenuineIntel
cpu family	: 6
model		: 42
model name	: Intel(R) Core(TM) i3-2370M CPU @ 2.40GHz
stepping	: 7
microcode	: 0x25
cpu MHz		: 1000.000
cache size	: 3072 KB
physical id	: 0
siblings	: 4
core id		: 0
cpu cores	: 2
apicid		: 0
initial apicid	: 0
fdiv_bug	: no
hlt_bug		: no
f00f_bug	: no
coma_bug	: no
fpu		: yes
fpu_exception	: yes
cpuid level	: 13
wp		: yes
flags		: fpu vme de pse tsc msr pae mce cx8 apic sep mtrr pge mca cmov pat pse36 clflush dts acpi mmx fxsr sse sse2 ss ht tm pbe nx rdtscp lm constant_tsc arch_perfmon pebs bts xtopology nonstop_tsc aperfmperf eagerfpu pni pclmulqdq dtes64 monitor ds_cpl vmx est tm2 ssse3 cx16 xtpr pdcm pcid sse4_1 sse4_2 x2apic popcnt tsc_deadline_timer xsave avx lahf_lm arat epb xsaveopt pln pts dtherm tpr_shadow vnmi flexpriority ept vpid
bogomips	: 4789.05
clflush size	: 64
cache_alignment	: 64
address sizes	: 36 bits physical, 48 bits virtual
power management:

processor	: 1
vendor_id	: GenuineIntel
cpu family	: 6
model		: 42
model name	: Intel(R) Core(TM) i3-2370M CPU @ 2.40GHz
stepping	: 7
microcode	: 0x25
cpu MHz		: 800.000
cache size	: 3072 KB
physical id	: 0
siblings	: 4
core id		: 0
cpu cores	: 2
apicid		: 1
initial apicid	: 1
fdiv_bug	: no
hlt_bug		: no
f00f_bug	: no
coma_bug	: no
fpu		: yes
fpu_exception	: yes
cpuid level	: 13
wp		: yes
flags		: fpu vme de pse tsc msr pae mce cx8 apic sep mtrr pge mca cmov pat pse36 clflush dts acpi mmx fxsr sse sse2 ss ht tm pbe nx rdtscp lm constant_tsc arch_perfmon pebs bts xtopology nonstop_tsc aperfmperf eagerfpu pni pclmulqdq dtes64 monitor ds_cpl vmx est tm2 ssse3 cx16 xtpr pdcm pcid sse4_1 sse4_2 x2apic popcnt tsc_deadline_timer xsave avx lahf_lm arat epb xsaveopt pln pts dtherm tpr_shadow vnmi flexpriority ept vpid
bogomips	: 4789.05
clflush size	: 64
cache_alignment	: 64
address sizes	: 36 bits physical, 48 bits virtual
power management:

processor	: 2
vendor_id	: GenuineIntel
cpu family	: 6
model		: 42
model name	: Intel(R) Core(TM) i3-2370M CPU @ 2.40GHz
stepping	: 7
microcode	: 0x25
cpu MHz		: 2400.000
cache size	: 3072 KB
physical id	: 0
siblings	: 4
core id		: 1
cpu cores	: 2
apicid		: 2
initial apicid	: 2
fdiv_bug	: no
hlt_bug		: no
f00f_bug	: no
coma_bug	: no
fpu		: yes
fpu_exception	: yes
cpuid level	: 13
wp		: yes
flags		: fpu vme de pse tsc msr pae mce cx8 apic sep mtrr pge mca cmov pat pse36 clflush dts acpi mmx fxsr sse sse2 ss ht tm pbe nx rdtscp lm constant_tsc arch_perfmon pebs bts xtopology nonstop_tsc aperfmperf eagerfpu pni pclmulqdq dtes64 monitor ds_cpl vmx est tm2 ssse3 cx16 xtpr pdcm pcid sse4_1 sse4_2 x2apic popcnt tsc_deadline_timer xsave avx lahf_lm arat epb xsaveopt pln pts dtherm tpr_shadow vnmi flexpriority ept vpid
bogomips	: 4789.05
clflush size	: 64
cache_alignment	: 64
address sizes	: 36 bits physical, 48 bits virtual
power management:

processor	: 3
vendor_id	: GenuineIntel
cpu family	: 6
model		: 42
model name	: Intel(R) Core(TM) i3-2370M CPU @ 2.40GHz
stepping	: 7
microcode	: 0x25
cpu MHz		: 2400.000
cache size	: 3072 KB
physical id	: 0
siblings	: 4
core id		: 1
cpu cores	: 2
apicid		: 3
initial apicid	: 3
fdiv_bug	: no
hlt_bug		: no
f00f_bug	: no
coma_bug	: no
fpu		: yes
fpu_exception	: yes
cpuid level	: 13
wp		: yes
flags		: fpu vme de pse tsc msr pae mce cx8 apic sep mtrr pge mca cmov pat pse36 clflush dts acpi mmx fxsr sse sse2 ss ht tm pbe nx rdtscp lm constant_tsc arch_perfmon pebs bts xtopology nonstop_tsc aperfmperf eagerfpu pni pclmulqdq dtes64 monitor ds_cpl vmx est tm2 ssse3 cx16 xtpr pdcm pcid sse4_1 sse4_2 x2apic popcnt tsc_deadline_timer xsave avx lahf_lm arat epb xsaveopt pln pts dtherm tpr_shadow vnmi flexpriority ept vpid
bogomips	: 4789.05
clflush size	: 64
cache_alignment	: 64
address sizes	: 36 bits physical, 48 bits virtual
power management:



Memory: 4k page, physical 3975340k(1915592k free), swap 2047996k(2047996k free)

vm_info: OpenJDK Server VM (23.7-b01) for linux-x86 JRE (1.7.0_21-b02), built on Apr 22 2013 07:41:32 by "buildd" with gcc 4.7.3

time: Thu Oct 31 21:22:53 2013
elapsed time: 264 seconds

