#
# A fatal error has been detected by the Java Runtime Environment:
#
#  SIGSEGV (0xb) at pc=0xb771bf98, pid=21050, tid=1733802816
#
# JRE version: 7.0_21-b02
# Java VM: OpenJDK Server VM (23.7-b01 mixed mode linux-x86 )
# Problematic frame:
# C  [libc.so.6+0x12ef98]  _IO_file_underflow+0x68
#
# Failed to write core dump. Core dumps have been disabled. To enable core dumping, try "ulimit -c unlimited" before starting Java again
#
# If you would like to submit a bug report, please include
# instructions on how to reproduce the bug and visit:
#   https://bugs.launchpad.net/ubuntu/+source/openjdk-7/
#

---------------  T H R E A D  ---------------

Current thread is native thread

siginfo:si_signo=SIGSEGV: si_errno=0, si_code=1 (SEGV_MAPERR), si_addr=0x00000037

Registers:
EAX=0x6e401000, EBX=0xb779c000, ECX=0xffffffff, EDX=0x00001000
ESP=0x67578ee0, EBP=0x00000002, ESI=0x6df2e7d0, EDI=0x6757bb40
EIP=0xb771bf98, EFLAGS=0x00210206, CR2=0x00000037

Top of Stack: (sp=0x67578ee0)
0x67578ee0:   6df2e7d0 6e401000 00001000 b779c000
0x67578ef0:   6df2e7d0 b779c000 6df2e7d0 b7660da9
0x67578f00:   6df2e7d0 b765357a b779c000 b779c000
0x67578f10:   6df2e7d0 6757bb40 6df2e7d0 b7660bdb
0x67578f20:   6df2e7d0 ffffffff 62e54649 62e73000
0x67578f30:   b76535d7 b779c000 6df2e7d0 b7656ebc
0x67578f40:   6df2e7d0 62e6a22a 00000001 62e73000
0x67578f50:   62e73000 6df277d0 6df2ba28 62e5dd8c 

Instructions: (pc=0xb771bf98)
0xb771bf78:   4c 89 46 04 29 c2 89 46 0c 89 46 08 89 46 18 89
0xb771bf88:   46 14 89 46 10 89 54 24 08 89 44 24 04 89 34 24
0xb771bf98:   ff 51 38 83 f8 00 7e 38 8b 56 40 01 46 08 83 fa
0xb771bfa8:   ff 74 05 01 d0 89 46 40 8b 46 04 0f b6 00 83 c4 

Register to memory mapping:

EAX=0x6e401000 is an unknown value
EBX=0xb779c000: <offset 0x1af000> in /lib/i386-linux-gnu/libc.so.6 at 0xb75ed000
ECX=0xffffffff is an unknown value
EDX=0x00001000 is an unknown value
ESP=0x67578ee0 is an unknown value
EBP=0x00000002 is an unknown value
ESI=0x6df2e7d0 is an unknown value
EDI=0x6757bb40 is an unknown value


Stack: [0x674fb000,0x6757c000],  sp=0x67578ee0,  free space=503k
Native frames: (J=compiled Java code, j=interpreted, Vv=VM code, C=native code)
C  [libc.so.6+0x12ef98]  _IO_file_underflow+0x68


---------------  P R O C E S S  ---------------

VM state:not at safepoint (normal execution)

VM Mutex/Monitor currently owned by a thread: None

Heap
 PSYoungGen      total 18112K, used 14406K [0x9f040000, 0xa0470000, 0xb3440000)
  eden space 15552K, 92% used [0x9f040000,0x9fe51938,0x9ff70000)
  from space 2560K, 0% used [0xa01f0000,0xa01f0000,0xa0470000)
  to   space 2560K, 0% used [0x9ff70000,0x9ff70000,0xa01f0000)
 ParOldGen       total 41472K, used 0K [0x76840000, 0x790c0000, 0x9f040000)
  object space 41472K, 0% used [0x76840000,0x76840000,0x790c0000)
 PSPermGen       total 16384K, used 7135K [0x6e840000, 0x6f840000, 0x76840000)
  object space 16384K, 43% used [0x6e840000,0x6ef37f20,0x6f840000)

Card table byte_map: [0x6e619000,0x6e840000] byte_map_base: 0x6e2a4e00

Polling page: 0xb77a9000

Code Cache  [0xb3500000, 0xb3740000, 0xb6500000)
 total_blobs=260 nmethods=47 adapters=165 free_code_cache=48737Kb largest_free_block=49881408

Compilation events (10 events):
Event: 0.762 Thread 0x6adfe800   42             sun.reflect.ClassFileAssembler::emitByte (11 bytes)
Event: 0.762 Thread 0x6adfc800   43             sun.reflect.ByteVectorImpl::add (38 bytes)
Event: 0.764 Thread 0x6adfe800 nmethod 42 0xb355a648 code [0xb355a760, 0xb355a85c]
Event: 0.764 Thread 0x6adfc800 nmethod 43 0xb355a388 code [0xb355a480, 0xb355a53c]
Event: 0.765 Thread 0x6adfe800   44             sun.reflect.ClassFileAssembler::emitConstantPoolUTF8 (50 bytes)
Event: 0.765 Thread 0x6adfc800   45   !         sun.reflect.UTF8::encode (189 bytes)
Event: 0.785 Thread 0x6adfc800 nmethod 45 0xb356a508 code [0xb356a620, 0xb356ae10]
Event: 0.785 Thread 0x6adfc800   46             sun.reflect.UTF8::utf8Length (81 bytes)
Event: 0.786 Thread 0x6adfe800 nmethod 44 0xb356c5c8 code [0xb356c780, 0xb356d3f8]
Event: 0.790 Thread 0x6adfc800 nmethod 46 0xb3559cc8 code [0xb3559dc0, 0xb3559fb0]

GC Heap History (0 events):
No events

Deoptimization events (5 events):
Event: 0.455 Thread 0x6a4d8000 Uncommon trap -58 fr.pc 0xb3557898
Event: 0.455 Thread 0x6a4d8000 Uncommon trap -58 fr.pc 0xb3557898
Event: 0.455 Thread 0x6a4d8000 Uncommon trap -58 fr.pc 0xb3557898
Event: 0.456 Thread 0x6a4d8000 Uncommon trap -58 fr.pc 0xb3557898
Event: 0.457 Thread 0x6a4d8000 Uncommon trap -58 fr.pc 0xb3555760

Internal exceptions (10 events):
Event: 0.706 Thread 0x6a4d8000 Threw 0x9f9539b8 at /build/buildd/openjdk-7-7u21-2.3.9/build/openjdk/hotspot/src/share/vm/prims/jvm.cpp:1166
Event: 0.711 Thread 0x6a4d8000 Threw 0x9f968c70 at /build/buildd/openjdk-7-7u21-2.3.9/build/openjdk/hotspot/src/share/vm/prims/jvm.cpp:1166
Event: 0.717 Thread 0x6df00c00 Threw 0x9fa225b8 at /build/buildd/openjdk-7-7u21-2.3.9/build/openjdk/hotspot/src/share/vm/prims/jvm.cpp:1166
Event: 0.723 Thread 0x6df00c00 Threw 0x9fa701f0 at /build/buildd/openjdk-7-7u21-2.3.9/build/openjdk/hotspot/src/share/vm/prims/jvm.cpp:1166
Event: 0.727 Thread 0x6df00c00 Threw 0x9fabdef8 at /build/buildd/openjdk-7-7u21-2.3.9/build/openjdk/hotspot/src/share/vm/prims/jvm.cpp:1166
Event: 0.732 Thread 0x6df04800 Threw 0x9fb0bcc0 at /build/buildd/openjdk-7-7u21-2.3.9/build/openjdk/hotspot/src/share/vm/prims/jvm.cpp:1166
Event: 0.736 Thread 0x6df04800 Threw 0x9fb59b60 at /build/buildd/openjdk-7-7u21-2.3.9/build/openjdk/hotspot/src/share/vm/prims/jvm.cpp:1166
Event: 0.753 Thread 0x6a4d8000 Threw 0x9f9dc1e0 at /build/buildd/openjdk-7-7u21-2.3.9/build/openjdk/hotspot/src/share/vm/prims/jni.cpp:742
Event: 0.757 Thread 0x6df07000 Threw 0x9fc90a48 at /build/buildd/openjdk-7-7u21-2.3.9/build/openjdk/hotspot/src/share/vm/prims/jvm.cpp:1166
Event: 0.774 Thread 0x6df07000 Threw 0x9fd0d358 at /build/buildd/openjdk-7-7u21-2.3.9/build/openjdk/hotspot/src/share/vm/prims/jvm.cpp:1166

Events (10 events):
Event: 0.774 loading class 0x679023a0 done
Event: 0.775 Thread 0x6df07000 Thread exited: 0x6df07000
Event: 0.777 Thread 0x6df07000 Thread added: 0x6df07000
Event: 0.782 Thread 0x6df07000 Thread exited: 0x6df07000
Event: 0.782 Thread 0x6df07000 Thread added: 0x6df07000
Event: 0.787 Thread 0x6df07000 Thread exited: 0x6df07000
Event: 0.794 Thread 0x6df1cc00 Thread added: 0x6df1cc00
Event: 0.797 Thread 0x6df1cc00 Thread exited: 0x6df1cc00
Event: 0.797 Thread 0x6df1cc00 Thread added: 0x6df1cc00
Event: 0.800 Thread 0x6df1cc00 Thread exited: 0x6df1cc00


Dynamic libraries:
08048000-08049000 r-xp 00000000 08:06 1708580    /usr/lib/jvm/java-7-openjdk-i386/jre/bin/java
08049000-0804a000 r--p 00000000 08:06 1708580    /usr/lib/jvm/java-7-openjdk-i386/jre/bin/java
0804a000-0804b000 rw-p 00001000 08:06 1708580    /usr/lib/jvm/java-7-openjdk-i386/jre/bin/java
09c09000-09c2a000 rw-p 00000000 00:00 0          [heap]
62e47000-62e72000 r-xp 00000000 08:06 1706469    /usr/lib/i386-linux-gnu/liblua5.1.so.0.0.0
62e72000-62e73000 r--p 0002b000 08:06 1706469    /usr/lib/i386-linux-gnu/liblua5.1.so.0.0.0
62e73000-62e74000 rw-p 0002c000 08:06 1706469    /usr/lib/i386-linux-gnu/liblua5.1.so.0.0.0
62e74000-62e9e000 r-xp 00000000 08:06 405608     /usr/lib/vlc/plugins/lua/liblua_plugin.so
62e9e000-62e9f000 r--p 0002a000 08:06 405608     /usr/lib/vlc/plugins/lua/liblua_plugin.so
62e9f000-62ea0000 rw-p 0002b000 08:06 405608     /usr/lib/vlc/plugins/lua/liblua_plugin.so
62ea0000-62f57000 r-xp 00000000 08:06 1706695    /usr/lib/i386-linux-gnu/libtag.so.1.12.0
62f57000-62f59000 r--p 000b7000 08:06 1706695    /usr/lib/i386-linux-gnu/libtag.so.1.12.0
62f59000-62f5a000 rw-p 000b9000 08:06 1706695    /usr/lib/i386-linux-gnu/libtag.so.1.12.0
62f73000-62f74000 ---p 00000000 00:00 0 
62f74000-62ff4000 rw-p 00000000 00:00 0          [stack:21086]
62ff4000-63015000 r-xp 00000000 08:06 405474     /usr/lib/vlc/plugins/codec/libdvbsub_plugin.so
63015000-63016000 r--p 00020000 08:06 405474     /usr/lib/vlc/plugins/codec/libdvbsub_plugin.so
63016000-63017000 rw-p 00021000 08:06 405474     /usr/lib/vlc/plugins/codec/libdvbsub_plugin.so
63017000-6302b000 r-xp 00000000 08:06 1720555    /usr/lib/libkate.so.1.3.0
6302b000-6302c000 r--p 00013000 08:06 1720555    /usr/lib/libkate.so.1.3.0
6302c000-6302d000 rw-p 00014000 08:06 1720555    /usr/lib/libkate.so.1.3.0
6302d000-6304a000 r-xp 00000000 08:06 1720229    /usr/lib/i386-linux-gnu/libmpeg2.so.0.1.0
6304a000-6304b000 r--p 0001c000 08:06 1720229    /usr/lib/i386-linux-gnu/libmpeg2.so.0.1.0
6304b000-6304c000 rw-p 0001d000 08:06 1720229    /usr/lib/i386-linux-gnu/libmpeg2.so.0.1.0
6304c000-6304e000 rw-p 00000000 00:00 0 
63058000-63065000 r-xp 00000000 08:06 405488     /usr/lib/vlc/plugins/meta_engine/libtaglib_plugin.so
63065000-63066000 r--p 0000c000 08:06 405488     /usr/lib/vlc/plugins/meta_engine/libtaglib_plugin.so
63066000-63067000 rw-p 0000d000 08:06 405488     /usr/lib/vlc/plugins/meta_engine/libtaglib_plugin.so
63067000-63083000 r-xp 00000000 08:06 262607     /lib/i386-linux-gnu/libtinfo.so.5.9
63083000-63085000 r--p 0001b000 08:06 262607     /lib/i386-linux-gnu/libtinfo.so.5.9
63085000-63086000 rw-p 0001d000 08:06 262607     /lib/i386-linux-gnu/libtinfo.so.5.9
63086000-630b5000 r-xp 00000000 08:06 262526     /lib/i386-linux-gnu/libncursesw.so.5.9
630b5000-630b6000 r--p 0002e000 08:06 262526     /lib/i386-linux-gnu/libncursesw.so.5.9
630b6000-630b7000 rw-p 0002f000 08:06 262526     /lib/i386-linux-gnu/libncursesw.so.5.9
630b7000-6319b000 r-xp 00000000 08:06 262596     /lib/i386-linux-gnu/libslang.so.2.2.4
6319b000-6319d000 r--p 000e3000 08:06 262596     /lib/i386-linux-gnu/libslang.so.2.2.4
6319d000-631ab000 rw-p 000e5000 08:06 262596     /lib/i386-linux-gnu/libslang.so.2.2.4
631ab000-631e6000 rw-p 00000000 00:00 0 
631e6000-631f1000 r-xp 00000000 08:06 1706437    /usr/lib/i386-linux-gnu/libjbig.so.0.0.0
631f1000-631f2000 r--p 0000a000 08:06 1706437    /usr/lib/i386-linux-gnu/libjbig.so.0.0.0
631f2000-631f5000 rw-p 0000b000 08:06 1706437    /usr/lib/i386-linux-gnu/libjbig.so.0.0.0
631f5000-6321a000 r-xp 00000000 08:06 262517     /lib/i386-linux-gnu/liblzma.so.5.0.0
6321a000-6321b000 r--p 00024000 08:06 262517     /lib/i386-linux-gnu/liblzma.so.5.0.0
6321b000-6321c000 rw-p 00025000 08:06 262517     /lib/i386-linux-gnu/liblzma.so.5.0.0
6321c000-632e2000 r-xp 00000000 08:06 1706001    /usr/lib/i386-linux-gnu/libcaca.so.0.99.18
632e2000-632e3000 r--p 000c5000 08:06 1706001    /usr/lib/i386-linux-gnu/libcaca.so.0.99.18
632e3000-632e4000 rw-p 000c6000 08:06 1706001    /usr/lib/i386-linux-gnu/libcaca.so.0.99.18
632e4000-632e8000 rw-p 00000000 00:00 0 
632e8000-6332b000 r-xp 00000000 08:06 1721418    /usr/lib/i386-linux-gnu/libwebp.so.4.0.1
6332b000-6332c000 r--p 00042000 08:06 1721418    /usr/lib/i386-linux-gnu/libwebp.so.4.0.1
6332c000-6332d000 rw-p 00043000 08:06 1721418    /usr/lib/i386-linux-gnu/libwebp.so.4.0.1
6332d000-63330000 rw-p 00000000 00:00 0 
63330000-6339f000 r-xp 00000000 08:06 1706720    /usr/lib/i386-linux-gnu/libtiff.so.5.1.0
6339f000-633a0000 ---p 0006f000 08:06 1706720    /usr/lib/i386-linux-gnu/libtiff.so.5.1.0
633a0000-633a1000 r--p 0006f000 08:06 1706720    /usr/lib/i386-linux-gnu/libtiff.so.5.1.0
633a1000-633a3000 rw-p 00070000 08:06 1706720    /usr/lib/i386-linux-gnu/libtiff.so.5.1.0
633a3000-633e8000 r-xp 00000000 08:06 1706439    /usr/lib/i386-linux-gnu/libjpeg.so.8.0.2
633e8000-633e9000 r--p 00044000 08:06 1706439    /usr/lib/i386-linux-gnu/libjpeg.so.8.0.2
633e9000-633ea000 rw-p 00045000 08:06 1706439    /usr/lib/i386-linux-gnu/libjpeg.so.8.0.2
633ea000-633fa000 rw-p 00000000 00:00 0 
633fa000-63466000 r-xp 00000000 08:06 1719412    /usr/lib/i386-linux-gnu/libSDL-1.2.so.0.11.4
63466000-63467000 ---p 0006c000 08:06 1719412    /usr/lib/i386-linux-gnu/libSDL-1.2.so.0.11.4
63467000-63468000 r--p 0006c000 08:06 1719412    /usr/lib/i386-linux-gnu/libSDL-1.2.so.0.11.4
63468000-63469000 rw-p 0006d000 08:06 1719412    /usr/lib/i386-linux-gnu/libSDL-1.2.so.0.11.4
63469000-63493000 rw-p 00000000 00:00 0 
63493000-6349f000 r-xp 00000000 08:06 1721420    /usr/lib/i386-linux-gnu/libSDL_image-1.2.so.0.8.4
6349f000-634a0000 r--p 0000b000 08:06 1721420    /usr/lib/i386-linux-gnu/libSDL_image-1.2.so.0.8.4
634a0000-634a1000 rw-p 0000c000 08:06 1721420    /usr/lib/i386-linux-gnu/libSDL_image-1.2.so.0.8.4
634a1000-634b1000 rw-p 00000000 00:00 0 
634b1000-634c0000 r-xp 00000000 08:06 1706272    /usr/lib/i386-linux-gnu/libgsm.so.1.0.12
634c0000-634c1000 r--p 0000e000 08:06 1706272    /usr/lib/i386-linux-gnu/libgsm.so.1.0.12
634c1000-634c2000 rw-p 0000f000 08:06 1706272    /usr/lib/i386-linux-gnu/libgsm.so.1.0.12
634c2000-63564000 r-xp 00000000 08:06 1706760    /usr/lib/i386-linux-gnu/libvpx.so.1.1.0
63564000-63565000 r--p 000a1000 08:06 1706760    /usr/lib/i386-linux-gnu/libvpx.so.1.1.0
63565000-63566000 rw-p 000a2000 08:06 1706760    /usr/lib/i386-linux-gnu/libvpx.so.1.1.0
63566000-63568000 rw-p 00000000 00:00 0 
63568000-63573000 r-xp 00000000 08:06 1706099    /usr/lib/i386-linux-gnu/libdrm.so.2.4.0
63573000-63574000 r--p 0000a000 08:06 1706099    /usr/lib/i386-linux-gnu/libdrm.so.2.4.0
63574000-63575000 rw-p 0000b000 08:06 1706099    /usr/lib/i386-linux-gnu/libdrm.so.2.4.0
63575000-63593000 r-xp 00000000 08:06 1720467    /usr/lib/i386-linux-gnu/i686/cmov/libavutil.so.51.22.1
63593000-63594000 r--p 0001d000 08:06 1720467    /usr/lib/i386-linux-gnu/i686/cmov/libavutil.so.51.22.1
63594000-63595000 rw-p 0001e000 08:06 1720467    /usr/lib/i386-linux-gnu/i686/cmov/libavutil.so.51.22.1
63595000-63598000 rw-p 00000000 00:00 0 
63598000-63ce3000 r-xp 00000000 08:06 1720474    /usr/lib/i386-linux-gnu/i686/cmov/libavcodec.so.53.35.0
63ce3000-63ce4000 r--p 0074a000 08:06 1720474    /usr/lib/i386-linux-gnu/i686/cmov/libavcodec.so.53.35.0
63ce4000-63cf3000 rw-p 0074b000 08:06 1720474    /usr/lib/i386-linux-gnu/i686/cmov/libavcodec.so.53.35.0
63cf3000-64261000 rw-p 00000000 00:00 0 
64261000-64272000 r-xp 00000000 08:06 1720472    /usr/lib/i386-linux-gnu/libva.so.1.3200.0
64272000-64273000 r--p 00010000 08:06 1720472    /usr/lib/i386-linux-gnu/libva.so.1.3200.0
64273000-64274000 rw-p 00011000 08:06 1720472    /usr/lib/i386-linux-gnu/libva.so.1.3200.0
64274000-64278000 rw-p 00000000 00:00 0 
64278000-6427e000 r-xp 00000000 08:06 1721422    /usr/lib/i386-linux-gnu/libva-x11.so.1.3200.0
6427e000-6427f000 r--p 00005000 08:06 1721422    /usr/lib/i386-linux-gnu/libva-x11.so.1.3200.0
6427f000-64280000 rw-p 00006000 08:06 1721422    /usr/lib/i386-linux-gnu/libva-x11.so.1.3200.0
64284000-64289000 r-xp 00000000 08:06 405466     /usr/lib/vlc/plugins/codec/libsubsdec_plugin.so
64289000-6428a000 r--p 00004000 08:06 405466     /usr/lib/vlc/plugins/codec/libsubsdec_plugin.so
6428a000-6428b000 rw-p 00005000 08:06 405466     /usr/lib/vlc/plugins/codec/libsubsdec_plugin.so
6428b000-6428f000 r-xp 00000000 08:06 405459     /usr/lib/vlc/plugins/codec/libkate_plugin.so
6428f000-64290000 r--p 00003000 08:06 405459     /usr/lib/vlc/plugins/codec/libkate_plugin.so
64290000-64291000 rw-p 00004000 08:06 405459     /usr/lib/vlc/plugins/codec/libkate_plugin.so
64291000-64297000 r-xp 00000000 08:06 405476     /usr/lib/vlc/plugins/codec/liblibmpeg2_plugin.so
64297000-64298000 r--p 00005000 08:06 405476     /usr/lib/vlc/plugins/codec/liblibmpeg2_plugin.so
64298000-64299000 rw-p 00006000 08:06 405476     /usr/lib/vlc/plugins/codec/liblibmpeg2_plugin.so
64299000-642b1000 r-xp 00000000 08:06 407149     /usr/lib/vlc/plugins/codec/libavcodec_plugin.so
642b1000-642b2000 r--p 00017000 08:06 407149     /usr/lib/vlc/plugins/codec/libavcodec_plugin.so
642b2000-642b3000 rw-p 00018000 08:06 407149     /usr/lib/vlc/plugins/codec/libavcodec_plugin.so
642b3000-642d8000 r-xp 00000000 08:06 1703695    /usr/lib/libenca.so.0.5.1
642d8000-642d9000 r--p 00025000 08:06 1703695    /usr/lib/libenca.so.0.5.1
642d9000-642db000 rw-p 00026000 08:06 1703695    /usr/lib/libenca.so.0.5.1
642db000-642f1000 r-xp 00000000 08:06 1706181    /usr/lib/i386-linux-gnu/libfribidi.so.0.3.4
642f1000-642f2000 r--p 00015000 08:06 1706181    /usr/lib/i386-linux-gnu/libfribidi.so.0.3.4
642f2000-642f3000 rw-p 00016000 08:06 1706181    /usr/lib/i386-linux-gnu/libfribidi.so.0.3.4
642f3000-64313000 r-xp 00000000 08:06 1705963    /usr/lib/i386-linux-gnu/libass.so.4.1.0
64313000-64314000 r--p 0001f000 08:06 1705963    /usr/lib/i386-linux-gnu/libass.so.4.1.0
64314000-64315000 rw-p 00020000 08:06 1705963    /usr/lib/i386-linux-gnu/libass.so.4.1.0
64315000-64316000 ---p 00000000 00:00 0 
64316000-64396000 rw-p 00000000 00:00 0          [stack:21085]
64396000-643d2000 r-xp 00000000 08:06 1706135    /usr/lib/i386-linux-gnu/libfaad.so.2.0.0
643d2000-643d3000 ---p 0003c000 08:06 1706135    /usr/lib/i386-linux-gnu/libfaad.so.2.0.0
643d3000-643d4000 r--p 0003c000 08:06 1706135    /usr/lib/i386-linux-gnu/libfaad.so.2.0.0
643d4000-643d7000 rw-p 0003d000 08:06 1706135    /usr/lib/i386-linux-gnu/libfaad.so.2.0.0
643d7000-643e3000 r-xp 00000000 08:06 405465     /usr/lib/vlc/plugins/codec/libomxil_plugin.so
643e3000-643e4000 r--p 0000b000 08:06 405465     /usr/lib/vlc/plugins/codec/libomxil_plugin.so
643e4000-643e5000 rw-p 0000c000 08:06 405465     /usr/lib/vlc/plugins/codec/libomxil_plugin.so
643e5000-643e8000 r-xp 00000000 08:06 405470     /usr/lib/vlc/plugins/codec/libdts_plugin.so
643e8000-643e9000 r--p 00002000 08:06 405470     /usr/lib/vlc/plugins/codec/libdts_plugin.so
643e9000-643ea000 rw-p 00003000 08:06 405470     /usr/lib/vlc/plugins/codec/libdts_plugin.so
643ea000-643ee000 r-xp 00000000 08:06 405464     /usr/lib/vlc/plugins/codec/libflac_plugin.so
643ee000-643ef000 r--p 00003000 08:06 405464     /usr/lib/vlc/plugins/codec/libflac_plugin.so
643ef000-643f0000 rw-p 00004000 08:06 405464     /usr/lib/vlc/plugins/codec/libflac_plugin.so
643f0000-6442d000 r-xp 00000000 08:06 1706535    /usr/lib/i386-linux-gnu/libopus.so.0.2.0
6442d000-6442e000 r--p 0003c000 08:06 1706535    /usr/lib/i386-linux-gnu/libopus.so.0.2.0
6442e000-6442f000 rw-p 0003d000 08:06 1706535    /usr/lib/i386-linux-gnu/libopus.so.0.2.0
6442f000-644bd000 r-xp 00000000 08:06 1706537    /usr/lib/i386-linux-gnu/liborc-0.4.so.0.17.0
644bd000-644be000 r--p 0008e000 08:06 1706537    /usr/lib/i386-linux-gnu/liborc-0.4.so.0.17.0
644be000-644c2000 rw-p 0008f000 08:06 1706537    /usr/lib/i386-linux-gnu/liborc-0.4.so.0.17.0
644c2000-6458f000 r-xp 00000000 08:06 1706653    /usr/lib/i386-linux-gnu/libschroedinger-1.0.so.0.11.0
6458f000-64591000 r--p 000cc000 08:06 1706653    /usr/lib/i386-linux-gnu/libschroedinger-1.0.so.0.11.0
64591000-64592000 rw-p 000ce000 08:06 1706653    /usr/lib/i386-linux-gnu/libschroedinger-1.0.so.0.11.0
64593000-64596000 r-xp 00000000 08:06 405460     /usr/lib/vlc/plugins/codec/liba52_plugin.so
64596000-64597000 r--p 00002000 08:06 405460     /usr/lib/vlc/plugins/codec/liba52_plugin.so
64597000-64598000 rw-p 00003000 08:06 405460     /usr/lib/vlc/plugins/codec/liba52_plugin.so
64598000-6459e000 r-xp 00000000 08:06 405453     /usr/lib/vlc/plugins/codec/libaraw_plugin.so
6459e000-6459f000 r--p 00005000 08:06 405453     /usr/lib/vlc/plugins/codec/libaraw_plugin.so
6459f000-645a0000 rw-p 00006000 08:06 405453     /usr/lib/vlc/plugins/codec/libaraw_plugin.so
645a0000-645a4000 r-xp 00000000 08:06 405468     /usr/lib/vlc/plugins/codec/liblibass_plugin.so
645a4000-645a5000 r--p 00003000 08:06 405468     /usr/lib/vlc/plugins/codec/liblibass_plugin.so
645a5000-645a6000 rw-p 00004000 08:06 405468     /usr/lib/vlc/plugins/codec/liblibass_plugin.so
645a6000-645a9000 r-xp 00000000 08:06 405456     /usr/lib/vlc/plugins/codec/libfaad_plugin.so
645a9000-645aa000 r--p 00002000 08:06 405456     /usr/lib/vlc/plugins/codec/libfaad_plugin.so
645aa000-645ab000 rw-p 00003000 08:06 405456     /usr/lib/vlc/plugins/codec/libfaad_plugin.so
645ab000-645b4000 r-xp 00000000 08:06 405450     /usr/lib/vlc/plugins/codec/libschroedinger_plugin.so
645b4000-645b5000 r--p 00008000 08:06 405450     /usr/lib/vlc/plugins/codec/libschroedinger_plugin.so
645b5000-645b6000 rw-p 00009000 08:06 405450     /usr/lib/vlc/plugins/codec/libschroedinger_plugin.so
645b6000-65db8000 rw-p 00000000 00:00 0 
65db8000-66000000 rw-s 00000000 00:04 89620505   /SYSV00000000 (deleted)
66000000-66034000 rw-p 00000000 00:00 0 
66034000-66100000 ---p 00000000 00:00 0 
66100000-66102000 r-xp 00000000 08:06 405125     /usr/lib/vlc/plugins/codec/libsdl_image_plugin.so
66102000-66103000 r--p 00001000 08:06 405125     /usr/lib/vlc/plugins/codec/libsdl_image_plugin.so
66103000-66104000 rw-p 00002000 08:06 405125     /usr/lib/vlc/plugins/codec/libsdl_image_plugin.so
66104000-66108000 r-xp 00000000 08:06 405477     /usr/lib/vlc/plugins/codec/libopus_plugin.so
66108000-66109000 r--p 00003000 08:06 405477     /usr/lib/vlc/plugins/codec/libopus_plugin.so
66109000-6610a000 rw-p 00004000 08:06 405477     /usr/lib/vlc/plugins/codec/libopus_plugin.so
6610a000-6610d000 r-xp 00000000 08:06 405482     /usr/lib/vlc/plugins/codec/libcdg_plugin.so
6610d000-6610e000 r--p 00002000 08:06 405482     /usr/lib/vlc/plugins/codec/libcdg_plugin.so
6610e000-6610f000 rw-p 00003000 08:06 405482     /usr/lib/vlc/plugins/codec/libcdg_plugin.so
6610f000-66111000 r-xp 00000000 08:06 405481     /usr/lib/vlc/plugins/codec/libpng_plugin.so
66111000-66112000 r--p 00001000 08:06 405481     /usr/lib/vlc/plugins/codec/libpng_plugin.so
66112000-66113000 rw-p 00002000 08:06 405481     /usr/lib/vlc/plugins/codec/libpng_plugin.so
66113000-6611b000 r-xp 00000000 08:06 280621     /usr/lib/vlc/plugins/demux/libsubtitle_plugin.so
6611b000-6611c000 r--p 00007000 08:06 280621     /usr/lib/vlc/plugins/demux/libsubtitle_plugin.so
6611c000-6611d000 rw-p 00008000 08:06 280621     /usr/lib/vlc/plugins/demux/libsubtitle_plugin.so
6611d000-66120000 r-xp 00000000 08:06 280635     /usr/lib/vlc/plugins/demux/libdemux_stl_plugin.so
66120000-66121000 r--p 00002000 08:06 280635     /usr/lib/vlc/plugins/demux/libdemux_stl_plugin.so
66121000-66122000 rw-p 00003000 08:06 280635     /usr/lib/vlc/plugins/demux/libdemux_stl_plugin.so
66122000-66127000 r-xp 00000000 08:06 280644     /usr/lib/vlc/plugins/demux/libvobsub_plugin.so
66127000-66128000 r--p 00004000 08:06 280644     /usr/lib/vlc/plugins/demux/libvobsub_plugin.so
66128000-66129000 rw-p 00005000 08:06 280644     /usr/lib/vlc/plugins/demux/libvobsub_plugin.so
66129000-66130000 r--s 00000000 08:06 1707538    /usr/lib/i386-linux-gnu/gconv/gconv-modules.cache
66130000-66133000 r-xp 00000000 08:06 405449     /usr/lib/vlc/plugins/codec/libmpeg_audio_plugin.so
66133000-66134000 r--p 00002000 08:06 405449     /usr/lib/vlc/plugins/codec/libmpeg_audio_plugin.so
66134000-66135000 rw-p 00003000 08:06 405449     /usr/lib/vlc/plugins/codec/libmpeg_audio_plugin.so
66135000-66138000 r-xp 00000000 08:06 405473     /usr/lib/vlc/plugins/codec/libsvcdsub_plugin.so
66138000-66139000 r--p 00002000 08:06 405473     /usr/lib/vlc/plugins/codec/libsvcdsub_plugin.so
66139000-6613a000 rw-p 00003000 08:06 405473     /usr/lib/vlc/plugins/codec/libsvcdsub_plugin.so
6613a000-6613d000 r-xp 00000000 08:06 405455     /usr/lib/vlc/plugins/codec/libcvdsub_plugin.so
6613d000-6613e000 r--p 00002000 08:06 405455     /usr/lib/vlc/plugins/codec/libcvdsub_plugin.so
6613e000-6613f000 rw-p 00003000 08:06 405455     /usr/lib/vlc/plugins/codec/libcvdsub_plugin.so
6613f000-66142000 r-xp 00000000 08:06 405458     /usr/lib/vlc/plugins/codec/libspudec_plugin.so
66142000-66143000 r--p 00003000 08:06 405458     /usr/lib/vlc/plugins/codec/libspudec_plugin.so
66143000-66144000 rw-p 00004000 08:06 405458     /usr/lib/vlc/plugins/codec/libspudec_plugin.so
66144000-66148000 r-xp 00000000 08:06 405634     /usr/lib/vlc/plugins/packetizer/libpacketizer_flac_plugin.so
66148000-66149000 r--p 00003000 08:06 405634     /usr/lib/vlc/plugins/packetizer/libpacketizer_flac_plugin.so
66149000-6614a000 rw-p 00004000 08:06 405634     /usr/lib/vlc/plugins/packetizer/libpacketizer_flac_plugin.so
6614a000-6614f000 r-xp 00000000 08:06 405638     /usr/lib/vlc/plugins/packetizer/libpacketizer_mpegvideo_plugin.so
6614f000-66150000 r--p 00004000 08:06 405638     /usr/lib/vlc/plugins/packetizer/libpacketizer_mpegvideo_plugin.so
66150000-66151000 rw-p 00005000 08:06 405638     /usr/lib/vlc/plugins/packetizer/libpacketizer_mpegvideo_plugin.so
66151000-66160000 r-xp 00000000 08:06 405635     /usr/lib/vlc/plugins/packetizer/libpacketizer_h264_plugin.so
66160000-66161000 r--p 0000e000 08:06 405635     /usr/lib/vlc/plugins/packetizer/libpacketizer_h264_plugin.so
66161000-66162000 rw-p 0000f000 08:06 405635     /usr/lib/vlc/plugins/packetizer/libpacketizer_h264_plugin.so
66162000-6617d000 r-xp 00000000 08:06 1706713    /usr/lib/i386-linux-gnu/libtheoradec.so.1.1.4
6617d000-6617e000 r--p 0001a000 08:06 1706713    /usr/lib/i386-linux-gnu/libtheoradec.so.1.1.4
6617e000-6617f000 rw-p 0001b000 08:06 1706713    /usr/lib/i386-linux-gnu/libtheoradec.so.1.1.4
6617f000-661c4000 r-xp 00000000 08:06 1706715    /usr/lib/i386-linux-gnu/libtheoraenc.so.1.1.2
661c4000-661c5000 r--p 00044000 08:06 1706715    /usr/lib/i386-linux-gnu/libtheoraenc.so.1.1.2
661c5000-661c6000 rw-p 00045000 08:06 1706715    /usr/lib/i386-linux-gnu/libtheoraenc.so.1.1.2
661c6000-661c8000 r-xp 00000000 08:06 280611     /usr/lib/vlc/plugins/demux/libdemux_cdg_plugin.so
661c8000-661c9000 r--p 00001000 08:06 280611     /usr/lib/vlc/plugins/demux/libdemux_cdg_plugin.so
661c9000-661ca000 rw-p 00002000 08:06 280611     /usr/lib/vlc/plugins/demux/libdemux_cdg_plugin.so
661ca000-661ce000 r-xp 00000000 08:06 405636     /usr/lib/vlc/plugins/packetizer/libpacketizer_mlp_plugin.so
661ce000-661cf000 r--p 00003000 08:06 405636     /usr/lib/vlc/plugins/packetizer/libpacketizer_mlp_plugin.so
661cf000-661d0000 rw-p 00004000 08:06 405636     /usr/lib/vlc/plugins/packetizer/libpacketizer_mlp_plugin.so
661d0000-661d5000 r-xp 00000000 08:06 405637     /usr/lib/vlc/plugins/packetizer/libpacketizer_mpeg4video_plugin.so
661d5000-661d6000 r--p 00004000 08:06 405637     /usr/lib/vlc/plugins/packetizer/libpacketizer_mpeg4video_plugin.so
661d6000-661d7000 rw-p 00005000 08:06 405637     /usr/lib/vlc/plugins/packetizer/libpacketizer_mpeg4video_plugin.so
661d7000-661dd000 r-xp 00000000 08:06 405640     /usr/lib/vlc/plugins/packetizer/libpacketizer_mpeg4audio_plugin.so
661dd000-661de000 r--p 00005000 08:06 405640     /usr/lib/vlc/plugins/packetizer/libpacketizer_mpeg4audio_plugin.so
661de000-661df000 rw-p 00006000 08:06 405640     /usr/lib/vlc/plugins/packetizer/libpacketizer_mpeg4audio_plugin.so
661df000-661fe000 r-xp 00000000 08:06 1708460    /usr/lib/i386-linux-gnu/sse2/libspeex.so.1.5.0
661fe000-661ff000 r--p 0001e000 08:06 1708460    /usr/lib/i386-linux-gnu/sse2/libspeex.so.1.5.0
661ff000-66200000 rw-p 0001f000 08:06 1708460    /usr/lib/i386-linux-gnu/sse2/libspeex.so.1.5.0
66200000-664df000 r-xp 00000000 08:06 1705842    /usr/lib/i386-linux-gnu/libQtCore.so.4.8.4
664df000-664e6000 r--p 002de000 08:06 1705842    /usr/lib/i386-linux-gnu/libQtCore.so.4.8.4
664e6000-664e7000 rw-p 002e5000 08:06 1705842    /usr/lib/i386-linux-gnu/libQtCore.so.4.8.4
664e7000-664e8000 rw-p 00000000 00:00 0 
664e8000-66f90000 r-xp 00000000 08:06 1705851    /usr/lib/i386-linux-gnu/libQtGui.so.4.8.4
66f90000-66fb2000 r--p 00aa7000 08:06 1705851    /usr/lib/i386-linux-gnu/libQtGui.so.4.8.4
66fb2000-66fb6000 rw-p 00ac9000 08:06 1705851    /usr/lib/i386-linux-gnu/libQtGui.so.4.8.4
66fb6000-66fb9000 rw-p 00000000 00:00 0 
66fb9000-671ce000 r-xp 00000000 08:06 407152     /usr/lib/vlc/plugins/gui/libqt4_plugin.so
671ce000-671cf000 ---p 00215000 08:06 407152     /usr/lib/vlc/plugins/gui/libqt4_plugin.so
671cf000-671db000 r--p 00215000 08:06 407152     /usr/lib/vlc/plugins/gui/libqt4_plugin.so
671db000-671dd000 rw-p 00221000 08:06 407152     /usr/lib/vlc/plugins/gui/libqt4_plugin.so
671dd000-671de000 rw-p 00000000 00:00 0 
671de000-671e4000 r-xp 00000000 08:06 1706531    /usr/lib/i386-linux-gnu/libogg.so.0.8.0
671e4000-671e5000 r--p 00005000 08:06 1706531    /usr/lib/i386-linux-gnu/libogg.so.0.8.0
671e5000-671e6000 rw-p 00006000 08:06 1706531    /usr/lib/i386-linux-gnu/libogg.so.0.8.0
671e6000-6720f000 r-xp 00000000 08:06 1706753    /usr/lib/i386-linux-gnu/libvorbis.so.0.4.5
6720f000-67210000 ---p 00029000 08:06 1706753    /usr/lib/i386-linux-gnu/libvorbis.so.0.4.5
67210000-67211000 r--p 00029000 08:06 1706753    /usr/lib/i386-linux-gnu/libvorbis.so.0.4.5
67211000-67212000 rw-p 0002a000 08:06 1706753    /usr/lib/i386-linux-gnu/libvorbis.so.0.4.5
67212000-67378000 r-xp 00000000 08:06 1706755    /usr/lib/i386-linux-gnu/libvorbisenc.so.2.0.8
67378000-67389000 r--p 00165000 08:06 1706755    /usr/lib/i386-linux-gnu/libvorbisenc.so.2.0.8
67389000-6738a000 rw-p 00176000 08:06 1706755    /usr/lib/i386-linux-gnu/libvorbisenc.so.2.0.8
6738a000-673d8000 r-xp 00000000 08:06 1705817    /usr/lib/i386-linux-gnu/libFLAC.so.8.2.0
673d8000-673d9000 r--p 0004e000 08:06 1705817    /usr/lib/i386-linux-gnu/libFLAC.so.8.2.0
673d9000-673da000 rw-p 0004f000 08:06 1705817    /usr/lib/i386-linux-gnu/libFLAC.so.8.2.0
673da000-67447000 r-xp 00000000 08:06 1706669    /usr/lib/i386-linux-gnu/libsndfile.so.1.0.25
67447000-67449000 r--p 0006c000 08:06 1706669    /usr/lib/i386-linux-gnu/libsndfile.so.1.0.25
67449000-6744a000 rw-p 0006e000 08:06 1706669    /usr/lib/i386-linux-gnu/libsndfile.so.1.0.25
6744a000-6744e000 rw-p 00000000 00:00 0 
6744e000-67456000 r-xp 00000000 08:06 405633     /usr/lib/vlc/plugins/packetizer/libpacketizer_vc1_plugin.so
67456000-67457000 r--p 00007000 08:06 405633     /usr/lib/vlc/plugins/packetizer/libpacketizer_vc1_plugin.so
67457000-67458000 rw-p 00008000 08:06 405633     /usr/lib/vlc/plugins/packetizer/libpacketizer_vc1_plugin.so
67458000-6745d000 r-xp 00000000 08:06 405641     /usr/lib/vlc/plugins/packetizer/libpacketizer_dirac_plugin.so
6745d000-6745e000 r--p 00005000 08:06 405641     /usr/lib/vlc/plugins/packetizer/libpacketizer_dirac_plugin.so
6745e000-6745f000 rw-p 00006000 08:06 405641     /usr/lib/vlc/plugins/packetizer/libpacketizer_dirac_plugin.so
6745f000-67465000 r-xp 00000000 08:06 405451     /usr/lib/vlc/plugins/codec/libtheora_plugin.so
67465000-67466000 r--p 00005000 08:06 405451     /usr/lib/vlc/plugins/codec/libtheora_plugin.so
67466000-67467000 rw-p 00006000 08:06 405451     /usr/lib/vlc/plugins/codec/libtheora_plugin.so
67467000-6746d000 r-xp 00000000 08:06 405479     /usr/lib/vlc/plugins/codec/libvorbis_plugin.so
6746d000-6746e000 r--p 00005000 08:06 405479     /usr/lib/vlc/plugins/codec/libvorbis_plugin.so
6746e000-6746f000 rw-p 00006000 08:06 405479     /usr/lib/vlc/plugins/codec/libvorbis_plugin.so
6746f000-67475000 r-xp 00000000 08:06 405478     /usr/lib/vlc/plugins/codec/libspeex_plugin.so
67475000-67476000 r--p 00005000 08:06 405478     /usr/lib/vlc/plugins/codec/libspeex_plugin.so
67476000-67477000 rw-p 00006000 08:06 405478     /usr/lib/vlc/plugins/codec/libspeex_plugin.so
67477000-6747b000 r-xp 00000000 08:06 405462     /usr/lib/vlc/plugins/codec/liblpcm_plugin.so
6747b000-6747c000 r--p 00003000 08:06 405462     /usr/lib/vlc/plugins/codec/liblpcm_plugin.so
6747c000-6747d000 rw-p 00004000 08:06 405462     /usr/lib/vlc/plugins/codec/liblpcm_plugin.so
6747d000-67482000 r-xp 00000000 08:06 280640     /usr/lib/vlc/plugins/demux/libes_plugin.so
67482000-67483000 r--p 00004000 08:06 280640     /usr/lib/vlc/plugins/demux/libes_plugin.so
67483000-67484000 rw-p 00005000 08:06 280640     /usr/lib/vlc/plugins/demux/libes_plugin.so
67484000-67488000 r-xp 00000000 08:06 280647     /usr/lib/vlc/plugins/demux/libflacsys_plugin.so
67488000-67489000 r--p 00004000 08:06 280647     /usr/lib/vlc/plugins/demux/libflacsys_plugin.so
67489000-6748a000 rw-p 00005000 08:06 280647     /usr/lib/vlc/plugins/demux/libflacsys_plugin.so
6748a000-67496000 r-xp 00000000 08:06 280632     /usr/lib/vlc/plugins/demux/libasf_plugin.so
67496000-67497000 r--p 0000b000 08:06 280632     /usr/lib/vlc/plugins/demux/libasf_plugin.so
67497000-67498000 rw-p 0000c000 08:06 280632     /usr/lib/vlc/plugins/demux/libasf_plugin.so
67498000-674bc000 r-xp 00000000 08:06 280624     /usr/lib/vlc/plugins/demux/libmp4_plugin.so
674bc000-674bd000 r--p 00024000 08:06 280624     /usr/lib/vlc/plugins/demux/libmp4_plugin.so
674bd000-674be000 rw-p 00025000 08:06 280624     /usr/lib/vlc/plugins/demux/libmp4_plugin.so
674be000-674d9000 r-xp 00000000 08:06 405646     /usr/lib/vlc/plugins/stream_filter/libstream_filter_dash_plugin.so
674d9000-674da000 r--p 0001b000 08:06 405646     /usr/lib/vlc/plugins/stream_filter/libstream_filter_dash_plugin.so
674da000-674db000 rw-p 0001c000 08:06 405646     /usr/lib/vlc/plugins/stream_filter/libstream_filter_dash_plugin.so
674db000-674f9000 r-xp 00000000 08:06 1706115    /usr/lib/i386-linux-gnu/libdvdread.so.4.1.2
674f9000-674fa000 r--p 0001d000 08:06 1706115    /usr/lib/i386-linux-gnu/libdvdread.so.4.1.2
674fa000-674fb000 rw-p 0001e000 08:06 1706115    /usr/lib/i386-linux-gnu/libdvdread.so.4.1.2
674fb000-674fe000 ---p 00000000 00:00 0 
674fe000-6757c000 rw-p 00000000 00:00 0          [stack:21084]
6757c000-6757f000 ---p 00000000 00:00 0 
6757f000-675cd000 rw-p 00000000 00:00 0          [stack:21083]
675cd000-67636000 r-xp 00000000 08:06 1708139    /usr/lib/i386-linux-gnu/pulseaudio/libpulsecommon-3.0.so
67636000-67637000 r--p 00068000 08:06 1708139    /usr/lib/i386-linux-gnu/pulseaudio/libpulsecommon-3.0.so
67637000-67638000 rw-p 00069000 08:06 1708139    /usr/lib/i386-linux-gnu/pulseaudio/libpulsecommon-3.0.so
67639000-6763b000 r-xp 00000000 08:06 405483     /usr/lib/vlc/plugins/codec/libaes3_plugin.so
6763b000-6763c000 r--p 00001000 08:06 405483     /usr/lib/vlc/plugins/codec/libaes3_plugin.so
6763c000-6763d000 rw-p 00002000 08:06 405483     /usr/lib/vlc/plugins/codec/libaes3_plugin.so
6763d000-6764d000 r-xp 00000000 08:06 280639     /usr/lib/vlc/plugins/demux/libavi_plugin.so
6764d000-6764e000 r--p 00010000 08:06 280639     /usr/lib/vlc/plugins/demux/libavi_plugin.so
6764e000-6764f000 rw-p 00011000 08:06 280639     /usr/lib/vlc/plugins/demux/libavi_plugin.so
6764f000-67652000 r-xp 00000000 08:06 1720599    /usr/lib/vlc/plugins/access/libstream_filter_rar_plugin.so
67652000-67653000 r--p 00002000 08:06 1720599    /usr/lib/vlc/plugins/access/libstream_filter_rar_plugin.so
67653000-67654000 rw-p 00003000 08:06 1720599    /usr/lib/vlc/plugins/access/libstream_filter_rar_plugin.so
67654000-67668000 r-xp 00000000 08:06 1706111    /usr/lib/i386-linux-gnu/libdvdnav.so.4.1.2
67668000-67669000 r--p 00013000 08:06 1706111    /usr/lib/i386-linux-gnu/libdvdnav.so.4.1.2
67669000-6766a000 rw-p 00014000 08:06 1706111    /usr/lib/i386-linux-gnu/libdvdnav.so.4.1.2
6766d000-67675000 r-xp 00000000 08:06 1720591    /usr/lib/vlc/plugins/access/libzip_plugin.so
67675000-67676000 r--p 00007000 08:06 1720591    /usr/lib/vlc/plugins/access/libzip_plugin.so
67676000-67677000 rw-p 00008000 08:06 1720591    /usr/lib/vlc/plugins/access/libzip_plugin.so
67677000-67681000 r-xp 00000000 08:06 405643     /usr/lib/vlc/plugins/stream_filter/libstream_filter_httplive_plugin.so
67681000-67682000 r--p 00009000 08:06 405643     /usr/lib/vlc/plugins/stream_filter/libstream_filter_httplive_plugin.so
67682000-67683000 rw-p 0000a000 08:06 405643     /usr/lib/vlc/plugins/stream_filter/libstream_filter_httplive_plugin.so
67683000-67684000 ---p 00000000 00:00 0 
67684000-67704000 rw-p 00000000 00:00 0          [stack:21082]
67704000-67750000 r-xp 00000000 08:06 1706602    /usr/lib/i386-linux-gnu/libpulse.so.0.15.3
67750000-67751000 ---p 0004c000 08:06 1706602    /usr/lib/i386-linux-gnu/libpulse.so.0.15.3
67751000-67752000 r--p 0004c000 08:06 1706602    /usr/lib/i386-linux-gnu/libpulse.so.0.15.3
67752000-67753000 rw-p 0004d000 08:06 1706602    /usr/lib/i386-linux-gnu/libpulse.so.0.15.3
67756000-67759000 r-xp 00000000 08:06 405644     /usr/lib/vlc/plugins/stream_filter/libdecomp_plugin.so
67759000-6775a000 r--p 00002000 08:06 405644     /usr/lib/vlc/plugins/stream_filter/libdecomp_plugin.so
6775a000-6775b000 rw-p 00003000 08:06 405644     /usr/lib/vlc/plugins/stream_filter/libdecomp_plugin.so
6775b000-67760000 r-xp 00000000 08:06 1720610    /usr/lib/vlc/plugins/access/libaccess_vdr_plugin.so
67760000-67761000 r--p 00004000 08:06 1720610    /usr/lib/vlc/plugins/access/libaccess_vdr_plugin.so
67761000-67762000 rw-p 00005000 08:06 1720610    /usr/lib/vlc/plugins/access/libaccess_vdr_plugin.so
67762000-67796000 r-xp 00000000 08:06 1720482    /usr/lib/i386-linux-gnu/libbluray.so.1.2.0
67796000-67797000 ---p 00034000 08:06 1720482    /usr/lib/i386-linux-gnu/libbluray.so.1.2.0
67797000-67798000 r--p 00034000 08:06 1720482    /usr/lib/i386-linux-gnu/libbluray.so.1.2.0
67798000-67799000 rw-p 00035000 08:06 1720482    /usr/lib/i386-linux-gnu/libbluray.so.1.2.0
67799000-67886000 r-xp 00000000 08:06 1771845    /usr/lib/i386-linux-gnu/libasound.so.2.0.0
67886000-6788a000 r--p 000ec000 08:06 1771845    /usr/lib/i386-linux-gnu/libasound.so.2.0.0
6788a000-6788b000 rw-p 000f0000 08:06 1771845    /usr/lib/i386-linux-gnu/libasound.so.2.0.0
6788b000-6788d000 r-xp 00000000 08:06 405480     /usr/lib/vlc/plugins/codec/librawvideo_plugin.so
6788d000-6788e000 r--p 00001000 08:06 405480     /usr/lib/vlc/plugins/codec/librawvideo_plugin.so
6788e000-6788f000 rw-p 00002000 08:06 405480     /usr/lib/vlc/plugins/codec/librawvideo_plugin.so
6788f000-678a2000 r-xp 00000000 08:06 1720590    /usr/lib/vlc/plugins/access/libaccess_bd_plugin.so
678a2000-678a3000 r--p 00012000 08:06 1720590    /usr/lib/vlc/plugins/access/libaccess_bd_plugin.so
678a3000-678a4000 rw-p 00013000 08:06 1720590    /usr/lib/vlc/plugins/access/libaccess_bd_plugin.so
678a4000-678fc000 r-xp 00000000 08:06 1722219    /usr/lib/i386-linux-gnu/libXt.so.6.0.0
678fc000-678fd000 r--p 00058000 08:06 1722219    /usr/lib/i386-linux-gnu/libXt.so.6.0.0
678fd000-67900000 rw-p 00059000 08:06 1722219    /usr/lib/i386-linux-gnu/libXt.so.6.0.0
67900000-679fb000 rw-p 00000000 00:00 0 
679fb000-67a00000 ---p 00000000 00:00 0 
67a00000-67a04000 r-xp 00000000 08:06 1720609    /usr/lib/vlc/plugins/access/libfilesystem_plugin.so
67a04000-67a05000 r--p 00003000 08:06 1720609    /usr/lib/vlc/plugins/access/libfilesystem_plugin.so
67a05000-67a06000 rw-p 00004000 08:06 1720609    /usr/lib/vlc/plugins/access/libfilesystem_plugin.so
67a06000-67a0e000 r-xp 00000000 08:06 262621     /lib/i386-linux-gnu/libwrap.so.0.7.6
67a0e000-67a0f000 r--p 00007000 08:06 262621     /lib/i386-linux-gnu/libwrap.so.0.7.6
67a0f000-67a10000 rw-p 00008000 08:06 262621     /lib/i386-linux-gnu/libwrap.so.0.7.6
67a10000-67a12000 r-xp 00000000 08:06 405645     /usr/lib/vlc/plugins/stream_filter/libstream_filter_record_plugin.so
67a12000-67a13000 r--p 00001000 08:06 405645     /usr/lib/vlc/plugins/stream_filter/libstream_filter_record_plugin.so
67a13000-67a14000 rw-p 00002000 08:06 405645     /usr/lib/vlc/plugins/stream_filter/libstream_filter_record_plugin.so
67a14000-67a1e000 r-xp 00000000 08:06 1720582    /usr/lib/vlc/plugins/access/libdvdnav_plugin.so
67a1e000-67a1f000 r--p 0000a000 08:06 1720582    /usr/lib/vlc/plugins/access/libdvdnav_plugin.so
67a1f000-67a20000 rw-p 0000b000 08:06 1720582    /usr/lib/vlc/plugins/access/libdvdnav_plugin.so
67a20000-67a25000 r-xp 00000000 08:06 1720612    /usr/lib/vlc/plugins/access/liblibbluray_plugin.so
67a25000-67a26000 r--p 00004000 08:06 1720612    /usr/lib/vlc/plugins/access/liblibbluray_plugin.so
67a26000-67a27000 rw-p 00005000 08:06 1720612    /usr/lib/vlc/plugins/access/liblibbluray_plugin.so
67a27000-67a3d000 r-xp 00000000 08:06 1705827    /usr/lib/i386-linux-gnu/libICE.so.6.3.0
67a3d000-67a3e000 r--p 00015000 08:06 1705827    /usr/lib/i386-linux-gnu/libICE.so.6.3.0
67a3e000-67a3f000 rw-p 00016000 08:06 1705827    /usr/lib/i386-linux-gnu/libICE.so.6.3.0
67a3f000-67a41000 rw-p 00000000 00:00 0 
67a41000-67a48000 r-xp 00000000 08:06 1705877    /usr/lib/i386-linux-gnu/libSM.so.6.0.1
67a48000-67a49000 r--p 00006000 08:06 1705877    /usr/lib/i386-linux-gnu/libSM.so.6.0.1
67a49000-67a4a000 rw-p 00007000 08:06 1705877    /usr/lib/i386-linux-gnu/libSM.so.6.0.1
67a4a000-67a61000 r-xp 00000000 08:06 1705975    /usr/lib/i386-linux-gnu/libaudio.so.2.4
67a61000-67a62000 r--p 00016000 08:06 1705975    /usr/lib/i386-linux-gnu/libaudio.so.2.4
67a62000-67a63000 rw-p 00017000 08:06 1705975    /usr/lib/i386-linux-gnu/libaudio.so.2.4
67a63000-67a74000 r-xp 00000000 08:06 262615     /lib/i386-linux-gnu/libusb-1.0.so.0.1.0
67a74000-67a75000 r--p 00010000 08:06 262615     /lib/i386-linux-gnu/libusb-1.0.so.0.1.0
67a75000-67a76000 rw-p 00011000 08:06 262615     /lib/i386-linux-gnu/libusb-1.0.so.0.1.0
67a76000-67afc000 r-xp 00000000 08:06 1720486    /usr/lib/i386-linux-gnu/libdirac_encoder.so.0.1.0
67afc000-67afe000 r--p 00085000 08:06 1720486    /usr/lib/i386-linux-gnu/libdirac_encoder.so.0.1.0
67afe000-67aff000 rw-p 00087000 08:06 1720486    /usr/lib/i386-linux-gnu/libdirac_encoder.so.0.1.0
67aff000-67b00000 rw-p 00000000 00:00 0 
67b00000-67b2c000 rw-p 00000000 00:00 0 
67b2c000-67c00000 ---p 00000000 00:00 0 
67c01000-67c06000 r-xp 00000000 08:06 1705965    /usr/lib/i386-linux-gnu/libasyncns.so.0.3.1
67c06000-67c07000 r--p 00004000 08:06 1705965    /usr/lib/i386-linux-gnu/libasyncns.so.0.3.1
67c07000-67c08000 rw-p 00005000 08:06 1705965    /usr/lib/i386-linux-gnu/libasyncns.so.0.3.1
67c09000-67c0d000 r-xp 00000000 08:06 262619     /lib/i386-linux-gnu/libuuid.so.1.3.0
67c0d000-67c0e000 r--p 00003000 08:06 262619     /lib/i386-linux-gnu/libuuid.so.1.3.0
67c0e000-67c0f000 rw-p 00004000 08:06 262619     /lib/i386-linux-gnu/libuuid.so.1.3.0
67c0f000-67c52000 r-xp 00000000 08:06 1706494    /usr/lib/i386-linux-gnu/libmtp.so.9.0.5
67c52000-67c55000 r--p 00043000 08:06 1706494    /usr/lib/i386-linux-gnu/libmtp.so.9.0.5
67c55000-67c5c000 rw-p 00046000 08:06 1706494    /usr/lib/i386-linux-gnu/libmtp.so.9.0.5
67c5c000-67d51000 r-xp 00000000 08:06 1720541    /usr/lib/libvlccore.so.5.1.1
67d51000-67d56000 r--p 000f5000 08:06 1720541    /usr/lib/libvlccore.so.5.1.1
67d56000-67d57000 rw-p 000fa000 08:06 1720541    /usr/lib/libvlccore.so.5.1.1
67d59000-67d5b000 r-xp 00000000 08:06 280658     /usr/lib/vlc/plugins/misc/libinhibit_plugin.so
67d5b000-67d5c000 r--p 00001000 08:06 280658     /usr/lib/vlc/plugins/misc/libinhibit_plugin.so
67d5c000-67d5d000 rw-p 00002000 08:06 280658     /usr/lib/vlc/plugins/misc/libinhibit_plugin.so
67d5d000-67d63000 r-xp 00000000 08:06 405627     /usr/lib/vlc/plugins/control/libhotkeys_plugin.so
67d63000-67d64000 r--p 00005000 08:06 405627     /usr/lib/vlc/plugins/control/libhotkeys_plugin.so
67d64000-67d65000 rw-p 00006000 08:06 405627     /usr/lib/vlc/plugins/control/libhotkeys_plugin.so
67d65000-67d67000 r-xp 00000000 08:06 405485     /usr/lib/vlc/plugins/mmxext/libmemcpymmxext_plugin.so
67d67000-67d68000 r--p 00001000 08:06 405485     /usr/lib/vlc/plugins/mmxext/libmemcpymmxext_plugin.so
67d68000-67d69000 rw-p 00002000 08:06 405485     /usr/lib/vlc/plugins/mmxext/libmemcpymmxext_plugin.so
67d69000-67d6e000 r-xp 00000000 08:06 405519     /usr/lib/vlc/plugins/audio_output/libalsa_plugin.so
67d6e000-67d6f000 r--p 00004000 08:06 405519     /usr/lib/vlc/plugins/audio_output/libalsa_plugin.so
67d6f000-67d70000 rw-p 00005000 08:06 405519     /usr/lib/vlc/plugins/audio_output/libalsa_plugin.so
67d70000-67d8a000 r-xp 00000000 08:06 1720543    /usr/lib/libvlc.so.5.3.2
67d8a000-67d8b000 r--p 00019000 08:06 1720543    /usr/lib/libvlc.so.5.3.2
67d8b000-67d8c000 rw-p 0001a000 08:06 1720543    /usr/lib/libvlc.so.5.3.2
67d8c000-67da0000 r-xp 00000000 08:06 1441572    /tmp/jna-gene/jna9144316541606002086.tmp (deleted)
67da0000-67da1000 rw-p 00014000 08:06 1441572    /tmp/jna-gene/jna9144316541606002086.tmp (deleted)
67da1000-67da4000 ---p 00000000 00:00 0 
67da4000-67df2000 rw-p 00000000 00:00 0          [stack:21073]
67df2000-67df5000 ---p 00000000 00:00 0 
67df5000-67e43000 rw-p 00000000 00:00 0          [stack:21072]
67e43000-67e46000 ---p 00000000 00:00 0 
67e46000-67e94000 rw-p 00000000 00:00 0          [stack:21071]
67e94000-67e97000 ---p 00000000 00:00 0 
67e97000-67ee5000 rw-p 00000000 00:00 0          [stack:21070]
67ee5000-69054000 r-xp 00000000 08:06 1706398    /usr/lib/i386-linux-gnu/libicudata.so.48.1.1
69054000-69055000 r--p 0116e000 08:06 1706398    /usr/lib/i386-linux-gnu/libicudata.so.48.1.1
69055000-69056000 rw-p 0116f000 08:06 1706398    /usr/lib/i386-linux-gnu/libicudata.so.48.1.1
69056000-69059000 r-xp 00000000 08:06 262501     /lib/i386-linux-gnu/libgpg-error.so.0.8.0
69059000-6905a000 r--p 00002000 08:06 262501     /lib/i386-linux-gnu/libgpg-error.so.0.8.0
6905a000-6905b000 rw-p 00003000 08:06 262501     /lib/i386-linux-gnu/libgpg-error.so.0.8.0
6905b000-6905d000 r-xp 00000000 08:06 262512     /lib/i386-linux-gnu/libkeyutils.so.1.4
6905d000-6905e000 r--p 00002000 08:06 262512     /lib/i386-linux-gnu/libkeyutils.so.1.4
6905e000-6905f000 rw-p 00003000 08:06 262512     /lib/i386-linux-gnu/libkeyutils.so.1.4
6905f000-691b5000 r-xp 00000000 08:06 1706412    /usr/lib/i386-linux-gnu/libicuuc.so.48.1.1
691b5000-691bf000 r--p 00155000 08:06 1706412    /usr/lib/i386-linux-gnu/libicuuc.so.48.1.1
691bf000-691c0000 rw-p 0015f000 08:06 1706412    /usr/lib/i386-linux-gnu/libicuuc.so.48.1.1
691c0000-691c4000 rw-p 00000000 00:00 0 
691c4000-691f7000 r-xp 00000000 08:06 1706404    /usr/lib/i386-linux-gnu/libicule.so.48.1.1
691f7000-691f8000 ---p 00033000 08:06 1706404    /usr/lib/i386-linux-gnu/libicule.so.48.1.1
691f8000-691f9000 r--p 00033000 08:06 1706404    /usr/lib/i386-linux-gnu/libicule.so.48.1.1
691f9000-691fa000 rw-p 00034000 08:06 1706404    /usr/lib/i386-linux-gnu/libicule.so.48.1.1
691fa000-69242000 r-xp 00000000 08:06 262482     /lib/i386-linux-gnu/libdbus-1.so.3.7.2
69242000-69243000 r--p 00047000 08:06 262482     /lib/i386-linux-gnu/libdbus-1.so.3.7.2
69243000-69244000 rw-p 00048000 08:06 262482     /lib/i386-linux-gnu/libdbus-1.so.3.7.2
69244000-69256000 r-xp 00000000 08:06 1706541    /usr/lib/i386-linux-gnu/libp11-kit.so.0.0.0
69256000-69257000 r--p 00011000 08:06 1706541    /usr/lib/i386-linux-gnu/libp11-kit.so.0.0.0
69257000-69258000 rw-p 00012000 08:06 1706541    /usr/lib/i386-linux-gnu/libp11-kit.so.0.0.0
69258000-69268000 r-xp 00000000 08:06 1706699    /usr/lib/i386-linux-gnu/libtasn1.so.3.2.0
69268000-69269000 r--p 0000f000 08:06 1706699    /usr/lib/i386-linux-gnu/libtasn1.so.3.2.0
69269000-6926a000 rw-p 00010000 08:06 1706699    /usr/lib/i386-linux-gnu/libtasn1.so.3.2.0
6926a000-692eb000 r-xp 00000000 08:06 262497     /lib/i386-linux-gnu/libgcrypt.so.11.7.0
692eb000-692ec000 r--p 00080000 08:06 262497     /lib/i386-linux-gnu/libgcrypt.so.11.7.0
692ec000-692ee000 rw-p 00081000 08:06 262497     /lib/i386-linux-gnu/libgcrypt.so.11.7.0
692ee000-692f5000 r-xp 00000000 08:06 1706449    /usr/lib/i386-linux-gnu/libkrb5support.so.0.1
692f5000-692f6000 r--p 00006000 08:06 1706449    /usr/lib/i386-linux-gnu/libkrb5support.so.0.1
692f6000-692f7000 rw-p 00007000 08:06 1706449    /usr/lib/i386-linux-gnu/libkrb5support.so.0.1
692f7000-692fa000 r-xp 00000000 08:06 262477     /lib/i386-linux-gnu/libcom_err.so.2.1
692fa000-692fb000 r--p 00002000 08:06 262477     /lib/i386-linux-gnu/libcom_err.so.2.1
692fb000-692fc000 rw-p 00003000 08:06 262477     /lib/i386-linux-gnu/libcom_err.so.2.1
692fc000-69322000 r-xp 00000000 08:06 1706443    /usr/lib/i386-linux-gnu/libk5crypto.so.3.1
69322000-69323000 r--p 00026000 08:06 1706443    /usr/lib/i386-linux-gnu/libk5crypto.so.3.1
69323000-69324000 rw-p 00027000 08:06 1706443    /usr/lib/i386-linux-gnu/libk5crypto.so.3.1
69324000-693eb000 r-xp 00000000 08:06 1706447    /usr/lib/i386-linux-gnu/libkrb5.so.3.3
693eb000-693f1000 r--p 000c6000 08:06 1706447    /usr/lib/i386-linux-gnu/libkrb5.so.3.3
693f1000-693f2000 rw-p 000cc000 08:06 1706447    /usr/lib/i386-linux-gnu/libkrb5.so.3.3
693f2000-6948a000 r-xp 00000000 08:06 1706380    /usr/lib/i386-linux-gnu/libharfbuzz.so.0.913.0
6948a000-6948b000 ---p 00098000 08:06 1706380    /usr/lib/i386-linux-gnu/libharfbuzz.so.0.913.0
6948b000-6948c000 r--p 00098000 08:06 1706380    /usr/lib/i386-linux-gnu/libharfbuzz.so.0.913.0
6948c000-6948d000 rw-p 00099000 08:06 1706380    /usr/lib/i386-linux-gnu/libharfbuzz.so.0.913.0
6948d000-69495000 r-xp 00000000 08:06 1706787    /usr/lib/i386-linux-gnu/libxcb-render.so.0.0.0
69495000-69496000 r--p 00008000 08:06 1706787    /usr/lib/i386-linux-gnu/libxcb-render.so.0.0.0
69496000-69497000 rw-p 00009000 08:06 1706787    /usr/lib/i386-linux-gnu/libxcb-render.so.0.0.0
69497000-69499000 r-xp 00000000 08:06 1706791    /usr/lib/i386-linux-gnu/libxcb-shm.so.0.0.0
69499000-6949a000 r--p 00001000 08:06 1706791    /usr/lib/i386-linux-gnu/libxcb-shm.so.0.0.0
6949a000-6949b000 rw-p 00002000 08:06 1706791    /usr/lib/i386-linux-gnu/libxcb-shm.so.0.0.0
6949b000-694c2000 r-xp 00000000 08:06 262578     /lib/i386-linux-gnu/libpng12.so.0.49.0
694c2000-694c3000 r--p 00026000 08:06 262578     /lib/i386-linux-gnu/libpng12.so.0.49.0
694c3000-694c4000 rw-p 00027000 08:06 262578     /lib/i386-linux-gnu/libpng12.so.0.49.0
694c4000-69558000 r-xp 00000000 08:06 1706571    /usr/lib/i386-linux-gnu/libpixman-1.so.0.28.2
69558000-6955d000 r--p 00093000 08:06 1706571    /usr/lib/i386-linux-gnu/libpixman-1.so.0.28.2
6955d000-6955e000 rw-p 00098000 08:06 1706571    /usr/lib/i386-linux-gnu/libpixman-1.so.0.28.2
6955e000-69563000 r-xp 00000000 08:06 1705898    /usr/lib/i386-linux-gnu/libXdmcp.so.6.0.0
69563000-69564000 r--p 00004000 08:06 1705898    /usr/lib/i386-linux-gnu/libXdmcp.so.6.0.0
69564000-69565000 rw-p 00005000 08:06 1705898    /usr/lib/i386-linux-gnu/libXdmcp.so.6.0.0
69565000-69567000 r-xp 00000000 08:06 1705887    /usr/lib/i386-linux-gnu/libXau.so.6.0.0
69567000-69568000 r--p 00001000 08:06 1705887    /usr/lib/i386-linux-gnu/libXau.so.6.0.0
69568000-69569000 rw-p 00002000 08:06 1705887    /usr/lib/i386-linux-gnu/libXau.so.6.0.0
69569000-69579000 r-xp 00000000 08:06 1705977    /usr/lib/i386-linux-gnu/libavahi-client.so.3.2.9
69579000-6957a000 r--p 0000f000 08:06 1705977    /usr/lib/i386-linux-gnu/libavahi-client.so.3.2.9
6957a000-6957b000 rw-p 00010000 08:06 1705977    /usr/lib/i386-linux-gnu/libavahi-client.so.3.2.9
6957b000-69587000 r-xp 00000000 08:06 1705979    /usr/lib/i386-linux-gnu/libavahi-common.so.3.5.3
69587000-69588000 r--p 0000b000 08:06 1705979    /usr/lib/i386-linux-gnu/libavahi-common.so.3.5.3
69588000-69589000 rw-p 0000c000 08:06 1705979    /usr/lib/i386-linux-gnu/libavahi-common.so.3.5.3
69589000-69649000 r-xp 00000000 08:06 1706251    /usr/lib/i386-linux-gnu/libgnutls.so.26.22.6
69649000-6964d000 r--p 000bf000 08:06 1706251    /usr/lib/i386-linux-gnu/libgnutls.so.26.22.6
6964d000-6964e000 rw-p 000c3000 08:06 1706251    /usr/lib/i386-linux-gnu/libgnutls.so.26.22.6
6964e000-69689000 r-xp 00000000 08:06 1706276    /usr/lib/i386-linux-gnu/libgssapi_krb5.so.2.2
69689000-6968a000 r--p 0003a000 08:06 1706276    /usr/lib/i386-linux-gnu/libgssapi_krb5.so.2.2
6968a000-6968b000 rw-p 0003b000 08:06 1706276    /usr/lib/i386-linux-gnu/libgssapi_krb5.so.2.2
6968b000-696ca000 r-xp 00000000 08:06 262566     /lib/i386-linux-gnu/libpcre.so.3.13.1
696ca000-696cb000 r--p 0003f000 08:06 262566     /lib/i386-linux-gnu/libpcre.so.3.13.1
696cb000-696cc000 rw-p 00040000 08:06 262566     /lib/i386-linux-gnu/libpcre.so.3.13.1
696cc000-696d1000 r-xp 00000000 08:06 1706141    /usr/lib/i386-linux-gnu/libffi.so.6.0.1
696d1000-696d2000 r--p 00005000 08:06 1706141    /usr/lib/i386-linux-gnu/libffi.so.6.0.1
696d2000-696d3000 rw-p 00006000 08:06 1706141    /usr/lib/i386-linux-gnu/libffi.so.6.0.1
696d3000-696f8000 r-xp 00000000 08:06 262490     /lib/i386-linux-gnu/libexpat.so.1.6.0
696f8000-696fa000 r--p 00025000 08:06 262490     /lib/i386-linux-gnu/libexpat.so.1.6.0
696fa000-696fb000 rw-p 00027000 08:06 262490     /lib/i386-linux-gnu/libexpat.so.1.6.0
696fb000-69791000 r-xp 00000000 08:06 1706179    /usr/lib/i386-linux-gnu/libfreetype.so.6.10.0
69791000-69795000 r--p 00095000 08:06 1706179    /usr/lib/i386-linux-gnu/libfreetype.so.6.10.0
69795000-69796000 rw-p 00099000 08:06 1706179    /usr/lib/i386-linux-gnu/libfreetype.so.6.10.0
69796000-697a9000 r-xp 00000000 08:06 262589     /lib/i386-linux-gnu/libresolv-2.17.so
697a9000-697aa000 r--p 00013000 08:06 262589     /lib/i386-linux-gnu/libresolv-2.17.so
697aa000-697ab000 rw-p 00014000 08:06 262589     /lib/i386-linux-gnu/libresolv-2.17.so
697ab000-697ad000 rw-p 00000000 00:00 0 
697ad000-697ca000 r-xp 00000000 08:06 262593     /lib/i386-linux-gnu/libselinux.so.1
697ca000-697cb000 r--p 0001c000 08:06 262593     /lib/i386-linux-gnu/libselinux.so.1
697cb000-697cc000 rw-p 0001d000 08:06 262593     /lib/i386-linux-gnu/libselinux.so.1
697cc000-697ce000 r-xp 00000000 08:06 1705896    /usr/lib/i386-linux-gnu/libXdamage.so.1.1.0
697ce000-697cf000 r--p 00001000 08:06 1705896    /usr/lib/i386-linux-gnu/libXdamage.so.1.1.0
697cf000-697d0000 rw-p 00002000 08:06 1705896    /usr/lib/i386-linux-gnu/libXdamage.so.1.1.0
697d0000-697d9000 r-xp 00000000 08:06 1705894    /usr/lib/i386-linux-gnu/libXcursor.so.1.0.2
697d9000-697da000 r--p 00008000 08:06 1705894    /usr/lib/i386-linux-gnu/libXcursor.so.1.0.2
697da000-697db000 rw-p 00009000 08:06 1705894    /usr/lib/i386-linux-gnu/libXcursor.so.1.0.2
697db000-697ed000 r-xp 00000000 08:06 1706553    /usr/lib/i386-linux-gnu/libpangoft2-1.0.so.0.3200.5
697ed000-697ee000 r--p 00011000 08:06 1706553    /usr/lib/i386-linux-gnu/libpangoft2-1.0.so.0.3200.5
697ee000-697ef000 rw-p 00012000 08:06 1706553    /usr/lib/i386-linux-gnu/libpangoft2-1.0.so.0.3200.5
697ef000-69902000 r-xp 00000000 08:06 1706005    /usr/lib/i386-linux-gnu/libcairo.so.2.11200.14
69902000-69904000 r--p 00113000 08:06 1706005    /usr/lib/i386-linux-gnu/libcairo.so.2.11200.14
69904000-69905000 rw-p 00115000 08:06 1706005    /usr/lib/i386-linux-gnu/libcairo.so.2.11200.14
69905000-69906000 rw-p 00000000 00:00 0 
69906000-69960000 r-xp 00000000 08:06 1706064    /usr/lib/i386-linux-gnu/libcups.so.2
69960000-69961000 ---p 0005a000 08:06 1706064    /usr/lib/i386-linux-gnu/libcups.so.2
69961000-69964000 r--p 0005a000 08:06 1706064    /usr/lib/i386-linux-gnu/libcups.so.2
69964000-69965000 rw-p 0005d000 08:06 1706064    /usr/lib/i386-linux-gnu/libcups.so.2
69965000-69a64000 r-xp 00000000 08:06 262499     /lib/i386-linux-gnu/libglib-2.0.so.0.3600.0
69a64000-69a65000 r--p 000fe000 08:06 262499     /lib/i386-linux-gnu/libglib-2.0.so.0.3600.0
69a65000-69a66000 rw-p 000ff000 08:06 262499     /lib/i386-linux-gnu/libglib-2.0.so.0.3600.0
69a66000-69ab4000 r-xp 00000000 08:06 1706257    /usr/lib/i386-linux-gnu/libgobject-2.0.so.0.3600.0
69ab4000-69ab5000 r--p 0004d000 08:06 1706257    /usr/lib/i386-linux-gnu/libgobject-2.0.so.0.3600.0
69ab5000-69ab6000 rw-p 0004e000 08:06 1706257    /usr/lib/i386-linux-gnu/libgobject-2.0.so.0.3600.0
69ab6000-69aed000 r-xp 00000000 08:06 1706167    /usr/lib/i386-linux-gnu/libfontconfig.so.1.6.2
69aed000-69aee000 r--p 00036000 08:06 1706167    /usr/lib/i386-linux-gnu/libfontconfig.so.1.6.2
69aee000-69aef000 rw-p 00037000 08:06 1706167    /usr/lib/i386-linux-gnu/libfontconfig.so.1.6.2
69aef000-69b38000 r-xp 00000000 08:06 1706549    /usr/lib/i386-linux-gnu/libpango-1.0.so.0.3200.5
69b38000-69b39000 r--p 00049000 08:06 1706549    /usr/lib/i386-linux-gnu/libpango-1.0.so.0.3200.5
69b39000-69b3a000 rw-p 0004a000 08:06 1706549    /usr/lib/i386-linux-gnu/libpango-1.0.so.0.3200.5
69b3a000-69c9a000 r-xp 00000000 08:06 1706227    /usr/lib/i386-linux-gnu/libgio-2.0.so.0.3600.0
69c9a000-69c9c000 r--p 00160000 08:06 1706227    /usr/lib/i386-linux-gnu/libgio-2.0.so.0.3600.0
69c9c000-69c9d000 rw-p 00162000 08:06 1706227    /usr/lib/i386-linux-gnu/libgio-2.0.so.0.3600.0
69c9d000-69c9e000 rw-p 00000000 00:00 0 
69c9e000-69d49000 r-xp 00000000 08:06 1706206    /usr/lib/i386-linux-gnu/libgdk-x11-2.0.so.0.2400.17
69d49000-69d4b000 r--p 000ab000 08:06 1706206    /usr/lib/i386-linux-gnu/libgdk-x11-2.0.so.0.2400.17
69d4b000-69d4c000 rw-p 000ad000 08:06 1706206    /usr/lib/i386-linux-gnu/libgdk-x11-2.0.so.0.2400.17
69d4c000-6a1ad000 r-xp 00000000 08:06 1706364    /usr/lib/i386-linux-gnu/libgtk-x11-2.0.so.0.2400.17
6a1ad000-6a1b1000 r--p 00461000 08:06 1706364    /usr/lib/i386-linux-gnu/libgtk-x11-2.0.so.0.2400.17
6a1b1000-6a1b3000 rw-p 00465000 08:06 1706364    /usr/lib/i386-linux-gnu/libgtk-x11-2.0.so.0.2400.17
6a1b3000-6a1b5000 rw-p 00000000 00:00 0 
6a1b5000-6a2e8000 r-xp 00000000 08:06 1706796    /usr/lib/i386-linux-gnu/libX11.so.6.3.0
6a2e8000-6a2e9000 r--p 00132000 08:06 1706796    /usr/lib/i386-linux-gnu/libX11.so.6.3.0
6a2e9000-6a2ec000 rw-p 00133000 08:06 1706796    /usr/lib/i386-linux-gnu/libX11.so.6.3.0
6a2ec000-6a33e000 r-xp 00000000 08:06 1708686    /usr/lib/jvm/java-7-openjdk-i386/jre/lib/i386/xawt/libmawt.so
6a33e000-6a33f000 r--p 00051000 08:06 1708686    /usr/lib/jvm/java-7-openjdk-i386/jre/lib/i386/xawt/libmawt.so
6a33f000-6a341000 rw-p 00052000 08:06 1708686    /usr/lib/jvm/java-7-openjdk-i386/jre/lib/i386/xawt/libmawt.so
6a341000-6a342000 rw-p 00000000 00:00 0 
6a342000-6a3d4000 r-xp 00000000 08:06 1708643    /usr/lib/jvm/java-7-openjdk-i386/jre/lib/i386/libawt.so
6a3d4000-6a3d5000 r--p 00091000 08:06 1708643    /usr/lib/jvm/java-7-openjdk-i386/jre/lib/i386/libawt.so
6a3d5000-6a3dc000 rw-p 00092000 08:06 1708643    /usr/lib/jvm/java-7-openjdk-i386/jre/lib/i386/libawt.so
6a3dc000-6a400000 rw-p 00000000 00:00 0 
6a400000-6a4eb000 rw-p 00000000 00:00 0 
6a4eb000-6a500000 ---p 00000000 00:00 0 
6a500000-6a509000 r-xp 00000000 08:06 1705918    /usr/lib/i386-linux-gnu/libXrandr.so.2.2.0
6a509000-6a50a000 r--p 00008000 08:06 1705918    /usr/lib/i386-linux-gnu/libXrandr.so.2.2.0
6a50a000-6a50b000 rw-p 00009000 08:06 1705918    /usr/lib/i386-linux-gnu/libXrandr.so.2.2.0
6a50b000-6a529000 r-xp 00000000 08:06 1705967    /usr/lib/i386-linux-gnu/libatk-1.0.so.0.20809.1
6a529000-6a52b000 r--p 0001d000 08:06 1705967    /usr/lib/i386-linux-gnu/libatk-1.0.so.0.20809.1
6a52b000-6a52c000 rw-p 0001f000 08:06 1705967    /usr/lib/i386-linux-gnu/libatk-1.0.so.0.20809.1
6a52c000-6a52d000 ---p 00000000 00:00 0 
6a52d000-6a5ad000 rw-p 00000000 00:00 0          [stack:21069]
6a5ad000-6a5b0000 ---p 00000000 00:00 0 
6a5b0000-6a5fe000 rw-p 00000000 00:00 0          [stack:21068]
6a5fe000-6a601000 ---p 00000000 00:00 0 
6a601000-6a67f000 rw-p 00000000 00:00 0          [stack:21067]
6a67f000-6a682000 ---p 00000000 00:00 0 
6a682000-6a700000 rw-p 00000000 00:00 0          [stack:21066]
6a700000-6a900000 r--p 00000000 08:06 1709808    /usr/lib/locale/locale-archive
6a900000-6a9fe000 rw-p 00000000 00:00 0 
6a9fe000-6aa00000 ---p 00000000 00:00 0 
6aa00000-6aafd000 rw-p 00000000 00:00 0 
6aafd000-6ab00000 ---p 00000000 00:00 0 
6ab00000-6abfc000 rw-p 00000000 00:00 0 
6abfc000-6ac00000 ---p 00000000 00:00 0 
6ac01000-6ac03000 r-xp 00000000 08:06 1705892    /usr/lib/i386-linux-gnu/libXcomposite.so.1.0.0
6ac03000-6ac04000 r--p 00001000 08:06 1705892    /usr/lib/i386-linux-gnu/libXcomposite.so.1.0.0
6ac04000-6ac05000 rw-p 00002000 08:06 1705892    /usr/lib/i386-linux-gnu/libXcomposite.so.1.0.0
6ac05000-6ac0a000 r-xp 00000000 08:06 1705902    /usr/lib/i386-linux-gnu/libXfixes.so.3.1.0
6ac0a000-6ac0b000 r--p 00004000 08:06 1705902    /usr/lib/i386-linux-gnu/libXfixes.so.3.1.0
6ac0b000-6ac0c000 rw-p 00005000 08:06 1705902    /usr/lib/i386-linux-gnu/libXfixes.so.3.1.0
6ac0c000-6ac2c000 r-xp 00000000 08:06 1720908    /usr/lib/i386-linux-gnu/libxcb.so.1.1.0
6ac2c000-6ac2d000 r--p 0001f000 08:06 1720908    /usr/lib/i386-linux-gnu/libxcb.so.1.1.0
6ac2d000-6ac2e000 rw-p 00020000 08:06 1720908    /usr/lib/i386-linux-gnu/libxcb.so.1.1.0
6ac2e000-6ac31000 ---p 00000000 00:00 0 
6ac31000-6ac7f000 rw-p 00000000 00:00 0          [stack:21065]
6ac7f000-6ac80000 ---p 00000000 00:00 0 
6ac80000-6ad00000 rw-p 00000000 00:00 0          [stack:21062]
6ad00000-6adff000 rw-p 00000000 00:00 0 
6adff000-6ae00000 ---p 00000000 00:00 0 
6ae01000-6ae03000 r-xp 00000000 08:06 1705908    /usr/lib/i386-linux-gnu/libXinerama.so.1.0.0
6ae03000-6ae04000 r--p 00001000 08:06 1705908    /usr/lib/i386-linux-gnu/libXinerama.so.1.0.0
6ae04000-6ae05000 rw-p 00002000 08:06 1705908    /usr/lib/i386-linux-gnu/libXinerama.so.1.0.0
6ae05000-6ae10000 r-xp 00000000 08:06 1706551    /usr/lib/i386-linux-gnu/libpangocairo-1.0.so.0.3200.5
6ae10000-6ae11000 r--p 0000a000 08:06 1706551    /usr/lib/i386-linux-gnu/libpangocairo-1.0.so.0.3200.5
6ae11000-6ae12000 rw-p 0000b000 08:06 1706551    /usr/lib/i386-linux-gnu/libpangocairo-1.0.so.0.3200.5
6ae12000-6ae32000 r-xp 00000000 08:06 1706208    /usr/lib/i386-linux-gnu/libgdk_pixbuf-2.0.so.0.2800.0
6ae32000-6ae33000 ---p 00020000 08:06 1706208    /usr/lib/i386-linux-gnu/libgdk_pixbuf-2.0.so.0.2800.0
6ae33000-6ae34000 r--p 00020000 08:06 1706208    /usr/lib/i386-linux-gnu/libgdk_pixbuf-2.0.so.0.2800.0
6ae34000-6ae35000 rw-p 00021000 08:06 1706208    /usr/lib/i386-linux-gnu/libgdk_pixbuf-2.0.so.0.2800.0
6ae35000-6afe2000 r--s 01cde000 08:06 1708621    /usr/lib/jvm/java-7-openjdk-i386/jre/lib/rt.jar
6afe2000-6dd00000 rw-p 00000000 00:00 0 
6dd00000-6ddf6000 rw-p 00000000 00:00 0 
6ddf6000-6de00000 ---p 00000000 00:00 0 
6de00000-6de03000 r-xp 00000000 08:06 1706237    /usr/lib/i386-linux-gnu/libgmodule-2.0.so.0.3600.0
6de03000-6de04000 r--p 00002000 08:06 1706237    /usr/lib/i386-linux-gnu/libgmodule-2.0.so.0.3600.0
6de04000-6de05000 rw-p 00003000 08:06 1706237    /usr/lib/i386-linux-gnu/libgmodule-2.0.so.0.3600.0
6de05000-6de13000 r-xp 00000000 08:06 1705906    /usr/lib/i386-linux-gnu/libXi.so.6.1.0
6de13000-6de14000 r--p 0000d000 08:06 1705906    /usr/lib/i386-linux-gnu/libXi.so.6.1.0
6de14000-6de15000 rw-p 0000e000 08:06 1705906    /usr/lib/i386-linux-gnu/libXi.so.6.1.0
6de15000-6de1a000 r-xp 00000000 08:06 1705926    /usr/lib/i386-linux-gnu/libXtst.so.6.1.0
6de1a000-6de1b000 r--p 00004000 08:06 1705926    /usr/lib/i386-linux-gnu/libXtst.so.6.1.0
6de1b000-6de1c000 rw-p 00005000 08:06 1705926    /usr/lib/i386-linux-gnu/libXtst.so.6.1.0
6de1c000-6de2c000 r-xp 00000000 08:06 1705900    /usr/lib/i386-linux-gnu/libXext.so.6.4.0
6de2c000-6de2d000 r--p 0000f000 08:06 1705900    /usr/lib/i386-linux-gnu/libXext.so.6.4.0
6de2d000-6de2e000 rw-p 00010000 08:06 1705900    /usr/lib/i386-linux-gnu/libXext.so.6.4.0
6de2e000-6de31000 ---p 00000000 00:00 0 
6de31000-6de7f000 rw-p 00000000 00:00 0          [stack:21064]
6de7f000-6de80000 ---p 00000000 00:00 0 
6de80000-6df00000 rw-p 00000000 00:00 0          [stack:21058]
6df00000-6dfed000 rw-p 00000000 00:00 0 
6dfed000-6e000000 ---p 00000000 00:00 0 
6e000000-6e008000 r-xp 00000000 08:06 1705920    /usr/lib/i386-linux-gnu/libXrender.so.1.3.0
6e008000-6e009000 r--p 00007000 08:06 1705920    /usr/lib/i386-linux-gnu/libXrender.so.1.3.0
6e009000-6e00a000 rw-p 00008000 08:06 1705920    /usr/lib/i386-linux-gnu/libXrender.so.1.3.0
6e00b000-6e013000 r-xp 00000000 08:06 262510     /lib/i386-linux-gnu/libjson.so.0.1.0
6e013000-6e014000 r--p 00007000 08:06 262510     /lib/i386-linux-gnu/libjson.so.0.1.0
6e014000-6e015000 rw-p 00008000 08:06 262510     /lib/i386-linux-gnu/libjson.so.0.1.0
6e015000-6e018000 r-xp 00000000 08:06 1706600    /usr/lib/i386-linux-gnu/libpulse-simple.so.0.0.3
6e018000-6e019000 r--p 00002000 08:06 1706600    /usr/lib/i386-linux-gnu/libpulse-simple.so.0.0.3
6e019000-6e01a000 rw-p 00003000 08:06 1706600    /usr/lib/i386-linux-gnu/libpulse-simple.so.0.0.3
6e01a000-6e01c000 r-xp 00000000 08:06 405602     /usr/lib/vlc/plugins/services_discovery/libmtp_plugin.so
6e01c000-6e01d000 r--p 00001000 08:06 405602     /usr/lib/vlc/plugins/services_discovery/libmtp_plugin.so
6e01d000-6e01e000 rw-p 00002000 08:06 405602     /usr/lib/vlc/plugins/services_discovery/libmtp_plugin.so
6e01e000-6e023000 r--s 0004c000 08:06 1708535    /usr/lib/jvm/java-7-openjdk-common/jre/lib/jsse.jar
6e023000-6e02e000 r--s 001fb000 08:06 1708529    /usr/lib/jvm/java-7-openjdk-common/jre/lib/charsets.jar
6e02e000-6e031000 ---p 00000000 00:00 0 
6e031000-6e07f000 rw-p 00000000 00:00 0          [stack:21063]
6e07f000-6e080000 ---p 00000000 00:00 0 
6e080000-6e100000 rw-p 00000000 00:00 0          [stack:21057]
6e100000-6e121000 rw-p 00000000 00:00 0 
6e121000-6e200000 ---p 00000000 00:00 0 
6e200000-6e201000 r-xp 00000000 08:06 1708656    /usr/lib/jvm/java-7-openjdk-i386/jre/lib/i386/libjawt.so
6e201000-6e202000 r--p 00000000 08:06 1708656    /usr/lib/jvm/java-7-openjdk-i386/jre/lib/i386/libjawt.so
6e202000-6e203000 rw-p 00001000 08:06 1708656    /usr/lib/jvm/java-7-openjdk-i386/jre/lib/i386/libjawt.so
6e203000-6e20c000 r--s 000bc000 08:06 1708538    /usr/lib/jvm/java-7-openjdk-common/jre/lib/resources.jar
6e20c000-6e217000 r--s 001fb000 08:06 1708529    /usr/lib/jvm/java-7-openjdk-common/jre/lib/charsets.jar
6e217000-6e21e000 r--s 00094000 08:06 1784822    /home/gene/netbeans-7.3.1/java/modules/ext/beansbinding-1.2.1.jar
6e21e000-6e22d000 r--s 00115000 08:06 1724216    /home/gene/Downloads/ll/vlcj-2.4.1/platform-3.5.2.jar
6e22d000-6e237000 r--s 0004b000 08:06 1724492    /home/gene/Downloads/ll/vlcj-2.4.1/vlcj-2.4.1.jar
6e237000-6e27f000 rw-p 00000000 00:00 0 
6e27f000-6e280000 ---p 00000000 00:00 0 
6e280000-6e300000 rw-p 00000000 00:00 0          [stack:21056]
6e300000-6e321000 rw-p 00000000 00:00 0 
6e321000-6e400000 ---p 00000000 00:00 0 
6e401000-6e402000 rw-p 00000000 00:00 0 
6e402000-6e403000 r-xp 00000000 08:06 1706360    /usr/lib/i386-linux-gnu/libgthread-2.0.so.0.3600.0
6e403000-6e404000 r--p 00000000 08:06 1706360    /usr/lib/i386-linux-gnu/libgthread-2.0.so.0.3600.0
6e404000-6e405000 rw-p 00001000 08:06 1706360    /usr/lib/i386-linux-gnu/libgthread-2.0.so.0.3600.0
6e405000-6e414000 r--s 000d3000 08:06 1786959    /home/gene/Downloads/jaudiotagger-2.2.0-20130321.142353-1.jar
6e414000-6e415000 ---p 00000000 00:00 0 
6e415000-6e49d000 rw-p 00000000 00:00 0          [stack:21055]
6e49d000-6e4d5000 rw-p 00000000 00:00 0 
6e4d5000-6e4ea000 rw-p 00000000 00:00 0 
6e4ea000-6e619000 rw-p 00000000 00:00 0 
6e619000-6e621000 rw-p 00000000 00:00 0 
6e621000-6e659000 rw-p 00000000 00:00 0 
6e659000-6e66e000 rw-p 00000000 00:00 0 
6e66e000-6e79d000 rw-p 00000000 00:00 0 
6e79d000-6e7a8000 rw-p 00000000 00:00 0 
6e7a8000-6e83f000 rw-p 00000000 00:00 0 
6e83f000-6f840000 rw-p 00000000 00:00 0 
6f840000-76840000 rw-p 00000000 00:00 0 
76840000-790c0000 rw-p 00000000 00:00 0 
790c0000-9f040000 rw-p 00000000 00:00 0 
9f040000-a0470000 rw-p 00000000 00:00 0 
a0470000-b3440000 rw-p 00000000 00:00 0 
b3440000-b3449000 rw-p 00000000 00:00 0 
b3449000-b3500000 rw-p 00000000 00:00 0 
b3500000-b3740000 rwxp 00000000 00:00 0 
b3740000-b65fc000 rw-p 00000000 00:00 0 
b65fc000-b6600000 ---p 00000000 00:00 0 
b6600000-b6601000 rwxp 00000000 00:00 0 
b6601000-b6604000 r--s 000a6000 08:06 1724183    /home/gene/Downloads/ll/vlcj-2.4.1/jna-3.5.2.jar
b6604000-b6607000 r--s 00027000 08:06 1798650    /home/gene/Downloads/rs2xml.jar
b6607000-b6609000 r--s 00380000 08:06 1795454    /home/gene/Downloads/sqlite-jdbc-3.7.15-M1.jar
b6609000-b6621000 r--s 001b9000 08:06 1779640    /home/gene/lab/music/playmp3/jmf.jar
b6621000-b6623000 r--s 00006000 08:06 137009     /usr/share/java/java-atk-wrapper.jar
b6623000-b6626000 r--s 0000f000 08:06 1708547    /usr/lib/jvm/java-7-openjdk-common/jre/lib/ext/pulse-java.jar
b6626000-b6631000 r-xp 00000000 08:06 262543     /lib/i386-linux-gnu/libnss_files-2.17.so
b6631000-b6632000 r--p 0000a000 08:06 262543     /lib/i386-linux-gnu/libnss_files-2.17.so
b6632000-b6633000 rw-p 0000b000 08:06 262543     /lib/i386-linux-gnu/libnss_files-2.17.so
b6633000-b663d000 r-xp 00000000 08:06 262548     /lib/i386-linux-gnu/libnss_nis-2.17.so
b663d000-b663e000 r--p 00009000 08:06 262548     /lib/i386-linux-gnu/libnss_nis-2.17.so
b663e000-b663f000 rw-p 0000a000 08:06 262548     /lib/i386-linux-gnu/libnss_nis-2.17.so
b663f000-b6654000 r-xp 00000000 08:06 262537     /lib/i386-linux-gnu/libnsl-2.17.so
b6654000-b6655000 r--p 00014000 08:06 262537     /lib/i386-linux-gnu/libnsl-2.17.so
b6655000-b6656000 rw-p 00015000 08:06 262537     /lib/i386-linux-gnu/libnsl-2.17.so
b6656000-b6658000 rw-p 00000000 00:00 0 
b6658000-b665f000 r-xp 00000000 08:06 262539     /lib/i386-linux-gnu/libnss_compat-2.17.so
b665f000-b6660000 r--p 00006000 08:06 262539     /lib/i386-linux-gnu/libnss_compat-2.17.so
b6660000-b6661000 rw-p 00007000 08:06 262539     /lib/i386-linux-gnu/libnss_compat-2.17.so
b6661000-b6662000 r--s 00014000 08:06 1795668    /home/gene/lab/music/playmp3/mp3plugin.jar
b6662000-b6663000 r--s 00002000 08:06 1708545    /usr/lib/jvm/java-7-openjdk-common/jre/lib/ext/dnsns.jar
b6663000-b6667000 r--s 00085000 08:06 1708546    /usr/lib/jvm/java-7-openjdk-common/jre/lib/ext/localedata.jar
b6667000-b6669000 r--s 00012000 08:06 1708550    /usr/lib/jvm/java-7-openjdk-common/jre/lib/ext/zipfs.jar
b6669000-b666c000 r--s 00032000 08:06 1708548    /usr/lib/jvm/java-7-openjdk-common/jre/lib/ext/sunjce_provider.jar
b666c000-b666f000 r--s 0003c000 08:06 1708549    /usr/lib/jvm/java-7-openjdk-common/jre/lib/ext/sunpkcs11.jar
b666f000-b6670000 r--p 005db000 08:06 1709808    /usr/lib/locale/locale-archive
b6670000-b6678000 r-xp 00000000 08:06 1708674    /usr/lib/jvm/java-7-openjdk-i386/jre/lib/i386/libzip.so
b6678000-b6679000 r--p 00007000 08:06 1708674    /usr/lib/jvm/java-7-openjdk-i386/jre/lib/i386/libzip.so
b6679000-b667a000 rw-p 00008000 08:06 1708674    /usr/lib/jvm/java-7-openjdk-i386/jre/lib/i386/libzip.so
b667a000-b66a1000 r-xp 00000000 08:06 1708652    /usr/lib/jvm/java-7-openjdk-i386/jre/lib/i386/libjava.so
b66a1000-b66a2000 r--p 00026000 08:06 1708652    /usr/lib/jvm/java-7-openjdk-i386/jre/lib/i386/libjava.so
b66a2000-b66a3000 rw-p 00027000 08:06 1708652    /usr/lib/jvm/java-7-openjdk-i386/jre/lib/i386/libjava.so
b66a3000-b66aa000 r-xp 00000000 08:06 262591     /lib/i386-linux-gnu/librt-2.17.so
b66aa000-b66ab000 r--p 00006000 08:06 262591     /lib/i386-linux-gnu/librt-2.17.so
b66ab000-b66ac000 rw-p 00007000 08:06 262591     /lib/i386-linux-gnu/librt-2.17.so
b66ac000-b66af000 ---p 00000000 00:00 0 
b66af000-b66fd000 rw-p 00000000 00:00 0          [stack:21054]
b66fd000-b6718000 r-xp 00000000 08:06 262495     /lib/i386-linux-gnu/libgcc_s.so.1
b6718000-b6719000 r--p 0001a000 08:06 262495     /lib/i386-linux-gnu/libgcc_s.so.1
b6719000-b671a000 rw-p 0001b000 08:06 262495     /lib/i386-linux-gnu/libgcc_s.so.1
b671a000-b675b000 r-xp 00000000 08:06 262518     /lib/i386-linux-gnu/libm-2.17.so
b675b000-b675c000 r--p 00040000 08:06 262518     /lib/i386-linux-gnu/libm-2.17.so
b675c000-b675d000 rw-p 00041000 08:06 262518     /lib/i386-linux-gnu/libm-2.17.so
b675d000-b6839000 r-xp 00000000 08:06 1706691    /usr/lib/i386-linux-gnu/libstdc++.so.6.0.17
b6839000-b683a000 ---p 000dc000 08:06 1706691    /usr/lib/i386-linux-gnu/libstdc++.so.6.0.17
b683a000-b683e000 r--p 000dc000 08:06 1706691    /usr/lib/i386-linux-gnu/libstdc++.so.6.0.17
b683e000-b683f000 rw-p 000e0000 08:06 1706691    /usr/lib/i386-linux-gnu/libstdc++.so.6.0.17
b683f000-b6846000 rw-p 00000000 00:00 0 
b6846000-b713b000 r-xp 00000000 08:06 1708685    /usr/lib/jvm/java-7-openjdk-i386/jre/lib/i386/server/libjvm.so
b713b000-b7182000 r--p 008f4000 08:06 1708685    /usr/lib/jvm/java-7-openjdk-i386/jre/lib/i386/server/libjvm.so
b7182000-b7196000 rw-p 0093b000 08:06 1708685    /usr/lib/jvm/java-7-openjdk-i386/jre/lib/i386/server/libjvm.so
b7196000-b75b4000 rw-p 00000000 00:00 0 
b75b4000-b75cb000 r-xp 00000000 08:06 262624     /lib/i386-linux-gnu/libz.so.1.2.7
b75cb000-b75cc000 r--p 00016000 08:06 262624     /lib/i386-linux-gnu/libz.so.1.2.7
b75cc000-b75cd000 rw-p 00017000 08:06 262624     /lib/i386-linux-gnu/libz.so.1.2.7
b75cd000-b75e4000 r-xp 00000000 08:06 262583     /lib/i386-linux-gnu/libpthread-2.17.so
b75e4000-b75e5000 r--p 00016000 08:06 262583     /lib/i386-linux-gnu/libpthread-2.17.so
b75e5000-b75e6000 rw-p 00017000 08:06 262583     /lib/i386-linux-gnu/libpthread-2.17.so
b75e6000-b75e8000 rw-p 00000000 00:00 0 
b75e8000-b75eb000 r-xp 00000000 08:06 262485     /lib/i386-linux-gnu/libdl-2.17.so
b75eb000-b75ec000 r--p 00002000 08:06 262485     /lib/i386-linux-gnu/libdl-2.17.so
b75ec000-b75ed000 rw-p 00003000 08:06 262485     /lib/i386-linux-gnu/libdl-2.17.so
b75ed000-b779a000 r-xp 00000000 08:06 262470     /lib/i386-linux-gnu/libc-2.17.so
b779a000-b779c000 r--p 001ad000 08:06 262470     /lib/i386-linux-gnu/libc-2.17.so
b779c000-b779d000 rw-p 001af000 08:06 262470     /lib/i386-linux-gnu/libc-2.17.so
b779d000-b77a0000 rw-p 00000000 00:00 0 
b77a0000-b77a8000 rw-s 00000000 08:06 1441568    /tmp/hsperfdata_gene/21050
b77a8000-b77a9000 rw-p 00000000 00:00 0 
b77a9000-b77aa000 r--p 00000000 00:00 0 
b77aa000-b77b7000 r-xp 00000000 08:06 1708673    /usr/lib/jvm/java-7-openjdk-i386/jre/lib/i386/libverify.so
b77b7000-b77b8000 r--p 0000d000 08:06 1708673    /usr/lib/jvm/java-7-openjdk-i386/jre/lib/i386/libverify.so
b77b8000-b77b9000 rw-p 0000e000 08:06 1708673    /usr/lib/jvm/java-7-openjdk-i386/jre/lib/i386/libverify.so
b77b9000-b77c6000 r-xp 00000000 08:06 1708681    /usr/lib/jvm/java-7-openjdk-i386/jre/lib/i386/jli/libjli.so
b77c6000-b77c7000 r--p 0000c000 08:06 1708681    /usr/lib/jvm/java-7-openjdk-i386/jre/lib/i386/jli/libjli.so
b77c7000-b77c8000 rw-p 0000d000 08:06 1708681    /usr/lib/jvm/java-7-openjdk-i386/jre/lib/i386/jli/libjli.so
b77c8000-b77cb000 rw-p 00000000 00:00 0 
b77cb000-b77cc000 r-xp 00000000 00:00 0          [vdso]
b77cc000-b77ec000 r-xp 00000000 08:06 262446     /lib/i386-linux-gnu/ld-2.17.so
b77ec000-b77ed000 r--p 0001f000 08:06 262446     /lib/i386-linux-gnu/ld-2.17.so
b77ed000-b77ee000 rw-p 00020000 08:06 262446     /lib/i386-linux-gnu/ld-2.17.so
bf8fe000-bf91f000 rw-p 00000000 00:00 0          [stack]

VM Arguments:
jvm_args: -Dfile.encoding=UTF-8 
java_command: musicplayer.Tutorial2B
Launcher Type: SUN_STANDARD

Environment Variables:
PATH=/usr/local/sbin:/usr/local/bin:/usr/sbin:/usr/bin:/sbin:/bin:/usr/games:/usr/local/games
USERNAME=gene
LD_LIBRARY_PATH=/usr/lib/jvm/default-java/jre/lib/amd64:/usr/lib/jvm/default-java/jre/lib/i386:
SHELL=/bin/bash
DISPLAY=:0

Signal Handlers:
SIGSEGV: [libjvm.so+0x7598c0], sa_mask[0]=0x7ffbfeff, sa_flags=0x10000004
SIGBUS: [libjvm.so+0x7598c0], sa_mask[0]=0x7ffbfeff, sa_flags=0x10000004
SIGFPE: [libjvm.so+0x5f54f0], sa_mask[0]=0x7ffbfeff, sa_flags=0x10000004
SIGPIPE: [libjvm.so+0x5f54f0], sa_mask[0]=0x7ffbfeff, sa_flags=0x10000004
SIGXFSZ: [libjvm.so+0x5f54f0], sa_mask[0]=0x7ffbfeff, sa_flags=0x10000004
SIGILL: [libjvm.so+0x5f54f0], sa_mask[0]=0x7ffbfeff, sa_flags=0x10000004
SIGUSR1: SIG_DFL, sa_mask[0]=0x00000000, sa_flags=0x00000000
SIGUSR2: [libjvm.so+0x5f53a0], sa_mask[0]=0x00000004, sa_flags=0x10000004
SIGHUP: [libjvm.so+0x5f5930], sa_mask[0]=0x7ffbfeff, sa_flags=0x10000004
SIGINT: SIG_IGN, sa_mask[0]=0x00000000, sa_flags=0x00000000
SIGTERM: [libjvm.so+0x5f5930], sa_mask[0]=0x7ffbfeff, sa_flags=0x10000004
SIGQUIT: [libjvm.so+0x5f5930], sa_mask[0]=0x7ffbfeff, sa_flags=0x10000004


---------------  S Y S T E M  ---------------

OS:Ubuntu 13.04 (raring)
uname:Linux 3.8.0-19-generic #29-Ubuntu SMP Wed Apr 17 18:19:42 UTC 2013 i686
libc:glibc 2.17 NPTL 2.17 
rlimit: STACK 8192k, CORE 0k, NPROC 30928, NOFILE 4096, AS infinity
load average:0.23 0.31 0.37

/proc/meminfo:
MemTotal:        3975340 kB
MemFree:          444820 kB
Buffers:          669368 kB
Cached:          1771140 kB
SwapCached:            0 kB
Active:          1532812 kB
Inactive:        1855272 kB
Active(anon):     953156 kB
Inactive(anon):   181036 kB
Active(file):     579656 kB
Inactive(file):  1674236 kB
Unevictable:          16 kB
Mlocked:              16 kB
HighTotal:       3125056 kB
HighFree:         383540 kB
LowTotal:         850284 kB
LowFree:           61280 kB
SwapTotal:       2047996 kB
SwapFree:        2047996 kB
Dirty:               308 kB
Writeback:             0 kB
AnonPages:        947960 kB
Mapped:           180888 kB
Shmem:            186384 kB
Slab:             101592 kB
SReclaimable:      77800 kB
SUnreclaim:        23792 kB
KernelStack:        4072 kB
PageTables:        12004 kB
NFS_Unstable:          0 kB
Bounce:                0 kB
WritebackTmp:          0 kB
CommitLimit:     4035664 kB
Committed_AS:    3630296 kB
VmallocTotal:     122880 kB
VmallocUsed:       19576 kB
VmallocChunk:      84384 kB
HardwareCorrupted:     0 kB
AnonHugePages:         0 kB
HugePages_Total:       0
HugePages_Free:        0
HugePages_Rsvd:        0
HugePages_Surp:        0
Hugepagesize:       2048 kB
DirectMap4k:       10232 kB
DirectMap2M:      903168 kB


CPU:total 4 (2 cores per cpu, 2 threads per core) family 6 model 42 stepping 7, cmov, cx8, fxsr, mmx, sse, sse2, sse3, ssse3, sse4.1, sse4.2, popcnt, avx, ht, tsc, tscinvbit

/proc/cpuinfo:
processor	: 0
vendor_id	: GenuineIntel
cpu family	: 6
model		: 42
model name	: Intel(R) Core(TM) i3-2370M CPU @ 2.40GHz
stepping	: 7
microcode	: 0x25
cpu MHz		: 800.000
cache size	: 3072 KB
physical id	: 0
siblings	: 4
core id		: 0
cpu cores	: 2
apicid		: 0
initial apicid	: 0
fdiv_bug	: no
hlt_bug		: no
f00f_bug	: no
coma_bug	: no
fpu		: yes
fpu_exception	: yes
cpuid level	: 13
wp		: yes
flags		: fpu vme de pse tsc msr pae mce cx8 apic sep mtrr pge mca cmov pat pse36 clflush dts acpi mmx fxsr sse sse2 ss ht tm pbe nx rdtscp lm constant_tsc arch_perfmon pebs bts xtopology nonstop_tsc aperfmperf eagerfpu pni pclmulqdq dtes64 monitor ds_cpl vmx est tm2 ssse3 cx16 xtpr pdcm pcid sse4_1 sse4_2 x2apic popcnt tsc_deadline_timer xsave avx lahf_lm arat epb xsaveopt pln pts dtherm tpr_shadow vnmi flexpriority ept vpid
bogomips	: 4788.77
clflush size	: 64
cache_alignment	: 64
address sizes	: 36 bits physical, 48 bits virtual
power management:

processor	: 1
vendor_id	: GenuineIntel
cpu family	: 6
model		: 42
model name	: Intel(R) Core(TM) i3-2370M CPU @ 2.40GHz
stepping	: 7
microcode	: 0x25
cpu MHz		: 800.000
cache size	: 3072 KB
physical id	: 0
siblings	: 4
core id		: 0
cpu cores	: 2
apicid		: 1
initial apicid	: 1
fdiv_bug	: no
hlt_bug		: no
f00f_bug	: no
coma_bug	: no
fpu		: yes
fpu_exception	: yes
cpuid level	: 13
wp		: yes
flags		: fpu vme de pse tsc msr pae mce cx8 apic sep mtrr pge mca cmov pat pse36 clflush dts acpi mmx fxsr sse sse2 ss ht tm pbe nx rdtscp lm constant_tsc arch_perfmon pebs bts xtopology nonstop_tsc aperfmperf eagerfpu pni pclmulqdq dtes64 monitor ds_cpl vmx est tm2 ssse3 cx16 xtpr pdcm pcid sse4_1 sse4_2 x2apic popcnt tsc_deadline_timer xsave avx lahf_lm arat epb xsaveopt pln pts dtherm tpr_shadow vnmi flexpriority ept vpid
bogomips	: 4788.77
clflush size	: 64
cache_alignment	: 64
address sizes	: 36 bits physical, 48 bits virtual
power management:

processor	: 2
vendor_id	: GenuineIntel
cpu family	: 6
model		: 42
model name	: Intel(R) Core(TM) i3-2370M CPU @ 2.40GHz
stepping	: 7
microcode	: 0x25
cpu MHz		: 2400.000
cache size	: 3072 KB
physical id	: 0
siblings	: 4
core id		: 1
cpu cores	: 2
apicid		: 2
initial apicid	: 2
fdiv_bug	: no
hlt_bug		: no
f00f_bug	: no
coma_bug	: no
fpu		: yes
fpu_exception	: yes
cpuid level	: 13
wp		: yes
flags		: fpu vme de pse tsc msr pae mce cx8 apic sep mtrr pge mca cmov pat pse36 clflush dts acpi mmx fxsr sse sse2 ss ht tm pbe nx rdtscp lm constant_tsc arch_perfmon pebs bts xtopology nonstop_tsc aperfmperf eagerfpu pni pclmulqdq dtes64 monitor ds_cpl vmx est tm2 ssse3 cx16 xtpr pdcm pcid sse4_1 sse4_2 x2apic popcnt tsc_deadline_timer xsave avx lahf_lm arat epb xsaveopt pln pts dtherm tpr_shadow vnmi flexpriority ept vpid
bogomips	: 4788.77
clflush size	: 64
cache_alignment	: 64
address sizes	: 36 bits physical, 48 bits virtual
power management:

processor	: 3
vendor_id	: GenuineIntel
cpu family	: 6
model		: 42
model name	: Intel(R) Core(TM) i3-2370M CPU @ 2.40GHz
stepping	: 7
microcode	: 0x25
cpu MHz		: 2400.000
cache size	: 3072 KB
physical id	: 0
siblings	: 4
core id		: 1
cpu cores	: 2
apicid		: 3
initial apicid	: 3
fdiv_bug	: no
hlt_bug		: no
f00f_bug	: no
coma_bug	: no
fpu		: yes
fpu_exception	: yes
cpuid level	: 13
wp		: yes
flags		: fpu vme de pse tsc msr pae mce cx8 apic sep mtrr pge mca cmov pat pse36 clflush dts acpi mmx fxsr sse sse2 ss ht tm pbe nx rdtscp lm constant_tsc arch_perfmon pebs bts xtopology nonstop_tsc aperfmperf eagerfpu pni pclmulqdq dtes64 monitor ds_cpl vmx est tm2 ssse3 cx16 xtpr pdcm pcid sse4_1 sse4_2 x2apic popcnt tsc_deadline_timer xsave avx lahf_lm arat epb xsaveopt pln pts dtherm tpr_shadow vnmi flexpriority ept vpid
bogomips	: 4788.77
clflush size	: 64
cache_alignment	: 64
address sizes	: 36 bits physical, 48 bits virtual
power management:



Memory: 4k page, physical 3975340k(444820k free), swap 2047996k(2047996k free)

vm_info: OpenJDK Server VM (23.7-b01) for linux-x86 JRE (1.7.0_21-b02), built on Apr 22 2013 07:41:32 by "buildd" with gcc 4.7.3

time: Thu Oct 31 16:01:03 2013
elapsed time: 0 seconds

