#
# A fatal error has been detected by the Java Runtime Environment:
#
#  SIGSEGV (0xb) at pc=0x67964d60, pid=30672, tid=1740372800
#
# JRE version: 7.0_21-b02
# Java VM: OpenJDK Server VM (23.7-b01 mixed mode linux-x86 )
# Problematic frame:
# C  [sqlite-3.7.151-i386-libsqlitejdbc.so+0xbd60]  Java_org_sqlite_NativeDB_shared_1cache+0x5c60
#
# Failed to write core dump. Core dumps have been disabled. To enable core dumping, try "ulimit -c unlimited" before starting Java again
#
# If you would like to submit a bug report, please include
# instructions on how to reproduce the bug and visit:
#   https://bugs.launchpad.net/ubuntu/+source/openjdk-7/
# The crash happened outside the Java Virtual Machine in native code.
# See problematic frame for where to report the bug.
#

---------------  T H R E A D  ---------------

Current thread (0x67dcd800):  JavaThread "AWT-EventQueue-0" [_thread_in_native, id=30693, stack(0x67b6f000,0x67bc0000)]

siginfo:si_signo=SIGSEGV: si_errno=0, si_code=1 (SEGV_MAPERR), si_addr=0x0000002c

Registers:
EAX=0x00000000, EBX=0x679fdff4, ECX=0x6797e7b0, EDX=0x00000000
ESP=0x67bbe850, EBP=0x67bbe868, ESI=0x00000000, EDI=0x00000000
EIP=0x67964d60, EFLAGS=0x00210206, CR2=0x0000002c

Top of Stack: (sp=0x67bbe850)
0x67bbe850:   000000b6 6dd00eb8 00000018 67dcd800
0x67bbe860:   6eee1128 67dcd928 67bbe888 6795eaa9
0x67bbe870:   6797e7b0 00000000 67bbe890 6eee1128
0x67bbe880:   6eee1128 67dcd800 67bbe8d8 b34fe653
0x67bbe890:   67dcd928 67bbe8f4 00000000 00000000
0x67bbe8a0:   00000000 67bbe8e8 b3505d34 67bbe8b0
0x67bbe8b0:   00000001 9f2c83d8 67bbe8b0 00000000
0x67bbe8c0:   67bbe8f4 6ef74ef8 00000000 6eee1128 

Instructions: (pc=0x67964d60)
0x67964d40:   07 0f b7 40 2c 5d c3 90 31 c0 5d c3 8d 74 26 00
0x67964d50:   55 89 e5 83 ec 18 89 7d fc 89 c7 89 75 f8 89 d6
0x67964d60:   0f b7 57 2c 8b 00 39 d6 89 45 f4 89 55 f0 7d 58
0x67964d70:   85 f6 78 54 8b 55 f4 8b 42 0c 89 04 24 e8 ce b2 

Register to memory mapping:

EAX=0x00000000 is an unknown value
EBX=0x679fdff4: <offset 0xa4ff4> in /tmp/sqlite-3.7.151-i386-libsqlitejdbc.so at 0x67959000
ECX=0x6797e7b0: <offset 0x257b0> in /tmp/sqlite-3.7.151-i386-libsqlitejdbc.so at 0x67959000
EDX=0x00000000 is an unknown value
ESP=0x67bbe850 is pointing into the stack for thread: 0x67dcd800
EBP=0x67bbe868 is pointing into the stack for thread: 0x67dcd800
ESI=0x00000000 is an unknown value
EDI=0x00000000 is an unknown value


Stack: [0x67b6f000,0x67bc0000],  sp=0x67bbe850,  free space=318k
Native frames: (J=compiled Java code, j=interpreted, Vv=VM code, C=native code)
C  [sqlite-3.7.151-i386-libsqlitejdbc.so+0xbd60]  Java_org_sqlite_NativeDB_shared_1cache+0x5c60
C  [sqlite-3.7.151-i386-libsqlitejdbc.so+0x5aa9]  Java_org_sqlite_NativeDB_column_1name+0x29
j  org.sqlite.NativeDB.column_name(JI)Ljava/lang/String;+0
j  org.sqlite.RS.getColumnName(I)Ljava/lang/String;+16
j  org.sqlite.RS.getColumnLabel(I)Ljava/lang/String;+2
j  net.proteanit.sql.DbUtils.resultSetToTableModel(Ljava/sql/ResultSet;)Ljavax/swing/table/TableModel;+37
j  musicplayer.UI.UpdateQueue()V+11
j  musicplayer.UI.<init>()V+56
j  musicplayer.UI$20.run()V+4
j  java.awt.event.InvocationEvent.dispatch()V+47
j  java.awt.EventQueue.dispatchEventImpl(Ljava/awt/AWTEvent;Ljava/lang/Object;)V+21
j  java.awt.EventQueue.access$200(Ljava/awt/EventQueue;Ljava/awt/AWTEvent;Ljava/lang/Object;)V+3
j  java.awt.EventQueue$3.run()Ljava/lang/Void;+12
j  java.awt.EventQueue$3.run()Ljava/lang/Object;+1
v  ~StubRoutines::call_stub
V  [libjvm.so+0x42b06c]  JavaCalls::call_helper(JavaValue*, methodHandle*, JavaCallArguments*, Thread*)+0x39c

Java frames: (J=compiled Java code, j=interpreted, Vv=VM code)
j  org.sqlite.NativeDB.column_name(JI)Ljava/lang/String;+0
j  org.sqlite.RS.getColumnName(I)Ljava/lang/String;+16
j  org.sqlite.RS.getColumnLabel(I)Ljava/lang/String;+2
j  net.proteanit.sql.DbUtils.resultSetToTableModel(Ljava/sql/ResultSet;)Ljavax/swing/table/TableModel;+37
j  musicplayer.UI.UpdateQueue()V+11
j  musicplayer.UI.<init>()V+56
j  musicplayer.UI$20.run()V+4
j  java.awt.event.InvocationEvent.dispatch()V+47
j  java.awt.EventQueue.dispatchEventImpl(Ljava/awt/AWTEvent;Ljava/lang/Object;)V+21
j  java.awt.EventQueue.access$200(Ljava/awt/EventQueue;Ljava/awt/AWTEvent;Ljava/lang/Object;)V+3
j  java.awt.EventQueue$3.run()Ljava/lang/Void;+12
j  java.awt.EventQueue$3.run()Ljava/lang/Object;+1
v  ~StubRoutines::call_stub
j  java.security.AccessController.doPrivileged(Ljava/security/PrivilegedAction;Ljava/security/AccessControlContext;)Ljava/lang/Object;+0
j  java.security.ProtectionDomain$1.doIntersectionPrivilege(Ljava/security/PrivilegedAction;Ljava/security/AccessControlContext;Ljava/security/AccessControlContext;)Ljava/lang/Object;+28
j  java.awt.EventQueue.dispatchEvent(Ljava/awt/AWTEvent;)V+46
j  java.awt.EventDispatchThread.pumpOneEventForFilters(I)V+245
j  java.awt.EventDispatchThread.pumpEventsForFilter(ILjava/awt/Conditional;Ljava/awt/EventFilter;)V+35
j  java.awt.EventDispatchThread.pumpEventsForHierarchy(ILjava/awt/Conditional;Ljava/awt/Component;)V+11
j  java.awt.EventDispatchThread.pumpEvents(ILjava/awt/Conditional;)V+4
j  java.awt.EventDispatchThread.pumpEvents(Ljava/awt/Conditional;)V+3
j  java.awt.EventDispatchThread.run()V+9
v  ~StubRoutines::call_stub

---------------  P R O C E S S  ---------------

Java Threads: ( => current thread )
  0x67721400 JavaThread "TimerQueue" daemon [_thread_blocked, id=30698, stack(0x67b19000,0x67b6a000)]
  0xb6506800 JavaThread "DestroyJavaVM" [_thread_blocked, id=30677, stack(0xb6681000,0xb66d2000)]
=>0x67dcd800 JavaThread "AWT-EventQueue-0" [_thread_in_native, id=30693, stack(0x67b6f000,0x67bc0000)]
  0x67dcc800 JavaThread "AWT-Shutdown" [_thread_blocked, id=30692, stack(0x67bc0000,0x67c11000)]
  0x67d09800 JavaThread "AWT-XAWT" daemon [_thread_in_vm, id=30691, stack(0x67e36000,0x67e87000)]
  0x6a4e0000 JavaThread "Java2D Disposer" daemon [_thread_blocked, id=30690, stack(0x67e87000,0x67ed8000)]
  0x6aa01400 JavaThread "Service Thread" daemon [_thread_blocked, id=30688, stack(0x6a5ad000,0x6a5fe000)]
  0x6adfe800 JavaThread "C2 CompilerThread1" daemon [_thread_blocked, id=30687, stack(0x6a5fe000,0x6a67f000)]
  0x6adfc800 JavaThread "C2 CompilerThread0" daemon [_thread_blocked, id=30686, stack(0x6a67f000,0x6a700000)]
  0x6adfac00 JavaThread "Signal Dispatcher" daemon [_thread_blocked, id=30685, stack(0x6ac2e000,0x6ac7f000)]
  0x6adb8c00 JavaThread "Finalizer" daemon [_thread_blocked, id=30684, stack(0x6de2e000,0x6de7f000)]
  0x6adb7000 JavaThread "Reference Handler" daemon [_thread_blocked, id=30683, stack(0x6e02e000,0x6e07f000)]

Other Threads:
  0x6adb0800 VMThread [stack: 0x6ac7f000,0x6ad00000] [id=30682]
  0x6aa03400 WatcherThread [stack: 0x6a52c000,0x6a5ad000] [id=30689]

VM state:not at safepoint (normal execution)

VM Mutex/Monitor currently owned by a thread: None

Heap
 PSYoungGen      total 18112K, used 5283K [0x9f030000, 0xa1390000, 0xb3430000)
  eden space 15552K, 17% used [0x9f030000,0x9f2dab88,0x9ff60000)
  from space 2560K, 99% used [0x9ff60000,0xa01de2b0,0xa01e0000)
  to   space 2560K, 0% used [0xa1110000,0xa1110000,0xa1390000)
 ParOldGen       total 41472K, used 1195K [0x76830000, 0x790b0000, 0x9f030000)
  object space 41472K, 2% used [0x76830000,0x7695afc0,0x790b0000)
 PSPermGen       total 16384K, used 11966K [0x6e830000, 0x6f830000, 0x76830000)
  object space 16384K, 73% used [0x6e830000,0x6f3df940,0x6f830000)

Card table byte_map: [0x6e609000,0x6e830000] byte_map_base: 0x6e294e80

Polling page: 0xb777e000

Code Cache  [0xb34f3000, 0xb3733000, 0xb64f3000)
 total_blobs=398 nmethods=150 adapters=200 free_code_cache=48524Kb largest_free_block=49657728

Compilation events (10 events):
Event: 1.475 Thread 0x6adfe800 nmethod 139 0xb357a608 code [0xb357a6e0, 0xb357a730]
Event: 1.475 Thread 0x6adfe800  140             java.lang.ThreadLocal::get (34 bytes)
Event: 1.477 Thread 0x6adfe800 nmethod 140 0xb3586bc8 code [0xb3586ce0, 0xb3586e10]
Event: 1.477 Thread 0x6adfe800  141             java.lang.ThreadLocal$ThreadLocalMap::access$000 (6 bytes)
Event: 1.479 Thread 0x6adfe800 nmethod 141 0xb3586848 code [0xb3586940, 0xb3586a30]
Event: 1.479 Thread 0x6adfe800  142             java.lang.ThreadLocal$ThreadLocalMap::getEntry (42 bytes)
Event: 1.480 Thread 0x6adfe800 nmethod 142 0xb3586548 code [0xb3586640, 0xb3586710]
Event: 1.480 Thread 0x6adfe800  143             sun.java2d.loops.GraphicsPrimitive::getUniqueID (5 bytes)
Event: 1.481 Thread 0x6adfe800 nmethod 143 0xb35863c8 code [0xb35864a0, 0xb35864f0]
Event: 1.502 Thread 0x6adfc800 nmethod 6% 0xb35944c8 code [0xb3594780, 0xb3595d88]

GC Heap History (2 events):
Event: 1.387 GC heap before
{Heap before GC invocations=1 (full 0):
 PSYoungGen      total 18112K, used 15552K [0x9f030000, 0xa0460000, 0xb3430000)
  eden space 15552K, 100% used [0x9f030000,0x9ff60000,0x9ff60000)
  from space 2560K, 0% used [0xa01e0000,0xa01e0000,0xa0460000)
  to   space 2560K, 0% used [0x9ff60000,0x9ff60000,0xa01e0000)
 ParOldGen       total 41472K, used 0K [0x76830000, 0x790b0000, 0x9f030000)
  object space 41472K, 0% used [0x76830000,0x76830000,0x790b0000)
 PSPermGen       total 16384K, used 11077K [0x6e830000, 0x6f830000, 0x76830000)
  object space 16384K, 67% used [0x6e830000,0x6f301738,0x6f830000)
Event: 1.402 GC heap after
Heap after GC invocations=1 (full 0):
 PSYoungGen      total 18112K, used 2552K [0x9f030000, 0xa1390000, 0xb3430000)
  eden space 15552K, 0% used [0x9f030000,0x9f030000,0x9ff60000)
  from space 2560K, 99% used [0x9ff60000,0xa01de2b0,0xa01e0000)
  to   space 2560K, 0% used [0xa1110000,0xa1110000,0xa1390000)
 ParOldGen       total 41472K, used 1195K [0x76830000, 0x790b0000, 0x9f030000)
  object space 41472K, 2% used [0x76830000,0x7695afc0,0x790b0000)
 PSPermGen       total 16384K, used 11077K [0x6e830000, 0x6f830000, 0x76830000)
  object space 16384K, 67% used [0x6e830000,0x6f301738,0x6f830000)
}

Deoptimization events (10 events):
Event: 0.759 Thread 0x67dcd800 Uncommon trap -34 fr.pc 0xb3548284
Event: 0.759 Thread 0x67dcd800 Uncommon trap -34 fr.pc 0xb3548284
Event: 0.759 Thread 0x67dcd800 Uncommon trap -34 fr.pc 0xb3548284
Event: 0.759 Thread 0x67dcd800 Uncommon trap -34 fr.pc 0xb3548284
Event: 1.291 Thread 0x67dcd800 Uncommon trap 22 fr.pc 0xb357080c
Event: 1.291 Thread 0x67dcd800 Uncommon trap -67 fr.pc 0xb35727cc
Event: 1.350 Thread 0x67dcd800 Uncommon trap -83 fr.pc 0xb357e1a8
Event: 1.404 Thread 0x6adb8c00 Uncommon trap -83 fr.pc 0xb3568c44
Event: 1.404 Thread 0x6adb8c00 Uncommon trap -83 fr.pc 0xb356a3c0
Event: 1.407 Thread 0x67dcd800 Uncommon trap -12 fr.pc 0xb358b8f4

Internal exceptions (10 events):
Event: 1.453 Thread 0x67dcd800 Threw 0x9f23e5f8 at /build/buildd/openjdk-7-7u21-2.3.9/build/openjdk/hotspot/src/share/vm/prims/jvm.cpp:1166
Event: 1.453 Thread 0x67dcd800 Threw 0x9f240d60 at /build/buildd/openjdk-7-7u21-2.3.9/build/openjdk/hotspot/src/share/vm/prims/jvm.cpp:1166
Event: 1.454 Thread 0x67dcd800 Threw 0x9f243050 at /build/buildd/openjdk-7-7u21-2.3.9/build/openjdk/hotspot/src/share/vm/prims/jvm.cpp:1166
Event: 1.454 Thread 0x67dcd800 Threw 0x9f245738 at /build/buildd/openjdk-7-7u21-2.3.9/build/openjdk/hotspot/src/share/vm/prims/jvm.cpp:1166
Event: 1.520 Thread 0x67dcd800 Threw 0x9f2b2b10 at /build/buildd/openjdk-7-7u21-2.3.9/build/openjdk/hotspot/src/share/vm/prims/jvm.cpp:1166
Event: 1.520 Thread 0x67dcd800 Threw 0x9f2b5738 at /build/buildd/openjdk-7-7u21-2.3.9/build/openjdk/hotspot/src/share/vm/prims/jvm.cpp:1166
Event: 1.520 Thread 0x67dcd800 Threw 0x9f2b80d8 at /build/buildd/openjdk-7-7u21-2.3.9/build/openjdk/hotspot/src/share/vm/prims/jvm.cpp:1166
Event: 1.521 Thread 0x67dcd800 Threw 0x9f2ba2b0 at /build/buildd/openjdk-7-7u21-2.3.9/build/openjdk/hotspot/src/share/vm/prims/jvm.cpp:1166
Event: 1.521 Thread 0x67dcd800 Threw 0x9f2bd3d8 at /build/buildd/openjdk-7-7u21-2.3.9/build/openjdk/hotspot/src/share/vm/prims/jvm.cpp:1166
Event: 1.524 Thread 0x67dcd800 Threw 0x9f2c9948 at /build/buildd/openjdk-7-7u21-2.3.9/build/openjdk/hotspot/src/share/vm/prims/jvm.cpp:1166

Events (10 events):
Event: 1.520 loading class 0x677c77d0
Event: 1.520 loading class 0x677c77d0 done
Event: 1.521 loading class 0x6a924190
Event: 1.521 loading class 0x6a924190 done
Event: 1.522 loading class 0x677e4c60
Event: 1.522 loading class 0x677e4c60 done
Event: 1.522 loading class 0x6a990c00
Event: 1.523 loading class 0x6a990c00 done
Event: 1.524 loading class 0x6aaa4010
Event: 1.524 loading class 0x6aaa4010 done


Dynamic libraries:
08048000-08049000 r-xp 00000000 08:06 1708580    /usr/lib/jvm/java-7-openjdk-i386/jre/bin/java
08049000-0804a000 r--p 00000000 08:06 1708580    /usr/lib/jvm/java-7-openjdk-i386/jre/bin/java
0804a000-0804b000 rw-p 00001000 08:06 1708580    /usr/lib/jvm/java-7-openjdk-i386/jre/bin/java
08b64000-08bbd000 rw-p 00000000 00:00 0          [heap]
66a7f000-66c63000 rw-p 00000000 00:00 0 
66c63000-66c7b000 r--s 00000000 08:06 656549     /usr/share/fonts/type1/gsfonts/c059033l.pfb
66c7b000-66c8d000 r--s 00000000 08:06 656570     /usr/share/fonts/type1/gsfonts/n019043l.pfb
66c8d000-66ca8000 r--s 00000000 08:06 656606     /usr/share/fonts/type1/gsfonts/p052003l.pfb
66ca8000-66cc3000 r--s 00000000 08:06 656612     /usr/share/fonts/type1/gsfonts/p052023l.pfb
66cc3000-66cde000 r--s 00000000 08:06 656546     /usr/share/fonts/type1/gsfonts/c059016l.pfb
66cde000-66cef000 r--s 00000000 08:06 656528     /usr/share/fonts/type1/gsfonts/a010035l.pfb
66cef000-66d0b000 r--s 00000000 08:06 656615     /usr/share/fonts/type1/gsfonts/p052024l.pfb
66d0b000-66d1d000 r--s 00000000 08:06 656573     /usr/share/fonts/type1/gsfonts/n019044l.pfb
66d1d000-66d30000 r--s 00000000 08:06 656534     /usr/share/fonts/type1/gsfonts/b018015l.pfb
66d30000-66d4f000 r--s 00000000 08:06 669785     /usr/share/texmf/fonts/type1/public/lm/lmb10.pfb
66d4f000-66d68000 r--s 00000000 08:06 669836     /usr/share/texmf/fonts/type1/public/lm/lmtti10.pfb
66d68000-66d84000 r--s 00000000 08:06 669848     /usr/share/texmf/fonts/type1/public/lm/lmbxi10.pfb
66d84000-66da6000 r--s 00000000 08:06 669794     /usr/share/texmf/fonts/type1/public/lm/lmtlco10.pfb
66da6000-66dc5000 r--s 00000000 08:06 669777     /usr/share/texmf/fonts/type1/public/lm/lmdunh10.pfb
66dc5000-66de1000 r--s 00000000 08:06 669796     /usr/share/texmf/fonts/type1/public/lm/lmu10.pfb
66de1000-66e00000 r--s 00000000 08:06 669783     /usr/share/texmf/fonts/type1/public/lm/lmtto10.pfb
66e00000-66eeb000 rw-p 00000000 00:00 0 
66eeb000-66f00000 ---p 00000000 00:00 0 
66f02000-66f0b000 r--s 00000000 08:06 272344     /usr/share/fonts/X11/Type1/c0632bt_.pfb
66f0b000-66f29000 r--s 00000000 08:06 669779     /usr/share/texmf/fonts/type1/public/lm/lmr10.pfb
66f29000-66f49000 r--s 00000000 08:06 669861     /usr/share/texmf/fonts/type1/public/lm/lmtcso10.pfb
66f49000-66f6b000 r--s 00000000 08:06 669844     /usr/share/texmf/fonts/type1/public/lm/lmbxo10.pfb
66f6b000-66f8f000 r--s 00000000 08:06 669791     /usr/share/texmf/fonts/type1/public/lm/lmduno10.pfb
66f8f000-66f99000 r--s 00000000 08:06 272340     /usr/share/fonts/X11/Type1/c0583bt_.pfb
66f99000-66fbb000 r--s 00000000 08:06 669801     /usr/share/texmf/fonts/type1/public/lm/lmbo10.pfb
66fbb000-66fd8000 r--s 00000000 08:06 669825     /usr/share/texmf/fonts/type1/public/lm/lmvtt10.pfb
66fd8000-66ff7000 r--s 00000000 08:06 669854     /usr/share/texmf/fonts/type1/public/lm/lmtlo10.pfb
66ff7000-67015000 r--s 00000000 08:06 669826     /usr/share/texmf/fonts/type1/public/lm/lmbx10.pfb
67015000-67033000 r--s 00000000 08:06 669821     /usr/share/texmf/fonts/type1/public/lm/lmssbx10.pfb
67033000-67050000 r--s 00000000 08:06 669845     /usr/share/texmf/fonts/type1/public/lm/lmcsc10.pfb
67050000-67075000 r--s 00000000 08:06 669819     /usr/share/texmf/fonts/type1/public/lm/lmvtko10.pfb
67075000-67098000 r--s 00000000 08:06 669827     /usr/share/texmf/fonts/type1/public/lm/lmtko10.pfb
6709a000-670a4000 r--s 00000000 08:06 272342     /usr/share/fonts/X11/Type1/c0611bt_.pfb
670a4000-670c1000 r--s 00000000 08:06 669813     /usr/share/texmf/fonts/type1/public/lm/lmssq8.pfb
670c1000-670e0000 r--s 00000000 08:06 669809     /usr/share/texmf/fonts/type1/public/lm/lmvtk10.pfb
670e0000-67100000 r--s 00000000 08:06 669834     /usr/share/texmf/fonts/type1/public/lm/lmssqo8.pfb
67100000-67200000 rw-p 00000000 00:00 0 
67202000-6720c000 r--s 00000000 08:06 272338     /usr/share/fonts/X11/Type1/c0582bt_.pfb
6720c000-67215000 r--s 00000000 08:06 272350     /usr/share/fonts/X11/Type1/c0649bt_.pfb
67215000-67230000 r--s 00000000 08:06 669832     /usr/share/texmf/fonts/type1/public/lm/lmsso10.pfb
67230000-67251000 r--s 00000000 08:06 669805     /usr/share/texmf/fonts/type1/public/lm/lmro10.pfb
6725f000-67281000 r--s 00000000 08:06 669863     /usr/share/texmf/fonts/type1/public/lm/lmvtlo10.pfb
67281000-6729d000 r--s 00000000 08:06 669782     /usr/share/texmf/fonts/type1/public/lm/lmtt10.pfb
6729d000-672b8000 r--s 00000000 08:06 669853     /usr/share/texmf/fonts/type1/public/lm/lmtlc10.pfb
672b8000-672d2000 r--s 00000000 08:06 669797     /usr/share/texmf/fonts/type1/public/lm/lmtl10.pfb
672d2000-672ed000 r--s 00000000 08:06 669806     /usr/share/texmf/fonts/type1/public/lm/lmtcsc10.pfb
672ed000-672f7000 r--s 00000000 08:06 272336     /usr/share/fonts/X11/Type1/c0419bt_.pfb
672f7000-67300000 r--s 00000000 08:06 272346     /usr/share/fonts/X11/Type1/c0633bt_.pfb
67300000-673fd000 rw-p 00000000 00:00 0 
673fd000-67400000 ---p 00000000 00:00 0 
67404000-67420000 r--s 00000000 08:06 669856     /usr/share/texmf/fonts/type1/public/lm/lmri10.pfb
67420000-6743f000 r--s 00000000 08:06 669867     /usr/share/texmf/fonts/type1/public/lm/lmssqbo8.pfb
6743f000-67448000 r--s 00000000 08:06 272348     /usr/share/fonts/X11/Type1/c0648bt_.pfb
67448000-67465000 r--s 00000000 08:06 669846     /usr/share/texmf/fonts/type1/public/lm/lmtk10.pfb
67465000-67482000 r--s 00000000 08:06 669835     /usr/share/texmf/fonts/type1/public/lm/lmssqbx8.pfb
67482000-6749f000 r--s 00000000 08:06 669858     /usr/share/texmf/fonts/type1/public/lm/lmssdc10.pfb
6749f000-674c1000 r--s 00000000 08:06 669781     /usr/share/texmf/fonts/type1/public/lm/lmssdo10.pfb
674c1000-674df000 r--s 00000000 08:06 669802     /usr/share/texmf/fonts/type1/public/lm/lmvtl10.pfb
674df000-67500000 r--s 00000000 08:06 669788     /usr/share/texmf/fonts/type1/public/lm/lmvtto10.pfb
67500000-675fa000 rw-p 00000000 00:00 0 
675fa000-67600000 ---p 00000000 00:00 0 
67604000-6761c000 r--s 00000000 08:06 669823     /usr/share/texmf/fonts/type1/public/lm/lmss10.pfb
6761c000-6763d000 r--s 00000000 08:06 669824     /usr/share/texmf/fonts/type1/public/lm/lmcsco10.pfb
6763d000-6765f000 r--s 00000000 08:06 669849     /usr/share/texmf/fonts/type1/public/lm/lmssbo10.pfb
67662000-6766e000 r--s 00000000 08:06 656555     /usr/share/fonts/type1/gsfonts/d050000l.pfb
6766e000-6767f000 r--s 00000000 08:06 656576     /usr/share/fonts/type1/gsfonts/n019063l.pfb
6767f000-67699000 r--s 00000000 08:06 656543     /usr/share/fonts/type1/gsfonts/c059013l.pfb
67699000-676b2000 r--s 00000000 08:06 656531     /usr/share/fonts/type1/gsfonts/b018012l.pfb
676b2000-676c7000 r--s 00000000 08:06 656537     /usr/share/fonts/type1/gsfonts/b018032l.pfb
676c7000-676d7000 r--s 00000000 08:06 656525     /usr/share/fonts/type1/gsfonts/a010033l.pfb
676d7000-676e0000 r--s 00000000 08:06 656618     /usr/share/fonts/type1/gsfonts/s050000l.pfb
676e0000-676f0000 r--s 00000000 08:06 656522     /usr/share/fonts/type1/gsfonts/a010015l.pfb
676f0000-67700000 r--s 00000000 08:06 656519     /usr/share/fonts/type1/gsfonts/a010013l.pfb
67700000-677f3000 rw-p 00000000 00:00 0 
677f3000-67800000 ---p 00000000 00:00 0 
67800000-678ff000 rw-p 00000000 00:00 0 
678ff000-67900000 ---p 00000000 00:00 0 
67901000-67902000 rw-p 00000000 00:00 0 
67902000-6791d000 r--s 00000000 08:06 656609     /usr/share/fonts/type1/gsfonts/p052004l.pfb
6791d000-67934000 r--s 00000000 08:06 656621     /usr/share/fonts/type1/gsfonts/z003034l.pfb
67934000-67946000 r--s 00000000 08:06 656540     /usr/share/fonts/type1/gsfonts/b018035l.pfb
67946000-67959000 r--s 00000000 08:06 656579     /usr/share/fonts/type1/gsfonts/n019064l.pfb
67959000-679fd000 r-xp 00000000 08:06 1439244    /tmp/sqlite-3.7.151-i386-libsqlitejdbc.so
679fd000-679fe000 r--p 000a4000 08:06 1439244    /tmp/sqlite-3.7.151-i386-libsqlitejdbc.so
679fe000-679ff000 rw-p 000a5000 08:06 1439244    /tmp/sqlite-3.7.151-i386-libsqlitejdbc.so
679ff000-67a00000 rw-p 00000000 00:00 0 
67a00000-67aff000 rw-p 00000000 00:00 0 
67aff000-67b00000 ---p 00000000 00:00 0 
67b00000-67b01000 rw-p 00000000 00:00 0 
67b01000-67b19000 r--s 00000000 08:06 656552     /usr/share/fonts/type1/gsfonts/c059036l.pfb
67b19000-67b1c000 ---p 00000000 00:00 0 
67b1c000-67b6a000 rw-p 00000000 00:00 0          [stack:30698]
67b6a000-67b6f000 r--s 0004c000 08:06 1708535    /usr/lib/jvm/java-7-openjdk-common/jre/lib/jsse.jar
67b6f000-67b72000 ---p 00000000 00:00 0 
67b72000-67bc0000 rw-p 00000000 00:00 0          [stack:30693]
67bc0000-67bc3000 ---p 00000000 00:00 0 
67bc3000-67c11000 rw-p 00000000 00:00 0          [stack:30692]
67c11000-67c22000 r-xp 00000000 08:06 1708665    /usr/lib/jvm/java-7-openjdk-i386/jre/lib/i386/libnio.so
67c22000-67c23000 r--p 00010000 08:06 1708665    /usr/lib/jvm/java-7-openjdk-i386/jre/lib/i386/libnio.so
67c23000-67c24000 rw-p 00011000 08:06 1708665    /usr/lib/jvm/java-7-openjdk-i386/jre/lib/i386/libnio.so
67c24000-67c25000 r--s 00000000 08:06 936139     /var/cache/fontconfig/c05880de57d1f5e948fdfacc138775d9-le32d4.cache-3
67c25000-67c2b000 r--s 00000000 08:06 936131     /var/cache/fontconfig/945677eb7aeaf62f1d50efc3fb3ec7d8-le32d4.cache-3
67c2b000-67c2e000 r--s 00000000 08:06 938992     /var/cache/fontconfig/99e8ed0e538f840c565b6ed5dad60d56-le32d4.cache-3
67c2e000-67c34000 r--s 00000000 08:06 936659     /var/cache/fontconfig/a6d8cf8e4ec09cdbc8633c31745a07dd-le32d4.cache-3
67c34000-67c37000 r--s 00000000 08:06 936113     /var/cache/fontconfig/2cd17615ca594fa2959ae173292e504c-le32d4.cache-3
67c37000-67c38000 r--s 00000000 08:06 936148     /var/cache/fontconfig/e7071f4a29fa870f4323321c154eba04-le32d4.cache-3
67c38000-67c3c000 r--s 00000000 08:06 936658     /var/cache/fontconfig/6eb3985aa4124903f6ff08ba781cd364-le32d4.cache-3
67c3c000-67c3d000 r--s 00000000 08:06 936110     /var/cache/fontconfig/0d8c3b2ac0904cb8a57a757ad11a4a08-le32d4.cache-3
67c3d000-67c41000 r--s 00000000 08:06 936135     /var/cache/fontconfig/a755afe4a08bf5b97852ceb7400b47bc-le32d4.cache-3
67c41000-67c48000 r--s 00000000 08:06 936126     /var/cache/fontconfig/6d41288fd70b0be22e8c3a91e032eec0-le32d4.cache-3
67c48000-67c53000 r--s 00000000 08:06 936108     /var/cache/fontconfig/04aabc0a78ac019cf9454389977116d2-le32d4.cache-3
67c53000-67c54000 r--s 00000000 08:06 936112     /var/cache/fontconfig/1ac9eb803944fde146138c791f5cc56a-le32d4.cache-3
67c54000-67c57000 r--s 00000000 08:06 936117     /var/cache/fontconfig/385c0604a188198f04d133e54aba7fe7-le32d4.cache-3
67c57000-67c58000 r--s 00000000 08:06 938732     /var/cache/fontconfig/9c956a7723ca69a44b382d9179c9802f-le32d4.cache-3
67c58000-67c59000 r--s 00000000 08:06 936145     /var/cache/fontconfig/dc05db6664285cc2f12bf69c139ae4c3-le32d4.cache-3
67c59000-67c5b000 r--s 00000000 08:06 936128     /var/cache/fontconfig/767a8244fc0220cfb567a839d0392e0b-le32d4.cache-3
67c5b000-67c5c000 r--s 00000000 08:06 936118     /var/cache/fontconfig/4794a0821666d79190d59a36cb4f44b5-le32d4.cache-3
67c5c000-67c5d000 r--s 00000000 08:06 938731     /var/cache/fontconfig/9eae20f1ff8cc0a7d125749e875856bd-le32d4.cache-3
67c5d000-67c5f000 r--s 00000000 08:06 938730     /var/cache/fontconfig/bf2c1853a9e9b00bb02fe2e9bcf1e201-le32d4.cache-3
67c5f000-67c62000 r--s 00000000 08:06 936130     /var/cache/fontconfig/8801497958630a81b71ace7c5f9b32a8-le32d4.cache-3
67c62000-67c85000 r--s 00000000 08:06 938729     /var/cache/fontconfig/365b55f210c0a22e9a19e35191240f32-le32d4.cache-3
67c85000-67c87000 r--s 00000000 08:06 938722     /var/cache/fontconfig/c57959a16110560c8d0fcea73374aeeb-le32d4.cache-3
67c87000-67c8b000 r--s 00000000 08:06 936114     /var/cache/fontconfig/3047814df9a2f067bd2d96a2b9c36e5a-le32d4.cache-3
67c8b000-67c8c000 r--s 00000000 08:06 936121     /var/cache/fontconfig/56cf4f4769d0f4abc89a4895d7bd3ae1-le32d4.cache-3
67c8c000-67c8d000 r--s 00000000 08:06 936138     /var/cache/fontconfig/b9d506c9ac06c20b433354fa67a72993-le32d4.cache-3
67c8d000-67c91000 r--s 00000000 08:06 936137     /var/cache/fontconfig/b47c4e1ecd0709278f4910c18777a504-le32d4.cache-3
67c91000-67c93000 r--s 00000000 08:06 938728     /var/cache/fontconfig/14d493b97896515cad3840ba4896e372-le32d4.cache-3
67c93000-67c94000 r--s 00000000 08:06 938727     /var/cache/fontconfig/89034621ae2a8922916bb6bfa5799546-le32d4.cache-3
67c94000-67c9a000 r--s 00000000 08:06 936657     /var/cache/fontconfig/52f7bdb7ce746bfd7eaa1985bd9cfa93-le32d4.cache-3
67c9a000-67c9c000 r--s 00000000 08:06 936147     /var/cache/fontconfig/e49e89034d371f0f9de17aab02136486-le32d4.cache-3
67c9c000-67c9d000 r--s 00000000 08:06 936119     /var/cache/fontconfig/4b14b093aebc79c320de5e86ae1d3314-le32d4.cache-3
67c9d000-67caa000 r--s 00000000 08:06 936143     /var/cache/fontconfig/d52a8644073d54c13679302ca1180695-le32d4.cache-3
67caa000-67cb0000 r--s 00000000 08:06 936656     /var/cache/fontconfig/3f7329c5293ffd510edef78f73874cfd-le32d4.cache-3
67cb0000-67cb2000 r--s 00000000 08:06 938726     /var/cache/fontconfig/65f976e5259cbe6dc7697b8648396239-le32d4.cache-3
67cb2000-67cbb000 r--s 00000000 08:06 938720     /var/cache/fontconfig/53d14c92082a93e67d5078324eb314ca-le32d4.cache-3
67cbb000-67cfe000 r-xp 00000000 08:06 1708645    /usr/lib/jvm/java-7-openjdk-i386/jre/lib/i386/libfontmanager.so
67cfe000-67cff000 r--p 00043000 08:06 1708645    /usr/lib/jvm/java-7-openjdk-i386/jre/lib/i386/libfontmanager.so
67cff000-67d00000 rw-p 00044000 08:06 1708645    /usr/lib/jvm/java-7-openjdk-i386/jre/lib/i386/libfontmanager.so
67d00000-67dd9000 rw-p 00000000 00:00 0 
67dd9000-67e00000 ---p 00000000 00:00 0 
67e00000-67e01000 r--s 00000000 08:06 938725     /var/cache/fontconfig/94f7fe9bd33aadfac165873bd010d595-le32d4.cache-3
67e01000-67e08000 r--s 00000000 08:06 938721     /var/cache/fontconfig/83bf95040141907cd45bb53cf7c1c148-le32d4.cache-3
67e08000-67e15000 r--s 00000000 08:06 938717     /var/cache/fontconfig/4ac51e5cfbc76fc3f983e470323a16d3-le32d4.cache-3
67e15000-67e1d000 r--s 00000000 08:06 938718     /var/cache/fontconfig/e13b20fdb08344e0e664864cc2ede53d-le32d4.cache-3
67e1d000-67e21000 r--s 00000000 08:06 940648     /var/cache/fontconfig/7ef2298fde41cc6eeb7af42e48b7d293-le32d4.cache-3
67e21000-67e32000 r--s 00000000 08:06 938993     /var/cache/fontconfig/467c019e582ee353435ea5c21d137ef6-le32d4.cache-3
67e32000-67e36000 r--s 00000000 08:06 395863     /home/gene/.cache/fontconfig/3ecda6abc85ff6f54114f03ae3c1fe72-le32d4.cache-3
67e36000-67e39000 ---p 00000000 00:00 0 
67e39000-67e87000 rw-p 00000000 00:00 0          [stack:30691]
67e87000-67e8a000 ---p 00000000 00:00 0 
67e8a000-67ed8000 rw-p 00000000 00:00 0          [stack:30690]
67ed8000-69047000 r-xp 00000000 08:06 1706398    /usr/lib/i386-linux-gnu/libicudata.so.48.1.1
69047000-69048000 r--p 0116e000 08:06 1706398    /usr/lib/i386-linux-gnu/libicudata.so.48.1.1
69048000-69049000 rw-p 0116f000 08:06 1706398    /usr/lib/i386-linux-gnu/libicudata.so.48.1.1
69049000-6904c000 r-xp 00000000 08:06 262501     /lib/i386-linux-gnu/libgpg-error.so.0.8.0
6904c000-6904d000 r--p 00002000 08:06 262501     /lib/i386-linux-gnu/libgpg-error.so.0.8.0
6904d000-6904e000 rw-p 00003000 08:06 262501     /lib/i386-linux-gnu/libgpg-error.so.0.8.0
6904e000-69050000 r-xp 00000000 08:06 262512     /lib/i386-linux-gnu/libkeyutils.so.1.4
69050000-69051000 r--p 00002000 08:06 262512     /lib/i386-linux-gnu/libkeyutils.so.1.4
69051000-69052000 rw-p 00003000 08:06 262512     /lib/i386-linux-gnu/libkeyutils.so.1.4
69052000-691a8000 r-xp 00000000 08:06 1706412    /usr/lib/i386-linux-gnu/libicuuc.so.48.1.1
691a8000-691b2000 r--p 00155000 08:06 1706412    /usr/lib/i386-linux-gnu/libicuuc.so.48.1.1
691b2000-691b3000 rw-p 0015f000 08:06 1706412    /usr/lib/i386-linux-gnu/libicuuc.so.48.1.1
691b3000-691b7000 rw-p 00000000 00:00 0 
691b7000-691ea000 r-xp 00000000 08:06 1706404    /usr/lib/i386-linux-gnu/libicule.so.48.1.1
691ea000-691eb000 ---p 00033000 08:06 1706404    /usr/lib/i386-linux-gnu/libicule.so.48.1.1
691eb000-691ec000 r--p 00033000 08:06 1706404    /usr/lib/i386-linux-gnu/libicule.so.48.1.1
691ec000-691ed000 rw-p 00034000 08:06 1706404    /usr/lib/i386-linux-gnu/libicule.so.48.1.1
691ed000-69235000 r-xp 00000000 08:06 262482     /lib/i386-linux-gnu/libdbus-1.so.3.7.2
69235000-69236000 r--p 00047000 08:06 262482     /lib/i386-linux-gnu/libdbus-1.so.3.7.2
69236000-69237000 rw-p 00048000 08:06 262482     /lib/i386-linux-gnu/libdbus-1.so.3.7.2
69237000-69249000 r-xp 00000000 08:06 1706541    /usr/lib/i386-linux-gnu/libp11-kit.so.0.0.0
69249000-6924a000 r--p 00011000 08:06 1706541    /usr/lib/i386-linux-gnu/libp11-kit.so.0.0.0
6924a000-6924b000 rw-p 00012000 08:06 1706541    /usr/lib/i386-linux-gnu/libp11-kit.so.0.0.0
6924b000-6925b000 r-xp 00000000 08:06 1706699    /usr/lib/i386-linux-gnu/libtasn1.so.3.2.0
6925b000-6925c000 r--p 0000f000 08:06 1706699    /usr/lib/i386-linux-gnu/libtasn1.so.3.2.0
6925c000-6925d000 rw-p 00010000 08:06 1706699    /usr/lib/i386-linux-gnu/libtasn1.so.3.2.0
6925d000-692de000 r-xp 00000000 08:06 262497     /lib/i386-linux-gnu/libgcrypt.so.11.7.0
692de000-692df000 r--p 00080000 08:06 262497     /lib/i386-linux-gnu/libgcrypt.so.11.7.0
692df000-692e1000 rw-p 00081000 08:06 262497     /lib/i386-linux-gnu/libgcrypt.so.11.7.0
692e1000-692e8000 r-xp 00000000 08:06 1706449    /usr/lib/i386-linux-gnu/libkrb5support.so.0.1
692e8000-692e9000 r--p 00006000 08:06 1706449    /usr/lib/i386-linux-gnu/libkrb5support.so.0.1
692e9000-692ea000 rw-p 00007000 08:06 1706449    /usr/lib/i386-linux-gnu/libkrb5support.so.0.1
692ea000-692ed000 r-xp 00000000 08:06 262477     /lib/i386-linux-gnu/libcom_err.so.2.1
692ed000-692ee000 r--p 00002000 08:06 262477     /lib/i386-linux-gnu/libcom_err.so.2.1
692ee000-692ef000 rw-p 00003000 08:06 262477     /lib/i386-linux-gnu/libcom_err.so.2.1
692ef000-69315000 r-xp 00000000 08:06 1706443    /usr/lib/i386-linux-gnu/libk5crypto.so.3.1
69315000-69316000 r--p 00026000 08:06 1706443    /usr/lib/i386-linux-gnu/libk5crypto.so.3.1
69316000-69317000 rw-p 00027000 08:06 1706443    /usr/lib/i386-linux-gnu/libk5crypto.so.3.1
69317000-693de000 r-xp 00000000 08:06 1706447    /usr/lib/i386-linux-gnu/libkrb5.so.3.3
693de000-693e4000 r--p 000c6000 08:06 1706447    /usr/lib/i386-linux-gnu/libkrb5.so.3.3
693e4000-693e5000 rw-p 000cc000 08:06 1706447    /usr/lib/i386-linux-gnu/libkrb5.so.3.3
693e5000-6947d000 r-xp 00000000 08:06 1706380    /usr/lib/i386-linux-gnu/libharfbuzz.so.0.913.0
6947d000-6947e000 ---p 00098000 08:06 1706380    /usr/lib/i386-linux-gnu/libharfbuzz.so.0.913.0
6947e000-6947f000 r--p 00098000 08:06 1706380    /usr/lib/i386-linux-gnu/libharfbuzz.so.0.913.0
6947f000-69480000 rw-p 00099000 08:06 1706380    /usr/lib/i386-linux-gnu/libharfbuzz.so.0.913.0
69480000-69488000 r-xp 00000000 08:06 1706787    /usr/lib/i386-linux-gnu/libxcb-render.so.0.0.0
69488000-69489000 r--p 00008000 08:06 1706787    /usr/lib/i386-linux-gnu/libxcb-render.so.0.0.0
69489000-6948a000 rw-p 00009000 08:06 1706787    /usr/lib/i386-linux-gnu/libxcb-render.so.0.0.0
6948a000-6948c000 r-xp 00000000 08:06 1706791    /usr/lib/i386-linux-gnu/libxcb-shm.so.0.0.0
6948c000-6948d000 r--p 00001000 08:06 1706791    /usr/lib/i386-linux-gnu/libxcb-shm.so.0.0.0
6948d000-6948e000 rw-p 00002000 08:06 1706791    /usr/lib/i386-linux-gnu/libxcb-shm.so.0.0.0
6948e000-694b5000 r-xp 00000000 08:06 262578     /lib/i386-linux-gnu/libpng12.so.0.49.0
694b5000-694b6000 r--p 00026000 08:06 262578     /lib/i386-linux-gnu/libpng12.so.0.49.0
694b6000-694b7000 rw-p 00027000 08:06 262578     /lib/i386-linux-gnu/libpng12.so.0.49.0
694b7000-6954b000 r-xp 00000000 08:06 1706571    /usr/lib/i386-linux-gnu/libpixman-1.so.0.28.2
6954b000-69550000 r--p 00093000 08:06 1706571    /usr/lib/i386-linux-gnu/libpixman-1.so.0.28.2
69550000-69551000 rw-p 00098000 08:06 1706571    /usr/lib/i386-linux-gnu/libpixman-1.so.0.28.2
69551000-69556000 r-xp 00000000 08:06 1705898    /usr/lib/i386-linux-gnu/libXdmcp.so.6.0.0
69556000-69557000 r--p 00004000 08:06 1705898    /usr/lib/i386-linux-gnu/libXdmcp.so.6.0.0
69557000-69558000 rw-p 00005000 08:06 1705898    /usr/lib/i386-linux-gnu/libXdmcp.so.6.0.0
69558000-6955a000 r-xp 00000000 08:06 1705887    /usr/lib/i386-linux-gnu/libXau.so.6.0.0
6955a000-6955b000 r--p 00001000 08:06 1705887    /usr/lib/i386-linux-gnu/libXau.so.6.0.0
6955b000-6955c000 rw-p 00002000 08:06 1705887    /usr/lib/i386-linux-gnu/libXau.so.6.0.0
6955c000-6956c000 r-xp 00000000 08:06 1705977    /usr/lib/i386-linux-gnu/libavahi-client.so.3.2.9
6956c000-6956d000 r--p 0000f000 08:06 1705977    /usr/lib/i386-linux-gnu/libavahi-client.so.3.2.9
6956d000-6956e000 rw-p 00010000 08:06 1705977    /usr/lib/i386-linux-gnu/libavahi-client.so.3.2.9
6956e000-6957a000 r-xp 00000000 08:06 1705979    /usr/lib/i386-linux-gnu/libavahi-common.so.3.5.3
6957a000-6957b000 r--p 0000b000 08:06 1705979    /usr/lib/i386-linux-gnu/libavahi-common.so.3.5.3
6957b000-6957c000 rw-p 0000c000 08:06 1705979    /usr/lib/i386-linux-gnu/libavahi-common.so.3.5.3
6957c000-6963c000 r-xp 00000000 08:06 1706251    /usr/lib/i386-linux-gnu/libgnutls.so.26.22.6
6963c000-69640000 r--p 000bf000 08:06 1706251    /usr/lib/i386-linux-gnu/libgnutls.so.26.22.6
69640000-69641000 rw-p 000c3000 08:06 1706251    /usr/lib/i386-linux-gnu/libgnutls.so.26.22.6
69641000-6967c000 r-xp 00000000 08:06 1706276    /usr/lib/i386-linux-gnu/libgssapi_krb5.so.2.2
6967c000-6967d000 r--p 0003a000 08:06 1706276    /usr/lib/i386-linux-gnu/libgssapi_krb5.so.2.2
6967d000-6967e000 rw-p 0003b000 08:06 1706276    /usr/lib/i386-linux-gnu/libgssapi_krb5.so.2.2
6967e000-696bd000 r-xp 00000000 08:06 262566     /lib/i386-linux-gnu/libpcre.so.3.13.1
696bd000-696be000 r--p 0003f000 08:06 262566     /lib/i386-linux-gnu/libpcre.so.3.13.1
696be000-696bf000 rw-p 00040000 08:06 262566     /lib/i386-linux-gnu/libpcre.so.3.13.1
696bf000-696c4000 r-xp 00000000 08:06 1706141    /usr/lib/i386-linux-gnu/libffi.so.6.0.1
696c4000-696c5000 r--p 00005000 08:06 1706141    /usr/lib/i386-linux-gnu/libffi.so.6.0.1
696c5000-696c6000 rw-p 00006000 08:06 1706141    /usr/lib/i386-linux-gnu/libffi.so.6.0.1
696c6000-696eb000 r-xp 00000000 08:06 262490     /lib/i386-linux-gnu/libexpat.so.1.6.0
696eb000-696ed000 r--p 00025000 08:06 262490     /lib/i386-linux-gnu/libexpat.so.1.6.0
696ed000-696ee000 rw-p 00027000 08:06 262490     /lib/i386-linux-gnu/libexpat.so.1.6.0
696ee000-69784000 r-xp 00000000 08:06 1706179    /usr/lib/i386-linux-gnu/libfreetype.so.6.10.0
69784000-69788000 r--p 00095000 08:06 1706179    /usr/lib/i386-linux-gnu/libfreetype.so.6.10.0
69788000-69789000 rw-p 00099000 08:06 1706179    /usr/lib/i386-linux-gnu/libfreetype.so.6.10.0
69789000-6979c000 r-xp 00000000 08:06 262589     /lib/i386-linux-gnu/libresolv-2.17.so
6979c000-6979d000 r--p 00013000 08:06 262589     /lib/i386-linux-gnu/libresolv-2.17.so
6979d000-6979e000 rw-p 00014000 08:06 262589     /lib/i386-linux-gnu/libresolv-2.17.so
6979e000-697a0000 rw-p 00000000 00:00 0 
697a0000-697bd000 r-xp 00000000 08:06 262593     /lib/i386-linux-gnu/libselinux.so.1
697bd000-697be000 r--p 0001c000 08:06 262593     /lib/i386-linux-gnu/libselinux.so.1
697be000-697bf000 rw-p 0001d000 08:06 262593     /lib/i386-linux-gnu/libselinux.so.1
697bf000-697c1000 r-xp 00000000 08:06 1705896    /usr/lib/i386-linux-gnu/libXdamage.so.1.1.0
697c1000-697c2000 r--p 00001000 08:06 1705896    /usr/lib/i386-linux-gnu/libXdamage.so.1.1.0
697c2000-697c3000 rw-p 00002000 08:06 1705896    /usr/lib/i386-linux-gnu/libXdamage.so.1.1.0
697c3000-697cc000 r-xp 00000000 08:06 1705894    /usr/lib/i386-linux-gnu/libXcursor.so.1.0.2
697cc000-697cd000 r--p 00008000 08:06 1705894    /usr/lib/i386-linux-gnu/libXcursor.so.1.0.2
697cd000-697ce000 rw-p 00009000 08:06 1705894    /usr/lib/i386-linux-gnu/libXcursor.so.1.0.2
697ce000-698e1000 r-xp 00000000 08:06 1706005    /usr/lib/i386-linux-gnu/libcairo.so.2.11200.14
698e1000-698e3000 r--p 00113000 08:06 1706005    /usr/lib/i386-linux-gnu/libcairo.so.2.11200.14
698e3000-698e4000 rw-p 00115000 08:06 1706005    /usr/lib/i386-linux-gnu/libcairo.so.2.11200.14
698e4000-698e5000 rw-p 00000000 00:00 0 
698e5000-69903000 r-xp 00000000 08:06 1705967    /usr/lib/i386-linux-gnu/libatk-1.0.so.0.20809.1
69903000-69905000 r--p 0001d000 08:06 1705967    /usr/lib/i386-linux-gnu/libatk-1.0.so.0.20809.1
69905000-69906000 rw-p 0001f000 08:06 1705967    /usr/lib/i386-linux-gnu/libatk-1.0.so.0.20809.1
69906000-69960000 r-xp 00000000 08:06 1706064    /usr/lib/i386-linux-gnu/libcups.so.2
69960000-69961000 ---p 0005a000 08:06 1706064    /usr/lib/i386-linux-gnu/libcups.so.2
69961000-69964000 r--p 0005a000 08:06 1706064    /usr/lib/i386-linux-gnu/libcups.so.2
69964000-69965000 rw-p 0005d000 08:06 1706064    /usr/lib/i386-linux-gnu/libcups.so.2
69965000-69a64000 r-xp 00000000 08:06 262499     /lib/i386-linux-gnu/libglib-2.0.so.0.3600.0
69a64000-69a65000 r--p 000fe000 08:06 262499     /lib/i386-linux-gnu/libglib-2.0.so.0.3600.0
69a65000-69a66000 rw-p 000ff000 08:06 262499     /lib/i386-linux-gnu/libglib-2.0.so.0.3600.0
69a66000-69ab4000 r-xp 00000000 08:06 1706257    /usr/lib/i386-linux-gnu/libgobject-2.0.so.0.3600.0
69ab4000-69ab5000 r--p 0004d000 08:06 1706257    /usr/lib/i386-linux-gnu/libgobject-2.0.so.0.3600.0
69ab5000-69ab6000 rw-p 0004e000 08:06 1706257    /usr/lib/i386-linux-gnu/libgobject-2.0.so.0.3600.0
69ab6000-69aed000 r-xp 00000000 08:06 1706167    /usr/lib/i386-linux-gnu/libfontconfig.so.1.6.2
69aed000-69aee000 r--p 00036000 08:06 1706167    /usr/lib/i386-linux-gnu/libfontconfig.so.1.6.2
69aee000-69aef000 rw-p 00037000 08:06 1706167    /usr/lib/i386-linux-gnu/libfontconfig.so.1.6.2
69aef000-69b38000 r-xp 00000000 08:06 1706549    /usr/lib/i386-linux-gnu/libpango-1.0.so.0.3200.5
69b38000-69b39000 r--p 00049000 08:06 1706549    /usr/lib/i386-linux-gnu/libpango-1.0.so.0.3200.5
69b39000-69b3a000 rw-p 0004a000 08:06 1706549    /usr/lib/i386-linux-gnu/libpango-1.0.so.0.3200.5
69b3a000-69c9a000 r-xp 00000000 08:06 1706227    /usr/lib/i386-linux-gnu/libgio-2.0.so.0.3600.0
69c9a000-69c9c000 r--p 00160000 08:06 1706227    /usr/lib/i386-linux-gnu/libgio-2.0.so.0.3600.0
69c9c000-69c9d000 rw-p 00162000 08:06 1706227    /usr/lib/i386-linux-gnu/libgio-2.0.so.0.3600.0
69c9d000-69c9e000 rw-p 00000000 00:00 0 
69c9e000-69d49000 r-xp 00000000 08:06 1706206    /usr/lib/i386-linux-gnu/libgdk-x11-2.0.so.0.2400.17
69d49000-69d4b000 r--p 000ab000 08:06 1706206    /usr/lib/i386-linux-gnu/libgdk-x11-2.0.so.0.2400.17
69d4b000-69d4c000 rw-p 000ad000 08:06 1706206    /usr/lib/i386-linux-gnu/libgdk-x11-2.0.so.0.2400.17
69d4c000-6a1ad000 r-xp 00000000 08:06 1706364    /usr/lib/i386-linux-gnu/libgtk-x11-2.0.so.0.2400.17
6a1ad000-6a1b1000 r--p 00461000 08:06 1706364    /usr/lib/i386-linux-gnu/libgtk-x11-2.0.so.0.2400.17
6a1b1000-6a1b3000 rw-p 00465000 08:06 1706364    /usr/lib/i386-linux-gnu/libgtk-x11-2.0.so.0.2400.17
6a1b3000-6a1b5000 rw-p 00000000 00:00 0 
6a1b5000-6a2e8000 r-xp 00000000 08:06 1706796    /usr/lib/i386-linux-gnu/libX11.so.6.3.0
6a2e8000-6a2e9000 r--p 00132000 08:06 1706796    /usr/lib/i386-linux-gnu/libX11.so.6.3.0
6a2e9000-6a2ec000 rw-p 00133000 08:06 1706796    /usr/lib/i386-linux-gnu/libX11.so.6.3.0
6a2ec000-6a33e000 r-xp 00000000 08:06 1708686    /usr/lib/jvm/java-7-openjdk-i386/jre/lib/i386/xawt/libmawt.so
6a33e000-6a33f000 r--p 00051000 08:06 1708686    /usr/lib/jvm/java-7-openjdk-i386/jre/lib/i386/xawt/libmawt.so
6a33f000-6a341000 rw-p 00052000 08:06 1708686    /usr/lib/jvm/java-7-openjdk-i386/jre/lib/i386/xawt/libmawt.so
6a341000-6a342000 rw-p 00000000 00:00 0 
6a342000-6a3d4000 r-xp 00000000 08:06 1708643    /usr/lib/jvm/java-7-openjdk-i386/jre/lib/i386/libawt.so
6a3d4000-6a3d5000 r--p 00091000 08:06 1708643    /usr/lib/jvm/java-7-openjdk-i386/jre/lib/i386/libawt.so
6a3d5000-6a3dc000 rw-p 00092000 08:06 1708643    /usr/lib/jvm/java-7-openjdk-i386/jre/lib/i386/libawt.so
6a3dc000-6a400000 rw-p 00000000 00:00 0 
6a400000-6a4f9000 rw-p 00000000 00:00 0 
6a4f9000-6a500000 ---p 00000000 00:00 0 
6a500000-6a509000 r-xp 00000000 08:06 1705918    /usr/lib/i386-linux-gnu/libXrandr.so.2.2.0
6a509000-6a50a000 r--p 00008000 08:06 1705918    /usr/lib/i386-linux-gnu/libXrandr.so.2.2.0
6a50a000-6a50b000 rw-p 00009000 08:06 1705918    /usr/lib/i386-linux-gnu/libXrandr.so.2.2.0
6a50b000-6a51d000 r-xp 00000000 08:06 1706553    /usr/lib/i386-linux-gnu/libpangoft2-1.0.so.0.3200.5
6a51d000-6a51e000 r--p 00011000 08:06 1706553    /usr/lib/i386-linux-gnu/libpangoft2-1.0.so.0.3200.5
6a51e000-6a51f000 rw-p 00012000 08:06 1706553    /usr/lib/i386-linux-gnu/libpangoft2-1.0.so.0.3200.5
6a51f000-6a52a000 r-xp 00000000 08:06 1706551    /usr/lib/i386-linux-gnu/libpangocairo-1.0.so.0.3200.5
6a52a000-6a52b000 r--p 0000a000 08:06 1706551    /usr/lib/i386-linux-gnu/libpangocairo-1.0.so.0.3200.5
6a52b000-6a52c000 rw-p 0000b000 08:06 1706551    /usr/lib/i386-linux-gnu/libpangocairo-1.0.so.0.3200.5
6a52c000-6a52d000 ---p 00000000 00:00 0 
6a52d000-6a5ad000 rw-p 00000000 00:00 0          [stack:30689]
6a5ad000-6a5b0000 ---p 00000000 00:00 0 
6a5b0000-6a5fe000 rw-p 00000000 00:00 0          [stack:30688]
6a5fe000-6a601000 ---p 00000000 00:00 0 
6a601000-6a67f000 rw-p 00000000 00:00 0          [stack:30687]
6a67f000-6a682000 ---p 00000000 00:00 0 
6a682000-6a700000 rw-p 00000000 00:00 0          [stack:30686]
6a700000-6a900000 r--p 00000000 08:06 1709808    /usr/lib/locale/locale-archive
6a900000-6aa00000 rw-p 00000000 00:00 0 
6aa00000-6aafc000 rw-p 00000000 00:00 0 
6aafc000-6ab00000 ---p 00000000 00:00 0 
6ab00000-6abfa000 rw-p 00000000 00:00 0 
6abfa000-6ac00000 ---p 00000000 00:00 0 
6ac00000-6ac01000 r--s 00000000 08:06 938724     /var/cache/fontconfig/423767150eb258c59035de29db6fca84-le32d4.cache-3
6ac01000-6ac03000 r-xp 00000000 08:06 1705892    /usr/lib/i386-linux-gnu/libXcomposite.so.1.0.0
6ac03000-6ac04000 r--p 00001000 08:06 1705892    /usr/lib/i386-linux-gnu/libXcomposite.so.1.0.0
6ac04000-6ac05000 rw-p 00002000 08:06 1705892    /usr/lib/i386-linux-gnu/libXcomposite.so.1.0.0
6ac05000-6ac0a000 r-xp 00000000 08:06 1705902    /usr/lib/i386-linux-gnu/libXfixes.so.3.1.0
6ac0a000-6ac0b000 r--p 00004000 08:06 1705902    /usr/lib/i386-linux-gnu/libXfixes.so.3.1.0
6ac0b000-6ac0c000 rw-p 00005000 08:06 1705902    /usr/lib/i386-linux-gnu/libXfixes.so.3.1.0
6ac0c000-6ac2c000 r-xp 00000000 08:06 1720908    /usr/lib/i386-linux-gnu/libxcb.so.1.1.0
6ac2c000-6ac2d000 r--p 0001f000 08:06 1720908    /usr/lib/i386-linux-gnu/libxcb.so.1.1.0
6ac2d000-6ac2e000 rw-p 00020000 08:06 1720908    /usr/lib/i386-linux-gnu/libxcb.so.1.1.0
6ac2e000-6ac31000 ---p 00000000 00:00 0 
6ac31000-6ac7f000 rw-p 00000000 00:00 0          [stack:30685]
6ac7f000-6ac80000 ---p 00000000 00:00 0 
6ac80000-6ad00000 rw-p 00000000 00:00 0          [stack:30682]
6ad00000-6adff000 rw-p 00000000 00:00 0 
6adff000-6ae00000 ---p 00000000 00:00 0 
6ae00000-6ae02000 r--s 00000000 08:06 936655     /var/cache/fontconfig/67709b7835c0f764c1135060c9575660-le32d4.cache-3
6ae02000-6ae22000 r-xp 00000000 08:06 1706208    /usr/lib/i386-linux-gnu/libgdk_pixbuf-2.0.so.0.2800.0
6ae22000-6ae23000 ---p 00020000 08:06 1706208    /usr/lib/i386-linux-gnu/libgdk_pixbuf-2.0.so.0.2800.0
6ae23000-6ae24000 r--p 00020000 08:06 1706208    /usr/lib/i386-linux-gnu/libgdk_pixbuf-2.0.so.0.2800.0
6ae24000-6ae25000 rw-p 00021000 08:06 1706208    /usr/lib/i386-linux-gnu/libgdk_pixbuf-2.0.so.0.2800.0
6ae25000-6ae33000 r-xp 00000000 08:06 1705906    /usr/lib/i386-linux-gnu/libXi.so.6.1.0
6ae33000-6ae34000 r--p 0000d000 08:06 1705906    /usr/lib/i386-linux-gnu/libXi.so.6.1.0
6ae34000-6ae35000 rw-p 0000e000 08:06 1705906    /usr/lib/i386-linux-gnu/libXi.so.6.1.0
6ae35000-6afe2000 r--s 01cde000 08:06 1708621    /usr/lib/jvm/java-7-openjdk-i386/jre/lib/rt.jar
6afe2000-6dd00000 rw-p 00000000 00:00 0 
6dd00000-6ddfa000 rw-p 00000000 00:00 0 
6ddfa000-6de00000 ---p 00000000 00:00 0 
6de00000-6de02000 r-xp 00000000 08:06 1705908    /usr/lib/i386-linux-gnu/libXinerama.so.1.0.0
6de02000-6de03000 r--p 00001000 08:06 1705908    /usr/lib/i386-linux-gnu/libXinerama.so.1.0.0
6de03000-6de04000 rw-p 00002000 08:06 1705908    /usr/lib/i386-linux-gnu/libXinerama.so.1.0.0
6de04000-6de09000 r-xp 00000000 08:06 1705926    /usr/lib/i386-linux-gnu/libXtst.so.6.1.0
6de09000-6de0a000 r--p 00004000 08:06 1705926    /usr/lib/i386-linux-gnu/libXtst.so.6.1.0
6de0a000-6de0b000 rw-p 00005000 08:06 1705926    /usr/lib/i386-linux-gnu/libXtst.so.6.1.0
6de0b000-6de13000 r-xp 00000000 08:06 1705920    /usr/lib/i386-linux-gnu/libXrender.so.1.3.0
6de13000-6de14000 r--p 00007000 08:06 1705920    /usr/lib/i386-linux-gnu/libXrender.so.1.3.0
6de14000-6de15000 rw-p 00008000 08:06 1705920    /usr/lib/i386-linux-gnu/libXrender.so.1.3.0
6de15000-6de16000 r--s 00000000 08:06 938723     /var/cache/fontconfig/406a1d2d2bf3ed7664fbadefac0b2f66-le32d4.cache-3
6de16000-6de2c000 r-xp 00000000 08:06 1708664    /usr/lib/jvm/java-7-openjdk-i386/jre/lib/i386/libnet.so
6de2c000-6de2d000 r--p 00015000 08:06 1708664    /usr/lib/jvm/java-7-openjdk-i386/jre/lib/i386/libnet.so
6de2d000-6de2e000 rw-p 00016000 08:06 1708664    /usr/lib/jvm/java-7-openjdk-i386/jre/lib/i386/libnet.so
6de2e000-6de31000 ---p 00000000 00:00 0 
6de31000-6de7f000 rw-p 00000000 00:00 0          [stack:30684]
6de7f000-6de80000 ---p 00000000 00:00 0 
6de80000-6df00000 rw-p 00000000 00:00 0          [stack:30681]
6df00000-6df21000 rw-p 00000000 00:00 0 
6df21000-6e000000 ---p 00000000 00:00 0 
6e000000-6e001000 r--s 00000000 08:06 936109     /var/cache/fontconfig/0c9eb80ebd1c36541ebe2852d3bb0c49-le32d4.cache-3
6e001000-6e004000 r-xp 00000000 08:06 1706237    /usr/lib/i386-linux-gnu/libgmodule-2.0.so.0.3600.0
6e004000-6e005000 r--p 00002000 08:06 1706237    /usr/lib/i386-linux-gnu/libgmodule-2.0.so.0.3600.0
6e005000-6e006000 rw-p 00003000 08:06 1706237    /usr/lib/i386-linux-gnu/libgmodule-2.0.so.0.3600.0
6e006000-6e016000 r-xp 00000000 08:06 1705900    /usr/lib/i386-linux-gnu/libXext.so.6.4.0
6e016000-6e017000 r--p 0000f000 08:06 1705900    /usr/lib/i386-linux-gnu/libXext.so.6.4.0
6e017000-6e018000 rw-p 00010000 08:06 1705900    /usr/lib/i386-linux-gnu/libXext.so.6.4.0
6e018000-6e023000 r--s 001fb000 08:06 1708529    /usr/lib/jvm/java-7-openjdk-common/jre/lib/charsets.jar
6e023000-6e02e000 r--s 001fb000 08:06 1708529    /usr/lib/jvm/java-7-openjdk-common/jre/lib/charsets.jar
6e02e000-6e031000 ---p 00000000 00:00 0 
6e031000-6e07f000 rw-p 00000000 00:00 0          [stack:30683]
6e07f000-6e080000 ---p 00000000 00:00 0 
6e080000-6e100000 rw-p 00000000 00:00 0          [stack:30680]
6e100000-6e121000 rw-p 00000000 00:00 0 
6e121000-6e200000 ---p 00000000 00:00 0 
6e200000-6e209000 r--s 000bc000 08:06 1708538    /usr/lib/jvm/java-7-openjdk-common/jre/lib/resources.jar
6e209000-6e210000 r--s 00094000 08:06 1784822    /home/gene/netbeans-7.3.1/java/modules/ext/beansbinding-1.2.1.jar
6e210000-6e21f000 r--s 000d3000 08:06 1786959    /home/gene/Downloads/jaudiotagger-2.2.0-20130321.142353-1.jar
6e21f000-6e237000 r--s 001b9000 08:06 1779640    /home/gene/lab/music/playmp3/jmf.jar
6e237000-6e27f000 rw-p 00000000 00:00 0 
6e27f000-6e280000 ---p 00000000 00:00 0 
6e280000-6e300000 rw-p 00000000 00:00 0          [stack:30679]
6e300000-6e321000 rw-p 00000000 00:00 0 
6e321000-6e400000 ---p 00000000 00:00 0 
6e400000-6e401000 r--s 00000000 08:06 936124     /var/cache/fontconfig/62f91419b9ebdb6975e7e41ab6412357-le32d4.cache-3
6e401000-6e402000 r-xp 00000000 08:06 1706360    /usr/lib/i386-linux-gnu/libgthread-2.0.so.0.3600.0
6e402000-6e403000 r--p 00000000 08:06 1706360    /usr/lib/i386-linux-gnu/libgthread-2.0.so.0.3600.0
6e403000-6e404000 rw-p 00001000 08:06 1706360    /usr/lib/i386-linux-gnu/libgthread-2.0.so.0.3600.0
6e404000-6e405000 ---p 00000000 00:00 0 
6e405000-6e48d000 rw-p 00000000 00:00 0          [stack:30678]
6e48d000-6e4c5000 rw-p 00000000 00:00 0 
6e4c5000-6e4da000 rw-p 00000000 00:00 0 
6e4da000-6e609000 rw-p 00000000 00:00 0 
6e609000-6e611000 rw-p 00000000 00:00 0 
6e611000-6e649000 rw-p 00000000 00:00 0 
6e649000-6e65e000 rw-p 00000000 00:00 0 
6e65e000-6e78d000 rw-p 00000000 00:00 0 
6e78d000-6e79f000 rw-p 00000000 00:00 0 
6e79f000-6e82f000 rw-p 00000000 00:00 0 
6e82f000-6f830000 rw-p 00000000 00:00 0 
6f830000-76830000 rw-p 00000000 00:00 0 
76830000-790b0000 rw-p 00000000 00:00 0 
790b0000-9f030000 rw-p 00000000 00:00 0 
9f030000-a1390000 rw-p 00000000 00:00 0 
a1390000-b3430000 rw-p 00000000 00:00 0 
b3430000-b3433000 r--s 00027000 08:06 1798650    /home/gene/Downloads/rs2xml.jar
b3433000-b343c000 rw-p 00000000 00:00 0 
b343c000-b34f3000 rw-p 00000000 00:00 0 
b34f3000-b3733000 rwxp 00000000 00:00 0 
b3733000-b64f3000 rw-p 00000000 00:00 0 
b64f3000-b64fe000 r-xp 00000000 08:06 262543     /lib/i386-linux-gnu/libnss_files-2.17.so
b64fe000-b64ff000 r--p 0000a000 08:06 262543     /lib/i386-linux-gnu/libnss_files-2.17.so
b64ff000-b6500000 rw-p 0000b000 08:06 262543     /lib/i386-linux-gnu/libnss_files-2.17.so
b6500000-b65fc000 rw-p 00000000 00:00 0 
b65fc000-b6600000 ---p 00000000 00:00 0 
b6600000-b6601000 r--s 00000000 08:06 938994     /var/cache/fontconfig/e0aa53bcfa504e64f87823c16bc01eb6-le32d4.cache-3
b6601000-b6603000 r--s 00380000 08:06 1795454    /home/gene/Downloads/sqlite-jdbc-3.7.15-M1.jar
b6603000-b6605000 r--s 00006000 08:06 137009     /usr/share/java/java-atk-wrapper.jar
b6605000-b6608000 r--s 0000f000 08:06 1708547    /usr/lib/jvm/java-7-openjdk-common/jre/lib/ext/pulse-java.jar
b6608000-b6612000 r-xp 00000000 08:06 262548     /lib/i386-linux-gnu/libnss_nis-2.17.so
b6612000-b6613000 r--p 00009000 08:06 262548     /lib/i386-linux-gnu/libnss_nis-2.17.so
b6613000-b6614000 rw-p 0000a000 08:06 262548     /lib/i386-linux-gnu/libnss_nis-2.17.so
b6614000-b6629000 r-xp 00000000 08:06 262537     /lib/i386-linux-gnu/libnsl-2.17.so
b6629000-b662a000 r--p 00014000 08:06 262537     /lib/i386-linux-gnu/libnsl-2.17.so
b662a000-b662b000 rw-p 00015000 08:06 262537     /lib/i386-linux-gnu/libnsl-2.17.so
b662b000-b662d000 rw-p 00000000 00:00 0 
b662d000-b6634000 r-xp 00000000 08:06 262539     /lib/i386-linux-gnu/libnss_compat-2.17.so
b6634000-b6635000 r--p 00006000 08:06 262539     /lib/i386-linux-gnu/libnss_compat-2.17.so
b6635000-b6636000 rw-p 00007000 08:06 262539     /lib/i386-linux-gnu/libnss_compat-2.17.so
b6636000-b6637000 r--s 00014000 08:06 1795668    /home/gene/lab/music/playmp3/mp3plugin.jar
b6637000-b6638000 r--s 00002000 08:06 1708545    /usr/lib/jvm/java-7-openjdk-common/jre/lib/ext/dnsns.jar
b6638000-b663c000 r--s 00085000 08:06 1708546    /usr/lib/jvm/java-7-openjdk-common/jre/lib/ext/localedata.jar
b663c000-b663e000 r--s 00012000 08:06 1708550    /usr/lib/jvm/java-7-openjdk-common/jre/lib/ext/zipfs.jar
b663e000-b6641000 r--s 00032000 08:06 1708548    /usr/lib/jvm/java-7-openjdk-common/jre/lib/ext/sunjce_provider.jar
b6641000-b6644000 r--s 0003c000 08:06 1708549    /usr/lib/jvm/java-7-openjdk-common/jre/lib/ext/sunpkcs11.jar
b6644000-b6645000 r--p 005db000 08:06 1709808    /usr/lib/locale/locale-archive
b6645000-b664d000 r-xp 00000000 08:06 1708674    /usr/lib/jvm/java-7-openjdk-i386/jre/lib/i386/libzip.so
b664d000-b664e000 r--p 00007000 08:06 1708674    /usr/lib/jvm/java-7-openjdk-i386/jre/lib/i386/libzip.so
b664e000-b664f000 rw-p 00008000 08:06 1708674    /usr/lib/jvm/java-7-openjdk-i386/jre/lib/i386/libzip.so
b664f000-b6676000 r-xp 00000000 08:06 1708652    /usr/lib/jvm/java-7-openjdk-i386/jre/lib/i386/libjava.so
b6676000-b6677000 r--p 00026000 08:06 1708652    /usr/lib/jvm/java-7-openjdk-i386/jre/lib/i386/libjava.so
b6677000-b6678000 rw-p 00027000 08:06 1708652    /usr/lib/jvm/java-7-openjdk-i386/jre/lib/i386/libjava.so
b6678000-b667f000 r-xp 00000000 08:06 262591     /lib/i386-linux-gnu/librt-2.17.so
b667f000-b6680000 r--p 00006000 08:06 262591     /lib/i386-linux-gnu/librt-2.17.so
b6680000-b6681000 rw-p 00007000 08:06 262591     /lib/i386-linux-gnu/librt-2.17.so
b6681000-b6684000 ---p 00000000 00:00 0 
b6684000-b66d2000 rw-p 00000000 00:00 0          [stack:30677]
b66d2000-b66ed000 r-xp 00000000 08:06 262495     /lib/i386-linux-gnu/libgcc_s.so.1
b66ed000-b66ee000 r--p 0001a000 08:06 262495     /lib/i386-linux-gnu/libgcc_s.so.1
b66ee000-b66ef000 rw-p 0001b000 08:06 262495     /lib/i386-linux-gnu/libgcc_s.so.1
b66ef000-b6730000 r-xp 00000000 08:06 262518     /lib/i386-linux-gnu/libm-2.17.so
b6730000-b6731000 r--p 00040000 08:06 262518     /lib/i386-linux-gnu/libm-2.17.so
b6731000-b6732000 rw-p 00041000 08:06 262518     /lib/i386-linux-gnu/libm-2.17.so
b6732000-b680e000 r-xp 00000000 08:06 1706691    /usr/lib/i386-linux-gnu/libstdc++.so.6.0.17
b680e000-b680f000 ---p 000dc000 08:06 1706691    /usr/lib/i386-linux-gnu/libstdc++.so.6.0.17
b680f000-b6813000 r--p 000dc000 08:06 1706691    /usr/lib/i386-linux-gnu/libstdc++.so.6.0.17
b6813000-b6814000 rw-p 000e0000 08:06 1706691    /usr/lib/i386-linux-gnu/libstdc++.so.6.0.17
b6814000-b681b000 rw-p 00000000 00:00 0 
b681b000-b7110000 r-xp 00000000 08:06 1708685    /usr/lib/jvm/java-7-openjdk-i386/jre/lib/i386/server/libjvm.so
b7110000-b7157000 r--p 008f4000 08:06 1708685    /usr/lib/jvm/java-7-openjdk-i386/jre/lib/i386/server/libjvm.so
b7157000-b716b000 rw-p 0093b000 08:06 1708685    /usr/lib/jvm/java-7-openjdk-i386/jre/lib/i386/server/libjvm.so
b716b000-b7589000 rw-p 00000000 00:00 0 
b7589000-b75a0000 r-xp 00000000 08:06 262624     /lib/i386-linux-gnu/libz.so.1.2.7
b75a0000-b75a1000 r--p 00016000 08:06 262624     /lib/i386-linux-gnu/libz.so.1.2.7
b75a1000-b75a2000 rw-p 00017000 08:06 262624     /lib/i386-linux-gnu/libz.so.1.2.7
b75a2000-b75b9000 r-xp 00000000 08:06 262583     /lib/i386-linux-gnu/libpthread-2.17.so
b75b9000-b75ba000 r--p 00016000 08:06 262583     /lib/i386-linux-gnu/libpthread-2.17.so
b75ba000-b75bb000 rw-p 00017000 08:06 262583     /lib/i386-linux-gnu/libpthread-2.17.so
b75bb000-b75bd000 rw-p 00000000 00:00 0 
b75bd000-b75c0000 r-xp 00000000 08:06 262485     /lib/i386-linux-gnu/libdl-2.17.so
b75c0000-b75c1000 r--p 00002000 08:06 262485     /lib/i386-linux-gnu/libdl-2.17.so
b75c1000-b75c2000 rw-p 00003000 08:06 262485     /lib/i386-linux-gnu/libdl-2.17.so
b75c2000-b776f000 r-xp 00000000 08:06 262470     /lib/i386-linux-gnu/libc-2.17.so
b776f000-b7771000 r--p 001ad000 08:06 262470     /lib/i386-linux-gnu/libc-2.17.so
b7771000-b7772000 rw-p 001af000 08:06 262470     /lib/i386-linux-gnu/libc-2.17.so
b7772000-b7775000 rw-p 00000000 00:00 0 
b7775000-b777d000 rw-s 00000000 08:06 1439045    /tmp/hsperfdata_gene/30672
b777d000-b777e000 rw-p 00000000 00:00 0 
b777e000-b777f000 r--p 00000000 00:00 0 
b777f000-b778c000 r-xp 00000000 08:06 1708673    /usr/lib/jvm/java-7-openjdk-i386/jre/lib/i386/libverify.so
b778c000-b778d000 r--p 0000d000 08:06 1708673    /usr/lib/jvm/java-7-openjdk-i386/jre/lib/i386/libverify.so
b778d000-b778e000 rw-p 0000e000 08:06 1708673    /usr/lib/jvm/java-7-openjdk-i386/jre/lib/i386/libverify.so
b778e000-b779b000 r-xp 00000000 08:06 1708681    /usr/lib/jvm/java-7-openjdk-i386/jre/lib/i386/jli/libjli.so
b779b000-b779c000 r--p 0000c000 08:06 1708681    /usr/lib/jvm/java-7-openjdk-i386/jre/lib/i386/jli/libjli.so
b779c000-b779d000 rw-p 0000d000 08:06 1708681    /usr/lib/jvm/java-7-openjdk-i386/jre/lib/i386/jli/libjli.so
b779d000-b77a0000 rw-p 00000000 00:00 0 
b77a0000-b77a1000 r-xp 00000000 00:00 0          [vdso]
b77a1000-b77c1000 r-xp 00000000 08:06 262446     /lib/i386-linux-gnu/ld-2.17.so
b77c1000-b77c2000 r--p 0001f000 08:06 262446     /lib/i386-linux-gnu/ld-2.17.so
b77c2000-b77c3000 rw-p 00020000 08:06 262446     /lib/i386-linux-gnu/ld-2.17.so
bfd4f000-bfd70000 rw-p 00000000 00:00 0          [stack]

VM Arguments:
jvm_args: -Dfile.encoding=UTF-8 
java_command: musicplayer.Musicplayer
Launcher Type: SUN_STANDARD

Environment Variables:
PATH=/usr/local/sbin:/usr/local/bin:/usr/sbin:/usr/bin:/sbin:/bin:/usr/games:/usr/local/games
USERNAME=gene
LD_LIBRARY_PATH=/usr/lib/jvm/default-java/jre/lib/amd64:/usr/lib/jvm/default-java/jre/lib/i386:
SHELL=/bin/bash
DISPLAY=:1

Signal Handlers:
SIGSEGV: [libjvm.so+0x7598c0], sa_mask[0]=0x7ffbfeff, sa_flags=0x10000004
SIGBUS: [libjvm.so+0x7598c0], sa_mask[0]=0x7ffbfeff, sa_flags=0x10000004
SIGFPE: [libjvm.so+0x5f54f0], sa_mask[0]=0x7ffbfeff, sa_flags=0x10000004
SIGPIPE: [libjvm.so+0x5f54f0], sa_mask[0]=0x7ffbfeff, sa_flags=0x10000004
SIGXFSZ: [libjvm.so+0x5f54f0], sa_mask[0]=0x7ffbfeff, sa_flags=0x10000004
SIGILL: [libjvm.so+0x5f54f0], sa_mask[0]=0x7ffbfeff, sa_flags=0x10000004
SIGUSR1: SIG_DFL, sa_mask[0]=0x00000000, sa_flags=0x00000000
SIGUSR2: [libjvm.so+0x5f53a0], sa_mask[0]=0x00000004, sa_flags=0x10000004
SIGHUP: [libjvm.so+0x5f5930], sa_mask[0]=0x7ffbfeff, sa_flags=0x10000004
SIGINT: SIG_IGN, sa_mask[0]=0x00000000, sa_flags=0x00000000
SIGTERM: [libjvm.so+0x5f5930], sa_mask[0]=0x7ffbfeff, sa_flags=0x10000004
SIGQUIT: [libjvm.so+0x5f5930], sa_mask[0]=0x7ffbfeff, sa_flags=0x10000004


---------------  S Y S T E M  ---------------

OS:Ubuntu 13.04 (raring)
uname:Linux 3.8.0-19-generic #29-Ubuntu SMP Wed Apr 17 18:19:42 UTC 2013 i686
libc:glibc 2.17 NPTL 2.17 
rlimit: STACK 8192k, CORE 0k, NPROC 30928, NOFILE 4096, AS infinity
load average:1.42 1.34 0.91

/proc/meminfo:
MemTotal:        3975340 kB
MemFree:          376268 kB
Buffers:          714024 kB
Cached:          2012884 kB
SwapCached:            0 kB
Active:          1125108 kB
Inactive:        2380252 kB
Active(anon):     440868 kB
Inactive(anon):   483324 kB
Active(file):     684240 kB
Inactive(file):  1896928 kB
Unevictable:           0 kB
Mlocked:               0 kB
HighTotal:       3125056 kB
HighFree:         315360 kB
LowTotal:         850284 kB
LowFree:           60908 kB
SwapTotal:       2047996 kB
SwapFree:        2047996 kB
Dirty:               208 kB
Writeback:             0 kB
AnonPages:        778528 kB
Mapped:           148844 kB
Shmem:            145740 kB
Slab:              56176 kB
SReclaimable:      34480 kB
SUnreclaim:        21696 kB
KernelStack:        3528 kB
PageTables:         7740 kB
NFS_Unstable:          0 kB
Bounce:                0 kB
WritebackTmp:          0 kB
CommitLimit:     4035664 kB
Committed_AS:    2746940 kB
VmallocTotal:     122880 kB
VmallocUsed:       19540 kB
VmallocChunk:     102604 kB
HardwareCorrupted:     0 kB
AnonHugePages:         0 kB
HugePages_Total:       0
HugePages_Free:        0
HugePages_Rsvd:        0
HugePages_Surp:        0
Hugepagesize:       2048 kB
DirectMap4k:       10232 kB
DirectMap2M:      903168 kB


CPU:total 4 (2 cores per cpu, 2 threads per core) family 6 model 42 stepping 7, cmov, cx8, fxsr, mmx, sse, sse2, sse3, ssse3, sse4.1, sse4.2, popcnt, avx, ht, tsc, tscinvbit

/proc/cpuinfo:
processor	: 0
vendor_id	: GenuineIntel
cpu family	: 6
model		: 42
model name	: Intel(R) Core(TM) i3-2370M CPU @ 2.40GHz
stepping	: 7
microcode	: 0x25
cpu MHz		: 2400.000
cache size	: 3072 KB
physical id	: 0
siblings	: 4
core id		: 0
cpu cores	: 2
apicid		: 0
initial apicid	: 0
fdiv_bug	: no
hlt_bug		: no
f00f_bug	: no
coma_bug	: no
fpu		: yes
fpu_exception	: yes
cpuid level	: 13
wp		: yes
flags		: fpu vme de pse tsc msr pae mce cx8 apic sep mtrr pge mca cmov pat pse36 clflush dts acpi mmx fxsr sse sse2 ss ht tm pbe nx rdtscp lm constant_tsc arch_perfmon pebs bts xtopology nonstop_tsc aperfmperf eagerfpu pni pclmulqdq dtes64 monitor ds_cpl vmx est tm2 ssse3 cx16 xtpr pdcm pcid sse4_1 sse4_2 x2apic popcnt tsc_deadline_timer xsave avx lahf_lm arat epb xsaveopt pln pts dtherm tpr_shadow vnmi flexpriority ept vpid
bogomips	: 4789.07
clflush size	: 64
cache_alignment	: 64
address sizes	: 36 bits physical, 48 bits virtual
power management:

processor	: 1
vendor_id	: GenuineIntel
cpu family	: 6
model		: 42
model name	: Intel(R) Core(TM) i3-2370M CPU @ 2.40GHz
stepping	: 7
microcode	: 0x25
cpu MHz		: 2400.000
cache size	: 3072 KB
physical id	: 0
siblings	: 4
core id		: 0
cpu cores	: 2
apicid		: 1
initial apicid	: 1
fdiv_bug	: no
hlt_bug		: no
f00f_bug	: no
coma_bug	: no
fpu		: yes
fpu_exception	: yes
cpuid level	: 13
wp		: yes
flags		: fpu vme de pse tsc msr pae mce cx8 apic sep mtrr pge mca cmov pat pse36 clflush dts acpi mmx fxsr sse sse2 ss ht tm pbe nx rdtscp lm constant_tsc arch_perfmon pebs bts xtopology nonstop_tsc aperfmperf eagerfpu pni pclmulqdq dtes64 monitor ds_cpl vmx est tm2 ssse3 cx16 xtpr pdcm pcid sse4_1 sse4_2 x2apic popcnt tsc_deadline_timer xsave avx lahf_lm arat epb xsaveopt pln pts dtherm tpr_shadow vnmi flexpriority ept vpid
bogomips	: 4789.07
clflush size	: 64
cache_alignment	: 64
address sizes	: 36 bits physical, 48 bits virtual
power management:

processor	: 2
vendor_id	: GenuineIntel
cpu family	: 6
model		: 42
model name	: Intel(R) Core(TM) i3-2370M CPU @ 2.40GHz
stepping	: 7
microcode	: 0x25
cpu MHz		: 800.000
cache size	: 3072 KB
physical id	: 0
siblings	: 4
core id		: 1
cpu cores	: 2
apicid		: 2
initial apicid	: 2
fdiv_bug	: no
hlt_bug		: no
f00f_bug	: no
coma_bug	: no
fpu		: yes
fpu_exception	: yes
cpuid level	: 13
wp		: yes
flags		: fpu vme de pse tsc msr pae mce cx8 apic sep mtrr pge mca cmov pat pse36 clflush dts acpi mmx fxsr sse sse2 ss ht tm pbe nx rdtscp lm constant_tsc arch_perfmon pebs bts xtopology nonstop_tsc aperfmperf eagerfpu pni pclmulqdq dtes64 monitor ds_cpl vmx est tm2 ssse3 cx16 xtpr pdcm pcid sse4_1 sse4_2 x2apic popcnt tsc_deadline_timer xsave avx lahf_lm arat epb xsaveopt pln pts dtherm tpr_shadow vnmi flexpriority ept vpid
bogomips	: 4789.07
clflush size	: 64
cache_alignment	: 64
address sizes	: 36 bits physical, 48 bits virtual
power management:

processor	: 3
vendor_id	: GenuineIntel
cpu family	: 6
model		: 42
model name	: Intel(R) Core(TM) i3-2370M CPU @ 2.40GHz
stepping	: 7
microcode	: 0x25
cpu MHz		: 800.000
cache size	: 3072 KB
physical id	: 0
siblings	: 4
core id		: 1
cpu cores	: 2
apicid		: 3
initial apicid	: 3
fdiv_bug	: no
hlt_bug		: no
f00f_bug	: no
coma_bug	: no
fpu		: yes
fpu_exception	: yes
cpuid level	: 13
wp		: yes
flags		: fpu vme de pse tsc msr pae mce cx8 apic sep mtrr pge mca cmov pat pse36 clflush dts acpi mmx fxsr sse sse2 ss ht tm pbe nx rdtscp lm constant_tsc arch_perfmon pebs bts xtopology nonstop_tsc aperfmperf eagerfpu pni pclmulqdq dtes64 monitor ds_cpl vmx est tm2 ssse3 cx16 xtpr pdcm pcid sse4_1 sse4_2 x2apic popcnt tsc_deadline_timer xsave avx lahf_lm arat epb xsaveopt pln pts dtherm tpr_shadow vnmi flexpriority ept vpid
bogomips	: 4789.07
clflush size	: 64
cache_alignment	: 64
address sizes	: 36 bits physical, 48 bits virtual
power management:



Memory: 4k page, physical 3975340k(376268k free), swap 2047996k(2047996k free)

vm_info: OpenJDK Server VM (23.7-b01) for linux-x86 JRE (1.7.0_21-b02), built on Apr 22 2013 07:41:32 by "buildd" with gcc 4.7.3

time: Sun Oct 27 20:51:51 2013
elapsed time: 1 seconds

