#
# A fatal error has been detected by the Java Runtime Environment:
#
#  SIGSEGV (0xb) at pc=0x6765f02a, pid=9174, tid=1711139648
#
# JRE version: 7.0_21-b02
# Java VM: OpenJDK Server VM (23.7-b01 mixed mode linux-x86 )
# Problematic frame:
# C  0x6765f02a
#
# Failed to write core dump. Core dumps have been disabled. To enable core dumping, try "ulimit -c unlimited" before starting Java again
#
# If you would like to submit a bug report, please include
# instructions on how to reproduce the bug and visit:
#   https://bugs.launchpad.net/ubuntu/+source/openjdk-7/
#

---------------  T H R E A D  ---------------

Current thread is native thread

siginfo:si_signo=SIGSEGV: si_errno=0, si_code=1 (SEGV_MAPERR), si_addr=0xcbfbca80

Registers:
EAX=0x000000d1, EBX=0x66aaa000, ECX=0x65fddf40, EDX=0x00000000
ESP=0x65fddecc, EBP=0x00000000, ESI=0x6a404418, EDI=0x00000000
EIP=0x6765f02a, EFLAGS=0x00210286, CR2=0xcbfbca80

Top of Stack: (sp=0x65fddecc)
0x65fddecc:   66a9ac3e 65fddf40 00000000 b6500018
0x65fddedc:   b7572cdf 00000010 63d1d804 00000008
0x65fddeec:   00000002 00000001 b768e8e2 6e000b38
0x65fddefc:   b7573c09 6e000ab8 6e000ad0 6a404418
0x65fddf0c:   b7739000 b7739000 000003e8 130e100f
0x65fddf1c:   66aaa000 66a9c040 6a43cfe0 6e000a38
0x65fddf2c:   66a9c0a3 6e000aa8 65fddf40 000003e8
0x65fddf3c:   00000000 00000002 6e000a38 0004e0c8 

Instructions: (pc=0x6765f02a)
0x6765f00a:   f0 65 67 e9 1a c5 ff 01 00 00 ac b7 b3 64 f1 8e
0x6765f01a:   6f 66 a0 b7 b3 64 00 00 00 00 21 00 00 00 04 d1
0x6765f02a:   65 69 04 d1 65 69 ff 01 00 00 74 db 93 66 f1 8e
0x6765f03a:   6f 66 68 db 93 66 20 00 00 00 22 00 00 00 b8 48 

Register to memory mapping:

EAX=0x000000d1 is an unknown value
EBX=0x66aaa000: <offset 0x1b000> in /usr/lib/libvlc.so.5.3.2 at 0x66a8f000
ECX=0x65fddf40 is an unknown value
EDX=0x00000000 is an unknown value
ESP=0x65fddecc is an unknown value
EBP=0x00000000 is an unknown value
ESI=0x6a404418 is an unknown value
EDI=0x00000000 is an unknown value


Stack: [0x65f5e000,0x65fdf000],  sp=0x65fddecc,  free space=511k
Native frames: (J=compiled Java code, j=interpreted, Vv=VM code, C=native code)
C  0x6765f02a

[error occurred during error reporting (printing native stack), id 0xb]


---------------  P R O C E S S  ---------------

VM state:not at safepoint (normal execution)

VM Mutex/Monitor currently owned by a thread: None

Heap
 PSYoungGen      total 17728K, used 4099K [0x9f000000, 0xa0b10000, 0xb3400000)
  eden space 15168K, 10% used [0x9f000000,0x9f180e30,0x9fed0000)
  from space 2560K, 99% used [0x9ff30000,0xa01aff30,0xa01b0000)
  to   space 6272K, 0% used [0xa04f0000,0xa04f0000,0xa0b10000)
 ParOldGen       total 41472K, used 5495K [0x76800000, 0x79080000, 0x9f000000)
  object space 41472K, 13% used [0x76800000,0x76d5dd40,0x79080000)
 PSPermGen       total 16384K, used 14949K [0x6e800000, 0x6f800000, 0x76800000)
  object space 16384K, 91% used [0x6e800000,0x6f6995f0,0x6f800000)

Card table byte_map: [0x6e5d9000,0x6e800000] byte_map_base: 0x6e265000

Polling page: 0xb7746000

Code Cache  [0xb34c1000, 0xb3701000, 0xb64c1000)
 total_blobs=645 nmethods=374 adapters=223 free_code_cache=48097Kb largest_free_block=49222144

Compilation events (10 events):
Event: 17.980 Thread 0x6adfe800  399             javax.swing.plaf.ComponentUI::contains (7 bytes)
Event: 17.982 Thread 0x6adfe800 nmethod 399 0xb35c78c8 code [0xb35c79c0, 0xb35c7a30]
Event: 18.299 Thread 0x6adfc800  400             com.sun.jna.Native::getNativeSize (551 bytes)
Event: 18.320 Thread 0x6adfc800 nmethod 400 0xb35ce648 code [0xb35ce8a0, 0xb35cf40c]
Event: 18.573 Thread 0x6adfe800  401             sun.misc.VM::addFinalRefCount (24 bytes)
Event: 18.574 Thread 0x6adfe800 nmethod 401 0xb35c7708 code [0xb35c7800, 0xb35c7870]
Event: 18.576 Thread 0x6adfe800  402             com.sun.jna.Structure$2$StructureSet::indexOf (78 bytes)
Event: 18.578 Thread 0x6adfc800  403             java.util.regex.Matcher::reset (83 bytes)
Event: 18.578 Thread 0x6adfe800 nmethod 402 0xb35ccb08 code [0xb35ccc00, 0xb35ccd10]
Event: 18.580 Thread 0x6adfc800 nmethod 403 0xb35cc7c8 code [0xb35cc8c0, 0xb35cc9f0]

GC Heap History (10 events):
Event: 1.341 GC heap before
{Heap before GC invocations=1 (full 0):
 PSYoungGen      total 18112K, used 15552K [0x9f000000, 0xa0430000, 0xb3400000)
  eden space 15552K, 100% used [0x9f000000,0x9ff30000,0x9ff30000)
  from space 2560K, 0% used [0xa01b0000,0xa01b0000,0xa0430000)
  to   space 2560K, 0% used [0x9ff30000,0x9ff30000,0xa01b0000)
 ParOldGen       total 41472K, used 0K [0x76800000, 0x79080000, 0x9f000000)
  object space 41472K, 0% used [0x76800000,0x76800000,0x79080000)
 PSPermGen       total 16384K, used 11903K [0x6e800000, 0x6f800000, 0x76800000)
  object space 16384K, 72% used [0x6e800000,0x6f39fd50,0x6f800000)
Event: 1.351 GC heap after
Heap after GC invocations=1 (full 0):
 PSYoungGen      total 18112K, used 2549K [0x9f000000, 0xa0430000, 0xb3400000)
  eden space 15552K, 0% used [0x9f000000,0x9f000000,0x9ff30000)
  from space 2560K, 99% used [0x9ff30000,0xa01ad5c0,0xa01b0000)
  to   space 2560K, 0% used [0xa01b0000,0xa01b0000,0xa0430000)
 ParOldGen       total 41472K, used 1313K [0x76800000, 0x79080000, 0x9f000000)
  object space 41472K, 3% used [0x76800000,0x76948648,0x79080000)
 PSPermGen       total 16384K, used 11903K [0x6e800000, 0x6f800000, 0x76800000)
  object space 16384K, 72% used [0x6e800000,0x6f39fd50,0x6f800000)
}
Event: 2.308 GC heap before
{Heap before GC invocations=2 (full 0):
 PSYoungGen      total 18112K, used 18101K [0x9f000000, 0xa0430000, 0xb3400000)
  eden space 15552K, 100% used [0x9f000000,0x9ff30000,0x9ff30000)
  from space 2560K, 99% used [0x9ff30000,0xa01ad5c0,0xa01b0000)
  to   space 2560K, 0% used [0xa01b0000,0xa01b0000,0xa0430000)
 ParOldGen       total 41472K, used 1313K [0x76800000, 0x79080000, 0x9f000000)
  object space 41472K, 3% used [0x76800000,0x76948648,0x79080000)
 PSPermGen       total 16384K, used 14365K [0x6e800000, 0x6f800000, 0x76800000)
  object space 16384K, 87% used [0x6e800000,0x6f607560,0x6f800000)
Event: 2.322 GC heap after
Heap after GC invocations=2 (full 0):
 PSYoungGen      total 18112K, used 2559K [0x9f000000, 0xa1360000, 0xb3400000)
  eden space 15552K, 0% used [0x9f000000,0x9f000000,0x9ff30000)
  from space 2560K, 99% used [0xa01b0000,0xa042fee0,0xa0430000)
  to   space 2560K, 0% used [0x9ff30000,0x9ff30000,0xa01b0000)
 ParOldGen       total 41472K, used 4598K [0x76800000, 0x79080000, 0x9f000000)
  object space 41472K, 11% used [0x76800000,0x76c7d958,0x79080000)
 PSPermGen       total 16384K, used 14365K [0x6e800000, 0x6f800000, 0x76800000)
  object space 16384K, 87% used [0x6e800000,0x6f607560,0x6f800000)
}
Event: 10.607 GC heap before
{Heap before GC invocations=3 (full 0):
 PSYoungGen      total 18112K, used 18111K [0x9f000000, 0xa1360000, 0xb3400000)
  eden space 15552K, 100% used [0x9f000000,0x9ff30000,0x9ff30000)
  from space 2560K, 99% used [0xa01b0000,0xa042fee0,0xa0430000)
  to   space 2560K, 0% used [0x9ff30000,0x9ff30000,0xa01b0000)
 ParOldGen       total 41472K, used 4598K [0x76800000, 0x79080000, 0x9f000000)
  object space 41472K, 11% used [0x76800000,0x76c7d958,0x79080000)
 PSPermGen       total 16384K, used 14786K [0x6e800000, 0x6f800000, 0x76800000)
  object space 16384K, 90% used [0x6e800000,0x6f670b60,0x6f800000)
Event: 10.618 GC heap after
Heap after GC invocations=3 (full 0):
 PSYoungGen      total 18112K, used 2547K [0x9f000000, 0xa0430000, 0xb3400000)
  eden space 15552K, 0% used [0x9f000000,0x9f000000,0x9ff30000)
  from space 2560K, 99% used [0x9ff30000,0xa01accd0,0xa01b0000)
  to   space 2560K, 0% used [0xa01b0000,0xa01b0000,0xa0430000)
 ParOldGen       total 41472K, used 5205K [0x76800000, 0x79080000, 0x9f000000)
  object space 41472K, 12% used [0x76800000,0x76d15560,0x79080000)
 PSPermGen       total 16384K, used 14786K [0x6e800000, 0x6f800000, 0x76800000)
  object space 16384K, 90% used [0x6e800000,0x6f670b60,0x6f800000)
}
Event: 16.073 GC heap before
{Heap before GC invocations=4 (full 0):
 PSYoungGen      total 18112K, used 18099K [0x9f000000, 0xa0430000, 0xb3400000)
  eden space 15552K, 100% used [0x9f000000,0x9ff30000,0x9ff30000)
  from space 2560K, 99% used [0x9ff30000,0xa01accd0,0xa01b0000)
  to   space 2560K, 0% used [0xa01b0000,0xa01b0000,0xa0430000)
 ParOldGen       total 41472K, used 5205K [0x76800000, 0x79080000, 0x9f000000)
  object space 41472K, 12% used [0x76800000,0x76d15560,0x79080000)
 PSPermGen       total 16384K, used 14940K [0x6e800000, 0x6f800000, 0x76800000)
  object space 16384K, 91% used [0x6e800000,0x6f6970c0,0x6f800000)
Event: 16.090 GC heap after
Heap after GC invocations=4 (full 0):
 PSYoungGen      total 18112K, used 2555K [0x9f000000, 0xa0430000, 0xb3400000)
  eden space 15552K, 0% used [0x9f000000,0x9f000000,0x9ff30000)
  from space 2560K, 99% used [0xa01b0000,0xa042ecc0,0xa0430000)
  to   space 2560K, 0% used [0x9ff30000,0x9ff30000,0xa01b0000)
 ParOldGen       total 41472K, used 5343K [0x76800000, 0x79080000, 0x9f000000)
  object space 41472K, 12% used [0x76800000,0x76d37d40,0x79080000)
 PSPermGen       total 16384K, used 14940K [0x6e800000, 0x6f800000, 0x76800000)
  object space 16384K, 91% used [0x6e800000,0x6f6970c0,0x6f800000)
}
Event: 18.557 GC heap before
{Heap before GC invocations=5 (full 0):
 PSYoungGen      total 18112K, used 18107K [0x9f000000, 0xa0430000, 0xb3400000)
  eden space 15552K, 100% used [0x9f000000,0x9ff30000,0x9ff30000)
  from space 2560K, 99% used [0xa01b0000,0xa042ecc0,0xa0430000)
  to   space 2560K, 0% used [0x9ff30000,0x9ff30000,0xa01b0000)
 ParOldGen       total 41472K, used 5343K [0x76800000, 0x79080000, 0x9f000000)
  object space 41472K, 12% used [0x76800000,0x76d37d40,0x79080000)
 PSPermGen       total 16384K, used 14949K [0x6e800000, 0x6f800000, 0x76800000)
  object space 16384K, 91% used [0x6e800000,0x6f6995f0,0x6f800000)
Event: 18.567 GC heap after
Heap after GC invocations=5 (full 0):
 PSYoungGen      total 17728K, used 2559K [0x9f000000, 0xa0b10000, 0xb3400000)
  eden space 15168K, 0% used [0x9f000000,0x9f000000,0x9fed0000)
  from space 2560K, 99% used [0x9ff30000,0xa01aff30,0xa01b0000)
  to   space 6272K, 0% used [0xa04f0000,0xa04f0000,0xa0b10000)
 ParOldGen       total 41472K, used 5495K [0x76800000, 0x79080000, 0x9f000000)
  object space 41472K, 13% used [0x76800000,0x76d5dd40,0x79080000)
 PSPermGen       total 16384K, used 14949K [0x6e800000, 0x6f800000, 0x76800000)
  object space 16384K, 91% used [0x6e800000,0x6f6995f0,0x6f800000)
}

Deoptimization events (10 events):
Event: 7.539 Thread 0x67df2c00 Uncommon trap -42 fr.pc 0xb3586044
Event: 10.635 Thread 0x6adb8c00 Uncommon trap -83 fr.pc 0xb35aaf60
Event: 10.635 Thread 0x6adb8c00 Uncommon trap -83 fr.pc 0xb353c698
Event: 11.920 Thread 0x6aa07000 Uncommon trap -12 fr.pc 0xb35b2dfc
Event: 12.691 Thread 0x67df2c00 Uncommon trap -34 fr.pc 0xb356cfc8
Event: 12.691 Thread 0x67df2c00 Uncommon trap -34 fr.pc 0xb356cfc8
Event: 12.693 Thread 0x67df2c00 Uncommon trap -34 fr.pc 0xb356cfc8
Event: 12.694 Thread 0x67df2c00 Uncommon trap -34 fr.pc 0xb356cfc8
Event: 12.698 Thread 0x67df2c00 Uncommon trap -83 fr.pc 0xb355feac
Event: 18.508 Thread 0x09859400 Uncommon trap -12 fr.pc 0xb35cee60

Internal exceptions (10 events):
Event: 7.706 Thread 0x6aac3800 Threw 0x9f6923e0 at /build/buildd/openjdk-7-7u21-2.3.9/build/openjdk/hotspot/src/share/vm/prims/jvm.cpp:1166
Event: 7.713 Thread 0x6aac3800 Threw 0x9f6b37d8 at /build/buildd/openjdk-7-7u21-2.3.9/build/openjdk/hotspot/src/share/vm/prims/jvm.cpp:1166
Event: 7.725 Thread 0xb6533000 Threw 0x9f6da5e0 at /build/buildd/openjdk-7-7u21-2.3.9/build/openjdk/hotspot/src/share/vm/prims/jvm.cpp:1166
Event: 7.735 Thread 0xb6533000 Threw 0x9f7398b0 at /build/buildd/openjdk-7-7u21-2.3.9/build/openjdk/hotspot/src/share/vm/prims/jvm.cpp:1166
Event: 8.042 Thread 0x6aa06400 Threw 0x9f884a78 at /build/buildd/openjdk-7-7u21-2.3.9/build/openjdk/hotspot/src/share/vm/prims/jvm.cpp:1166
Event: 8.045 Thread 0x6aa06400 Threw 0x9f8acb30 at /build/buildd/openjdk-7-7u21-2.3.9/build/openjdk/hotspot/src/share/vm/prims/jvm.cpp:1166
Event: 10.134 Thread 0x67df2c00 JVM_StopThread thread JavaThread 0x00000000 as oop 0xa03b1d18 [exception 0x67a570bc]
Event: 10.633 Thread 0x6adb8c00 Threw 0x9f0585f0 at /build/buildd/openjdk-7-7u21-2.3.9/build/openjdk/hotspot/src/share/vm/prims/jvm.cpp:1166
Event: 12.698 Thread 0x67df2c00 Implicit null exception at 0xb355f302 to 0xb355fe9d
Event: 16.071 Thread 0x67df2c00 JVM_StopThread thread JavaThread 0x00000000 as oop 0x76cbda38 [exception 0x67a570bc]

Events (10 events):
Event: 18.576 Thread 0x6df10400 Thread exited: 0x6df10400
Event: 18.580 Thread 0x6adfc800 flushing nmethod 0xb3585dc8
Event: 18.768 Thread 0x09856800 Thread added: 0x09856800
Event: 18.771 Thread 0x09856800 Thread exited: 0x09856800
Event: 18.772 Thread 0x09856800 Thread added: 0x09856800
Event: 18.774 Thread 0x09856800 Thread exited: 0x09856800
Event: 18.774 Thread 0x09856800 Thread added: 0x09856800
Event: 18.777 Thread 0x09856800 Thread exited: 0x09856800
Event: 18.777 Thread 0x09856800 Thread added: 0x09856800
Event: 18.779 Thread 0x09856800 Thread exited: 0x09856800


Dynamic libraries:
08048000-08049000 r-xp 00000000 08:06 1708580    /usr/lib/jvm/java-7-openjdk-i386/jre/bin/java
08049000-0804a000 r--p 00000000 08:06 1708580    /usr/lib/jvm/java-7-openjdk-i386/jre/bin/java
0804a000-0804b000 rw-p 00001000 08:06 1708580    /usr/lib/jvm/java-7-openjdk-i386/jre/bin/java
0981d000-0988c000 rw-p 00000000 00:00 0          [heap]
542b8000-582b9000 rw-s 00000000 00:14 142940     /run/shm/pulse-shm-1505990924
582b9000-582ba000 ---p 00000000 00:00 0 
582ba000-58aba000 rw-p 00000000 00:00 0          [stack:9245]
58aba000-58abb000 ---p 00000000 00:00 0 
58abb000-5973c000 rw-p 00000000 00:00 0          [stack:9244]
5973c000-5973f000 ---p 00000000 00:00 0 
5973f000-597bd000 rw-p 00000000 00:00 0          [stack:9243]
597bd000-597be000 ---p 00000000 00:00 0 
597be000-5983e000 rw-p 00000000 00:00 0          [stack:9240]
5983e000-5d83f000 rw-s 00000000 00:14 155884     /run/shm/pulse-shm-3674758501
5d83f000-5d840000 ---p 00000000 00:00 0 
5d840000-5e040000 rw-p 00000000 00:00 0          [stack:9231]
5e040000-5e041000 ---p 00000000 00:00 0 
5e041000-5ecc2000 rw-p 00000000 00:00 0          [stack:9230]
5ecc2000-5ecc5000 ---p 00000000 00:00 0 
5ecc5000-5ed43000 rw-p 00000000 00:00 0          [stack:9229]
5ed43000-5ed46000 ---p 00000000 00:00 0 
5ed46000-5ed94000 rw-p 00000000 00:00 0          [stack:9228]
5ed94000-5ed95000 ---p 00000000 00:00 0 
5ed95000-5ee15000 rw-p 00000000 00:00 0          [stack:9226]
5ee15000-5ef7f000 r-xp 00000000 08:06 1706644    /usr/lib/i386-linux-gnu/libsamplerate.so.0.1.8
5ef7f000-5ef80000 r--p 00169000 08:06 1706644    /usr/lib/i386-linux-gnu/libsamplerate.so.0.1.8
5ef80000-5ef81000 rw-p 0016a000 08:06 1706644    /usr/lib/i386-linux-gnu/libsamplerate.so.0.1.8
5ef81000-62f82000 rw-s 00000000 00:14 154093     /run/shm/pulse-shm-1302199693
62f82000-62f83000 ---p 00000000 00:00 0 
62f83000-63783000 rw-p 00000000 00:00 0          [stack:9221]
63783000-6383a000 r-xp 00000000 08:06 1706695    /usr/lib/i386-linux-gnu/libtag.so.1.12.0
6383a000-6383c000 r--p 000b7000 08:06 1706695    /usr/lib/i386-linux-gnu/libtag.so.1.12.0
6383c000-6383d000 rw-p 000b9000 08:06 1706695    /usr/lib/i386-linux-gnu/libtag.so.1.12.0
6383d000-6383e000 ---p 00000000 00:00 0 
6383e000-638be000 rw-p 00000000 00:00 0          [stack:9220]
638be000-638fa000 r-xp 00000000 08:06 1706135    /usr/lib/i386-linux-gnu/libfaad.so.2.0.0
638fa000-638fb000 ---p 0003c000 08:06 1706135    /usr/lib/i386-linux-gnu/libfaad.so.2.0.0
638fb000-638fc000 r--p 0003c000 08:06 1706135    /usr/lib/i386-linux-gnu/libfaad.so.2.0.0
638fc000-638ff000 rw-p 0003d000 08:06 1706135    /usr/lib/i386-linux-gnu/libfaad.so.2.0.0
638ff000-64500000 rw-p 00000000 00:00 0 
64500000-6452f000 rw-p 00000000 00:00 0 
6452f000-64600000 ---p 00000000 00:00 0 
64609000-6462e000 r-xp 00000000 08:06 1703665    /usr/lib/libdca.so.0.0.0
6462e000-6462f000 r--p 00024000 08:06 1703665    /usr/lib/libdca.so.0.0.0
6462f000-64630000 rw-p 00025000 08:06 1703665    /usr/lib/libdca.so.0.0.0
64630000-646fd000 r-xp 00000000 08:06 1706653    /usr/lib/i386-linux-gnu/libschroedinger-1.0.so.0.11.0
646fd000-646ff000 r--p 000cc000 08:06 1706653    /usr/lib/i386-linux-gnu/libschroedinger-1.0.so.0.11.0
646ff000-64700000 rw-p 000ce000 08:06 1706653    /usr/lib/i386-linux-gnu/libschroedinger-1.0.so.0.11.0
64700000-647f9000 rw-p 00000000 00:00 0 
647f9000-64800000 ---p 00000000 00:00 0 
64823000-64860000 r-xp 00000000 08:06 1706535    /usr/lib/i386-linux-gnu/libopus.so.0.2.0
64860000-64861000 r--p 0003c000 08:06 1706535    /usr/lib/i386-linux-gnu/libopus.so.0.2.0
64861000-64862000 rw-p 0003d000 08:06 1706535    /usr/lib/i386-linux-gnu/libopus.so.0.2.0
64862000-64b00000 rw-s 00000000 00:04 38731831   /SYSV00000000 (deleted)
64b00000-64b67000 rw-p 00000000 00:00 0 
64b67000-64c00000 ---p 00000000 00:00 0 
64c01000-64ee0000 r-xp 00000000 08:06 1705842    /usr/lib/i386-linux-gnu/libQtCore.so.4.8.4
64ee0000-64ee7000 r--p 002de000 08:06 1705842    /usr/lib/i386-linux-gnu/libQtCore.so.4.8.4
64ee7000-64ee8000 rw-p 002e5000 08:06 1705842    /usr/lib/i386-linux-gnu/libQtCore.so.4.8.4
64ee8000-64ee9000 rw-p 00000000 00:00 0 
64ee9000-65991000 r-xp 00000000 08:06 1705851    /usr/lib/i386-linux-gnu/libQtGui.so.4.8.4
65991000-659b3000 r--p 00aa7000 08:06 1705851    /usr/lib/i386-linux-gnu/libQtGui.so.4.8.4
659b3000-659b7000 rw-p 00ac9000 08:06 1705851    /usr/lib/i386-linux-gnu/libQtGui.so.4.8.4
659b7000-659ba000 rw-p 00000000 00:00 0 
659ba000-65bcf000 r-xp 00000000 08:06 407152     /usr/lib/vlc/plugins/gui/libqt4_plugin.so
65bcf000-65bd0000 ---p 00215000 08:06 407152     /usr/lib/vlc/plugins/gui/libqt4_plugin.so
65bd0000-65bdc000 r--p 00215000 08:06 407152     /usr/lib/vlc/plugins/gui/libqt4_plugin.so
65bdc000-65bde000 rw-p 00221000 08:06 407152     /usr/lib/vlc/plugins/gui/libqt4_plugin.so
65bde000-65bdf000 rw-p 00000000 00:00 0 
65bdf000-65be5000 r-xp 00000000 08:06 1706531    /usr/lib/i386-linux-gnu/libogg.so.0.8.0
65be5000-65be6000 r--p 00005000 08:06 1706531    /usr/lib/i386-linux-gnu/libogg.so.0.8.0
65be6000-65be7000 rw-p 00006000 08:06 1706531    /usr/lib/i386-linux-gnu/libogg.so.0.8.0
65be7000-65c10000 r-xp 00000000 08:06 1706753    /usr/lib/i386-linux-gnu/libvorbis.so.0.4.5
65c10000-65c11000 ---p 00029000 08:06 1706753    /usr/lib/i386-linux-gnu/libvorbis.so.0.4.5
65c11000-65c12000 r--p 00029000 08:06 1706753    /usr/lib/i386-linux-gnu/libvorbis.so.0.4.5
65c12000-65c13000 rw-p 0002a000 08:06 1706753    /usr/lib/i386-linux-gnu/libvorbis.so.0.4.5
65c13000-65d79000 r-xp 00000000 08:06 1706755    /usr/lib/i386-linux-gnu/libvorbisenc.so.2.0.8
65d79000-65d8a000 r--p 00165000 08:06 1706755    /usr/lib/i386-linux-gnu/libvorbisenc.so.2.0.8
65d8a000-65d8b000 rw-p 00176000 08:06 1706755    /usr/lib/i386-linux-gnu/libvorbisenc.so.2.0.8
65d8b000-65dd9000 r-xp 00000000 08:06 1705817    /usr/lib/i386-linux-gnu/libFLAC.so.8.2.0
65dd9000-65dda000 r--p 0004e000 08:06 1705817    /usr/lib/i386-linux-gnu/libFLAC.so.8.2.0
65dda000-65ddb000 rw-p 0004f000 08:06 1705817    /usr/lib/i386-linux-gnu/libFLAC.so.8.2.0
65ddb000-65de0000 r-xp 00000000 08:06 1705965    /usr/lib/i386-linux-gnu/libasyncns.so.0.3.1
65de0000-65de1000 r--p 00004000 08:06 1705965    /usr/lib/i386-linux-gnu/libasyncns.so.0.3.1
65de1000-65de2000 rw-p 00005000 08:06 1705965    /usr/lib/i386-linux-gnu/libasyncns.so.0.3.1
65de2000-65e4f000 r-xp 00000000 08:06 1706669    /usr/lib/i386-linux-gnu/libsndfile.so.1.0.25
65e4f000-65e51000 r--p 0006c000 08:06 1706669    /usr/lib/i386-linux-gnu/libsndfile.so.1.0.25
65e51000-65e52000 rw-p 0006e000 08:06 1706669    /usr/lib/i386-linux-gnu/libsndfile.so.1.0.25
65e52000-65e56000 rw-p 00000000 00:00 0 
65e56000-65e5e000 r-xp 00000000 08:06 262621     /lib/i386-linux-gnu/libwrap.so.0.7.6
65e5e000-65e5f000 r--p 00007000 08:06 262621     /lib/i386-linux-gnu/libwrap.so.0.7.6
65e5f000-65e60000 rw-p 00008000 08:06 262621     /lib/i386-linux-gnu/libwrap.so.0.7.6
65e6c000-65e82000 r-xp 00000000 08:06 1720189    /usr/lib/i386-linux-gnu/libmad.so.0.2.1
65e82000-65e83000 r--p 00015000 08:06 1720189    /usr/lib/i386-linux-gnu/libmad.so.0.2.1
65e83000-65e84000 rw-p 00016000 08:06 1720189    /usr/lib/i386-linux-gnu/libmad.so.0.2.1
65e84000-65f12000 r-xp 00000000 08:06 1706537    /usr/lib/i386-linux-gnu/liborc-0.4.so.0.17.0
65f12000-65f13000 r--p 0008e000 08:06 1706537    /usr/lib/i386-linux-gnu/liborc-0.4.so.0.17.0
65f13000-65f17000 rw-p 0008f000 08:06 1706537    /usr/lib/i386-linux-gnu/liborc-0.4.so.0.17.0
65f17000-65f5c000 r-xp 00000000 08:06 1706715    /usr/lib/i386-linux-gnu/libtheoraenc.so.1.1.2
65f5c000-65f5d000 r--p 00044000 08:06 1706715    /usr/lib/i386-linux-gnu/libtheoraenc.so.1.1.2
65f5d000-65f5e000 rw-p 00045000 08:06 1706715    /usr/lib/i386-linux-gnu/libtheoraenc.so.1.1.2
65f5e000-65f61000 ---p 00000000 00:00 0 
65f61000-65fdf000 rw-p 00000000 00:00 0          [stack:9219]
65fdf000-66048000 r-xp 00000000 08:06 1708139    /usr/lib/i386-linux-gnu/pulseaudio/libpulsecommon-3.0.so
66048000-66049000 r--p 00068000 08:06 1708139    /usr/lib/i386-linux-gnu/pulseaudio/libpulsecommon-3.0.so
66049000-6604a000 rw-p 00069000 08:06 1708139    /usr/lib/i386-linux-gnu/pulseaudio/libpulsecommon-3.0.so
6604a000-6604b000 ---p 00000000 00:00 0 
6604b000-660cb000 rw-p 00000000 00:00 0          [stack:9216]
660cb000-660cc000 ---p 00000000 00:00 0 
660cc000-6614c000 rw-p 00000000 00:00 0          [stack:9208]
6614c000-66198000 r-xp 00000000 08:06 1706602    /usr/lib/i386-linux-gnu/libpulse.so.0.15.3
66198000-66199000 ---p 0004c000 08:06 1706602    /usr/lib/i386-linux-gnu/libpulse.so.0.15.3
66199000-6619a000 r--p 0004c000 08:06 1706602    /usr/lib/i386-linux-gnu/libpulse.so.0.15.3
6619a000-6619b000 rw-p 0004d000 08:06 1706602    /usr/lib/i386-linux-gnu/libpulse.so.0.15.3
661b2000-6629f000 r-xp 00000000 08:06 1771845    /usr/lib/i386-linux-gnu/libasound.so.2.0.0
6629f000-662a3000 r--p 000ec000 08:06 1771845    /usr/lib/i386-linux-gnu/libasound.so.2.0.0
662a3000-662a4000 rw-p 000f0000 08:06 1771845    /usr/lib/i386-linux-gnu/libasound.so.2.0.0
662a4000-662fc000 r-xp 00000000 08:06 1722219    /usr/lib/i386-linux-gnu/libXt.so.6.0.0
662fc000-662fd000 r--p 00058000 08:06 1722219    /usr/lib/i386-linux-gnu/libXt.so.6.0.0
662fd000-66300000 rw-p 00059000 08:06 1722219    /usr/lib/i386-linux-gnu/libXt.so.6.0.0
66300000-66400000 rw-p 00000000 00:00 0 
66405000-664fa000 r-xp 00000000 08:06 1720541    /usr/lib/libvlccore.so.5.1.1
664fa000-664ff000 r--p 000f5000 08:06 1720541    /usr/lib/libvlccore.so.5.1.1
664ff000-66500000 rw-p 000fa000 08:06 1720541    /usr/lib/libvlccore.so.5.1.1
66500000-665f6000 rw-p 00000000 00:00 0 
665f6000-66600000 ---p 00000000 00:00 0 
66600000-66608000 r-xp 00000000 08:06 262510     /lib/i386-linux-gnu/libjson.so.0.1.0
66608000-66609000 r--p 00007000 08:06 262510     /lib/i386-linux-gnu/libjson.so.0.1.0
66609000-6660a000 rw-p 00008000 08:06 262510     /lib/i386-linux-gnu/libjson.so.0.1.0
66611000-6662c000 r-xp 00000000 08:06 1706713    /usr/lib/i386-linux-gnu/libtheoradec.so.1.1.4
6662c000-6662d000 r--p 0001a000 08:06 1706713    /usr/lib/i386-linux-gnu/libtheoradec.so.1.1.4
6662d000-6662e000 rw-p 0001b000 08:06 1706713    /usr/lib/i386-linux-gnu/libtheoradec.so.1.1.4
6662e000-66644000 r-xp 00000000 08:06 1705827    /usr/lib/i386-linux-gnu/libICE.so.6.3.0
66644000-66645000 r--p 00015000 08:06 1705827    /usr/lib/i386-linux-gnu/libICE.so.6.3.0
66645000-66646000 rw-p 00016000 08:06 1705827    /usr/lib/i386-linux-gnu/libICE.so.6.3.0
66646000-66648000 rw-p 00000000 00:00 0 
66648000-6665f000 r-xp 00000000 08:06 1705975    /usr/lib/i386-linux-gnu/libaudio.so.2.4
6665f000-66660000 r--p 00016000 08:06 1705975    /usr/lib/i386-linux-gnu/libaudio.so.2.4
66660000-66661000 rw-p 00017000 08:06 1705975    /usr/lib/i386-linux-gnu/libaudio.so.2.4
66661000-666e7000 r-xp 00000000 08:06 1720486    /usr/lib/i386-linux-gnu/libdirac_encoder.so.0.1.0
666e7000-666e9000 r--p 00085000 08:06 1720486    /usr/lib/i386-linux-gnu/libdirac_encoder.so.0.1.0
666e9000-666ea000 rw-p 00087000 08:06 1720486    /usr/lib/i386-linux-gnu/libdirac_encoder.so.0.1.0
666ea000-666eb000 rw-p 00000000 00:00 0 
666eb000-666ff000 r-xp 00000000 08:06 1441562    /tmp/jna-gene/jna6400395261120827800.tmp (deleted)
666ff000-66700000 rw-p 00014000 08:06 1441562    /tmp/jna-gene/jna6400395261120827800.tmp (deleted)
66700000-667fa000 rw-p 00000000 00:00 0 
667fa000-66800000 ---p 00000000 00:00 0 
66800000-668f9000 rw-p 00000000 00:00 0 
668f9000-66900000 ---p 00000000 00:00 0 
66900000-66a00000 rw-p 00000000 00:00 0 
66a07000-66a0b000 r-xp 00000000 08:06 262619     /lib/i386-linux-gnu/libuuid.so.1.3.0
66a0b000-66a0c000 r--p 00003000 08:06 262619     /lib/i386-linux-gnu/libuuid.so.1.3.0
66a0c000-66a0d000 rw-p 00004000 08:06 262619     /lib/i386-linux-gnu/libuuid.so.1.3.0
66a0d000-66a14000 r-xp 00000000 08:06 1705877    /usr/lib/i386-linux-gnu/libSM.so.6.0.1
66a14000-66a15000 r--p 00006000 08:06 1705877    /usr/lib/i386-linux-gnu/libSM.so.6.0.1
66a15000-66a16000 rw-p 00007000 08:06 1705877    /usr/lib/i386-linux-gnu/libSM.so.6.0.1
66a16000-66a27000 r-xp 00000000 08:06 262615     /lib/i386-linux-gnu/libusb-1.0.so.0.1.0
66a27000-66a28000 r--p 00010000 08:06 262615     /lib/i386-linux-gnu/libusb-1.0.so.0.1.0
66a28000-66a29000 rw-p 00011000 08:06 262615     /lib/i386-linux-gnu/libusb-1.0.so.0.1.0
66a29000-66a6c000 r-xp 00000000 08:06 1706494    /usr/lib/i386-linux-gnu/libmtp.so.9.0.5
66a6c000-66a6f000 r--p 00043000 08:06 1706494    /usr/lib/i386-linux-gnu/libmtp.so.9.0.5
66a6f000-66a76000 rw-p 00046000 08:06 1706494    /usr/lib/i386-linux-gnu/libmtp.so.9.0.5
66a80000-66a86000 r-xp 00000000 08:06 405627     /usr/lib/vlc/plugins/control/libhotkeys_plugin.so
66a86000-66a87000 r--p 00005000 08:06 405627     /usr/lib/vlc/plugins/control/libhotkeys_plugin.so
66a87000-66a88000 rw-p 00006000 08:06 405627     /usr/lib/vlc/plugins/control/libhotkeys_plugin.so
66a88000-66a8d000 r-xp 00000000 08:06 405519     /usr/lib/vlc/plugins/audio_output/libalsa_plugin.so
66a8d000-66a8e000 r--p 00004000 08:06 405519     /usr/lib/vlc/plugins/audio_output/libalsa_plugin.so
66a8e000-66a8f000 rw-p 00005000 08:06 405519     /usr/lib/vlc/plugins/audio_output/libalsa_plugin.so
66a8f000-66aa9000 r-xp 00000000 08:06 1720543    /usr/lib/libvlc.so.5.3.2
66aa9000-66aaa000 r--p 00019000 08:06 1720543    /usr/lib/libvlc.so.5.3.2
66aaa000-66aab000 rw-p 0001a000 08:06 1720543    /usr/lib/libvlc.so.5.3.2
66aab000-66aae000 ---p 00000000 00:00 0 
66aae000-66afc000 rw-p 00000000 00:00 0          [stack:9242]
66b07000-66b11000 r-xp 00000000 08:06 1720240    /usr/lib/liba52-0.7.4.so
66b11000-66b12000 r--p 00009000 08:06 1720240    /usr/lib/liba52-0.7.4.so
66b12000-66b13000 rw-p 0000a000 08:06 1720240    /usr/lib/liba52-0.7.4.so
66b13000-66b14000 rw-p 00000000 00:00 0 
66b14000-66b26000 r--s 00000000 08:06 656570     /usr/share/fonts/type1/gsfonts/n019043l.pfb
66b26000-66b32000 r--s 00000000 08:06 656555     /usr/share/fonts/type1/gsfonts/d050000l.pfb
66b4d000-66b68000 r--s 00000000 08:06 656612     /usr/share/fonts/type1/gsfonts/p052023l.pfb
66b68000-66b83000 r--s 00000000 08:06 656546     /usr/share/fonts/type1/gsfonts/c059016l.pfb
66b83000-66b85000 r-xp 00000000 08:06 405491     /usr/lib/vlc/plugins/audio_filter/libsamplerate_plugin.so
66b85000-66b86000 r--p 00001000 08:06 405491     /usr/lib/vlc/plugins/audio_filter/libsamplerate_plugin.so
66b86000-66b87000 rw-p 00002000 08:06 405491     /usr/lib/vlc/plugins/audio_filter/libsamplerate_plugin.so
66b87000-66b89000 r-xp 00000000 08:06 405501     /usr/lib/vlc/plugins/audio_filter/libmpgatofixed32_plugin.so
66b89000-66b8a000 r--p 00001000 08:06 405501     /usr/lib/vlc/plugins/audio_filter/libmpgatofixed32_plugin.so
66b8a000-66b8b000 rw-p 00002000 08:06 405501     /usr/lib/vlc/plugins/audio_filter/libmpgatofixed32_plugin.so
66b8b000-66b8d000 r-xp 00000000 08:06 405496     /usr/lib/vlc/plugins/audio_filter/liba52tofloat32_plugin.so
66b8d000-66b8e000 r--p 00001000 08:06 405496     /usr/lib/vlc/plugins/audio_filter/liba52tofloat32_plugin.so
66b8e000-66b8f000 rw-p 00002000 08:06 405496     /usr/lib/vlc/plugins/audio_filter/liba52tofloat32_plugin.so
66b8f000-66bae000 r-xp 00000000 08:06 1708460    /usr/lib/i386-linux-gnu/sse2/libspeex.so.1.5.0
66bae000-66baf000 r--p 0001e000 08:06 1708460    /usr/lib/i386-linux-gnu/sse2/libspeex.so.1.5.0
66baf000-66bb0000 rw-p 0001f000 08:06 1708460    /usr/lib/i386-linux-gnu/sse2/libspeex.so.1.5.0
66bb0000-66bc2000 r--s 00000000 08:06 656573     /usr/share/fonts/type1/gsfonts/n019044l.pfb
66bc2000-66bd5000 r--s 00000000 08:06 656534     /usr/share/fonts/type1/gsfonts/b018015l.pfb
66bd5000-66be6000 r--s 00000000 08:06 656576     /usr/share/fonts/type1/gsfonts/n019063l.pfb
66be8000-66bef000 r-xp 00000000 08:06 407155     /usr/lib/vlc/plugins/audio_output/libpulse_plugin.so
66bef000-66bf0000 r--p 00006000 08:06 407155     /usr/lib/vlc/plugins/audio_output/libpulse_plugin.so
66bf0000-66bf1000 rw-p 00007000 08:06 407155     /usr/lib/vlc/plugins/audio_output/libpulse_plugin.so
66bf1000-66bfe000 r-xp 00000000 08:06 405488     /usr/lib/vlc/plugins/meta_engine/libtaglib_plugin.so
66bfe000-66bff000 r--p 0000c000 08:06 405488     /usr/lib/vlc/plugins/meta_engine/libtaglib_plugin.so
66bff000-66c00000 rw-p 0000d000 08:06 405488     /usr/lib/vlc/plugins/meta_engine/libtaglib_plugin.so
66c00000-66cf9000 rw-p 00000000 00:00 0 
66cf9000-66d00000 ---p 00000000 00:00 0 
66d00000-66d03000 r-xp 00000000 08:06 405510     /usr/lib/vlc/plugins/audio_filter/libscaletempo_plugin.so
66d03000-66d04000 r--p 00002000 08:06 405510     /usr/lib/vlc/plugins/audio_filter/libscaletempo_plugin.so
66d04000-66d05000 rw-p 00003000 08:06 405510     /usr/lib/vlc/plugins/audio_filter/libscaletempo_plugin.so
66d05000-66d08000 r-xp 00000000 08:06 405456     /usr/lib/vlc/plugins/codec/libfaad_plugin.so
66d08000-66d09000 r--p 00002000 08:06 405456     /usr/lib/vlc/plugins/codec/libfaad_plugin.so
66d09000-66d0a000 rw-p 00003000 08:06 405456     /usr/lib/vlc/plugins/codec/libfaad_plugin.so
66d0a000-66d0e000 r-xp 00000000 08:06 405477     /usr/lib/vlc/plugins/codec/libopus_plugin.so
66d0e000-66d0f000 r--p 00003000 08:06 405477     /usr/lib/vlc/plugins/codec/libopus_plugin.so
66d0f000-66d10000 rw-p 00004000 08:06 405477     /usr/lib/vlc/plugins/codec/libopus_plugin.so
66d10000-66d19000 r-xp 00000000 08:06 405450     /usr/lib/vlc/plugins/codec/libschroedinger_plugin.so
66d19000-66d1a000 r--p 00008000 08:06 405450     /usr/lib/vlc/plugins/codec/libschroedinger_plugin.so
66d1a000-66d1b000 rw-p 00009000 08:06 405450     /usr/lib/vlc/plugins/codec/libschroedinger_plugin.so
66d1b000-66d30000 r--s 00000000 08:06 656537     /usr/share/fonts/type1/gsfonts/b018032l.pfb
66d31000-66d34000 r-xp 00000000 08:06 405482     /usr/lib/vlc/plugins/codec/libcdg_plugin.so
66d34000-66d35000 r--p 00002000 08:06 405482     /usr/lib/vlc/plugins/codec/libcdg_plugin.so
66d35000-66d36000 rw-p 00003000 08:06 405482     /usr/lib/vlc/plugins/codec/libcdg_plugin.so
66d36000-66d39000 r-xp 00000000 08:06 405449     /usr/lib/vlc/plugins/codec/libmpeg_audio_plugin.so
66d39000-66d3a000 r--p 00002000 08:06 405449     /usr/lib/vlc/plugins/codec/libmpeg_audio_plugin.so
66d3a000-66d3b000 rw-p 00003000 08:06 405449     /usr/lib/vlc/plugins/codec/libmpeg_audio_plugin.so
66d3b000-66d3e000 r-xp 00000000 08:06 405473     /usr/lib/vlc/plugins/codec/libsvcdsub_plugin.so
66d3e000-66d3f000 r--p 00002000 08:06 405473     /usr/lib/vlc/plugins/codec/libsvcdsub_plugin.so
66d3f000-66d40000 rw-p 00003000 08:06 405473     /usr/lib/vlc/plugins/codec/libsvcdsub_plugin.so
66d40000-66d49000 r--s 00000000 08:06 656618     /usr/share/fonts/type1/gsfonts/s050000l.pfb
66d49000-66d59000 r--s 00000000 08:06 656522     /usr/share/fonts/type1/gsfonts/a010015l.pfb
66d59000-66d5c000 r-xp 00000000 08:06 405455     /usr/lib/vlc/plugins/codec/libcvdsub_plugin.so
66d5c000-66d5d000 r--p 00002000 08:06 405455     /usr/lib/vlc/plugins/codec/libcvdsub_plugin.so
66d5d000-66d5e000 rw-p 00003000 08:06 405455     /usr/lib/vlc/plugins/codec/libcvdsub_plugin.so
66d5e000-66d61000 r-xp 00000000 08:06 405458     /usr/lib/vlc/plugins/codec/libspudec_plugin.so
66d61000-66d62000 r--p 00003000 08:06 405458     /usr/lib/vlc/plugins/codec/libspudec_plugin.so
66d62000-66d63000 rw-p 00004000 08:06 405458     /usr/lib/vlc/plugins/codec/libspudec_plugin.so
66d63000-66d72000 r-xp 00000000 08:06 405635     /usr/lib/vlc/plugins/packetizer/libpacketizer_h264_plugin.so
66d72000-66d73000 r--p 0000e000 08:06 405635     /usr/lib/vlc/plugins/packetizer/libpacketizer_h264_plugin.so
66d73000-66d74000 rw-p 0000f000 08:06 405635     /usr/lib/vlc/plugins/packetizer/libpacketizer_h264_plugin.so
66d74000-66d8b000 r--s 00000000 08:06 656621     /usr/share/fonts/type1/gsfonts/z003034l.pfb
66d8b000-66d9d000 r--s 00000000 08:06 656540     /usr/share/fonts/type1/gsfonts/b018035l.pfb
66d9d000-66db0000 r--s 00000000 08:06 656579     /usr/share/fonts/type1/gsfonts/n019064l.pfb
66db0000-66dc8000 r--s 00000000 08:06 656552     /usr/share/fonts/type1/gsfonts/c059036l.pfb
66dc8000-66de7000 r--s 00000000 08:06 669785     /usr/share/texmf/fonts/type1/public/lm/lmb10.pfb
66de7000-66e00000 r--s 00000000 08:06 669836     /usr/share/texmf/fonts/type1/public/lm/lmtti10.pfb
66e00000-66f00000 rw-p 00000000 00:00 0 
66f01000-66f11000 r--s 00000000 08:06 656519     /usr/share/fonts/type1/gsfonts/a010013l.pfb
66f11000-66f15000 r-xp 00000000 08:06 405634     /usr/lib/vlc/plugins/packetizer/libpacketizer_flac_plugin.so
66f15000-66f16000 r--p 00003000 08:06 405634     /usr/lib/vlc/plugins/packetizer/libpacketizer_flac_plugin.so
66f16000-66f17000 rw-p 00004000 08:06 405634     /usr/lib/vlc/plugins/packetizer/libpacketizer_flac_plugin.so
66f17000-66f1c000 r-xp 00000000 08:06 405638     /usr/lib/vlc/plugins/packetizer/libpacketizer_mpegvideo_plugin.so
66f1c000-66f1d000 r--p 00004000 08:06 405638     /usr/lib/vlc/plugins/packetizer/libpacketizer_mpegvideo_plugin.so
66f1d000-66f1e000 rw-p 00005000 08:06 405638     /usr/lib/vlc/plugins/packetizer/libpacketizer_mpegvideo_plugin.so
66f1e000-66f23000 r-xp 00000000 08:06 405637     /usr/lib/vlc/plugins/packetizer/libpacketizer_mpeg4video_plugin.so
66f23000-66f24000 r--p 00004000 08:06 405637     /usr/lib/vlc/plugins/packetizer/libpacketizer_mpeg4video_plugin.so
66f24000-66f25000 rw-p 00005000 08:06 405637     /usr/lib/vlc/plugins/packetizer/libpacketizer_mpeg4video_plugin.so
66f25000-66f2b000 r-xp 00000000 08:06 405640     /usr/lib/vlc/plugins/packetizer/libpacketizer_mpeg4audio_plugin.so
66f2b000-66f2c000 r--p 00005000 08:06 405640     /usr/lib/vlc/plugins/packetizer/libpacketizer_mpeg4audio_plugin.so
66f2c000-66f2d000 rw-p 00006000 08:06 405640     /usr/lib/vlc/plugins/packetizer/libpacketizer_mpeg4audio_plugin.so
66f2d000-66f4f000 r--s 00000000 08:06 669794     /usr/share/texmf/fonts/type1/public/lm/lmtlco10.pfb
66f4f000-66f51000 r-xp 00000000 08:06 405511     /usr/lib/vlc/plugins/audio_filter/libdtstofloat32_plugin.so
66f51000-66f52000 r--p 00001000 08:06 405511     /usr/lib/vlc/plugins/audio_filter/libdtstofloat32_plugin.so
66f52000-66f53000 rw-p 00002000 08:06 405511     /usr/lib/vlc/plugins/audio_filter/libdtstofloat32_plugin.so
66f53000-66f5b000 r-xp 00000000 08:06 405633     /usr/lib/vlc/plugins/packetizer/libpacketizer_vc1_plugin.so
66f5b000-66f5c000 r--p 00007000 08:06 405633     /usr/lib/vlc/plugins/packetizer/libpacketizer_vc1_plugin.so
66f5c000-66f5d000 rw-p 00008000 08:06 405633     /usr/lib/vlc/plugins/packetizer/libpacketizer_vc1_plugin.so
66f5d000-66f62000 r-xp 00000000 08:06 405641     /usr/lib/vlc/plugins/packetizer/libpacketizer_dirac_plugin.so
66f62000-66f63000 r--p 00005000 08:06 405641     /usr/lib/vlc/plugins/packetizer/libpacketizer_dirac_plugin.so
66f63000-66f64000 rw-p 00006000 08:06 405641     /usr/lib/vlc/plugins/packetizer/libpacketizer_dirac_plugin.so
66f64000-66f88000 r-xp 00000000 08:06 280624     /usr/lib/vlc/plugins/demux/libmp4_plugin.so
66f88000-66f89000 r--p 00024000 08:06 280624     /usr/lib/vlc/plugins/demux/libmp4_plugin.so
66f89000-66f8a000 rw-p 00025000 08:06 280624     /usr/lib/vlc/plugins/demux/libmp4_plugin.so
66f8a000-66fa9000 r--s 00000000 08:06 669783     /usr/share/texmf/fonts/type1/public/lm/lmtto10.pfb
66faa000-66fb0000 r-xp 00000000 08:06 405451     /usr/lib/vlc/plugins/codec/libtheora_plugin.so
66fb0000-66fb1000 r--p 00005000 08:06 405451     /usr/lib/vlc/plugins/codec/libtheora_plugin.so
66fb1000-66fb2000 rw-p 00006000 08:06 405451     /usr/lib/vlc/plugins/codec/libtheora_plugin.so
66fb2000-66fd0000 r--s 00000000 08:06 669779     /usr/share/texmf/fonts/type1/public/lm/lmr10.pfb
66fd0000-66ff0000 r--s 00000000 08:06 669861     /usr/share/texmf/fonts/type1/public/lm/lmtcso10.pfb
66ff0000-67012000 r--s 00000000 08:06 669844     /usr/share/texmf/fonts/type1/public/lm/lmbxo10.pfb
67012000-67036000 r--s 00000000 08:06 669791     /usr/share/texmf/fonts/type1/public/lm/lmduno10.pfb
67036000-67040000 r--s 00000000 08:06 272340     /usr/share/fonts/X11/Type1/c0583bt_.pfb
67040000-67042000 r-xp 00000000 08:06 405481     /usr/lib/vlc/plugins/codec/libpng_plugin.so
67042000-67043000 r--p 00001000 08:06 405481     /usr/lib/vlc/plugins/codec/libpng_plugin.so
67043000-67044000 rw-p 00002000 08:06 405481     /usr/lib/vlc/plugins/codec/libpng_plugin.so
67044000-6704a000 r-xp 00000000 08:06 405479     /usr/lib/vlc/plugins/codec/libvorbis_plugin.so
6704a000-6704b000 r--p 00005000 08:06 405479     /usr/lib/vlc/plugins/codec/libvorbis_plugin.so
6704b000-6704c000 rw-p 00006000 08:06 405479     /usr/lib/vlc/plugins/codec/libvorbis_plugin.so
6704c000-67052000 r-xp 00000000 08:06 405478     /usr/lib/vlc/plugins/codec/libspeex_plugin.so
67052000-67053000 r--p 00005000 08:06 405478     /usr/lib/vlc/plugins/codec/libspeex_plugin.so
67053000-67054000 rw-p 00006000 08:06 405478     /usr/lib/vlc/plugins/codec/libspeex_plugin.so
67054000-67060000 r-xp 00000000 08:06 280632     /usr/lib/vlc/plugins/demux/libasf_plugin.so
67060000-67061000 r--p 0000b000 08:06 280632     /usr/lib/vlc/plugins/demux/libasf_plugin.so
67061000-67062000 rw-p 0000c000 08:06 280632     /usr/lib/vlc/plugins/demux/libasf_plugin.so
67062000-6706c000 r--s 00000000 08:06 272342     /usr/share/fonts/X11/Type1/c0611bt_.pfb
6706c000-67089000 r--s 00000000 08:06 669825     /usr/share/texmf/fonts/type1/public/lm/lmvtt10.pfb
67089000-670a8000 r--s 00000000 08:06 669854     /usr/share/texmf/fonts/type1/public/lm/lmtlo10.pfb
670a8000-670b2000 r--s 00000000 08:06 272338     /usr/share/fonts/X11/Type1/c0582bt_.pfb
670b2000-670bb000 r--s 00000000 08:06 272350     /usr/share/fonts/X11/Type1/c0649bt_.pfb
670bb000-670d9000 r--s 00000000 08:06 669826     /usr/share/texmf/fonts/type1/public/lm/lmbx10.pfb
670d9000-670dd000 r-xp 00000000 08:06 405636     /usr/lib/vlc/plugins/packetizer/libpacketizer_mlp_plugin.so
670dd000-670de000 r--p 00003000 08:06 405636     /usr/lib/vlc/plugins/packetizer/libpacketizer_mlp_plugin.so
670de000-670df000 rw-p 00004000 08:06 405636     /usr/lib/vlc/plugins/packetizer/libpacketizer_mlp_plugin.so
670df000-670e3000 r-xp 00000000 08:06 405462     /usr/lib/vlc/plugins/codec/liblpcm_plugin.so
670e3000-670e4000 r--p 00003000 08:06 405462     /usr/lib/vlc/plugins/codec/liblpcm_plugin.so
670e4000-670e5000 rw-p 00004000 08:06 405462     /usr/lib/vlc/plugins/codec/liblpcm_plugin.so
670e5000-670f5000 r-xp 00000000 08:06 280639     /usr/lib/vlc/plugins/demux/libavi_plugin.so
670f5000-670f6000 r--p 00010000 08:06 280639     /usr/lib/vlc/plugins/demux/libavi_plugin.so
670f6000-670f7000 rw-p 00011000 08:06 280639     /usr/lib/vlc/plugins/demux/libavi_plugin.so
670f7000-67112000 r-xp 00000000 08:06 405646     /usr/lib/vlc/plugins/stream_filter/libstream_filter_dash_plugin.so
67112000-67113000 r--p 0001b000 08:06 405646     /usr/lib/vlc/plugins/stream_filter/libstream_filter_dash_plugin.so
67113000-67114000 rw-p 0001c000 08:06 405646     /usr/lib/vlc/plugins/stream_filter/libstream_filter_dash_plugin.so
67114000-67139000 r--s 00000000 08:06 669819     /usr/share/texmf/fonts/type1/public/lm/lmvtko10.pfb
6713a000-6713c000 r-xp 00000000 08:06 405483     /usr/lib/vlc/plugins/codec/libaes3_plugin.so
6713c000-6713d000 r--p 00001000 08:06 405483     /usr/lib/vlc/plugins/codec/libaes3_plugin.so
6713d000-6713e000 rw-p 00002000 08:06 405483     /usr/lib/vlc/plugins/codec/libaes3_plugin.so
6713e000-67172000 r-xp 00000000 08:06 1720482    /usr/lib/i386-linux-gnu/libbluray.so.1.2.0
67172000-67173000 ---p 00034000 08:06 1720482    /usr/lib/i386-linux-gnu/libbluray.so.1.2.0
67173000-67174000 r--p 00034000 08:06 1720482    /usr/lib/i386-linux-gnu/libbluray.so.1.2.0
67174000-67175000 rw-p 00035000 08:06 1720482    /usr/lib/i386-linux-gnu/libbluray.so.1.2.0
67175000-67195000 r--s 00000000 08:06 669834     /usr/share/texmf/fonts/type1/public/lm/lmssqo8.pfb
67198000-6719d000 r-xp 00000000 08:06 280640     /usr/lib/vlc/plugins/demux/libes_plugin.so
6719d000-6719e000 r--p 00004000 08:06 280640     /usr/lib/vlc/plugins/demux/libes_plugin.so
6719e000-6719f000 rw-p 00005000 08:06 280640     /usr/lib/vlc/plugins/demux/libes_plugin.so
6719f000-671c2000 r--s 00000000 08:06 669827     /usr/share/texmf/fonts/type1/public/lm/lmtko10.pfb
671c4000-671e2000 r-xp 00000000 08:06 1706115    /usr/lib/i386-linux-gnu/libdvdread.so.4.1.2
671e2000-671e3000 r--p 0001d000 08:06 1706115    /usr/lib/i386-linux-gnu/libdvdread.so.4.1.2
671e3000-671e4000 rw-p 0001e000 08:06 1706115    /usr/lib/i386-linux-gnu/libdvdread.so.4.1.2
671e4000-67200000 r--s 00000000 08:06 669782     /usr/share/texmf/fonts/type1/public/lm/lmtt10.pfb
67200000-672f0000 rw-p 00000000 00:00 0 
672f0000-67300000 ---p 00000000 00:00 0 
67300000-673ed000 rw-p 00000000 00:00 0 
673ed000-67400000 ---p 00000000 00:00 0 
67401000-67403000 r-xp 00000000 08:06 405480     /usr/lib/vlc/plugins/codec/librawvideo_plugin.so
67403000-67404000 r--p 00001000 08:06 405480     /usr/lib/vlc/plugins/codec/librawvideo_plugin.so
67404000-67405000 rw-p 00002000 08:06 405480     /usr/lib/vlc/plugins/codec/librawvideo_plugin.so
67405000-67419000 r-xp 00000000 08:06 1706111    /usr/lib/i386-linux-gnu/libdvdnav.so.4.1.2
67419000-6741a000 r--p 00013000 08:06 1706111    /usr/lib/i386-linux-gnu/libdvdnav.so.4.1.2
6741a000-6741b000 rw-p 00014000 08:06 1706111    /usr/lib/i386-linux-gnu/libdvdnav.so.4.1.2
6741b000-67436000 r--s 00000000 08:06 669853     /usr/share/texmf/fonts/type1/public/lm/lmtlc10.pfb
67436000-67457000 r--s 00000000 08:06 669805     /usr/share/texmf/fonts/type1/public/lm/lmro10.pfb
67457000-67471000 r--s 00000000 08:06 669797     /usr/share/texmf/fonts/type1/public/lm/lmtl10.pfb
67471000-6748c000 r--s 00000000 08:06 669806     /usr/share/texmf/fonts/type1/public/lm/lmtcsc10.pfb
6748c000-67496000 r--s 00000000 08:06 272336     /usr/share/fonts/X11/Type1/c0419bt_.pfb
67496000-6749f000 r--s 00000000 08:06 272346     /usr/share/fonts/X11/Type1/c0633bt_.pfb
6749f000-674bb000 r--s 00000000 08:06 669856     /usr/share/texmf/fonts/type1/public/lm/lmri10.pfb
674be000-674c2000 r-xp 00000000 08:06 280647     /usr/lib/vlc/plugins/demux/libflacsys_plugin.so
674c2000-674c3000 r--p 00004000 08:06 280647     /usr/lib/vlc/plugins/demux/libflacsys_plugin.so
674c3000-674c4000 rw-p 00005000 08:06 280647     /usr/lib/vlc/plugins/demux/libflacsys_plugin.so
674c4000-674cc000 r-xp 00000000 08:06 1720591    /usr/lib/vlc/plugins/access/libzip_plugin.so
674cc000-674cd000 r--p 00007000 08:06 1720591    /usr/lib/vlc/plugins/access/libzip_plugin.so
674cd000-674ce000 rw-p 00008000 08:06 1720591    /usr/lib/vlc/plugins/access/libzip_plugin.so
674ce000-674d8000 r-xp 00000000 08:06 405643     /usr/lib/vlc/plugins/stream_filter/libstream_filter_httplive_plugin.so
674d8000-674d9000 r--p 00009000 08:06 405643     /usr/lib/vlc/plugins/stream_filter/libstream_filter_httplive_plugin.so
674d9000-674da000 rw-p 0000a000 08:06 405643     /usr/lib/vlc/plugins/stream_filter/libstream_filter_httplive_plugin.so
674da000-674e3000 r--s 00000000 08:06 272348     /usr/share/fonts/X11/Type1/c0648bt_.pfb
674e4000-674e7000 r-xp 00000000 08:06 1720599    /usr/lib/vlc/plugins/access/libstream_filter_rar_plugin.so
674e7000-674e8000 r--p 00002000 08:06 1720599    /usr/lib/vlc/plugins/access/libstream_filter_rar_plugin.so
674e8000-674e9000 rw-p 00003000 08:06 1720599    /usr/lib/vlc/plugins/access/libstream_filter_rar_plugin.so
674e9000-674ec000 r-xp 00000000 08:06 405644     /usr/lib/vlc/plugins/stream_filter/libdecomp_plugin.so
674ec000-674ed000 r--p 00002000 08:06 405644     /usr/lib/vlc/plugins/stream_filter/libdecomp_plugin.so
674ed000-674ee000 rw-p 00003000 08:06 405644     /usr/lib/vlc/plugins/stream_filter/libdecomp_plugin.so
674ee000-674f2000 r-xp 00000000 08:06 1720609    /usr/lib/vlc/plugins/access/libfilesystem_plugin.so
674f2000-674f3000 r--p 00003000 08:06 1720609    /usr/lib/vlc/plugins/access/libfilesystem_plugin.so
674f3000-674f4000 rw-p 00004000 08:06 1720609    /usr/lib/vlc/plugins/access/libfilesystem_plugin.so
674f4000-674fe000 r-xp 00000000 08:06 1720582    /usr/lib/vlc/plugins/access/libdvdnav_plugin.so
674fe000-674ff000 r--p 0000a000 08:06 1720582    /usr/lib/vlc/plugins/access/libdvdnav_plugin.so
674ff000-67500000 rw-p 0000b000 08:06 1720582    /usr/lib/vlc/plugins/access/libdvdnav_plugin.so
67500000-675c7000 rw-p 00000000 00:00 0 
675c7000-67600000 ---p 00000000 00:00 0 
67600000-67602000 r-xp 00000000 08:06 280658     /usr/lib/vlc/plugins/misc/libinhibit_plugin.so
67602000-67603000 r--p 00001000 08:06 280658     /usr/lib/vlc/plugins/misc/libinhibit_plugin.so
67603000-67604000 rw-p 00002000 08:06 280658     /usr/lib/vlc/plugins/misc/libinhibit_plugin.so
67604000-67605000 r-xp 00000000 08:06 405592     /usr/lib/vlc/plugins/audio_mixer/libfloat32_mixer_plugin.so
67605000-67606000 r--p 00000000 08:06 405592     /usr/lib/vlc/plugins/audio_mixer/libfloat32_mixer_plugin.so
67606000-67607000 rw-p 00001000 08:06 405592     /usr/lib/vlc/plugins/audio_mixer/libfloat32_mixer_plugin.so
67607000-6760c000 r-xp 00000000 08:06 1720610    /usr/lib/vlc/plugins/access/libaccess_vdr_plugin.so
6760c000-6760d000 r--p 00004000 08:06 1720610    /usr/lib/vlc/plugins/access/libaccess_vdr_plugin.so
6760d000-6760e000 rw-p 00005000 08:06 1720610    /usr/lib/vlc/plugins/access/libaccess_vdr_plugin.so
6760e000-67611000 ---p 00000000 00:00 0 
67611000-6765f000 rw-p 00000000 00:00 0 
6765f000-67660000 rwxp 00000000 00:00 0 
67660000-67663000 r-xp 00000000 08:06 1706600    /usr/lib/i386-linux-gnu/libpulse-simple.so.0.0.3
67663000-67664000 r--p 00002000 08:06 1706600    /usr/lib/i386-linux-gnu/libpulse-simple.so.0.0.3
67664000-67665000 rw-p 00003000 08:06 1706600    /usr/lib/i386-linux-gnu/libpulse-simple.so.0.0.3
67665000-67687000 r--s 00000000 08:06 669781     /usr/share/texmf/fonts/type1/public/lm/lmssdo10.pfb
67687000-676a5000 r--s 00000000 08:06 669802     /usr/share/texmf/fonts/type1/public/lm/lmvtl10.pfb
676a5000-676a7000 r-xp 00000000 08:06 405645     /usr/lib/vlc/plugins/stream_filter/libstream_filter_record_plugin.so
676a7000-676a8000 r--p 00001000 08:06 405645     /usr/lib/vlc/plugins/stream_filter/libstream_filter_record_plugin.so
676a8000-676a9000 rw-p 00002000 08:06 405645     /usr/lib/vlc/plugins/stream_filter/libstream_filter_record_plugin.so
676a9000-676bc000 r-xp 00000000 08:06 1720590    /usr/lib/vlc/plugins/access/libaccess_bd_plugin.so
676bc000-676bd000 r--p 00012000 08:06 1720590    /usr/lib/vlc/plugins/access/libaccess_bd_plugin.so
676bd000-676be000 rw-p 00013000 08:06 1720590    /usr/lib/vlc/plugins/access/libaccess_bd_plugin.so
676be000-676c3000 r-xp 00000000 08:06 1720612    /usr/lib/vlc/plugins/access/liblibbluray_plugin.so
676c3000-676c4000 r--p 00004000 08:06 1720612    /usr/lib/vlc/plugins/access/liblibbluray_plugin.so
676c4000-676c5000 rw-p 00005000 08:06 1720612    /usr/lib/vlc/plugins/access/liblibbluray_plugin.so
676c5000-676cc000 r--s 00000000 08:06 1707538    /usr/lib/i386-linux-gnu/gconv/gconv-modules.cache
676cd000-67700000 rw-s 00000000 00:04 38764600   /SYSV00000000 (deleted)
67700000-677fe000 rw-p 00000000 00:00 0 
677fe000-67800000 ---p 00000000 00:00 0 
67800000-67802000 r-xp 00000000 08:06 405485     /usr/lib/vlc/plugins/mmxext/libmemcpymmxext_plugin.so
67802000-67803000 r--p 00001000 08:06 405485     /usr/lib/vlc/plugins/mmxext/libmemcpymmxext_plugin.so
67803000-67804000 rw-p 00002000 08:06 405485     /usr/lib/vlc/plugins/mmxext/libmemcpymmxext_plugin.so
67804000-67806000 r-xp 00000000 08:06 405602     /usr/lib/vlc/plugins/services_discovery/libmtp_plugin.so
67806000-67807000 r--p 00001000 08:06 405602     /usr/lib/vlc/plugins/services_discovery/libmtp_plugin.so
67807000-67808000 rw-p 00002000 08:06 405602     /usr/lib/vlc/plugins/services_discovery/libmtp_plugin.so
67808000-6780b000 ---p 00000000 00:00 0 
6780b000-67859000 rw-p 00000000 00:00 0          [stack:9198]
67859000-678fd000 r-xp 00000000 08:06 1439056    /tmp/sqlite-3.7.151-i386-libsqlitejdbc.so
678fd000-678fe000 r--p 000a4000 08:06 1439056    /tmp/sqlite-3.7.151-i386-libsqlitejdbc.so
678fe000-678ff000 rw-p 000a5000 08:06 1439056    /tmp/sqlite-3.7.151-i386-libsqlitejdbc.so
678ff000-67900000 rw-p 00000000 00:00 0 
67900000-679fc000 rw-p 00000000 00:00 0 
679fc000-67a00000 ---p 00000000 00:00 0 
67a00000-67a01000 r-xp 00000000 08:06 1708656    /usr/lib/jvm/java-7-openjdk-i386/jre/lib/i386/libjawt.so
67a01000-67a02000 r--p 00000000 08:06 1708656    /usr/lib/jvm/java-7-openjdk-i386/jre/lib/i386/libjawt.so
67a02000-67a03000 rw-p 00001000 08:06 1708656    /usr/lib/jvm/java-7-openjdk-i386/jre/lib/i386/libjawt.so
67a03000-67a08000 r--s 0004c000 08:06 1708535    /usr/lib/jvm/java-7-openjdk-common/jre/lib/jsse.jar
67a08000-67a0b000 ---p 00000000 00:00 0 
67a0b000-67a59000 rw-p 00000000 00:00 0          [stack:9194]
67a59000-67a5c000 ---p 00000000 00:00 0 
67a5c000-67aaa000 rw-p 00000000 00:00 0          [stack:9193]
67aaa000-67abb000 r-xp 00000000 08:06 1708665    /usr/lib/jvm/java-7-openjdk-i386/jre/lib/i386/libnio.so
67abb000-67abc000 r--p 00010000 08:06 1708665    /usr/lib/jvm/java-7-openjdk-i386/jre/lib/i386/libnio.so
67abc000-67abd000 rw-p 00011000 08:06 1708665    /usr/lib/jvm/java-7-openjdk-i386/jre/lib/i386/libnio.so
67abd000-67abe000 r--s 00000000 08:06 936139     /var/cache/fontconfig/c05880de57d1f5e948fdfacc138775d9-le32d4.cache-3
67abe000-67ac4000 r--s 00000000 08:06 936131     /var/cache/fontconfig/945677eb7aeaf62f1d50efc3fb3ec7d8-le32d4.cache-3
67ac4000-67ac7000 r--s 00000000 08:06 938992     /var/cache/fontconfig/99e8ed0e538f840c565b6ed5dad60d56-le32d4.cache-3
67ac7000-67acd000 r--s 00000000 08:06 936659     /var/cache/fontconfig/a6d8cf8e4ec09cdbc8633c31745a07dd-le32d4.cache-3
67acd000-67ad0000 r--s 00000000 08:06 936113     /var/cache/fontconfig/2cd17615ca594fa2959ae173292e504c-le32d4.cache-3
67ad0000-67ad1000 r--s 00000000 08:06 936148     /var/cache/fontconfig/e7071f4a29fa870f4323321c154eba04-le32d4.cache-3
67ad1000-67ad5000 r--s 00000000 08:06 936658     /var/cache/fontconfig/6eb3985aa4124903f6ff08ba781cd364-le32d4.cache-3
67ad5000-67ad6000 r--s 00000000 08:06 936110     /var/cache/fontconfig/0d8c3b2ac0904cb8a57a757ad11a4a08-le32d4.cache-3
67ad6000-67add000 r--s 00000000 08:06 936126     /var/cache/fontconfig/6d41288fd70b0be22e8c3a91e032eec0-le32d4.cache-3
67add000-67b00000 r--s 00000000 08:06 938729     /var/cache/fontconfig/365b55f210c0a22e9a19e35191240f32-le32d4.cache-3
67b00000-67bfe000 rw-p 00000000 00:00 0 
67bfe000-67c00000 ---p 00000000 00:00 0 
67c00000-67c04000 r--s 00000000 08:06 936135     /var/cache/fontconfig/a755afe4a08bf5b97852ceb7400b47bc-le32d4.cache-3
67c04000-67c0f000 r--s 00000000 08:06 936108     /var/cache/fontconfig/04aabc0a78ac019cf9454389977116d2-le32d4.cache-3
67c0f000-67c10000 r--s 00000000 08:06 936112     /var/cache/fontconfig/1ac9eb803944fde146138c791f5cc56a-le32d4.cache-3
67c10000-67c13000 r--s 00000000 08:06 936117     /var/cache/fontconfig/385c0604a188198f04d133e54aba7fe7-le32d4.cache-3
67c13000-67c14000 r--s 00000000 08:06 938732     /var/cache/fontconfig/9c956a7723ca69a44b382d9179c9802f-le32d4.cache-3
67c14000-67c15000 r--s 00000000 08:06 936145     /var/cache/fontconfig/dc05db6664285cc2f12bf69c139ae4c3-le32d4.cache-3
67c15000-67c17000 r--s 00000000 08:06 936128     /var/cache/fontconfig/767a8244fc0220cfb567a839d0392e0b-le32d4.cache-3
67c17000-67c18000 r--s 00000000 08:06 936118     /var/cache/fontconfig/4794a0821666d79190d59a36cb4f44b5-le32d4.cache-3
67c18000-67c19000 r--s 00000000 08:06 938731     /var/cache/fontconfig/9eae20f1ff8cc0a7d125749e875856bd-le32d4.cache-3
67c19000-67c1b000 r--s 00000000 08:06 938730     /var/cache/fontconfig/bf2c1853a9e9b00bb02fe2e9bcf1e201-le32d4.cache-3
67c1b000-67c1e000 r--s 00000000 08:06 936130     /var/cache/fontconfig/8801497958630a81b71ace7c5f9b32a8-le32d4.cache-3
67c1e000-67c20000 r--s 00000000 08:06 938722     /var/cache/fontconfig/c57959a16110560c8d0fcea73374aeeb-le32d4.cache-3
67c20000-67c24000 r--s 00000000 08:06 936114     /var/cache/fontconfig/3047814df9a2f067bd2d96a2b9c36e5a-le32d4.cache-3
67c24000-67c25000 r--s 00000000 08:06 936121     /var/cache/fontconfig/56cf4f4769d0f4abc89a4895d7bd3ae1-le32d4.cache-3
67c25000-67c26000 r--s 00000000 08:06 936138     /var/cache/fontconfig/b9d506c9ac06c20b433354fa67a72993-le32d4.cache-3
67c26000-67c2a000 r--s 00000000 08:06 936137     /var/cache/fontconfig/b47c4e1ecd0709278f4910c18777a504-le32d4.cache-3
67c2a000-67c2c000 r--s 00000000 08:06 938728     /var/cache/fontconfig/14d493b97896515cad3840ba4896e372-le32d4.cache-3
67c2c000-67c32000 r--s 00000000 08:06 936657     /var/cache/fontconfig/52f7bdb7ce746bfd7eaa1985bd9cfa93-le32d4.cache-3
67c32000-67c3f000 r--s 00000000 08:06 936143     /var/cache/fontconfig/d52a8644073d54c13679302ca1180695-le32d4.cache-3
67c3f000-67c45000 r--s 00000000 08:06 936656     /var/cache/fontconfig/3f7329c5293ffd510edef78f73874cfd-le32d4.cache-3
67c45000-67c4c000 r--s 00000000 08:06 938721     /var/cache/fontconfig/83bf95040141907cd45bb53cf7c1c148-le32d4.cache-3
67c4c000-67c55000 r--s 00000000 08:06 938720     /var/cache/fontconfig/53d14c92082a93e67d5078324eb314ca-le32d4.cache-3
67c55000-67c62000 r--s 00000000 08:06 938717     /var/cache/fontconfig/4ac51e5cfbc76fc3f983e470323a16d3-le32d4.cache-3
67c62000-67c6a000 r--s 00000000 08:06 938718     /var/cache/fontconfig/e13b20fdb08344e0e664864cc2ede53d-le32d4.cache-3
67c6a000-67cad000 r-xp 00000000 08:06 1708645    /usr/lib/jvm/java-7-openjdk-i386/jre/lib/i386/libfontmanager.so
67cad000-67cae000 r--p 00043000 08:06 1708645    /usr/lib/jvm/java-7-openjdk-i386/jre/lib/i386/libfontmanager.so
67cae000-67caf000 rw-p 00044000 08:06 1708645    /usr/lib/jvm/java-7-openjdk-i386/jre/lib/i386/libfontmanager.so
67caf000-67cb2000 ---p 00000000 00:00 0 
67cb2000-67d00000 rw-p 00000000 00:00 0          [stack:9192]
67d00000-67e00000 rw-p 00000000 00:00 0 
67e00000-67e01000 r--s 00000000 08:06 938727     /var/cache/fontconfig/89034621ae2a8922916bb6bfa5799546-le32d4.cache-3
67e01000-67e03000 r--s 00000000 08:06 936147     /var/cache/fontconfig/e49e89034d371f0f9de17aab02136486-le32d4.cache-3
67e03000-67e04000 r--s 00000000 08:06 936119     /var/cache/fontconfig/4b14b093aebc79c320de5e86ae1d3314-le32d4.cache-3
67e04000-67e06000 r--s 00000000 08:06 938726     /var/cache/fontconfig/65f976e5259cbe6dc7697b8648396239-le32d4.cache-3
67e06000-67e0a000 r--s 00000000 08:06 940648     /var/cache/fontconfig/7ef2298fde41cc6eeb7af42e48b7d293-le32d4.cache-3
67e0a000-67e1b000 r--s 00000000 08:06 938993     /var/cache/fontconfig/467c019e582ee353435ea5c21d137ef6-le32d4.cache-3
67e1b000-67e1f000 r--s 00000000 08:06 394128     /home/gene/.cache/fontconfig/3ecda6abc85ff6f54114f03ae3c1fe72-le32d4.cache-3
67e1f000-67e22000 ---p 00000000 00:00 0 
67e22000-67e70000 rw-p 00000000 00:00 0          [stack:9191]
67e70000-68fdf000 r-xp 00000000 08:06 1706398    /usr/lib/i386-linux-gnu/libicudata.so.48.1.1
68fdf000-68fe0000 r--p 0116e000 08:06 1706398    /usr/lib/i386-linux-gnu/libicudata.so.48.1.1
68fe0000-68fe1000 rw-p 0116f000 08:06 1706398    /usr/lib/i386-linux-gnu/libicudata.so.48.1.1
68fe1000-68fe4000 r-xp 00000000 08:06 262501     /lib/i386-linux-gnu/libgpg-error.so.0.8.0
68fe4000-68fe5000 r--p 00002000 08:06 262501     /lib/i386-linux-gnu/libgpg-error.so.0.8.0
68fe5000-68fe6000 rw-p 00003000 08:06 262501     /lib/i386-linux-gnu/libgpg-error.so.0.8.0
68fe6000-68fe8000 r-xp 00000000 08:06 262512     /lib/i386-linux-gnu/libkeyutils.so.1.4
68fe8000-68fe9000 r--p 00002000 08:06 262512     /lib/i386-linux-gnu/libkeyutils.so.1.4
68fe9000-68fea000 rw-p 00003000 08:06 262512     /lib/i386-linux-gnu/libkeyutils.so.1.4
68fea000-69140000 r-xp 00000000 08:06 1706412    /usr/lib/i386-linux-gnu/libicuuc.so.48.1.1
69140000-6914a000 r--p 00155000 08:06 1706412    /usr/lib/i386-linux-gnu/libicuuc.so.48.1.1
6914a000-6914b000 rw-p 0015f000 08:06 1706412    /usr/lib/i386-linux-gnu/libicuuc.so.48.1.1
6914b000-6914f000 rw-p 00000000 00:00 0 
6914f000-69182000 r-xp 00000000 08:06 1706404    /usr/lib/i386-linux-gnu/libicule.so.48.1.1
69182000-69183000 ---p 00033000 08:06 1706404    /usr/lib/i386-linux-gnu/libicule.so.48.1.1
69183000-69184000 r--p 00033000 08:06 1706404    /usr/lib/i386-linux-gnu/libicule.so.48.1.1
69184000-69185000 rw-p 00034000 08:06 1706404    /usr/lib/i386-linux-gnu/libicule.so.48.1.1
69185000-691cd000 r-xp 00000000 08:06 262482     /lib/i386-linux-gnu/libdbus-1.so.3.7.2
691cd000-691ce000 r--p 00047000 08:06 262482     /lib/i386-linux-gnu/libdbus-1.so.3.7.2
691ce000-691cf000 rw-p 00048000 08:06 262482     /lib/i386-linux-gnu/libdbus-1.so.3.7.2
691cf000-691e1000 r-xp 00000000 08:06 1706541    /usr/lib/i386-linux-gnu/libp11-kit.so.0.0.0
691e1000-691e2000 r--p 00011000 08:06 1706541    /usr/lib/i386-linux-gnu/libp11-kit.so.0.0.0
691e2000-691e3000 rw-p 00012000 08:06 1706541    /usr/lib/i386-linux-gnu/libp11-kit.so.0.0.0
691e3000-691f3000 r-xp 00000000 08:06 1706699    /usr/lib/i386-linux-gnu/libtasn1.so.3.2.0
691f3000-691f4000 r--p 0000f000 08:06 1706699    /usr/lib/i386-linux-gnu/libtasn1.so.3.2.0
691f4000-691f5000 rw-p 00010000 08:06 1706699    /usr/lib/i386-linux-gnu/libtasn1.so.3.2.0
691f5000-69276000 r-xp 00000000 08:06 262497     /lib/i386-linux-gnu/libgcrypt.so.11.7.0
69276000-69277000 r--p 00080000 08:06 262497     /lib/i386-linux-gnu/libgcrypt.so.11.7.0
69277000-69279000 rw-p 00081000 08:06 262497     /lib/i386-linux-gnu/libgcrypt.so.11.7.0
69279000-69280000 r-xp 00000000 08:06 1706449    /usr/lib/i386-linux-gnu/libkrb5support.so.0.1
69280000-69281000 r--p 00006000 08:06 1706449    /usr/lib/i386-linux-gnu/libkrb5support.so.0.1
69281000-69282000 rw-p 00007000 08:06 1706449    /usr/lib/i386-linux-gnu/libkrb5support.so.0.1
69282000-69285000 r-xp 00000000 08:06 262477     /lib/i386-linux-gnu/libcom_err.so.2.1
69285000-69286000 r--p 00002000 08:06 262477     /lib/i386-linux-gnu/libcom_err.so.2.1
69286000-69287000 rw-p 00003000 08:06 262477     /lib/i386-linux-gnu/libcom_err.so.2.1
69287000-692ad000 r-xp 00000000 08:06 1706443    /usr/lib/i386-linux-gnu/libk5crypto.so.3.1
692ad000-692ae000 r--p 00026000 08:06 1706443    /usr/lib/i386-linux-gnu/libk5crypto.so.3.1
692ae000-692af000 rw-p 00027000 08:06 1706443    /usr/lib/i386-linux-gnu/libk5crypto.so.3.1
692af000-69376000 r-xp 00000000 08:06 1706447    /usr/lib/i386-linux-gnu/libkrb5.so.3.3
69376000-6937c000 r--p 000c6000 08:06 1706447    /usr/lib/i386-linux-gnu/libkrb5.so.3.3
6937c000-6937d000 rw-p 000cc000 08:06 1706447    /usr/lib/i386-linux-gnu/libkrb5.so.3.3
6937d000-69415000 r-xp 00000000 08:06 1706380    /usr/lib/i386-linux-gnu/libharfbuzz.so.0.913.0
69415000-69416000 ---p 00098000 08:06 1706380    /usr/lib/i386-linux-gnu/libharfbuzz.so.0.913.0
69416000-69417000 r--p 00098000 08:06 1706380    /usr/lib/i386-linux-gnu/libharfbuzz.so.0.913.0
69417000-69418000 rw-p 00099000 08:06 1706380    /usr/lib/i386-linux-gnu/libharfbuzz.so.0.913.0
69418000-69420000 r-xp 00000000 08:06 1706787    /usr/lib/i386-linux-gnu/libxcb-render.so.0.0.0
69420000-69421000 r--p 00008000 08:06 1706787    /usr/lib/i386-linux-gnu/libxcb-render.so.0.0.0
69421000-69422000 rw-p 00009000 08:06 1706787    /usr/lib/i386-linux-gnu/libxcb-render.so.0.0.0
69422000-69424000 r-xp 00000000 08:06 1706791    /usr/lib/i386-linux-gnu/libxcb-shm.so.0.0.0
69424000-69425000 r--p 00001000 08:06 1706791    /usr/lib/i386-linux-gnu/libxcb-shm.so.0.0.0
69425000-69426000 rw-p 00002000 08:06 1706791    /usr/lib/i386-linux-gnu/libxcb-shm.so.0.0.0
69426000-6944d000 r-xp 00000000 08:06 262578     /lib/i386-linux-gnu/libpng12.so.0.49.0
6944d000-6944e000 r--p 00026000 08:06 262578     /lib/i386-linux-gnu/libpng12.so.0.49.0
6944e000-6944f000 rw-p 00027000 08:06 262578     /lib/i386-linux-gnu/libpng12.so.0.49.0
6944f000-694e3000 r-xp 00000000 08:06 1706571    /usr/lib/i386-linux-gnu/libpixman-1.so.0.28.2
694e3000-694e8000 r--p 00093000 08:06 1706571    /usr/lib/i386-linux-gnu/libpixman-1.so.0.28.2
694e8000-694e9000 rw-p 00098000 08:06 1706571    /usr/lib/i386-linux-gnu/libpixman-1.so.0.28.2
694e9000-694ee000 r-xp 00000000 08:06 1705898    /usr/lib/i386-linux-gnu/libXdmcp.so.6.0.0
694ee000-694ef000 r--p 00004000 08:06 1705898    /usr/lib/i386-linux-gnu/libXdmcp.so.6.0.0
694ef000-694f0000 rw-p 00005000 08:06 1705898    /usr/lib/i386-linux-gnu/libXdmcp.so.6.0.0
694f0000-694f2000 r-xp 00000000 08:06 1705887    /usr/lib/i386-linux-gnu/libXau.so.6.0.0
694f2000-694f3000 r--p 00001000 08:06 1705887    /usr/lib/i386-linux-gnu/libXau.so.6.0.0
694f3000-694f4000 rw-p 00002000 08:06 1705887    /usr/lib/i386-linux-gnu/libXau.so.6.0.0
694f4000-69504000 r-xp 00000000 08:06 1705977    /usr/lib/i386-linux-gnu/libavahi-client.so.3.2.9
69504000-69505000 r--p 0000f000 08:06 1705977    /usr/lib/i386-linux-gnu/libavahi-client.so.3.2.9
69505000-69506000 rw-p 00010000 08:06 1705977    /usr/lib/i386-linux-gnu/libavahi-client.so.3.2.9
69506000-69512000 r-xp 00000000 08:06 1705979    /usr/lib/i386-linux-gnu/libavahi-common.so.3.5.3
69512000-69513000 r--p 0000b000 08:06 1705979    /usr/lib/i386-linux-gnu/libavahi-common.so.3.5.3
69513000-69514000 rw-p 0000c000 08:06 1705979    /usr/lib/i386-linux-gnu/libavahi-common.so.3.5.3
69514000-695d4000 r-xp 00000000 08:06 1706251    /usr/lib/i386-linux-gnu/libgnutls.so.26.22.6
695d4000-695d8000 r--p 000bf000 08:06 1706251    /usr/lib/i386-linux-gnu/libgnutls.so.26.22.6
695d8000-695d9000 rw-p 000c3000 08:06 1706251    /usr/lib/i386-linux-gnu/libgnutls.so.26.22.6
695d9000-69614000 r-xp 00000000 08:06 1706276    /usr/lib/i386-linux-gnu/libgssapi_krb5.so.2.2
69614000-69615000 r--p 0003a000 08:06 1706276    /usr/lib/i386-linux-gnu/libgssapi_krb5.so.2.2
69615000-69616000 rw-p 0003b000 08:06 1706276    /usr/lib/i386-linux-gnu/libgssapi_krb5.so.2.2
69616000-69655000 r-xp 00000000 08:06 262566     /lib/i386-linux-gnu/libpcre.so.3.13.1
69655000-69656000 r--p 0003f000 08:06 262566     /lib/i386-linux-gnu/libpcre.so.3.13.1
69656000-69657000 rw-p 00040000 08:06 262566     /lib/i386-linux-gnu/libpcre.so.3.13.1
69657000-6965c000 r-xp 00000000 08:06 1706141    /usr/lib/i386-linux-gnu/libffi.so.6.0.1
6965c000-6965d000 r--p 00005000 08:06 1706141    /usr/lib/i386-linux-gnu/libffi.so.6.0.1
6965d000-6965e000 rw-p 00006000 08:06 1706141    /usr/lib/i386-linux-gnu/libffi.so.6.0.1
6965e000-69683000 r-xp 00000000 08:06 262490     /lib/i386-linux-gnu/libexpat.so.1.6.0
69683000-69685000 r--p 00025000 08:06 262490     /lib/i386-linux-gnu/libexpat.so.1.6.0
69685000-69686000 rw-p 00027000 08:06 262490     /lib/i386-linux-gnu/libexpat.so.1.6.0
69686000-6971c000 r-xp 00000000 08:06 1706179    /usr/lib/i386-linux-gnu/libfreetype.so.6.10.0
6971c000-69720000 r--p 00095000 08:06 1706179    /usr/lib/i386-linux-gnu/libfreetype.so.6.10.0
69720000-69721000 rw-p 00099000 08:06 1706179    /usr/lib/i386-linux-gnu/libfreetype.so.6.10.0
69721000-69734000 r-xp 00000000 08:06 262589     /lib/i386-linux-gnu/libresolv-2.17.so
69734000-69735000 r--p 00013000 08:06 262589     /lib/i386-linux-gnu/libresolv-2.17.so
69735000-69736000 rw-p 00014000 08:06 262589     /lib/i386-linux-gnu/libresolv-2.17.so
69736000-69738000 rw-p 00000000 00:00 0 
69738000-69755000 r-xp 00000000 08:06 262593     /lib/i386-linux-gnu/libselinux.so.1
69755000-69756000 r--p 0001c000 08:06 262593     /lib/i386-linux-gnu/libselinux.so.1
69756000-69757000 rw-p 0001d000 08:06 262593     /lib/i386-linux-gnu/libselinux.so.1
69757000-69759000 r-xp 00000000 08:06 1705896    /usr/lib/i386-linux-gnu/libXdamage.so.1.1.0
69759000-6975a000 r--p 00001000 08:06 1705896    /usr/lib/i386-linux-gnu/libXdamage.so.1.1.0
6975a000-6975b000 rw-p 00002000 08:06 1705896    /usr/lib/i386-linux-gnu/libXdamage.so.1.1.0
6975b000-6975d000 r-xp 00000000 08:06 1705892    /usr/lib/i386-linux-gnu/libXcomposite.so.1.0.0
6975d000-6975e000 r--p 00001000 08:06 1705892    /usr/lib/i386-linux-gnu/libXcomposite.so.1.0.0
6975e000-6975f000 rw-p 00002000 08:06 1705892    /usr/lib/i386-linux-gnu/libXcomposite.so.1.0.0
6975f000-69768000 r-xp 00000000 08:06 1705894    /usr/lib/i386-linux-gnu/libXcursor.so.1.0.2
69768000-69769000 r--p 00008000 08:06 1705894    /usr/lib/i386-linux-gnu/libXcursor.so.1.0.2
69769000-6976a000 rw-p 00009000 08:06 1705894    /usr/lib/i386-linux-gnu/libXcursor.so.1.0.2
6976a000-69773000 r-xp 00000000 08:06 1705918    /usr/lib/i386-linux-gnu/libXrandr.so.2.2.0
69773000-69774000 r--p 00008000 08:06 1705918    /usr/lib/i386-linux-gnu/libXrandr.so.2.2.0
69774000-69775000 rw-p 00009000 08:06 1705918    /usr/lib/i386-linux-gnu/libXrandr.so.2.2.0
69775000-69787000 r-xp 00000000 08:06 1706553    /usr/lib/i386-linux-gnu/libpangoft2-1.0.so.0.3200.5
69787000-69788000 r--p 00011000 08:06 1706553    /usr/lib/i386-linux-gnu/libpangoft2-1.0.so.0.3200.5
69788000-69789000 rw-p 00012000 08:06 1706553    /usr/lib/i386-linux-gnu/libpangoft2-1.0.so.0.3200.5
69789000-6989c000 r-xp 00000000 08:06 1706005    /usr/lib/i386-linux-gnu/libcairo.so.2.11200.14
6989c000-6989e000 r--p 00113000 08:06 1706005    /usr/lib/i386-linux-gnu/libcairo.so.2.11200.14
6989e000-6989f000 rw-p 00115000 08:06 1706005    /usr/lib/i386-linux-gnu/libcairo.so.2.11200.14
6989f000-698a0000 rw-p 00000000 00:00 0 
698a0000-698be000 r-xp 00000000 08:06 1705967    /usr/lib/i386-linux-gnu/libatk-1.0.so.0.20809.1
698be000-698c0000 r--p 0001d000 08:06 1705967    /usr/lib/i386-linux-gnu/libatk-1.0.so.0.20809.1
698c0000-698c1000 rw-p 0001f000 08:06 1705967    /usr/lib/i386-linux-gnu/libatk-1.0.so.0.20809.1
698c1000-698e1000 r-xp 00000000 08:06 1720908    /usr/lib/i386-linux-gnu/libxcb.so.1.1.0
698e1000-698e2000 r--p 0001f000 08:06 1720908    /usr/lib/i386-linux-gnu/libxcb.so.1.1.0
698e2000-698e3000 rw-p 00020000 08:06 1720908    /usr/lib/i386-linux-gnu/libxcb.so.1.1.0
698e3000-6993d000 r-xp 00000000 08:06 1706064    /usr/lib/i386-linux-gnu/libcups.so.2
6993d000-6993e000 ---p 0005a000 08:06 1706064    /usr/lib/i386-linux-gnu/libcups.so.2
6993e000-69941000 r--p 0005a000 08:06 1706064    /usr/lib/i386-linux-gnu/libcups.so.2
69941000-69942000 rw-p 0005d000 08:06 1706064    /usr/lib/i386-linux-gnu/libcups.so.2
69942000-69a41000 r-xp 00000000 08:06 262499     /lib/i386-linux-gnu/libglib-2.0.so.0.3600.0
69a41000-69a42000 r--p 000fe000 08:06 262499     /lib/i386-linux-gnu/libglib-2.0.so.0.3600.0
69a42000-69a43000 rw-p 000ff000 08:06 262499     /lib/i386-linux-gnu/libglib-2.0.so.0.3600.0
69a43000-69a91000 r-xp 00000000 08:06 1706257    /usr/lib/i386-linux-gnu/libgobject-2.0.so.0.3600.0
69a91000-69a92000 r--p 0004d000 08:06 1706257    /usr/lib/i386-linux-gnu/libgobject-2.0.so.0.3600.0
69a92000-69a93000 rw-p 0004e000 08:06 1706257    /usr/lib/i386-linux-gnu/libgobject-2.0.so.0.3600.0
69a93000-69aca000 r-xp 00000000 08:06 1706167    /usr/lib/i386-linux-gnu/libfontconfig.so.1.6.2
69aca000-69acb000 r--p 00036000 08:06 1706167    /usr/lib/i386-linux-gnu/libfontconfig.so.1.6.2
69acb000-69acc000 rw-p 00037000 08:06 1706167    /usr/lib/i386-linux-gnu/libfontconfig.so.1.6.2
69acc000-69b15000 r-xp 00000000 08:06 1706549    /usr/lib/i386-linux-gnu/libpango-1.0.so.0.3200.5
69b15000-69b16000 r--p 00049000 08:06 1706549    /usr/lib/i386-linux-gnu/libpango-1.0.so.0.3200.5
69b16000-69b17000 rw-p 0004a000 08:06 1706549    /usr/lib/i386-linux-gnu/libpango-1.0.so.0.3200.5
69b17000-69b37000 r-xp 00000000 08:06 1706208    /usr/lib/i386-linux-gnu/libgdk_pixbuf-2.0.so.0.2800.0
69b37000-69b38000 ---p 00020000 08:06 1706208    /usr/lib/i386-linux-gnu/libgdk_pixbuf-2.0.so.0.2800.0
69b38000-69b39000 r--p 00020000 08:06 1706208    /usr/lib/i386-linux-gnu/libgdk_pixbuf-2.0.so.0.2800.0
69b39000-69b3a000 rw-p 00021000 08:06 1706208    /usr/lib/i386-linux-gnu/libgdk_pixbuf-2.0.so.0.2800.0
69b3a000-69c9a000 r-xp 00000000 08:06 1706227    /usr/lib/i386-linux-gnu/libgio-2.0.so.0.3600.0
69c9a000-69c9c000 r--p 00160000 08:06 1706227    /usr/lib/i386-linux-gnu/libgio-2.0.so.0.3600.0
69c9c000-69c9d000 rw-p 00162000 08:06 1706227    /usr/lib/i386-linux-gnu/libgio-2.0.so.0.3600.0
69c9d000-69c9e000 rw-p 00000000 00:00 0 
69c9e000-69d49000 r-xp 00000000 08:06 1706206    /usr/lib/i386-linux-gnu/libgdk-x11-2.0.so.0.2400.17
69d49000-69d4b000 r--p 000ab000 08:06 1706206    /usr/lib/i386-linux-gnu/libgdk-x11-2.0.so.0.2400.17
69d4b000-69d4c000 rw-p 000ad000 08:06 1706206    /usr/lib/i386-linux-gnu/libgdk-x11-2.0.so.0.2400.17
69d4c000-6a1ad000 r-xp 00000000 08:06 1706364    /usr/lib/i386-linux-gnu/libgtk-x11-2.0.so.0.2400.17
6a1ad000-6a1b1000 r--p 00461000 08:06 1706364    /usr/lib/i386-linux-gnu/libgtk-x11-2.0.so.0.2400.17
6a1b1000-6a1b3000 rw-p 00465000 08:06 1706364    /usr/lib/i386-linux-gnu/libgtk-x11-2.0.so.0.2400.17
6a1b3000-6a1b5000 rw-p 00000000 00:00 0 
6a1b5000-6a2e8000 r-xp 00000000 08:06 1706796    /usr/lib/i386-linux-gnu/libX11.so.6.3.0
6a2e8000-6a2e9000 r--p 00132000 08:06 1706796    /usr/lib/i386-linux-gnu/libX11.so.6.3.0
6a2e9000-6a2ec000 rw-p 00133000 08:06 1706796    /usr/lib/i386-linux-gnu/libX11.so.6.3.0
6a2ec000-6a33e000 r-xp 00000000 08:06 1708686    /usr/lib/jvm/java-7-openjdk-i386/jre/lib/i386/xawt/libmawt.so
6a33e000-6a33f000 r--p 00051000 08:06 1708686    /usr/lib/jvm/java-7-openjdk-i386/jre/lib/i386/xawt/libmawt.so
6a33f000-6a341000 rw-p 00052000 08:06 1708686    /usr/lib/jvm/java-7-openjdk-i386/jre/lib/i386/xawt/libmawt.so
6a341000-6a342000 rw-p 00000000 00:00 0 
6a342000-6a3d4000 r-xp 00000000 08:06 1708643    /usr/lib/jvm/java-7-openjdk-i386/jre/lib/i386/libawt.so
6a3d4000-6a3d5000 r--p 00091000 08:06 1708643    /usr/lib/jvm/java-7-openjdk-i386/jre/lib/i386/libawt.so
6a3d5000-6a3dc000 rw-p 00092000 08:06 1708643    /usr/lib/jvm/java-7-openjdk-i386/jre/lib/i386/libawt.so
6a3dc000-6a400000 rw-p 00000000 00:00 0 
6a400000-6a4fc000 rw-p 00000000 00:00 0 
6a4fc000-6a500000 ---p 00000000 00:00 0 
6a500000-6a501000 r--s 00000000 08:06 938725     /var/cache/fontconfig/94f7fe9bd33aadfac165873bd010d595-le32d4.cache-3
6a501000-6a503000 r--s 00000000 08:06 936655     /var/cache/fontconfig/67709b7835c0f764c1135060c9575660-le32d4.cache-3
6a503000-6a508000 r-xp 00000000 08:06 1705902    /usr/lib/i386-linux-gnu/libXfixes.so.3.1.0
6a508000-6a509000 r--p 00004000 08:06 1705902    /usr/lib/i386-linux-gnu/libXfixes.so.3.1.0
6a509000-6a50a000 rw-p 00005000 08:06 1705902    /usr/lib/i386-linux-gnu/libXfixes.so.3.1.0
6a50a000-6a515000 r-xp 00000000 08:06 1706551    /usr/lib/i386-linux-gnu/libpangocairo-1.0.so.0.3200.5
6a515000-6a516000 r--p 0000a000 08:06 1706551    /usr/lib/i386-linux-gnu/libpangocairo-1.0.so.0.3200.5
6a516000-6a517000 rw-p 0000b000 08:06 1706551    /usr/lib/i386-linux-gnu/libpangocairo-1.0.so.0.3200.5
6a517000-6a51a000 r-xp 00000000 08:06 1706237    /usr/lib/i386-linux-gnu/libgmodule-2.0.so.0.3600.0
6a51a000-6a51b000 r--p 00002000 08:06 1706237    /usr/lib/i386-linux-gnu/libgmodule-2.0.so.0.3600.0
6a51b000-6a51c000 rw-p 00003000 08:06 1706237    /usr/lib/i386-linux-gnu/libgmodule-2.0.so.0.3600.0
6a51c000-6a52a000 r-xp 00000000 08:06 1705906    /usr/lib/i386-linux-gnu/libXi.so.6.1.0
6a52a000-6a52b000 r--p 0000d000 08:06 1705906    /usr/lib/i386-linux-gnu/libXi.so.6.1.0
6a52b000-6a52c000 rw-p 0000e000 08:06 1705906    /usr/lib/i386-linux-gnu/libXi.so.6.1.0
6a52c000-6a52d000 ---p 00000000 00:00 0 
6a52d000-6a5ad000 rw-p 00000000 00:00 0          [stack:9190]
6a5ad000-6a5b0000 ---p 00000000 00:00 0 
6a5b0000-6a5fe000 rw-p 00000000 00:00 0          [stack:9189]
6a5fe000-6a601000 ---p 00000000 00:00 0 
6a601000-6a67f000 rw-p 00000000 00:00 0          [stack:9188]
6a67f000-6a682000 ---p 00000000 00:00 0 
6a682000-6a700000 rw-p 00000000 00:00 0          [stack:9187]
6a700000-6a900000 r--p 00000000 08:06 1709808    /usr/lib/locale/locale-archive
6a900000-6aa00000 rw-p 00000000 00:00 0 
6aa00000-6ab00000 rw-p 00000000 00:00 0 
6ab00000-6abf9000 rw-p 00000000 00:00 0 
6abf9000-6ac00000 ---p 00000000 00:00 0 
6ac00000-6ac02000 r-xp 00000000 08:06 1705908    /usr/lib/i386-linux-gnu/libXinerama.so.1.0.0
6ac02000-6ac03000 r--p 00001000 08:06 1705908    /usr/lib/i386-linux-gnu/libXinerama.so.1.0.0
6ac03000-6ac04000 rw-p 00002000 08:06 1705908    /usr/lib/i386-linux-gnu/libXinerama.so.1.0.0
6ac04000-6ac09000 r-xp 00000000 08:06 1705926    /usr/lib/i386-linux-gnu/libXtst.so.6.1.0
6ac09000-6ac0a000 r--p 00004000 08:06 1705926    /usr/lib/i386-linux-gnu/libXtst.so.6.1.0
6ac0a000-6ac0b000 rw-p 00005000 08:06 1705926    /usr/lib/i386-linux-gnu/libXtst.so.6.1.0
6ac0b000-6ac13000 r-xp 00000000 08:06 1705920    /usr/lib/i386-linux-gnu/libXrender.so.1.3.0
6ac13000-6ac14000 r--p 00007000 08:06 1705920    /usr/lib/i386-linux-gnu/libXrender.so.1.3.0
6ac14000-6ac15000 rw-p 00008000 08:06 1705920    /usr/lib/i386-linux-gnu/libXrender.so.1.3.0
6ac15000-6ac16000 r--s 00000000 08:06 938724     /var/cache/fontconfig/423767150eb258c59035de29db6fca84-le32d4.cache-3
6ac16000-6ac2c000 r-xp 00000000 08:06 1708664    /usr/lib/jvm/java-7-openjdk-i386/jre/lib/i386/libnet.so
6ac2c000-6ac2d000 r--p 00015000 08:06 1708664    /usr/lib/jvm/java-7-openjdk-i386/jre/lib/i386/libnet.so
6ac2d000-6ac2e000 rw-p 00016000 08:06 1708664    /usr/lib/jvm/java-7-openjdk-i386/jre/lib/i386/libnet.so
6ac2e000-6ac31000 ---p 00000000 00:00 0 
6ac31000-6ac7f000 rw-p 00000000 00:00 0          [stack:9186]
6ac7f000-6ac80000 ---p 00000000 00:00 0 
6ac80000-6ad00000 rw-p 00000000 00:00 0          [stack:9183]
6ad00000-6adff000 rw-p 00000000 00:00 0 
6adff000-6ae00000 ---p 00000000 00:00 0 
6ae00000-6ae01000 r--s 00000000 08:06 938723     /var/cache/fontconfig/406a1d2d2bf3ed7664fbadefac0b2f66-le32d4.cache-3
6ae01000-6ae02000 r-xp 00000000 08:06 1706360    /usr/lib/i386-linux-gnu/libgthread-2.0.so.0.3600.0
6ae02000-6ae03000 r--p 00000000 08:06 1706360    /usr/lib/i386-linux-gnu/libgthread-2.0.so.0.3600.0
6ae03000-6ae04000 rw-p 00001000 08:06 1706360    /usr/lib/i386-linux-gnu/libgthread-2.0.so.0.3600.0
6ae04000-6ae14000 r-xp 00000000 08:06 1705900    /usr/lib/i386-linux-gnu/libXext.so.6.4.0
6ae14000-6ae15000 r--p 0000f000 08:06 1705900    /usr/lib/i386-linux-gnu/libXext.so.6.4.0
6ae15000-6ae16000 rw-p 00010000 08:06 1705900    /usr/lib/i386-linux-gnu/libXext.so.6.4.0
6ae16000-6ae21000 r--s 001fb000 08:06 1708529    /usr/lib/jvm/java-7-openjdk-common/jre/lib/charsets.jar
6ae21000-6ae2a000 r--s 000bc000 08:06 1708538    /usr/lib/jvm/java-7-openjdk-common/jre/lib/resources.jar
6ae2a000-6ae35000 r--s 001fb000 08:06 1708529    /usr/lib/jvm/java-7-openjdk-common/jre/lib/charsets.jar
6ae35000-6afe2000 r--s 01cde000 08:06 1708621    /usr/lib/jvm/java-7-openjdk-i386/jre/lib/rt.jar
6afe2000-6dd00000 rw-p 00000000 00:00 0 
6dd00000-6ddeb000 rw-p 00000000 00:00 0 
6ddeb000-6de00000 ---p 00000000 00:00 0 
6de00000-6de01000 r--s 00000000 08:06 936109     /var/cache/fontconfig/0c9eb80ebd1c36541ebe2852d3bb0c49-le32d4.cache-3
6de01000-6de02000 r--s 00000000 08:06 936124     /var/cache/fontconfig/62f91419b9ebdb6975e7e41ab6412357-le32d4.cache-3
6de02000-6de15000 r--s 00179000 08:06 1724490    /home/gene/Downloads/ll/vlcj-2.4.1/vlcj-2.4.1-javadoc.jar
6de15000-6de24000 r--s 00115000 08:06 1724216    /home/gene/Downloads/ll/vlcj-2.4.1/platform-3.5.2.jar
6de24000-6de2e000 r--s 0004b000 08:06 1724492    /home/gene/Downloads/ll/vlcj-2.4.1/vlcj-2.4.1.jar
6de2e000-6de31000 ---p 00000000 00:00 0 
6de31000-6de7f000 rw-p 00000000 00:00 0          [stack:9185]
6de7f000-6de80000 ---p 00000000 00:00 0 
6de80000-6df00000 rw-p 00000000 00:00 0          [stack:9182]
6df00000-6df36000 rw-p 00000000 00:00 0 
6df36000-6e000000 ---p 00000000 00:00 0 
6e000000-6e040000 rw-p 00000000 00:00 0 
6e040000-6e100000 ---p 00000000 00:00 0 
6e100000-6e107000 r--s 00094000 08:06 1784822    /home/gene/netbeans-7.3.1/java/modules/ext/beansbinding-1.2.1.jar
6e107000-6e116000 r--s 000d3000 08:06 1786959    /home/gene/Downloads/jaudiotagger-2.2.0-20130321.142353-1.jar
6e116000-6e12e000 r--s 001b9000 08:06 1779640    /home/gene/lab/music/playmp3/jmf.jar
6e12e000-6e131000 ---p 00000000 00:00 0 
6e131000-6e17f000 rw-p 00000000 00:00 0          [stack:9184]
6e17f000-6e180000 ---p 00000000 00:00 0 
6e180000-6e200000 rw-p 00000000 00:00 0          [stack:9181]
6e200000-6e23e000 rw-p 00000000 00:00 0 
6e23e000-6e300000 ---p 00000000 00:00 0 
6e300000-6e301000 r--s 00000000 08:06 938994     /var/cache/fontconfig/e0aa53bcfa504e64f87823c16bc01eb6-le32d4.cache-3
6e301000-6e304000 r--s 000a6000 08:06 1724183    /home/gene/Downloads/ll/vlcj-2.4.1/jna-3.5.2.jar
6e304000-6e307000 r--s 00027000 08:06 1798650    /home/gene/Downloads/rs2xml.jar
6e307000-6e309000 r--s 00380000 08:06 1795454    /home/gene/Downloads/sqlite-jdbc-3.7.15-M1.jar
6e309000-6e30b000 r--s 00006000 08:06 137009     /usr/share/java/java-atk-wrapper.jar
6e30b000-6e353000 rw-p 00000000 00:00 0 
6e353000-6e354000 ---p 00000000 00:00 0 
6e354000-6e3d4000 rw-p 00000000 00:00 0          [stack:9180]
6e3d4000-6e3d5000 ---p 00000000 00:00 0 
6e3d5000-6e45d000 rw-p 00000000 00:00 0          [stack:9179]
6e45d000-6e495000 rw-p 00000000 00:00 0 
6e495000-6e4aa000 rw-p 00000000 00:00 0 
6e4aa000-6e5d9000 rw-p 00000000 00:00 0 
6e5d9000-6e5e1000 rw-p 00000000 00:00 0 
6e5e1000-6e619000 rw-p 00000000 00:00 0 
6e619000-6e62e000 rw-p 00000000 00:00 0 
6e62e000-6e75d000 rw-p 00000000 00:00 0 
6e75d000-6e76b000 rw-p 00000000 00:00 0 
6e76b000-6e76f000 ---p 00000000 00:00 0 
6e76f000-6e7ff000 rw-p 00000000 00:00 0 
6e7ff000-6f800000 rw-p 00000000 00:00 0 
6f800000-76800000 rw-p 00000000 00:00 0 
76800000-79080000 rw-p 00000000 00:00 0 
79080000-9f000000 rw-p 00000000 00:00 0 
9f000000-a0b10000 rw-p 00000000 00:00 0 
a0b10000-a1360000 ---p 00000000 00:00 0 
a1360000-b3400000 rw-p 00000000 00:00 0 
b3400000-b3401000 r--s 00014000 08:06 1795668    /home/gene/lab/music/playmp3/mp3plugin.jar
b3401000-b340a000 rw-p 00000000 00:00 0 
b340a000-b34c1000 rw-p 00000000 00:00 0 
b34c1000-b3701000 rwxp 00000000 00:00 0 
b3701000-b64c1000 rw-p 00000000 00:00 0 
b64c1000-b64cc000 r-xp 00000000 08:06 262543     /lib/i386-linux-gnu/libnss_files-2.17.so
b64cc000-b64cd000 r--p 0000a000 08:06 262543     /lib/i386-linux-gnu/libnss_files-2.17.so
b64cd000-b64ce000 rw-p 0000b000 08:06 262543     /lib/i386-linux-gnu/libnss_files-2.17.so
b64ce000-b64e3000 r-xp 00000000 08:06 262537     /lib/i386-linux-gnu/libnsl-2.17.so
b64e3000-b64e4000 r--p 00014000 08:06 262537     /lib/i386-linux-gnu/libnsl-2.17.so
b64e4000-b64e5000 rw-p 00015000 08:06 262537     /lib/i386-linux-gnu/libnsl-2.17.so
b64e5000-b64e7000 rw-p 00000000 00:00 0 
b64e7000-b64ea000 r--s 0000f000 08:06 1708547    /usr/lib/jvm/java-7-openjdk-common/jre/lib/ext/pulse-java.jar
b64ea000-b64ee000 r--s 00085000 08:06 1708546    /usr/lib/jvm/java-7-openjdk-common/jre/lib/ext/localedata.jar
b64ee000-b64f0000 r--s 00012000 08:06 1708550    /usr/lib/jvm/java-7-openjdk-common/jre/lib/ext/zipfs.jar
b64f0000-b64f3000 r--s 00032000 08:06 1708548    /usr/lib/jvm/java-7-openjdk-common/jre/lib/ext/sunjce_provider.jar
b64f3000-b64f6000 r--s 0003c000 08:06 1708549    /usr/lib/jvm/java-7-openjdk-common/jre/lib/ext/sunpkcs11.jar
b64f6000-b64fe000 r-xp 00000000 08:06 1708674    /usr/lib/jvm/java-7-openjdk-i386/jre/lib/i386/libzip.so
b64fe000-b64ff000 r--p 00007000 08:06 1708674    /usr/lib/jvm/java-7-openjdk-i386/jre/lib/i386/libzip.so
b64ff000-b6500000 rw-p 00008000 08:06 1708674    /usr/lib/jvm/java-7-openjdk-i386/jre/lib/i386/libzip.so
b6500000-b65fc000 rw-p 00000000 00:00 0 
b65fc000-b6600000 ---p 00000000 00:00 0 
b6600000-b6601000 r--s 00002000 08:06 1708545    /usr/lib/jvm/java-7-openjdk-common/jre/lib/ext/dnsns.jar
b6601000-b6602000 r--p 005db000 08:06 1709808    /usr/lib/locale/locale-archive
b6602000-b660c000 r-xp 00000000 08:06 262548     /lib/i386-linux-gnu/libnss_nis-2.17.so
b660c000-b660d000 r--p 00009000 08:06 262548     /lib/i386-linux-gnu/libnss_nis-2.17.so
b660d000-b660e000 rw-p 0000a000 08:06 262548     /lib/i386-linux-gnu/libnss_nis-2.17.so
b660e000-b6615000 r-xp 00000000 08:06 262539     /lib/i386-linux-gnu/libnss_compat-2.17.so
b6615000-b6616000 r--p 00006000 08:06 262539     /lib/i386-linux-gnu/libnss_compat-2.17.so
b6616000-b6617000 rw-p 00007000 08:06 262539     /lib/i386-linux-gnu/libnss_compat-2.17.so
b6617000-b663e000 r-xp 00000000 08:06 1708652    /usr/lib/jvm/java-7-openjdk-i386/jre/lib/i386/libjava.so
b663e000-b663f000 r--p 00026000 08:06 1708652    /usr/lib/jvm/java-7-openjdk-i386/jre/lib/i386/libjava.so
b663f000-b6640000 rw-p 00027000 08:06 1708652    /usr/lib/jvm/java-7-openjdk-i386/jre/lib/i386/libjava.so
b6640000-b6647000 r-xp 00000000 08:06 262591     /lib/i386-linux-gnu/librt-2.17.so
b6647000-b6648000 r--p 00006000 08:06 262591     /lib/i386-linux-gnu/librt-2.17.so
b6648000-b6649000 rw-p 00007000 08:06 262591     /lib/i386-linux-gnu/librt-2.17.so
b6649000-b664c000 ---p 00000000 00:00 0 
b664c000-b669a000 rw-p 00000000 00:00 0          [stack:9178]
b669a000-b66b5000 r-xp 00000000 08:06 262495     /lib/i386-linux-gnu/libgcc_s.so.1
b66b5000-b66b6000 r--p 0001a000 08:06 262495     /lib/i386-linux-gnu/libgcc_s.so.1
b66b6000-b66b7000 rw-p 0001b000 08:06 262495     /lib/i386-linux-gnu/libgcc_s.so.1
b66b7000-b66f8000 r-xp 00000000 08:06 262518     /lib/i386-linux-gnu/libm-2.17.so
b66f8000-b66f9000 r--p 00040000 08:06 262518     /lib/i386-linux-gnu/libm-2.17.so
b66f9000-b66fa000 rw-p 00041000 08:06 262518     /lib/i386-linux-gnu/libm-2.17.so
b66fa000-b67d6000 r-xp 00000000 08:06 1706691    /usr/lib/i386-linux-gnu/libstdc++.so.6.0.17
b67d6000-b67d7000 ---p 000dc000 08:06 1706691    /usr/lib/i386-linux-gnu/libstdc++.so.6.0.17
b67d7000-b67db000 r--p 000dc000 08:06 1706691    /usr/lib/i386-linux-gnu/libstdc++.so.6.0.17
b67db000-b67dc000 rw-p 000e0000 08:06 1706691    /usr/lib/i386-linux-gnu/libstdc++.so.6.0.17
b67dc000-b67e3000 rw-p 00000000 00:00 0 
b67e3000-b70d8000 r-xp 00000000 08:06 1708685    /usr/lib/jvm/java-7-openjdk-i386/jre/lib/i386/server/libjvm.so
b70d8000-b711f000 r--p 008f4000 08:06 1708685    /usr/lib/jvm/java-7-openjdk-i386/jre/lib/i386/server/libjvm.so
b711f000-b7133000 rw-p 0093b000 08:06 1708685    /usr/lib/jvm/java-7-openjdk-i386/jre/lib/i386/server/libjvm.so
b7133000-b7551000 rw-p 00000000 00:00 0 
b7551000-b7568000 r-xp 00000000 08:06 262624     /lib/i386-linux-gnu/libz.so.1.2.7
b7568000-b7569000 r--p 00016000 08:06 262624     /lib/i386-linux-gnu/libz.so.1.2.7
b7569000-b756a000 rw-p 00017000 08:06 262624     /lib/i386-linux-gnu/libz.so.1.2.7
b756a000-b7581000 r-xp 00000000 08:06 262583     /lib/i386-linux-gnu/libpthread-2.17.so
b7581000-b7582000 r--p 00016000 08:06 262583     /lib/i386-linux-gnu/libpthread-2.17.so
b7582000-b7583000 rw-p 00017000 08:06 262583     /lib/i386-linux-gnu/libpthread-2.17.so
b7583000-b7585000 rw-p 00000000 00:00 0 
b7585000-b7588000 r-xp 00000000 08:06 262485     /lib/i386-linux-gnu/libdl-2.17.so
b7588000-b7589000 r--p 00002000 08:06 262485     /lib/i386-linux-gnu/libdl-2.17.so
b7589000-b758a000 rw-p 00003000 08:06 262485     /lib/i386-linux-gnu/libdl-2.17.so
b758a000-b7737000 r-xp 00000000 08:06 262470     /lib/i386-linux-gnu/libc-2.17.so
b7737000-b7739000 r--p 001ad000 08:06 262470     /lib/i386-linux-gnu/libc-2.17.so
b7739000-b773a000 rw-p 001af000 08:06 262470     /lib/i386-linux-gnu/libc-2.17.so
b773a000-b773d000 rw-p 00000000 00:00 0 
b773d000-b7745000 rw-s 00000000 08:06 1439246    /tmp/hsperfdata_gene/9174
b7745000-b7746000 rw-p 00000000 00:00 0 
b7746000-b7747000 r--p 00000000 00:00 0 
b7747000-b7754000 r-xp 00000000 08:06 1708673    /usr/lib/jvm/java-7-openjdk-i386/jre/lib/i386/libverify.so
b7754000-b7755000 r--p 0000d000 08:06 1708673    /usr/lib/jvm/java-7-openjdk-i386/jre/lib/i386/libverify.so
b7755000-b7756000 rw-p 0000e000 08:06 1708673    /usr/lib/jvm/java-7-openjdk-i386/jre/lib/i386/libverify.so
b7756000-b7763000 r-xp 00000000 08:06 1708681    /usr/lib/jvm/java-7-openjdk-i386/jre/lib/i386/jli/libjli.so
b7763000-b7764000 r--p 0000c000 08:06 1708681    /usr/lib/jvm/java-7-openjdk-i386/jre/lib/i386/jli/libjli.so
b7764000-b7765000 rw-p 0000d000 08:06 1708681    /usr/lib/jvm/java-7-openjdk-i386/jre/lib/i386/jli/libjli.so
b7765000-b7768000 rw-p 00000000 00:00 0 
b7768000-b7769000 r-xp 00000000 00:00 0          [vdso]
b7769000-b7789000 r-xp 00000000 08:06 262446     /lib/i386-linux-gnu/ld-2.17.so
b7789000-b778a000 r--p 0001f000 08:06 262446     /lib/i386-linux-gnu/ld-2.17.so
b778a000-b778b000 rw-p 00020000 08:06 262446     /lib/i386-linux-gnu/ld-2.17.so
bfc53000-bfc74000 rw-p 00000000 00:00 0          [stack]

VM Arguments:
jvm_args: -Dfile.encoding=UTF-8 
java_command: musicplayer.Musicplayer
Launcher Type: SUN_STANDARD

Environment Variables:
PATH=/usr/local/sbin:/usr/local/bin:/usr/sbin:/usr/bin:/sbin:/bin:/usr/games:/usr/local/games
USERNAME=gene
LD_LIBRARY_PATH=/usr/lib/jvm/default-java/jre/lib/amd64:/usr/lib/jvm/default-java/jre/lib/i386:
SHELL=/bin/bash
DISPLAY=:0

Signal Handlers:
SIGSEGV: [libjvm.so+0x7598c0], sa_mask[0]=0x7ffbfeff, sa_flags=0x10000004
SIGBUS: [libjvm.so+0x7598c0], sa_mask[0]=0x7ffbfeff, sa_flags=0x10000004
SIGFPE: [libjvm.so+0x5f54f0], sa_mask[0]=0x7ffbfeff, sa_flags=0x10000004
SIGPIPE: [libjvm.so+0x5f54f0], sa_mask[0]=0x7ffbfeff, sa_flags=0x10000004
SIGXFSZ: [libjvm.so+0x5f54f0], sa_mask[0]=0x7ffbfeff, sa_flags=0x10000004
SIGILL: [libjvm.so+0x5f54f0], sa_mask[0]=0x7ffbfeff, sa_flags=0x10000004
SIGUSR1: SIG_DFL, sa_mask[0]=0x00000000, sa_flags=0x00000000
SIGUSR2: [libjvm.so+0x5f53a0], sa_mask[0]=0x00000004, sa_flags=0x10000004
SIGHUP: [libjvm.so+0x5f5930], sa_mask[0]=0x7ffbfeff, sa_flags=0x10000004
SIGINT: SIG_IGN, sa_mask[0]=0x00000000, sa_flags=0x00000000
SIGTERM: [libjvm.so+0x5f5930], sa_mask[0]=0x7ffbfeff, sa_flags=0x10000004
SIGQUIT: [libjvm.so+0x5f5930], sa_mask[0]=0x7ffbfeff, sa_flags=0x10000004


---------------  S Y S T E M  ---------------

OS:Ubuntu 13.04 (raring)
uname:Linux 3.8.0-19-generic #29-Ubuntu SMP Wed Apr 17 18:19:42 UTC 2013 i686
libc:glibc 2.17 NPTL 2.17 
rlimit: STACK 8192k, CORE 0k, NPROC 30928, NOFILE 4096, AS infinity
load average:1.38 3.97 2.22

/proc/meminfo:
MemTotal:        3975340 kB
MemFree:         2085156 kB
Buffers:          127564 kB
Cached:           945536 kB
SwapCached:            0 kB
Active:           928956 kB
Inactive:         846608 kB
Active(anon):     708580 kB
Inactive(anon):   161728 kB
Active(file):     220376 kB
Inactive(file):   684880 kB
Unevictable:           0 kB
Mlocked:               0 kB
HighTotal:       3125056 kB
HighFree:        1459388 kB
LowTotal:         850284 kB
LowFree:          625768 kB
SwapTotal:       2047996 kB
SwapFree:        2047996 kB
Dirty:               656 kB
Writeback:             0 kB
AnonPages:        702356 kB
Mapped:           153480 kB
Shmem:            167816 kB
Slab:              80768 kB
SReclaimable:      60676 kB
SUnreclaim:        20092 kB
KernelStack:        3592 kB
PageTables:         7396 kB
NFS_Unstable:          0 kB
Bounce:                0 kB
WritebackTmp:          0 kB
CommitLimit:     4035664 kB
Committed_AS:    2643692 kB
VmallocTotal:     122880 kB
VmallocUsed:       19540 kB
VmallocChunk:      88312 kB
HardwareCorrupted:     0 kB
AnonHugePages:         0 kB
HugePages_Total:       0
HugePages_Free:        0
HugePages_Rsvd:        0
HugePages_Surp:        0
Hugepagesize:       2048 kB
DirectMap4k:       10232 kB
DirectMap2M:      903168 kB


CPU:total 4 (2 cores per cpu, 2 threads per core) family 6 model 42 stepping 7, cmov, cx8, fxsr, mmx, sse, sse2, sse3, ssse3, sse4.1, sse4.2, popcnt, avx, ht, tsc, tscinvbit

/proc/cpuinfo:
processor	: 0
vendor_id	: GenuineIntel
cpu family	: 6
model		: 42
model name	: Intel(R) Core(TM) i3-2370M CPU @ 2.40GHz
stepping	: 7
microcode	: 0x25
cpu MHz		: 2400.000
cache size	: 3072 KB
physical id	: 0
siblings	: 4
core id		: 0
cpu cores	: 2
apicid		: 0
initial apicid	: 0
fdiv_bug	: no
hlt_bug		: no
f00f_bug	: no
coma_bug	: no
fpu		: yes
fpu_exception	: yes
cpuid level	: 13
wp		: yes
flags		: fpu vme de pse tsc msr pae mce cx8 apic sep mtrr pge mca cmov pat pse36 clflush dts acpi mmx fxsr sse sse2 ss ht tm pbe nx rdtscp lm constant_tsc arch_perfmon pebs bts xtopology nonstop_tsc aperfmperf eagerfpu pni pclmulqdq dtes64 monitor ds_cpl vmx est tm2 ssse3 cx16 xtpr pdcm pcid sse4_1 sse4_2 x2apic popcnt tsc_deadline_timer xsave avx lahf_lm arat epb xsaveopt pln pts dtherm tpr_shadow vnmi flexpriority ept vpid
bogomips	: 4788.75
clflush size	: 64
cache_alignment	: 64
address sizes	: 36 bits physical, 48 bits virtual
power management:

processor	: 1
vendor_id	: GenuineIntel
cpu family	: 6
model		: 42
model name	: Intel(R) Core(TM) i3-2370M CPU @ 2.40GHz
stepping	: 7
microcode	: 0x25
cpu MHz		: 2400.000
cache size	: 3072 KB
physical id	: 0
siblings	: 4
core id		: 0
cpu cores	: 2
apicid		: 1
initial apicid	: 1
fdiv_bug	: no
hlt_bug		: no
f00f_bug	: no
coma_bug	: no
fpu		: yes
fpu_exception	: yes
cpuid level	: 13
wp		: yes
flags		: fpu vme de pse tsc msr pae mce cx8 apic sep mtrr pge mca cmov pat pse36 clflush dts acpi mmx fxsr sse sse2 ss ht tm pbe nx rdtscp lm constant_tsc arch_perfmon pebs bts xtopology nonstop_tsc aperfmperf eagerfpu pni pclmulqdq dtes64 monitor ds_cpl vmx est tm2 ssse3 cx16 xtpr pdcm pcid sse4_1 sse4_2 x2apic popcnt tsc_deadline_timer xsave avx lahf_lm arat epb xsaveopt pln pts dtherm tpr_shadow vnmi flexpriority ept vpid
bogomips	: 4788.75
clflush size	: 64
cache_alignment	: 64
address sizes	: 36 bits physical, 48 bits virtual
power management:

processor	: 2
vendor_id	: GenuineIntel
cpu family	: 6
model		: 42
model name	: Intel(R) Core(TM) i3-2370M CPU @ 2.40GHz
stepping	: 7
microcode	: 0x25
cpu MHz		: 800.000
cache size	: 3072 KB
physical id	: 0
siblings	: 4
core id		: 1
cpu cores	: 2
apicid		: 2
initial apicid	: 2
fdiv_bug	: no
hlt_bug		: no
f00f_bug	: no
coma_bug	: no
fpu		: yes
fpu_exception	: yes
cpuid level	: 13
wp		: yes
flags		: fpu vme de pse tsc msr pae mce cx8 apic sep mtrr pge mca cmov pat pse36 clflush dts acpi mmx fxsr sse sse2 ss ht tm pbe nx rdtscp lm constant_tsc arch_perfmon pebs bts xtopology nonstop_tsc aperfmperf eagerfpu pni pclmulqdq dtes64 monitor ds_cpl vmx est tm2 ssse3 cx16 xtpr pdcm pcid sse4_1 sse4_2 x2apic popcnt tsc_deadline_timer xsave avx lahf_lm arat epb xsaveopt pln pts dtherm tpr_shadow vnmi flexpriority ept vpid
bogomips	: 4788.75
clflush size	: 64
cache_alignment	: 64
address sizes	: 36 bits physical, 48 bits virtual
power management:

processor	: 3
vendor_id	: GenuineIntel
cpu family	: 6
model		: 42
model name	: Intel(R) Core(TM) i3-2370M CPU @ 2.40GHz
stepping	: 7
microcode	: 0x25
cpu MHz		: 800.000
cache size	: 3072 KB
physical id	: 0
siblings	: 4
core id		: 1
cpu cores	: 2
apicid		: 3
initial apicid	: 3
fdiv_bug	: no
hlt_bug		: no
f00f_bug	: no
coma_bug	: no
fpu		: yes
fpu_exception	: yes
cpuid level	: 13
wp		: yes
flags		: fpu vme de pse tsc msr pae mce cx8 apic sep mtrr pge mca cmov pat pse36 clflush dts acpi mmx fxsr sse sse2 ss ht tm pbe nx rdtscp lm constant_tsc arch_perfmon pebs bts xtopology nonstop_tsc aperfmperf eagerfpu pni pclmulqdq dtes64 monitor ds_cpl vmx est tm2 ssse3 cx16 xtpr pdcm pcid sse4_1 sse4_2 x2apic popcnt tsc_deadline_timer xsave avx lahf_lm arat epb xsaveopt pln pts dtherm tpr_shadow vnmi flexpriority ept vpid
bogomips	: 4788.75
clflush size	: 64
cache_alignment	: 64
address sizes	: 36 bits physical, 48 bits virtual
power management:



Memory: 4k page, physical 3975340k(2085156k free), swap 2047996k(2047996k free)

vm_info: OpenJDK Server VM (23.7-b01) for linux-x86 JRE (1.7.0_21-b02), built on Apr 22 2013 07:41:32 by "buildd" with gcc 4.7.3

time: Fri Nov  1 16:57:42 2013
elapsed time: 18 seconds

