#
# A fatal error has been detected by the Java Runtime Environment:
#
#  SIGSEGV (0xb) at pc=0xb76f3f98, pid=10174, tid=1725217600
#
# JRE version: 7.0_21-b02
# Java VM: OpenJDK Server VM (23.7-b01 mixed mode linux-x86 )
# Problematic frame:
# C  [libc.so.6+0x12ef98]  _IO_file_underflow+0x68
#
# Failed to write core dump. Core dumps have been disabled. To enable core dumping, try "ulimit -c unlimited" before starting Java again
#
# If you would like to submit a bug report, please include
# instructions on how to reproduce the bug and visit:
#   https://bugs.launchpad.net/ubuntu/+source/openjdk-7/
#

---------------  T H R E A D  ---------------

Current thread is native thread

siginfo:si_signo=SIGSEGV: si_errno=0, si_code=1 (SEGV_MAPERR), si_addr=0x00000037

Registers:
EAX=0x6751f000, EBX=0xb7774000, ECX=0xffffffff, EDX=0x00001000
ESP=0x66d48da0, EBP=0x00000001, ESI=0x6442db58, EDI=0x66d4bb40
EIP=0xb76f3f98, EFLAGS=0x00210206, CR2=0x00000037

Top of Stack: (sp=0x66d48da0)
0x66d48da0:   6442db58 6751f000 00001000 b7774000
0x66d48db0:   6442db58 b7774000 6442db58 b7638da9
0x66d48dc0:   6442db58 b762b57a b7774000 b7774000
0x66d48dd0:   6442db58 66d4bb40 6442db58 b7638bdb
0x66d48de0:   6442db58 ffffffff 65955649 65974000
0x66d48df0:   b762b5d7 b7774000 6442db58 b762eebc
0x66d48e00:   6442db58 6596b22a 00000001 65974000
0x66d48e10:   65974000 644271d0 64427bf0 6595ed8c 

Instructions: (pc=0xb76f3f98)
0xb76f3f78:   4c 89 46 04 29 c2 89 46 0c 89 46 08 89 46 18 89
0xb76f3f88:   46 14 89 46 10 89 54 24 08 89 44 24 04 89 34 24
0xb76f3f98:   ff 51 38 83 f8 00 7e 38 8b 56 40 01 46 08 83 fa
0xb76f3fa8:   ff 74 05 01 d0 89 46 40 8b 46 04 0f b6 00 83 c4 

Register to memory mapping:

EAX=0x6751f000 is an unknown value
EBX=0xb7774000: <offset 0x1af000> in /lib/i386-linux-gnu/libc.so.6 at 0xb75c5000
ECX=0xffffffff is an unknown value
EDX=0x00001000 is an unknown value
ESP=0x66d48da0 is an unknown value
EBP=0x00000001 is an unknown value
ESI=0x6442db58 is an unknown value
EDI=0x66d4bb40 is an unknown value


Stack: [0x66ccb000,0x66d4c000],  sp=0x66d48da0,  free space=503k
Native frames: (J=compiled Java code, j=interpreted, Vv=VM code, C=native code)
C  [libc.so.6+0x12ef98]  _IO_file_underflow+0x68


---------------  P R O C E S S  ---------------

VM state:not at safepoint (normal execution)

VM Mutex/Monitor currently owned by a thread: None

Heap
 PSYoungGen      total 18112K, used 8576K [0x9f030000, 0xa1390000, 0xb3430000)
  eden space 15552K, 38% used [0x9f030000,0x9f612e78,0x9ff60000)
  from space 2560K, 99% used [0xa01e0000,0xa045d498,0xa0460000)
  to   space 2560K, 0% used [0x9ff60000,0x9ff60000,0xa01e0000)
 ParOldGen       total 41472K, used 4498K [0x76830000, 0x790b0000, 0x9f030000)
  object space 41472K, 10% used [0x76830000,0x76c94b38,0x790b0000)
 PSPermGen       total 16384K, used 14684K [0x6e830000, 0x6f830000, 0x76830000)
  object space 16384K, 89% used [0x6e830000,0x6f6872a0,0x6f830000)

Card table byte_map: [0x6e609000,0x6e830000] byte_map_base: 0x6e294e80

Polling page: 0xb7781000

Code Cache  [0xb34f3000, 0xb3733000, 0xb64f3000)
 total_blobs=533 nmethods=266 adapters=219 free_code_cache=48299Kb largest_free_block=49400896

Compilation events (10 events):
Event: 4.429 Thread 0x6adfc800  268             java.awt.Component::getFont (5 bytes)
Event: 4.439 Thread 0x6adfc800 nmethod 268 0xb3582f88 code [0xb3583080, 0xb358311c]
Event: 4.439 Thread 0x6adfc800  269             javax.swing.plaf.nimbus.DerivedColor::equals (100 bytes)
Event: 4.441 Thread 0x6adfc800 nmethod 269 0xb357d648 code [0xb357d740, 0xb357d9f0]
Event: 4.441 Thread 0x6adfc800  270             sun.util.logging.PlatformLogger::isLoggable (9 bytes)
Event: 4.442 Thread 0x6adfc800 nmethod 270 0xb3582d08 code [0xb3582e00, 0xb3582e70]
Event: 4.442 Thread 0x6adfc800  271             sun.util.logging.PlatformLogger$LoggerProxy::isLoggable (21 bytes)
Event: 4.443 Thread 0x6adfc800 nmethod 271 0xb357d4c8 code [0xb357d5a0, 0xb357d5f0]
Event: 4.443 Thread 0x6adfc800  272             java.lang.String::indexOf (7 bytes)
Event: 4.449 Thread 0x6adfc800 nmethod 272 0xb357cd88 code [0xb357cea0, 0xb357d1f0]

GC Heap History (4 events):
Event: 1.329 GC heap before
{Heap before GC invocations=1 (full 0):
 PSYoungGen      total 18112K, used 15552K [0x9f030000, 0xa0460000, 0xb3430000)
  eden space 15552K, 100% used [0x9f030000,0x9ff60000,0x9ff60000)
  from space 2560K, 0% used [0xa01e0000,0xa01e0000,0xa0460000)
  to   space 2560K, 0% used [0x9ff60000,0x9ff60000,0xa01e0000)
 ParOldGen       total 41472K, used 0K [0x76830000, 0x790b0000, 0x9f030000)
  object space 41472K, 0% used [0x76830000,0x76830000,0x790b0000)
 PSPermGen       total 16384K, used 11903K [0x6e830000, 0x6f830000, 0x76830000)
  object space 16384K, 72% used [0x6e830000,0x6f3cfe20,0x6f830000)
Event: 1.339 GC heap after
Heap after GC invocations=1 (full 0):
 PSYoungGen      total 18112K, used 2549K [0x9f030000, 0xa0460000, 0xb3430000)
  eden space 15552K, 0% used [0x9f030000,0x9f030000,0x9ff60000)
  from space 2560K, 99% used [0x9ff60000,0xa01dd5c0,0xa01e0000)
  to   space 2560K, 0% used [0xa01e0000,0xa01e0000,0xa0460000)
 ParOldGen       total 41472K, used 1313K [0x76830000, 0x790b0000, 0x9f030000)
  object space 41472K, 3% used [0x76830000,0x76978648,0x790b0000)
 PSPermGen       total 16384K, used 11903K [0x6e830000, 0x6f830000, 0x76830000)
  object space 16384K, 72% used [0x6e830000,0x6f3cfe20,0x6f830000)
}
Event: 2.210 GC heap before
{Heap before GC invocations=2 (full 0):
 PSYoungGen      total 18112K, used 18101K [0x9f030000, 0xa0460000, 0xb3430000)
  eden space 15552K, 100% used [0x9f030000,0x9ff60000,0x9ff60000)
  from space 2560K, 99% used [0x9ff60000,0xa01dd5c0,0xa01e0000)
  to   space 2560K, 0% used [0xa01e0000,0xa01e0000,0xa0460000)
 ParOldGen       total 41472K, used 1313K [0x76830000, 0x790b0000, 0x9f030000)
  object space 41472K, 3% used [0x76830000,0x76978648,0x790b0000)
 PSPermGen       total 16384K, used 14395K [0x6e830000, 0x6f830000, 0x76830000)
  object space 16384K, 87% used [0x6e830000,0x6f63ef00,0x6f830000)
Event: 2.226 GC heap after
Heap after GC invocations=2 (full 0):
 PSYoungGen      total 18112K, used 2549K [0x9f030000, 0xa1390000, 0xb3430000)
  eden space 15552K, 0% used [0x9f030000,0x9f030000,0x9ff60000)
  from space 2560K, 99% used [0xa01e0000,0xa045d498,0xa0460000)
  to   space 2560K, 0% used [0x9ff60000,0x9ff60000,0xa01e0000)
 ParOldGen       total 41472K, used 4498K [0x76830000, 0x790b0000, 0x9f030000)
  object space 41472K, 10% used [0x76830000,0x76c94b38,0x790b0000)
 PSPermGen       total 16384K, used 14395K [0x6e830000, 0x6f830000, 0x76830000)
  object space 16384K, 87% used [0x6e830000,0x6f63ef00,0x6f830000)
}

Deoptimization events (10 events):
Event: 2.152 Thread 0x67df6c00 Uncommon trap -83 fr.pc 0xb35c0f00
Event: 2.466 Thread 0x67df6c00 Uncommon trap -83 fr.pc 0xb35c74c8
Event: 3.587 Thread 0x67df6c00 Uncommon trap -83 fr.pc 0xb3547e80
Event: 3.587 Thread 0x67df6c00 Uncommon trap -83 fr.pc 0xb3566b4c
Event: 3.588 Thread 0x67df6c00 Uncommon trap -42 fr.pc 0xb35c3584
Event: 3.861 Thread 0x67df6c00 Uncommon trap -83 fr.pc 0xb35cb890
Event: 4.319 Thread 0x67df6c00 Uncommon trap -42 fr.pc 0xb35c3584
Event: 4.319 Thread 0x67df6c00 Uncommon trap -42 fr.pc 0xb35c3584
Event: 4.319 Thread 0x67df6c00 Uncommon trap -42 fr.pc 0xb35c3584
Event: 4.435 Thread 0x67df6c00 Uncommon trap 38 fr.pc 0xb35481d8

Internal exceptions (10 events):
Event: 2.124 Thread 0x6e104400 Threw 0x9ff41b28 at /build/buildd/openjdk-7-7u21-2.3.9/build/openjdk/hotspot/src/share/vm/prims/jvm.cpp:1166
Event: 2.130 Thread 0x67df6c00 Implicit null exception at 0xb35511da to 0xb3551209
Event: 2.467 Thread 0x67df6c00 Threw 0x9f24b348 at /build/buildd/openjdk-7-7u21-2.3.9/build/openjdk/hotspot/src/share/vm/prims/jni.cpp:742
Event: 4.311 Thread 0x663e8000 Threw 0x9f3d4a40 at /build/buildd/openjdk-7-7u21-2.3.9/build/openjdk/hotspot/src/share/vm/prims/jvm.cpp:1166
Event: 4.314 Thread 0x663e8000 Threw 0x9f3f63f0 at /build/buildd/openjdk-7-7u21-2.3.9/build/openjdk/hotspot/src/share/vm/prims/jvm.cpp:1166
Event: 4.339 Thread 0x64412000 Threw 0x9f43a6b0 at /build/buildd/openjdk-7-7u21-2.3.9/build/openjdk/hotspot/src/share/vm/prims/jvm.cpp:1166
Event: 4.349 Thread 0x64415000 Threw 0x9f4d1d20 at /build/buildd/openjdk-7-7u21-2.3.9/build/openjdk/hotspot/src/share/vm/prims/jvm.cpp:1166
Event: 4.353 Thread 0x64415000 Threw 0x9f534780 at /build/buildd/openjdk-7-7u21-2.3.9/build/openjdk/hotspot/src/share/vm/prims/jvm.cpp:1166
Event: 4.361 Thread 0x64417400 Threw 0x9f553b20 at /build/buildd/openjdk-7-7u21-2.3.9/build/openjdk/hotspot/src/share/vm/prims/jvm.cpp:1166
Event: 4.365 Thread 0x64417400 Threw 0x9f572da8 at /build/buildd/openjdk-7-7u21-2.3.9/build/openjdk/hotspot/src/share/vm/prims/jvm.cpp:1166

Events (10 events):
Event: 4.365 loading class 0x6630a340 done
Event: 4.366 Thread 0x64417400 Thread exited: 0x64417400
Event: 4.381 Thread 0x6adfc800 flushing nmethod 0xb3574d88
Event: 4.381 Thread 0x6adfc800 flushing nmethod 0xb357c888
Event: 4.382 Thread 0x6adfc800 flushing nmethod 0xb3582088
Event: 4.399 Thread 0x6adfc800 flushing nmethod 0xb3589188
Event: 4.429 loading class 0x6a99da28
Event: 4.429 loading class 0x6a99da28 done
Event: 4.435 Thread 0x67df6c00 DEOPT PACKING pc=0xb35481d8 sp=0x67b928c0
Event: 4.435 Thread 0x67df6c00 DEOPT UNPACKING pc=0xb3520efc sp=0x67b928a0 mode 2


Dynamic libraries:
08048000-08049000 r-xp 00000000 08:06 1708580    /usr/lib/jvm/java-7-openjdk-i386/jre/bin/java
08049000-0804a000 r--p 00000000 08:06 1708580    /usr/lib/jvm/java-7-openjdk-i386/jre/bin/java
0804a000-0804b000 rw-p 00001000 08:06 1708580    /usr/lib/jvm/java-7-openjdk-i386/jre/bin/java
08497000-084b8000 rw-p 00000000 00:00 0          [heap]
63400000-634f0000 rw-p 00000000 00:00 0 
634f0000-63500000 ---p 00000000 00:00 0 
63600000-636c3000 rw-p 00000000 00:00 0 
636c3000-63700000 ---p 00000000 00:00 0 
637ff000-64400000 rw-p 00000000 00:00 0 
64400000-64431000 rw-p 00000000 00:00 0 
64431000-64500000 ---p 00000000 00:00 0 
64584000-64822000 rw-s 00000000 00:04 55083042   /SYSV00000000 (deleted)
64822000-64b01000 r-xp 00000000 08:06 1705842    /usr/lib/i386-linux-gnu/libQtCore.so.4.8.4
64b01000-64b08000 r--p 002de000 08:06 1705842    /usr/lib/i386-linux-gnu/libQtCore.so.4.8.4
64b08000-64b09000 rw-p 002e5000 08:06 1705842    /usr/lib/i386-linux-gnu/libQtCore.so.4.8.4
64b09000-64b0a000 rw-p 00000000 00:00 0 
64b0a000-655b2000 r-xp 00000000 08:06 1705851    /usr/lib/i386-linux-gnu/libQtGui.so.4.8.4
655b2000-655d4000 r--p 00aa7000 08:06 1705851    /usr/lib/i386-linux-gnu/libQtGui.so.4.8.4
655d4000-655d8000 rw-p 00ac9000 08:06 1705851    /usr/lib/i386-linux-gnu/libQtGui.so.4.8.4
655d8000-655db000 rw-p 00000000 00:00 0 
655db000-657f0000 r-xp 00000000 08:06 407152     /usr/lib/vlc/plugins/gui/libqt4_plugin.so
657f0000-657f1000 ---p 00215000 08:06 407152     /usr/lib/vlc/plugins/gui/libqt4_plugin.so
657f1000-657fd000 r--p 00215000 08:06 407152     /usr/lib/vlc/plugins/gui/libqt4_plugin.so
657fd000-657ff000 rw-p 00221000 08:06 407152     /usr/lib/vlc/plugins/gui/libqt4_plugin.so
657ff000-65800000 rw-p 00000000 00:00 0 
65948000-65973000 r-xp 00000000 08:06 1706469    /usr/lib/i386-linux-gnu/liblua5.1.so.0.0.0
65973000-65974000 r--p 0002b000 08:06 1706469    /usr/lib/i386-linux-gnu/liblua5.1.so.0.0.0
65974000-65975000 rw-p 0002c000 08:06 1706469    /usr/lib/i386-linux-gnu/liblua5.1.so.0.0.0
65975000-6597b000 r-xp 00000000 08:06 1706531    /usr/lib/i386-linux-gnu/libogg.so.0.8.0
6597b000-6597c000 r--p 00005000 08:06 1706531    /usr/lib/i386-linux-gnu/libogg.so.0.8.0
6597c000-6597d000 rw-p 00006000 08:06 1706531    /usr/lib/i386-linux-gnu/libogg.so.0.8.0
6597d000-659a6000 r-xp 00000000 08:06 1706753    /usr/lib/i386-linux-gnu/libvorbis.so.0.4.5
659a6000-659a7000 ---p 00029000 08:06 1706753    /usr/lib/i386-linux-gnu/libvorbis.so.0.4.5
659a7000-659a8000 r--p 00029000 08:06 1706753    /usr/lib/i386-linux-gnu/libvorbis.so.0.4.5
659a8000-659a9000 rw-p 0002a000 08:06 1706753    /usr/lib/i386-linux-gnu/libvorbis.so.0.4.5
659a9000-65b0f000 r-xp 00000000 08:06 1706755    /usr/lib/i386-linux-gnu/libvorbisenc.so.2.0.8
65b0f000-65b20000 r--p 00165000 08:06 1706755    /usr/lib/i386-linux-gnu/libvorbisenc.so.2.0.8
65b20000-65b21000 rw-p 00176000 08:06 1706755    /usr/lib/i386-linux-gnu/libvorbisenc.so.2.0.8
65b21000-65b6f000 r-xp 00000000 08:06 1705817    /usr/lib/i386-linux-gnu/libFLAC.so.8.2.0
65b6f000-65b70000 r--p 0004e000 08:06 1705817    /usr/lib/i386-linux-gnu/libFLAC.so.8.2.0
65b70000-65b71000 rw-p 0004f000 08:06 1705817    /usr/lib/i386-linux-gnu/libFLAC.so.8.2.0
65b71000-65b76000 r-xp 00000000 08:06 1705965    /usr/lib/i386-linux-gnu/libasyncns.so.0.3.1
65b76000-65b77000 r--p 00004000 08:06 1705965    /usr/lib/i386-linux-gnu/libasyncns.so.0.3.1
65b77000-65b78000 rw-p 00005000 08:06 1705965    /usr/lib/i386-linux-gnu/libasyncns.so.0.3.1
65b78000-65be5000 r-xp 00000000 08:06 1706669    /usr/lib/i386-linux-gnu/libsndfile.so.1.0.25
65be5000-65be7000 r--p 0006c000 08:06 1706669    /usr/lib/i386-linux-gnu/libsndfile.so.1.0.25
65be7000-65be8000 rw-p 0006e000 08:06 1706669    /usr/lib/i386-linux-gnu/libsndfile.so.1.0.25
65be8000-65bec000 rw-p 00000000 00:00 0 
65bec000-65bf4000 r-xp 00000000 08:06 262621     /lib/i386-linux-gnu/libwrap.so.0.7.6
65bf4000-65bf5000 r--p 00007000 08:06 262621     /lib/i386-linux-gnu/libwrap.so.0.7.6
65bf5000-65bf6000 rw-p 00008000 08:06 262621     /lib/i386-linux-gnu/libwrap.so.0.7.6
65c0f000-65c39000 r-xp 00000000 08:06 405608     /usr/lib/vlc/plugins/lua/liblua_plugin.so
65c39000-65c3a000 r--p 0002a000 08:06 405608     /usr/lib/vlc/plugins/lua/liblua_plugin.so
65c3a000-65c3b000 rw-p 0002b000 08:06 405608     /usr/lib/vlc/plugins/lua/liblua_plugin.so
65c3b000-65c86000 r-xp 00000000 08:06 1703839    /usr/lib/libmodplug.so.1.0.0
65c86000-65c87000 ---p 0004b000 08:06 1703839    /usr/lib/libmodplug.so.1.0.0
65c87000-65c88000 r--p 0004b000 08:06 1703839    /usr/lib/libmodplug.so.1.0.0
65c88000-65c89000 rw-p 0004c000 08:06 1703839    /usr/lib/libmodplug.so.1.0.0
65c89000-65d0d000 rw-p 00000000 00:00 0 
65d0d000-65d6b000 r-xp 00000000 08:06 280623     /usr/lib/vlc/plugins/demux/liblive555_plugin.so
65d6b000-65d6c000 ---p 0005e000 08:06 280623     /usr/lib/vlc/plugins/demux/liblive555_plugin.so
65d6c000-65d6f000 r--p 0005e000 08:06 280623     /usr/lib/vlc/plugins/demux/liblive555_plugin.so
65d6f000-65d74000 rw-p 00061000 08:06 280623     /usr/lib/vlc/plugins/demux/liblive555_plugin.so
65d74000-65d75000 rw-p 00000000 00:00 0 
65d75000-65d7d000 r-xp 00000000 08:06 262510     /lib/i386-linux-gnu/libjson.so.0.1.0
65d7d000-65d7e000 r--p 00007000 08:06 262510     /lib/i386-linux-gnu/libjson.so.0.1.0
65d7e000-65d7f000 rw-p 00008000 08:06 262510     /lib/i386-linux-gnu/libjson.so.0.1.0
65d7f000-65de8000 r-xp 00000000 08:06 1708139    /usr/lib/i386-linux-gnu/pulseaudio/libpulsecommon-3.0.so
65de8000-65de9000 r--p 00068000 08:06 1708139    /usr/lib/i386-linux-gnu/pulseaudio/libpulsecommon-3.0.so
65de9000-65dea000 rw-p 00069000 08:06 1708139    /usr/lib/i386-linux-gnu/pulseaudio/libpulsecommon-3.0.so
65e09000-65e8e000 r-xp 00000000 08:06 1720530    /usr/lib/i386-linux-gnu/libmatroska.so.5
65e8e000-65e94000 r--p 00085000 08:06 1720530    /usr/lib/i386-linux-gnu/libmatroska.so.5
65e94000-65e95000 rw-p 0008b000 08:06 1720530    /usr/lib/i386-linux-gnu/libmatroska.so.5
65e95000-65e97000 rw-p 00000000 00:00 0 
65e97000-65eda000 r-xp 00000000 08:06 280645     /usr/lib/vlc/plugins/demux/libmkv_plugin.so
65eda000-65edc000 r--p 00042000 08:06 280645     /usr/lib/vlc/plugins/demux/libmkv_plugin.so
65edc000-65edd000 rw-p 00044000 08:06 280645     /usr/lib/vlc/plugins/demux/libmkv_plugin.so
65edd000-65f29000 r-xp 00000000 08:06 1706602    /usr/lib/i386-linux-gnu/libpulse.so.0.15.3
65f29000-65f2a000 ---p 0004c000 08:06 1706602    /usr/lib/i386-linux-gnu/libpulse.so.0.15.3
65f2a000-65f2b000 r--p 0004c000 08:06 1706602    /usr/lib/i386-linux-gnu/libpulse.so.0.15.3
65f2b000-65f2c000 rw-p 0004d000 08:06 1706602    /usr/lib/i386-linux-gnu/libpulse.so.0.15.3
65f44000-65fd0000 rw-p 00000000 00:00 0 
65fd0000-65fd3000 ---p 00000000 00:00 0 
65fd3000-66021000 rw-p 00000000 00:00 0          [stack:10208]
66021000-66024000 ---p 00000000 00:00 0 
66024000-66072000 rw-p 00000000 00:00 0          [stack:10214]
66072000-66076000 r-xp 00000000 08:06 262619     /lib/i386-linux-gnu/libuuid.so.1.3.0
66076000-66077000 r--p 00003000 08:06 262619     /lib/i386-linux-gnu/libuuid.so.1.3.0
66077000-66078000 rw-p 00004000 08:06 262619     /lib/i386-linux-gnu/libuuid.so.1.3.0
66078000-660d0000 r-xp 00000000 08:06 1722219    /usr/lib/i386-linux-gnu/libXt.so.6.0.0
660d0000-660d1000 r--p 00058000 08:06 1722219    /usr/lib/i386-linux-gnu/libXt.so.6.0.0
660d1000-660d4000 rw-p 00059000 08:06 1722219    /usr/lib/i386-linux-gnu/libXt.so.6.0.0
660d4000-660ea000 r-xp 00000000 08:06 1705827    /usr/lib/i386-linux-gnu/libICE.so.6.3.0
660ea000-660eb000 r--p 00015000 08:06 1705827    /usr/lib/i386-linux-gnu/libICE.so.6.3.0
660eb000-660ec000 rw-p 00016000 08:06 1705827    /usr/lib/i386-linux-gnu/libICE.so.6.3.0
660ec000-660ee000 rw-p 00000000 00:00 0 
660ee000-660f5000 r-xp 00000000 08:06 1705877    /usr/lib/i386-linux-gnu/libSM.so.6.0.1
660f5000-660f6000 r--p 00006000 08:06 1705877    /usr/lib/i386-linux-gnu/libSM.so.6.0.1
660f6000-660f7000 rw-p 00007000 08:06 1705877    /usr/lib/i386-linux-gnu/libSM.so.6.0.1
660f7000-6610e000 r-xp 00000000 08:06 1705975    /usr/lib/i386-linux-gnu/libaudio.so.2.4
6610e000-6610f000 r--p 00016000 08:06 1705975    /usr/lib/i386-linux-gnu/libaudio.so.2.4
6610f000-66110000 rw-p 00017000 08:06 1705975    /usr/lib/i386-linux-gnu/libaudio.so.2.4
66110000-66153000 r-xp 00000000 08:06 1706494    /usr/lib/i386-linux-gnu/libmtp.so.9.0.5
66153000-66156000 r--p 00043000 08:06 1706494    /usr/lib/i386-linux-gnu/libmtp.so.9.0.5
66156000-6615d000 rw-p 00046000 08:06 1706494    /usr/lib/i386-linux-gnu/libmtp.so.9.0.5
6615d000-661e3000 r-xp 00000000 08:06 1720486    /usr/lib/i386-linux-gnu/libdirac_encoder.so.0.1.0
661e3000-661e5000 r--p 00085000 08:06 1720486    /usr/lib/i386-linux-gnu/libdirac_encoder.so.0.1.0
661e5000-661e6000 rw-p 00087000 08:06 1720486    /usr/lib/i386-linux-gnu/libdirac_encoder.so.0.1.0
661e6000-661e7000 rw-p 00000000 00:00 0 
6620e000-662fb000 r-xp 00000000 08:06 1771845    /usr/lib/i386-linux-gnu/libasound.so.2.0.0
662fb000-662ff000 r--p 000ec000 08:06 1771845    /usr/lib/i386-linux-gnu/libasound.so.2.0.0
662ff000-66300000 rw-p 000f0000 08:06 1771845    /usr/lib/i386-linux-gnu/libasound.so.2.0.0
66300000-66400000 rw-p 00000000 00:00 0 
66400000-664fd000 rw-p 00000000 00:00 0 
664fd000-66500000 ---p 00000000 00:00 0 
66500000-665c8000 rw-p 00000000 00:00 0 
665c8000-66600000 ---p 00000000 00:00 0 
66605000-666fa000 r-xp 00000000 08:06 1720541    /usr/lib/libvlccore.so.5.1.1
666fa000-666ff000 r--p 000f5000 08:06 1720541    /usr/lib/libvlccore.so.5.1.1
666ff000-66700000 rw-p 000fa000 08:06 1720541    /usr/lib/libvlccore.so.5.1.1
66700000-667fe000 rw-p 00000000 00:00 0 
667fe000-66800000 ---p 00000000 00:00 0 
66802000-66813000 r-xp 00000000 08:06 262615     /lib/i386-linux-gnu/libusb-1.0.so.0.1.0
66813000-66814000 r--p 00010000 08:06 262615     /lib/i386-linux-gnu/libusb-1.0.so.0.1.0
66814000-66815000 rw-p 00011000 08:06 262615     /lib/i386-linux-gnu/libusb-1.0.so.0.1.0
6681f000-66820000 ---p 00000000 00:00 0 
66820000-668a0000 rw-p 00000000 00:00 0          [stack:10206]
668a0000-668a6000 r-xp 00000000 08:06 405627     /usr/lib/vlc/plugins/control/libhotkeys_plugin.so
668a6000-668a7000 r--p 00005000 08:06 405627     /usr/lib/vlc/plugins/control/libhotkeys_plugin.so
668a7000-668a8000 rw-p 00006000 08:06 405627     /usr/lib/vlc/plugins/control/libhotkeys_plugin.so
668a8000-668ad000 r-xp 00000000 08:06 405519     /usr/lib/vlc/plugins/audio_output/libalsa_plugin.so
668ad000-668ae000 r--p 00004000 08:06 405519     /usr/lib/vlc/plugins/audio_output/libalsa_plugin.so
668ae000-668af000 rw-p 00005000 08:06 405519     /usr/lib/vlc/plugins/audio_output/libalsa_plugin.so
668af000-668b2000 ---p 00000000 00:00 0 
668b2000-66900000 rw-p 00000000 00:00 0          [stack:10199]
66900000-669e7000 rw-p 00000000 00:00 0 
669e7000-66a00000 ---p 00000000 00:00 0 
66a03000-66a06000 r-xp 00000000 08:06 1706600    /usr/lib/i386-linux-gnu/libpulse-simple.so.0.0.3
66a06000-66a07000 r--p 00002000 08:06 1706600    /usr/lib/i386-linux-gnu/libpulse-simple.so.0.0.3
66a07000-66a08000 rw-p 00003000 08:06 1706600    /usr/lib/i386-linux-gnu/libpulse-simple.so.0.0.3
66a08000-66a22000 r-xp 00000000 08:06 1720543    /usr/lib/libvlc.so.5.3.2
66a22000-66a23000 r--p 00019000 08:06 1720543    /usr/lib/libvlc.so.5.3.2
66a23000-66a24000 rw-p 0001a000 08:06 1720543    /usr/lib/libvlc.so.5.3.2
66a24000-66a38000 r-xp 00000000 08:06 1439245    /tmp/jna-gene/jna3368434151036691811.tmp (deleted)
66a38000-66a39000 rw-p 00014000 08:06 1439245    /tmp/jna-gene/jna3368434151036691811.tmp (deleted)
66a39000-66a3b000 r-xp 00000000 08:06 280628     /usr/lib/vlc/plugins/demux/libnsc_plugin.so
66a3b000-66a3c000 r--p 00001000 08:06 280628     /usr/lib/vlc/plugins/demux/libnsc_plugin.so
66a3c000-66a3d000 rw-p 00002000 08:06 280628     /usr/lib/vlc/plugins/demux/libnsc_plugin.so
66a3d000-66a4f000 r-xp 00000000 08:06 1720553    /usr/lib/libdvbpsi.so.7.0.0
66a4f000-66a50000 r--p 00011000 08:06 1720553    /usr/lib/libdvbpsi.so.7.0.0
66a50000-66a51000 rw-p 00012000 08:06 1720553    /usr/lib/libdvbpsi.so.7.0.0
66a51000-66a63000 r--s 00000000 08:06 656570     /usr/share/fonts/type1/gsfonts/n019043l.pfb
66a63000-66a6f000 r--s 00000000 08:06 656555     /usr/share/fonts/type1/gsfonts/d050000l.pfb
66a6f000-66a71000 r-xp 00000000 08:06 280611     /usr/lib/vlc/plugins/demux/libdemux_cdg_plugin.so
66a71000-66a72000 r--p 00001000 08:06 280611     /usr/lib/vlc/plugins/demux/libdemux_cdg_plugin.so
66a72000-66a73000 rw-p 00002000 08:06 280611     /usr/lib/vlc/plugins/demux/libdemux_cdg_plugin.so
66a73000-66a88000 r-xp 00000000 08:06 280622     /usr/lib/vlc/plugins/demux/libts_plugin.so
66a88000-66a89000 r--p 00014000 08:06 280622     /usr/lib/vlc/plugins/demux/libts_plugin.so
66a89000-66a8a000 rw-p 00015000 08:06 280622     /usr/lib/vlc/plugins/demux/libts_plugin.so
66a8a000-66aa5000 r--s 00000000 08:06 656612     /usr/share/fonts/type1/gsfonts/p052023l.pfb
66aa5000-66ac0000 r--s 00000000 08:06 656546     /usr/share/fonts/type1/gsfonts/c059016l.pfb
66ac3000-66ac5000 r-xp 00000000 08:06 280631     /usr/lib/vlc/plugins/demux/librawdv_plugin.so
66ac5000-66ac6000 r--p 00001000 08:06 280631     /usr/lib/vlc/plugins/demux/librawdv_plugin.so
66ac6000-66ac7000 rw-p 00002000 08:06 280631     /usr/lib/vlc/plugins/demux/librawdv_plugin.so
66ac7000-66acf000 r-xp 00000000 08:06 280637     /usr/lib/vlc/plugins/demux/libty_plugin.so
66acf000-66ad0000 r--p 00007000 08:06 280637     /usr/lib/vlc/plugins/demux/libty_plugin.so
66ad0000-66ad1000 rw-p 00008000 08:06 280637     /usr/lib/vlc/plugins/demux/libty_plugin.so
66ad1000-66aed000 r--s 00000000 08:06 656615     /usr/share/fonts/type1/gsfonts/p052024l.pfb
66af0000-66af3000 r-xp 00000000 08:06 280615     /usr/lib/vlc/plugins/demux/libmjpeg_plugin.so
66af3000-66af4000 r--p 00002000 08:06 280615     /usr/lib/vlc/plugins/demux/libmjpeg_plugin.so
66af4000-66af5000 rw-p 00003000 08:06 280615     /usr/lib/vlc/plugins/demux/libmjpeg_plugin.so
66af5000-66afd000 r-xp 00000000 08:06 280651     /usr/lib/vlc/plugins/demux/libps_plugin.so
66afd000-66afe000 r--p 00007000 08:06 280651     /usr/lib/vlc/plugins/demux/libps_plugin.so
66afe000-66aff000 rw-p 00008000 08:06 280651     /usr/lib/vlc/plugins/demux/libps_plugin.so
66aff000-66b12000 r--s 00000000 08:06 656534     /usr/share/fonts/type1/gsfonts/b018015l.pfb
66b12000-66b1e000 r-xp 00000000 08:06 1720560    /usr/lib/libresid-builder.so.0.0.1
66b1e000-66b1f000 r--p 0000b000 08:06 1720560    /usr/lib/libresid-builder.so.0.0.1
66b1f000-66b40000 rw-p 0000c000 08:06 1720560    /usr/lib/libresid-builder.so.0.0.1
66b40000-66b78000 r-xp 00000000 08:06 1720563    /usr/lib/libsidplay2.so.1.0.1
66b78000-66b79000 ---p 00038000 08:06 1720563    /usr/lib/libsidplay2.so.1.0.1
66b79000-66b7a000 r--p 00038000 08:06 1720563    /usr/lib/libsidplay2.so.1.0.1
66b7a000-66b7b000 rw-p 00039000 08:06 1720563    /usr/lib/libsidplay2.so.1.0.1
66b7b000-66b84000 r--s 00000000 08:06 656618     /usr/share/fonts/type1/gsfonts/s050000l.pfb
66b87000-66b89000 r-xp 00000000 08:06 280629     /usr/lib/vlc/plugins/demux/libmpgv_plugin.so
66b89000-66b8a000 r--p 00001000 08:06 280629     /usr/lib/vlc/plugins/demux/libmpgv_plugin.so
66b8a000-66b8b000 rw-p 00002000 08:06 280629     /usr/lib/vlc/plugins/demux/libmpgv_plugin.so
66b8b000-66b8e000 r-xp 00000000 08:06 280643     /usr/lib/vlc/plugins/demux/librawvid_plugin.so
66b8e000-66b8f000 r--p 00002000 08:06 280643     /usr/lib/vlc/plugins/demux/librawvid_plugin.so
66b8f000-66b90000 rw-p 00003000 08:06 280643     /usr/lib/vlc/plugins/demux/librawvid_plugin.so
66b90000-66b92000 r-xp 00000000 08:06 280612     /usr/lib/vlc/plugins/demux/libau_plugin.so
66b92000-66b93000 r--p 00001000 08:06 280612     /usr/lib/vlc/plugins/demux/libau_plugin.so
66b93000-66b94000 rw-p 00002000 08:06 280612     /usr/lib/vlc/plugins/demux/libau_plugin.so
66b94000-66ba4000 r--s 00000000 08:06 656519     /usr/share/fonts/type1/gsfonts/a010013l.pfb
66ba4000-66ba9000 r-xp 00000000 08:06 280642     /usr/lib/vlc/plugins/demux/libmod_plugin.so
66ba9000-66baa000 r--p 00004000 08:06 280642     /usr/lib/vlc/plugins/demux/libmod_plugin.so
66baa000-66bab000 rw-p 00005000 08:06 280642     /usr/lib/vlc/plugins/demux/libmod_plugin.so
66bab000-66bad000 r-xp 00000000 08:06 280616     /usr/lib/vlc/plugins/demux/libaiff_plugin.so
66bad000-66bae000 r--p 00001000 08:06 280616     /usr/lib/vlc/plugins/demux/libaiff_plugin.so
66bae000-66baf000 rw-p 00002000 08:06 280616     /usr/lib/vlc/plugins/demux/libaiff_plugin.so
66baf000-66bb2000 r-xp 00000000 08:06 280627     /usr/lib/vlc/plugins/demux/libpva_plugin.so
66bb2000-66bb3000 r--p 00002000 08:06 280627     /usr/lib/vlc/plugins/demux/libpva_plugin.so
66bb3000-66bb4000 rw-p 00003000 08:06 280627     /usr/lib/vlc/plugins/demux/libpva_plugin.so
66bb4000-66bb8000 r-xp 00000000 08:06 280634     /usr/lib/vlc/plugins/demux/libimage_plugin.so
66bb8000-66bb9000 r--p 00003000 08:06 280634     /usr/lib/vlc/plugins/demux/libimage_plugin.so
66bb9000-66bba000 rw-p 00004000 08:06 280634     /usr/lib/vlc/plugins/demux/libimage_plugin.so
66bba000-66bbd000 r-xp 00000000 08:06 280630     /usr/lib/vlc/plugins/demux/libnsv_plugin.so
66bbd000-66bbe000 r--p 00002000 08:06 280630     /usr/lib/vlc/plugins/demux/libnsv_plugin.so
66bbe000-66bbf000 rw-p 00003000 08:06 280630     /usr/lib/vlc/plugins/demux/libnsv_plugin.so
66bbf000-66bd6000 r--s 00000000 08:06 656621     /usr/share/fonts/type1/gsfonts/z003034l.pfb
66bd6000-66be8000 r--s 00000000 08:06 656540     /usr/share/fonts/type1/gsfonts/b018035l.pfb
66be9000-66beb000 r-xp 00000000 08:06 280648     /usr/lib/vlc/plugins/demux/libxa_plugin.so
66beb000-66bec000 r--p 00001000 08:06 280648     /usr/lib/vlc/plugins/demux/libxa_plugin.so
66bec000-66bed000 rw-p 00002000 08:06 280648     /usr/lib/vlc/plugins/demux/libxa_plugin.so
66bed000-66bf0000 r-xp 00000000 08:06 280636     /usr/lib/vlc/plugins/demux/libvoc_plugin.so
66bf0000-66bf1000 r--p 00002000 08:06 280636     /usr/lib/vlc/plugins/demux/libvoc_plugin.so
66bf1000-66bf2000 rw-p 00003000 08:06 280636     /usr/lib/vlc/plugins/demux/libvoc_plugin.so
66bf2000-66c10000 r-xp 00000000 08:06 1720529    /usr/lib/i386-linux-gnu/libebml.so.3
66c10000-66c11000 r--p 0001d000 08:06 1720529    /usr/lib/i386-linux-gnu/libebml.so.3
66c11000-66c12000 rw-p 0001e000 08:06 1720529    /usr/lib/i386-linux-gnu/libebml.so.3
66c12000-66c13000 rw-p 00000000 00:00 0 
66c13000-66c32000 r--s 00000000 08:06 669785     /usr/share/texmf/fonts/type1/public/lm/lmb10.pfb
66c32000-66c4b000 r--s 00000000 08:06 669836     /usr/share/texmf/fonts/type1/public/lm/lmtti10.pfb
66c4b000-66c67000 r--s 00000000 08:06 669848     /usr/share/texmf/fonts/type1/public/lm/lmbxi10.pfb
66c67000-66c89000 r--s 00000000 08:06 669794     /usr/share/texmf/fonts/type1/public/lm/lmtlco10.pfb
66c8b000-66ca0000 r-xp 00000000 08:06 280613     /usr/lib/vlc/plugins/demux/libplaylist_plugin.so
66ca0000-66ca1000 r--p 00014000 08:06 280613     /usr/lib/vlc/plugins/demux/libplaylist_plugin.so
66ca1000-66ca2000 rw-p 00015000 08:06 280613     /usr/lib/vlc/plugins/demux/libplaylist_plugin.so
66ca2000-66ca5000 r-xp 00000000 08:06 280646     /usr/lib/vlc/plugins/demux/libsmf_plugin.so
66ca5000-66ca6000 r--p 00002000 08:06 280646     /usr/lib/vlc/plugins/demux/libsmf_plugin.so
66ca6000-66ca7000 rw-p 00003000 08:06 280646     /usr/lib/vlc/plugins/demux/libsmf_plugin.so
66ca7000-66cba000 r-xp 00000000 08:06 280625     /usr/lib/vlc/plugins/demux/libogg_plugin.so
66cba000-66cbb000 r--p 00012000 08:06 280625     /usr/lib/vlc/plugins/demux/libogg_plugin.so
66cbb000-66cbc000 rw-p 00013000 08:06 280625     /usr/lib/vlc/plugins/demux/libogg_plugin.so
66cbc000-66cc4000 r-xp 00000000 08:06 405597     /usr/lib/vlc/plugins/services_discovery/libsap_plugin.so
66cc4000-66cc5000 r--p 00007000 08:06 405597     /usr/lib/vlc/plugins/services_discovery/libsap_plugin.so
66cc5000-66cc6000 rw-p 00008000 08:06 405597     /usr/lib/vlc/plugins/services_discovery/libsap_plugin.so
66cc6000-66cc9000 r-xp 00000000 08:06 280641     /usr/lib/vlc/plugins/demux/libsid_plugin.so
66cc9000-66cca000 r--p 00002000 08:06 280641     /usr/lib/vlc/plugins/demux/libsid_plugin.so
66cca000-66ccb000 rw-p 00003000 08:06 280641     /usr/lib/vlc/plugins/demux/libsid_plugin.so
66ccb000-66cce000 ---p 00000000 00:00 0 
66cce000-66d4c000 rw-p 00000000 00:00 0          [stack:10216]
66d4c000-66d70000 r--s 00000000 08:06 669791     /usr/share/texmf/fonts/type1/public/lm/lmduno10.pfb
66d70000-66d7a000 r--s 00000000 08:06 272340     /usr/share/fonts/X11/Type1/c0583bt_.pfb
66d7a000-66d9c000 r--s 00000000 08:06 669801     /usr/share/texmf/fonts/type1/public/lm/lmbo10.pfb
66d9c000-66da6000 r--s 00000000 08:06 272342     /usr/share/fonts/X11/Type1/c0611bt_.pfb
66da7000-66daa000 r-xp 00000000 08:06 280618     /usr/lib/vlc/plugins/demux/libwav_plugin.so
66daa000-66dab000 r--p 00003000 08:06 280618     /usr/lib/vlc/plugins/demux/libwav_plugin.so
66dab000-66dac000 rw-p 00004000 08:06 280618     /usr/lib/vlc/plugins/demux/libwav_plugin.so
66dac000-66db9000 r-xp 00000000 08:06 1720465    /usr/lib/libmpcdec.so.6.1.0
66db9000-66dba000 r--p 0000c000 08:06 1720465    /usr/lib/libmpcdec.so.6.1.0
66dba000-66dbc000 rw-p 0000d000 08:06 1720465    /usr/lib/libmpcdec.so.6.1.0
66dbc000-66de0000 r-xp 00000000 08:06 280624     /usr/lib/vlc/plugins/demux/libmp4_plugin.so
66de0000-66de1000 r--p 00024000 08:06 280624     /usr/lib/vlc/plugins/demux/libmp4_plugin.so
66de1000-66de2000 rw-p 00025000 08:06 280624     /usr/lib/vlc/plugins/demux/libmp4_plugin.so
66de2000-66e00000 r--s 00000000 08:06 669826     /usr/share/texmf/fonts/type1/public/lm/lmbx10.pfb
66e00000-66eff000 rw-p 00000000 00:00 0 
66eff000-66f00000 ---p 00000000 00:00 0 
66f00000-66f02000 r-xp 00000000 08:06 280619     /usr/lib/vlc/plugins/demux/libdirac_plugin.so
66f02000-66f03000 r--p 00001000 08:06 280619     /usr/lib/vlc/plugins/demux/libdirac_plugin.so
66f03000-66f04000 rw-p 00002000 08:06 280619     /usr/lib/vlc/plugins/demux/libdirac_plugin.so
66f04000-66f0e000 r--s 00000000 08:06 272338     /usr/share/fonts/X11/Type1/c0582bt_.pfb
66f11000-66f15000 r-xp 00000000 08:06 280638     /usr/lib/vlc/plugins/demux/libnuv_plugin.so
66f15000-66f16000 r--p 00003000 08:06 280638     /usr/lib/vlc/plugins/demux/libnuv_plugin.so
66f16000-66f17000 rw-p 00004000 08:06 280638     /usr/lib/vlc/plugins/demux/libnuv_plugin.so
66f17000-66f35000 r--s 00000000 08:06 669821     /usr/share/texmf/fonts/type1/public/lm/lmssbx10.pfb
66f35000-66f37000 r-xp 00000000 08:06 280650     /usr/lib/vlc/plugins/demux/libtta_plugin.so
66f37000-66f38000 r--p 00001000 08:06 280650     /usr/lib/vlc/plugins/demux/libtta_plugin.so
66f38000-66f39000 rw-p 00002000 08:06 280650     /usr/lib/vlc/plugins/demux/libtta_plugin.so
66f39000-66f3b000 r-xp 00000000 08:06 280620     /usr/lib/vlc/plugins/demux/libmpc_plugin.so
66f3b000-66f3c000 r--p 00001000 08:06 280620     /usr/lib/vlc/plugins/demux/libmpc_plugin.so
66f3c000-66f3d000 rw-p 00002000 08:06 280620     /usr/lib/vlc/plugins/demux/libmpc_plugin.so
66f3d000-66f42000 r-xp 00000000 08:06 280640     /usr/lib/vlc/plugins/demux/libes_plugin.so
66f42000-66f43000 r--p 00004000 08:06 280640     /usr/lib/vlc/plugins/demux/libes_plugin.so
66f43000-66f44000 rw-p 00005000 08:06 280640     /usr/lib/vlc/plugins/demux/libes_plugin.so
66f44000-66f50000 r-xp 00000000 08:06 280632     /usr/lib/vlc/plugins/demux/libasf_plugin.so
66f50000-66f51000 r--p 0000b000 08:06 280632     /usr/lib/vlc/plugins/demux/libasf_plugin.so
66f51000-66f52000 rw-p 0000c000 08:06 280632     /usr/lib/vlc/plugins/demux/libasf_plugin.so
66f52000-66f77000 r--s 00000000 08:06 669819     /usr/share/texmf/fonts/type1/public/lm/lmvtko10.pfb
66f78000-66f88000 r-xp 00000000 08:06 280639     /usr/lib/vlc/plugins/demux/libavi_plugin.so
66f88000-66f89000 r--p 00010000 08:06 280639     /usr/lib/vlc/plugins/demux/libavi_plugin.so
66f89000-66f8a000 rw-p 00011000 08:06 280639     /usr/lib/vlc/plugins/demux/libavi_plugin.so
66f8a000-66fa5000 r-xp 00000000 08:06 405646     /usr/lib/vlc/plugins/stream_filter/libstream_filter_dash_plugin.so
66fa5000-66fa6000 r--p 0001b000 08:06 405646     /usr/lib/vlc/plugins/stream_filter/libstream_filter_dash_plugin.so
66fa6000-66fa7000 rw-p 0001c000 08:06 405646     /usr/lib/vlc/plugins/stream_filter/libstream_filter_dash_plugin.so
66fa7000-66fc5000 r-xp 00000000 08:06 1706115    /usr/lib/i386-linux-gnu/libdvdread.so.4.1.2
66fc5000-66fc6000 r--p 0001d000 08:06 1706115    /usr/lib/i386-linux-gnu/libdvdread.so.4.1.2
66fc6000-66fc7000 rw-p 0001e000 08:06 1706115    /usr/lib/i386-linux-gnu/libdvdread.so.4.1.2
66fc7000-66fdb000 r-xp 00000000 08:06 1706111    /usr/lib/i386-linux-gnu/libdvdnav.so.4.1.2
66fdb000-66fdc000 r--p 00013000 08:06 1706111    /usr/lib/i386-linux-gnu/libdvdnav.so.4.1.2
66fdc000-66fdd000 rw-p 00014000 08:06 1706111    /usr/lib/i386-linux-gnu/libdvdnav.so.4.1.2
66fdd000-67000000 r--s 00000000 08:06 669827     /usr/share/texmf/fonts/type1/public/lm/lmtko10.pfb
67000000-670e3000 rw-p 00000000 00:00 0 
670e3000-67100000 ---p 00000000 00:00 0 
67100000-67102000 r-xp 00000000 08:06 280658     /usr/lib/vlc/plugins/misc/libinhibit_plugin.so
67102000-67103000 r--p 00001000 08:06 280658     /usr/lib/vlc/plugins/misc/libinhibit_plugin.so
67103000-67104000 rw-p 00002000 08:06 280658     /usr/lib/vlc/plugins/misc/libinhibit_plugin.so
67104000-67108000 r-xp 00000000 08:06 280647     /usr/lib/vlc/plugins/demux/libflacsys_plugin.so
67108000-67109000 r--p 00004000 08:06 280647     /usr/lib/vlc/plugins/demux/libflacsys_plugin.so
67109000-6710a000 rw-p 00005000 08:06 280647     /usr/lib/vlc/plugins/demux/libflacsys_plugin.so
6710a000-6713e000 r-xp 00000000 08:06 1720482    /usr/lib/i386-linux-gnu/libbluray.so.1.2.0
6713e000-6713f000 ---p 00034000 08:06 1720482    /usr/lib/i386-linux-gnu/libbluray.so.1.2.0
6713f000-67140000 r--p 00034000 08:06 1720482    /usr/lib/i386-linux-gnu/libbluray.so.1.2.0
67140000-67141000 rw-p 00035000 08:06 1720482    /usr/lib/i386-linux-gnu/libbluray.so.1.2.0
67141000-6715d000 r--s 00000000 08:06 669782     /usr/share/texmf/fonts/type1/public/lm/lmtt10.pfb
6715d000-67178000 r--s 00000000 08:06 669853     /usr/share/texmf/fonts/type1/public/lm/lmtlc10.pfb
6717a000-6717c000 r-xp 00000000 08:06 405645     /usr/lib/vlc/plugins/stream_filter/libstream_filter_record_plugin.so
6717c000-6717d000 r--p 00001000 08:06 405645     /usr/lib/vlc/plugins/stream_filter/libstream_filter_record_plugin.so
6717d000-6717e000 rw-p 00002000 08:06 405645     /usr/lib/vlc/plugins/stream_filter/libstream_filter_record_plugin.so
6717e000-67181000 r-xp 00000000 08:06 1720599    /usr/lib/vlc/plugins/access/libstream_filter_rar_plugin.so
67181000-67182000 r--p 00002000 08:06 1720599    /usr/lib/vlc/plugins/access/libstream_filter_rar_plugin.so
67182000-67183000 rw-p 00003000 08:06 1720599    /usr/lib/vlc/plugins/access/libstream_filter_rar_plugin.so
67183000-6718b000 r-xp 00000000 08:06 1720591    /usr/lib/vlc/plugins/access/libzip_plugin.so
6718b000-6718c000 r--p 00007000 08:06 1720591    /usr/lib/vlc/plugins/access/libzip_plugin.so
6718c000-6718d000 rw-p 00008000 08:06 1720591    /usr/lib/vlc/plugins/access/libzip_plugin.so
6718d000-67197000 r-xp 00000000 08:06 405643     /usr/lib/vlc/plugins/stream_filter/libstream_filter_httplive_plugin.so
67197000-67198000 r--p 00009000 08:06 405643     /usr/lib/vlc/plugins/stream_filter/libstream_filter_httplive_plugin.so
67198000-67199000 rw-p 0000a000 08:06 405643     /usr/lib/vlc/plugins/stream_filter/libstream_filter_httplive_plugin.so
67199000-671b3000 r--s 00000000 08:06 669797     /usr/share/texmf/fonts/type1/public/lm/lmtl10.pfb
671b5000-671b8000 r-xp 00000000 08:06 405644     /usr/lib/vlc/plugins/stream_filter/libdecomp_plugin.so
671b8000-671b9000 r--p 00002000 08:06 405644     /usr/lib/vlc/plugins/stream_filter/libdecomp_plugin.so
671b9000-671ba000 rw-p 00003000 08:06 405644     /usr/lib/vlc/plugins/stream_filter/libdecomp_plugin.so
671ba000-671be000 r-xp 00000000 08:06 1720609    /usr/lib/vlc/plugins/access/libfilesystem_plugin.so
671be000-671bf000 r--p 00003000 08:06 1720609    /usr/lib/vlc/plugins/access/libfilesystem_plugin.so
671bf000-671c0000 rw-p 00004000 08:06 1720609    /usr/lib/vlc/plugins/access/libfilesystem_plugin.so
671c0000-671ca000 r-xp 00000000 08:06 1720582    /usr/lib/vlc/plugins/access/libdvdnav_plugin.so
671ca000-671cb000 r--p 0000a000 08:06 1720582    /usr/lib/vlc/plugins/access/libdvdnav_plugin.so
671cb000-671cc000 rw-p 0000b000 08:06 1720582    /usr/lib/vlc/plugins/access/libdvdnav_plugin.so
671cc000-671df000 r-xp 00000000 08:06 1720590    /usr/lib/vlc/plugins/access/libaccess_bd_plugin.so
671df000-671e0000 r--p 00012000 08:06 1720590    /usr/lib/vlc/plugins/access/libaccess_bd_plugin.so
671e0000-671e1000 rw-p 00013000 08:06 1720590    /usr/lib/vlc/plugins/access/libaccess_bd_plugin.so
671e1000-67200000 r--s 00000000 08:06 669867     /usr/share/texmf/fonts/type1/public/lm/lmssqbo8.pfb
67200000-67300000 rw-p 00000000 00:00 0 
67300000-673ff000 rw-p 00000000 00:00 0 
673ff000-67400000 ---p 00000000 00:00 0 
67400000-674c5000 rw-p 00000000 00:00 0 
674c5000-67500000 ---p 00000000 00:00 0 
67502000-6751e000 r--s 00000000 08:06 669856     /usr/share/texmf/fonts/type1/public/lm/lmri10.pfb
6751f000-67520000 rw-p 00000000 00:00 0 
67520000-67525000 r-xp 00000000 08:06 1720610    /usr/lib/vlc/plugins/access/libaccess_vdr_plugin.so
67525000-67526000 r--p 00004000 08:06 1720610    /usr/lib/vlc/plugins/access/libaccess_vdr_plugin.so
67526000-67527000 rw-p 00005000 08:06 1720610    /usr/lib/vlc/plugins/access/libaccess_vdr_plugin.so
67527000-6752a000 ---p 00000000 00:00 0 
6752a000-67578000 rw-p 00000000 00:00 0          [stack:10215]
67578000-67579000 ---p 00000000 00:00 0 
67579000-675f9000 rw-p 00000000 00:00 0          [stack:10213]
675f9000-67600000 r--s 00000000 08:06 1707538    /usr/lib/i386-linux-gnu/gconv/gconv-modules.cache
67600000-67700000 rw-p 00000000 00:00 0 
67700000-67702000 r-xp 00000000 08:06 405485     /usr/lib/vlc/plugins/mmxext/libmemcpymmxext_plugin.so
67702000-67703000 r--p 00001000 08:06 405485     /usr/lib/vlc/plugins/mmxext/libmemcpymmxext_plugin.so
67703000-67704000 rw-p 00002000 08:06 405485     /usr/lib/vlc/plugins/mmxext/libmemcpymmxext_plugin.so
67704000-67706000 r-xp 00000000 08:06 405602     /usr/lib/vlc/plugins/services_discovery/libmtp_plugin.so
67706000-67707000 r--p 00001000 08:06 405602     /usr/lib/vlc/plugins/services_discovery/libmtp_plugin.so
67707000-67708000 rw-p 00002000 08:06 405602     /usr/lib/vlc/plugins/services_discovery/libmtp_plugin.so
67708000-6770b000 ---p 00000000 00:00 0 
6770b000-67759000 rw-p 00000000 00:00 0          [stack:10198]
67759000-677fd000 r-xp 00000000 08:06 1439241    /tmp/sqlite-3.7.151-i386-libsqlitejdbc.so
677fd000-677fe000 r--p 000a4000 08:06 1439241    /tmp/sqlite-3.7.151-i386-libsqlitejdbc.so
677fe000-677ff000 rw-p 000a5000 08:06 1439241    /tmp/sqlite-3.7.151-i386-libsqlitejdbc.so
677ff000-67800000 rw-p 00000000 00:00 0 
67800000-678ff000 rw-p 00000000 00:00 0 
678ff000-67900000 ---p 00000000 00:00 0 
67900000-679ff000 rw-p 00000000 00:00 0 
679ff000-67a00000 ---p 00000000 00:00 0 
67a00000-67a29000 rw-p 00000000 00:00 0 
67a29000-67b00000 ---p 00000000 00:00 0 
67b00000-67b01000 rwxp 00000000 00:00 0 
67b01000-67b02000 r-xp 00000000 08:06 1708656    /usr/lib/jvm/java-7-openjdk-i386/jre/lib/i386/libjawt.so
67b02000-67b03000 r--p 00000000 08:06 1708656    /usr/lib/jvm/java-7-openjdk-i386/jre/lib/i386/libjawt.so
67b03000-67b04000 rw-p 00001000 08:06 1708656    /usr/lib/jvm/java-7-openjdk-i386/jre/lib/i386/libjawt.so
67b04000-67b09000 r-xp 00000000 08:06 1720612    /usr/lib/vlc/plugins/access/liblibbluray_plugin.so
67b09000-67b0a000 r--p 00004000 08:06 1720612    /usr/lib/vlc/plugins/access/liblibbluray_plugin.so
67b0a000-67b0b000 rw-p 00005000 08:06 1720612    /usr/lib/vlc/plugins/access/liblibbluray_plugin.so
67b0b000-67b3e000 rw-s 00000000 00:04 55148580   /SYSV00000000 (deleted)
67b3e000-67b43000 r--s 0004c000 08:06 1708535    /usr/lib/jvm/java-7-openjdk-common/jre/lib/jsse.jar
67b43000-67b46000 ---p 00000000 00:00 0 
67b46000-67b94000 rw-p 00000000 00:00 0          [stack:10194]
67b94000-67b97000 ---p 00000000 00:00 0 
67b97000-67be5000 rw-p 00000000 00:00 0          [stack:10193]
67be5000-67bf6000 r-xp 00000000 08:06 1708665    /usr/lib/jvm/java-7-openjdk-i386/jre/lib/i386/libnio.so
67bf6000-67bf7000 r--p 00010000 08:06 1708665    /usr/lib/jvm/java-7-openjdk-i386/jre/lib/i386/libnio.so
67bf7000-67bf8000 rw-p 00011000 08:06 1708665    /usr/lib/jvm/java-7-openjdk-i386/jre/lib/i386/libnio.so
67bf8000-67bf9000 r--s 00000000 08:06 936139     /var/cache/fontconfig/c05880de57d1f5e948fdfacc138775d9-le32d4.cache-3
67bf9000-67bff000 r--s 00000000 08:06 936131     /var/cache/fontconfig/945677eb7aeaf62f1d50efc3fb3ec7d8-le32d4.cache-3
67bff000-67c02000 r--s 00000000 08:06 938992     /var/cache/fontconfig/99e8ed0e538f840c565b6ed5dad60d56-le32d4.cache-3
67c02000-67c08000 r--s 00000000 08:06 936659     /var/cache/fontconfig/a6d8cf8e4ec09cdbc8633c31745a07dd-le32d4.cache-3
67c08000-67c0b000 r--s 00000000 08:06 936113     /var/cache/fontconfig/2cd17615ca594fa2959ae173292e504c-le32d4.cache-3
67c0b000-67c0c000 r--s 00000000 08:06 936148     /var/cache/fontconfig/e7071f4a29fa870f4323321c154eba04-le32d4.cache-3
67c0c000-67c10000 r--s 00000000 08:06 936658     /var/cache/fontconfig/6eb3985aa4124903f6ff08ba781cd364-le32d4.cache-3
67c10000-67c11000 r--s 00000000 08:06 936110     /var/cache/fontconfig/0d8c3b2ac0904cb8a57a757ad11a4a08-le32d4.cache-3
67c11000-67c15000 r--s 00000000 08:06 936135     /var/cache/fontconfig/a755afe4a08bf5b97852ceb7400b47bc-le32d4.cache-3
67c15000-67c1c000 r--s 00000000 08:06 936126     /var/cache/fontconfig/6d41288fd70b0be22e8c3a91e032eec0-le32d4.cache-3
67c1c000-67c27000 r--s 00000000 08:06 936108     /var/cache/fontconfig/04aabc0a78ac019cf9454389977116d2-le32d4.cache-3
67c27000-67c28000 r--s 00000000 08:06 936112     /var/cache/fontconfig/1ac9eb803944fde146138c791f5cc56a-le32d4.cache-3
67c28000-67c2b000 r--s 00000000 08:06 936117     /var/cache/fontconfig/385c0604a188198f04d133e54aba7fe7-le32d4.cache-3
67c2b000-67c2c000 r--s 00000000 08:06 938732     /var/cache/fontconfig/9c956a7723ca69a44b382d9179c9802f-le32d4.cache-3
67c2c000-67c2d000 r--s 00000000 08:06 936145     /var/cache/fontconfig/dc05db6664285cc2f12bf69c139ae4c3-le32d4.cache-3
67c2d000-67c2f000 r--s 00000000 08:06 936128     /var/cache/fontconfig/767a8244fc0220cfb567a839d0392e0b-le32d4.cache-3
67c2f000-67c30000 r--s 00000000 08:06 936118     /var/cache/fontconfig/4794a0821666d79190d59a36cb4f44b5-le32d4.cache-3
67c30000-67c31000 r--s 00000000 08:06 938731     /var/cache/fontconfig/9eae20f1ff8cc0a7d125749e875856bd-le32d4.cache-3
67c31000-67c33000 r--s 00000000 08:06 938730     /var/cache/fontconfig/bf2c1853a9e9b00bb02fe2e9bcf1e201-le32d4.cache-3
67c33000-67c36000 r--s 00000000 08:06 936130     /var/cache/fontconfig/8801497958630a81b71ace7c5f9b32a8-le32d4.cache-3
67c36000-67c59000 r--s 00000000 08:06 938729     /var/cache/fontconfig/365b55f210c0a22e9a19e35191240f32-le32d4.cache-3
67c59000-67c5b000 r--s 00000000 08:06 938722     /var/cache/fontconfig/c57959a16110560c8d0fcea73374aeeb-le32d4.cache-3
67c5b000-67c5f000 r--s 00000000 08:06 936114     /var/cache/fontconfig/3047814df9a2f067bd2d96a2b9c36e5a-le32d4.cache-3
67c5f000-67c60000 r--s 00000000 08:06 936121     /var/cache/fontconfig/56cf4f4769d0f4abc89a4895d7bd3ae1-le32d4.cache-3
67c60000-67c61000 r--s 00000000 08:06 936138     /var/cache/fontconfig/b9d506c9ac06c20b433354fa67a72993-le32d4.cache-3
67c61000-67c65000 r--s 00000000 08:06 936137     /var/cache/fontconfig/b47c4e1ecd0709278f4910c18777a504-le32d4.cache-3
67c65000-67c67000 r--s 00000000 08:06 938728     /var/cache/fontconfig/14d493b97896515cad3840ba4896e372-le32d4.cache-3
67c67000-67c68000 r--s 00000000 08:06 938727     /var/cache/fontconfig/89034621ae2a8922916bb6bfa5799546-le32d4.cache-3
67c68000-67c6e000 r--s 00000000 08:06 936657     /var/cache/fontconfig/52f7bdb7ce746bfd7eaa1985bd9cfa93-le32d4.cache-3
67c6e000-67c7b000 r--s 00000000 08:06 936143     /var/cache/fontconfig/d52a8644073d54c13679302ca1180695-le32d4.cache-3
67c7b000-67c81000 r--s 00000000 08:06 936656     /var/cache/fontconfig/3f7329c5293ffd510edef78f73874cfd-le32d4.cache-3
67c81000-67c88000 r--s 00000000 08:06 938721     /var/cache/fontconfig/83bf95040141907cd45bb53cf7c1c148-le32d4.cache-3
67c88000-67c91000 r--s 00000000 08:06 938720     /var/cache/fontconfig/53d14c92082a93e67d5078324eb314ca-le32d4.cache-3
67c91000-67c9e000 r--s 00000000 08:06 938717     /var/cache/fontconfig/4ac51e5cfbc76fc3f983e470323a16d3-le32d4.cache-3
67c9e000-67ca6000 r--s 00000000 08:06 938718     /var/cache/fontconfig/e13b20fdb08344e0e664864cc2ede53d-le32d4.cache-3
67ca6000-67caa000 r--s 00000000 08:06 940648     /var/cache/fontconfig/7ef2298fde41cc6eeb7af42e48b7d293-le32d4.cache-3
67caa000-67cbb000 r--s 00000000 08:06 938993     /var/cache/fontconfig/467c019e582ee353435ea5c21d137ef6-le32d4.cache-3
67cbb000-67cfe000 r-xp 00000000 08:06 1708645    /usr/lib/jvm/java-7-openjdk-i386/jre/lib/i386/libfontmanager.so
67cfe000-67cff000 r--p 00043000 08:06 1708645    /usr/lib/jvm/java-7-openjdk-i386/jre/lib/i386/libfontmanager.so
67cff000-67d00000 rw-p 00044000 08:06 1708645    /usr/lib/jvm/java-7-openjdk-i386/jre/lib/i386/libfontmanager.so
67d00000-67dff000 rw-p 00000000 00:00 0 
67dff000-67e00000 ---p 00000000 00:00 0 
67e00000-67e04000 r--s 00000000 08:06 394128     /home/gene/.cache/fontconfig/3ecda6abc85ff6f54114f03ae3c1fe72-le32d4.cache-3
67e04000-67e07000 ---p 00000000 00:00 0 
67e07000-67e55000 rw-p 00000000 00:00 0          [stack:10192]
67e55000-67e58000 ---p 00000000 00:00 0 
67e58000-67ea6000 rw-p 00000000 00:00 0          [stack:10191]
67ea6000-69015000 r-xp 00000000 08:06 1706398    /usr/lib/i386-linux-gnu/libicudata.so.48.1.1
69015000-69016000 r--p 0116e000 08:06 1706398    /usr/lib/i386-linux-gnu/libicudata.so.48.1.1
69016000-69017000 rw-p 0116f000 08:06 1706398    /usr/lib/i386-linux-gnu/libicudata.so.48.1.1
69017000-6901a000 r-xp 00000000 08:06 262501     /lib/i386-linux-gnu/libgpg-error.so.0.8.0
6901a000-6901b000 r--p 00002000 08:06 262501     /lib/i386-linux-gnu/libgpg-error.so.0.8.0
6901b000-6901c000 rw-p 00003000 08:06 262501     /lib/i386-linux-gnu/libgpg-error.so.0.8.0
6901c000-6901e000 r-xp 00000000 08:06 262512     /lib/i386-linux-gnu/libkeyutils.so.1.4
6901e000-6901f000 r--p 00002000 08:06 262512     /lib/i386-linux-gnu/libkeyutils.so.1.4
6901f000-69020000 rw-p 00003000 08:06 262512     /lib/i386-linux-gnu/libkeyutils.so.1.4
69020000-69176000 r-xp 00000000 08:06 1706412    /usr/lib/i386-linux-gnu/libicuuc.so.48.1.1
69176000-69180000 r--p 00155000 08:06 1706412    /usr/lib/i386-linux-gnu/libicuuc.so.48.1.1
69180000-69181000 rw-p 0015f000 08:06 1706412    /usr/lib/i386-linux-gnu/libicuuc.so.48.1.1
69181000-69185000 rw-p 00000000 00:00 0 
69185000-691b8000 r-xp 00000000 08:06 1706404    /usr/lib/i386-linux-gnu/libicule.so.48.1.1
691b8000-691b9000 ---p 00033000 08:06 1706404    /usr/lib/i386-linux-gnu/libicule.so.48.1.1
691b9000-691ba000 r--p 00033000 08:06 1706404    /usr/lib/i386-linux-gnu/libicule.so.48.1.1
691ba000-691bb000 rw-p 00034000 08:06 1706404    /usr/lib/i386-linux-gnu/libicule.so.48.1.1
691bb000-69203000 r-xp 00000000 08:06 262482     /lib/i386-linux-gnu/libdbus-1.so.3.7.2
69203000-69204000 r--p 00047000 08:06 262482     /lib/i386-linux-gnu/libdbus-1.so.3.7.2
69204000-69205000 rw-p 00048000 08:06 262482     /lib/i386-linux-gnu/libdbus-1.so.3.7.2
69205000-69217000 r-xp 00000000 08:06 1706541    /usr/lib/i386-linux-gnu/libp11-kit.so.0.0.0
69217000-69218000 r--p 00011000 08:06 1706541    /usr/lib/i386-linux-gnu/libp11-kit.so.0.0.0
69218000-69219000 rw-p 00012000 08:06 1706541    /usr/lib/i386-linux-gnu/libp11-kit.so.0.0.0
69219000-69229000 r-xp 00000000 08:06 1706699    /usr/lib/i386-linux-gnu/libtasn1.so.3.2.0
69229000-6922a000 r--p 0000f000 08:06 1706699    /usr/lib/i386-linux-gnu/libtasn1.so.3.2.0
6922a000-6922b000 rw-p 00010000 08:06 1706699    /usr/lib/i386-linux-gnu/libtasn1.so.3.2.0
6922b000-692ac000 r-xp 00000000 08:06 262497     /lib/i386-linux-gnu/libgcrypt.so.11.7.0
692ac000-692ad000 r--p 00080000 08:06 262497     /lib/i386-linux-gnu/libgcrypt.so.11.7.0
692ad000-692af000 rw-p 00081000 08:06 262497     /lib/i386-linux-gnu/libgcrypt.so.11.7.0
692af000-692b6000 r-xp 00000000 08:06 1706449    /usr/lib/i386-linux-gnu/libkrb5support.so.0.1
692b6000-692b7000 r--p 00006000 08:06 1706449    /usr/lib/i386-linux-gnu/libkrb5support.so.0.1
692b7000-692b8000 rw-p 00007000 08:06 1706449    /usr/lib/i386-linux-gnu/libkrb5support.so.0.1
692b8000-692bb000 r-xp 00000000 08:06 262477     /lib/i386-linux-gnu/libcom_err.so.2.1
692bb000-692bc000 r--p 00002000 08:06 262477     /lib/i386-linux-gnu/libcom_err.so.2.1
692bc000-692bd000 rw-p 00003000 08:06 262477     /lib/i386-linux-gnu/libcom_err.so.2.1
692bd000-692e3000 r-xp 00000000 08:06 1706443    /usr/lib/i386-linux-gnu/libk5crypto.so.3.1
692e3000-692e4000 r--p 00026000 08:06 1706443    /usr/lib/i386-linux-gnu/libk5crypto.so.3.1
692e4000-692e5000 rw-p 00027000 08:06 1706443    /usr/lib/i386-linux-gnu/libk5crypto.so.3.1
692e5000-693ac000 r-xp 00000000 08:06 1706447    /usr/lib/i386-linux-gnu/libkrb5.so.3.3
693ac000-693b2000 r--p 000c6000 08:06 1706447    /usr/lib/i386-linux-gnu/libkrb5.so.3.3
693b2000-693b3000 rw-p 000cc000 08:06 1706447    /usr/lib/i386-linux-gnu/libkrb5.so.3.3
693b3000-6944b000 r-xp 00000000 08:06 1706380    /usr/lib/i386-linux-gnu/libharfbuzz.so.0.913.0
6944b000-6944c000 ---p 00098000 08:06 1706380    /usr/lib/i386-linux-gnu/libharfbuzz.so.0.913.0
6944c000-6944d000 r--p 00098000 08:06 1706380    /usr/lib/i386-linux-gnu/libharfbuzz.so.0.913.0
6944d000-6944e000 rw-p 00099000 08:06 1706380    /usr/lib/i386-linux-gnu/libharfbuzz.so.0.913.0
6944e000-69456000 r-xp 00000000 08:06 1706787    /usr/lib/i386-linux-gnu/libxcb-render.so.0.0.0
69456000-69457000 r--p 00008000 08:06 1706787    /usr/lib/i386-linux-gnu/libxcb-render.so.0.0.0
69457000-69458000 rw-p 00009000 08:06 1706787    /usr/lib/i386-linux-gnu/libxcb-render.so.0.0.0
69458000-6945a000 r-xp 00000000 08:06 1706791    /usr/lib/i386-linux-gnu/libxcb-shm.so.0.0.0
6945a000-6945b000 r--p 00001000 08:06 1706791    /usr/lib/i386-linux-gnu/libxcb-shm.so.0.0.0
6945b000-6945c000 rw-p 00002000 08:06 1706791    /usr/lib/i386-linux-gnu/libxcb-shm.so.0.0.0
6945c000-69483000 r-xp 00000000 08:06 262578     /lib/i386-linux-gnu/libpng12.so.0.49.0
69483000-69484000 r--p 00026000 08:06 262578     /lib/i386-linux-gnu/libpng12.so.0.49.0
69484000-69485000 rw-p 00027000 08:06 262578     /lib/i386-linux-gnu/libpng12.so.0.49.0
69485000-69519000 r-xp 00000000 08:06 1706571    /usr/lib/i386-linux-gnu/libpixman-1.so.0.28.2
69519000-6951e000 r--p 00093000 08:06 1706571    /usr/lib/i386-linux-gnu/libpixman-1.so.0.28.2
6951e000-6951f000 rw-p 00098000 08:06 1706571    /usr/lib/i386-linux-gnu/libpixman-1.so.0.28.2
6951f000-69524000 r-xp 00000000 08:06 1705898    /usr/lib/i386-linux-gnu/libXdmcp.so.6.0.0
69524000-69525000 r--p 00004000 08:06 1705898    /usr/lib/i386-linux-gnu/libXdmcp.so.6.0.0
69525000-69526000 rw-p 00005000 08:06 1705898    /usr/lib/i386-linux-gnu/libXdmcp.so.6.0.0
69526000-69536000 r-xp 00000000 08:06 1705977    /usr/lib/i386-linux-gnu/libavahi-client.so.3.2.9
69536000-69537000 r--p 0000f000 08:06 1705977    /usr/lib/i386-linux-gnu/libavahi-client.so.3.2.9
69537000-69538000 rw-p 00010000 08:06 1705977    /usr/lib/i386-linux-gnu/libavahi-client.so.3.2.9
69538000-69544000 r-xp 00000000 08:06 1705979    /usr/lib/i386-linux-gnu/libavahi-common.so.3.5.3
69544000-69545000 r--p 0000b000 08:06 1705979    /usr/lib/i386-linux-gnu/libavahi-common.so.3.5.3
69545000-69546000 rw-p 0000c000 08:06 1705979    /usr/lib/i386-linux-gnu/libavahi-common.so.3.5.3
69546000-69606000 r-xp 00000000 08:06 1706251    /usr/lib/i386-linux-gnu/libgnutls.so.26.22.6
69606000-6960a000 r--p 000bf000 08:06 1706251    /usr/lib/i386-linux-gnu/libgnutls.so.26.22.6
6960a000-6960b000 rw-p 000c3000 08:06 1706251    /usr/lib/i386-linux-gnu/libgnutls.so.26.22.6
6960b000-69646000 r-xp 00000000 08:06 1706276    /usr/lib/i386-linux-gnu/libgssapi_krb5.so.2.2
69646000-69647000 r--p 0003a000 08:06 1706276    /usr/lib/i386-linux-gnu/libgssapi_krb5.so.2.2
69647000-69648000 rw-p 0003b000 08:06 1706276    /usr/lib/i386-linux-gnu/libgssapi_krb5.so.2.2
69648000-69687000 r-xp 00000000 08:06 262566     /lib/i386-linux-gnu/libpcre.so.3.13.1
69687000-69688000 r--p 0003f000 08:06 262566     /lib/i386-linux-gnu/libpcre.so.3.13.1
69688000-69689000 rw-p 00040000 08:06 262566     /lib/i386-linux-gnu/libpcre.so.3.13.1
69689000-696ae000 r-xp 00000000 08:06 262490     /lib/i386-linux-gnu/libexpat.so.1.6.0
696ae000-696b0000 r--p 00025000 08:06 262490     /lib/i386-linux-gnu/libexpat.so.1.6.0
696b0000-696b1000 rw-p 00027000 08:06 262490     /lib/i386-linux-gnu/libexpat.so.1.6.0
696b1000-69747000 r-xp 00000000 08:06 1706179    /usr/lib/i386-linux-gnu/libfreetype.so.6.10.0
69747000-6974b000 r--p 00095000 08:06 1706179    /usr/lib/i386-linux-gnu/libfreetype.so.6.10.0
6974b000-6974c000 rw-p 00099000 08:06 1706179    /usr/lib/i386-linux-gnu/libfreetype.so.6.10.0
6974c000-6975f000 r-xp 00000000 08:06 262589     /lib/i386-linux-gnu/libresolv-2.17.so
6975f000-69760000 r--p 00013000 08:06 262589     /lib/i386-linux-gnu/libresolv-2.17.so
69760000-69761000 rw-p 00014000 08:06 262589     /lib/i386-linux-gnu/libresolv-2.17.so
69761000-69763000 rw-p 00000000 00:00 0 
69763000-69780000 r-xp 00000000 08:06 262593     /lib/i386-linux-gnu/libselinux.so.1
69780000-69781000 r--p 0001c000 08:06 262593     /lib/i386-linux-gnu/libselinux.so.1
69781000-69782000 rw-p 0001d000 08:06 262593     /lib/i386-linux-gnu/libselinux.so.1
69782000-6978b000 r-xp 00000000 08:06 1705894    /usr/lib/i386-linux-gnu/libXcursor.so.1.0.2
6978b000-6978c000 r--p 00008000 08:06 1705894    /usr/lib/i386-linux-gnu/libXcursor.so.1.0.2
6978c000-6978d000 rw-p 00009000 08:06 1705894    /usr/lib/i386-linux-gnu/libXcursor.so.1.0.2
6978d000-69796000 r-xp 00000000 08:06 1705918    /usr/lib/i386-linux-gnu/libXrandr.so.2.2.0
69796000-69797000 r--p 00008000 08:06 1705918    /usr/lib/i386-linux-gnu/libXrandr.so.2.2.0
69797000-69798000 rw-p 00009000 08:06 1705918    /usr/lib/i386-linux-gnu/libXrandr.so.2.2.0
69798000-697aa000 r-xp 00000000 08:06 1706553    /usr/lib/i386-linux-gnu/libpangoft2-1.0.so.0.3200.5
697aa000-697ab000 r--p 00011000 08:06 1706553    /usr/lib/i386-linux-gnu/libpangoft2-1.0.so.0.3200.5
697ab000-697ac000 rw-p 00012000 08:06 1706553    /usr/lib/i386-linux-gnu/libpangoft2-1.0.so.0.3200.5
697ac000-698bf000 r-xp 00000000 08:06 1706005    /usr/lib/i386-linux-gnu/libcairo.so.2.11200.14
698bf000-698c1000 r--p 00113000 08:06 1706005    /usr/lib/i386-linux-gnu/libcairo.so.2.11200.14
698c1000-698c2000 rw-p 00115000 08:06 1706005    /usr/lib/i386-linux-gnu/libcairo.so.2.11200.14
698c2000-698c3000 rw-p 00000000 00:00 0 
698c3000-698e1000 r-xp 00000000 08:06 1705967    /usr/lib/i386-linux-gnu/libatk-1.0.so.0.20809.1
698e1000-698e3000 r--p 0001d000 08:06 1705967    /usr/lib/i386-linux-gnu/libatk-1.0.so.0.20809.1
698e3000-698e4000 rw-p 0001f000 08:06 1705967    /usr/lib/i386-linux-gnu/libatk-1.0.so.0.20809.1
698e4000-69904000 r-xp 00000000 08:06 1720908    /usr/lib/i386-linux-gnu/libxcb.so.1.1.0
69904000-69905000 r--p 0001f000 08:06 1720908    /usr/lib/i386-linux-gnu/libxcb.so.1.1.0
69905000-69906000 rw-p 00020000 08:06 1720908    /usr/lib/i386-linux-gnu/libxcb.so.1.1.0
69906000-69960000 r-xp 00000000 08:06 1706064    /usr/lib/i386-linux-gnu/libcups.so.2
69960000-69961000 ---p 0005a000 08:06 1706064    /usr/lib/i386-linux-gnu/libcups.so.2
69961000-69964000 r--p 0005a000 08:06 1706064    /usr/lib/i386-linux-gnu/libcups.so.2
69964000-69965000 rw-p 0005d000 08:06 1706064    /usr/lib/i386-linux-gnu/libcups.so.2
69965000-69a64000 r-xp 00000000 08:06 262499     /lib/i386-linux-gnu/libglib-2.0.so.0.3600.0
69a64000-69a65000 r--p 000fe000 08:06 262499     /lib/i386-linux-gnu/libglib-2.0.so.0.3600.0
69a65000-69a66000 rw-p 000ff000 08:06 262499     /lib/i386-linux-gnu/libglib-2.0.so.0.3600.0
69a66000-69ab4000 r-xp 00000000 08:06 1706257    /usr/lib/i386-linux-gnu/libgobject-2.0.so.0.3600.0
69ab4000-69ab5000 r--p 0004d000 08:06 1706257    /usr/lib/i386-linux-gnu/libgobject-2.0.so.0.3600.0
69ab5000-69ab6000 rw-p 0004e000 08:06 1706257    /usr/lib/i386-linux-gnu/libgobject-2.0.so.0.3600.0
69ab6000-69aed000 r-xp 00000000 08:06 1706167    /usr/lib/i386-linux-gnu/libfontconfig.so.1.6.2
69aed000-69aee000 r--p 00036000 08:06 1706167    /usr/lib/i386-linux-gnu/libfontconfig.so.1.6.2
69aee000-69aef000 rw-p 00037000 08:06 1706167    /usr/lib/i386-linux-gnu/libfontconfig.so.1.6.2
69aef000-69b38000 r-xp 00000000 08:06 1706549    /usr/lib/i386-linux-gnu/libpango-1.0.so.0.3200.5
69b38000-69b39000 r--p 00049000 08:06 1706549    /usr/lib/i386-linux-gnu/libpango-1.0.so.0.3200.5
69b39000-69b3a000 rw-p 0004a000 08:06 1706549    /usr/lib/i386-linux-gnu/libpango-1.0.so.0.3200.5
69b3a000-69c9a000 r-xp 00000000 08:06 1706227    /usr/lib/i386-linux-gnu/libgio-2.0.so.0.3600.0
69c9a000-69c9c000 r--p 00160000 08:06 1706227    /usr/lib/i386-linux-gnu/libgio-2.0.so.0.3600.0
69c9c000-69c9d000 rw-p 00162000 08:06 1706227    /usr/lib/i386-linux-gnu/libgio-2.0.so.0.3600.0
69c9d000-69c9e000 rw-p 00000000 00:00 0 
69c9e000-69d49000 r-xp 00000000 08:06 1706206    /usr/lib/i386-linux-gnu/libgdk-x11-2.0.so.0.2400.17
69d49000-69d4b000 r--p 000ab000 08:06 1706206    /usr/lib/i386-linux-gnu/libgdk-x11-2.0.so.0.2400.17
69d4b000-69d4c000 rw-p 000ad000 08:06 1706206    /usr/lib/i386-linux-gnu/libgdk-x11-2.0.so.0.2400.17
69d4c000-6a1ad000 r-xp 00000000 08:06 1706364    /usr/lib/i386-linux-gnu/libgtk-x11-2.0.so.0.2400.17
6a1ad000-6a1b1000 r--p 00461000 08:06 1706364    /usr/lib/i386-linux-gnu/libgtk-x11-2.0.so.0.2400.17
6a1b1000-6a1b3000 rw-p 00465000 08:06 1706364    /usr/lib/i386-linux-gnu/libgtk-x11-2.0.so.0.2400.17
6a1b3000-6a1b5000 rw-p 00000000 00:00 0 
6a1b5000-6a2e8000 r-xp 00000000 08:06 1706796    /usr/lib/i386-linux-gnu/libX11.so.6.3.0
6a2e8000-6a2e9000 r--p 00132000 08:06 1706796    /usr/lib/i386-linux-gnu/libX11.so.6.3.0
6a2e9000-6a2ec000 rw-p 00133000 08:06 1706796    /usr/lib/i386-linux-gnu/libX11.so.6.3.0
6a2ec000-6a33e000 r-xp 00000000 08:06 1708686    /usr/lib/jvm/java-7-openjdk-i386/jre/lib/i386/xawt/libmawt.so
6a33e000-6a33f000 r--p 00051000 08:06 1708686    /usr/lib/jvm/java-7-openjdk-i386/jre/lib/i386/xawt/libmawt.so
6a33f000-6a341000 rw-p 00052000 08:06 1708686    /usr/lib/jvm/java-7-openjdk-i386/jre/lib/i386/xawt/libmawt.so
6a341000-6a342000 rw-p 00000000 00:00 0 
6a342000-6a3d4000 r-xp 00000000 08:06 1708643    /usr/lib/jvm/java-7-openjdk-i386/jre/lib/i386/libawt.so
6a3d4000-6a3d5000 r--p 00091000 08:06 1708643    /usr/lib/jvm/java-7-openjdk-i386/jre/lib/i386/libawt.so
6a3d5000-6a3dc000 rw-p 00092000 08:06 1708643    /usr/lib/jvm/java-7-openjdk-i386/jre/lib/i386/libawt.so
6a3dc000-6a400000 rw-p 00000000 00:00 0 
6a400000-6a500000 rw-p 00000000 00:00 0 
6a500000-6a502000 r--s 00000000 08:06 936147     /var/cache/fontconfig/e49e89034d371f0f9de17aab02136486-le32d4.cache-3
6a502000-6a507000 r-xp 00000000 08:06 1706141    /usr/lib/i386-linux-gnu/libffi.so.6.0.1
6a507000-6a508000 r--p 00005000 08:06 1706141    /usr/lib/i386-linux-gnu/libffi.so.6.0.1
6a508000-6a509000 rw-p 00006000 08:06 1706141    /usr/lib/i386-linux-gnu/libffi.so.6.0.1
6a509000-6a529000 r-xp 00000000 08:06 1706208    /usr/lib/i386-linux-gnu/libgdk_pixbuf-2.0.so.0.2800.0
6a529000-6a52a000 ---p 00020000 08:06 1706208    /usr/lib/i386-linux-gnu/libgdk_pixbuf-2.0.so.0.2800.0
6a52a000-6a52b000 r--p 00020000 08:06 1706208    /usr/lib/i386-linux-gnu/libgdk_pixbuf-2.0.so.0.2800.0
6a52b000-6a52c000 rw-p 00021000 08:06 1706208    /usr/lib/i386-linux-gnu/libgdk_pixbuf-2.0.so.0.2800.0
6a52c000-6a52d000 ---p 00000000 00:00 0 
6a52d000-6a5ad000 rw-p 00000000 00:00 0          [stack:10190]
6a5ad000-6a5b0000 ---p 00000000 00:00 0 
6a5b0000-6a5fe000 rw-p 00000000 00:00 0          [stack:10189]
6a5fe000-6a601000 ---p 00000000 00:00 0 
6a601000-6a67f000 rw-p 00000000 00:00 0          [stack:10188]
6a67f000-6a682000 ---p 00000000 00:00 0 
6a682000-6a700000 rw-p 00000000 00:00 0          [stack:10187]
6a700000-6a900000 r--p 00000000 08:06 1709808    /usr/lib/locale/locale-archive
6a900000-6aa00000 rw-p 00000000 00:00 0 
6aa00000-6ab00000 rw-p 00000000 00:00 0 
6ab00000-6abf9000 rw-p 00000000 00:00 0 
6abf9000-6ac00000 ---p 00000000 00:00 0 
6ac00000-6ac02000 r--s 00000000 08:06 938726     /var/cache/fontconfig/65f976e5259cbe6dc7697b8648396239-le32d4.cache-3
6ac02000-6ac04000 r-xp 00000000 08:06 1705887    /usr/lib/i386-linux-gnu/libXau.so.6.0.0
6ac04000-6ac05000 r--p 00001000 08:06 1705887    /usr/lib/i386-linux-gnu/libXau.so.6.0.0
6ac05000-6ac06000 rw-p 00002000 08:06 1705887    /usr/lib/i386-linux-gnu/libXau.so.6.0.0
6ac06000-6ac08000 r-xp 00000000 08:06 1705896    /usr/lib/i386-linux-gnu/libXdamage.so.1.1.0
6ac08000-6ac09000 r--p 00001000 08:06 1705896    /usr/lib/i386-linux-gnu/libXdamage.so.1.1.0
6ac09000-6ac0a000 rw-p 00002000 08:06 1705896    /usr/lib/i386-linux-gnu/libXdamage.so.1.1.0
6ac0a000-6ac0f000 r-xp 00000000 08:06 1705902    /usr/lib/i386-linux-gnu/libXfixes.so.3.1.0
6ac0f000-6ac10000 r--p 00004000 08:06 1705902    /usr/lib/i386-linux-gnu/libXfixes.so.3.1.0
6ac10000-6ac11000 rw-p 00005000 08:06 1705902    /usr/lib/i386-linux-gnu/libXfixes.so.3.1.0
6ac11000-6ac1c000 r-xp 00000000 08:06 1706551    /usr/lib/i386-linux-gnu/libpangocairo-1.0.so.0.3200.5
6ac1c000-6ac1d000 r--p 0000a000 08:06 1706551    /usr/lib/i386-linux-gnu/libpangocairo-1.0.so.0.3200.5
6ac1d000-6ac1e000 rw-p 0000b000 08:06 1706551    /usr/lib/i386-linux-gnu/libpangocairo-1.0.so.0.3200.5
6ac1e000-6ac2c000 r-xp 00000000 08:06 1705906    /usr/lib/i386-linux-gnu/libXi.so.6.1.0
6ac2c000-6ac2d000 r--p 0000d000 08:06 1705906    /usr/lib/i386-linux-gnu/libXi.so.6.1.0
6ac2d000-6ac2e000 rw-p 0000e000 08:06 1705906    /usr/lib/i386-linux-gnu/libXi.so.6.1.0
6ac2e000-6ac31000 ---p 00000000 00:00 0 
6ac31000-6ac7f000 rw-p 00000000 00:00 0          [stack:10186]
6ac7f000-6ac80000 ---p 00000000 00:00 0 
6ac80000-6ad00000 rw-p 00000000 00:00 0          [stack:10183]
6ad00000-6adff000 rw-p 00000000 00:00 0 
6adff000-6ae00000 ---p 00000000 00:00 0 
6ae00000-6ae01000 r--s 00000000 08:06 936119     /var/cache/fontconfig/4b14b093aebc79c320de5e86ae1d3314-le32d4.cache-3
6ae01000-6ae03000 r--s 00000000 08:06 936655     /var/cache/fontconfig/67709b7835c0f764c1135060c9575660-le32d4.cache-3
6ae03000-6ae08000 r-xp 00000000 08:06 1705926    /usr/lib/i386-linux-gnu/libXtst.so.6.1.0
6ae08000-6ae09000 r--p 00004000 08:06 1705926    /usr/lib/i386-linux-gnu/libXtst.so.6.1.0
6ae09000-6ae0a000 rw-p 00005000 08:06 1705926    /usr/lib/i386-linux-gnu/libXtst.so.6.1.0
6ae0a000-6ae1a000 r-xp 00000000 08:06 1705900    /usr/lib/i386-linux-gnu/libXext.so.6.4.0
6ae1a000-6ae1b000 r--p 0000f000 08:06 1705900    /usr/lib/i386-linux-gnu/libXext.so.6.4.0
6ae1b000-6ae1c000 rw-p 00010000 08:06 1705900    /usr/lib/i386-linux-gnu/libXext.so.6.4.0
6ae1c000-6ae1d000 r--s 00000000 08:06 938725     /var/cache/fontconfig/94f7fe9bd33aadfac165873bd010d595-le32d4.cache-3
6ae1d000-6ae33000 r-xp 00000000 08:06 1708664    /usr/lib/jvm/java-7-openjdk-i386/jre/lib/i386/libnet.so
6ae33000-6ae34000 r--p 00015000 08:06 1708664    /usr/lib/jvm/java-7-openjdk-i386/jre/lib/i386/libnet.so
6ae34000-6ae35000 rw-p 00016000 08:06 1708664    /usr/lib/jvm/java-7-openjdk-i386/jre/lib/i386/libnet.so
6ae35000-6afe2000 r--s 01cde000 08:06 1708621    /usr/lib/jvm/java-7-openjdk-i386/jre/lib/rt.jar
6afe2000-6dd00000 rw-p 00000000 00:00 0 
6dd00000-6dded000 rw-p 00000000 00:00 0 
6dded000-6de00000 ---p 00000000 00:00 0 
6de00000-6de01000 r--s 00000000 08:06 938724     /var/cache/fontconfig/423767150eb258c59035de29db6fca84-le32d4.cache-3
6de01000-6de03000 r-xp 00000000 08:06 1705892    /usr/lib/i386-linux-gnu/libXcomposite.so.1.0.0
6de03000-6de04000 r--p 00001000 08:06 1705892    /usr/lib/i386-linux-gnu/libXcomposite.so.1.0.0
6de04000-6de05000 rw-p 00002000 08:06 1705892    /usr/lib/i386-linux-gnu/libXcomposite.so.1.0.0
6de05000-6de0d000 r-xp 00000000 08:06 1705920    /usr/lib/i386-linux-gnu/libXrender.so.1.3.0
6de0d000-6de0e000 r--p 00007000 08:06 1705920    /usr/lib/i386-linux-gnu/libXrender.so.1.3.0
6de0e000-6de0f000 rw-p 00008000 08:06 1705920    /usr/lib/i386-linux-gnu/libXrender.so.1.3.0
6de0f000-6de1a000 r--s 001fb000 08:06 1708529    /usr/lib/jvm/java-7-openjdk-common/jre/lib/charsets.jar
6de1a000-6de23000 r--s 000bc000 08:06 1708538    /usr/lib/jvm/java-7-openjdk-common/jre/lib/resources.jar
6de23000-6de2e000 r--s 001fb000 08:06 1708529    /usr/lib/jvm/java-7-openjdk-common/jre/lib/charsets.jar
6de2e000-6de31000 ---p 00000000 00:00 0 
6de31000-6de7f000 rw-p 00000000 00:00 0          [stack:10185]
6de7f000-6de80000 ---p 00000000 00:00 0 
6de80000-6df00000 rw-p 00000000 00:00 0          [stack:10182]
6df00000-6df21000 rw-p 00000000 00:00 0 
6df21000-6e000000 ---p 00000000 00:00 0 
6e000000-6e001000 r--s 00000000 08:06 938723     /var/cache/fontconfig/406a1d2d2bf3ed7664fbadefac0b2f66-le32d4.cache-3
6e001000-6e003000 r-xp 00000000 08:06 1705908    /usr/lib/i386-linux-gnu/libXinerama.so.1.0.0
6e003000-6e004000 r--p 00001000 08:06 1705908    /usr/lib/i386-linux-gnu/libXinerama.so.1.0.0
6e004000-6e005000 rw-p 00002000 08:06 1705908    /usr/lib/i386-linux-gnu/libXinerama.so.1.0.0
6e005000-6e018000 r--s 00179000 08:06 1724490    /home/gene/Downloads/ll/vlcj-2.4.1/vlcj-2.4.1-javadoc.jar
6e018000-6e01f000 r--s 00094000 08:06 1784822    /home/gene/netbeans-7.3.1/java/modules/ext/beansbinding-1.2.1.jar
6e01f000-6e02e000 r--s 00115000 08:06 1724216    /home/gene/Downloads/ll/vlcj-2.4.1/platform-3.5.2.jar
6e02e000-6e031000 ---p 00000000 00:00 0 
6e031000-6e07f000 rw-p 00000000 00:00 0          [stack:10184]
6e07f000-6e080000 ---p 00000000 00:00 0 
6e080000-6e100000 rw-p 00000000 00:00 0          [stack:10181]
6e100000-6e121000 rw-p 00000000 00:00 0 
6e121000-6e200000 ---p 00000000 00:00 0 
6e200000-6e201000 r--s 00000000 08:06 936109     /var/cache/fontconfig/0c9eb80ebd1c36541ebe2852d3bb0c49-le32d4.cache-3
6e201000-6e204000 r-xp 00000000 08:06 1706237    /usr/lib/i386-linux-gnu/libgmodule-2.0.so.0.3600.0
6e204000-6e205000 r--p 00002000 08:06 1706237    /usr/lib/i386-linux-gnu/libgmodule-2.0.so.0.3600.0
6e205000-6e206000 rw-p 00003000 08:06 1706237    /usr/lib/i386-linux-gnu/libgmodule-2.0.so.0.3600.0
6e206000-6e210000 r--s 0004b000 08:06 1724492    /home/gene/Downloads/ll/vlcj-2.4.1/vlcj-2.4.1.jar
6e210000-6e21f000 r--s 000d3000 08:06 1786959    /home/gene/Downloads/jaudiotagger-2.2.0-20130321.142353-1.jar
6e21f000-6e237000 r--s 001b9000 08:06 1779640    /home/gene/lab/music/playmp3/jmf.jar
6e237000-6e27f000 rw-p 00000000 00:00 0 
6e27f000-6e280000 ---p 00000000 00:00 0 
6e280000-6e300000 rw-p 00000000 00:00 0          [stack:10180]
6e300000-6e321000 rw-p 00000000 00:00 0 
6e321000-6e400000 ---p 00000000 00:00 0 
6e400000-6e401000 r--s 00000000 08:06 936124     /var/cache/fontconfig/62f91419b9ebdb6975e7e41ab6412357-le32d4.cache-3
6e401000-6e402000 r-xp 00000000 08:06 1706360    /usr/lib/i386-linux-gnu/libgthread-2.0.so.0.3600.0
6e402000-6e403000 r--p 00000000 08:06 1706360    /usr/lib/i386-linux-gnu/libgthread-2.0.so.0.3600.0
6e403000-6e404000 rw-p 00001000 08:06 1706360    /usr/lib/i386-linux-gnu/libgthread-2.0.so.0.3600.0
6e404000-6e405000 ---p 00000000 00:00 0 
6e405000-6e48d000 rw-p 00000000 00:00 0          [stack:10179]
6e48d000-6e4c5000 rw-p 00000000 00:00 0 
6e4c5000-6e4da000 rw-p 00000000 00:00 0 
6e4da000-6e609000 rw-p 00000000 00:00 0 
6e609000-6e611000 rw-p 00000000 00:00 0 
6e611000-6e649000 rw-p 00000000 00:00 0 
6e649000-6e65e000 rw-p 00000000 00:00 0 
6e65e000-6e78d000 rw-p 00000000 00:00 0 
6e78d000-6e79f000 rw-p 00000000 00:00 0 
6e79f000-6e82f000 rw-p 00000000 00:00 0 
6e82f000-6f830000 rw-p 00000000 00:00 0 
6f830000-76830000 rw-p 00000000 00:00 0 
76830000-790b0000 rw-p 00000000 00:00 0 
790b0000-9f030000 rw-p 00000000 00:00 0 
9f030000-a1390000 rw-p 00000000 00:00 0 
a1390000-b3430000 rw-p 00000000 00:00 0 
b3430000-b3433000 r--s 000a6000 08:06 1724183    /home/gene/Downloads/ll/vlcj-2.4.1/jna-3.5.2.jar
b3433000-b343c000 rw-p 00000000 00:00 0 
b343c000-b34f3000 rw-p 00000000 00:00 0 
b34f3000-b3733000 rwxp 00000000 00:00 0 
b3733000-b64f3000 rw-p 00000000 00:00 0 
b64f3000-b64fe000 r-xp 00000000 08:06 262543     /lib/i386-linux-gnu/libnss_files-2.17.so
b64fe000-b64ff000 r--p 0000a000 08:06 262543     /lib/i386-linux-gnu/libnss_files-2.17.so
b64ff000-b6500000 rw-p 0000b000 08:06 262543     /lib/i386-linux-gnu/libnss_files-2.17.so
b6500000-b65fc000 rw-p 00000000 00:00 0 
b65fc000-b6600000 ---p 00000000 00:00 0 
b6600000-b6601000 r--s 00000000 08:06 938994     /var/cache/fontconfig/e0aa53bcfa504e64f87823c16bc01eb6-le32d4.cache-3
b6601000-b6604000 r--s 00027000 08:06 1798650    /home/gene/Downloads/rs2xml.jar
b6604000-b6606000 r--s 00380000 08:06 1795454    /home/gene/Downloads/sqlite-jdbc-3.7.15-M1.jar
b6606000-b6608000 r--s 00006000 08:06 137009     /usr/share/java/java-atk-wrapper.jar
b6608000-b660b000 r--s 0000f000 08:06 1708547    /usr/lib/jvm/java-7-openjdk-common/jre/lib/ext/pulse-java.jar
b660b000-b6615000 r-xp 00000000 08:06 262548     /lib/i386-linux-gnu/libnss_nis-2.17.so
b6615000-b6616000 r--p 00009000 08:06 262548     /lib/i386-linux-gnu/libnss_nis-2.17.so
b6616000-b6617000 rw-p 0000a000 08:06 262548     /lib/i386-linux-gnu/libnss_nis-2.17.so
b6617000-b662c000 r-xp 00000000 08:06 262537     /lib/i386-linux-gnu/libnsl-2.17.so
b662c000-b662d000 r--p 00014000 08:06 262537     /lib/i386-linux-gnu/libnsl-2.17.so
b662d000-b662e000 rw-p 00015000 08:06 262537     /lib/i386-linux-gnu/libnsl-2.17.so
b662e000-b6630000 rw-p 00000000 00:00 0 
b6630000-b6637000 r-xp 00000000 08:06 262539     /lib/i386-linux-gnu/libnss_compat-2.17.so
b6637000-b6638000 r--p 00006000 08:06 262539     /lib/i386-linux-gnu/libnss_compat-2.17.so
b6638000-b6639000 rw-p 00007000 08:06 262539     /lib/i386-linux-gnu/libnss_compat-2.17.so
b6639000-b663a000 r--s 00014000 08:06 1795668    /home/gene/lab/music/playmp3/mp3plugin.jar
b663a000-b663b000 r--s 00002000 08:06 1708545    /usr/lib/jvm/java-7-openjdk-common/jre/lib/ext/dnsns.jar
b663b000-b663f000 r--s 00085000 08:06 1708546    /usr/lib/jvm/java-7-openjdk-common/jre/lib/ext/localedata.jar
b663f000-b6641000 r--s 00012000 08:06 1708550    /usr/lib/jvm/java-7-openjdk-common/jre/lib/ext/zipfs.jar
b6641000-b6644000 r--s 00032000 08:06 1708548    /usr/lib/jvm/java-7-openjdk-common/jre/lib/ext/sunjce_provider.jar
b6644000-b6647000 r--s 0003c000 08:06 1708549    /usr/lib/jvm/java-7-openjdk-common/jre/lib/ext/sunpkcs11.jar
b6647000-b6648000 r--p 005db000 08:06 1709808    /usr/lib/locale/locale-archive
b6648000-b6650000 r-xp 00000000 08:06 1708674    /usr/lib/jvm/java-7-openjdk-i386/jre/lib/i386/libzip.so
b6650000-b6651000 r--p 00007000 08:06 1708674    /usr/lib/jvm/java-7-openjdk-i386/jre/lib/i386/libzip.so
b6651000-b6652000 rw-p 00008000 08:06 1708674    /usr/lib/jvm/java-7-openjdk-i386/jre/lib/i386/libzip.so
b6652000-b6679000 r-xp 00000000 08:06 1708652    /usr/lib/jvm/java-7-openjdk-i386/jre/lib/i386/libjava.so
b6679000-b667a000 r--p 00026000 08:06 1708652    /usr/lib/jvm/java-7-openjdk-i386/jre/lib/i386/libjava.so
b667a000-b667b000 rw-p 00027000 08:06 1708652    /usr/lib/jvm/java-7-openjdk-i386/jre/lib/i386/libjava.so
b667b000-b6682000 r-xp 00000000 08:06 262591     /lib/i386-linux-gnu/librt-2.17.so
b6682000-b6683000 r--p 00006000 08:06 262591     /lib/i386-linux-gnu/librt-2.17.so
b6683000-b6684000 rw-p 00007000 08:06 262591     /lib/i386-linux-gnu/librt-2.17.so
b6684000-b6687000 ---p 00000000 00:00 0 
b6687000-b66d5000 rw-p 00000000 00:00 0          [stack:10178]
b66d5000-b66f0000 r-xp 00000000 08:06 262495     /lib/i386-linux-gnu/libgcc_s.so.1
b66f0000-b66f1000 r--p 0001a000 08:06 262495     /lib/i386-linux-gnu/libgcc_s.so.1
b66f1000-b66f2000 rw-p 0001b000 08:06 262495     /lib/i386-linux-gnu/libgcc_s.so.1
b66f2000-b6733000 r-xp 00000000 08:06 262518     /lib/i386-linux-gnu/libm-2.17.so
b6733000-b6734000 r--p 00040000 08:06 262518     /lib/i386-linux-gnu/libm-2.17.so
b6734000-b6735000 rw-p 00041000 08:06 262518     /lib/i386-linux-gnu/libm-2.17.so
b6735000-b6811000 r-xp 00000000 08:06 1706691    /usr/lib/i386-linux-gnu/libstdc++.so.6.0.17
b6811000-b6812000 ---p 000dc000 08:06 1706691    /usr/lib/i386-linux-gnu/libstdc++.so.6.0.17
b6812000-b6816000 r--p 000dc000 08:06 1706691    /usr/lib/i386-linux-gnu/libstdc++.so.6.0.17
b6816000-b6817000 rw-p 000e0000 08:06 1706691    /usr/lib/i386-linux-gnu/libstdc++.so.6.0.17
b6817000-b681e000 rw-p 00000000 00:00 0 
b681e000-b7113000 r-xp 00000000 08:06 1708685    /usr/lib/jvm/java-7-openjdk-i386/jre/lib/i386/server/libjvm.so
b7113000-b715a000 r--p 008f4000 08:06 1708685    /usr/lib/jvm/java-7-openjdk-i386/jre/lib/i386/server/libjvm.so
b715a000-b716e000 rw-p 0093b000 08:06 1708685    /usr/lib/jvm/java-7-openjdk-i386/jre/lib/i386/server/libjvm.so
b716e000-b758c000 rw-p 00000000 00:00 0 
b758c000-b75a3000 r-xp 00000000 08:06 262624     /lib/i386-linux-gnu/libz.so.1.2.7
b75a3000-b75a4000 r--p 00016000 08:06 262624     /lib/i386-linux-gnu/libz.so.1.2.7
b75a4000-b75a5000 rw-p 00017000 08:06 262624     /lib/i386-linux-gnu/libz.so.1.2.7
b75a5000-b75bc000 r-xp 00000000 08:06 262583     /lib/i386-linux-gnu/libpthread-2.17.so
b75bc000-b75bd000 r--p 00016000 08:06 262583     /lib/i386-linux-gnu/libpthread-2.17.so
b75bd000-b75be000 rw-p 00017000 08:06 262583     /lib/i386-linux-gnu/libpthread-2.17.so
b75be000-b75c0000 rw-p 00000000 00:00 0 
b75c0000-b75c3000 r-xp 00000000 08:06 262485     /lib/i386-linux-gnu/libdl-2.17.so
b75c3000-b75c4000 r--p 00002000 08:06 262485     /lib/i386-linux-gnu/libdl-2.17.so
b75c4000-b75c5000 rw-p 00003000 08:06 262485     /lib/i386-linux-gnu/libdl-2.17.so
b75c5000-b7772000 r-xp 00000000 08:06 262470     /lib/i386-linux-gnu/libc-2.17.so
b7772000-b7774000 r--p 001ad000 08:06 262470     /lib/i386-linux-gnu/libc-2.17.so
b7774000-b7775000 rw-p 001af000 08:06 262470     /lib/i386-linux-gnu/libc-2.17.so
b7775000-b7778000 rw-p 00000000 00:00 0 
b7778000-b7780000 rw-s 00000000 08:06 1439056    /tmp/hsperfdata_gene/10174
b7780000-b7781000 rw-p 00000000 00:00 0 
b7781000-b7782000 r--p 00000000 00:00 0 
b7782000-b778f000 r-xp 00000000 08:06 1708673    /usr/lib/jvm/java-7-openjdk-i386/jre/lib/i386/libverify.so
b778f000-b7790000 r--p 0000d000 08:06 1708673    /usr/lib/jvm/java-7-openjdk-i386/jre/lib/i386/libverify.so
b7790000-b7791000 rw-p 0000e000 08:06 1708673    /usr/lib/jvm/java-7-openjdk-i386/jre/lib/i386/libverify.so
b7791000-b779e000 r-xp 00000000 08:06 1708681    /usr/lib/jvm/java-7-openjdk-i386/jre/lib/i386/jli/libjli.so
b779e000-b779f000 r--p 0000c000 08:06 1708681    /usr/lib/jvm/java-7-openjdk-i386/jre/lib/i386/jli/libjli.so
b779f000-b77a0000 rw-p 0000d000 08:06 1708681    /usr/lib/jvm/java-7-openjdk-i386/jre/lib/i386/jli/libjli.so
b77a0000-b77a3000 rw-p 00000000 00:00 0 
b77a3000-b77a4000 r-xp 00000000 00:00 0          [vdso]
b77a4000-b77c4000 r-xp 00000000 08:06 262446     /lib/i386-linux-gnu/ld-2.17.so
b77c4000-b77c5000 r--p 0001f000 08:06 262446     /lib/i386-linux-gnu/ld-2.17.so
b77c5000-b77c6000 rw-p 00020000 08:06 262446     /lib/i386-linux-gnu/ld-2.17.so
bff1e000-bff3f000 rw-p 00000000 00:00 0          [stack]

VM Arguments:
jvm_args: -Dfile.encoding=UTF-8 
java_command: musicplayer.Musicplayer
Launcher Type: SUN_STANDARD

Environment Variables:
PATH=/usr/local/sbin:/usr/local/bin:/usr/sbin:/usr/bin:/sbin:/bin:/usr/games:/usr/local/games
USERNAME=gene
LD_LIBRARY_PATH=/usr/lib/jvm/default-java/jre/lib/amd64:/usr/lib/jvm/default-java/jre/lib/i386:
SHELL=/bin/bash
DISPLAY=:0

Signal Handlers:
SIGSEGV: [libjvm.so+0x7598c0], sa_mask[0]=0x7ffbfeff, sa_flags=0x10000004
SIGBUS: [libjvm.so+0x7598c0], sa_mask[0]=0x7ffbfeff, sa_flags=0x10000004
SIGFPE: [libjvm.so+0x5f54f0], sa_mask[0]=0x7ffbfeff, sa_flags=0x10000004
SIGPIPE: [libjvm.so+0x5f54f0], sa_mask[0]=0x7ffbfeff, sa_flags=0x10000004
SIGXFSZ: [libjvm.so+0x5f54f0], sa_mask[0]=0x7ffbfeff, sa_flags=0x10000004
SIGILL: [libjvm.so+0x5f54f0], sa_mask[0]=0x7ffbfeff, sa_flags=0x10000004
SIGUSR1: SIG_DFL, sa_mask[0]=0x00000000, sa_flags=0x00000000
SIGUSR2: [libjvm.so+0x5f53a0], sa_mask[0]=0x00000004, sa_flags=0x10000004
SIGHUP: [libjvm.so+0x5f5930], sa_mask[0]=0x7ffbfeff, sa_flags=0x10000004
SIGINT: SIG_IGN, sa_mask[0]=0x00000000, sa_flags=0x00000000
SIGTERM: [libjvm.so+0x5f5930], sa_mask[0]=0x7ffbfeff, sa_flags=0x10000004
SIGQUIT: [libjvm.so+0x5f5930], sa_mask[0]=0x7ffbfeff, sa_flags=0x10000004


---------------  S Y S T E M  ---------------

OS:Ubuntu 13.04 (raring)
uname:Linux 3.8.0-19-generic #29-Ubuntu SMP Wed Apr 17 18:19:42 UTC 2013 i686
libc:glibc 2.17 NPTL 2.17 
rlimit: STACK 8192k, CORE 0k, NPROC 30928, NOFILE 4096, AS infinity
load average:1.10 0.71 0.79

/proc/meminfo:
MemTotal:        3975340 kB
MemFree:         1028728 kB
Buffers:          695776 kB
Cached:          1424904 kB
SwapCached:            0 kB
Active:           968384 kB
Inactive:        1866776 kB
Active(anon):     635160 kB
Inactive(anon):   218220 kB
Active(file):     333224 kB
Inactive(file):  1648556 kB
Unevictable:           0 kB
Mlocked:               0 kB
HighTotal:       3125056 kB
HighFree:         967276 kB
LowTotal:         850284 kB
LowFree:           61452 kB
SwapTotal:       2047996 kB
SwapFree:        2047996 kB
Dirty:               260 kB
Writeback:             0 kB
AnonPages:        714476 kB
Mapped:           131652 kB
Shmem:            138900 kB
Slab:              77228 kB
SReclaimable:      55784 kB
SUnreclaim:        21444 kB
KernelStack:        3456 kB
PageTables:         6940 kB
NFS_Unstable:          0 kB
Bounce:                0 kB
WritebackTmp:          0 kB
CommitLimit:     4035664 kB
Committed_AS:    2519140 kB
VmallocTotal:     122880 kB
VmallocUsed:       19540 kB
VmallocChunk:     102576 kB
HardwareCorrupted:     0 kB
AnonHugePages:         0 kB
HugePages_Total:       0
HugePages_Free:        0
HugePages_Rsvd:        0
HugePages_Surp:        0
Hugepagesize:       2048 kB
DirectMap4k:       10232 kB
DirectMap2M:      903168 kB


CPU:total 4 (2 cores per cpu, 2 threads per core) family 6 model 42 stepping 7, cmov, cx8, fxsr, mmx, sse, sse2, sse3, ssse3, sse4.1, sse4.2, popcnt, avx, ht, tsc, tscinvbit

/proc/cpuinfo:
processor	: 0
vendor_id	: GenuineIntel
cpu family	: 6
model		: 42
model name	: Intel(R) Core(TM) i3-2370M CPU @ 2.40GHz
stepping	: 7
microcode	: 0x25
cpu MHz		: 2400.000
cache size	: 3072 KB
physical id	: 0
siblings	: 4
core id		: 0
cpu cores	: 2
apicid		: 0
initial apicid	: 0
fdiv_bug	: no
hlt_bug		: no
f00f_bug	: no
coma_bug	: no
fpu		: yes
fpu_exception	: yes
cpuid level	: 13
wp		: yes
flags		: fpu vme de pse tsc msr pae mce cx8 apic sep mtrr pge mca cmov pat pse36 clflush dts acpi mmx fxsr sse sse2 ss ht tm pbe nx rdtscp lm constant_tsc arch_perfmon pebs bts xtopology nonstop_tsc aperfmperf eagerfpu pni pclmulqdq dtes64 monitor ds_cpl vmx est tm2 ssse3 cx16 xtpr pdcm pcid sse4_1 sse4_2 x2apic popcnt tsc_deadline_timer xsave avx lahf_lm arat epb xsaveopt pln pts dtherm tpr_shadow vnmi flexpriority ept vpid
bogomips	: 4789.11
clflush size	: 64
cache_alignment	: 64
address sizes	: 36 bits physical, 48 bits virtual
power management:

processor	: 1
vendor_id	: GenuineIntel
cpu family	: 6
model		: 42
model name	: Intel(R) Core(TM) i3-2370M CPU @ 2.40GHz
stepping	: 7
microcode	: 0x25
cpu MHz		: 2400.000
cache size	: 3072 KB
physical id	: 0
siblings	: 4
core id		: 0
cpu cores	: 2
apicid		: 1
initial apicid	: 1
fdiv_bug	: no
hlt_bug		: no
f00f_bug	: no
coma_bug	: no
fpu		: yes
fpu_exception	: yes
cpuid level	: 13
wp		: yes
flags		: fpu vme de pse tsc msr pae mce cx8 apic sep mtrr pge mca cmov pat pse36 clflush dts acpi mmx fxsr sse sse2 ss ht tm pbe nx rdtscp lm constant_tsc arch_perfmon pebs bts xtopology nonstop_tsc aperfmperf eagerfpu pni pclmulqdq dtes64 monitor ds_cpl vmx est tm2 ssse3 cx16 xtpr pdcm pcid sse4_1 sse4_2 x2apic popcnt tsc_deadline_timer xsave avx lahf_lm arat epb xsaveopt pln pts dtherm tpr_shadow vnmi flexpriority ept vpid
bogomips	: 4789.11
clflush size	: 64
cache_alignment	: 64
address sizes	: 36 bits physical, 48 bits virtual
power management:

processor	: 2
vendor_id	: GenuineIntel
cpu family	: 6
model		: 42
model name	: Intel(R) Core(TM) i3-2370M CPU @ 2.40GHz
stepping	: 7
microcode	: 0x25
cpu MHz		: 2400.000
cache size	: 3072 KB
physical id	: 0
siblings	: 4
core id		: 1
cpu cores	: 2
apicid		: 2
initial apicid	: 2
fdiv_bug	: no
hlt_bug		: no
f00f_bug	: no
coma_bug	: no
fpu		: yes
fpu_exception	: yes
cpuid level	: 13
wp		: yes
flags		: fpu vme de pse tsc msr pae mce cx8 apic sep mtrr pge mca cmov pat pse36 clflush dts acpi mmx fxsr sse sse2 ss ht tm pbe nx rdtscp lm constant_tsc arch_perfmon pebs bts xtopology nonstop_tsc aperfmperf eagerfpu pni pclmulqdq dtes64 monitor ds_cpl vmx est tm2 ssse3 cx16 xtpr pdcm pcid sse4_1 sse4_2 x2apic popcnt tsc_deadline_timer xsave avx lahf_lm arat epb xsaveopt pln pts dtherm tpr_shadow vnmi flexpriority ept vpid
bogomips	: 4789.11
clflush size	: 64
cache_alignment	: 64
address sizes	: 36 bits physical, 48 bits virtual
power management:

processor	: 3
vendor_id	: GenuineIntel
cpu family	: 6
model		: 42
model name	: Intel(R) Core(TM) i3-2370M CPU @ 2.40GHz
stepping	: 7
microcode	: 0x25
cpu MHz		: 2400.000
cache size	: 3072 KB
physical id	: 0
siblings	: 4
core id		: 1
cpu cores	: 2
apicid		: 3
initial apicid	: 3
fdiv_bug	: no
hlt_bug		: no
f00f_bug	: no
coma_bug	: no
fpu		: yes
fpu_exception	: yes
cpuid level	: 13
wp		: yes
flags		: fpu vme de pse tsc msr pae mce cx8 apic sep mtrr pge mca cmov pat pse36 clflush dts acpi mmx fxsr sse sse2 ss ht tm pbe nx rdtscp lm constant_tsc arch_perfmon pebs bts xtopology nonstop_tsc aperfmperf eagerfpu pni pclmulqdq dtes64 monitor ds_cpl vmx est tm2 ssse3 cx16 xtpr pdcm pcid sse4_1 sse4_2 x2apic popcnt tsc_deadline_timer xsave avx lahf_lm arat epb xsaveopt pln pts dtherm tpr_shadow vnmi flexpriority ept vpid
bogomips	: 4789.11
clflush size	: 64
cache_alignment	: 64
address sizes	: 36 bits physical, 48 bits virtual
power management:



Memory: 4k page, physical 3975340k(1028728k free), swap 2047996k(2047996k free)

vm_info: OpenJDK Server VM (23.7-b01) for linux-x86 JRE (1.7.0_21-b02), built on Apr 22 2013 07:41:32 by "buildd" with gcc 4.7.3

time: Fri Nov  1 22:00:24 2013
elapsed time: 4 seconds

