#
# A fatal error has been detected by the Java Runtime Environment:
#
#  SIGSEGV (0xb) at pc=0xb7697f98, pid=15391, tid=1733057344
#
# JRE version: 7.0_21-b02
# Java VM: OpenJDK Server VM (23.7-b01 mixed mode linux-x86 )
# Problematic frame:
# C  [libc.so.6+0x12ef98]  _IO_file_underflow+0x68
#
# Failed to write core dump. Core dumps have been disabled. To enable core dumping, try "ulimit -c unlimited" before starting Java again
#
# If you would like to submit a bug report, please include
# instructions on how to reproduce the bug and visit:
#   https://bugs.launchpad.net/ubuntu/+source/openjdk-7/
#

---------------  T H R E A D  ---------------

Current thread is native thread

siginfo:si_signo=SIGSEGV: si_errno=0, si_code=1 (SEGV_MAPERR), si_addr=0x00000037

Registers:
EAX=0x67b28000, EBX=0xb7718000, ECX=0xffffffff, EDX=0x00001000
ESP=0x674c2da0, EBP=0x00000001, ESI=0x673b1388, EDI=0x674c5b40
EIP=0xb7697f98, EFLAGS=0x00210206, CR2=0x00000037

Top of Stack: (sp=0x674c2da0)
0x674c2da0:   673b1388 67b28000 00001000 b7718000
0x674c2db0:   673b1388 b7718000 673b1388 b75dcda9
0x674c2dc0:   673b1388 b75cf57a b7718000 b7718000
0x674c2dd0:   673b1388 674c5b40 673b1388 b75dcbdb
0x674c2de0:   673b1388 ffffffff 63377649 63396000
0x674c2df0:   b75cf5d7 b7718000 673b1388 b75d2ebc
0x674c2e00:   673b1388 6338d22a 00000001 63396000
0x674c2e10:   63396000 67316950 6ddfb218 63380d8c 

Instructions: (pc=0xb7697f98)
0xb7697f78:   4c 89 46 04 29 c2 89 46 0c 89 46 08 89 46 18 89
0xb7697f88:   46 14 89 46 10 89 54 24 08 89 44 24 04 89 34 24
0xb7697f98:   ff 51 38 83 f8 00 7e 38 8b 56 40 01 46 08 83 fa
0xb7697fa8:   ff 74 05 01 d0 89 46 40 8b 46 04 0f b6 00 83 c4 

Register to memory mapping:

EAX=0x67b28000 is an unknown value
EBX=0xb7718000: <offset 0x1af000> in /lib/i386-linux-gnu/libc.so.6 at 0xb7569000
ECX=0xffffffff is an unknown value
EDX=0x00001000 is an unknown value
ESP=0x674c2da0 is an unknown value
EBP=0x00000001 is an unknown value
ESI=0x673b1388 is an unknown value
EDI=0x674c5b40 is an unknown value


Stack: [0x67445000,0x674c6000],  sp=0x674c2da0,  free space=503k
Native frames: (J=compiled Java code, j=interpreted, Vv=VM code, C=native code)
C  [libc.so.6+0x12ef98]  _IO_file_underflow+0x68


---------------  P R O C E S S  ---------------

VM state:not at safepoint (normal execution)

VM Mutex/Monitor currently owned by a thread: None

Heap
 PSYoungGen      total 27328K, used 6712K [0x9efd0000, 0xa1f60000, 0xb33d0000)
  eden space 26688K, 22% used [0x9efd0000,0x9f5c4a28,0xa09e0000)
  from space 640K, 95% used [0xa1580000,0xa16196c0,0xa1620000)
  to   space 5184K, 0% used [0xa1a50000,0xa1a50000,0xa1f60000)
 ParOldGen       total 41472K, used 7086K [0x767d0000, 0x79050000, 0x9efd0000)
  object space 41472K, 17% used [0x767d0000,0x76ebbbf8,0x79050000)
 PSPermGen       total 16384K, used 15060K [0x6e7d0000, 0x6f7d0000, 0x767d0000)
  object space 16384K, 91% used [0x6e7d0000,0x6f685238,0x6f7d0000)

Card table byte_map: [0x6e5a9000,0x6e7d0000] byte_map_base: 0x6e235180

Polling page: 0xb7725000

Code Cache  [0xb349c000, 0xb36dc000, 0xb649c000)
 total_blobs=785 nmethods=516 adapters=221 free_code_cache=47806Kb largest_free_block=48904640

Compilation events (10 events):
Event: 61.474 Thread 0x6adfe800  554             com.sun.jna.Memory::finalize (5 bytes)
Event: 61.475 Thread 0x6adfe800 nmethod 554 0xb3533808 code [0xb3533920, 0xb35339e4]
Event: 61.479 Thread 0x6adfe800  556   !         java.lang.ref.Finalizer::runFinalizer (59 bytes)
Event: 61.479 Thread 0x6adfc800  555             java.lang.ref.Finalizer::access$100 (5 bytes)
Event: 61.483 Thread 0x6adfe800 nmethod 556 0xb35e3d08 code [0xb35e3e60, 0xb35e427c]
Event: 61.484 Thread 0x6adfe800  557   !         java.lang.ref.Finalizer::remove (94 bytes)
Event: 61.485 Thread 0x6adfc800 nmethod 555 0xb35e2a08 code [0xb35e2b60, 0xb35e2fbc]
Event: 61.485 Thread 0x6adfc800  558             java.util.Formatter$Flags::valueOf (5 bytes)
Event: 61.485 Thread 0x6adfc800 nmethod 558 0xb35bb048 code [0xb35bb120, 0xb35bb170]
Event: 61.486 Thread 0x6adfe800 nmethod 557 0xb35f6948 code [0xb35f6a60, 0xb35f6c90]

GC Heap History (10 events):
Event: 26.310 GC heap before
{Heap before GC invocations=9 (full 0):
 PSYoungGen      total 35520K, used 30512K [0x9efd0000, 0xa1830000, 0xb33d0000)
  eden space 30272K, 100% used [0x9efd0000,0xa0d60000,0xa0d60000)
  from space 5248K, 4% used [0xa12b0000,0xa12ec000,0xa17d0000)
  to   space 5440K, 0% used [0xa0d60000,0xa0d60000,0xa12b0000)
 ParOldGen       total 41472K, used 6648K [0x767d0000, 0x79050000, 0x9efd0000)
  object space 41472K, 16% used [0x767d0000,0x76e4e1d0,0x79050000)
 PSPermGen       total 16384K, used 14894K [0x6e7d0000, 0x6f7d0000, 0x767d0000)
  object space 16384K, 90% used [0x6e7d0000,0x6f65ba08,0x6f7d0000)
Event: 26.313 GC heap after
Heap after GC invocations=9 (full 0):
 PSYoungGen      total 35712K, used 416K [0x9efd0000, 0xa2a00000, 0xb33d0000)
  eden space 30272K, 0% used [0x9efd0000,0x9efd0000,0xa0d60000)
  from space 5440K, 7% used [0xa0d60000,0xa0dc8000,0xa12b0000)
  to   space 5568K, 0% used [0xa2490000,0xa2490000,0xa2a00000)
 ParOldGen       total 41472K, used 6660K [0x767d0000, 0x79050000, 0x9efd0000)
  object space 41472K, 16% used [0x767d0000,0x76e511d0,0x79050000)
 PSPermGen       total 16384K, used 14894K [0x6e7d0000, 0x6f7d0000, 0x767d0000)
  object space 16384K, 90% used [0x6e7d0000,0x6f65ba08,0x6f7d0000)
}
Event: 34.333 GC heap before
{Heap before GC invocations=10 (full 0):
 PSYoungGen      total 35712K, used 30688K [0x9efd0000, 0xa2a00000, 0xb33d0000)
  eden space 30272K, 100% used [0x9efd0000,0xa0d60000,0xa0d60000)
  from space 5440K, 7% used [0xa0d60000,0xa0dc8000,0xa12b0000)
  to   space 5568K, 0% used [0xa2490000,0xa2490000,0xa2a00000)
 ParOldGen       total 41472K, used 6660K [0x767d0000, 0x79050000, 0x9efd0000)
  object space 41472K, 16% used [0x767d0000,0x76e511d0,0x79050000)
 PSPermGen       total 16384K, used 14941K [0x6e7d0000, 0x6f7d0000, 0x767d0000)
  object space 16384K, 91% used [0x6e7d0000,0x6f6675d0,0x6f7d0000)
Event: 34.340 GC heap after
Heap after GC invocations=10 (full 0):
 PSYoungGen      total 29760K, used 443K [0x9efd0000, 0xa2500000, 0xb33d0000)
  eden space 29312K, 0% used [0x9efd0000,0x9efd0000,0xa0c70000)
  from space 448K, 98% used [0xa2490000,0xa24fedd0,0xa2500000)
  to   space 5568K, 0% used [0xa1a20000,0xa1a20000,0xa1f90000)
 ParOldGen       total 41472K, used 6668K [0x767d0000, 0x79050000, 0x9efd0000)
  object space 41472K, 16% used [0x767d0000,0x76e531d0,0x79050000)
 PSPermGen       total 16384K, used 14941K [0x6e7d0000, 0x6f7d0000, 0x767d0000)
  object space 16384K, 91% used [0x6e7d0000,0x6f6675d0,0x6f7d0000)
}
Event: 49.749 GC heap before
{Heap before GC invocations=11 (full 0):
 PSYoungGen      total 29760K, used 29755K [0x9efd0000, 0xa2500000, 0xb33d0000)
  eden space 29312K, 100% used [0x9efd0000,0xa0c70000,0xa0c70000)
  from space 448K, 98% used [0xa2490000,0xa24fedd0,0xa2500000)
  to   space 5568K, 0% used [0xa1a20000,0xa1a20000,0xa1f90000)
 ParOldGen       total 41472K, used 6668K [0x767d0000, 0x79050000, 0x9efd0000)
  object space 41472K, 16% used [0x767d0000,0x76e531d0,0x79050000)
 PSPermGen       total 16384K, used 15022K [0x6e7d0000, 0x6f7d0000, 0x767d0000)
  object space 16384K, 91% used [0x6e7d0000,0x6f67b9a0,0x6f7d0000)
Event: 49.756 GC heap after
Heap after GC invocations=11 (full 0):
 PSYoungGen      total 29056K, used 605K [0x9efd0000, 0xa24a0000, 0xb33d0000)
  eden space 28416K, 0% used [0x9efd0000,0x9efd0000,0xa0b90000)
  from space 640K, 94% used [0xa1a20000,0xa1ab7458,0xa1ac0000)
  to   space 5440K, 0% used [0xa1f50000,0xa1f50000,0xa24a0000)
 ParOldGen       total 41472K, used 6715K [0x767d0000, 0x79050000, 0x9efd0000)
  object space 41472K, 16% used [0x767d0000,0x76e5ed70,0x79050000)
 PSPermGen       total 16384K, used 15022K [0x6e7d0000, 0x6f7d0000, 0x767d0000)
  object space 16384K, 91% used [0x6e7d0000,0x6f67b9a0,0x6f7d0000)
}
Event: 57.036 GC heap before
{Heap before GC invocations=12 (full 0):
 PSYoungGen      total 29056K, used 29021K [0x9efd0000, 0xa24a0000, 0xb33d0000)
  eden space 28416K, 100% used [0x9efd0000,0xa0b90000,0xa0b90000)
  from space 640K, 94% used [0xa1a20000,0xa1ab7458,0xa1ac0000)
  to   space 5440K, 0% used [0xa1f50000,0xa1f50000,0xa24a0000)
 ParOldGen       total 41472K, used 6715K [0x767d0000, 0x79050000, 0x9efd0000)
  object space 41472K, 16% used [0x767d0000,0x76e5ed70,0x79050000)
 PSPermGen       total 16384K, used 15046K [0x6e7d0000, 0x6f7d0000, 0x767d0000)
  object space 16384K, 91% used [0x6e7d0000,0x6f681b88,0x6f7d0000)
Event: 57.039 GC heap after
Heap after GC invocations=12 (full 0):
 PSYoungGen      total 28224K, used 644K [0x9efd0000, 0xa2000000, 0xb33d0000)
  eden space 27520K, 0% used [0x9efd0000,0x9efd0000,0xa0ab0000)
  from space 704K, 91% used [0xa1f50000,0xa1ff1270,0xa2000000)
  to   space 5376K, 0% used [0xa1580000,0xa1580000,0xa1ac0000)
 ParOldGen       total 41472K, used 6938K [0x767d0000, 0x79050000, 0x9efd0000)
  object space 41472K, 16% used [0x767d0000,0x76e96888,0x79050000)
 PSPermGen       total 16384K, used 15046K [0x6e7d0000, 0x6f7d0000, 0x767d0000)
  object space 16384K, 91% used [0x6e7d0000,0x6f681b88,0x6f7d0000)
}
Event: 61.463 GC heap before
{Heap before GC invocations=13 (full 0):
 PSYoungGen      total 28224K, used 28164K [0x9efd0000, 0xa2000000, 0xb33d0000)
  eden space 27520K, 100% used [0x9efd0000,0xa0ab0000,0xa0ab0000)
  from space 704K, 91% used [0xa1f50000,0xa1ff1270,0xa2000000)
  to   space 5376K, 0% used [0xa1580000,0xa1580000,0xa1ac0000)
 ParOldGen       total 41472K, used 6938K [0x767d0000, 0x79050000, 0x9efd0000)
  object space 41472K, 16% used [0x767d0000,0x76e96888,0x79050000)
 PSPermGen       total 16384K, used 15058K [0x6e7d0000, 0x6f7d0000, 0x767d0000)
  object space 16384K, 91% used [0x6e7d0000,0x6f684990,0x6f7d0000)
Event: 61.466 GC heap after
Heap after GC invocations=13 (full 0):
 PSYoungGen      total 27328K, used 613K [0x9efd0000, 0xa1f60000, 0xb33d0000)
  eden space 26688K, 0% used [0x9efd0000,0x9efd0000,0xa09e0000)
  from space 640K, 95% used [0xa1580000,0xa16196c0,0xa1620000)
  to   space 5184K, 0% used [0xa1a50000,0xa1a50000,0xa1f60000)
 ParOldGen       total 41472K, used 7086K [0x767d0000, 0x79050000, 0x9efd0000)
  object space 41472K, 17% used [0x767d0000,0x76ebbbf8,0x79050000)
 PSPermGen       total 16384K, used 15058K [0x6e7d0000, 0x6f7d0000, 0x767d0000)
  object space 16384K, 91% used [0x6e7d0000,0x6f684990,0x6f7d0000)
}

Deoptimization events (10 events):
Event: 57.015 Thread 0x67a0dc00 Uncommon trap -83 fr.pc 0xb357fd3c
Event: 57.044 Thread 0x6adb8c00 Uncommon trap -83 fr.pc 0xb35b667c
Event: 57.044 Thread 0x6adb8c00 Uncommon trap -83 fr.pc 0xb35b5eb0
Event: 57.044 Thread 0x6adb8c00 Uncommon trap -83 fr.pc 0xb35b3a80
Event: 57.047 Thread 0x6adb8c00 Uncommon trap -34 fr.pc 0xb35b6b1c
Event: 57.053 Thread 0x6adb8c00 Uncommon trap -34 fr.pc 0xb35b6b1c
Event: 57.065 Thread 0x6adb8c00 Uncommon trap -34 fr.pc 0xb35b6b1c
Event: 61.013 Thread 0x67a0dc00 Uncommon trap -12 fr.pc 0xb35effec
Event: 61.013 Thread 0x67a0dc00 Uncommon trap -12 fr.pc 0xb35f4ab4
Event: 61.777 Thread 0x67a0dc00 Uncommon trap 38 fr.pc 0xb35c1f18

Internal exceptions (10 events):
Event: 25.008 Thread 0x67330000 Implicit null exception at 0xb359acd8 to 0xb359b3ed
Event: 25.026 Thread 0x6ddfac00 Implicit null exception at 0xb359e1bc to 0xb359e835
Event: 25.038 Thread 0x6ddfb400 Implicit null exception at 0xb35a138c to 0xb35a1a3d
Event: 25.059 Thread 0x67a0dc00 Implicit null exception at 0xb35a3e4a to 0xb35a41a1
Event: 25.062 Thread 0x67a0dc00 Implicit null exception at 0xb35a52f2 to 0xb35a5be9
Event: 28.583 Thread 0x67a0dc00 Implicit null exception at 0xb3505ec7 to 0xb3505f89
Event: 36.040 Thread 0x67a0dc00 Threw 0x9f1bb018 at /build/buildd/openjdk-7-7u21-2.3.9/build/openjdk/hotspot/src/share/vm/prims/jvm.cpp:1166
Event: 36.041 Thread 0x67a0dc00 Threw 0x9f1be130 at /build/buildd/openjdk-7-7u21-2.3.9/build/openjdk/hotspot/src/share/vm/prims/jvm.cpp:1166
Event: 37.870 Thread 0x67a0dc00 Implicit null exception at 0xb3594fc2 to 0xb3595b5d
Event: 61.013 Thread 0x67a0dc00 Implicit null exception at 0xb35ef9bc to 0xb35effe1

Events (10 events):
Event: 61.891 Thread 0x6dd3f000 Thread added: 0x6dd3f000
Event: 61.892 Thread 0x6dd3f000 Thread exited: 0x6dd3f000
Event: 61.892 Thread 0x6dd3f000 Thread added: 0x6dd3f000
Event: 61.892 Thread 0x6dd3f000 Thread exited: 0x6dd3f000
Event: 61.892 Thread 0x6dd3f000 Thread added: 0x6dd3f000
Event: 61.892 Thread 0x6dd3f000 Thread exited: 0x6dd3f000
Event: 61.893 Thread 0x6dd3f000 Thread added: 0x6dd3f000
Event: 61.893 Thread 0x6dd3f000 Thread exited: 0x6dd3f000
Event: 61.893 Thread 0x6dd3f000 Thread added: 0x6dd3f000
Event: 61.894 Thread 0x6dd3f000 Thread exited: 0x6dd3f000


Dynamic libraries:
08048000-08049000 r-xp 00000000 08:06 1708580    /usr/lib/jvm/java-7-openjdk-i386/jre/bin/java
08049000-0804a000 r--p 00000000 08:06 1708580    /usr/lib/jvm/java-7-openjdk-i386/jre/bin/java
0804a000-0804b000 rw-p 00001000 08:06 1708580    /usr/lib/jvm/java-7-openjdk-i386/jre/bin/java
08e1c000-08e97000 rw-p 00000000 00:00 0          [heap]
5f0c8000-5f481000 rw-s 00000000 00:04 187629716  /SYSV00000000 (deleted)
6336a000-63395000 r-xp 00000000 08:06 1706469    /usr/lib/i386-linux-gnu/liblua5.1.so.0.0.0
63395000-63396000 r--p 0002b000 08:06 1706469    /usr/lib/i386-linux-gnu/liblua5.1.so.0.0.0
63396000-63397000 rw-p 0002c000 08:06 1706469    /usr/lib/i386-linux-gnu/liblua5.1.so.0.0.0
633b0000-633fb000 r-xp 00000000 08:06 1703839    /usr/lib/libmodplug.so.1.0.0
633fb000-633fc000 ---p 0004b000 08:06 1703839    /usr/lib/libmodplug.so.1.0.0
633fc000-633fd000 r--p 0004b000 08:06 1703839    /usr/lib/libmodplug.so.1.0.0
633fd000-633fe000 rw-p 0004c000 08:06 1703839    /usr/lib/libmodplug.so.1.0.0
633fe000-63482000 rw-p 00000000 00:00 0 
63482000-63483000 ---p 00000000 00:00 0 
63483000-63c83000 rw-p 00000000 00:00 0 
63c84000-63cae000 r-xp 00000000 08:06 405608     /usr/lib/vlc/plugins/lua/liblua_plugin.so
63cae000-63caf000 r--p 0002a000 08:06 405608     /usr/lib/vlc/plugins/lua/liblua_plugin.so
63caf000-63cb0000 rw-p 0002b000 08:06 405608     /usr/lib/vlc/plugins/lua/liblua_plugin.so
63cb0000-63cb2000 r-xp 00000000 08:06 280628     /usr/lib/vlc/plugins/demux/libnsc_plugin.so
63cb2000-63cb3000 r--p 00001000 08:06 280628     /usr/lib/vlc/plugins/demux/libnsc_plugin.so
63cb3000-63cb4000 rw-p 00002000 08:06 280628     /usr/lib/vlc/plugins/demux/libnsc_plugin.so
63cb4000-63cb6000 r-xp 00000000 08:06 280611     /usr/lib/vlc/plugins/demux/libdemux_cdg_plugin.so
63cb6000-63cb7000 r--p 00001000 08:06 280611     /usr/lib/vlc/plugins/demux/libdemux_cdg_plugin.so
63cb7000-63cb8000 rw-p 00002000 08:06 280611     /usr/lib/vlc/plugins/demux/libdemux_cdg_plugin.so
63cb8000-63cba000 r-xp 00000000 08:06 280631     /usr/lib/vlc/plugins/demux/librawdv_plugin.so
63cba000-63cbb000 r--p 00001000 08:06 280631     /usr/lib/vlc/plugins/demux/librawdv_plugin.so
63cbb000-63cbc000 rw-p 00002000 08:06 280631     /usr/lib/vlc/plugins/demux/librawdv_plugin.so
63cbc000-63cbf000 r-xp 00000000 08:06 280615     /usr/lib/vlc/plugins/demux/libmjpeg_plugin.so
63cbf000-63cc0000 r--p 00002000 08:06 280615     /usr/lib/vlc/plugins/demux/libmjpeg_plugin.so
63cc0000-63cc1000 rw-p 00003000 08:06 280615     /usr/lib/vlc/plugins/demux/libmjpeg_plugin.so
63cc1000-63cc3000 r-xp 00000000 08:06 280629     /usr/lib/vlc/plugins/demux/libmpgv_plugin.so
63cc3000-63cc4000 r--p 00001000 08:06 280629     /usr/lib/vlc/plugins/demux/libmpgv_plugin.so
63cc4000-63cc5000 rw-p 00002000 08:06 280629     /usr/lib/vlc/plugins/demux/libmpgv_plugin.so
63cc5000-63cd7000 r-xp 00000000 08:06 1720553    /usr/lib/libdvbpsi.so.7.0.0
63cd7000-63cd8000 r--p 00011000 08:06 1720553    /usr/lib/libdvbpsi.so.7.0.0
63cd8000-63cd9000 rw-p 00012000 08:06 1720553    /usr/lib/libdvbpsi.so.7.0.0
63cd9000-63ce1000 r-xp 00000000 08:06 280637     /usr/lib/vlc/plugins/demux/libty_plugin.so
63ce1000-63ce2000 r--p 00007000 08:06 280637     /usr/lib/vlc/plugins/demux/libty_plugin.so
63ce2000-63ce3000 rw-p 00008000 08:06 280637     /usr/lib/vlc/plugins/demux/libty_plugin.so
63ce3000-63ceb000 r-xp 00000000 08:06 280651     /usr/lib/vlc/plugins/demux/libps_plugin.so
63ceb000-63cec000 r--p 00007000 08:06 280651     /usr/lib/vlc/plugins/demux/libps_plugin.so
63cec000-63ced000 rw-p 00008000 08:06 280651     /usr/lib/vlc/plugins/demux/libps_plugin.so
63ced000-63cf0000 r-xp 00000000 08:06 280643     /usr/lib/vlc/plugins/demux/librawvid_plugin.so
63cf0000-63cf1000 r--p 00002000 08:06 280643     /usr/lib/vlc/plugins/demux/librawvid_plugin.so
63cf1000-63cf2000 rw-p 00003000 08:06 280643     /usr/lib/vlc/plugins/demux/librawvid_plugin.so
63cf2000-63d07000 r-xp 00000000 08:06 280622     /usr/lib/vlc/plugins/demux/libts_plugin.so
63d07000-63d08000 r--p 00014000 08:06 280622     /usr/lib/vlc/plugins/demux/libts_plugin.so
63d08000-63d09000 rw-p 00015000 08:06 280622     /usr/lib/vlc/plugins/demux/libts_plugin.so
63d09000-63d67000 r-xp 00000000 08:06 280623     /usr/lib/vlc/plugins/demux/liblive555_plugin.so
63d67000-63d68000 ---p 0005e000 08:06 280623     /usr/lib/vlc/plugins/demux/liblive555_plugin.so
63d68000-63d6b000 r--p 0005e000 08:06 280623     /usr/lib/vlc/plugins/demux/liblive555_plugin.so
63d6b000-63d70000 rw-p 00061000 08:06 280623     /usr/lib/vlc/plugins/demux/liblive555_plugin.so
63d70000-63d71000 rw-p 00000000 00:00 0 
63d71000-63df6000 r-xp 00000000 08:06 1720530    /usr/lib/i386-linux-gnu/libmatroska.so.5
63df6000-63dfc000 r--p 00085000 08:06 1720530    /usr/lib/i386-linux-gnu/libmatroska.so.5
63dfc000-63dfd000 rw-p 0008b000 08:06 1720530    /usr/lib/i386-linux-gnu/libmatroska.so.5
63dfd000-64a00000 rw-p 00000000 00:00 0 
64a00000-64a29000 rw-p 00000000 00:00 0 
64a29000-64b00000 ---p 00000000 00:00 0 
64b01000-64b1f000 r-xp 00000000 08:06 1720529    /usr/lib/i386-linux-gnu/libebml.so.3
64b1f000-64b20000 r--p 0001d000 08:06 1720529    /usr/lib/i386-linux-gnu/libebml.so.3
64b20000-64b21000 rw-p 0001e000 08:06 1720529    /usr/lib/i386-linux-gnu/libebml.so.3
64b21000-64b22000 rw-p 00000000 00:00 0 
64b22000-64e01000 r-xp 00000000 08:06 1705842    /usr/lib/i386-linux-gnu/libQtCore.so.4.8.4
64e01000-64e08000 r--p 002de000 08:06 1705842    /usr/lib/i386-linux-gnu/libQtCore.so.4.8.4
64e08000-64e09000 rw-p 002e5000 08:06 1705842    /usr/lib/i386-linux-gnu/libQtCore.so.4.8.4
64e09000-64e0a000 rw-p 00000000 00:00 0 
64e0a000-658b2000 r-xp 00000000 08:06 1705851    /usr/lib/i386-linux-gnu/libQtGui.so.4.8.4
658b2000-658d4000 r--p 00aa7000 08:06 1705851    /usr/lib/i386-linux-gnu/libQtGui.so.4.8.4
658d4000-658d8000 rw-p 00ac9000 08:06 1705851    /usr/lib/i386-linux-gnu/libQtGui.so.4.8.4
658d8000-658db000 rw-p 00000000 00:00 0 
658db000-65af0000 r-xp 00000000 08:06 407152     /usr/lib/vlc/plugins/gui/libqt4_plugin.so
65af0000-65af1000 ---p 00215000 08:06 407152     /usr/lib/vlc/plugins/gui/libqt4_plugin.so
65af1000-65afd000 r--p 00215000 08:06 407152     /usr/lib/vlc/plugins/gui/libqt4_plugin.so
65afd000-65aff000 rw-p 00221000 08:06 407152     /usr/lib/vlc/plugins/gui/libqt4_plugin.so
65aff000-65b00000 rw-p 00000000 00:00 0 
65b00000-65be1000 rw-p 00000000 00:00 0 
65be1000-65c00000 ---p 00000000 00:00 0 
65c03000-65c05000 r-xp 00000000 08:06 280612     /usr/lib/vlc/plugins/demux/libau_plugin.so
65c05000-65c06000 r--p 00001000 08:06 280612     /usr/lib/vlc/plugins/demux/libau_plugin.so
65c06000-65c07000 rw-p 00002000 08:06 280612     /usr/lib/vlc/plugins/demux/libau_plugin.so
65c07000-65c4a000 r-xp 00000000 08:06 280645     /usr/lib/vlc/plugins/demux/libmkv_plugin.so
65c4a000-65c4c000 r--p 00042000 08:06 280645     /usr/lib/vlc/plugins/demux/libmkv_plugin.so
65c4c000-65c4d000 rw-p 00044000 08:06 280645     /usr/lib/vlc/plugins/demux/libmkv_plugin.so
65c4d000-65c59000 r-xp 00000000 08:06 1720560    /usr/lib/libresid-builder.so.0.0.1
65c59000-65c5a000 r--p 0000b000 08:06 1720560    /usr/lib/libresid-builder.so.0.0.1
65c5a000-65c7b000 rw-p 0000c000 08:06 1720560    /usr/lib/libresid-builder.so.0.0.1
65c7b000-65ca4000 r-xp 00000000 08:06 1706753    /usr/lib/i386-linux-gnu/libvorbis.so.0.4.5
65ca4000-65ca5000 ---p 00029000 08:06 1706753    /usr/lib/i386-linux-gnu/libvorbis.so.0.4.5
65ca5000-65ca6000 r--p 00029000 08:06 1706753    /usr/lib/i386-linux-gnu/libvorbis.so.0.4.5
65ca6000-65ca7000 rw-p 0002a000 08:06 1706753    /usr/lib/i386-linux-gnu/libvorbis.so.0.4.5
65ca7000-65e0d000 r-xp 00000000 08:06 1706755    /usr/lib/i386-linux-gnu/libvorbisenc.so.2.0.8
65e0d000-65e1e000 r--p 00165000 08:06 1706755    /usr/lib/i386-linux-gnu/libvorbisenc.so.2.0.8
65e1e000-65e1f000 rw-p 00176000 08:06 1706755    /usr/lib/i386-linux-gnu/libvorbisenc.so.2.0.8
65e1f000-65e6d000 r-xp 00000000 08:06 1705817    /usr/lib/i386-linux-gnu/libFLAC.so.8.2.0
65e6d000-65e6e000 r--p 0004e000 08:06 1705817    /usr/lib/i386-linux-gnu/libFLAC.so.8.2.0
65e6e000-65e6f000 rw-p 0004f000 08:06 1705817    /usr/lib/i386-linux-gnu/libFLAC.so.8.2.0
65e6f000-65edc000 r-xp 00000000 08:06 1706669    /usr/lib/i386-linux-gnu/libsndfile.so.1.0.25
65edc000-65ede000 r--p 0006c000 08:06 1706669    /usr/lib/i386-linux-gnu/libsndfile.so.1.0.25
65ede000-65edf000 rw-p 0006e000 08:06 1706669    /usr/lib/i386-linux-gnu/libsndfile.so.1.0.25
65edf000-65ee3000 rw-p 00000000 00:00 0 
65ee3000-65eeb000 r-xp 00000000 08:06 262621     /lib/i386-linux-gnu/libwrap.so.0.7.6
65eeb000-65eec000 r--p 00007000 08:06 262621     /lib/i386-linux-gnu/libwrap.so.0.7.6
65eec000-65eed000 rw-p 00008000 08:06 262621     /lib/i386-linux-gnu/libwrap.so.0.7.6
65ef0000-65ef5000 r-xp 00000000 08:06 280642     /usr/lib/vlc/plugins/demux/libmod_plugin.so
65ef5000-65ef6000 r--p 00004000 08:06 280642     /usr/lib/vlc/plugins/demux/libmod_plugin.so
65ef6000-65ef7000 rw-p 00005000 08:06 280642     /usr/lib/vlc/plugins/demux/libmod_plugin.so
65ef7000-65ef9000 r-xp 00000000 08:06 280616     /usr/lib/vlc/plugins/demux/libaiff_plugin.so
65ef9000-65efa000 r--p 00001000 08:06 280616     /usr/lib/vlc/plugins/demux/libaiff_plugin.so
65efa000-65efb000 rw-p 00002000 08:06 280616     /usr/lib/vlc/plugins/demux/libaiff_plugin.so
65efb000-65efe000 r-xp 00000000 08:06 280627     /usr/lib/vlc/plugins/demux/libpva_plugin.so
65efe000-65eff000 r--p 00002000 08:06 280627     /usr/lib/vlc/plugins/demux/libpva_plugin.so
65eff000-65f00000 rw-p 00003000 08:06 280627     /usr/lib/vlc/plugins/demux/libpva_plugin.so
65f00000-6606a000 r-xp 00000000 08:06 1706644    /usr/lib/i386-linux-gnu/libsamplerate.so.0.1.8
6606a000-6606b000 r--p 00169000 08:06 1706644    /usr/lib/i386-linux-gnu/libsamplerate.so.0.1.8
6606b000-6606c000 rw-p 0016a000 08:06 1706644    /usr/lib/i386-linux-gnu/libsamplerate.so.0.1.8
6606c000-660d5000 r-xp 00000000 08:06 1708139    /usr/lib/i386-linux-gnu/pulseaudio/libpulsecommon-3.0.so
660d5000-660d6000 r--p 00068000 08:06 1708139    /usr/lib/i386-linux-gnu/pulseaudio/libpulsecommon-3.0.so
660d6000-660d7000 rw-p 00069000 08:06 1708139    /usr/lib/i386-linux-gnu/pulseaudio/libpulsecommon-3.0.so
660d7000-660db000 r-xp 00000000 08:06 280634     /usr/lib/vlc/plugins/demux/libimage_plugin.so
660db000-660dc000 r--p 00003000 08:06 280634     /usr/lib/vlc/plugins/demux/libimage_plugin.so
660dc000-660dd000 rw-p 00004000 08:06 280634     /usr/lib/vlc/plugins/demux/libimage_plugin.so
660dd000-66115000 r-xp 00000000 08:06 1720563    /usr/lib/libsidplay2.so.1.0.1
66115000-66116000 ---p 00038000 08:06 1720563    /usr/lib/libsidplay2.so.1.0.1
66116000-66117000 r--p 00038000 08:06 1720563    /usr/lib/libsidplay2.so.1.0.1
66117000-66118000 rw-p 00039000 08:06 1720563    /usr/lib/libsidplay2.so.1.0.1
6611a000-6612f000 r-xp 00000000 08:06 280613     /usr/lib/vlc/plugins/demux/libplaylist_plugin.so
6612f000-66130000 r--p 00014000 08:06 280613     /usr/lib/vlc/plugins/demux/libplaylist_plugin.so
66130000-66131000 rw-p 00015000 08:06 280613     /usr/lib/vlc/plugins/demux/libplaylist_plugin.so
66131000-66132000 ---p 00000000 00:00 0 
66132000-661b2000 rw-p 00000000 00:00 0          [stack:15428]
661b2000-661fe000 r-xp 00000000 08:06 1706602    /usr/lib/i386-linux-gnu/libpulse.so.0.15.3
661fe000-661ff000 ---p 0004c000 08:06 1706602    /usr/lib/i386-linux-gnu/libpulse.so.0.15.3
661ff000-66200000 r--p 0004c000 08:06 1706602    /usr/lib/i386-linux-gnu/libpulse.so.0.15.3
66200000-66201000 rw-p 0004d000 08:06 1706602    /usr/lib/i386-linux-gnu/libpulse.so.0.15.3
66202000-66215000 r-xp 00000000 08:06 280625     /usr/lib/vlc/plugins/demux/libogg_plugin.so
66215000-66216000 r--p 00012000 08:06 280625     /usr/lib/vlc/plugins/demux/libogg_plugin.so
66216000-66217000 rw-p 00013000 08:06 280625     /usr/lib/vlc/plugins/demux/libogg_plugin.so
66217000-6621a000 ---p 00000000 00:00 0 
6621a000-66268000 rw-p 00000000 00:00 0          [stack:15429]
66268000-66355000 r-xp 00000000 08:06 1771845    /usr/lib/i386-linux-gnu/libasound.so.2.0.0
66355000-66359000 r--p 000ec000 08:06 1771845    /usr/lib/i386-linux-gnu/libasound.so.2.0.0
66359000-6635a000 rw-p 000f0000 08:06 1771845    /usr/lib/i386-linux-gnu/libasound.so.2.0.0
6635a000-663b2000 r-xp 00000000 08:06 1722219    /usr/lib/i386-linux-gnu/libXt.so.6.0.0
663b2000-663b3000 r--p 00058000 08:06 1722219    /usr/lib/i386-linux-gnu/libXt.so.6.0.0
663b3000-663b6000 rw-p 00059000 08:06 1722219    /usr/lib/i386-linux-gnu/libXt.so.6.0.0
663b6000-663cc000 r-xp 00000000 08:06 1705827    /usr/lib/i386-linux-gnu/libICE.so.6.3.0
663cc000-663cd000 r--p 00015000 08:06 1705827    /usr/lib/i386-linux-gnu/libICE.so.6.3.0
663cd000-663ce000 rw-p 00016000 08:06 1705827    /usr/lib/i386-linux-gnu/libICE.so.6.3.0
663ce000-663d0000 rw-p 00000000 00:00 0 
663d0000-663d7000 r-xp 00000000 08:06 1705877    /usr/lib/i386-linux-gnu/libSM.so.6.0.1
663d7000-663d8000 r--p 00006000 08:06 1705877    /usr/lib/i386-linux-gnu/libSM.so.6.0.1
663d8000-663d9000 rw-p 00007000 08:06 1705877    /usr/lib/i386-linux-gnu/libSM.so.6.0.1
663d9000-663f0000 r-xp 00000000 08:06 1705975    /usr/lib/i386-linux-gnu/libaudio.so.2.4
663f0000-663f1000 r--p 00016000 08:06 1705975    /usr/lib/i386-linux-gnu/libaudio.so.2.4
663f1000-663f2000 rw-p 00017000 08:06 1705975    /usr/lib/i386-linux-gnu/libaudio.so.2.4
663f2000-66403000 r-xp 00000000 08:06 262615     /lib/i386-linux-gnu/libusb-1.0.so.0.1.0
66403000-66404000 r--p 00010000 08:06 262615     /lib/i386-linux-gnu/libusb-1.0.so.0.1.0
66404000-66405000 rw-p 00011000 08:06 262615     /lib/i386-linux-gnu/libusb-1.0.so.0.1.0
66405000-664fa000 r-xp 00000000 08:06 1720541    /usr/lib/libvlccore.so.5.1.1
664fa000-664ff000 r--p 000f5000 08:06 1720541    /usr/lib/libvlccore.so.5.1.1
664ff000-66500000 rw-p 000fa000 08:06 1720541    /usr/lib/libvlccore.so.5.1.1
66500000-66600000 rw-p 00000000 00:00 0 
66601000-66607000 r-xp 00000000 08:06 1706531    /usr/lib/i386-linux-gnu/libogg.so.0.8.0
66607000-66608000 r--p 00005000 08:06 1706531    /usr/lib/i386-linux-gnu/libogg.so.0.8.0
66608000-66609000 rw-p 00006000 08:06 1706531    /usr/lib/i386-linux-gnu/libogg.so.0.8.0
66609000-6664c000 r-xp 00000000 08:06 1706494    /usr/lib/i386-linux-gnu/libmtp.so.9.0.5
6664c000-6664f000 r--p 00043000 08:06 1706494    /usr/lib/i386-linux-gnu/libmtp.so.9.0.5
6664f000-66656000 rw-p 00046000 08:06 1706494    /usr/lib/i386-linux-gnu/libmtp.so.9.0.5
66656000-666dc000 r-xp 00000000 08:06 1720486    /usr/lib/i386-linux-gnu/libdirac_encoder.so.0.1.0
666dc000-666de000 r--p 00085000 08:06 1720486    /usr/lib/i386-linux-gnu/libdirac_encoder.so.0.1.0
666de000-666df000 rw-p 00087000 08:06 1720486    /usr/lib/i386-linux-gnu/libdirac_encoder.so.0.1.0
666df000-666e0000 rw-p 00000000 00:00 0 
666e0000-666e3000 r-xp 00000000 08:06 280630     /usr/lib/vlc/plugins/demux/libnsv_plugin.so
666e3000-666e4000 r--p 00002000 08:06 280630     /usr/lib/vlc/plugins/demux/libnsv_plugin.so
666e4000-666e5000 rw-p 00003000 08:06 280630     /usr/lib/vlc/plugins/demux/libnsv_plugin.so
666e5000-666e7000 r-xp 00000000 08:06 280648     /usr/lib/vlc/plugins/demux/libxa_plugin.so
666e7000-666e8000 r--p 00001000 08:06 280648     /usr/lib/vlc/plugins/demux/libxa_plugin.so
666e8000-666e9000 rw-p 00002000 08:06 280648     /usr/lib/vlc/plugins/demux/libxa_plugin.so
666e9000-666eb000 r-xp 00000000 08:06 280658     /usr/lib/vlc/plugins/misc/libinhibit_plugin.so
666eb000-666ec000 r--p 00001000 08:06 280658     /usr/lib/vlc/plugins/misc/libinhibit_plugin.so
666ec000-666ed000 rw-p 00002000 08:06 280658     /usr/lib/vlc/plugins/misc/libinhibit_plugin.so
666ed000-666f3000 r-xp 00000000 08:06 405627     /usr/lib/vlc/plugins/control/libhotkeys_plugin.so
666f3000-666f4000 r--p 00005000 08:06 405627     /usr/lib/vlc/plugins/control/libhotkeys_plugin.so
666f4000-666f5000 rw-p 00006000 08:06 405627     /usr/lib/vlc/plugins/control/libhotkeys_plugin.so
666f5000-666f7000 r-xp 00000000 08:06 405485     /usr/lib/vlc/plugins/mmxext/libmemcpymmxext_plugin.so
666f7000-666f8000 r--p 00001000 08:06 405485     /usr/lib/vlc/plugins/mmxext/libmemcpymmxext_plugin.so
666f8000-666f9000 rw-p 00002000 08:06 405485     /usr/lib/vlc/plugins/mmxext/libmemcpymmxext_plugin.so
666f9000-666fe000 r-xp 00000000 08:06 405519     /usr/lib/vlc/plugins/audio_output/libalsa_plugin.so
666fe000-666ff000 r--p 00004000 08:06 405519     /usr/lib/vlc/plugins/audio_output/libalsa_plugin.so
666ff000-66700000 rw-p 00005000 08:06 405519     /usr/lib/vlc/plugins/audio_output/libalsa_plugin.so
66700000-667ef000 rw-p 00000000 00:00 0 
667ef000-66800000 ---p 00000000 00:00 0 
66800000-668ff000 rw-p 00000000 00:00 0 
668ff000-66900000 ---p 00000000 00:00 0 
66900000-669fc000 rw-p 00000000 00:00 0 
669fc000-66a00000 ---p 00000000 00:00 0 
66a02000-66a0a000 r-xp 00000000 08:06 262510     /lib/i386-linux-gnu/libjson.so.0.1.0
66a0a000-66a0b000 r--p 00007000 08:06 262510     /lib/i386-linux-gnu/libjson.so.0.1.0
66a0b000-66a0c000 rw-p 00008000 08:06 262510     /lib/i386-linux-gnu/libjson.so.0.1.0
66a0c000-66a26000 r-xp 00000000 08:06 1720543    /usr/lib/libvlc.so.5.3.2
66a26000-66a27000 r--p 00019000 08:06 1720543    /usr/lib/libvlc.so.5.3.2
66a27000-66a28000 rw-p 0001a000 08:06 1720543    /usr/lib/libvlc.so.5.3.2
66a28000-66a3c000 r-xp 00000000 08:06 1441576    /tmp/jna-gene/jna423379586657981140.tmp (deleted)
66a3c000-66a3d000 rw-p 00014000 08:06 1441576    /tmp/jna-gene/jna423379586657981140.tmp (deleted)
66a3d000-66a40000 ---p 00000000 00:00 0 
66a40000-66a8e000 rw-p 00000000 00:00 0 
66a8f000-66a92000 r-xp 00000000 08:06 280636     /usr/lib/vlc/plugins/demux/libvoc_plugin.so
66a92000-66a93000 r--p 00002000 08:06 280636     /usr/lib/vlc/plugins/demux/libvoc_plugin.so
66a93000-66a94000 rw-p 00003000 08:06 280636     /usr/lib/vlc/plugins/demux/libvoc_plugin.so
66a94000-66a97000 r-xp 00000000 08:06 280646     /usr/lib/vlc/plugins/demux/libsmf_plugin.so
66a97000-66a98000 r--p 00002000 08:06 280646     /usr/lib/vlc/plugins/demux/libsmf_plugin.so
66a98000-66a99000 rw-p 00003000 08:06 280646     /usr/lib/vlc/plugins/demux/libsmf_plugin.so
66a99000-66aaf000 r-xp 00000000 08:06 1720189    /usr/lib/i386-linux-gnu/libmad.so.0.2.1
66aaf000-66ab0000 r--p 00015000 08:06 1720189    /usr/lib/i386-linux-gnu/libmad.so.0.2.1
66ab0000-66ab1000 rw-p 00016000 08:06 1720189    /usr/lib/i386-linux-gnu/libmad.so.0.2.1
66ab2000-66ab4000 r-xp 00000000 08:06 280619     /usr/lib/vlc/plugins/demux/libdirac_plugin.so
66ab4000-66ab5000 r--p 00001000 08:06 280619     /usr/lib/vlc/plugins/demux/libdirac_plugin.so
66ab5000-66ab6000 rw-p 00002000 08:06 280619     /usr/lib/vlc/plugins/demux/libdirac_plugin.so
66ab6000-66abe000 r-xp 00000000 08:06 405597     /usr/lib/vlc/plugins/services_discovery/libsap_plugin.so
66abe000-66abf000 r--p 00007000 08:06 405597     /usr/lib/vlc/plugins/services_discovery/libsap_plugin.so
66abf000-66ac0000 rw-p 00008000 08:06 405597     /usr/lib/vlc/plugins/services_discovery/libsap_plugin.so
66ac0000-66ac3000 r-xp 00000000 08:06 280641     /usr/lib/vlc/plugins/demux/libsid_plugin.so
66ac3000-66ac4000 r--p 00002000 08:06 280641     /usr/lib/vlc/plugins/demux/libsid_plugin.so
66ac4000-66ac5000 rw-p 00003000 08:06 280641     /usr/lib/vlc/plugins/demux/libsid_plugin.so
66ac5000-66ac8000 r-xp 00000000 08:06 280618     /usr/lib/vlc/plugins/demux/libwav_plugin.so
66ac8000-66ac9000 r--p 00003000 08:06 280618     /usr/lib/vlc/plugins/demux/libwav_plugin.so
66ac9000-66aca000 rw-p 00004000 08:06 280618     /usr/lib/vlc/plugins/demux/libwav_plugin.so
66aca000-66aef000 r-xp 00000000 08:06 1703665    /usr/lib/libdca.so.0.0.0
66aef000-66af0000 r--p 00024000 08:06 1703665    /usr/lib/libdca.so.0.0.0
66af0000-66af1000 rw-p 00025000 08:06 1703665    /usr/lib/libdca.so.0.0.0
66af1000-66ba8000 r-xp 00000000 08:06 1706695    /usr/lib/i386-linux-gnu/libtag.so.1.12.0
66ba8000-66baa000 r--p 000b7000 08:06 1706695    /usr/lib/i386-linux-gnu/libtag.so.1.12.0
66baa000-66bab000 rw-p 000b9000 08:06 1706695    /usr/lib/i386-linux-gnu/libtag.so.1.12.0
66bab000-66bac000 ---p 00000000 00:00 0 
66bac000-66c2c000 rw-p 00000000 00:00 0 
66c2c000-66c68000 r-xp 00000000 08:06 1706135    /usr/lib/i386-linux-gnu/libfaad.so.2.0.0
66c68000-66c69000 ---p 0003c000 08:06 1706135    /usr/lib/i386-linux-gnu/libfaad.so.2.0.0
66c69000-66c6a000 r--p 0003c000 08:06 1706135    /usr/lib/i386-linux-gnu/libfaad.so.2.0.0
66c6a000-66c6d000 rw-p 0003d000 08:06 1706135    /usr/lib/i386-linux-gnu/libfaad.so.2.0.0
66c6d000-66cfb000 r-xp 00000000 08:06 1706537    /usr/lib/i386-linux-gnu/liborc-0.4.so.0.17.0
66cfb000-66cfc000 r--p 0008e000 08:06 1706537    /usr/lib/i386-linux-gnu/liborc-0.4.so.0.17.0
66cfc000-66d00000 rw-p 0008f000 08:06 1706537    /usr/lib/i386-linux-gnu/liborc-0.4.so.0.17.0
66d00000-66e00000 rw-p 00000000 00:00 0 
66e00000-66e0d000 r-xp 00000000 08:06 1720465    /usr/lib/libmpcdec.so.6.1.0
66e0d000-66e0e000 r--p 0000c000 08:06 1720465    /usr/lib/libmpcdec.so.6.1.0
66e0e000-66e10000 rw-p 0000d000 08:06 1720465    /usr/lib/libmpcdec.so.6.1.0
66e10000-66e1a000 r-xp 00000000 08:06 1720240    /usr/lib/liba52-0.7.4.so
66e1a000-66e1b000 r--p 00009000 08:06 1720240    /usr/lib/liba52-0.7.4.so
66e1b000-66e1c000 rw-p 0000a000 08:06 1720240    /usr/lib/liba52-0.7.4.so
66e1c000-66e1d000 rw-p 00000000 00:00 0 
66e20000-66e22000 r-xp 00000000 08:06 280650     /usr/lib/vlc/plugins/demux/libtta_plugin.so
66e22000-66e23000 r--p 00001000 08:06 280650     /usr/lib/vlc/plugins/demux/libtta_plugin.so
66e23000-66e24000 rw-p 00002000 08:06 280650     /usr/lib/vlc/plugins/demux/libtta_plugin.so
66e24000-66e28000 r-xp 00000000 08:06 280638     /usr/lib/vlc/plugins/demux/libnuv_plugin.so
66e28000-66e29000 r--p 00003000 08:06 280638     /usr/lib/vlc/plugins/demux/libnuv_plugin.so
66e29000-66e2a000 rw-p 00004000 08:06 280638     /usr/lib/vlc/plugins/demux/libnuv_plugin.so
66e2a000-66e2c000 r-xp 00000000 08:06 280620     /usr/lib/vlc/plugins/demux/libmpc_plugin.so
66e2c000-66e2d000 r--p 00001000 08:06 280620     /usr/lib/vlc/plugins/demux/libmpc_plugin.so
66e2d000-66e2e000 rw-p 00002000 08:06 280620     /usr/lib/vlc/plugins/demux/libmpc_plugin.so
66e2e000-66e30000 r-xp 00000000 08:06 405491     /usr/lib/vlc/plugins/audio_filter/libsamplerate_plugin.so
66e30000-66e31000 r--p 00001000 08:06 405491     /usr/lib/vlc/plugins/audio_filter/libsamplerate_plugin.so
66e31000-66e32000 rw-p 00002000 08:06 405491     /usr/lib/vlc/plugins/audio_filter/libsamplerate_plugin.so
66e32000-66e34000 r-xp 00000000 08:06 405501     /usr/lib/vlc/plugins/audio_filter/libmpgatofixed32_plugin.so
66e34000-66e35000 r--p 00001000 08:06 405501     /usr/lib/vlc/plugins/audio_filter/libmpgatofixed32_plugin.so
66e35000-66e36000 rw-p 00002000 08:06 405501     /usr/lib/vlc/plugins/audio_filter/libmpgatofixed32_plugin.so
66e36000-66e73000 r-xp 00000000 08:06 1706535    /usr/lib/i386-linux-gnu/libopus.so.0.2.0
66e73000-66e74000 r--p 0003c000 08:06 1706535    /usr/lib/i386-linux-gnu/libopus.so.0.2.0
66e74000-66e75000 rw-p 0003d000 08:06 1706535    /usr/lib/i386-linux-gnu/libopus.so.0.2.0
66e77000-66e79000 r-xp 00000000 08:06 405496     /usr/lib/vlc/plugins/audio_filter/liba52tofloat32_plugin.so
66e79000-66e7a000 r--p 00001000 08:06 405496     /usr/lib/vlc/plugins/audio_filter/liba52tofloat32_plugin.so
66e7a000-66e7b000 rw-p 00002000 08:06 405496     /usr/lib/vlc/plugins/audio_filter/liba52tofloat32_plugin.so
66e7b000-66e7d000 r-xp 00000000 08:06 405511     /usr/lib/vlc/plugins/audio_filter/libdtstofloat32_plugin.so
66e7d000-66e7e000 r--p 00001000 08:06 405511     /usr/lib/vlc/plugins/audio_filter/libdtstofloat32_plugin.so
66e7e000-66e7f000 rw-p 00002000 08:06 405511     /usr/lib/vlc/plugins/audio_filter/libdtstofloat32_plugin.so
66e7f000-66e8c000 r-xp 00000000 08:06 405488     /usr/lib/vlc/plugins/meta_engine/libtaglib_plugin.so
66e8c000-66e8d000 r--p 0000c000 08:06 405488     /usr/lib/vlc/plugins/meta_engine/libtaglib_plugin.so
66e8d000-66e8e000 rw-p 0000d000 08:06 405488     /usr/lib/vlc/plugins/meta_engine/libtaglib_plugin.so
66e8e000-66f5b000 r-xp 00000000 08:06 1706653    /usr/lib/i386-linux-gnu/libschroedinger-1.0.so.0.11.0
66f5b000-66f5d000 r--p 000cc000 08:06 1706653    /usr/lib/i386-linux-gnu/libschroedinger-1.0.so.0.11.0
66f5d000-66f5e000 rw-p 000ce000 08:06 1706653    /usr/lib/i386-linux-gnu/libschroedinger-1.0.so.0.11.0
66f5e000-66f61000 r-xp 00000000 08:06 405510     /usr/lib/vlc/plugins/audio_filter/libscaletempo_plugin.so
66f61000-66f62000 r--p 00002000 08:06 405510     /usr/lib/vlc/plugins/audio_filter/libscaletempo_plugin.so
66f62000-66f63000 rw-p 00003000 08:06 405510     /usr/lib/vlc/plugins/audio_filter/libscaletempo_plugin.so
66f63000-66f6a000 r-xp 00000000 08:06 407155     /usr/lib/vlc/plugins/audio_output/libpulse_plugin.so
66f6a000-66f6b000 r--p 00006000 08:06 407155     /usr/lib/vlc/plugins/audio_output/libpulse_plugin.so
66f6b000-66f6c000 rw-p 00007000 08:06 407155     /usr/lib/vlc/plugins/audio_output/libpulse_plugin.so
66f6c000-66f6f000 r-xp 00000000 08:06 405456     /usr/lib/vlc/plugins/codec/libfaad_plugin.so
66f6f000-66f70000 r--p 00002000 08:06 405456     /usr/lib/vlc/plugins/codec/libfaad_plugin.so
66f70000-66f71000 rw-p 00003000 08:06 405456     /usr/lib/vlc/plugins/codec/libfaad_plugin.so
66f71000-66f75000 r-xp 00000000 08:06 405477     /usr/lib/vlc/plugins/codec/libopus_plugin.so
66f75000-66f76000 r--p 00003000 08:06 405477     /usr/lib/vlc/plugins/codec/libopus_plugin.so
66f76000-66f77000 rw-p 00004000 08:06 405477     /usr/lib/vlc/plugins/codec/libopus_plugin.so
66f77000-66f80000 r-xp 00000000 08:06 405450     /usr/lib/vlc/plugins/codec/libschroedinger_plugin.so
66f80000-66f81000 r--p 00008000 08:06 405450     /usr/lib/vlc/plugins/codec/libschroedinger_plugin.so
66f81000-66f82000 rw-p 00009000 08:06 405450     /usr/lib/vlc/plugins/codec/libschroedinger_plugin.so
66f82000-66f85000 r-xp 00000000 08:06 405482     /usr/lib/vlc/plugins/codec/libcdg_plugin.so
66f85000-66f86000 r--p 00002000 08:06 405482     /usr/lib/vlc/plugins/codec/libcdg_plugin.so
66f86000-66f87000 rw-p 00003000 08:06 405482     /usr/lib/vlc/plugins/codec/libcdg_plugin.so
66f87000-66f89000 r-xp 00000000 08:06 405481     /usr/lib/vlc/plugins/codec/libpng_plugin.so
66f89000-66f8a000 r--p 00001000 08:06 405481     /usr/lib/vlc/plugins/codec/libpng_plugin.so
66f8a000-66f8b000 rw-p 00002000 08:06 405481     /usr/lib/vlc/plugins/codec/libpng_plugin.so
66f8b000-66f8e000 r-xp 00000000 08:06 405449     /usr/lib/vlc/plugins/codec/libmpeg_audio_plugin.so
66f8e000-66f8f000 r--p 00002000 08:06 405449     /usr/lib/vlc/plugins/codec/libmpeg_audio_plugin.so
66f8f000-66f90000 rw-p 00003000 08:06 405449     /usr/lib/vlc/plugins/codec/libmpeg_audio_plugin.so
66f90000-66f93000 r-xp 00000000 08:06 405473     /usr/lib/vlc/plugins/codec/libsvcdsub_plugin.so
66f93000-66f94000 r--p 00002000 08:06 405473     /usr/lib/vlc/plugins/codec/libsvcdsub_plugin.so
66f94000-66f95000 rw-p 00003000 08:06 405473     /usr/lib/vlc/plugins/codec/libsvcdsub_plugin.so
66f95000-66f98000 r-xp 00000000 08:06 405455     /usr/lib/vlc/plugins/codec/libcvdsub_plugin.so
66f98000-66f99000 r--p 00002000 08:06 405455     /usr/lib/vlc/plugins/codec/libcvdsub_plugin.so
66f99000-66f9a000 rw-p 00003000 08:06 405455     /usr/lib/vlc/plugins/codec/libcvdsub_plugin.so
66f9a000-66f9d000 r-xp 00000000 08:06 405458     /usr/lib/vlc/plugins/codec/libspudec_plugin.so
66f9d000-66f9e000 r--p 00003000 08:06 405458     /usr/lib/vlc/plugins/codec/libspudec_plugin.so
66f9e000-66f9f000 rw-p 00004000 08:06 405458     /usr/lib/vlc/plugins/codec/libspudec_plugin.so
66f9f000-66fa3000 r-xp 00000000 08:06 405634     /usr/lib/vlc/plugins/packetizer/libpacketizer_flac_plugin.so
66fa3000-66fa4000 r--p 00003000 08:06 405634     /usr/lib/vlc/plugins/packetizer/libpacketizer_flac_plugin.so
66fa4000-66fa5000 rw-p 00004000 08:06 405634     /usr/lib/vlc/plugins/packetizer/libpacketizer_flac_plugin.so
66fa5000-66faa000 r-xp 00000000 08:06 405638     /usr/lib/vlc/plugins/packetizer/libpacketizer_mpegvideo_plugin.so
66faa000-66fab000 r--p 00004000 08:06 405638     /usr/lib/vlc/plugins/packetizer/libpacketizer_mpegvideo_plugin.so
66fab000-66fac000 rw-p 00005000 08:06 405638     /usr/lib/vlc/plugins/packetizer/libpacketizer_mpegvideo_plugin.so
66fac000-66fbb000 r-xp 00000000 08:06 405635     /usr/lib/vlc/plugins/packetizer/libpacketizer_h264_plugin.so
66fbb000-66fbc000 r--p 0000e000 08:06 405635     /usr/lib/vlc/plugins/packetizer/libpacketizer_h264_plugin.so
66fbc000-66fbd000 rw-p 0000f000 08:06 405635     /usr/lib/vlc/plugins/packetizer/libpacketizer_h264_plugin.so
66fbd000-66fc1000 r-xp 00000000 08:06 405636     /usr/lib/vlc/plugins/packetizer/libpacketizer_mlp_plugin.so
66fc1000-66fc2000 r--p 00003000 08:06 405636     /usr/lib/vlc/plugins/packetizer/libpacketizer_mlp_plugin.so
66fc2000-66fc3000 rw-p 00004000 08:06 405636     /usr/lib/vlc/plugins/packetizer/libpacketizer_mlp_plugin.so
66fc3000-66fde000 r-xp 00000000 08:06 1706713    /usr/lib/i386-linux-gnu/libtheoradec.so.1.1.4
66fde000-66fdf000 r--p 0001a000 08:06 1706713    /usr/lib/i386-linux-gnu/libtheoradec.so.1.1.4
66fdf000-66fe0000 rw-p 0001b000 08:06 1706713    /usr/lib/i386-linux-gnu/libtheoradec.so.1.1.4
66fe0000-67025000 r-xp 00000000 08:06 1706715    /usr/lib/i386-linux-gnu/libtheoraenc.so.1.1.2
67025000-67026000 r--p 00044000 08:06 1706715    /usr/lib/i386-linux-gnu/libtheoraenc.so.1.1.2
67026000-67027000 rw-p 00045000 08:06 1706715    /usr/lib/i386-linux-gnu/libtheoraenc.so.1.1.2
67027000-6702c000 r-xp 00000000 08:06 405637     /usr/lib/vlc/plugins/packetizer/libpacketizer_mpeg4video_plugin.so
6702c000-6702d000 r--p 00004000 08:06 405637     /usr/lib/vlc/plugins/packetizer/libpacketizer_mpeg4video_plugin.so
6702d000-6702e000 rw-p 00005000 08:06 405637     /usr/lib/vlc/plugins/packetizer/libpacketizer_mpeg4video_plugin.so
6702e000-67034000 r-xp 00000000 08:06 405640     /usr/lib/vlc/plugins/packetizer/libpacketizer_mpeg4audio_plugin.so
67034000-67035000 r--p 00005000 08:06 405640     /usr/lib/vlc/plugins/packetizer/libpacketizer_mpeg4audio_plugin.so
67035000-67036000 rw-p 00006000 08:06 405640     /usr/lib/vlc/plugins/packetizer/libpacketizer_mpeg4audio_plugin.so
67036000-6703e000 r-xp 00000000 08:06 405633     /usr/lib/vlc/plugins/packetizer/libpacketizer_vc1_plugin.so
6703e000-6703f000 r--p 00007000 08:06 405633     /usr/lib/vlc/plugins/packetizer/libpacketizer_vc1_plugin.so
6703f000-67040000 rw-p 00008000 08:06 405633     /usr/lib/vlc/plugins/packetizer/libpacketizer_vc1_plugin.so
67040000-6705f000 r-xp 00000000 08:06 1708460    /usr/lib/i386-linux-gnu/sse2/libspeex.so.1.5.0
6705f000-67060000 r--p 0001e000 08:06 1708460    /usr/lib/i386-linux-gnu/sse2/libspeex.so.1.5.0
67060000-67061000 rw-p 0001f000 08:06 1708460    /usr/lib/i386-linux-gnu/sse2/libspeex.so.1.5.0
67063000-67068000 r-xp 00000000 08:06 405641     /usr/lib/vlc/plugins/packetizer/libpacketizer_dirac_plugin.so
67068000-67069000 r--p 00005000 08:06 405641     /usr/lib/vlc/plugins/packetizer/libpacketizer_dirac_plugin.so
67069000-6706a000 rw-p 00006000 08:06 405641     /usr/lib/vlc/plugins/packetizer/libpacketizer_dirac_plugin.so
6706a000-67070000 r-xp 00000000 08:06 405451     /usr/lib/vlc/plugins/codec/libtheora_plugin.so
67070000-67071000 r--p 00005000 08:06 405451     /usr/lib/vlc/plugins/codec/libtheora_plugin.so
67071000-67072000 rw-p 00006000 08:06 405451     /usr/lib/vlc/plugins/codec/libtheora_plugin.so
67072000-67078000 r-xp 00000000 08:06 405479     /usr/lib/vlc/plugins/codec/libvorbis_plugin.so
67078000-67079000 r--p 00005000 08:06 405479     /usr/lib/vlc/plugins/codec/libvorbis_plugin.so
67079000-6707a000 rw-p 00006000 08:06 405479     /usr/lib/vlc/plugins/codec/libvorbis_plugin.so
6707a000-67080000 r-xp 00000000 08:06 405478     /usr/lib/vlc/plugins/codec/libspeex_plugin.so
67080000-67081000 r--p 00005000 08:06 405478     /usr/lib/vlc/plugins/codec/libspeex_plugin.so
67081000-67082000 rw-p 00006000 08:06 405478     /usr/lib/vlc/plugins/codec/libspeex_plugin.so
67082000-67084000 r-xp 00000000 08:06 405483     /usr/lib/vlc/plugins/codec/libaes3_plugin.so
67084000-67085000 r--p 00001000 08:06 405483     /usr/lib/vlc/plugins/codec/libaes3_plugin.so
67085000-67086000 rw-p 00002000 08:06 405483     /usr/lib/vlc/plugins/codec/libaes3_plugin.so
67086000-6708a000 r-xp 00000000 08:06 405462     /usr/lib/vlc/plugins/codec/liblpcm_plugin.so
6708a000-6708b000 r--p 00003000 08:06 405462     /usr/lib/vlc/plugins/codec/liblpcm_plugin.so
6708b000-6708c000 rw-p 00004000 08:06 405462     /usr/lib/vlc/plugins/codec/liblpcm_plugin.so
6708c000-67091000 r-xp 00000000 08:06 280640     /usr/lib/vlc/plugins/demux/libes_plugin.so
67091000-67092000 r--p 00004000 08:06 280640     /usr/lib/vlc/plugins/demux/libes_plugin.so
67092000-67093000 rw-p 00005000 08:06 280640     /usr/lib/vlc/plugins/demux/libes_plugin.so
67093000-6709f000 r-xp 00000000 08:06 280632     /usr/lib/vlc/plugins/demux/libasf_plugin.so
6709f000-670a0000 r--p 0000b000 08:06 280632     /usr/lib/vlc/plugins/demux/libasf_plugin.so
670a0000-670a1000 rw-p 0000c000 08:06 280632     /usr/lib/vlc/plugins/demux/libasf_plugin.so
670a1000-670b1000 r-xp 00000000 08:06 280639     /usr/lib/vlc/plugins/demux/libavi_plugin.so
670b1000-670b2000 r--p 00010000 08:06 280639     /usr/lib/vlc/plugins/demux/libavi_plugin.so
670b2000-670b3000 rw-p 00011000 08:06 280639     /usr/lib/vlc/plugins/demux/libavi_plugin.so
670b3000-670d7000 r-xp 00000000 08:06 280624     /usr/lib/vlc/plugins/demux/libmp4_plugin.so
670d7000-670d8000 r--p 00024000 08:06 280624     /usr/lib/vlc/plugins/demux/libmp4_plugin.so
670d8000-670d9000 rw-p 00025000 08:06 280624     /usr/lib/vlc/plugins/demux/libmp4_plugin.so
670d9000-670e1000 r-xp 00000000 08:06 1720591    /usr/lib/vlc/plugins/access/libzip_plugin.so
670e1000-670e2000 r--p 00007000 08:06 1720591    /usr/lib/vlc/plugins/access/libzip_plugin.so
670e2000-670e3000 rw-p 00008000 08:06 1720591    /usr/lib/vlc/plugins/access/libzip_plugin.so
670e3000-670fe000 r-xp 00000000 08:06 405646     /usr/lib/vlc/plugins/stream_filter/libstream_filter_dash_plugin.so
670fe000-670ff000 r--p 0001b000 08:06 405646     /usr/lib/vlc/plugins/stream_filter/libstream_filter_dash_plugin.so
670ff000-67100000 rw-p 0001c000 08:06 405646     /usr/lib/vlc/plugins/stream_filter/libstream_filter_dash_plugin.so
67100000-671c2000 rw-p 00000000 00:00 0 
671c2000-67200000 ---p 00000000 00:00 0 
67200000-672e9000 rw-p 00000000 00:00 0 
672e9000-67300000 ---p 00000000 00:00 0 
67300000-673ff000 rw-p 00000000 00:00 0 
673ff000-67400000 ---p 00000000 00:00 0 
67400000-67404000 r-xp 00000000 08:06 262619     /lib/i386-linux-gnu/libuuid.so.1.3.0
67404000-67405000 r--p 00003000 08:06 262619     /lib/i386-linux-gnu/libuuid.so.1.3.0
67405000-67406000 rw-p 00004000 08:06 262619     /lib/i386-linux-gnu/libuuid.so.1.3.0
67406000-67407000 r-xp 00000000 08:06 405592     /usr/lib/vlc/plugins/audio_mixer/libfloat32_mixer_plugin.so
67407000-67408000 r--p 00000000 08:06 405592     /usr/lib/vlc/plugins/audio_mixer/libfloat32_mixer_plugin.so
67408000-67409000 rw-p 00001000 08:06 405592     /usr/lib/vlc/plugins/audio_mixer/libfloat32_mixer_plugin.so
67409000-6740d000 r-xp 00000000 08:06 280647     /usr/lib/vlc/plugins/demux/libflacsys_plugin.so
6740d000-6740e000 r--p 00004000 08:06 280647     /usr/lib/vlc/plugins/demux/libflacsys_plugin.so
6740e000-6740f000 rw-p 00005000 08:06 280647     /usr/lib/vlc/plugins/demux/libflacsys_plugin.so
6740f000-6742d000 r-xp 00000000 08:06 1706115    /usr/lib/i386-linux-gnu/libdvdread.so.4.1.2
6742d000-6742e000 r--p 0001d000 08:06 1706115    /usr/lib/i386-linux-gnu/libdvdread.so.4.1.2
6742e000-6742f000 rw-p 0001e000 08:06 1706115    /usr/lib/i386-linux-gnu/libdvdread.so.4.1.2
6742f000-67443000 r-xp 00000000 08:06 1706111    /usr/lib/i386-linux-gnu/libdvdnav.so.4.1.2
67443000-67444000 r--p 00013000 08:06 1706111    /usr/lib/i386-linux-gnu/libdvdnav.so.4.1.2
67444000-67445000 rw-p 00014000 08:06 1706111    /usr/lib/i386-linux-gnu/libdvdnav.so.4.1.2
67445000-67448000 ---p 00000000 00:00 0 
67448000-674c6000 rw-p 00000000 00:00 0          [stack:15733]
674c6000-674dc000 r--s 00000000 08:06 656603     /usr/share/fonts/type1/gsfonts/n022024l.pfb
674dc000-674f4000 r--s 00000000 08:06 656594     /usr/share/fonts/type1/gsfonts/n022003l.pfb
674f4000-67505000 r--s 00000000 08:06 656567     /usr/share/fonts/type1/gsfonts/n019024l.pfb
67505000-6750a000 r-xp 00000000 08:06 1705965    /usr/lib/i386-linux-gnu/libasyncns.so.0.3.1
6750a000-6750b000 r--p 00004000 08:06 1705965    /usr/lib/i386-linux-gnu/libasyncns.so.0.3.1
6750b000-6750c000 rw-p 00005000 08:06 1705965    /usr/lib/i386-linux-gnu/libasyncns.so.0.3.1
6750c000-6750e000 r-xp 00000000 08:06 405480     /usr/lib/vlc/plugins/codec/librawvideo_plugin.so
6750e000-6750f000 r--p 00001000 08:06 405480     /usr/lib/vlc/plugins/codec/librawvideo_plugin.so
6750f000-67510000 rw-p 00002000 08:06 405480     /usr/lib/vlc/plugins/codec/librawvideo_plugin.so
67510000-67513000 r-xp 00000000 08:06 1720599    /usr/lib/vlc/plugins/access/libstream_filter_rar_plugin.so
67513000-67514000 r--p 00002000 08:06 1720599    /usr/lib/vlc/plugins/access/libstream_filter_rar_plugin.so
67514000-67515000 rw-p 00003000 08:06 1720599    /usr/lib/vlc/plugins/access/libstream_filter_rar_plugin.so
67515000-67518000 r-xp 00000000 08:06 405644     /usr/lib/vlc/plugins/stream_filter/libdecomp_plugin.so
67518000-67519000 r--p 00002000 08:06 405644     /usr/lib/vlc/plugins/stream_filter/libdecomp_plugin.so
67519000-6751a000 rw-p 00003000 08:06 405644     /usr/lib/vlc/plugins/stream_filter/libdecomp_plugin.so
6751a000-67524000 r-xp 00000000 08:06 405643     /usr/lib/vlc/plugins/stream_filter/libstream_filter_httplive_plugin.so
67524000-67525000 r--p 00009000 08:06 405643     /usr/lib/vlc/plugins/stream_filter/libstream_filter_httplive_plugin.so
67525000-67526000 rw-p 0000a000 08:06 405643     /usr/lib/vlc/plugins/stream_filter/libstream_filter_httplive_plugin.so
67526000-6752a000 r-xp 00000000 08:06 1720609    /usr/lib/vlc/plugins/access/libfilesystem_plugin.so
6752a000-6752b000 r--p 00003000 08:06 1720609    /usr/lib/vlc/plugins/access/libfilesystem_plugin.so
6752b000-6752c000 rw-p 00004000 08:06 1720609    /usr/lib/vlc/plugins/access/libfilesystem_plugin.so
6752c000-67560000 r-xp 00000000 08:06 1720482    /usr/lib/i386-linux-gnu/libbluray.so.1.2.0
67560000-67561000 ---p 00034000 08:06 1720482    /usr/lib/i386-linux-gnu/libbluray.so.1.2.0
67561000-67562000 r--p 00034000 08:06 1720482    /usr/lib/i386-linux-gnu/libbluray.so.1.2.0
67562000-67563000 rw-p 00035000 08:06 1720482    /usr/lib/i386-linux-gnu/libbluray.so.1.2.0
67563000-67565000 r-xp 00000000 08:06 405645     /usr/lib/vlc/plugins/stream_filter/libstream_filter_record_plugin.so
67565000-67566000 r--p 00001000 08:06 405645     /usr/lib/vlc/plugins/stream_filter/libstream_filter_record_plugin.so
67566000-67567000 rw-p 00002000 08:06 405645     /usr/lib/vlc/plugins/stream_filter/libstream_filter_record_plugin.so
67567000-6757a000 r-xp 00000000 08:06 1720590    /usr/lib/vlc/plugins/access/libaccess_bd_plugin.so
6757a000-6757b000 r--p 00012000 08:06 1720590    /usr/lib/vlc/plugins/access/libaccess_bd_plugin.so
6757b000-6757c000 rw-p 00013000 08:06 1720590    /usr/lib/vlc/plugins/access/libaccess_bd_plugin.so
6757c000-675af000 rw-s 00000000 00:04 187596947  /SYSV00000000 (deleted)
675af000-675b2000 ---p 00000000 00:00 0 
675b2000-67600000 rw-p 00000000 00:00 0          [stack:15420]
67600000-676f6000 rw-p 00000000 00:00 0 
676f6000-67700000 ---p 00000000 00:00 0 
67700000-677f9000 rw-p 00000000 00:00 0 
677f9000-67800000 ---p 00000000 00:00 0 
67800000-678fa000 rw-p 00000000 00:00 0 
678fa000-67900000 ---p 00000000 00:00 0 
67902000-67903000 rwxp 00000000 00:00 0 
67903000-67906000 r-xp 00000000 08:06 1706600    /usr/lib/i386-linux-gnu/libpulse-simple.so.0.0.3
67906000-67907000 r--p 00002000 08:06 1706600    /usr/lib/i386-linux-gnu/libpulse-simple.so.0.0.3
67907000-67908000 rw-p 00003000 08:06 1706600    /usr/lib/i386-linux-gnu/libpulse-simple.so.0.0.3
67908000-679ac000 r-xp 00000000 08:06 1439034    /tmp/sqlite-3.7.151-i386-libsqlitejdbc.so
679ac000-679ad000 r--p 000a4000 08:06 1439034    /tmp/sqlite-3.7.151-i386-libsqlitejdbc.so
679ad000-679ae000 rw-p 000a5000 08:06 1439034    /tmp/sqlite-3.7.151-i386-libsqlitejdbc.so
679ae000-679af000 rw-p 00000000 00:00 0 
679af000-679b2000 ---p 00000000 00:00 0 
679b2000-67a00000 rw-p 00000000 00:00 0          [stack:15412]
67a00000-67a2d000 rw-p 00000000 00:00 0 
67a2d000-67b00000 ---p 00000000 00:00 0 
67b00000-67b02000 r-xp 00000000 08:06 405602     /usr/lib/vlc/plugins/services_discovery/libmtp_plugin.so
67b02000-67b03000 r--p 00001000 08:06 405602     /usr/lib/vlc/plugins/services_discovery/libmtp_plugin.so
67b03000-67b04000 rw-p 00002000 08:06 405602     /usr/lib/vlc/plugins/services_discovery/libmtp_plugin.so
67b04000-67b05000 r-xp 00000000 08:06 1708656    /usr/lib/jvm/java-7-openjdk-i386/jre/lib/i386/libjawt.so
67b05000-67b06000 r--p 00000000 08:06 1708656    /usr/lib/jvm/java-7-openjdk-i386/jre/lib/i386/libjawt.so
67b06000-67b07000 rw-p 00001000 08:06 1708656    /usr/lib/jvm/java-7-openjdk-i386/jre/lib/i386/libjawt.so
67b07000-67b0c000 r-xp 00000000 08:06 1720610    /usr/lib/vlc/plugins/access/libaccess_vdr_plugin.so
67b0c000-67b0d000 r--p 00004000 08:06 1720610    /usr/lib/vlc/plugins/access/libaccess_vdr_plugin.so
67b0d000-67b0e000 rw-p 00005000 08:06 1720610    /usr/lib/vlc/plugins/access/libaccess_vdr_plugin.so
67b0e000-67b18000 r-xp 00000000 08:06 1720582    /usr/lib/vlc/plugins/access/libdvdnav_plugin.so
67b18000-67b19000 r--p 0000a000 08:06 1720582    /usr/lib/vlc/plugins/access/libdvdnav_plugin.so
67b19000-67b1a000 rw-p 0000b000 08:06 1720582    /usr/lib/vlc/plugins/access/libdvdnav_plugin.so
67b1a000-67b1f000 r-xp 00000000 08:06 1720612    /usr/lib/vlc/plugins/access/liblibbluray_plugin.so
67b1f000-67b20000 r--p 00004000 08:06 1720612    /usr/lib/vlc/plugins/access/liblibbluray_plugin.so
67b20000-67b21000 rw-p 00005000 08:06 1720612    /usr/lib/vlc/plugins/access/liblibbluray_plugin.so
67b21000-67b28000 r--s 00000000 08:06 1707538    /usr/lib/i386-linux-gnu/gconv/gconv-modules.cache
67b28000-67b29000 rw-p 00000000 00:00 0 
67b29000-67b2e000 r--s 0004c000 08:06 1708535    /usr/lib/jvm/java-7-openjdk-common/jre/lib/jsse.jar
67b2e000-67b31000 ---p 00000000 00:00 0 
67b31000-67b7f000 rw-p 00000000 00:00 0          [stack:15411]
67b7f000-67b90000 r-xp 00000000 08:06 1708665    /usr/lib/jvm/java-7-openjdk-i386/jre/lib/i386/libnio.so
67b90000-67b91000 r--p 00010000 08:06 1708665    /usr/lib/jvm/java-7-openjdk-i386/jre/lib/i386/libnio.so
67b91000-67b92000 rw-p 00011000 08:06 1708665    /usr/lib/jvm/java-7-openjdk-i386/jre/lib/i386/libnio.so
67b92000-67b93000 r--s 00000000 08:06 936139     /var/cache/fontconfig/c05880de57d1f5e948fdfacc138775d9-le32d4.cache-3
67b93000-67b99000 r--s 00000000 08:06 936131     /var/cache/fontconfig/945677eb7aeaf62f1d50efc3fb3ec7d8-le32d4.cache-3
67b99000-67b9c000 r--s 00000000 08:06 938992     /var/cache/fontconfig/99e8ed0e538f840c565b6ed5dad60d56-le32d4.cache-3
67b9c000-67ba2000 r--s 00000000 08:06 936659     /var/cache/fontconfig/a6d8cf8e4ec09cdbc8633c31745a07dd-le32d4.cache-3
67ba2000-67ba5000 r--s 00000000 08:06 936113     /var/cache/fontconfig/2cd17615ca594fa2959ae173292e504c-le32d4.cache-3
67ba5000-67ba6000 r--s 00000000 08:06 936148     /var/cache/fontconfig/e7071f4a29fa870f4323321c154eba04-le32d4.cache-3
67ba6000-67baa000 r--s 00000000 08:06 936658     /var/cache/fontconfig/6eb3985aa4124903f6ff08ba781cd364-le32d4.cache-3
67baa000-67bab000 r--s 00000000 08:06 936110     /var/cache/fontconfig/0d8c3b2ac0904cb8a57a757ad11a4a08-le32d4.cache-3
67bab000-67baf000 r--s 00000000 08:06 936135     /var/cache/fontconfig/a755afe4a08bf5b97852ceb7400b47bc-le32d4.cache-3
67baf000-67bb6000 r--s 00000000 08:06 936126     /var/cache/fontconfig/6d41288fd70b0be22e8c3a91e032eec0-le32d4.cache-3
67bb6000-67bc1000 r--s 00000000 08:06 936108     /var/cache/fontconfig/04aabc0a78ac019cf9454389977116d2-le32d4.cache-3
67bc1000-67bc2000 r--s 00000000 08:06 936112     /var/cache/fontconfig/1ac9eb803944fde146138c791f5cc56a-le32d4.cache-3
67bc2000-67bc5000 r--s 00000000 08:06 936117     /var/cache/fontconfig/385c0604a188198f04d133e54aba7fe7-le32d4.cache-3
67bc5000-67bc6000 r--s 00000000 08:06 938732     /var/cache/fontconfig/9c956a7723ca69a44b382d9179c9802f-le32d4.cache-3
67bc6000-67bc7000 r--s 00000000 08:06 936145     /var/cache/fontconfig/dc05db6664285cc2f12bf69c139ae4c3-le32d4.cache-3
67bc7000-67bc9000 r--s 00000000 08:06 936128     /var/cache/fontconfig/767a8244fc0220cfb567a839d0392e0b-le32d4.cache-3
67bc9000-67bca000 r--s 00000000 08:06 936118     /var/cache/fontconfig/4794a0821666d79190d59a36cb4f44b5-le32d4.cache-3
67bca000-67bcb000 r--s 00000000 08:06 938731     /var/cache/fontconfig/9eae20f1ff8cc0a7d125749e875856bd-le32d4.cache-3
67bcb000-67bcd000 r--s 00000000 08:06 938730     /var/cache/fontconfig/bf2c1853a9e9b00bb02fe2e9bcf1e201-le32d4.cache-3
67bcd000-67bd0000 r--s 00000000 08:06 936130     /var/cache/fontconfig/8801497958630a81b71ace7c5f9b32a8-le32d4.cache-3
67bd0000-67bf3000 r--s 00000000 08:06 938729     /var/cache/fontconfig/365b55f210c0a22e9a19e35191240f32-le32d4.cache-3
67bf3000-67bf5000 r--s 00000000 08:06 938722     /var/cache/fontconfig/c57959a16110560c8d0fcea73374aeeb-le32d4.cache-3
67bf5000-67bf9000 r--s 00000000 08:06 936114     /var/cache/fontconfig/3047814df9a2f067bd2d96a2b9c36e5a-le32d4.cache-3
67bf9000-67bfa000 r--s 00000000 08:06 936121     /var/cache/fontconfig/56cf4f4769d0f4abc89a4895d7bd3ae1-le32d4.cache-3
67bfa000-67bfb000 r--s 00000000 08:06 936138     /var/cache/fontconfig/b9d506c9ac06c20b433354fa67a72993-le32d4.cache-3
67bfb000-67bff000 r--s 00000000 08:06 936137     /var/cache/fontconfig/b47c4e1ecd0709278f4910c18777a504-le32d4.cache-3
67bff000-67c01000 r--s 00000000 08:06 938728     /var/cache/fontconfig/14d493b97896515cad3840ba4896e372-le32d4.cache-3
67c01000-67c02000 r--s 00000000 08:06 938727     /var/cache/fontconfig/89034621ae2a8922916bb6bfa5799546-le32d4.cache-3
67c02000-67c08000 r--s 00000000 08:06 936657     /var/cache/fontconfig/52f7bdb7ce746bfd7eaa1985bd9cfa93-le32d4.cache-3
67c08000-67c0a000 r--s 00000000 08:06 936147     /var/cache/fontconfig/e49e89034d371f0f9de17aab02136486-le32d4.cache-3
67c0a000-67c0b000 r--s 00000000 08:06 936119     /var/cache/fontconfig/4b14b093aebc79c320de5e86ae1d3314-le32d4.cache-3
67c0b000-67c18000 r--s 00000000 08:06 936143     /var/cache/fontconfig/d52a8644073d54c13679302ca1180695-le32d4.cache-3
67c18000-67c1e000 r--s 00000000 08:06 936656     /var/cache/fontconfig/3f7329c5293ffd510edef78f73874cfd-le32d4.cache-3
67c1e000-67c20000 r--s 00000000 08:06 938726     /var/cache/fontconfig/65f976e5259cbe6dc7697b8648396239-le32d4.cache-3
67c20000-67c27000 r--s 00000000 08:06 938721     /var/cache/fontconfig/83bf95040141907cd45bb53cf7c1c148-le32d4.cache-3
67c27000-67c30000 r--s 00000000 08:06 938720     /var/cache/fontconfig/53d14c92082a93e67d5078324eb314ca-le32d4.cache-3
67c30000-67c3d000 r--s 00000000 08:06 938717     /var/cache/fontconfig/4ac51e5cfbc76fc3f983e470323a16d3-le32d4.cache-3
67c3d000-67c45000 r--s 00000000 08:06 938718     /var/cache/fontconfig/e13b20fdb08344e0e664864cc2ede53d-le32d4.cache-3
67c45000-67c49000 r--s 00000000 08:06 940648     /var/cache/fontconfig/7ef2298fde41cc6eeb7af42e48b7d293-le32d4.cache-3
67c49000-67c5a000 r--s 00000000 08:06 938993     /var/cache/fontconfig/467c019e582ee353435ea5c21d137ef6-le32d4.cache-3
67c5a000-67c5e000 r--s 00000000 08:06 394128     /home/gene/.cache/fontconfig/3ecda6abc85ff6f54114f03ae3c1fe72-le32d4.cache-3
67c5e000-67c61000 ---p 00000000 00:00 0 
67c61000-67caf000 rw-p 00000000 00:00 0          [stack:15410]
67caf000-67cb2000 ---p 00000000 00:00 0 
67cb2000-67d00000 rw-p 00000000 00:00 0          [stack:15409]
67d00000-67e00000 rw-p 00000000 00:00 0 
67e00000-67e43000 r-xp 00000000 08:06 1708645    /usr/lib/jvm/java-7-openjdk-i386/jre/lib/i386/libfontmanager.so
67e43000-67e44000 r--p 00043000 08:06 1708645    /usr/lib/jvm/java-7-openjdk-i386/jre/lib/i386/libfontmanager.so
67e44000-67e45000 rw-p 00044000 08:06 1708645    /usr/lib/jvm/java-7-openjdk-i386/jre/lib/i386/libfontmanager.so
67e45000-68fb4000 r-xp 00000000 08:06 1706398    /usr/lib/i386-linux-gnu/libicudata.so.48.1.1
68fb4000-68fb5000 r--p 0116e000 08:06 1706398    /usr/lib/i386-linux-gnu/libicudata.so.48.1.1
68fb5000-68fb6000 rw-p 0116f000 08:06 1706398    /usr/lib/i386-linux-gnu/libicudata.so.48.1.1
68fb6000-68fb9000 r-xp 00000000 08:06 262501     /lib/i386-linux-gnu/libgpg-error.so.0.8.0
68fb9000-68fba000 r--p 00002000 08:06 262501     /lib/i386-linux-gnu/libgpg-error.so.0.8.0
68fba000-68fbb000 rw-p 00003000 08:06 262501     /lib/i386-linux-gnu/libgpg-error.so.0.8.0
68fbb000-68fbd000 r-xp 00000000 08:06 262512     /lib/i386-linux-gnu/libkeyutils.so.1.4
68fbd000-68fbe000 r--p 00002000 08:06 262512     /lib/i386-linux-gnu/libkeyutils.so.1.4
68fbe000-68fbf000 rw-p 00003000 08:06 262512     /lib/i386-linux-gnu/libkeyutils.so.1.4
68fbf000-69115000 r-xp 00000000 08:06 1706412    /usr/lib/i386-linux-gnu/libicuuc.so.48.1.1
69115000-6911f000 r--p 00155000 08:06 1706412    /usr/lib/i386-linux-gnu/libicuuc.so.48.1.1
6911f000-69120000 rw-p 0015f000 08:06 1706412    /usr/lib/i386-linux-gnu/libicuuc.so.48.1.1
69120000-69124000 rw-p 00000000 00:00 0 
69124000-69157000 r-xp 00000000 08:06 1706404    /usr/lib/i386-linux-gnu/libicule.so.48.1.1
69157000-69158000 ---p 00033000 08:06 1706404    /usr/lib/i386-linux-gnu/libicule.so.48.1.1
69158000-69159000 r--p 00033000 08:06 1706404    /usr/lib/i386-linux-gnu/libicule.so.48.1.1
69159000-6915a000 rw-p 00034000 08:06 1706404    /usr/lib/i386-linux-gnu/libicule.so.48.1.1
6915a000-691a2000 r-xp 00000000 08:06 262482     /lib/i386-linux-gnu/libdbus-1.so.3.7.2
691a2000-691a3000 r--p 00047000 08:06 262482     /lib/i386-linux-gnu/libdbus-1.so.3.7.2
691a3000-691a4000 rw-p 00048000 08:06 262482     /lib/i386-linux-gnu/libdbus-1.so.3.7.2
691a4000-691b6000 r-xp 00000000 08:06 1706541    /usr/lib/i386-linux-gnu/libp11-kit.so.0.0.0
691b6000-691b7000 r--p 00011000 08:06 1706541    /usr/lib/i386-linux-gnu/libp11-kit.so.0.0.0
691b7000-691b8000 rw-p 00012000 08:06 1706541    /usr/lib/i386-linux-gnu/libp11-kit.so.0.0.0
691b8000-691c8000 r-xp 00000000 08:06 1706699    /usr/lib/i386-linux-gnu/libtasn1.so.3.2.0
691c8000-691c9000 r--p 0000f000 08:06 1706699    /usr/lib/i386-linux-gnu/libtasn1.so.3.2.0
691c9000-691ca000 rw-p 00010000 08:06 1706699    /usr/lib/i386-linux-gnu/libtasn1.so.3.2.0
691ca000-6924b000 r-xp 00000000 08:06 262497     /lib/i386-linux-gnu/libgcrypt.so.11.7.0
6924b000-6924c000 r--p 00080000 08:06 262497     /lib/i386-linux-gnu/libgcrypt.so.11.7.0
6924c000-6924e000 rw-p 00081000 08:06 262497     /lib/i386-linux-gnu/libgcrypt.so.11.7.0
6924e000-69255000 r-xp 00000000 08:06 1706449    /usr/lib/i386-linux-gnu/libkrb5support.so.0.1
69255000-69256000 r--p 00006000 08:06 1706449    /usr/lib/i386-linux-gnu/libkrb5support.so.0.1
69256000-69257000 rw-p 00007000 08:06 1706449    /usr/lib/i386-linux-gnu/libkrb5support.so.0.1
69257000-6925a000 r-xp 00000000 08:06 262477     /lib/i386-linux-gnu/libcom_err.so.2.1
6925a000-6925b000 r--p 00002000 08:06 262477     /lib/i386-linux-gnu/libcom_err.so.2.1
6925b000-6925c000 rw-p 00003000 08:06 262477     /lib/i386-linux-gnu/libcom_err.so.2.1
6925c000-69282000 r-xp 00000000 08:06 1706443    /usr/lib/i386-linux-gnu/libk5crypto.so.3.1
69282000-69283000 r--p 00026000 08:06 1706443    /usr/lib/i386-linux-gnu/libk5crypto.so.3.1
69283000-69284000 rw-p 00027000 08:06 1706443    /usr/lib/i386-linux-gnu/libk5crypto.so.3.1
69284000-6934b000 r-xp 00000000 08:06 1706447    /usr/lib/i386-linux-gnu/libkrb5.so.3.3
6934b000-69351000 r--p 000c6000 08:06 1706447    /usr/lib/i386-linux-gnu/libkrb5.so.3.3
69351000-69352000 rw-p 000cc000 08:06 1706447    /usr/lib/i386-linux-gnu/libkrb5.so.3.3
69352000-693ea000 r-xp 00000000 08:06 1706380    /usr/lib/i386-linux-gnu/libharfbuzz.so.0.913.0
693ea000-693eb000 ---p 00098000 08:06 1706380    /usr/lib/i386-linux-gnu/libharfbuzz.so.0.913.0
693eb000-693ec000 r--p 00098000 08:06 1706380    /usr/lib/i386-linux-gnu/libharfbuzz.so.0.913.0
693ec000-693ed000 rw-p 00099000 08:06 1706380    /usr/lib/i386-linux-gnu/libharfbuzz.so.0.913.0
693ed000-693f5000 r-xp 00000000 08:06 1706787    /usr/lib/i386-linux-gnu/libxcb-render.so.0.0.0
693f5000-693f6000 r--p 00008000 08:06 1706787    /usr/lib/i386-linux-gnu/libxcb-render.so.0.0.0
693f6000-693f7000 rw-p 00009000 08:06 1706787    /usr/lib/i386-linux-gnu/libxcb-render.so.0.0.0
693f7000-693f9000 r-xp 00000000 08:06 1706791    /usr/lib/i386-linux-gnu/libxcb-shm.so.0.0.0
693f9000-693fa000 r--p 00001000 08:06 1706791    /usr/lib/i386-linux-gnu/libxcb-shm.so.0.0.0
693fa000-693fb000 rw-p 00002000 08:06 1706791    /usr/lib/i386-linux-gnu/libxcb-shm.so.0.0.0
693fb000-69422000 r-xp 00000000 08:06 262578     /lib/i386-linux-gnu/libpng12.so.0.49.0
69422000-69423000 r--p 00026000 08:06 262578     /lib/i386-linux-gnu/libpng12.so.0.49.0
69423000-69424000 rw-p 00027000 08:06 262578     /lib/i386-linux-gnu/libpng12.so.0.49.0
69424000-694b8000 r-xp 00000000 08:06 1706571    /usr/lib/i386-linux-gnu/libpixman-1.so.0.28.2
694b8000-694bd000 r--p 00093000 08:06 1706571    /usr/lib/i386-linux-gnu/libpixman-1.so.0.28.2
694bd000-694be000 rw-p 00098000 08:06 1706571    /usr/lib/i386-linux-gnu/libpixman-1.so.0.28.2
694be000-694c3000 r-xp 00000000 08:06 1705898    /usr/lib/i386-linux-gnu/libXdmcp.so.6.0.0
694c3000-694c4000 r--p 00004000 08:06 1705898    /usr/lib/i386-linux-gnu/libXdmcp.so.6.0.0
694c4000-694c5000 rw-p 00005000 08:06 1705898    /usr/lib/i386-linux-gnu/libXdmcp.so.6.0.0
694c5000-694d5000 r-xp 00000000 08:06 1705977    /usr/lib/i386-linux-gnu/libavahi-client.so.3.2.9
694d5000-694d6000 r--p 0000f000 08:06 1705977    /usr/lib/i386-linux-gnu/libavahi-client.so.3.2.9
694d6000-694d7000 rw-p 00010000 08:06 1705977    /usr/lib/i386-linux-gnu/libavahi-client.so.3.2.9
694d7000-694e3000 r-xp 00000000 08:06 1705979    /usr/lib/i386-linux-gnu/libavahi-common.so.3.5.3
694e3000-694e4000 r--p 0000b000 08:06 1705979    /usr/lib/i386-linux-gnu/libavahi-common.so.3.5.3
694e4000-694e5000 rw-p 0000c000 08:06 1705979    /usr/lib/i386-linux-gnu/libavahi-common.so.3.5.3
694e5000-695a5000 r-xp 00000000 08:06 1706251    /usr/lib/i386-linux-gnu/libgnutls.so.26.22.6
695a5000-695a9000 r--p 000bf000 08:06 1706251    /usr/lib/i386-linux-gnu/libgnutls.so.26.22.6
695a9000-695aa000 rw-p 000c3000 08:06 1706251    /usr/lib/i386-linux-gnu/libgnutls.so.26.22.6
695aa000-695e5000 r-xp 00000000 08:06 1706276    /usr/lib/i386-linux-gnu/libgssapi_krb5.so.2.2
695e5000-695e6000 r--p 0003a000 08:06 1706276    /usr/lib/i386-linux-gnu/libgssapi_krb5.so.2.2
695e6000-695e7000 rw-p 0003b000 08:06 1706276    /usr/lib/i386-linux-gnu/libgssapi_krb5.so.2.2
695e7000-69626000 r-xp 00000000 08:06 262566     /lib/i386-linux-gnu/libpcre.so.3.13.1
69626000-69627000 r--p 0003f000 08:06 262566     /lib/i386-linux-gnu/libpcre.so.3.13.1
69627000-69628000 rw-p 00040000 08:06 262566     /lib/i386-linux-gnu/libpcre.so.3.13.1
69628000-6962d000 r-xp 00000000 08:06 1706141    /usr/lib/i386-linux-gnu/libffi.so.6.0.1
6962d000-6962e000 r--p 00005000 08:06 1706141    /usr/lib/i386-linux-gnu/libffi.so.6.0.1
6962e000-6962f000 rw-p 00006000 08:06 1706141    /usr/lib/i386-linux-gnu/libffi.so.6.0.1
6962f000-69654000 r-xp 00000000 08:06 262490     /lib/i386-linux-gnu/libexpat.so.1.6.0
69654000-69656000 r--p 00025000 08:06 262490     /lib/i386-linux-gnu/libexpat.so.1.6.0
69656000-69657000 rw-p 00027000 08:06 262490     /lib/i386-linux-gnu/libexpat.so.1.6.0
69657000-696ed000 r-xp 00000000 08:06 1706179    /usr/lib/i386-linux-gnu/libfreetype.so.6.10.0
696ed000-696f1000 r--p 00095000 08:06 1706179    /usr/lib/i386-linux-gnu/libfreetype.so.6.10.0
696f1000-696f2000 rw-p 00099000 08:06 1706179    /usr/lib/i386-linux-gnu/libfreetype.so.6.10.0
696f2000-69705000 r-xp 00000000 08:06 262589     /lib/i386-linux-gnu/libresolv-2.17.so
69705000-69706000 r--p 00013000 08:06 262589     /lib/i386-linux-gnu/libresolv-2.17.so
69706000-69707000 rw-p 00014000 08:06 262589     /lib/i386-linux-gnu/libresolv-2.17.so
69707000-69709000 rw-p 00000000 00:00 0 
69709000-69726000 r-xp 00000000 08:06 262593     /lib/i386-linux-gnu/libselinux.so.1
69726000-69727000 r--p 0001c000 08:06 262593     /lib/i386-linux-gnu/libselinux.so.1
69727000-69728000 rw-p 0001d000 08:06 262593     /lib/i386-linux-gnu/libselinux.so.1
69728000-69731000 r-xp 00000000 08:06 1705894    /usr/lib/i386-linux-gnu/libXcursor.so.1.0.2
69731000-69732000 r--p 00008000 08:06 1705894    /usr/lib/i386-linux-gnu/libXcursor.so.1.0.2
69732000-69733000 rw-p 00009000 08:06 1705894    /usr/lib/i386-linux-gnu/libXcursor.so.1.0.2
69733000-69745000 r-xp 00000000 08:06 1706553    /usr/lib/i386-linux-gnu/libpangoft2-1.0.so.0.3200.5
69745000-69746000 r--p 00011000 08:06 1706553    /usr/lib/i386-linux-gnu/libpangoft2-1.0.so.0.3200.5
69746000-69747000 rw-p 00012000 08:06 1706553    /usr/lib/i386-linux-gnu/libpangoft2-1.0.so.0.3200.5
69747000-6985a000 r-xp 00000000 08:06 1706005    /usr/lib/i386-linux-gnu/libcairo.so.2.11200.14
6985a000-6985c000 r--p 00113000 08:06 1706005    /usr/lib/i386-linux-gnu/libcairo.so.2.11200.14
6985c000-6985d000 rw-p 00115000 08:06 1706005    /usr/lib/i386-linux-gnu/libcairo.so.2.11200.14
6985d000-6985e000 rw-p 00000000 00:00 0 
6985e000-6987c000 r-xp 00000000 08:06 1705967    /usr/lib/i386-linux-gnu/libatk-1.0.so.0.20809.1
6987c000-6987e000 r--p 0001d000 08:06 1705967    /usr/lib/i386-linux-gnu/libatk-1.0.so.0.20809.1
6987e000-6987f000 rw-p 0001f000 08:06 1705967    /usr/lib/i386-linux-gnu/libatk-1.0.so.0.20809.1
6987f000-6989f000 r-xp 00000000 08:06 1720908    /usr/lib/i386-linux-gnu/libxcb.so.1.1.0
6989f000-698a0000 r--p 0001f000 08:06 1720908    /usr/lib/i386-linux-gnu/libxcb.so.1.1.0
698a0000-698a1000 rw-p 00020000 08:06 1720908    /usr/lib/i386-linux-gnu/libxcb.so.1.1.0
698a1000-698fb000 r-xp 00000000 08:06 1706064    /usr/lib/i386-linux-gnu/libcups.so.2
698fb000-698fc000 ---p 0005a000 08:06 1706064    /usr/lib/i386-linux-gnu/libcups.so.2
698fc000-698ff000 r--p 0005a000 08:06 1706064    /usr/lib/i386-linux-gnu/libcups.so.2
698ff000-69900000 rw-p 0005d000 08:06 1706064    /usr/lib/i386-linux-gnu/libcups.so.2
69900000-699ff000 r-xp 00000000 08:06 262499     /lib/i386-linux-gnu/libglib-2.0.so.0.3600.0
699ff000-69a00000 r--p 000fe000 08:06 262499     /lib/i386-linux-gnu/libglib-2.0.so.0.3600.0
69a00000-69a01000 rw-p 000ff000 08:06 262499     /lib/i386-linux-gnu/libglib-2.0.so.0.3600.0
69a01000-69a4f000 r-xp 00000000 08:06 1706257    /usr/lib/i386-linux-gnu/libgobject-2.0.so.0.3600.0
69a4f000-69a50000 r--p 0004d000 08:06 1706257    /usr/lib/i386-linux-gnu/libgobject-2.0.so.0.3600.0
69a50000-69a51000 rw-p 0004e000 08:06 1706257    /usr/lib/i386-linux-gnu/libgobject-2.0.so.0.3600.0
69a51000-69a88000 r-xp 00000000 08:06 1706167    /usr/lib/i386-linux-gnu/libfontconfig.so.1.6.2
69a88000-69a89000 r--p 00036000 08:06 1706167    /usr/lib/i386-linux-gnu/libfontconfig.so.1.6.2
69a89000-69a8a000 rw-p 00037000 08:06 1706167    /usr/lib/i386-linux-gnu/libfontconfig.so.1.6.2
69a8a000-69ad3000 r-xp 00000000 08:06 1706549    /usr/lib/i386-linux-gnu/libpango-1.0.so.0.3200.5
69ad3000-69ad4000 r--p 00049000 08:06 1706549    /usr/lib/i386-linux-gnu/libpango-1.0.so.0.3200.5
69ad4000-69ad5000 rw-p 0004a000 08:06 1706549    /usr/lib/i386-linux-gnu/libpango-1.0.so.0.3200.5
69ad5000-69af5000 r-xp 00000000 08:06 1706208    /usr/lib/i386-linux-gnu/libgdk_pixbuf-2.0.so.0.2800.0
69af5000-69af6000 ---p 00020000 08:06 1706208    /usr/lib/i386-linux-gnu/libgdk_pixbuf-2.0.so.0.2800.0
69af6000-69af7000 r--p 00020000 08:06 1706208    /usr/lib/i386-linux-gnu/libgdk_pixbuf-2.0.so.0.2800.0
69af7000-69af8000 rw-p 00021000 08:06 1706208    /usr/lib/i386-linux-gnu/libgdk_pixbuf-2.0.so.0.2800.0
69af8000-69c58000 r-xp 00000000 08:06 1706227    /usr/lib/i386-linux-gnu/libgio-2.0.so.0.3600.0
69c58000-69c5a000 r--p 00160000 08:06 1706227    /usr/lib/i386-linux-gnu/libgio-2.0.so.0.3600.0
69c5a000-69c5b000 rw-p 00162000 08:06 1706227    /usr/lib/i386-linux-gnu/libgio-2.0.so.0.3600.0
69c5b000-69c5c000 rw-p 00000000 00:00 0 
69c5c000-69d07000 r-xp 00000000 08:06 1706206    /usr/lib/i386-linux-gnu/libgdk-x11-2.0.so.0.2400.17
69d07000-69d09000 r--p 000ab000 08:06 1706206    /usr/lib/i386-linux-gnu/libgdk-x11-2.0.so.0.2400.17
69d09000-69d0a000 rw-p 000ad000 08:06 1706206    /usr/lib/i386-linux-gnu/libgdk-x11-2.0.so.0.2400.17
69d0a000-6a16b000 r-xp 00000000 08:06 1706364    /usr/lib/i386-linux-gnu/libgtk-x11-2.0.so.0.2400.17
6a16b000-6a16f000 r--p 00461000 08:06 1706364    /usr/lib/i386-linux-gnu/libgtk-x11-2.0.so.0.2400.17
6a16f000-6a171000 rw-p 00465000 08:06 1706364    /usr/lib/i386-linux-gnu/libgtk-x11-2.0.so.0.2400.17
6a171000-6a173000 rw-p 00000000 00:00 0 
6a173000-6a2a6000 r-xp 00000000 08:06 1706796    /usr/lib/i386-linux-gnu/libX11.so.6.3.0
6a2a6000-6a2a7000 r--p 00132000 08:06 1706796    /usr/lib/i386-linux-gnu/libX11.so.6.3.0
6a2a7000-6a2aa000 rw-p 00133000 08:06 1706796    /usr/lib/i386-linux-gnu/libX11.so.6.3.0
6a2aa000-6a2fc000 r-xp 00000000 08:06 1708686    /usr/lib/jvm/java-7-openjdk-i386/jre/lib/i386/xawt/libmawt.so
6a2fc000-6a2fd000 r--p 00051000 08:06 1708686    /usr/lib/jvm/java-7-openjdk-i386/jre/lib/i386/xawt/libmawt.so
6a2fd000-6a2ff000 rw-p 00052000 08:06 1708686    /usr/lib/jvm/java-7-openjdk-i386/jre/lib/i386/xawt/libmawt.so
6a2ff000-6a300000 rw-p 00000000 00:00 0 
6a300000-6a400000 rw-p 00000000 00:00 0 
6a400000-6a401000 r--s 00000000 08:06 938725     /var/cache/fontconfig/94f7fe9bd33aadfac165873bd010d595-le32d4.cache-3
6a401000-6a403000 r-xp 00000000 08:06 1705887    /usr/lib/i386-linux-gnu/libXau.so.6.0.0
6a403000-6a404000 r--p 00001000 08:06 1705887    /usr/lib/i386-linux-gnu/libXau.so.6.0.0
6a404000-6a405000 rw-p 00002000 08:06 1705887    /usr/lib/i386-linux-gnu/libXau.so.6.0.0
6a405000-6a40e000 r-xp 00000000 08:06 1705918    /usr/lib/i386-linux-gnu/libXrandr.so.2.2.0
6a40e000-6a40f000 r--p 00008000 08:06 1705918    /usr/lib/i386-linux-gnu/libXrandr.so.2.2.0
6a40f000-6a410000 rw-p 00009000 08:06 1705918    /usr/lib/i386-linux-gnu/libXrandr.so.2.2.0
6a410000-6a41b000 r-xp 00000000 08:06 1706551    /usr/lib/i386-linux-gnu/libpangocairo-1.0.so.0.3200.5
6a41b000-6a41c000 r--p 0000a000 08:06 1706551    /usr/lib/i386-linux-gnu/libpangocairo-1.0.so.0.3200.5
6a41c000-6a41d000 rw-p 0000b000 08:06 1706551    /usr/lib/i386-linux-gnu/libpangocairo-1.0.so.0.3200.5
6a41d000-6a4af000 r-xp 00000000 08:06 1708643    /usr/lib/jvm/java-7-openjdk-i386/jre/lib/i386/libawt.so
6a4af000-6a4b0000 r--p 00091000 08:06 1708643    /usr/lib/jvm/java-7-openjdk-i386/jre/lib/i386/libawt.so
6a4b0000-6a4b7000 rw-p 00092000 08:06 1708643    /usr/lib/jvm/java-7-openjdk-i386/jre/lib/i386/libawt.so
6a4b7000-6a4db000 rw-p 00000000 00:00 0 
6a4db000-6a4dc000 ---p 00000000 00:00 0 
6a4dc000-6a55c000 rw-p 00000000 00:00 0          [stack:15408]
6a55c000-6a55f000 ---p 00000000 00:00 0 
6a55f000-6a5ad000 rw-p 00000000 00:00 0          [stack:15407]
6a5ad000-6a5b0000 ---p 00000000 00:00 0 
6a5b0000-6a62e000 rw-p 00000000 00:00 0          [stack:15406]
6a62e000-6a631000 ---p 00000000 00:00 0 
6a631000-6a6af000 rw-p 00000000 00:00 0          [stack:15405]
6a6af000-6a6b2000 ---p 00000000 00:00 0 
6a6b2000-6a700000 rw-p 00000000 00:00 0          [stack:15404]
6a700000-6a900000 r--p 00000000 08:06 1709808    /usr/lib/locale/locale-archive
6a900000-6a9fd000 rw-p 00000000 00:00 0 
6a9fd000-6aa00000 ---p 00000000 00:00 0 
6aa00000-6ab00000 rw-p 00000000 00:00 0 
6ab00000-6abf7000 rw-p 00000000 00:00 0 
6abf7000-6ac00000 ---p 00000000 00:00 0 
6ac00000-6ac02000 r-xp 00000000 08:06 1705896    /usr/lib/i386-linux-gnu/libXdamage.so.1.1.0
6ac02000-6ac03000 r--p 00001000 08:06 1705896    /usr/lib/i386-linux-gnu/libXdamage.so.1.1.0
6ac03000-6ac04000 rw-p 00002000 08:06 1705896    /usr/lib/i386-linux-gnu/libXdamage.so.1.1.0
6ac04000-6ac06000 r-xp 00000000 08:06 1705892    /usr/lib/i386-linux-gnu/libXcomposite.so.1.0.0
6ac06000-6ac07000 r--p 00001000 08:06 1705892    /usr/lib/i386-linux-gnu/libXcomposite.so.1.0.0
6ac07000-6ac08000 rw-p 00002000 08:06 1705892    /usr/lib/i386-linux-gnu/libXcomposite.so.1.0.0
6ac08000-6ac0a000 r-xp 00000000 08:06 1705908    /usr/lib/i386-linux-gnu/libXinerama.so.1.0.0
6ac0a000-6ac0b000 r--p 00001000 08:06 1705908    /usr/lib/i386-linux-gnu/libXinerama.so.1.0.0
6ac0b000-6ac0c000 rw-p 00002000 08:06 1705908    /usr/lib/i386-linux-gnu/libXinerama.so.1.0.0
6ac0c000-6ac1a000 r-xp 00000000 08:06 1705906    /usr/lib/i386-linux-gnu/libXi.so.6.1.0
6ac1a000-6ac1b000 r--p 0000d000 08:06 1705906    /usr/lib/i386-linux-gnu/libXi.so.6.1.0
6ac1b000-6ac1c000 rw-p 0000e000 08:06 1705906    /usr/lib/i386-linux-gnu/libXi.so.6.1.0
6ac1c000-6ac2c000 r-xp 00000000 08:06 1705900    /usr/lib/i386-linux-gnu/libXext.so.6.4.0
6ac2c000-6ac2d000 r--p 0000f000 08:06 1705900    /usr/lib/i386-linux-gnu/libXext.so.6.4.0
6ac2d000-6ac2e000 rw-p 00010000 08:06 1705900    /usr/lib/i386-linux-gnu/libXext.so.6.4.0
6ac2e000-6ac31000 ---p 00000000 00:00 0 
6ac31000-6ac7f000 rw-p 00000000 00:00 0          [stack:15403]
6ac7f000-6ac80000 ---p 00000000 00:00 0 
6ac80000-6ad00000 rw-p 00000000 00:00 0          [stack:15401]
6ad00000-6adff000 rw-p 00000000 00:00 0 
6adff000-6ae00000 ---p 00000000 00:00 0 
6ae00000-6ae05000 r-xp 00000000 08:06 1705902    /usr/lib/i386-linux-gnu/libXfixes.so.3.1.0
6ae05000-6ae06000 r--p 00004000 08:06 1705902    /usr/lib/i386-linux-gnu/libXfixes.so.3.1.0
6ae06000-6ae07000 rw-p 00005000 08:06 1705902    /usr/lib/i386-linux-gnu/libXfixes.so.3.1.0
6ae07000-6ae0f000 r-xp 00000000 08:06 1705920    /usr/lib/i386-linux-gnu/libXrender.so.1.3.0
6ae0f000-6ae10000 r--p 00007000 08:06 1705920    /usr/lib/i386-linux-gnu/libXrender.so.1.3.0
6ae10000-6ae11000 rw-p 00008000 08:06 1705920    /usr/lib/i386-linux-gnu/libXrender.so.1.3.0
6ae11000-6ae12000 r--s 00000000 08:06 938724     /var/cache/fontconfig/423767150eb258c59035de29db6fca84-le32d4.cache-3
6ae12000-6ae28000 r-xp 00000000 08:06 1708664    /usr/lib/jvm/java-7-openjdk-i386/jre/lib/i386/libnet.so
6ae28000-6ae29000 r--p 00015000 08:06 1708664    /usr/lib/jvm/java-7-openjdk-i386/jre/lib/i386/libnet.so
6ae29000-6ae2a000 rw-p 00016000 08:06 1708664    /usr/lib/jvm/java-7-openjdk-i386/jre/lib/i386/libnet.so
6ae2a000-6ae35000 r--s 001fb000 08:06 1708529    /usr/lib/jvm/java-7-openjdk-common/jre/lib/charsets.jar
6ae35000-6afe2000 r--s 01cde000 08:06 1708621    /usr/lib/jvm/java-7-openjdk-i386/jre/lib/rt.jar
6afe2000-6dd00000 rw-p 00000000 00:00 0 
6dd00000-6ddfd000 rw-p 00000000 00:00 0 
6ddfd000-6de00000 ---p 00000000 00:00 0 
6de00000-6de02000 r--s 00000000 08:06 936655     /var/cache/fontconfig/67709b7835c0f764c1135060c9575660-le32d4.cache-3
6de02000-6de05000 r-xp 00000000 08:06 1706237    /usr/lib/i386-linux-gnu/libgmodule-2.0.so.0.3600.0
6de05000-6de06000 r--p 00002000 08:06 1706237    /usr/lib/i386-linux-gnu/libgmodule-2.0.so.0.3600.0
6de06000-6de07000 rw-p 00003000 08:06 1706237    /usr/lib/i386-linux-gnu/libgmodule-2.0.so.0.3600.0
6de07000-6de10000 r--s 000bc000 08:06 1708538    /usr/lib/jvm/java-7-openjdk-common/jre/lib/resources.jar
6de10000-6de1b000 r--s 001fb000 08:06 1708529    /usr/lib/jvm/java-7-openjdk-common/jre/lib/charsets.jar
6de1b000-6de2e000 r--s 00179000 08:06 1724490    /home/gene/Downloads/ll/vlcj-2.4.1/vlcj-2.4.1-javadoc.jar
6de2e000-6de31000 ---p 00000000 00:00 0 
6de31000-6de7f000 rw-p 00000000 00:00 0          [stack:15402]
6de7f000-6de80000 ---p 00000000 00:00 0 
6de80000-6df00000 rw-p 00000000 00:00 0          [stack:15400]
6df00000-6df21000 rw-p 00000000 00:00 0 
6df21000-6e000000 ---p 00000000 00:00 0 
6e000000-6e021000 rw-p 00000000 00:00 0 
6e021000-6e100000 ---p 00000000 00:00 0 
6e100000-6e101000 r--s 00000000 08:06 938723     /var/cache/fontconfig/406a1d2d2bf3ed7664fbadefac0b2f66-le32d4.cache-3
6e101000-6e106000 r-xp 00000000 08:06 1705926    /usr/lib/i386-linux-gnu/libXtst.so.6.1.0
6e106000-6e107000 r--p 00004000 08:06 1705926    /usr/lib/i386-linux-gnu/libXtst.so.6.1.0
6e107000-6e108000 rw-p 00005000 08:06 1705926    /usr/lib/i386-linux-gnu/libXtst.so.6.1.0
6e108000-6e112000 r--s 00053000 08:06 1724519    /home/gene/Downloads/ll/vlcj-2.4.1/vlcj-2.4.1-tests.jar
6e112000-6e119000 r--s 00094000 08:06 1784822    /home/gene/netbeans-7.3.1/java/modules/ext/beansbinding-1.2.1.jar
6e119000-6e128000 r--s 00115000 08:06 1724216    /home/gene/Downloads/ll/vlcj-2.4.1/platform-3.5.2.jar
6e128000-6e137000 r--s 000d3000 08:06 1786959    /home/gene/Downloads/jaudiotagger-2.2.0-20130321.142353-1.jar
6e137000-6e17f000 rw-p 00000000 00:00 0 
6e17f000-6e180000 ---p 00000000 00:00 0 
6e180000-6e200000 rw-p 00000000 00:00 0          [stack:15399]
6e200000-6e254000 rw-p 00000000 00:00 0 
6e254000-6e300000 ---p 00000000 00:00 0 
6e300000-6e301000 r--s 00000000 08:06 936109     /var/cache/fontconfig/0c9eb80ebd1c36541ebe2852d3bb0c49-le32d4.cache-3
6e301000-6e30b000 r--s 0004b000 08:06 1724492    /home/gene/Downloads/ll/vlcj-2.4.1/vlcj-2.4.1.jar
6e30b000-6e323000 r--s 001b9000 08:06 1779640    /home/gene/lab/music/playmp3/jmf.jar
6e323000-6e324000 ---p 00000000 00:00 0 
6e324000-6e3a4000 rw-p 00000000 00:00 0          [stack:15398]
6e3a4000-6e3a5000 ---p 00000000 00:00 0 
6e3a5000-6e42d000 rw-p 00000000 00:00 0          [stack:15397]
6e42d000-6e465000 rw-p 00000000 00:00 0 
6e465000-6e47a000 rw-p 00000000 00:00 0 
6e47a000-6e5a9000 rw-p 00000000 00:00 0 
6e5a9000-6e5b1000 rw-p 00000000 00:00 0 
6e5b1000-6e5e9000 rw-p 00000000 00:00 0 
6e5e9000-6e5fe000 rw-p 00000000 00:00 0 
6e5fe000-6e72d000 rw-p 00000000 00:00 0 
6e72d000-6e745000 rw-p 00000000 00:00 0 
6e745000-6e74b000 ---p 00000000 00:00 0 
6e74b000-6e7cf000 rw-p 00000000 00:00 0 
6e7cf000-6f7d0000 rw-p 00000000 00:00 0 
6f7d0000-767d0000 rw-p 00000000 00:00 0 
767d0000-79050000 rw-p 00000000 00:00 0 
79050000-9efd0000 rw-p 00000000 00:00 0 
9efd0000-a1f60000 rw-p 00000000 00:00 0 
a1f60000-a2a00000 ---p 00000000 00:00 0 
a2a00000-b33d0000 rw-p 00000000 00:00 0 
b33d0000-b33d1000 r--s 00000000 08:06 936124     /var/cache/fontconfig/62f91419b9ebdb6975e7e41ab6412357-le32d4.cache-3
b33d1000-b33d2000 r-xp 00000000 08:06 1706360    /usr/lib/i386-linux-gnu/libgthread-2.0.so.0.3600.0
b33d2000-b33d3000 r--p 00000000 08:06 1706360    /usr/lib/i386-linux-gnu/libgthread-2.0.so.0.3600.0
b33d3000-b33d4000 rw-p 00001000 08:06 1706360    /usr/lib/i386-linux-gnu/libgthread-2.0.so.0.3600.0
b33d4000-b33d7000 r--s 000a6000 08:06 1724183    /home/gene/Downloads/ll/vlcj-2.4.1/jna-3.5.2.jar
b33d7000-b33da000 r--s 00027000 08:06 1798650    /home/gene/Downloads/rs2xml.jar
b33da000-b33dc000 r--s 00380000 08:06 1795454    /home/gene/Downloads/sqlite-jdbc-3.7.15-M1.jar
b33dc000-b33e5000 rw-p 00000000 00:00 0 
b33e5000-b349c000 rw-p 00000000 00:00 0 
b349c000-b36dc000 rwxp 00000000 00:00 0 
b36dc000-b649c000 rw-p 00000000 00:00 0 
b649c000-b64a7000 r-xp 00000000 08:06 262543     /lib/i386-linux-gnu/libnss_files-2.17.so
b64a7000-b64a8000 r--p 0000a000 08:06 262543     /lib/i386-linux-gnu/libnss_files-2.17.so
b64a8000-b64a9000 rw-p 0000b000 08:06 262543     /lib/i386-linux-gnu/libnss_files-2.17.so
b64a9000-b64b3000 r-xp 00000000 08:06 262548     /lib/i386-linux-gnu/libnss_nis-2.17.so
b64b3000-b64b4000 r--p 00009000 08:06 262548     /lib/i386-linux-gnu/libnss_nis-2.17.so
b64b4000-b64b5000 rw-p 0000a000 08:06 262548     /lib/i386-linux-gnu/libnss_nis-2.17.so
b64b5000-b64ca000 r-xp 00000000 08:06 262537     /lib/i386-linux-gnu/libnsl-2.17.so
b64ca000-b64cb000 r--p 00014000 08:06 262537     /lib/i386-linux-gnu/libnsl-2.17.so
b64cb000-b64cc000 rw-p 00015000 08:06 262537     /lib/i386-linux-gnu/libnsl-2.17.so
b64cc000-b64ce000 rw-p 00000000 00:00 0 
b64ce000-b64d5000 r-xp 00000000 08:06 262539     /lib/i386-linux-gnu/libnss_compat-2.17.so
b64d5000-b64d6000 r--p 00006000 08:06 262539     /lib/i386-linux-gnu/libnss_compat-2.17.so
b64d6000-b64d7000 rw-p 00007000 08:06 262539     /lib/i386-linux-gnu/libnss_compat-2.17.so
b64d7000-b64fe000 r-xp 00000000 08:06 1708652    /usr/lib/jvm/java-7-openjdk-i386/jre/lib/i386/libjava.so
b64fe000-b64ff000 r--p 00026000 08:06 1708652    /usr/lib/jvm/java-7-openjdk-i386/jre/lib/i386/libjava.so
b64ff000-b6500000 rw-p 00027000 08:06 1708652    /usr/lib/jvm/java-7-openjdk-i386/jre/lib/i386/libjava.so
b6500000-b65fc000 rw-p 00000000 00:00 0 
b65fc000-b6600000 ---p 00000000 00:00 0 
b6600000-b6601000 r--s 00000000 08:06 938994     /var/cache/fontconfig/e0aa53bcfa504e64f87823c16bc01eb6-le32d4.cache-3
b6601000-b6602000 r--s 00014000 08:06 1795668    /home/gene/lab/music/playmp3/mp3plugin.jar
b6602000-b6604000 r--s 00006000 08:06 137009     /usr/share/java/java-atk-wrapper.jar
b6604000-b6605000 r--s 00002000 08:06 1708545    /usr/lib/jvm/java-7-openjdk-common/jre/lib/ext/dnsns.jar
b6605000-b6608000 r--s 0000f000 08:06 1708547    /usr/lib/jvm/java-7-openjdk-common/jre/lib/ext/pulse-java.jar
b6608000-b660c000 r--s 00085000 08:06 1708546    /usr/lib/jvm/java-7-openjdk-common/jre/lib/ext/localedata.jar
b660c000-b660e000 r--s 00012000 08:06 1708550    /usr/lib/jvm/java-7-openjdk-common/jre/lib/ext/zipfs.jar
b660e000-b6611000 r--s 00032000 08:06 1708548    /usr/lib/jvm/java-7-openjdk-common/jre/lib/ext/sunjce_provider.jar
b6611000-b6614000 r--s 0003c000 08:06 1708549    /usr/lib/jvm/java-7-openjdk-common/jre/lib/ext/sunpkcs11.jar
b6614000-b6615000 r--p 005db000 08:06 1709808    /usr/lib/locale/locale-archive
b6615000-b661d000 r-xp 00000000 08:06 1708674    /usr/lib/jvm/java-7-openjdk-i386/jre/lib/i386/libzip.so
b661d000-b661e000 r--p 00007000 08:06 1708674    /usr/lib/jvm/java-7-openjdk-i386/jre/lib/i386/libzip.so
b661e000-b661f000 rw-p 00008000 08:06 1708674    /usr/lib/jvm/java-7-openjdk-i386/jre/lib/i386/libzip.so
b661f000-b6626000 r-xp 00000000 08:06 262591     /lib/i386-linux-gnu/librt-2.17.so
b6626000-b6627000 r--p 00006000 08:06 262591     /lib/i386-linux-gnu/librt-2.17.so
b6627000-b6628000 rw-p 00007000 08:06 262591     /lib/i386-linux-gnu/librt-2.17.so
b6628000-b662b000 ---p 00000000 00:00 0 
b662b000-b6679000 rw-p 00000000 00:00 0          [stack:15396]
b6679000-b6694000 r-xp 00000000 08:06 262495     /lib/i386-linux-gnu/libgcc_s.so.1
b6694000-b6695000 r--p 0001a000 08:06 262495     /lib/i386-linux-gnu/libgcc_s.so.1
b6695000-b6696000 rw-p 0001b000 08:06 262495     /lib/i386-linux-gnu/libgcc_s.so.1
b6696000-b66d7000 r-xp 00000000 08:06 262518     /lib/i386-linux-gnu/libm-2.17.so
b66d7000-b66d8000 r--p 00040000 08:06 262518     /lib/i386-linux-gnu/libm-2.17.so
b66d8000-b66d9000 rw-p 00041000 08:06 262518     /lib/i386-linux-gnu/libm-2.17.so
b66d9000-b67b5000 r-xp 00000000 08:06 1706691    /usr/lib/i386-linux-gnu/libstdc++.so.6.0.17
b67b5000-b67b6000 ---p 000dc000 08:06 1706691    /usr/lib/i386-linux-gnu/libstdc++.so.6.0.17
b67b6000-b67ba000 r--p 000dc000 08:06 1706691    /usr/lib/i386-linux-gnu/libstdc++.so.6.0.17
b67ba000-b67bb000 rw-p 000e0000 08:06 1706691    /usr/lib/i386-linux-gnu/libstdc++.so.6.0.17
b67bb000-b67c2000 rw-p 00000000 00:00 0 
b67c2000-b70b7000 r-xp 00000000 08:06 1708685    /usr/lib/jvm/java-7-openjdk-i386/jre/lib/i386/server/libjvm.so
b70b7000-b70fe000 r--p 008f4000 08:06 1708685    /usr/lib/jvm/java-7-openjdk-i386/jre/lib/i386/server/libjvm.so
b70fe000-b7112000 rw-p 0093b000 08:06 1708685    /usr/lib/jvm/java-7-openjdk-i386/jre/lib/i386/server/libjvm.so
b7112000-b7530000 rw-p 00000000 00:00 0 
b7530000-b7547000 r-xp 00000000 08:06 262624     /lib/i386-linux-gnu/libz.so.1.2.7
b7547000-b7548000 r--p 00016000 08:06 262624     /lib/i386-linux-gnu/libz.so.1.2.7
b7548000-b7549000 rw-p 00017000 08:06 262624     /lib/i386-linux-gnu/libz.so.1.2.7
b7549000-b7560000 r-xp 00000000 08:06 262583     /lib/i386-linux-gnu/libpthread-2.17.so
b7560000-b7561000 r--p 00016000 08:06 262583     /lib/i386-linux-gnu/libpthread-2.17.so
b7561000-b7562000 rw-p 00017000 08:06 262583     /lib/i386-linux-gnu/libpthread-2.17.so
b7562000-b7564000 rw-p 00000000 00:00 0 
b7564000-b7567000 r-xp 00000000 08:06 262485     /lib/i386-linux-gnu/libdl-2.17.so
b7567000-b7568000 r--p 00002000 08:06 262485     /lib/i386-linux-gnu/libdl-2.17.so
b7568000-b7569000 rw-p 00003000 08:06 262485     /lib/i386-linux-gnu/libdl-2.17.so
b7569000-b7716000 r-xp 00000000 08:06 262470     /lib/i386-linux-gnu/libc-2.17.so
b7716000-b7718000 r--p 001ad000 08:06 262470     /lib/i386-linux-gnu/libc-2.17.so
b7718000-b7719000 rw-p 001af000 08:06 262470     /lib/i386-linux-gnu/libc-2.17.so
b7719000-b771c000 rw-p 00000000 00:00 0 
b771c000-b7724000 rw-s 00000000 08:06 1441574    /tmp/hsperfdata_gene/15391
b7724000-b7725000 rw-p 00000000 00:00 0 
b7725000-b7726000 r--p 00000000 00:00 0 
b7726000-b7733000 r-xp 00000000 08:06 1708673    /usr/lib/jvm/java-7-openjdk-i386/jre/lib/i386/libverify.so
b7733000-b7734000 r--p 0000d000 08:06 1708673    /usr/lib/jvm/java-7-openjdk-i386/jre/lib/i386/libverify.so
b7734000-b7735000 rw-p 0000e000 08:06 1708673    /usr/lib/jvm/java-7-openjdk-i386/jre/lib/i386/libverify.so
b7735000-b7742000 r-xp 00000000 08:06 1708681    /usr/lib/jvm/java-7-openjdk-i386/jre/lib/i386/jli/libjli.so
b7742000-b7743000 r--p 0000c000 08:06 1708681    /usr/lib/jvm/java-7-openjdk-i386/jre/lib/i386/jli/libjli.so
b7743000-b7744000 rw-p 0000d000 08:06 1708681    /usr/lib/jvm/java-7-openjdk-i386/jre/lib/i386/jli/libjli.so
b7744000-b7747000 rw-p 00000000 00:00 0 
b7747000-b7748000 r-xp 00000000 00:00 0          [vdso]
b7748000-b7768000 r-xp 00000000 08:06 262446     /lib/i386-linux-gnu/ld-2.17.so
b7768000-b7769000 r--p 0001f000 08:06 262446     /lib/i386-linux-gnu/ld-2.17.so
b7769000-b776a000 rw-p 00020000 08:06 262446     /lib/i386-linux-gnu/ld-2.17.so
bf9f7000-bfa18000 rw-p 00000000 00:00 0          [stack]

VM Arguments:
jvm_args: -Dfile.encoding=UTF-8 
java_command: musicplayer.Musicplayer
Launcher Type: SUN_STANDARD

Environment Variables:
PATH=/usr/local/sbin:/usr/local/bin:/usr/sbin:/usr/bin:/sbin:/bin:/usr/games:/usr/local/games
USERNAME=gene
LD_LIBRARY_PATH=/usr/lib/jvm/default-java/jre/lib/amd64:/usr/lib/jvm/default-java/jre/lib/i386:
SHELL=/bin/bash
DISPLAY=:0

Signal Handlers:
SIGSEGV: [libjvm.so+0x7598c0], sa_mask[0]=0x7ffbfeff, sa_flags=0x10000004
SIGBUS: [libjvm.so+0x7598c0], sa_mask[0]=0x7ffbfeff, sa_flags=0x10000004
SIGFPE: [libjvm.so+0x5f54f0], sa_mask[0]=0x7ffbfeff, sa_flags=0x10000004
SIGPIPE: [libjvm.so+0x5f54f0], sa_mask[0]=0x7ffbfeff, sa_flags=0x10000004
SIGXFSZ: [libjvm.so+0x5f54f0], sa_mask[0]=0x7ffbfeff, sa_flags=0x10000004
SIGILL: [libjvm.so+0x5f54f0], sa_mask[0]=0x7ffbfeff, sa_flags=0x10000004
SIGUSR1: SIG_DFL, sa_mask[0]=0x00000000, sa_flags=0x00000000
SIGUSR2: [libjvm.so+0x5f53a0], sa_mask[0]=0x00000004, sa_flags=0x10000004
SIGHUP: [libjvm.so+0x5f5930], sa_mask[0]=0x7ffbfeff, sa_flags=0x10000004
SIGINT: SIG_IGN, sa_mask[0]=0x00000000, sa_flags=0x00000000
SIGTERM: [libjvm.so+0x5f5930], sa_mask[0]=0x7ffbfeff, sa_flags=0x10000004
SIGQUIT: [libjvm.so+0x5f5930], sa_mask[0]=0x7ffbfeff, sa_flags=0x10000004


---------------  S Y S T E M  ---------------

OS:Ubuntu 13.04 (raring)
uname:Linux 3.8.0-19-generic #29-Ubuntu SMP Wed Apr 17 18:19:42 UTC 2013 i686
libc:glibc 2.17 NPTL 2.17 
rlimit: STACK 8192k, CORE 0k, NPROC 30928, NOFILE 4096, AS infinity
load average:1.29 0.78 0.54

/proc/meminfo:
MemTotal:        3975340 kB
MemFree:          323240 kB
Buffers:          662300 kB
Cached:          1803616 kB
SwapCached:            0 kB
Active:          1630052 kB
Inactive:        1883384 kB
Active(anon):    1015860 kB
Inactive(anon):   192656 kB
Active(file):     614192 kB
Inactive(file):  1690728 kB
Unevictable:           0 kB
Mlocked:               0 kB
HighTotal:       3125056 kB
HighFree:         254952 kB
LowTotal:         850284 kB
LowFree:           68288 kB
SwapTotal:       2047996 kB
SwapFree:        2047996 kB
Dirty:               608 kB
Writeback:             0 kB
AnonPages:       1047492 kB
Mapped:           147364 kB
Shmem:            160988 kB
Slab:             103720 kB
SReclaimable:      80628 kB
SUnreclaim:        23092 kB
KernelStack:        3600 kB
PageTables:         8136 kB
NFS_Unstable:          0 kB
Bounce:                0 kB
WritebackTmp:          0 kB
CommitLimit:     4035664 kB
Committed_AS:    3028600 kB
VmallocTotal:     122880 kB
VmallocUsed:       20008 kB
VmallocChunk:      89160 kB
HardwareCorrupted:     0 kB
AnonHugePages:         0 kB
HugePages_Total:       0
HugePages_Free:        0
HugePages_Rsvd:        0
HugePages_Surp:        0
Hugepagesize:       2048 kB
DirectMap4k:       10232 kB
DirectMap2M:      903168 kB


CPU:total 4 (2 cores per cpu, 2 threads per core) family 6 model 42 stepping 7, cmov, cx8, fxsr, mmx, sse, sse2, sse3, ssse3, sse4.1, sse4.2, popcnt, avx, ht, tsc, tscinvbit

/proc/cpuinfo:
processor	: 0
vendor_id	: GenuineIntel
cpu family	: 6
model		: 42
model name	: Intel(R) Core(TM) i3-2370M CPU @ 2.40GHz
stepping	: 7
microcode	: 0x25
cpu MHz		: 800.000
cache size	: 3072 KB
physical id	: 0
siblings	: 4
core id		: 0
cpu cores	: 2
apicid		: 0
initial apicid	: 0
fdiv_bug	: no
hlt_bug		: no
f00f_bug	: no
coma_bug	: no
fpu		: yes
fpu_exception	: yes
cpuid level	: 13
wp		: yes
flags		: fpu vme de pse tsc msr pae mce cx8 apic sep mtrr pge mca cmov pat pse36 clflush dts acpi mmx fxsr sse sse2 ss ht tm pbe nx rdtscp lm constant_tsc arch_perfmon pebs bts xtopology nonstop_tsc aperfmperf eagerfpu pni pclmulqdq dtes64 monitor ds_cpl vmx est tm2 ssse3 cx16 xtpr pdcm pcid sse4_1 sse4_2 x2apic popcnt tsc_deadline_timer xsave avx lahf_lm arat epb xsaveopt pln pts dtherm tpr_shadow vnmi flexpriority ept vpid
bogomips	: 4788.77
clflush size	: 64
cache_alignment	: 64
address sizes	: 36 bits physical, 48 bits virtual
power management:

processor	: 1
vendor_id	: GenuineIntel
cpu family	: 6
model		: 42
model name	: Intel(R) Core(TM) i3-2370M CPU @ 2.40GHz
stepping	: 7
microcode	: 0x25
cpu MHz		: 800.000
cache size	: 3072 KB
physical id	: 0
siblings	: 4
core id		: 0
cpu cores	: 2
apicid		: 1
initial apicid	: 1
fdiv_bug	: no
hlt_bug		: no
f00f_bug	: no
coma_bug	: no
fpu		: yes
fpu_exception	: yes
cpuid level	: 13
wp		: yes
flags		: fpu vme de pse tsc msr pae mce cx8 apic sep mtrr pge mca cmov pat pse36 clflush dts acpi mmx fxsr sse sse2 ss ht tm pbe nx rdtscp lm constant_tsc arch_perfmon pebs bts xtopology nonstop_tsc aperfmperf eagerfpu pni pclmulqdq dtes64 monitor ds_cpl vmx est tm2 ssse3 cx16 xtpr pdcm pcid sse4_1 sse4_2 x2apic popcnt tsc_deadline_timer xsave avx lahf_lm arat epb xsaveopt pln pts dtherm tpr_shadow vnmi flexpriority ept vpid
bogomips	: 4788.77
clflush size	: 64
cache_alignment	: 64
address sizes	: 36 bits physical, 48 bits virtual
power management:

processor	: 2
vendor_id	: GenuineIntel
cpu family	: 6
model		: 42
model name	: Intel(R) Core(TM) i3-2370M CPU @ 2.40GHz
stepping	: 7
microcode	: 0x25
cpu MHz		: 2400.000
cache size	: 3072 KB
physical id	: 0
siblings	: 4
core id		: 1
cpu cores	: 2
apicid		: 2
initial apicid	: 2
fdiv_bug	: no
hlt_bug		: no
f00f_bug	: no
coma_bug	: no
fpu		: yes
fpu_exception	: yes
cpuid level	: 13
wp		: yes
flags		: fpu vme de pse tsc msr pae mce cx8 apic sep mtrr pge mca cmov pat pse36 clflush dts acpi mmx fxsr sse sse2 ss ht tm pbe nx rdtscp lm constant_tsc arch_perfmon pebs bts xtopology nonstop_tsc aperfmperf eagerfpu pni pclmulqdq dtes64 monitor ds_cpl vmx est tm2 ssse3 cx16 xtpr pdcm pcid sse4_1 sse4_2 x2apic popcnt tsc_deadline_timer xsave avx lahf_lm arat epb xsaveopt pln pts dtherm tpr_shadow vnmi flexpriority ept vpid
bogomips	: 4788.77
clflush size	: 64
cache_alignment	: 64
address sizes	: 36 bits physical, 48 bits virtual
power management:

processor	: 3
vendor_id	: GenuineIntel
cpu family	: 6
model		: 42
model name	: Intel(R) Core(TM) i3-2370M CPU @ 2.40GHz
stepping	: 7
microcode	: 0x25
cpu MHz		: 2400.000
cache size	: 3072 KB
physical id	: 0
siblings	: 4
core id		: 1
cpu cores	: 2
apicid		: 3
initial apicid	: 3
fdiv_bug	: no
hlt_bug		: no
f00f_bug	: no
coma_bug	: no
fpu		: yes
fpu_exception	: yes
cpuid level	: 13
wp		: yes
flags		: fpu vme de pse tsc msr pae mce cx8 apic sep mtrr pge mca cmov pat pse36 clflush dts acpi mmx fxsr sse sse2 ss ht tm pbe nx rdtscp lm constant_tsc arch_perfmon pebs bts xtopology nonstop_tsc aperfmperf eagerfpu pni pclmulqdq dtes64 monitor ds_cpl vmx est tm2 ssse3 cx16 xtpr pdcm pcid sse4_1 sse4_2 x2apic popcnt tsc_deadline_timer xsave avx lahf_lm arat epb xsaveopt pln pts dtherm tpr_shadow vnmi flexpriority ept vpid
bogomips	: 4788.77
clflush size	: 64
cache_alignment	: 64
address sizes	: 36 bits physical, 48 bits virtual
power management:



Memory: 4k page, physical 3975340k(323240k free), swap 2047996k(2047996k free)

vm_info: OpenJDK Server VM (23.7-b01) for linux-x86 JRE (1.7.0_21-b02), built on Apr 22 2013 07:41:32 by "buildd" with gcc 4.7.3

time: Thu Oct 31 17:37:52 2013
elapsed time: 61 seconds

