#
# A fatal error has been detected by the Java Runtime Environment:
#
#  SIGSEGV (0xb) at pc=0xb764cf98, pid=17452, tid=1729100608
#
# JRE version: 7.0_21-b02
# Java VM: OpenJDK Server VM (23.7-b01 mixed mode linux-x86 )
# Problematic frame:
# C  [libc.so.6+0x12ef98]  _IO_file_underflow+0x68
#
# Failed to write core dump. Core dumps have been disabled. To enable core dumping, try "ulimit -c unlimited" before starting Java again
#
# If you would like to submit a bug report, please include
# instructions on how to reproduce the bug and visit:
#   https://bugs.launchpad.net/ubuntu/+source/openjdk-7/
#

---------------  T H R E A D  ---------------

Current thread is native thread

siginfo:si_signo=SIGSEGV: si_errno=0, si_code=1 (SEGV_MAPERR), si_addr=0x00000037

Registers:
EAX=0x67a05000, EBX=0xb76cd000, ECX=0xffffffff, EDX=0x00001000
ESP=0x670fcda0, EBP=0x00000001, ESI=0x6dc68140, EDI=0x670ffb40
EIP=0xb764cf98, EFLAGS=0x00210206, CR2=0x00000037

Top of Stack: (sp=0x670fcda0)
0x670fcda0:   6dc68140 67a05000 00001000 b76cd000
0x670fcdb0:   6dc68140 b76cd000 6dc68140 b7591da9
0x670fcdc0:   6dc68140 b758457a b76cd000 b76cd000
0x670fcdd0:   6dc68140 670ffb40 6dc68140 b7591bdb
0x670fcde0:   6dc68140 ffffffff 630e0649 630ff000
0x670fcdf0:   b75845d7 b76cd000 6dc68140 b7587ebc
0x670fce00:   6dc68140 630f622a 00000001 630ff000
0x670fce10:   630ff000 6dc61b10 6dc61a48 630e9d8c 

Instructions: (pc=0xb764cf98)
0xb764cf78:   4c 89 46 04 29 c2 89 46 0c 89 46 08 89 46 18 89
0xb764cf88:   46 14 89 46 10 89 54 24 08 89 44 24 04 89 34 24
0xb764cf98:   ff 51 38 83 f8 00 7e 38 8b 56 40 01 46 08 83 fa
0xb764cfa8:   ff 74 05 01 d0 89 46 40 8b 46 04 0f b6 00 83 c4 

Register to memory mapping:

EAX=0x67a05000 is an unknown value
EBX=0xb76cd000: <offset 0x1af000> in /lib/i386-linux-gnu/libc.so.6 at 0xb751e000
ECX=0xffffffff is an unknown value
EDX=0x00001000 is an unknown value
ESP=0x670fcda0 is an unknown value
EBP=0x00000001 is an unknown value
ESI=0x6dc68140 is an unknown value
EDI=0x670ffb40 is an unknown value


Stack: [0x6707f000,0x67100000],  sp=0x670fcda0,  free space=503k
Native frames: (J=compiled Java code, j=interpreted, Vv=VM code, C=native code)
C  [libc.so.6+0x12ef98]  _IO_file_underflow+0x68


---------------  P R O C E S S  ---------------

VM state:not at safepoint (normal execution)

VM Mutex/Monitor currently owned by a thread: None

Heap
 PSYoungGen      total 25024K, used 8010K [0x9ef40000, 0xa15d0000, 0xb3340000)
  eden space 10944K, 70% used [0x9ef40000,0x9f6cd790,0x9f9f0000)
  from space 14080K, 1% used [0xa07e0000,0xa0825150,0xa15a0000)
  to   space 14272K, 0% used [0x9f9f0000,0x9f9f0000,0xa07e0000)
 ParOldGen       total 41472K, used 32292K [0x76740000, 0x78fc0000, 0x9ef40000)
  object space 41472K, 77% used [0x76740000,0x786c93e0,0x78fc0000)
 PSPermGen       total 16384K, used 15113K [0x6e740000, 0x6f740000, 0x76740000)
  object space 16384K, 92% used [0x6e740000,0x6f602538,0x6f740000)

Card table byte_map: [0x6e519000,0x6e740000] byte_map_base: 0x6e1a5600

Polling page: 0xb76da000

Code Cache  [0xb3400000, 0xb3640000, 0xb6400000)
 total_blobs=844 nmethods=572 adapters=223 free_code_cache=47811Kb largest_free_block=48922560

Compilation events (10 events):
Event: 571.170 Thread 0x6acfc800  610             javax.swing.JTable::getRowSelectionAllowed (5 bytes)
Event: 571.171 Thread 0x6acfc800 nmethod 610 0xb352b988 code [0xb352ba60, 0xb352bab0]
Event: 571.687 Thread 0x6acfe800  611             javax.swing.RepaintManager::isDoubleBufferingEnabled (5 bytes)
Event: 571.688 Thread 0x6acfe800 nmethod 611 0xb352b808 code [0xb352b8e0, 0xb352b930]
Event: 572.436 Thread 0x6acfc800  612             java.lang.ref.Finalizer::register (10 bytes)
Event: 572.436 Thread 0x6acfe800  613             java.lang.ref.Finalizer::<init> (23 bytes)
Event: 572.438 Thread 0x6acfe800 nmethod 613 0xb352b408 code [0xb352b520, 0xb352b750]
Event: 572.438 Thread 0x6acfe800  614   !         java.lang.ref.Finalizer::add (41 bytes)
Event: 572.439 Thread 0x6acfc800 nmethod 612 0xb352af48 code [0xb352b080, 0xb352b2f0]
Event: 572.440 Thread 0x6acfe800 nmethod 614 0xb354df88 code [0xb354e0a0, 0xb354e290]

GC Heap History (10 events):
Event: 497.889 GC heap before
{Heap before GC invocations=8 (full 0):
 PSYoungGen      total 24000K, used 23345K [0x9ef40000, 0xa1240000, 0xb3340000)
  eden space 14336K, 100% used [0x9ef40000,0x9fd40000,0x9fd40000)
  from space 9664K, 93% used [0x9fd90000,0xa065c7d0,0xa0700000)
  to   space 10752K, 0% used [0xa07c0000,0xa07c0000,0xa1240000)
 ParOldGen       total 41472K, used 16080K [0x76740000, 0x78fc0000, 0x9ef40000)
  object space 41472K, 38% used [0x76740000,0x776f4108,0x78fc0000)
 PSPermGen       total 16384K, used 14698K [0x6e740000, 0x6f740000, 0x76740000)
  object space 16384K, 89% used [0x6e740000,0x6f59a8d0,0x6f740000)
Event: 497.900 GC heap after
Heap after GC invocations=8 (full 0):
 PSYoungGen      total 22464K, used 10746K [0x9ef40000, 0xa1710000, 0xb3340000)
  eden space 11712K, 0% used [0x9ef40000,0x9ef40000,0x9fab0000)
  from space 10752K, 99% used [0xa07c0000,0xa123e818,0xa1240000)
  to   space 13376K, 0% used [0x9fab0000,0x9fab0000,0xa07c0000)
 ParOldGen       total 41472K, used 18640K [0x76740000, 0x78fc0000, 0x9ef40000)
  object space 41472K, 44% used [0x76740000,0x77974098,0x78fc0000)
 PSPermGen       total 16384K, used 14698K [0x6e740000, 0x6f740000, 0x76740000)
  object space 16384K, 89% used [0x6e740000,0x6f59a8d0,0x6f740000)
}
Event: 554.821 GC heap before
{Heap before GC invocations=9 (full 0):
 PSYoungGen      total 22464K, used 22458K [0x9ef40000, 0xa1710000, 0xb3340000)
  eden space 11712K, 100% used [0x9ef40000,0x9fab0000,0x9fab0000)
  from space 10752K, 99% used [0xa07c0000,0xa123e818,0xa1240000)
  to   space 13376K, 0% used [0x9fab0000,0x9fab0000,0xa07c0000)
 ParOldGen       total 41472K, used 18640K [0x76740000, 0x78fc0000, 0x9ef40000)
  object space 41472K, 44% used [0x76740000,0x779740f0,0x78fc0000)
 PSPermGen       total 16384K, used 14790K [0x6e740000, 0x6f740000, 0x76740000)
  object space 16384K, 90% used [0x6e740000,0x6f5b1bc0,0x6f740000)
Event: 554.827 GC heap after
Heap after GC invocations=9 (full 0):
 PSYoungGen      total 24896K, used 9211K [0x9ef40000, 0xa1500000, 0xb3340000)
  eden space 11520K, 0% used [0x9ef40000,0x9ef40000,0x9fa80000)
  from space 13376K, 68% used [0x9fab0000,0xa03aef98,0xa07c0000)
  to   space 13568K, 0% used [0xa07c0000,0xa07c0000,0xa1500000)
 ParOldGen       total 41472K, used 23348K [0x76740000, 0x78fc0000, 0x9ef40000)
  object space 41472K, 56% used [0x76740000,0x77e0d330,0x78fc0000)
 PSPermGen       total 16384K, used 14790K [0x6e740000, 0x6f740000, 0x76740000)
  object space 16384K, 90% used [0x6e740000,0x6f5b1bc0,0x6f740000)
}
Event: 560.838 GC heap before
{Heap before GC invocations=10 (full 0):
 PSYoungGen      total 24896K, used 20731K [0x9ef40000, 0xa1500000, 0xb3340000)
  eden space 11520K, 100% used [0x9ef40000,0x9fa80000,0x9fa80000)
  from space 13376K, 68% used [0x9fab0000,0xa03aef98,0xa07c0000)
  to   space 13568K, 0% used [0xa07c0000,0xa07c0000,0xa1500000)
 ParOldGen       total 41472K, used 23352K [0x76740000, 0x78fc0000, 0x9ef40000)
  object space 41472K, 56% used [0x76740000,0x77e0e1a8,0x78fc0000)
 PSPermGen       total 16384K, used 14960K [0x6e740000, 0x6f740000, 0x76740000)
  object space 16384K, 91% used [0x6e740000,0x6f5dc090,0x6f740000)
Event: 560.846 GC heap after
Heap after GC invocations=10 (full 0):
 PSYoungGen      total 24832K, used 3230K [0x9ef40000, 0xa14f0000, 0xb3340000)
  eden space 11328K, 0% used [0x9ef40000,0x9ef40000,0x9fa50000)
  from space 13504K, 23% used [0xa07c0000,0xa0ae7a18,0xa14f0000)
  to   space 13632K, 0% used [0x9fa50000,0x9fa50000,0xa07a0000)
 ParOldGen       total 41472K, used 29184K [0x76740000, 0x78fc0000, 0x9ef40000)
  object space 41472K, 70% used [0x76740000,0x783c00a0,0x78fc0000)
 PSPermGen       total 16384K, used 14960K [0x6e740000, 0x6f740000, 0x76740000)
  object space 16384K, 91% used [0x6e740000,0x6f5dc090,0x6f740000)
}
Event: 566.651 GC heap before
{Heap before GC invocations=11 (full 0):
 PSYoungGen      total 24832K, used 14558K [0x9ef40000, 0xa14f0000, 0xb3340000)
  eden space 11328K, 100% used [0x9ef40000,0x9fa50000,0x9fa50000)
  from space 13504K, 23% used [0xa07c0000,0xa0ae7a18,0xa14f0000)
  to   space 13632K, 0% used [0x9fa50000,0x9fa50000,0xa07a0000)
 ParOldGen       total 41472K, used 29184K [0x76740000, 0x78fc0000, 0x9ef40000)
  object space 41472K, 70% used [0x76740000,0x783c00a0,0x78fc0000)
 PSPermGen       total 16384K, used 15065K [0x6e740000, 0x6f740000, 0x76740000)
  object space 16384K, 91% used [0x6e740000,0x6f5f6748,0x6f740000)
Event: 566.656 GC heap after
Heap after GC invocations=11 (full 0):
 PSYoungGen      total 24768K, used 269K [0x9ef40000, 0xa15a0000, 0xb3340000)
  eden space 11136K, 0% used [0x9ef40000,0x9ef40000,0x9fa20000)
  from space 13632K, 1% used [0x9fa50000,0x9fa935b0,0xa07a0000)
  to   space 14080K, 0% used [0xa07e0000,0xa07e0000,0xa15a0000)
 ParOldGen       total 41472K, used 32230K [0x76740000, 0x78fc0000, 0x9ef40000)
  object space 41472K, 77% used [0x76740000,0x786b9880,0x78fc0000)
 PSPermGen       total 16384K, used 15065K [0x6e740000, 0x6f740000, 0x76740000)
  object space 16384K, 91% used [0x6e740000,0x6f5f6748,0x6f740000)
}
Event: 568.972 GC heap before
{Heap before GC invocations=12 (full 0):
 PSYoungGen      total 24768K, used 11405K [0x9ef40000, 0xa15a0000, 0xb3340000)
  eden space 11136K, 100% used [0x9ef40000,0x9fa20000,0x9fa20000)
  from space 13632K, 1% used [0x9fa50000,0x9fa935b0,0xa07a0000)
  to   space 14080K, 0% used [0xa07e0000,0xa07e0000,0xa15a0000)
 ParOldGen       total 41472K, used 32230K [0x76740000, 0x78fc0000, 0x9ef40000)
  object space 41472K, 77% used [0x76740000,0x786b9880,0x78fc0000)
 PSPermGen       total 16384K, used 15078K [0x6e740000, 0x6f740000, 0x76740000)
  object space 16384K, 92% used [0x6e740000,0x6f5f9b28,0x6f740000)
Event: 568.974 GC heap after
Heap after GC invocations=12 (full 0):
 PSYoungGen      total 25024K, used 276K [0x9ef40000, 0xa15d0000, 0xb3340000)
  eden space 10944K, 0% used [0x9ef40000,0x9ef40000,0x9f9f0000)
  from space 14080K, 1% used [0xa07e0000,0xa0825150,0xa15a0000)
  to   space 14272K, 0% used [0x9f9f0000,0x9f9f0000,0xa07e0000)
 ParOldGen       total 41472K, used 32292K [0x76740000, 0x78fc0000, 0x9ef40000)
  object space 41472K, 77% used [0x76740000,0x786c93e0,0x78fc0000)
 PSPermGen       total 16384K, used 15078K [0x6e740000, 0x6f740000, 0x76740000)
  object space 16384K, 92% used [0x6e740000,0x6f5f9b28,0x6f740000)
}

Deoptimization events (10 events):
Event: 560.965 Thread 0x67dfa000 Uncommon trap -83 fr.pc 0xb34dd938
Event: 561.204 Thread 0x67dfa000 Uncommon trap -83 fr.pc 0xb3472a90
Event: 563.549 Thread 0x67dfa000 Uncommon trap 38 fr.pc 0xb34c5198
Event: 563.592 Thread 0x6dc74800 Uncommon trap -12 fr.pc 0xb34f773c
Event: 568.990 Thread 0x6dc73400 Uncommon trap -12 fr.pc 0xb35400e8
Event: 570.948 Thread 0x67dfa000 Uncommon trap -34 fr.pc 0xb34ac6a0
Event: 570.949 Thread 0x67dfa000 Uncommon trap -34 fr.pc 0xb34ffd98
Event: 570.950 Thread 0x67dfa000 Uncommon trap -34 fr.pc 0xb34ffd98
Event: 570.950 Thread 0x67dfa000 Uncommon trap -34 fr.pc 0xb34ffd98
Event: 570.950 Thread 0x67dfa000 Uncommon trap -34 fr.pc 0xb34ffd98

Internal exceptions (10 events):
Event: 554.814 Thread 0x6779c800 Threw 0x9fa6ff38 at /build/buildd/openjdk-7-7u21-2.3.9/build/openjdk/hotspot/src/share/vm/prims/jvm.cpp:1166
Event: 554.820 Thread 0x66c65c00 Threw 0x9fa97388 at /build/buildd/openjdk-7-7u21-2.3.9/build/openjdk/hotspot/src/share/vm/prims/jvm.cpp:1166
Event: 554.832 Thread 0x66c65c00 Threw 0x9ef98bd0 at /build/buildd/openjdk-7-7u21-2.3.9/build/openjdk/hotspot/src/share/vm/prims/jvm.cpp:1166
Event: 554.865 Thread 0x6dc08000 Threw 0x9f0826d8 at /build/buildd/openjdk-7-7u21-2.3.9/build/openjdk/hotspot/src/share/vm/prims/jvm.cpp:1166
Event: 554.869 Thread 0x6dc08000 Threw 0x9f0a9a30 at /build/buildd/openjdk-7-7u21-2.3.9/build/openjdk/hotspot/src/share/vm/prims/jvm.cpp:1166
Event: 554.938 Thread 0x66c9b400 Threw 0x9f12c3c0 at /build/buildd/openjdk-7-7u21-2.3.9/build/openjdk/hotspot/src/share/vm/prims/jvm.cpp:1166
Event: 554.945 Thread 0x66c9b400 Threw 0x9f179268 at /build/buildd/openjdk-7-7u21-2.3.9/build/openjdk/hotspot/src/share/vm/prims/jvm.cpp:1166
Event: 555.213 Thread 0x6dce8800 Threw 0x9f299558 at /build/buildd/openjdk-7-7u21-2.3.9/build/openjdk/hotspot/src/share/vm/prims/jvm.cpp:1166
Event: 555.215 Thread 0x6dce8800 Threw 0x9f2bfc28 at /build/buildd/openjdk-7-7u21-2.3.9/build/openjdk/hotspot/src/share/vm/prims/jvm.cpp:1166
Event: 560.965 Thread 0x67dfa000 Implicit null exception at 0xb34dccea to 0xb34dd929

Events (10 events):
Event: 572.433 Thread 0x6dc01400 Thread added: 0x6dc01400
Event: 572.435 Thread 0x6dc01400 Thread exited: 0x6dc01400
Event: 572.435 Thread 0x6dc01400 Thread added: 0x6dc01400
Event: 572.435 Thread 0x6dc01400 Thread exited: 0x6dc01400
Event: 572.435 Thread 0x6dc01400 Thread added: 0x6dc01400
Event: 572.437 Thread 0x6dc01400 Thread exited: 0x6dc01400
Event: 572.438 Thread 0x6dc01400 Thread added: 0x6dc01400
Event: 572.439 Thread 0x6dc01400 Thread exited: 0x6dc01400
Event: 572.439 Thread 0x6dc01400 Thread added: 0x6dc01400
Event: 572.440 Thread 0x6dc01400 Thread exited: 0x6dc01400


Dynamic libraries:
08048000-08049000 r-xp 00000000 08:06 1708580    /usr/lib/jvm/java-7-openjdk-i386/jre/bin/java
08049000-0804a000 r--p 00000000 08:06 1708580    /usr/lib/jvm/java-7-openjdk-i386/jre/bin/java
0804a000-0804b000 rw-p 00001000 08:06 1708580    /usr/lib/jvm/java-7-openjdk-i386/jre/bin/java
09d81000-09e06000 rw-p 00000000 00:00 0          [heap]
5f091000-5f1fb000 r-xp 00000000 08:06 1706644    /usr/lib/i386-linux-gnu/libsamplerate.so.0.1.8
5f1fb000-5f1fc000 r--p 00169000 08:06 1706644    /usr/lib/i386-linux-gnu/libsamplerate.so.0.1.8
5f1fc000-5f1fd000 rw-p 0016a000 08:06 1706644    /usr/lib/i386-linux-gnu/libsamplerate.so.0.1.8
630d3000-630fe000 r-xp 00000000 08:06 1706469    /usr/lib/i386-linux-gnu/liblua5.1.so.0.0.0
630fe000-630ff000 r--p 0002b000 08:06 1706469    /usr/lib/i386-linux-gnu/liblua5.1.so.0.0.0
630ff000-63100000 rw-p 0002c000 08:06 1706469    /usr/lib/i386-linux-gnu/liblua5.1.so.0.0.0
63100000-6312a000 r-xp 00000000 08:06 405608     /usr/lib/vlc/plugins/lua/liblua_plugin.so
6312a000-6312b000 r--p 0002a000 08:06 405608     /usr/lib/vlc/plugins/lua/liblua_plugin.so
6312b000-6312c000 rw-p 0002b000 08:06 405608     /usr/lib/vlc/plugins/lua/liblua_plugin.so
6312c000-63177000 r-xp 00000000 08:06 1703839    /usr/lib/libmodplug.so.1.0.0
63177000-63178000 ---p 0004b000 08:06 1703839    /usr/lib/libmodplug.so.1.0.0
63178000-63179000 r--p 0004b000 08:06 1703839    /usr/lib/libmodplug.so.1.0.0
63179000-6317a000 rw-p 0004c000 08:06 1703839    /usr/lib/libmodplug.so.1.0.0
6317a000-631fe000 rw-p 00000000 00:00 0 
631fe000-631ff000 ---p 00000000 00:00 0 
631ff000-64600000 rw-p 00000000 00:00 0 
64600000-64629000 rw-p 00000000 00:00 0 
64629000-64700000 ---p 00000000 00:00 0 
64701000-6475f000 r-xp 00000000 08:06 280623     /usr/lib/vlc/plugins/demux/liblive555_plugin.so
6475f000-64760000 ---p 0005e000 08:06 280623     /usr/lib/vlc/plugins/demux/liblive555_plugin.so
64760000-64763000 r--p 0005e000 08:06 280623     /usr/lib/vlc/plugins/demux/liblive555_plugin.so
64763000-64768000 rw-p 00061000 08:06 280623     /usr/lib/vlc/plugins/demux/liblive555_plugin.so
64768000-64769000 rw-p 00000000 00:00 0 
64769000-64b22000 rw-s 00000000 00:04 15073314   /SYSV00000000 (deleted)
64b22000-64e01000 r-xp 00000000 08:06 1705842    /usr/lib/i386-linux-gnu/libQtCore.so.4.8.4
64e01000-64e08000 r--p 002de000 08:06 1705842    /usr/lib/i386-linux-gnu/libQtCore.so.4.8.4
64e08000-64e09000 rw-p 002e5000 08:06 1705842    /usr/lib/i386-linux-gnu/libQtCore.so.4.8.4
64e09000-64e0a000 rw-p 00000000 00:00 0 
64e0a000-658b2000 r-xp 00000000 08:06 1705851    /usr/lib/i386-linux-gnu/libQtGui.so.4.8.4
658b2000-658d4000 r--p 00aa7000 08:06 1705851    /usr/lib/i386-linux-gnu/libQtGui.so.4.8.4
658d4000-658d8000 rw-p 00ac9000 08:06 1705851    /usr/lib/i386-linux-gnu/libQtGui.so.4.8.4
658d8000-658db000 rw-p 00000000 00:00 0 
658db000-65af0000 r-xp 00000000 08:06 407152     /usr/lib/vlc/plugins/gui/libqt4_plugin.so
65af0000-65af1000 ---p 00215000 08:06 407152     /usr/lib/vlc/plugins/gui/libqt4_plugin.so
65af1000-65afd000 r--p 00215000 08:06 407152     /usr/lib/vlc/plugins/gui/libqt4_plugin.so
65afd000-65aff000 rw-p 00221000 08:06 407152     /usr/lib/vlc/plugins/gui/libqt4_plugin.so
65aff000-65b00000 rw-p 00000000 00:00 0 
65b00000-65bff000 rw-p 00000000 00:00 0 
65bff000-65c00000 ---p 00000000 00:00 0 
65c27000-65c29000 r-xp 00000000 08:06 280628     /usr/lib/vlc/plugins/demux/libnsc_plugin.so
65c29000-65c2a000 r--p 00001000 08:06 280628     /usr/lib/vlc/plugins/demux/libnsc_plugin.so
65c2a000-65c2b000 rw-p 00002000 08:06 280628     /usr/lib/vlc/plugins/demux/libnsc_plugin.so
65c2b000-65c2d000 r-xp 00000000 08:06 280611     /usr/lib/vlc/plugins/demux/libdemux_cdg_plugin.so
65c2d000-65c2e000 r--p 00001000 08:06 280611     /usr/lib/vlc/plugins/demux/libdemux_cdg_plugin.so
65c2e000-65c2f000 rw-p 00002000 08:06 280611     /usr/lib/vlc/plugins/demux/libdemux_cdg_plugin.so
65c2f000-65c41000 r-xp 00000000 08:06 1720553    /usr/lib/libdvbpsi.so.7.0.0
65c41000-65c42000 r--p 00011000 08:06 1720553    /usr/lib/libdvbpsi.so.7.0.0
65c42000-65c43000 rw-p 00012000 08:06 1720553    /usr/lib/libdvbpsi.so.7.0.0
65c43000-65c49000 r-xp 00000000 08:06 1706531    /usr/lib/i386-linux-gnu/libogg.so.0.8.0
65c49000-65c4a000 r--p 00005000 08:06 1706531    /usr/lib/i386-linux-gnu/libogg.so.0.8.0
65c4a000-65c4b000 rw-p 00006000 08:06 1706531    /usr/lib/i386-linux-gnu/libogg.so.0.8.0
65c4b000-65c74000 r-xp 00000000 08:06 1706753    /usr/lib/i386-linux-gnu/libvorbis.so.0.4.5
65c74000-65c75000 ---p 00029000 08:06 1706753    /usr/lib/i386-linux-gnu/libvorbis.so.0.4.5
65c75000-65c76000 r--p 00029000 08:06 1706753    /usr/lib/i386-linux-gnu/libvorbis.so.0.4.5
65c76000-65c77000 rw-p 0002a000 08:06 1706753    /usr/lib/i386-linux-gnu/libvorbis.so.0.4.5
65c77000-65ddd000 r-xp 00000000 08:06 1706755    /usr/lib/i386-linux-gnu/libvorbisenc.so.2.0.8
65ddd000-65dee000 r--p 00165000 08:06 1706755    /usr/lib/i386-linux-gnu/libvorbisenc.so.2.0.8
65dee000-65def000 rw-p 00176000 08:06 1706755    /usr/lib/i386-linux-gnu/libvorbisenc.so.2.0.8
65def000-65e3d000 r-xp 00000000 08:06 1705817    /usr/lib/i386-linux-gnu/libFLAC.so.8.2.0
65e3d000-65e3e000 r--p 0004e000 08:06 1705817    /usr/lib/i386-linux-gnu/libFLAC.so.8.2.0
65e3e000-65e3f000 rw-p 0004f000 08:06 1705817    /usr/lib/i386-linux-gnu/libFLAC.so.8.2.0
65e3f000-65e44000 r-xp 00000000 08:06 1705965    /usr/lib/i386-linux-gnu/libasyncns.so.0.3.1
65e44000-65e45000 r--p 00004000 08:06 1705965    /usr/lib/i386-linux-gnu/libasyncns.so.0.3.1
65e45000-65e46000 rw-p 00005000 08:06 1705965    /usr/lib/i386-linux-gnu/libasyncns.so.0.3.1
65e46000-65eb3000 r-xp 00000000 08:06 1706669    /usr/lib/i386-linux-gnu/libsndfile.so.1.0.25
65eb3000-65eb5000 r--p 0006c000 08:06 1706669    /usr/lib/i386-linux-gnu/libsndfile.so.1.0.25
65eb5000-65eb6000 rw-p 0006e000 08:06 1706669    /usr/lib/i386-linux-gnu/libsndfile.so.1.0.25
65eb6000-65eba000 rw-p 00000000 00:00 0 
65ebb000-65ebd000 r-xp 00000000 08:06 280631     /usr/lib/vlc/plugins/demux/librawdv_plugin.so
65ebd000-65ebe000 r--p 00001000 08:06 280631     /usr/lib/vlc/plugins/demux/librawdv_plugin.so
65ebe000-65ebf000 rw-p 00002000 08:06 280631     /usr/lib/vlc/plugins/demux/librawdv_plugin.so
65ebf000-65ec2000 r-xp 00000000 08:06 280615     /usr/lib/vlc/plugins/demux/libmjpeg_plugin.so
65ec2000-65ec3000 r--p 00002000 08:06 280615     /usr/lib/vlc/plugins/demux/libmjpeg_plugin.so
65ec3000-65ec4000 rw-p 00003000 08:06 280615     /usr/lib/vlc/plugins/demux/libmjpeg_plugin.so
65ec4000-65ec6000 r-xp 00000000 08:06 280629     /usr/lib/vlc/plugins/demux/libmpgv_plugin.so
65ec6000-65ec7000 r--p 00001000 08:06 280629     /usr/lib/vlc/plugins/demux/libmpgv_plugin.so
65ec7000-65ec8000 rw-p 00002000 08:06 280629     /usr/lib/vlc/plugins/demux/libmpgv_plugin.so
65ec8000-65ed0000 r-xp 00000000 08:06 280637     /usr/lib/vlc/plugins/demux/libty_plugin.so
65ed0000-65ed1000 r--p 00007000 08:06 280637     /usr/lib/vlc/plugins/demux/libty_plugin.so
65ed1000-65ed2000 rw-p 00008000 08:06 280637     /usr/lib/vlc/plugins/demux/libty_plugin.so
65ed2000-65eda000 r-xp 00000000 08:06 280651     /usr/lib/vlc/plugins/demux/libps_plugin.so
65eda000-65edb000 r--p 00007000 08:06 280651     /usr/lib/vlc/plugins/demux/libps_plugin.so
65edb000-65edc000 rw-p 00008000 08:06 280651     /usr/lib/vlc/plugins/demux/libps_plugin.so
65edc000-65ef1000 r-xp 00000000 08:06 280622     /usr/lib/vlc/plugins/demux/libts_plugin.so
65ef1000-65ef2000 r--p 00014000 08:06 280622     /usr/lib/vlc/plugins/demux/libts_plugin.so
65ef2000-65ef3000 rw-p 00015000 08:06 280622     /usr/lib/vlc/plugins/demux/libts_plugin.so
65ef3000-65f11000 r-xp 00000000 08:06 1720529    /usr/lib/i386-linux-gnu/libebml.so.3
65f11000-65f12000 r--p 0001d000 08:06 1720529    /usr/lib/i386-linux-gnu/libebml.so.3
65f12000-65f13000 rw-p 0001e000 08:06 1720529    /usr/lib/i386-linux-gnu/libebml.so.3
65f13000-65f14000 rw-p 00000000 00:00 0 
65f14000-65f99000 r-xp 00000000 08:06 1720530    /usr/lib/i386-linux-gnu/libmatroska.so.5
65f99000-65f9f000 r--p 00085000 08:06 1720530    /usr/lib/i386-linux-gnu/libmatroska.so.5
65f9f000-65fa0000 rw-p 0008b000 08:06 1720530    /usr/lib/i386-linux-gnu/libmatroska.so.5
65fa0000-65fa2000 rw-p 00000000 00:00 0 
65fa2000-65fe5000 r-xp 00000000 08:06 280645     /usr/lib/vlc/plugins/demux/libmkv_plugin.so
65fe5000-65fe7000 r--p 00042000 08:06 280645     /usr/lib/vlc/plugins/demux/libmkv_plugin.so
65fe7000-65fe8000 rw-p 00044000 08:06 280645     /usr/lib/vlc/plugins/demux/libmkv_plugin.so
65fe8000-65feb000 ---p 00000000 00:00 0 
65feb000-66039000 rw-p 00000000 00:00 0          [stack:17512]
66039000-660a2000 r-xp 00000000 08:06 1708139    /usr/lib/i386-linux-gnu/pulseaudio/libpulsecommon-3.0.so
660a2000-660a3000 r--p 00068000 08:06 1708139    /usr/lib/i386-linux-gnu/pulseaudio/libpulsecommon-3.0.so
660a3000-660a4000 rw-p 00069000 08:06 1708139    /usr/lib/i386-linux-gnu/pulseaudio/libpulsecommon-3.0.so
660a6000-660a9000 r-xp 00000000 08:06 280643     /usr/lib/vlc/plugins/demux/librawvid_plugin.so
660a9000-660aa000 r--p 00002000 08:06 280643     /usr/lib/vlc/plugins/demux/librawvid_plugin.so
660aa000-660ab000 rw-p 00003000 08:06 280643     /usr/lib/vlc/plugins/demux/librawvid_plugin.so
660ab000-660ad000 r-xp 00000000 08:06 280612     /usr/lib/vlc/plugins/demux/libau_plugin.so
660ad000-660ae000 r--p 00001000 08:06 280612     /usr/lib/vlc/plugins/demux/libau_plugin.so
660ae000-660af000 rw-p 00002000 08:06 280612     /usr/lib/vlc/plugins/demux/libau_plugin.so
660af000-660b4000 r-xp 00000000 08:06 280642     /usr/lib/vlc/plugins/demux/libmod_plugin.so
660b4000-660b5000 r--p 00004000 08:06 280642     /usr/lib/vlc/plugins/demux/libmod_plugin.so
660b5000-660b6000 rw-p 00005000 08:06 280642     /usr/lib/vlc/plugins/demux/libmod_plugin.so
660b6000-660b9000 r-xp 00000000 08:06 280627     /usr/lib/vlc/plugins/demux/libpva_plugin.so
660b9000-660ba000 r--p 00002000 08:06 280627     /usr/lib/vlc/plugins/demux/libpva_plugin.so
660ba000-660bb000 rw-p 00003000 08:06 280627     /usr/lib/vlc/plugins/demux/libpva_plugin.so
660bb000-660bf000 r-xp 00000000 08:06 280634     /usr/lib/vlc/plugins/demux/libimage_plugin.so
660bf000-660c0000 r--p 00003000 08:06 280634     /usr/lib/vlc/plugins/demux/libimage_plugin.so
660c0000-660c1000 rw-p 00004000 08:06 280634     /usr/lib/vlc/plugins/demux/libimage_plugin.so
660c1000-660cd000 r-xp 00000000 08:06 1720560    /usr/lib/libresid-builder.so.0.0.1
660cd000-660ce000 r--p 0000b000 08:06 1720560    /usr/lib/libresid-builder.so.0.0.1
660ce000-660ef000 rw-p 0000c000 08:06 1720560    /usr/lib/libresid-builder.so.0.0.1
660ef000-660f0000 ---p 00000000 00:00 0 
660f0000-66170000 rw-p 00000000 00:00 0          [stack:17511]
66170000-661bc000 r-xp 00000000 08:06 1706602    /usr/lib/i386-linux-gnu/libpulse.so.0.15.3
661bc000-661bd000 ---p 0004c000 08:06 1706602    /usr/lib/i386-linux-gnu/libpulse.so.0.15.3
661bd000-661be000 r--p 0004c000 08:06 1706602    /usr/lib/i386-linux-gnu/libpulse.so.0.15.3
661be000-661bf000 rw-p 0004d000 08:06 1706602    /usr/lib/i386-linux-gnu/libpulse.so.0.15.3
661bf000-661f7000 r-xp 00000000 08:06 1720563    /usr/lib/libsidplay2.so.1.0.1
661f7000-661f8000 ---p 00038000 08:06 1720563    /usr/lib/libsidplay2.so.1.0.1
661f8000-661f9000 r--p 00038000 08:06 1720563    /usr/lib/libsidplay2.so.1.0.1
661f9000-661fa000 rw-p 00039000 08:06 1720563    /usr/lib/libsidplay2.so.1.0.1
661fa000-662e7000 r-xp 00000000 08:06 1771845    /usr/lib/i386-linux-gnu/libasound.so.2.0.0
662e7000-662eb000 r--p 000ec000 08:06 1771845    /usr/lib/i386-linux-gnu/libasound.so.2.0.0
662eb000-662ec000 rw-p 000f0000 08:06 1771845    /usr/lib/i386-linux-gnu/libasound.so.2.0.0
662ee000-66303000 r-xp 00000000 08:06 280613     /usr/lib/vlc/plugins/demux/libplaylist_plugin.so
66303000-66304000 r--p 00014000 08:06 280613     /usr/lib/vlc/plugins/demux/libplaylist_plugin.so
66304000-66305000 rw-p 00015000 08:06 280613     /usr/lib/vlc/plugins/demux/libplaylist_plugin.so
66305000-6635d000 r-xp 00000000 08:06 1722219    /usr/lib/i386-linux-gnu/libXt.so.6.0.0
6635d000-6635e000 r--p 00058000 08:06 1722219    /usr/lib/i386-linux-gnu/libXt.so.6.0.0
6635e000-66361000 rw-p 00059000 08:06 1722219    /usr/lib/i386-linux-gnu/libXt.so.6.0.0
66361000-66377000 r-xp 00000000 08:06 1705827    /usr/lib/i386-linux-gnu/libICE.so.6.3.0
66377000-66378000 r--p 00015000 08:06 1705827    /usr/lib/i386-linux-gnu/libICE.so.6.3.0
66378000-66379000 rw-p 00016000 08:06 1705827    /usr/lib/i386-linux-gnu/libICE.so.6.3.0
66379000-6637b000 rw-p 00000000 00:00 0 
6637b000-66401000 r-xp 00000000 08:06 1720486    /usr/lib/i386-linux-gnu/libdirac_encoder.so.0.1.0
66401000-66403000 r--p 00085000 08:06 1720486    /usr/lib/i386-linux-gnu/libdirac_encoder.so.0.1.0
66403000-66404000 rw-p 00087000 08:06 1720486    /usr/lib/i386-linux-gnu/libdirac_encoder.so.0.1.0
66404000-66405000 rw-p 00000000 00:00 0 
66405000-664fa000 r-xp 00000000 08:06 1720541    /usr/lib/libvlccore.so.5.1.1
664fa000-664ff000 r--p 000f5000 08:06 1720541    /usr/lib/libvlccore.so.5.1.1
664ff000-66500000 rw-p 000fa000 08:06 1720541    /usr/lib/libvlccore.so.5.1.1
66500000-665fa000 rw-p 00000000 00:00 0 
665fa000-66600000 ---p 00000000 00:00 0 
66600000-66700000 rw-p 00000000 00:00 0 
66700000-66800000 rw-p 00000000 00:00 0 
66800000-66802000 r-xp 00000000 08:06 280616     /usr/lib/vlc/plugins/demux/libaiff_plugin.so
66802000-66803000 r--p 00001000 08:06 280616     /usr/lib/vlc/plugins/demux/libaiff_plugin.so
66803000-66804000 rw-p 00002000 08:06 280616     /usr/lib/vlc/plugins/demux/libaiff_plugin.so
66804000-6680c000 r-xp 00000000 08:06 262621     /lib/i386-linux-gnu/libwrap.so.0.7.6
6680c000-6680d000 r--p 00007000 08:06 262621     /lib/i386-linux-gnu/libwrap.so.0.7.6
6680d000-6680e000 rw-p 00008000 08:06 262621     /lib/i386-linux-gnu/libwrap.so.0.7.6
6680e000-66811000 r-xp 00000000 08:06 280630     /usr/lib/vlc/plugins/demux/libnsv_plugin.so
66811000-66812000 r--p 00002000 08:06 280630     /usr/lib/vlc/plugins/demux/libnsv_plugin.so
66812000-66813000 rw-p 00003000 08:06 280630     /usr/lib/vlc/plugins/demux/libnsv_plugin.so
66813000-66815000 r-xp 00000000 08:06 280648     /usr/lib/vlc/plugins/demux/libxa_plugin.so
66815000-66816000 r--p 00001000 08:06 280648     /usr/lib/vlc/plugins/demux/libxa_plugin.so
66816000-66817000 rw-p 00002000 08:06 280648     /usr/lib/vlc/plugins/demux/libxa_plugin.so
66817000-6681a000 r-xp 00000000 08:06 280636     /usr/lib/vlc/plugins/demux/libvoc_plugin.so
6681a000-6681b000 r--p 00002000 08:06 280636     /usr/lib/vlc/plugins/demux/libvoc_plugin.so
6681b000-6681c000 rw-p 00003000 08:06 280636     /usr/lib/vlc/plugins/demux/libvoc_plugin.so
6681c000-66833000 r-xp 00000000 08:06 1705975    /usr/lib/i386-linux-gnu/libaudio.so.2.4
66833000-66834000 r--p 00016000 08:06 1705975    /usr/lib/i386-linux-gnu/libaudio.so.2.4
66834000-66835000 rw-p 00017000 08:06 1705975    /usr/lib/i386-linux-gnu/libaudio.so.2.4
66835000-6684f000 r-xp 00000000 08:06 1720543    /usr/lib/libvlc.so.5.3.2
6684f000-66850000 r--p 00019000 08:06 1720543    /usr/lib/libvlc.so.5.3.2
66850000-66851000 rw-p 0001a000 08:06 1720543    /usr/lib/libvlc.so.5.3.2
66851000-66865000 r-xp 00000000 08:06 1439056    /tmp/jna-gene/jna6706353898396742968.tmp (deleted)
66865000-66866000 rw-p 00014000 08:06 1439056    /tmp/jna-gene/jna6706353898396742968.tmp (deleted)
66868000-66870000 r-xp 00000000 08:06 262510     /lib/i386-linux-gnu/libjson.so.0.1.0
66870000-66871000 r--p 00007000 08:06 262510     /lib/i386-linux-gnu/libjson.so.0.1.0
66871000-66872000 rw-p 00008000 08:06 262510     /lib/i386-linux-gnu/libjson.so.0.1.0
66872000-66885000 r-xp 00000000 08:06 280625     /usr/lib/vlc/plugins/demux/libogg_plugin.so
66885000-66886000 r--p 00012000 08:06 280625     /usr/lib/vlc/plugins/demux/libogg_plugin.so
66886000-66887000 rw-p 00013000 08:06 280625     /usr/lib/vlc/plugins/demux/libogg_plugin.so
66887000-66898000 r-xp 00000000 08:06 262615     /lib/i386-linux-gnu/libusb-1.0.so.0.1.0
66898000-66899000 r--p 00010000 08:06 262615     /lib/i386-linux-gnu/libusb-1.0.so.0.1.0
66899000-6689a000 rw-p 00011000 08:06 262615     /lib/i386-linux-gnu/libusb-1.0.so.0.1.0
6689a000-668dd000 r-xp 00000000 08:06 1706494    /usr/lib/i386-linux-gnu/libmtp.so.9.0.5
668dd000-668e0000 r--p 00043000 08:06 1706494    /usr/lib/i386-linux-gnu/libmtp.so.9.0.5
668e0000-668e7000 rw-p 00046000 08:06 1706494    /usr/lib/i386-linux-gnu/libmtp.so.9.0.5
668e9000-668eb000 r-xp 00000000 08:06 280658     /usr/lib/vlc/plugins/misc/libinhibit_plugin.so
668eb000-668ec000 r--p 00001000 08:06 280658     /usr/lib/vlc/plugins/misc/libinhibit_plugin.so
668ec000-668ed000 rw-p 00002000 08:06 280658     /usr/lib/vlc/plugins/misc/libinhibit_plugin.so
668ed000-668f3000 r-xp 00000000 08:06 405627     /usr/lib/vlc/plugins/control/libhotkeys_plugin.so
668f3000-668f4000 r--p 00005000 08:06 405627     /usr/lib/vlc/plugins/control/libhotkeys_plugin.so
668f4000-668f5000 rw-p 00006000 08:06 405627     /usr/lib/vlc/plugins/control/libhotkeys_plugin.so
668f5000-668f7000 r-xp 00000000 08:06 405485     /usr/lib/vlc/plugins/mmxext/libmemcpymmxext_plugin.so
668f7000-668f8000 r--p 00001000 08:06 405485     /usr/lib/vlc/plugins/mmxext/libmemcpymmxext_plugin.so
668f8000-668f9000 rw-p 00002000 08:06 405485     /usr/lib/vlc/plugins/mmxext/libmemcpymmxext_plugin.so
668f9000-668fe000 r-xp 00000000 08:06 405519     /usr/lib/vlc/plugins/audio_output/libalsa_plugin.so
668fe000-668ff000 r--p 00004000 08:06 405519     /usr/lib/vlc/plugins/audio_output/libalsa_plugin.so
668ff000-66900000 rw-p 00005000 08:06 405519     /usr/lib/vlc/plugins/audio_output/libalsa_plugin.so
66900000-669f8000 rw-p 00000000 00:00 0 
669f8000-66a00000 ---p 00000000 00:00 0 
66a03000-66a07000 r-xp 00000000 08:06 262619     /lib/i386-linux-gnu/libuuid.so.1.3.0
66a07000-66a08000 r--p 00003000 08:06 262619     /lib/i386-linux-gnu/libuuid.so.1.3.0
66a08000-66a09000 rw-p 00004000 08:06 262619     /lib/i386-linux-gnu/libuuid.so.1.3.0
66a09000-66a10000 r-xp 00000000 08:06 1705877    /usr/lib/i386-linux-gnu/libSM.so.6.0.1
66a10000-66a11000 r--p 00006000 08:06 1705877    /usr/lib/i386-linux-gnu/libSM.so.6.0.1
66a11000-66a12000 rw-p 00007000 08:06 1705877    /usr/lib/i386-linux-gnu/libSM.so.6.0.1
66a12000-66a15000 ---p 00000000 00:00 0 
66a15000-66a63000 rw-p 00000000 00:00 0 
66a63000-66a6b000 r-xp 00000000 08:06 405597     /usr/lib/vlc/plugins/services_discovery/libsap_plugin.so
66a6b000-66a6c000 r--p 00007000 08:06 405597     /usr/lib/vlc/plugins/services_discovery/libsap_plugin.so
66a6c000-66a6d000 rw-p 00008000 08:06 405597     /usr/lib/vlc/plugins/services_discovery/libsap_plugin.so
66a6d000-66a83000 r-xp 00000000 08:06 1720189    /usr/lib/i386-linux-gnu/libmad.so.0.2.1
66a83000-66a84000 r--p 00015000 08:06 1720189    /usr/lib/i386-linux-gnu/libmad.so.0.2.1
66a84000-66a85000 rw-p 00016000 08:06 1720189    /usr/lib/i386-linux-gnu/libmad.so.0.2.1
66a85000-66a88000 r-xp 00000000 08:06 280646     /usr/lib/vlc/plugins/demux/libsmf_plugin.so
66a88000-66a89000 r--p 00002000 08:06 280646     /usr/lib/vlc/plugins/demux/libsmf_plugin.so
66a89000-66a8a000 rw-p 00003000 08:06 280646     /usr/lib/vlc/plugins/demux/libsmf_plugin.so
66a8a000-66a8c000 r-xp 00000000 08:06 280619     /usr/lib/vlc/plugins/demux/libdirac_plugin.so
66a8c000-66a8d000 r--p 00001000 08:06 280619     /usr/lib/vlc/plugins/demux/libdirac_plugin.so
66a8d000-66a8e000 rw-p 00002000 08:06 280619     /usr/lib/vlc/plugins/demux/libdirac_plugin.so
66a8e000-66a91000 r-xp 00000000 08:06 280641     /usr/lib/vlc/plugins/demux/libsid_plugin.so
66a91000-66a92000 r--p 00002000 08:06 280641     /usr/lib/vlc/plugins/demux/libsid_plugin.so
66a92000-66a93000 rw-p 00003000 08:06 280641     /usr/lib/vlc/plugins/demux/libsid_plugin.so
66a93000-66a96000 r-xp 00000000 08:06 280618     /usr/lib/vlc/plugins/demux/libwav_plugin.so
66a96000-66a97000 r--p 00003000 08:06 280618     /usr/lib/vlc/plugins/demux/libwav_plugin.so
66a97000-66a98000 rw-p 00004000 08:06 280618     /usr/lib/vlc/plugins/demux/libwav_plugin.so
66a98000-66a9c000 r-xp 00000000 08:06 280638     /usr/lib/vlc/plugins/demux/libnuv_plugin.so
66a9c000-66a9d000 r--p 00003000 08:06 280638     /usr/lib/vlc/plugins/demux/libnuv_plugin.so
66a9d000-66a9e000 rw-p 00004000 08:06 280638     /usr/lib/vlc/plugins/demux/libnuv_plugin.so
66a9e000-66ac3000 r-xp 00000000 08:06 1703665    /usr/lib/libdca.so.0.0.0
66ac3000-66ac4000 r--p 00024000 08:06 1703665    /usr/lib/libdca.so.0.0.0
66ac4000-66ac5000 rw-p 00025000 08:06 1703665    /usr/lib/libdca.so.0.0.0
66ac5000-66b7c000 r-xp 00000000 08:06 1706695    /usr/lib/i386-linux-gnu/libtag.so.1.12.0
66b7c000-66b7e000 r--p 000b7000 08:06 1706695    /usr/lib/i386-linux-gnu/libtag.so.1.12.0
66b7e000-66b7f000 rw-p 000b9000 08:06 1706695    /usr/lib/i386-linux-gnu/libtag.so.1.12.0
66b7f000-66b80000 ---p 00000000 00:00 0 
66b80000-66c00000 rw-p 00000000 00:00 0 
66c00000-66cf7000 rw-p 00000000 00:00 0 
66cf7000-66d00000 ---p 00000000 00:00 0 
66d02000-66d05000 r-xp 00000000 08:06 1706600    /usr/lib/i386-linux-gnu/libpulse-simple.so.0.0.3
66d05000-66d06000 r--p 00002000 08:06 1706600    /usr/lib/i386-linux-gnu/libpulse-simple.so.0.0.3
66d06000-66d07000 rw-p 00003000 08:06 1706600    /usr/lib/i386-linux-gnu/libpulse-simple.so.0.0.3
66d08000-66d15000 r-xp 00000000 08:06 1720465    /usr/lib/libmpcdec.so.6.1.0
66d15000-66d16000 r--p 0000c000 08:06 1720465    /usr/lib/libmpcdec.so.6.1.0
66d16000-66d18000 rw-p 0000d000 08:06 1720465    /usr/lib/libmpcdec.so.6.1.0
66d18000-66d22000 r-xp 00000000 08:06 1720240    /usr/lib/liba52-0.7.4.so
66d22000-66d23000 r--p 00009000 08:06 1720240    /usr/lib/liba52-0.7.4.so
66d23000-66d24000 rw-p 0000a000 08:06 1720240    /usr/lib/liba52-0.7.4.so
66d24000-66d25000 rw-p 00000000 00:00 0 
66d25000-66d27000 r-xp 00000000 08:06 280650     /usr/lib/vlc/plugins/demux/libtta_plugin.so
66d27000-66d28000 r--p 00001000 08:06 280650     /usr/lib/vlc/plugins/demux/libtta_plugin.so
66d28000-66d29000 rw-p 00002000 08:06 280650     /usr/lib/vlc/plugins/demux/libtta_plugin.so
66d29000-66d2b000 r-xp 00000000 08:06 280620     /usr/lib/vlc/plugins/demux/libmpc_plugin.so
66d2b000-66d2c000 r--p 00001000 08:06 280620     /usr/lib/vlc/plugins/demux/libmpc_plugin.so
66d2c000-66d2d000 rw-p 00002000 08:06 280620     /usr/lib/vlc/plugins/demux/libmpc_plugin.so
66d2d000-66d36000 rw-s 00000000 00:04 15106080   /SYSV00000000 (deleted)
66d36000-66d38000 r-xp 00000000 08:06 405491     /usr/lib/vlc/plugins/audio_filter/libsamplerate_plugin.so
66d38000-66d39000 r--p 00001000 08:06 405491     /usr/lib/vlc/plugins/audio_filter/libsamplerate_plugin.so
66d39000-66d3a000 rw-p 00002000 08:06 405491     /usr/lib/vlc/plugins/audio_filter/libsamplerate_plugin.so
66d3a000-66d3c000 r-xp 00000000 08:06 405501     /usr/lib/vlc/plugins/audio_filter/libmpgatofixed32_plugin.so
66d3c000-66d3d000 r--p 00001000 08:06 405501     /usr/lib/vlc/plugins/audio_filter/libmpgatofixed32_plugin.so
66d3d000-66d3e000 rw-p 00002000 08:06 405501     /usr/lib/vlc/plugins/audio_filter/libmpgatofixed32_plugin.so
66d3e000-66d40000 r-xp 00000000 08:06 405496     /usr/lib/vlc/plugins/audio_filter/liba52tofloat32_plugin.so
66d40000-66d41000 r--p 00001000 08:06 405496     /usr/lib/vlc/plugins/audio_filter/liba52tofloat32_plugin.so
66d41000-66d42000 rw-p 00002000 08:06 405496     /usr/lib/vlc/plugins/audio_filter/liba52tofloat32_plugin.so
66d42000-66d7e000 r-xp 00000000 08:06 1706135    /usr/lib/i386-linux-gnu/libfaad.so.2.0.0
66d7e000-66d7f000 ---p 0003c000 08:06 1706135    /usr/lib/i386-linux-gnu/libfaad.so.2.0.0
66d7f000-66d80000 r--p 0003c000 08:06 1706135    /usr/lib/i386-linux-gnu/libfaad.so.2.0.0
66d80000-66d83000 rw-p 0003d000 08:06 1706135    /usr/lib/i386-linux-gnu/libfaad.so.2.0.0
66d83000-66dc0000 r-xp 00000000 08:06 1706535    /usr/lib/i386-linux-gnu/libopus.so.0.2.0
66dc0000-66dc1000 r--p 0003c000 08:06 1706535    /usr/lib/i386-linux-gnu/libopus.so.0.2.0
66dc1000-66dc2000 rw-p 0003d000 08:06 1706535    /usr/lib/i386-linux-gnu/libopus.so.0.2.0
66dc3000-66dc5000 r-xp 00000000 08:06 405511     /usr/lib/vlc/plugins/audio_filter/libdtstofloat32_plugin.so
66dc5000-66dc6000 r--p 00001000 08:06 405511     /usr/lib/vlc/plugins/audio_filter/libdtstofloat32_plugin.so
66dc6000-66dc7000 rw-p 00002000 08:06 405511     /usr/lib/vlc/plugins/audio_filter/libdtstofloat32_plugin.so
66dc7000-66dca000 r-xp 00000000 08:06 405510     /usr/lib/vlc/plugins/audio_filter/libscaletempo_plugin.so
66dca000-66dcb000 r--p 00002000 08:06 405510     /usr/lib/vlc/plugins/audio_filter/libscaletempo_plugin.so
66dcb000-66dcc000 rw-p 00003000 08:06 405510     /usr/lib/vlc/plugins/audio_filter/libscaletempo_plugin.so
66dcc000-66dd9000 r-xp 00000000 08:06 405488     /usr/lib/vlc/plugins/meta_engine/libtaglib_plugin.so
66dd9000-66dda000 r--p 0000c000 08:06 405488     /usr/lib/vlc/plugins/meta_engine/libtaglib_plugin.so
66dda000-66ddb000 rw-p 0000d000 08:06 405488     /usr/lib/vlc/plugins/meta_engine/libtaglib_plugin.so
66ddb000-66e69000 r-xp 00000000 08:06 1706537    /usr/lib/i386-linux-gnu/liborc-0.4.so.0.17.0
66e69000-66e6a000 r--p 0008e000 08:06 1706537    /usr/lib/i386-linux-gnu/liborc-0.4.so.0.17.0
66e6a000-66e6e000 rw-p 0008f000 08:06 1706537    /usr/lib/i386-linux-gnu/liborc-0.4.so.0.17.0
66e6e000-66f3b000 r-xp 00000000 08:06 1706653    /usr/lib/i386-linux-gnu/libschroedinger-1.0.so.0.11.0
66f3b000-66f3d000 r--p 000cc000 08:06 1706653    /usr/lib/i386-linux-gnu/libschroedinger-1.0.so.0.11.0
66f3d000-66f3e000 rw-p 000ce000 08:06 1706653    /usr/lib/i386-linux-gnu/libschroedinger-1.0.so.0.11.0
66f40000-66f41000 r-xp 00000000 08:06 405592     /usr/lib/vlc/plugins/audio_mixer/libfloat32_mixer_plugin.so
66f41000-66f42000 r--p 00000000 08:06 405592     /usr/lib/vlc/plugins/audio_mixer/libfloat32_mixer_plugin.so
66f42000-66f43000 rw-p 00001000 08:06 405592     /usr/lib/vlc/plugins/audio_mixer/libfloat32_mixer_plugin.so
66f43000-66f4a000 r-xp 00000000 08:06 407155     /usr/lib/vlc/plugins/audio_output/libpulse_plugin.so
66f4a000-66f4b000 r--p 00006000 08:06 407155     /usr/lib/vlc/plugins/audio_output/libpulse_plugin.so
66f4b000-66f4c000 rw-p 00007000 08:06 407155     /usr/lib/vlc/plugins/audio_output/libpulse_plugin.so
66f4c000-66f4f000 r-xp 00000000 08:06 405456     /usr/lib/vlc/plugins/codec/libfaad_plugin.so
66f4f000-66f50000 r--p 00002000 08:06 405456     /usr/lib/vlc/plugins/codec/libfaad_plugin.so
66f50000-66f51000 rw-p 00003000 08:06 405456     /usr/lib/vlc/plugins/codec/libfaad_plugin.so
66f51000-66f55000 r-xp 00000000 08:06 405477     /usr/lib/vlc/plugins/codec/libopus_plugin.so
66f55000-66f56000 r--p 00003000 08:06 405477     /usr/lib/vlc/plugins/codec/libopus_plugin.so
66f56000-66f57000 rw-p 00004000 08:06 405477     /usr/lib/vlc/plugins/codec/libopus_plugin.so
66f57000-66f60000 r-xp 00000000 08:06 405450     /usr/lib/vlc/plugins/codec/libschroedinger_plugin.so
66f60000-66f61000 r--p 00008000 08:06 405450     /usr/lib/vlc/plugins/codec/libschroedinger_plugin.so
66f61000-66f62000 rw-p 00009000 08:06 405450     /usr/lib/vlc/plugins/codec/libschroedinger_plugin.so
66f62000-66f65000 r-xp 00000000 08:06 405482     /usr/lib/vlc/plugins/codec/libcdg_plugin.so
66f65000-66f66000 r--p 00002000 08:06 405482     /usr/lib/vlc/plugins/codec/libcdg_plugin.so
66f66000-66f67000 rw-p 00003000 08:06 405482     /usr/lib/vlc/plugins/codec/libcdg_plugin.so
66f67000-66f69000 r-xp 00000000 08:06 405481     /usr/lib/vlc/plugins/codec/libpng_plugin.so
66f69000-66f6a000 r--p 00001000 08:06 405481     /usr/lib/vlc/plugins/codec/libpng_plugin.so
66f6a000-66f6b000 rw-p 00002000 08:06 405481     /usr/lib/vlc/plugins/codec/libpng_plugin.so
66f6b000-66f6e000 r-xp 00000000 08:06 405449     /usr/lib/vlc/plugins/codec/libmpeg_audio_plugin.so
66f6e000-66f6f000 r--p 00002000 08:06 405449     /usr/lib/vlc/plugins/codec/libmpeg_audio_plugin.so
66f6f000-66f70000 rw-p 00003000 08:06 405449     /usr/lib/vlc/plugins/codec/libmpeg_audio_plugin.so
66f70000-66f73000 r-xp 00000000 08:06 405473     /usr/lib/vlc/plugins/codec/libsvcdsub_plugin.so
66f73000-66f74000 r--p 00002000 08:06 405473     /usr/lib/vlc/plugins/codec/libsvcdsub_plugin.so
66f74000-66f75000 rw-p 00003000 08:06 405473     /usr/lib/vlc/plugins/codec/libsvcdsub_plugin.so
66f75000-66f78000 r-xp 00000000 08:06 405455     /usr/lib/vlc/plugins/codec/libcvdsub_plugin.so
66f78000-66f79000 r--p 00002000 08:06 405455     /usr/lib/vlc/plugins/codec/libcvdsub_plugin.so
66f79000-66f7a000 rw-p 00003000 08:06 405455     /usr/lib/vlc/plugins/codec/libcvdsub_plugin.so
66f7a000-66f7d000 r-xp 00000000 08:06 405458     /usr/lib/vlc/plugins/codec/libspudec_plugin.so
66f7d000-66f7e000 r--p 00003000 08:06 405458     /usr/lib/vlc/plugins/codec/libspudec_plugin.so
66f7e000-66f7f000 rw-p 00004000 08:06 405458     /usr/lib/vlc/plugins/codec/libspudec_plugin.so
66f7f000-66f83000 r-xp 00000000 08:06 405634     /usr/lib/vlc/plugins/packetizer/libpacketizer_flac_plugin.so
66f83000-66f84000 r--p 00003000 08:06 405634     /usr/lib/vlc/plugins/packetizer/libpacketizer_flac_plugin.so
66f84000-66f85000 rw-p 00004000 08:06 405634     /usr/lib/vlc/plugins/packetizer/libpacketizer_flac_plugin.so
66f85000-66f8a000 r-xp 00000000 08:06 405638     /usr/lib/vlc/plugins/packetizer/libpacketizer_mpegvideo_plugin.so
66f8a000-66f8b000 r--p 00004000 08:06 405638     /usr/lib/vlc/plugins/packetizer/libpacketizer_mpegvideo_plugin.so
66f8b000-66f8c000 rw-p 00005000 08:06 405638     /usr/lib/vlc/plugins/packetizer/libpacketizer_mpegvideo_plugin.so
66f8c000-66f9b000 r-xp 00000000 08:06 405635     /usr/lib/vlc/plugins/packetizer/libpacketizer_h264_plugin.so
66f9b000-66f9c000 r--p 0000e000 08:06 405635     /usr/lib/vlc/plugins/packetizer/libpacketizer_h264_plugin.so
66f9c000-66f9d000 rw-p 0000f000 08:06 405635     /usr/lib/vlc/plugins/packetizer/libpacketizer_h264_plugin.so
66f9d000-66fa1000 r-xp 00000000 08:06 405636     /usr/lib/vlc/plugins/packetizer/libpacketizer_mlp_plugin.so
66fa1000-66fa2000 r--p 00003000 08:06 405636     /usr/lib/vlc/plugins/packetizer/libpacketizer_mlp_plugin.so
66fa2000-66fa3000 rw-p 00004000 08:06 405636     /usr/lib/vlc/plugins/packetizer/libpacketizer_mlp_plugin.so
66fa3000-66fbe000 r-xp 00000000 08:06 1706713    /usr/lib/i386-linux-gnu/libtheoradec.so.1.1.4
66fbe000-66fbf000 r--p 0001a000 08:06 1706713    /usr/lib/i386-linux-gnu/libtheoradec.so.1.1.4
66fbf000-66fc0000 rw-p 0001b000 08:06 1706713    /usr/lib/i386-linux-gnu/libtheoradec.so.1.1.4
66fc0000-67005000 r-xp 00000000 08:06 1706715    /usr/lib/i386-linux-gnu/libtheoraenc.so.1.1.2
67005000-67006000 r--p 00044000 08:06 1706715    /usr/lib/i386-linux-gnu/libtheoraenc.so.1.1.2
67006000-67007000 rw-p 00045000 08:06 1706715    /usr/lib/i386-linux-gnu/libtheoraenc.so.1.1.2
67007000-6700c000 r-xp 00000000 08:06 405637     /usr/lib/vlc/plugins/packetizer/libpacketizer_mpeg4video_plugin.so
6700c000-6700d000 r--p 00004000 08:06 405637     /usr/lib/vlc/plugins/packetizer/libpacketizer_mpeg4video_plugin.so
6700d000-6700e000 rw-p 00005000 08:06 405637     /usr/lib/vlc/plugins/packetizer/libpacketizer_mpeg4video_plugin.so
6700e000-67014000 r-xp 00000000 08:06 405640     /usr/lib/vlc/plugins/packetizer/libpacketizer_mpeg4audio_plugin.so
67014000-67015000 r--p 00005000 08:06 405640     /usr/lib/vlc/plugins/packetizer/libpacketizer_mpeg4audio_plugin.so
67015000-67016000 rw-p 00006000 08:06 405640     /usr/lib/vlc/plugins/packetizer/libpacketizer_mpeg4audio_plugin.so
67016000-6701e000 r-xp 00000000 08:06 405633     /usr/lib/vlc/plugins/packetizer/libpacketizer_vc1_plugin.so
6701e000-6701f000 r--p 00007000 08:06 405633     /usr/lib/vlc/plugins/packetizer/libpacketizer_vc1_plugin.so
6701f000-67020000 rw-p 00008000 08:06 405633     /usr/lib/vlc/plugins/packetizer/libpacketizer_vc1_plugin.so
67020000-6703f000 r-xp 00000000 08:06 1708460    /usr/lib/i386-linux-gnu/sse2/libspeex.so.1.5.0
6703f000-67040000 r--p 0001e000 08:06 1708460    /usr/lib/i386-linux-gnu/sse2/libspeex.so.1.5.0
67040000-67041000 rw-p 0001f000 08:06 1708460    /usr/lib/i386-linux-gnu/sse2/libspeex.so.1.5.0
67043000-67048000 r-xp 00000000 08:06 405641     /usr/lib/vlc/plugins/packetizer/libpacketizer_dirac_plugin.so
67048000-67049000 r--p 00005000 08:06 405641     /usr/lib/vlc/plugins/packetizer/libpacketizer_dirac_plugin.so
67049000-6704a000 rw-p 00006000 08:06 405641     /usr/lib/vlc/plugins/packetizer/libpacketizer_dirac_plugin.so
6704a000-67050000 r-xp 00000000 08:06 405451     /usr/lib/vlc/plugins/codec/libtheora_plugin.so
67050000-67051000 r--p 00005000 08:06 405451     /usr/lib/vlc/plugins/codec/libtheora_plugin.so
67051000-67052000 rw-p 00006000 08:06 405451     /usr/lib/vlc/plugins/codec/libtheora_plugin.so
67052000-67058000 r-xp 00000000 08:06 405479     /usr/lib/vlc/plugins/codec/libvorbis_plugin.so
67058000-67059000 r--p 00005000 08:06 405479     /usr/lib/vlc/plugins/codec/libvorbis_plugin.so
67059000-6705a000 rw-p 00006000 08:06 405479     /usr/lib/vlc/plugins/codec/libvorbis_plugin.so
6705a000-67060000 r-xp 00000000 08:06 405478     /usr/lib/vlc/plugins/codec/libspeex_plugin.so
67060000-67061000 r--p 00005000 08:06 405478     /usr/lib/vlc/plugins/codec/libspeex_plugin.so
67061000-67062000 rw-p 00006000 08:06 405478     /usr/lib/vlc/plugins/codec/libspeex_plugin.so
67062000-67064000 r-xp 00000000 08:06 405483     /usr/lib/vlc/plugins/codec/libaes3_plugin.so
67064000-67065000 r--p 00001000 08:06 405483     /usr/lib/vlc/plugins/codec/libaes3_plugin.so
67065000-67066000 rw-p 00002000 08:06 405483     /usr/lib/vlc/plugins/codec/libaes3_plugin.so
67066000-67068000 r-xp 00000000 08:06 405480     /usr/lib/vlc/plugins/codec/librawvideo_plugin.so
67068000-67069000 r--p 00001000 08:06 405480     /usr/lib/vlc/plugins/codec/librawvideo_plugin.so
67069000-6706a000 rw-p 00002000 08:06 405480     /usr/lib/vlc/plugins/codec/librawvideo_plugin.so
6706a000-6706f000 r-xp 00000000 08:06 280640     /usr/lib/vlc/plugins/demux/libes_plugin.so
6706f000-67070000 r--p 00004000 08:06 280640     /usr/lib/vlc/plugins/demux/libes_plugin.so
67070000-67071000 rw-p 00005000 08:06 280640     /usr/lib/vlc/plugins/demux/libes_plugin.so
67071000-6707d000 r-xp 00000000 08:06 280632     /usr/lib/vlc/plugins/demux/libasf_plugin.so
6707d000-6707e000 r--p 0000b000 08:06 280632     /usr/lib/vlc/plugins/demux/libasf_plugin.so
6707e000-6707f000 rw-p 0000c000 08:06 280632     /usr/lib/vlc/plugins/demux/libasf_plugin.so
6707f000-67082000 ---p 00000000 00:00 0 
67082000-67100000 rw-p 00000000 00:00 0          [stack:25097]
67100000-671f9000 rw-p 00000000 00:00 0 
671f9000-67200000 ---p 00000000 00:00 0 
67200000-672e3000 rw-p 00000000 00:00 0 
672e3000-67300000 ---p 00000000 00:00 0 
67300000-673f9000 rw-p 00000000 00:00 0 
673f9000-67400000 ---p 00000000 00:00 0 
67401000-67411000 r-xp 00000000 08:06 280639     /usr/lib/vlc/plugins/demux/libavi_plugin.so
67411000-67412000 r--p 00010000 08:06 280639     /usr/lib/vlc/plugins/demux/libavi_plugin.so
67412000-67413000 rw-p 00011000 08:06 280639     /usr/lib/vlc/plugins/demux/libavi_plugin.so
67413000-67437000 r-xp 00000000 08:06 280624     /usr/lib/vlc/plugins/demux/libmp4_plugin.so
67437000-67438000 r--p 00024000 08:06 280624     /usr/lib/vlc/plugins/demux/libmp4_plugin.so
67438000-67439000 rw-p 00025000 08:06 280624     /usr/lib/vlc/plugins/demux/libmp4_plugin.so
67439000-67454000 r-xp 00000000 08:06 405646     /usr/lib/vlc/plugins/stream_filter/libstream_filter_dash_plugin.so
67454000-67455000 r--p 0001b000 08:06 405646     /usr/lib/vlc/plugins/stream_filter/libstream_filter_dash_plugin.so
67455000-67456000 rw-p 0001c000 08:06 405646     /usr/lib/vlc/plugins/stream_filter/libstream_filter_dash_plugin.so
67456000-67474000 r-xp 00000000 08:06 1706115    /usr/lib/i386-linux-gnu/libdvdread.so.4.1.2
67474000-67475000 r--p 0001d000 08:06 1706115    /usr/lib/i386-linux-gnu/libdvdread.so.4.1.2
67475000-67476000 rw-p 0001e000 08:06 1706115    /usr/lib/i386-linux-gnu/libdvdread.so.4.1.2
67476000-6748c000 r--s 00000000 08:06 656603     /usr/share/fonts/type1/gsfonts/n022024l.pfb
6748c000-674a4000 r--s 00000000 08:06 656594     /usr/share/fonts/type1/gsfonts/n022003l.pfb
674a6000-674a8000 r-xp 00000000 08:06 405602     /usr/lib/vlc/plugins/services_discovery/libmtp_plugin.so
674a8000-674a9000 r--p 00001000 08:06 405602     /usr/lib/vlc/plugins/services_discovery/libmtp_plugin.so
674a9000-674aa000 rw-p 00002000 08:06 405602     /usr/lib/vlc/plugins/services_discovery/libmtp_plugin.so
674aa000-674ae000 r-xp 00000000 08:06 405462     /usr/lib/vlc/plugins/codec/liblpcm_plugin.so
674ae000-674af000 r--p 00003000 08:06 405462     /usr/lib/vlc/plugins/codec/liblpcm_plugin.so
674af000-674b0000 rw-p 00004000 08:06 405462     /usr/lib/vlc/plugins/codec/liblpcm_plugin.so
674b0000-674b4000 r-xp 00000000 08:06 280647     /usr/lib/vlc/plugins/demux/libflacsys_plugin.so
674b4000-674b5000 r--p 00004000 08:06 280647     /usr/lib/vlc/plugins/demux/libflacsys_plugin.so
674b5000-674b6000 rw-p 00005000 08:06 280647     /usr/lib/vlc/plugins/demux/libflacsys_plugin.so
674b6000-674b9000 r-xp 00000000 08:06 1720599    /usr/lib/vlc/plugins/access/libstream_filter_rar_plugin.so
674b9000-674ba000 r--p 00002000 08:06 1720599    /usr/lib/vlc/plugins/access/libstream_filter_rar_plugin.so
674ba000-674bb000 rw-p 00003000 08:06 1720599    /usr/lib/vlc/plugins/access/libstream_filter_rar_plugin.so
674bb000-674c3000 r-xp 00000000 08:06 1720591    /usr/lib/vlc/plugins/access/libzip_plugin.so
674c3000-674c4000 r--p 00007000 08:06 1720591    /usr/lib/vlc/plugins/access/libzip_plugin.so
674c4000-674c5000 rw-p 00008000 08:06 1720591    /usr/lib/vlc/plugins/access/libzip_plugin.so
674c5000-674d9000 r-xp 00000000 08:06 1706111    /usr/lib/i386-linux-gnu/libdvdnav.so.4.1.2
674d9000-674da000 r--p 00013000 08:06 1706111    /usr/lib/i386-linux-gnu/libdvdnav.so.4.1.2
674da000-674db000 rw-p 00014000 08:06 1706111    /usr/lib/i386-linux-gnu/libdvdnav.so.4.1.2
674dc000-674df000 r-xp 00000000 08:06 405644     /usr/lib/vlc/plugins/stream_filter/libdecomp_plugin.so
674df000-674e0000 r--p 00002000 08:06 405644     /usr/lib/vlc/plugins/stream_filter/libdecomp_plugin.so
674e0000-674e1000 rw-p 00003000 08:06 405644     /usr/lib/vlc/plugins/stream_filter/libdecomp_plugin.so
674e1000-674eb000 r-xp 00000000 08:06 405643     /usr/lib/vlc/plugins/stream_filter/libstream_filter_httplive_plugin.so
674eb000-674ec000 r--p 00009000 08:06 405643     /usr/lib/vlc/plugins/stream_filter/libstream_filter_httplive_plugin.so
674ec000-674ed000 rw-p 0000a000 08:06 405643     /usr/lib/vlc/plugins/stream_filter/libstream_filter_httplive_plugin.so
674ed000-674f2000 r-xp 00000000 08:06 1720610    /usr/lib/vlc/plugins/access/libaccess_vdr_plugin.so
674f2000-674f3000 r--p 00004000 08:06 1720610    /usr/lib/vlc/plugins/access/libaccess_vdr_plugin.so
674f3000-674f4000 rw-p 00005000 08:06 1720610    /usr/lib/vlc/plugins/access/libaccess_vdr_plugin.so
674f4000-674fe000 r-xp 00000000 08:06 1720582    /usr/lib/vlc/plugins/access/libdvdnav_plugin.so
674fe000-674ff000 r--p 0000a000 08:06 1720582    /usr/lib/vlc/plugins/access/libdvdnav_plugin.so
674ff000-67500000 rw-p 0000b000 08:06 1720582    /usr/lib/vlc/plugins/access/libdvdnav_plugin.so
67500000-675ff000 rw-p 00000000 00:00 0 
675ff000-67600000 ---p 00000000 00:00 0 
67602000-67636000 r-xp 00000000 08:06 1720482    /usr/lib/i386-linux-gnu/libbluray.so.1.2.0
67636000-67637000 ---p 00034000 08:06 1720482    /usr/lib/i386-linux-gnu/libbluray.so.1.2.0
67637000-67638000 r--p 00034000 08:06 1720482    /usr/lib/i386-linux-gnu/libbluray.so.1.2.0
67638000-67639000 rw-p 00035000 08:06 1720482    /usr/lib/i386-linux-gnu/libbluray.so.1.2.0
67639000-6763b000 r-xp 00000000 08:06 405645     /usr/lib/vlc/plugins/stream_filter/libstream_filter_record_plugin.so
6763b000-6763c000 r--p 00001000 08:06 405645     /usr/lib/vlc/plugins/stream_filter/libstream_filter_record_plugin.so
6763c000-6763d000 rw-p 00002000 08:06 405645     /usr/lib/vlc/plugins/stream_filter/libstream_filter_record_plugin.so
6763d000-67650000 r-xp 00000000 08:06 1720590    /usr/lib/vlc/plugins/access/libaccess_bd_plugin.so
67650000-67651000 r--p 00012000 08:06 1720590    /usr/lib/vlc/plugins/access/libaccess_bd_plugin.so
67651000-67652000 rw-p 00013000 08:06 1720590    /usr/lib/vlc/plugins/access/libaccess_bd_plugin.so
67652000-67657000 r-xp 00000000 08:06 1720612    /usr/lib/vlc/plugins/access/liblibbluray_plugin.so
67657000-67658000 r--p 00004000 08:06 1720612    /usr/lib/vlc/plugins/access/liblibbluray_plugin.so
67658000-67659000 rw-p 00005000 08:06 1720612    /usr/lib/vlc/plugins/access/liblibbluray_plugin.so
67659000-676fd000 r-xp 00000000 08:06 1439053    /tmp/sqlite-3.7.151-i386-libsqlitejdbc.so
676fd000-676fe000 r--p 000a4000 08:06 1439053    /tmp/sqlite-3.7.151-i386-libsqlitejdbc.so
676fe000-676ff000 rw-p 000a5000 08:06 1439053    /tmp/sqlite-3.7.151-i386-libsqlitejdbc.so
676ff000-67700000 rw-p 00000000 00:00 0 
67700000-677f4000 rw-p 00000000 00:00 0 
677f4000-67800000 ---p 00000000 00:00 0 
67800000-67804000 r-xp 00000000 08:06 1720609    /usr/lib/vlc/plugins/access/libfilesystem_plugin.so
67804000-67805000 r--p 00003000 08:06 1720609    /usr/lib/vlc/plugins/access/libfilesystem_plugin.so
67805000-67806000 rw-p 00004000 08:06 1720609    /usr/lib/vlc/plugins/access/libfilesystem_plugin.so
67806000-6780d000 r--s 00000000 08:06 1707538    /usr/lib/i386-linux-gnu/gconv/gconv-modules.cache
6780d000-67810000 ---p 00000000 00:00 0 
67810000-6785e000 rw-p 00000000 00:00 0          [stack:17487]
6785e000-67861000 ---p 00000000 00:00 0 
67861000-678af000 rw-p 00000000 00:00 0          [stack:17478]
678af000-678b2000 ---p 00000000 00:00 0 
678b2000-67900000 rw-p 00000000 00:00 0          [stack:17477]
67900000-67929000 rw-p 00000000 00:00 0 
67929000-67a00000 ---p 00000000 00:00 0 
67a01000-67a02000 rwxp 00000000 00:00 0 
67a02000-67a03000 r-xp 00000000 08:06 1708656    /usr/lib/jvm/java-7-openjdk-i386/jre/lib/i386/libjawt.so
67a03000-67a04000 r--p 00000000 08:06 1708656    /usr/lib/jvm/java-7-openjdk-i386/jre/lib/i386/libjawt.so
67a04000-67a05000 rw-p 00001000 08:06 1708656    /usr/lib/jvm/java-7-openjdk-i386/jre/lib/i386/libjawt.so
67a05000-67a06000 rw-p 00000000 00:00 0 
67a06000-67a39000 rw-s 00000000 00:04 15040545   /SYSV00000000 (deleted)
67a39000-67a3e000 r--s 0004c000 08:06 1708535    /usr/lib/jvm/java-7-openjdk-common/jre/lib/jsse.jar
67a3e000-67a4f000 r-xp 00000000 08:06 1708665    /usr/lib/jvm/java-7-openjdk-i386/jre/lib/i386/libnio.so
67a4f000-67a50000 r--p 00010000 08:06 1708665    /usr/lib/jvm/java-7-openjdk-i386/jre/lib/i386/libnio.so
67a50000-67a51000 rw-p 00011000 08:06 1708665    /usr/lib/jvm/java-7-openjdk-i386/jre/lib/i386/libnio.so
67a51000-67a52000 r--s 00000000 08:06 936139     /var/cache/fontconfig/c05880de57d1f5e948fdfacc138775d9-le32d4.cache-3
67a52000-67a58000 r--s 00000000 08:06 936131     /var/cache/fontconfig/945677eb7aeaf62f1d50efc3fb3ec7d8-le32d4.cache-3
67a58000-67a5b000 r--s 00000000 08:06 938992     /var/cache/fontconfig/99e8ed0e538f840c565b6ed5dad60d56-le32d4.cache-3
67a5b000-67a61000 r--s 00000000 08:06 936659     /var/cache/fontconfig/a6d8cf8e4ec09cdbc8633c31745a07dd-le32d4.cache-3
67a61000-67a64000 r--s 00000000 08:06 936113     /var/cache/fontconfig/2cd17615ca594fa2959ae173292e504c-le32d4.cache-3
67a64000-67a65000 r--s 00000000 08:06 936148     /var/cache/fontconfig/e7071f4a29fa870f4323321c154eba04-le32d4.cache-3
67a65000-67a69000 r--s 00000000 08:06 936658     /var/cache/fontconfig/6eb3985aa4124903f6ff08ba781cd364-le32d4.cache-3
67a69000-67a6a000 r--s 00000000 08:06 936110     /var/cache/fontconfig/0d8c3b2ac0904cb8a57a757ad11a4a08-le32d4.cache-3
67a6a000-67a6e000 r--s 00000000 08:06 936135     /var/cache/fontconfig/a755afe4a08bf5b97852ceb7400b47bc-le32d4.cache-3
67a6e000-67a75000 r--s 00000000 08:06 936126     /var/cache/fontconfig/6d41288fd70b0be22e8c3a91e032eec0-le32d4.cache-3
67a75000-67a80000 r--s 00000000 08:06 936108     /var/cache/fontconfig/04aabc0a78ac019cf9454389977116d2-le32d4.cache-3
67a80000-67a81000 r--s 00000000 08:06 936112     /var/cache/fontconfig/1ac9eb803944fde146138c791f5cc56a-le32d4.cache-3
67a81000-67a84000 r--s 00000000 08:06 936117     /var/cache/fontconfig/385c0604a188198f04d133e54aba7fe7-le32d4.cache-3
67a84000-67a85000 r--s 00000000 08:06 938732     /var/cache/fontconfig/9c956a7723ca69a44b382d9179c9802f-le32d4.cache-3
67a85000-67a86000 r--s 00000000 08:06 936145     /var/cache/fontconfig/dc05db6664285cc2f12bf69c139ae4c3-le32d4.cache-3
67a86000-67a88000 r--s 00000000 08:06 936128     /var/cache/fontconfig/767a8244fc0220cfb567a839d0392e0b-le32d4.cache-3
67a88000-67a89000 r--s 00000000 08:06 936118     /var/cache/fontconfig/4794a0821666d79190d59a36cb4f44b5-le32d4.cache-3
67a89000-67a8a000 r--s 00000000 08:06 938731     /var/cache/fontconfig/9eae20f1ff8cc0a7d125749e875856bd-le32d4.cache-3
67a8a000-67a8c000 r--s 00000000 08:06 938730     /var/cache/fontconfig/bf2c1853a9e9b00bb02fe2e9bcf1e201-le32d4.cache-3
67a8c000-67a8f000 r--s 00000000 08:06 936130     /var/cache/fontconfig/8801497958630a81b71ace7c5f9b32a8-le32d4.cache-3
67a8f000-67ab2000 r--s 00000000 08:06 938729     /var/cache/fontconfig/365b55f210c0a22e9a19e35191240f32-le32d4.cache-3
67ab2000-67ab4000 r--s 00000000 08:06 938722     /var/cache/fontconfig/c57959a16110560c8d0fcea73374aeeb-le32d4.cache-3
67ab4000-67ab8000 r--s 00000000 08:06 936114     /var/cache/fontconfig/3047814df9a2f067bd2d96a2b9c36e5a-le32d4.cache-3
67ab8000-67ab9000 r--s 00000000 08:06 936121     /var/cache/fontconfig/56cf4f4769d0f4abc89a4895d7bd3ae1-le32d4.cache-3
67ab9000-67aba000 r--s 00000000 08:06 936138     /var/cache/fontconfig/b9d506c9ac06c20b433354fa67a72993-le32d4.cache-3
67aba000-67abe000 r--s 00000000 08:06 936137     /var/cache/fontconfig/b47c4e1ecd0709278f4910c18777a504-le32d4.cache-3
67abe000-67ac0000 r--s 00000000 08:06 938728     /var/cache/fontconfig/14d493b97896515cad3840ba4896e372-le32d4.cache-3
67ac0000-67ac6000 r--s 00000000 08:06 936657     /var/cache/fontconfig/52f7bdb7ce746bfd7eaa1985bd9cfa93-le32d4.cache-3
67ac6000-67ac8000 r--s 00000000 08:06 936147     /var/cache/fontconfig/e49e89034d371f0f9de17aab02136486-le32d4.cache-3
67ac8000-67ad5000 r--s 00000000 08:06 936143     /var/cache/fontconfig/d52a8644073d54c13679302ca1180695-le32d4.cache-3
67ad5000-67adb000 r--s 00000000 08:06 936656     /var/cache/fontconfig/3f7329c5293ffd510edef78f73874cfd-le32d4.cache-3
67adb000-67ae2000 r--s 00000000 08:06 938721     /var/cache/fontconfig/83bf95040141907cd45bb53cf7c1c148-le32d4.cache-3
67ae2000-67aeb000 r--s 00000000 08:06 938720     /var/cache/fontconfig/53d14c92082a93e67d5078324eb314ca-le32d4.cache-3
67aeb000-67af8000 r--s 00000000 08:06 938717     /var/cache/fontconfig/4ac51e5cfbc76fc3f983e470323a16d3-le32d4.cache-3
67af8000-67b00000 r--s 00000000 08:06 938718     /var/cache/fontconfig/e13b20fdb08344e0e664864cc2ede53d-le32d4.cache-3
67b00000-67bf9000 rw-p 00000000 00:00 0 
67bf9000-67c00000 ---p 00000000 00:00 0 
67c00000-67c04000 r--s 00000000 08:06 940648     /var/cache/fontconfig/7ef2298fde41cc6eeb7af42e48b7d293-le32d4.cache-3
67c04000-67c15000 r--s 00000000 08:06 938993     /var/cache/fontconfig/467c019e582ee353435ea5c21d137ef6-le32d4.cache-3
67c15000-67c19000 r--s 00000000 08:06 394128     /home/gene/.cache/fontconfig/3ecda6abc85ff6f54114f03ae3c1fe72-le32d4.cache-3
67c19000-67c5c000 r-xp 00000000 08:06 1708645    /usr/lib/jvm/java-7-openjdk-i386/jre/lib/i386/libfontmanager.so
67c5c000-67c5d000 r--p 00043000 08:06 1708645    /usr/lib/jvm/java-7-openjdk-i386/jre/lib/i386/libfontmanager.so
67c5d000-67c5e000 rw-p 00044000 08:06 1708645    /usr/lib/jvm/java-7-openjdk-i386/jre/lib/i386/libfontmanager.so
67c5e000-67c61000 ---p 00000000 00:00 0 
67c61000-67caf000 rw-p 00000000 00:00 0          [stack:17474]
67caf000-67cb2000 ---p 00000000 00:00 0 
67cb2000-67d00000 rw-p 00000000 00:00 0          [stack:17473]
67d00000-67e00000 rw-p 00000000 00:00 0 
67e00000-67e02000 r--s 00000000 08:06 938726     /var/cache/fontconfig/65f976e5259cbe6dc7697b8648396239-le32d4.cache-3
67e02000-68f71000 r-xp 00000000 08:06 1706398    /usr/lib/i386-linux-gnu/libicudata.so.48.1.1
68f71000-68f72000 r--p 0116e000 08:06 1706398    /usr/lib/i386-linux-gnu/libicudata.so.48.1.1
68f72000-68f73000 rw-p 0116f000 08:06 1706398    /usr/lib/i386-linux-gnu/libicudata.so.48.1.1
68f73000-68f76000 r-xp 00000000 08:06 262501     /lib/i386-linux-gnu/libgpg-error.so.0.8.0
68f76000-68f77000 r--p 00002000 08:06 262501     /lib/i386-linux-gnu/libgpg-error.so.0.8.0
68f77000-68f78000 rw-p 00003000 08:06 262501     /lib/i386-linux-gnu/libgpg-error.so.0.8.0
68f78000-68f7a000 r-xp 00000000 08:06 262512     /lib/i386-linux-gnu/libkeyutils.so.1.4
68f7a000-68f7b000 r--p 00002000 08:06 262512     /lib/i386-linux-gnu/libkeyutils.so.1.4
68f7b000-68f7c000 rw-p 00003000 08:06 262512     /lib/i386-linux-gnu/libkeyutils.so.1.4
68f7c000-690d2000 r-xp 00000000 08:06 1706412    /usr/lib/i386-linux-gnu/libicuuc.so.48.1.1
690d2000-690dc000 r--p 00155000 08:06 1706412    /usr/lib/i386-linux-gnu/libicuuc.so.48.1.1
690dc000-690dd000 rw-p 0015f000 08:06 1706412    /usr/lib/i386-linux-gnu/libicuuc.so.48.1.1
690dd000-690e1000 rw-p 00000000 00:00 0 
690e1000-69114000 r-xp 00000000 08:06 1706404    /usr/lib/i386-linux-gnu/libicule.so.48.1.1
69114000-69115000 ---p 00033000 08:06 1706404    /usr/lib/i386-linux-gnu/libicule.so.48.1.1
69115000-69116000 r--p 00033000 08:06 1706404    /usr/lib/i386-linux-gnu/libicule.so.48.1.1
69116000-69117000 rw-p 00034000 08:06 1706404    /usr/lib/i386-linux-gnu/libicule.so.48.1.1
69117000-6915f000 r-xp 00000000 08:06 262482     /lib/i386-linux-gnu/libdbus-1.so.3.7.2
6915f000-69160000 r--p 00047000 08:06 262482     /lib/i386-linux-gnu/libdbus-1.so.3.7.2
69160000-69161000 rw-p 00048000 08:06 262482     /lib/i386-linux-gnu/libdbus-1.so.3.7.2
69161000-69173000 r-xp 00000000 08:06 1706541    /usr/lib/i386-linux-gnu/libp11-kit.so.0.0.0
69173000-69174000 r--p 00011000 08:06 1706541    /usr/lib/i386-linux-gnu/libp11-kit.so.0.0.0
69174000-69175000 rw-p 00012000 08:06 1706541    /usr/lib/i386-linux-gnu/libp11-kit.so.0.0.0
69175000-69185000 r-xp 00000000 08:06 1706699    /usr/lib/i386-linux-gnu/libtasn1.so.3.2.0
69185000-69186000 r--p 0000f000 08:06 1706699    /usr/lib/i386-linux-gnu/libtasn1.so.3.2.0
69186000-69187000 rw-p 00010000 08:06 1706699    /usr/lib/i386-linux-gnu/libtasn1.so.3.2.0
69187000-69208000 r-xp 00000000 08:06 262497     /lib/i386-linux-gnu/libgcrypt.so.11.7.0
69208000-69209000 r--p 00080000 08:06 262497     /lib/i386-linux-gnu/libgcrypt.so.11.7.0
69209000-6920b000 rw-p 00081000 08:06 262497     /lib/i386-linux-gnu/libgcrypt.so.11.7.0
6920b000-69212000 r-xp 00000000 08:06 1706449    /usr/lib/i386-linux-gnu/libkrb5support.so.0.1
69212000-69213000 r--p 00006000 08:06 1706449    /usr/lib/i386-linux-gnu/libkrb5support.so.0.1
69213000-69214000 rw-p 00007000 08:06 1706449    /usr/lib/i386-linux-gnu/libkrb5support.so.0.1
69214000-69217000 r-xp 00000000 08:06 262477     /lib/i386-linux-gnu/libcom_err.so.2.1
69217000-69218000 r--p 00002000 08:06 262477     /lib/i386-linux-gnu/libcom_err.so.2.1
69218000-69219000 rw-p 00003000 08:06 262477     /lib/i386-linux-gnu/libcom_err.so.2.1
69219000-6923f000 r-xp 00000000 08:06 1706443    /usr/lib/i386-linux-gnu/libk5crypto.so.3.1
6923f000-69240000 r--p 00026000 08:06 1706443    /usr/lib/i386-linux-gnu/libk5crypto.so.3.1
69240000-69241000 rw-p 00027000 08:06 1706443    /usr/lib/i386-linux-gnu/libk5crypto.so.3.1
69241000-69308000 r-xp 00000000 08:06 1706447    /usr/lib/i386-linux-gnu/libkrb5.so.3.3
69308000-6930e000 r--p 000c6000 08:06 1706447    /usr/lib/i386-linux-gnu/libkrb5.so.3.3
6930e000-6930f000 rw-p 000cc000 08:06 1706447    /usr/lib/i386-linux-gnu/libkrb5.so.3.3
6930f000-693a7000 r-xp 00000000 08:06 1706380    /usr/lib/i386-linux-gnu/libharfbuzz.so.0.913.0
693a7000-693a8000 ---p 00098000 08:06 1706380    /usr/lib/i386-linux-gnu/libharfbuzz.so.0.913.0
693a8000-693a9000 r--p 00098000 08:06 1706380    /usr/lib/i386-linux-gnu/libharfbuzz.so.0.913.0
693a9000-693aa000 rw-p 00099000 08:06 1706380    /usr/lib/i386-linux-gnu/libharfbuzz.so.0.913.0
693aa000-693b2000 r-xp 00000000 08:06 1706787    /usr/lib/i386-linux-gnu/libxcb-render.so.0.0.0
693b2000-693b3000 r--p 00008000 08:06 1706787    /usr/lib/i386-linux-gnu/libxcb-render.so.0.0.0
693b3000-693b4000 rw-p 00009000 08:06 1706787    /usr/lib/i386-linux-gnu/libxcb-render.so.0.0.0
693b4000-693b6000 r-xp 00000000 08:06 1706791    /usr/lib/i386-linux-gnu/libxcb-shm.so.0.0.0
693b6000-693b7000 r--p 00001000 08:06 1706791    /usr/lib/i386-linux-gnu/libxcb-shm.so.0.0.0
693b7000-693b8000 rw-p 00002000 08:06 1706791    /usr/lib/i386-linux-gnu/libxcb-shm.so.0.0.0
693b8000-693df000 r-xp 00000000 08:06 262578     /lib/i386-linux-gnu/libpng12.so.0.49.0
693df000-693e0000 r--p 00026000 08:06 262578     /lib/i386-linux-gnu/libpng12.so.0.49.0
693e0000-693e1000 rw-p 00027000 08:06 262578     /lib/i386-linux-gnu/libpng12.so.0.49.0
693e1000-69475000 r-xp 00000000 08:06 1706571    /usr/lib/i386-linux-gnu/libpixman-1.so.0.28.2
69475000-6947a000 r--p 00093000 08:06 1706571    /usr/lib/i386-linux-gnu/libpixman-1.so.0.28.2
6947a000-6947b000 rw-p 00098000 08:06 1706571    /usr/lib/i386-linux-gnu/libpixman-1.so.0.28.2
6947b000-69480000 r-xp 00000000 08:06 1705898    /usr/lib/i386-linux-gnu/libXdmcp.so.6.0.0
69480000-69481000 r--p 00004000 08:06 1705898    /usr/lib/i386-linux-gnu/libXdmcp.so.6.0.0
69481000-69482000 rw-p 00005000 08:06 1705898    /usr/lib/i386-linux-gnu/libXdmcp.so.6.0.0
69482000-69484000 r-xp 00000000 08:06 1705887    /usr/lib/i386-linux-gnu/libXau.so.6.0.0
69484000-69485000 r--p 00001000 08:06 1705887    /usr/lib/i386-linux-gnu/libXau.so.6.0.0
69485000-69486000 rw-p 00002000 08:06 1705887    /usr/lib/i386-linux-gnu/libXau.so.6.0.0
69486000-69496000 r-xp 00000000 08:06 1705977    /usr/lib/i386-linux-gnu/libavahi-client.so.3.2.9
69496000-69497000 r--p 0000f000 08:06 1705977    /usr/lib/i386-linux-gnu/libavahi-client.so.3.2.9
69497000-69498000 rw-p 00010000 08:06 1705977    /usr/lib/i386-linux-gnu/libavahi-client.so.3.2.9
69498000-694a4000 r-xp 00000000 08:06 1705979    /usr/lib/i386-linux-gnu/libavahi-common.so.3.5.3
694a4000-694a5000 r--p 0000b000 08:06 1705979    /usr/lib/i386-linux-gnu/libavahi-common.so.3.5.3
694a5000-694a6000 rw-p 0000c000 08:06 1705979    /usr/lib/i386-linux-gnu/libavahi-common.so.3.5.3
694a6000-69566000 r-xp 00000000 08:06 1706251    /usr/lib/i386-linux-gnu/libgnutls.so.26.22.6
69566000-6956a000 r--p 000bf000 08:06 1706251    /usr/lib/i386-linux-gnu/libgnutls.so.26.22.6
6956a000-6956b000 rw-p 000c3000 08:06 1706251    /usr/lib/i386-linux-gnu/libgnutls.so.26.22.6
6956b000-695a6000 r-xp 00000000 08:06 1706276    /usr/lib/i386-linux-gnu/libgssapi_krb5.so.2.2
695a6000-695a7000 r--p 0003a000 08:06 1706276    /usr/lib/i386-linux-gnu/libgssapi_krb5.so.2.2
695a7000-695a8000 rw-p 0003b000 08:06 1706276    /usr/lib/i386-linux-gnu/libgssapi_krb5.so.2.2
695a8000-695e7000 r-xp 00000000 08:06 262566     /lib/i386-linux-gnu/libpcre.so.3.13.1
695e7000-695e8000 r--p 0003f000 08:06 262566     /lib/i386-linux-gnu/libpcre.so.3.13.1
695e8000-695e9000 rw-p 00040000 08:06 262566     /lib/i386-linux-gnu/libpcre.so.3.13.1
695e9000-695ee000 r-xp 00000000 08:06 1706141    /usr/lib/i386-linux-gnu/libffi.so.6.0.1
695ee000-695ef000 r--p 00005000 08:06 1706141    /usr/lib/i386-linux-gnu/libffi.so.6.0.1
695ef000-695f0000 rw-p 00006000 08:06 1706141    /usr/lib/i386-linux-gnu/libffi.so.6.0.1
695f0000-69615000 r-xp 00000000 08:06 262490     /lib/i386-linux-gnu/libexpat.so.1.6.0
69615000-69617000 r--p 00025000 08:06 262490     /lib/i386-linux-gnu/libexpat.so.1.6.0
69617000-69618000 rw-p 00027000 08:06 262490     /lib/i386-linux-gnu/libexpat.so.1.6.0
69618000-696ae000 r-xp 00000000 08:06 1706179    /usr/lib/i386-linux-gnu/libfreetype.so.6.10.0
696ae000-696b2000 r--p 00095000 08:06 1706179    /usr/lib/i386-linux-gnu/libfreetype.so.6.10.0
696b2000-696b3000 rw-p 00099000 08:06 1706179    /usr/lib/i386-linux-gnu/libfreetype.so.6.10.0
696b3000-696c6000 r-xp 00000000 08:06 262589     /lib/i386-linux-gnu/libresolv-2.17.so
696c6000-696c7000 r--p 00013000 08:06 262589     /lib/i386-linux-gnu/libresolv-2.17.so
696c7000-696c8000 rw-p 00014000 08:06 262589     /lib/i386-linux-gnu/libresolv-2.17.so
696c8000-696ca000 rw-p 00000000 00:00 0 
696ca000-696e7000 r-xp 00000000 08:06 262593     /lib/i386-linux-gnu/libselinux.so.1
696e7000-696e8000 r--p 0001c000 08:06 262593     /lib/i386-linux-gnu/libselinux.so.1
696e8000-696e9000 rw-p 0001d000 08:06 262593     /lib/i386-linux-gnu/libselinux.so.1
696e9000-696eb000 r-xp 00000000 08:06 1705896    /usr/lib/i386-linux-gnu/libXdamage.so.1.1.0
696eb000-696ec000 r--p 00001000 08:06 1705896    /usr/lib/i386-linux-gnu/libXdamage.so.1.1.0
696ec000-696ed000 rw-p 00002000 08:06 1705896    /usr/lib/i386-linux-gnu/libXdamage.so.1.1.0
696ed000-696f6000 r-xp 00000000 08:06 1705894    /usr/lib/i386-linux-gnu/libXcursor.so.1.0.2
696f6000-696f7000 r--p 00008000 08:06 1705894    /usr/lib/i386-linux-gnu/libXcursor.so.1.0.2
696f7000-696f8000 rw-p 00009000 08:06 1705894    /usr/lib/i386-linux-gnu/libXcursor.so.1.0.2
696f8000-69701000 r-xp 00000000 08:06 1705918    /usr/lib/i386-linux-gnu/libXrandr.so.2.2.0
69701000-69702000 r--p 00008000 08:06 1705918    /usr/lib/i386-linux-gnu/libXrandr.so.2.2.0
69702000-69703000 rw-p 00009000 08:06 1705918    /usr/lib/i386-linux-gnu/libXrandr.so.2.2.0
69703000-69715000 r-xp 00000000 08:06 1706553    /usr/lib/i386-linux-gnu/libpangoft2-1.0.so.0.3200.5
69715000-69716000 r--p 00011000 08:06 1706553    /usr/lib/i386-linux-gnu/libpangoft2-1.0.so.0.3200.5
69716000-69717000 rw-p 00012000 08:06 1706553    /usr/lib/i386-linux-gnu/libpangoft2-1.0.so.0.3200.5
69717000-6982a000 r-xp 00000000 08:06 1706005    /usr/lib/i386-linux-gnu/libcairo.so.2.11200.14
6982a000-6982c000 r--p 00113000 08:06 1706005    /usr/lib/i386-linux-gnu/libcairo.so.2.11200.14
6982c000-6982d000 rw-p 00115000 08:06 1706005    /usr/lib/i386-linux-gnu/libcairo.so.2.11200.14
6982d000-6982e000 rw-p 00000000 00:00 0 
6982e000-6984c000 r-xp 00000000 08:06 1705967    /usr/lib/i386-linux-gnu/libatk-1.0.so.0.20809.1
6984c000-6984e000 r--p 0001d000 08:06 1705967    /usr/lib/i386-linux-gnu/libatk-1.0.so.0.20809.1
6984e000-6984f000 rw-p 0001f000 08:06 1705967    /usr/lib/i386-linux-gnu/libatk-1.0.so.0.20809.1
6984f000-6985a000 r-xp 00000000 08:06 1706551    /usr/lib/i386-linux-gnu/libpangocairo-1.0.so.0.3200.5
6985a000-6985b000 r--p 0000a000 08:06 1706551    /usr/lib/i386-linux-gnu/libpangocairo-1.0.so.0.3200.5
6985b000-6985c000 rw-p 0000b000 08:06 1706551    /usr/lib/i386-linux-gnu/libpangocairo-1.0.so.0.3200.5
6985c000-698b6000 r-xp 00000000 08:06 1706064    /usr/lib/i386-linux-gnu/libcups.so.2
698b6000-698b7000 ---p 0005a000 08:06 1706064    /usr/lib/i386-linux-gnu/libcups.so.2
698b7000-698ba000 r--p 0005a000 08:06 1706064    /usr/lib/i386-linux-gnu/libcups.so.2
698ba000-698bb000 rw-p 0005d000 08:06 1706064    /usr/lib/i386-linux-gnu/libcups.so.2
698bb000-699ba000 r-xp 00000000 08:06 262499     /lib/i386-linux-gnu/libglib-2.0.so.0.3600.0
699ba000-699bb000 r--p 000fe000 08:06 262499     /lib/i386-linux-gnu/libglib-2.0.so.0.3600.0
699bb000-699bc000 rw-p 000ff000 08:06 262499     /lib/i386-linux-gnu/libglib-2.0.so.0.3600.0
699bc000-69a0a000 r-xp 00000000 08:06 1706257    /usr/lib/i386-linux-gnu/libgobject-2.0.so.0.3600.0
69a0a000-69a0b000 r--p 0004d000 08:06 1706257    /usr/lib/i386-linux-gnu/libgobject-2.0.so.0.3600.0
69a0b000-69a0c000 rw-p 0004e000 08:06 1706257    /usr/lib/i386-linux-gnu/libgobject-2.0.so.0.3600.0
69a0c000-69a43000 r-xp 00000000 08:06 1706167    /usr/lib/i386-linux-gnu/libfontconfig.so.1.6.2
69a43000-69a44000 r--p 00036000 08:06 1706167    /usr/lib/i386-linux-gnu/libfontconfig.so.1.6.2
69a44000-69a45000 rw-p 00037000 08:06 1706167    /usr/lib/i386-linux-gnu/libfontconfig.so.1.6.2
69a45000-69a8e000 r-xp 00000000 08:06 1706549    /usr/lib/i386-linux-gnu/libpango-1.0.so.0.3200.5
69a8e000-69a8f000 r--p 00049000 08:06 1706549    /usr/lib/i386-linux-gnu/libpango-1.0.so.0.3200.5
69a8f000-69a90000 rw-p 0004a000 08:06 1706549    /usr/lib/i386-linux-gnu/libpango-1.0.so.0.3200.5
69a90000-69bf0000 r-xp 00000000 08:06 1706227    /usr/lib/i386-linux-gnu/libgio-2.0.so.0.3600.0
69bf0000-69bf2000 r--p 00160000 08:06 1706227    /usr/lib/i386-linux-gnu/libgio-2.0.so.0.3600.0
69bf2000-69bf3000 rw-p 00162000 08:06 1706227    /usr/lib/i386-linux-gnu/libgio-2.0.so.0.3600.0
69bf3000-69bf4000 rw-p 00000000 00:00 0 
69bf4000-69c9f000 r-xp 00000000 08:06 1706206    /usr/lib/i386-linux-gnu/libgdk-x11-2.0.so.0.2400.17
69c9f000-69ca1000 r--p 000ab000 08:06 1706206    /usr/lib/i386-linux-gnu/libgdk-x11-2.0.so.0.2400.17
69ca1000-69ca2000 rw-p 000ad000 08:06 1706206    /usr/lib/i386-linux-gnu/libgdk-x11-2.0.so.0.2400.17
69ca2000-6a103000 r-xp 00000000 08:06 1706364    /usr/lib/i386-linux-gnu/libgtk-x11-2.0.so.0.2400.17
6a103000-6a107000 r--p 00461000 08:06 1706364    /usr/lib/i386-linux-gnu/libgtk-x11-2.0.so.0.2400.17
6a107000-6a109000 rw-p 00465000 08:06 1706364    /usr/lib/i386-linux-gnu/libgtk-x11-2.0.so.0.2400.17
6a109000-6a10b000 rw-p 00000000 00:00 0 
6a10b000-6a23e000 r-xp 00000000 08:06 1706796    /usr/lib/i386-linux-gnu/libX11.so.6.3.0
6a23e000-6a23f000 r--p 00132000 08:06 1706796    /usr/lib/i386-linux-gnu/libX11.so.6.3.0
6a23f000-6a242000 rw-p 00133000 08:06 1706796    /usr/lib/i386-linux-gnu/libX11.so.6.3.0
6a242000-6a2d4000 r-xp 00000000 08:06 1708643    /usr/lib/jvm/java-7-openjdk-i386/jre/lib/i386/libawt.so
6a2d4000-6a2d5000 r--p 00091000 08:06 1708643    /usr/lib/jvm/java-7-openjdk-i386/jre/lib/i386/libawt.so
6a2d5000-6a2dc000 rw-p 00092000 08:06 1708643    /usr/lib/jvm/java-7-openjdk-i386/jre/lib/i386/libawt.so
6a2dc000-6a300000 rw-p 00000000 00:00 0 
6a300000-6a400000 rw-p 00000000 00:00 0 
6a400000-6a401000 r--s 00000000 08:06 938727     /var/cache/fontconfig/89034621ae2a8922916bb6bfa5799546-le32d4.cache-3
6a401000-6a403000 r-xp 00000000 08:06 1705892    /usr/lib/i386-linux-gnu/libXcomposite.so.1.0.0
6a403000-6a404000 r--p 00001000 08:06 1705892    /usr/lib/i386-linux-gnu/libXcomposite.so.1.0.0
6a404000-6a405000 rw-p 00002000 08:06 1705892    /usr/lib/i386-linux-gnu/libXcomposite.so.1.0.0
6a405000-6a425000 r-xp 00000000 08:06 1720908    /usr/lib/i386-linux-gnu/libxcb.so.1.1.0
6a425000-6a426000 r--p 0001f000 08:06 1720908    /usr/lib/i386-linux-gnu/libxcb.so.1.1.0
6a426000-6a427000 rw-p 00020000 08:06 1720908    /usr/lib/i386-linux-gnu/libxcb.so.1.1.0
6a427000-6a479000 r-xp 00000000 08:06 1708686    /usr/lib/jvm/java-7-openjdk-i386/jre/lib/i386/xawt/libmawt.so
6a479000-6a47a000 r--p 00051000 08:06 1708686    /usr/lib/jvm/java-7-openjdk-i386/jre/lib/i386/xawt/libmawt.so
6a47a000-6a47c000 rw-p 00052000 08:06 1708686    /usr/lib/jvm/java-7-openjdk-i386/jre/lib/i386/xawt/libmawt.so
6a47c000-6a47d000 rw-p 00000000 00:00 0 
6a47d000-6a47e000 ---p 00000000 00:00 0 
6a47e000-6a4fe000 rw-p 00000000 00:00 0          [stack:17470]
6a4fe000-6a501000 ---p 00000000 00:00 0 
6a501000-6a57f000 rw-p 00000000 00:00 0          [stack:17468]
6a57f000-6a582000 ---p 00000000 00:00 0 
6a582000-6a600000 rw-p 00000000 00:00 0          [stack:17467]
6a600000-6a800000 r--p 00000000 08:06 1709808    /usr/lib/locale/locale-archive
6a800000-6a900000 rw-p 00000000 00:00 0 
6a900000-6aa00000 rw-p 00000000 00:00 0 
6aa00000-6aafa000 rw-p 00000000 00:00 0 
6aafa000-6ab00000 ---p 00000000 00:00 0 
6ab00000-6ab02000 r-xp 00000000 08:06 1705908    /usr/lib/i386-linux-gnu/libXinerama.so.1.0.0
6ab02000-6ab03000 r--p 00001000 08:06 1705908    /usr/lib/i386-linux-gnu/libXinerama.so.1.0.0
6ab03000-6ab04000 rw-p 00002000 08:06 1705908    /usr/lib/i386-linux-gnu/libXinerama.so.1.0.0
6ab04000-6ab09000 r-xp 00000000 08:06 1705902    /usr/lib/i386-linux-gnu/libXfixes.so.3.1.0
6ab09000-6ab0a000 r--p 00004000 08:06 1705902    /usr/lib/i386-linux-gnu/libXfixes.so.3.1.0
6ab0a000-6ab0b000 rw-p 00005000 08:06 1705902    /usr/lib/i386-linux-gnu/libXfixes.so.3.1.0
6ab0b000-6ab2b000 r-xp 00000000 08:06 1706208    /usr/lib/i386-linux-gnu/libgdk_pixbuf-2.0.so.0.2800.0
6ab2b000-6ab2c000 ---p 00020000 08:06 1706208    /usr/lib/i386-linux-gnu/libgdk_pixbuf-2.0.so.0.2800.0
6ab2c000-6ab2d000 r--p 00020000 08:06 1706208    /usr/lib/i386-linux-gnu/libgdk_pixbuf-2.0.so.0.2800.0
6ab2d000-6ab2e000 rw-p 00021000 08:06 1706208    /usr/lib/i386-linux-gnu/libgdk_pixbuf-2.0.so.0.2800.0
6ab2e000-6ab31000 ---p 00000000 00:00 0 
6ab31000-6ab7f000 rw-p 00000000 00:00 0          [stack:17469]
6ab7f000-6ab80000 ---p 00000000 00:00 0 
6ab80000-6ac00000 rw-p 00000000 00:00 0          [stack:17461]
6ac00000-6acff000 rw-p 00000000 00:00 0 
6acff000-6ad00000 ---p 00000000 00:00 0 
6ad00000-6ad01000 r--s 00000000 08:06 936119     /var/cache/fontconfig/4b14b093aebc79c320de5e86ae1d3314-le32d4.cache-3
6ad01000-6ad02000 r--s 00000000 08:06 938725     /var/cache/fontconfig/94f7fe9bd33aadfac165873bd010d595-le32d4.cache-3
6ad02000-6ad10000 r-xp 00000000 08:06 1705906    /usr/lib/i386-linux-gnu/libXi.so.6.1.0
6ad10000-6ad11000 r--p 0000d000 08:06 1705906    /usr/lib/i386-linux-gnu/libXi.so.6.1.0
6ad11000-6ad12000 rw-p 0000e000 08:06 1705906    /usr/lib/i386-linux-gnu/libXi.so.6.1.0
6ad12000-6ad17000 r-xp 00000000 08:06 1705926    /usr/lib/i386-linux-gnu/libXtst.so.6.1.0
6ad17000-6ad18000 r--p 00004000 08:06 1705926    /usr/lib/i386-linux-gnu/libXtst.so.6.1.0
6ad18000-6ad19000 rw-p 00005000 08:06 1705926    /usr/lib/i386-linux-gnu/libXtst.so.6.1.0
6ad19000-6ad21000 r-xp 00000000 08:06 1705920    /usr/lib/i386-linux-gnu/libXrender.so.1.3.0
6ad21000-6ad22000 r--p 00007000 08:06 1705920    /usr/lib/i386-linux-gnu/libXrender.so.1.3.0
6ad22000-6ad23000 rw-p 00008000 08:06 1705920    /usr/lib/i386-linux-gnu/libXrender.so.1.3.0
6ad23000-6ad33000 r-xp 00000000 08:06 1705900    /usr/lib/i386-linux-gnu/libXext.so.6.4.0
6ad33000-6ad34000 r--p 0000f000 08:06 1705900    /usr/lib/i386-linux-gnu/libXext.so.6.4.0
6ad34000-6ad35000 rw-p 00010000 08:06 1705900    /usr/lib/i386-linux-gnu/libXext.so.6.4.0
6ad35000-6aee2000 r--s 01cde000 08:06 1708621    /usr/lib/jvm/java-7-openjdk-i386/jre/lib/rt.jar
6aee2000-6dc00000 rw-p 00000000 00:00 0 
6dc00000-6dcea000 rw-p 00000000 00:00 0 
6dcea000-6dd00000 ---p 00000000 00:00 0 
6dd00000-6dd02000 r--s 00000000 08:06 936655     /var/cache/fontconfig/67709b7835c0f764c1135060c9575660-le32d4.cache-3
6dd02000-6dd18000 r-xp 00000000 08:06 1708664    /usr/lib/jvm/java-7-openjdk-i386/jre/lib/i386/libnet.so
6dd18000-6dd19000 r--p 00015000 08:06 1708664    /usr/lib/jvm/java-7-openjdk-i386/jre/lib/i386/libnet.so
6dd19000-6dd1a000 rw-p 00016000 08:06 1708664    /usr/lib/jvm/java-7-openjdk-i386/jre/lib/i386/libnet.so
6dd1a000-6dd25000 r--s 001fb000 08:06 1708529    /usr/lib/jvm/java-7-openjdk-common/jre/lib/charsets.jar
6dd25000-6dd2e000 r--s 000bc000 08:06 1708538    /usr/lib/jvm/java-7-openjdk-common/jre/lib/resources.jar
6dd2e000-6dd31000 ---p 00000000 00:00 0 
6dd31000-6dd7f000 rw-p 00000000 00:00 0          [stack:17466]
6dd7f000-6dd80000 ---p 00000000 00:00 0 
6dd80000-6de00000 rw-p 00000000 00:00 0          [stack:17460]
6de00000-6de21000 rw-p 00000000 00:00 0 
6de21000-6df00000 ---p 00000000 00:00 0 
6df00000-6df01000 r--s 00000000 08:06 938724     /var/cache/fontconfig/423767150eb258c59035de29db6fca84-le32d4.cache-3
6df01000-6df0c000 r--s 001fb000 08:06 1708529    /usr/lib/jvm/java-7-openjdk-common/jre/lib/charsets.jar
6df0c000-6df1f000 r--s 00179000 08:06 1724490    /home/gene/Downloads/ll/vlcj-2.4.1/vlcj-2.4.1-javadoc.jar
6df1f000-6df2e000 r--s 00115000 08:06 1724216    /home/gene/Downloads/ll/vlcj-2.4.1/platform-3.5.2.jar
6df2e000-6df31000 ---p 00000000 00:00 0 
6df31000-6df7f000 rw-p 00000000 00:00 0          [stack:17463]
6df7f000-6df80000 ---p 00000000 00:00 0 
6df80000-6e000000 rw-p 00000000 00:00 0          [stack:17459]
6e000000-6e021000 rw-p 00000000 00:00 0 
6e021000-6e100000 ---p 00000000 00:00 0 
6e100000-6e103000 r-xp 00000000 08:06 1706237    /usr/lib/i386-linux-gnu/libgmodule-2.0.so.0.3600.0
6e103000-6e104000 r--p 00002000 08:06 1706237    /usr/lib/i386-linux-gnu/libgmodule-2.0.so.0.3600.0
6e104000-6e105000 rw-p 00003000 08:06 1706237    /usr/lib/i386-linux-gnu/libgmodule-2.0.so.0.3600.0
6e105000-6e10c000 r--s 00094000 08:06 1784822    /home/gene/netbeans-7.3.1/java/modules/ext/beansbinding-1.2.1.jar
6e10c000-6e116000 r--s 0004b000 08:06 1724492    /home/gene/Downloads/ll/vlcj-2.4.1/vlcj-2.4.1.jar
6e116000-6e12e000 r--s 001b9000 08:06 1779640    /home/gene/lab/music/playmp3/jmf.jar
6e12e000-6e131000 ---p 00000000 00:00 0 
6e131000-6e17f000 rw-p 00000000 00:00 0          [stack:17462]
6e17f000-6e180000 ---p 00000000 00:00 0 
6e180000-6e200000 rw-p 00000000 00:00 0          [stack:17458]
6e200000-6e244000 rw-p 00000000 00:00 0 
6e244000-6e300000 ---p 00000000 00:00 0 
6e300000-6e301000 r--s 00000000 08:06 938723     /var/cache/fontconfig/406a1d2d2bf3ed7664fbadefac0b2f66-le32d4.cache-3
6e301000-6e302000 r--s 00000000 08:06 936109     /var/cache/fontconfig/0c9eb80ebd1c36541ebe2852d3bb0c49-le32d4.cache-3
6e302000-6e303000 r--s 00000000 08:06 936124     /var/cache/fontconfig/62f91419b9ebdb6975e7e41ab6412357-le32d4.cache-3
6e303000-6e304000 r-xp 00000000 08:06 1706360    /usr/lib/i386-linux-gnu/libgthread-2.0.so.0.3600.0
6e304000-6e305000 r--p 00000000 08:06 1706360    /usr/lib/i386-linux-gnu/libgthread-2.0.so.0.3600.0
6e305000-6e306000 rw-p 00001000 08:06 1706360    /usr/lib/i386-linux-gnu/libgthread-2.0.so.0.3600.0
6e306000-6e309000 r--s 000a6000 08:06 1724183    /home/gene/Downloads/ll/vlcj-2.4.1/jna-3.5.2.jar
6e309000-6e30c000 r--s 00027000 08:06 1798650    /home/gene/Downloads/rs2xml.jar
6e30c000-6e354000 rw-p 00000000 00:00 0 
6e354000-6e355000 ---p 00000000 00:00 0 
6e355000-6e3ea000 rw-p 00000000 00:00 0          [stack:17457]
6e3ea000-6e519000 rw-p 00000000 00:00 0 
6e519000-6e521000 rw-p 00000000 00:00 0 
6e521000-6e559000 rw-p 00000000 00:00 0 
6e559000-6e56e000 rw-p 00000000 00:00 0 
6e56e000-6e69d000 rw-p 00000000 00:00 0 
6e69d000-6e6b1000 rw-p 00000000 00:00 0 
6e6b1000-6e73f000 rw-p 00000000 00:00 0 
6e73f000-6f740000 rw-p 00000000 00:00 0 
6f740000-76740000 rw-p 00000000 00:00 0 
76740000-78fc0000 rw-p 00000000 00:00 0 
78fc0000-9ef40000 rw-p 00000000 00:00 0 
9ef40000-a15d0000 rw-p 00000000 00:00 0 
a15d0000-a1710000 ---p 00000000 00:00 0 
a1710000-b3340000 rw-p 00000000 00:00 0 
b3340000-b3349000 rw-p 00000000 00:00 0 
b3349000-b3400000 rw-p 00000000 00:00 0 
b3400000-b3640000 rwxp 00000000 00:00 0 
b3640000-b64fc000 rw-p 00000000 00:00 0 
b64fc000-b6500000 ---p 00000000 00:00 0 
b6500000-b6501000 r--s 00000000 08:06 938994     /var/cache/fontconfig/e0aa53bcfa504e64f87823c16bc01eb6-le32d4.cache-3
b6501000-b6510000 r--s 000d3000 08:06 1786959    /home/gene/Downloads/jaudiotagger-2.2.0-20130321.142353-1.jar
b6510000-b6512000 r--s 00380000 08:06 1795454    /home/gene/Downloads/sqlite-jdbc-3.7.15-M1.jar
b6512000-b6514000 r--s 00006000 08:06 137009     /usr/share/java/java-atk-wrapper.jar
b6514000-b6517000 r--s 0000f000 08:06 1708547    /usr/lib/jvm/java-7-openjdk-common/jre/lib/ext/pulse-java.jar
b6517000-b651f000 rw-p 00000000 00:00 0 
b651f000-b6557000 rw-p 00000000 00:00 0 
b6557000-b6562000 r-xp 00000000 08:06 262543     /lib/i386-linux-gnu/libnss_files-2.17.so
b6562000-b6563000 r--p 0000a000 08:06 262543     /lib/i386-linux-gnu/libnss_files-2.17.so
b6563000-b6564000 rw-p 0000b000 08:06 262543     /lib/i386-linux-gnu/libnss_files-2.17.so
b6564000-b656e000 r-xp 00000000 08:06 262548     /lib/i386-linux-gnu/libnss_nis-2.17.so
b656e000-b656f000 r--p 00009000 08:06 262548     /lib/i386-linux-gnu/libnss_nis-2.17.so
b656f000-b6570000 rw-p 0000a000 08:06 262548     /lib/i386-linux-gnu/libnss_nis-2.17.so
b6570000-b6585000 r-xp 00000000 08:06 262537     /lib/i386-linux-gnu/libnsl-2.17.so
b6585000-b6586000 r--p 00014000 08:06 262537     /lib/i386-linux-gnu/libnsl-2.17.so
b6586000-b6587000 rw-p 00015000 08:06 262537     /lib/i386-linux-gnu/libnsl-2.17.so
b6587000-b6589000 rw-p 00000000 00:00 0 
b6589000-b6590000 r-xp 00000000 08:06 262539     /lib/i386-linux-gnu/libnss_compat-2.17.so
b6590000-b6591000 r--p 00006000 08:06 262539     /lib/i386-linux-gnu/libnss_compat-2.17.so
b6591000-b6592000 rw-p 00007000 08:06 262539     /lib/i386-linux-gnu/libnss_compat-2.17.so
b6592000-b6593000 r--s 00014000 08:06 1795668    /home/gene/lab/music/playmp3/mp3plugin.jar
b6593000-b6594000 r--s 00002000 08:06 1708545    /usr/lib/jvm/java-7-openjdk-common/jre/lib/ext/dnsns.jar
b6594000-b6598000 r--s 00085000 08:06 1708546    /usr/lib/jvm/java-7-openjdk-common/jre/lib/ext/localedata.jar
b6598000-b659a000 r--s 00012000 08:06 1708550    /usr/lib/jvm/java-7-openjdk-common/jre/lib/ext/zipfs.jar
b659a000-b659d000 r--s 00032000 08:06 1708548    /usr/lib/jvm/java-7-openjdk-common/jre/lib/ext/sunjce_provider.jar
b659d000-b65a0000 r--s 0003c000 08:06 1708549    /usr/lib/jvm/java-7-openjdk-common/jre/lib/ext/sunpkcs11.jar
b65a0000-b65a1000 r--p 005db000 08:06 1709808    /usr/lib/locale/locale-archive
b65a1000-b65a9000 r-xp 00000000 08:06 1708674    /usr/lib/jvm/java-7-openjdk-i386/jre/lib/i386/libzip.so
b65a9000-b65aa000 r--p 00007000 08:06 1708674    /usr/lib/jvm/java-7-openjdk-i386/jre/lib/i386/libzip.so
b65aa000-b65ab000 rw-p 00008000 08:06 1708674    /usr/lib/jvm/java-7-openjdk-i386/jre/lib/i386/libzip.so
b65ab000-b65d2000 r-xp 00000000 08:06 1708652    /usr/lib/jvm/java-7-openjdk-i386/jre/lib/i386/libjava.so
b65d2000-b65d3000 r--p 00026000 08:06 1708652    /usr/lib/jvm/java-7-openjdk-i386/jre/lib/i386/libjava.so
b65d3000-b65d4000 rw-p 00027000 08:06 1708652    /usr/lib/jvm/java-7-openjdk-i386/jre/lib/i386/libjava.so
b65d4000-b65db000 r-xp 00000000 08:06 262591     /lib/i386-linux-gnu/librt-2.17.so
b65db000-b65dc000 r--p 00006000 08:06 262591     /lib/i386-linux-gnu/librt-2.17.so
b65dc000-b65dd000 rw-p 00007000 08:06 262591     /lib/i386-linux-gnu/librt-2.17.so
b65dd000-b65e0000 ---p 00000000 00:00 0 
b65e0000-b662e000 rw-p 00000000 00:00 0          [stack:17456]
b662e000-b6649000 r-xp 00000000 08:06 262495     /lib/i386-linux-gnu/libgcc_s.so.1
b6649000-b664a000 r--p 0001a000 08:06 262495     /lib/i386-linux-gnu/libgcc_s.so.1
b664a000-b664b000 rw-p 0001b000 08:06 262495     /lib/i386-linux-gnu/libgcc_s.so.1
b664b000-b668c000 r-xp 00000000 08:06 262518     /lib/i386-linux-gnu/libm-2.17.so
b668c000-b668d000 r--p 00040000 08:06 262518     /lib/i386-linux-gnu/libm-2.17.so
b668d000-b668e000 rw-p 00041000 08:06 262518     /lib/i386-linux-gnu/libm-2.17.so
b668e000-b676a000 r-xp 00000000 08:06 1706691    /usr/lib/i386-linux-gnu/libstdc++.so.6.0.17
b676a000-b676b000 ---p 000dc000 08:06 1706691    /usr/lib/i386-linux-gnu/libstdc++.so.6.0.17
b676b000-b676f000 r--p 000dc000 08:06 1706691    /usr/lib/i386-linux-gnu/libstdc++.so.6.0.17
b676f000-b6770000 rw-p 000e0000 08:06 1706691    /usr/lib/i386-linux-gnu/libstdc++.so.6.0.17
b6770000-b6777000 rw-p 00000000 00:00 0 
b6777000-b706c000 r-xp 00000000 08:06 1708685    /usr/lib/jvm/java-7-openjdk-i386/jre/lib/i386/server/libjvm.so
b706c000-b70b3000 r--p 008f4000 08:06 1708685    /usr/lib/jvm/java-7-openjdk-i386/jre/lib/i386/server/libjvm.so
b70b3000-b70c7000 rw-p 0093b000 08:06 1708685    /usr/lib/jvm/java-7-openjdk-i386/jre/lib/i386/server/libjvm.so
b70c7000-b74e5000 rw-p 00000000 00:00 0 
b74e5000-b74fc000 r-xp 00000000 08:06 262624     /lib/i386-linux-gnu/libz.so.1.2.7
b74fc000-b74fd000 r--p 00016000 08:06 262624     /lib/i386-linux-gnu/libz.so.1.2.7
b74fd000-b74fe000 rw-p 00017000 08:06 262624     /lib/i386-linux-gnu/libz.so.1.2.7
b74fe000-b7515000 r-xp 00000000 08:06 262583     /lib/i386-linux-gnu/libpthread-2.17.so
b7515000-b7516000 r--p 00016000 08:06 262583     /lib/i386-linux-gnu/libpthread-2.17.so
b7516000-b7517000 rw-p 00017000 08:06 262583     /lib/i386-linux-gnu/libpthread-2.17.so
b7517000-b7519000 rw-p 00000000 00:00 0 
b7519000-b751c000 r-xp 00000000 08:06 262485     /lib/i386-linux-gnu/libdl-2.17.so
b751c000-b751d000 r--p 00002000 08:06 262485     /lib/i386-linux-gnu/libdl-2.17.so
b751d000-b751e000 rw-p 00003000 08:06 262485     /lib/i386-linux-gnu/libdl-2.17.so
b751e000-b76cb000 r-xp 00000000 08:06 262470     /lib/i386-linux-gnu/libc-2.17.so
b76cb000-b76cd000 r--p 001ad000 08:06 262470     /lib/i386-linux-gnu/libc-2.17.so
b76cd000-b76ce000 rw-p 001af000 08:06 262470     /lib/i386-linux-gnu/libc-2.17.so
b76ce000-b76d1000 rw-p 00000000 00:00 0 
b76d1000-b76d9000 rw-s 00000000 08:06 1439041    /tmp/hsperfdata_gene/17452
b76d9000-b76da000 rw-p 00000000 00:00 0 
b76da000-b76db000 r--p 00000000 00:00 0 
b76db000-b76e8000 r-xp 00000000 08:06 1708673    /usr/lib/jvm/java-7-openjdk-i386/jre/lib/i386/libverify.so
b76e8000-b76e9000 r--p 0000d000 08:06 1708673    /usr/lib/jvm/java-7-openjdk-i386/jre/lib/i386/libverify.so
b76e9000-b76ea000 rw-p 0000e000 08:06 1708673    /usr/lib/jvm/java-7-openjdk-i386/jre/lib/i386/libverify.so
b76ea000-b76f7000 r-xp 00000000 08:06 1708681    /usr/lib/jvm/java-7-openjdk-i386/jre/lib/i386/jli/libjli.so
b76f7000-b76f8000 r--p 0000c000 08:06 1708681    /usr/lib/jvm/java-7-openjdk-i386/jre/lib/i386/jli/libjli.so
b76f8000-b76f9000 rw-p 0000d000 08:06 1708681    /usr/lib/jvm/java-7-openjdk-i386/jre/lib/i386/jli/libjli.so
b76f9000-b76fc000 rw-p 00000000 00:00 0 
b76fc000-b76fd000 r-xp 00000000 00:00 0          [vdso]
b76fd000-b771d000 r-xp 00000000 08:06 262446     /lib/i386-linux-gnu/ld-2.17.so
b771d000-b771e000 r--p 0001f000 08:06 262446     /lib/i386-linux-gnu/ld-2.17.so
b771e000-b771f000 rw-p 00020000 08:06 262446     /lib/i386-linux-gnu/ld-2.17.so
bfbe9000-bfc0a000 rw-p 00000000 00:00 0          [stack]

VM Arguments:
jvm_args: -Dfile.encoding=UTF-8 
java_command: musicplayer.Musicplayer
Launcher Type: SUN_STANDARD

Environment Variables:
PATH=/usr/local/sbin:/usr/local/bin:/usr/sbin:/usr/bin:/sbin:/bin:/usr/games:/usr/local/games
USERNAME=gene
LD_LIBRARY_PATH=/usr/lib/jvm/default-java/jre/lib/amd64:/usr/lib/jvm/default-java/jre/lib/i386:
SHELL=/bin/bash
DISPLAY=:0

Signal Handlers:
SIGSEGV: [libjvm.so+0x7598c0], sa_mask[0]=0x7ffbfeff, sa_flags=0x10000004
SIGBUS: [libjvm.so+0x7598c0], sa_mask[0]=0x7ffbfeff, sa_flags=0x10000004
SIGFPE: [libjvm.so+0x5f54f0], sa_mask[0]=0x7ffbfeff, sa_flags=0x10000004
SIGPIPE: [libjvm.so+0x5f54f0], sa_mask[0]=0x7ffbfeff, sa_flags=0x10000004
SIGXFSZ: [libjvm.so+0x5f54f0], sa_mask[0]=0x7ffbfeff, sa_flags=0x10000004
SIGILL: [libjvm.so+0x5f54f0], sa_mask[0]=0x7ffbfeff, sa_flags=0x10000004
SIGUSR1: SIG_DFL, sa_mask[0]=0x00000000, sa_flags=0x00000000
SIGUSR2: [libjvm.so+0x5f53a0], sa_mask[0]=0x00000004, sa_flags=0x10000004
SIGHUP: [libjvm.so+0x5f5930], sa_mask[0]=0x7ffbfeff, sa_flags=0x10000004
SIGINT: SIG_IGN, sa_mask[0]=0x00000000, sa_flags=0x00000000
SIGTERM: [libjvm.so+0x5f5930], sa_mask[0]=0x7ffbfeff, sa_flags=0x10000004
SIGQUIT: [libjvm.so+0x5f5930], sa_mask[0]=0x7ffbfeff, sa_flags=0x10000004


---------------  S Y S T E M  ---------------

OS:Ubuntu 13.04 (raring)
uname:Linux 3.8.0-19-generic #29-Ubuntu SMP Wed Apr 17 18:19:42 UTC 2013 i686
libc:glibc 2.17 NPTL 2.17 
rlimit: STACK 8192k, CORE 0k, NPROC 30928, NOFILE 4096, AS infinity
load average:0.39 0.39 0.49

/proc/meminfo:
MemTotal:        3975340 kB
MemFree:         1816812 kB
Buffers:          322628 kB
Cached:           970476 kB
SwapCached:            0 kB
Active:          1122652 kB
Inactive:         863860 kB
Active(anon):     694824 kB
Inactive(anon):   185096 kB
Active(file):     427828 kB
Inactive(file):   678764 kB
Unevictable:           0 kB
Mlocked:               0 kB
HighTotal:       3125056 kB
HighFree:        1443612 kB
LowTotal:         850284 kB
LowFree:          373200 kB
SwapTotal:       2047996 kB
SwapFree:        2047996 kB
Dirty:               152 kB
Writeback:             0 kB
AnonPages:        693352 kB
Mapped:           161944 kB
Shmem:            186500 kB
Slab:             137296 kB
SReclaimable:      66204 kB
SUnreclaim:        71092 kB
KernelStack:        3472 kB
PageTables:         7640 kB
NFS_Unstable:          0 kB
Bounce:                0 kB
WritebackTmp:          0 kB
CommitLimit:     4035664 kB
Committed_AS:    2635184 kB
VmallocTotal:     122880 kB
VmallocUsed:       19540 kB
VmallocChunk:     102988 kB
HardwareCorrupted:     0 kB
AnonHugePages:         0 kB
HugePages_Total:       0
HugePages_Free:        0
HugePages_Rsvd:        0
HugePages_Surp:        0
Hugepagesize:       2048 kB
DirectMap4k:       10232 kB
DirectMap2M:      903168 kB


CPU:total 4 (2 cores per cpu, 2 threads per core) family 6 model 42 stepping 7, cmov, cx8, fxsr, mmx, sse, sse2, sse3, ssse3, sse4.1, sse4.2, popcnt, avx, ht, tsc, tscinvbit

/proc/cpuinfo:
processor	: 0
vendor_id	: GenuineIntel
cpu family	: 6
model		: 42
model name	: Intel(R) Core(TM) i3-2370M CPU @ 2.40GHz
stepping	: 7
microcode	: 0x25
cpu MHz		: 2000.000
cache size	: 3072 KB
physical id	: 0
siblings	: 4
core id		: 0
cpu cores	: 2
apicid		: 0
initial apicid	: 0
fdiv_bug	: no
hlt_bug		: no
f00f_bug	: no
coma_bug	: no
fpu		: yes
fpu_exception	: yes
cpuid level	: 13
wp		: yes
flags		: fpu vme de pse tsc msr pae mce cx8 apic sep mtrr pge mca cmov pat pse36 clflush dts acpi mmx fxsr sse sse2 ss ht tm pbe nx rdtscp lm constant_tsc arch_perfmon pebs bts xtopology nonstop_tsc aperfmperf eagerfpu pni pclmulqdq dtes64 monitor ds_cpl vmx est tm2 ssse3 cx16 xtpr pdcm pcid sse4_1 sse4_2 x2apic popcnt tsc_deadline_timer xsave avx lahf_lm arat epb xsaveopt pln pts dtherm tpr_shadow vnmi flexpriority ept vpid
bogomips	: 4789.05
clflush size	: 64
cache_alignment	: 64
address sizes	: 36 bits physical, 48 bits virtual
power management:

processor	: 1
vendor_id	: GenuineIntel
cpu family	: 6
model		: 42
model name	: Intel(R) Core(TM) i3-2370M CPU @ 2.40GHz
stepping	: 7
microcode	: 0x25
cpu MHz		: 2400.000
cache size	: 3072 KB
physical id	: 0
siblings	: 4
core id		: 0
cpu cores	: 2
apicid		: 1
initial apicid	: 1
fdiv_bug	: no
hlt_bug		: no
f00f_bug	: no
coma_bug	: no
fpu		: yes
fpu_exception	: yes
cpuid level	: 13
wp		: yes
flags		: fpu vme de pse tsc msr pae mce cx8 apic sep mtrr pge mca cmov pat pse36 clflush dts acpi mmx fxsr sse sse2 ss ht tm pbe nx rdtscp lm constant_tsc arch_perfmon pebs bts xtopology nonstop_tsc aperfmperf eagerfpu pni pclmulqdq dtes64 monitor ds_cpl vmx est tm2 ssse3 cx16 xtpr pdcm pcid sse4_1 sse4_2 x2apic popcnt tsc_deadline_timer xsave avx lahf_lm arat epb xsaveopt pln pts dtherm tpr_shadow vnmi flexpriority ept vpid
bogomips	: 4789.05
clflush size	: 64
cache_alignment	: 64
address sizes	: 36 bits physical, 48 bits virtual
power management:

processor	: 2
vendor_id	: GenuineIntel
cpu family	: 6
model		: 42
model name	: Intel(R) Core(TM) i3-2370M CPU @ 2.40GHz
stepping	: 7
microcode	: 0x25
cpu MHz		: 2400.000
cache size	: 3072 KB
physical id	: 0
siblings	: 4
core id		: 1
cpu cores	: 2
apicid		: 2
initial apicid	: 2
fdiv_bug	: no
hlt_bug		: no
f00f_bug	: no
coma_bug	: no
fpu		: yes
fpu_exception	: yes
cpuid level	: 13
wp		: yes
flags		: fpu vme de pse tsc msr pae mce cx8 apic sep mtrr pge mca cmov pat pse36 clflush dts acpi mmx fxsr sse sse2 ss ht tm pbe nx rdtscp lm constant_tsc arch_perfmon pebs bts xtopology nonstop_tsc aperfmperf eagerfpu pni pclmulqdq dtes64 monitor ds_cpl vmx est tm2 ssse3 cx16 xtpr pdcm pcid sse4_1 sse4_2 x2apic popcnt tsc_deadline_timer xsave avx lahf_lm arat epb xsaveopt pln pts dtherm tpr_shadow vnmi flexpriority ept vpid
bogomips	: 4789.05
clflush size	: 64
cache_alignment	: 64
address sizes	: 36 bits physical, 48 bits virtual
power management:

processor	: 3
vendor_id	: GenuineIntel
cpu family	: 6
model		: 42
model name	: Intel(R) Core(TM) i3-2370M CPU @ 2.40GHz
stepping	: 7
microcode	: 0x25
cpu MHz		: 2400.000
cache size	: 3072 KB
physical id	: 0
siblings	: 4
core id		: 1
cpu cores	: 2
apicid		: 3
initial apicid	: 3
fdiv_bug	: no
hlt_bug		: no
f00f_bug	: no
coma_bug	: no
fpu		: yes
fpu_exception	: yes
cpuid level	: 13
wp		: yes
flags		: fpu vme de pse tsc msr pae mce cx8 apic sep mtrr pge mca cmov pat pse36 clflush dts acpi mmx fxsr sse sse2 ss ht tm pbe nx rdtscp lm constant_tsc arch_perfmon pebs bts xtopology nonstop_tsc aperfmperf eagerfpu pni pclmulqdq dtes64 monitor ds_cpl vmx est tm2 ssse3 cx16 xtpr pdcm pcid sse4_1 sse4_2 x2apic popcnt tsc_deadline_timer xsave avx lahf_lm arat epb xsaveopt pln pts dtherm tpr_shadow vnmi flexpriority ept vpid
bogomips	: 4789.05
clflush size	: 64
cache_alignment	: 64
address sizes	: 36 bits physical, 48 bits virtual
power management:



Memory: 4k page, physical 3975340k(1816812k free), swap 2047996k(2047996k free)

vm_info: OpenJDK Server VM (23.7-b01) for linux-x86 JRE (1.7.0_21-b02), built on Apr 22 2013 07:41:32 by "buildd" with gcc 4.7.3

time: Thu Oct 31 21:39:46 2013
elapsed time: 572 seconds

