#
# A fatal error has been detected by the Java Runtime Environment:
#
#  SIGSEGV (0xb) at pc=0xb765df98, pid=5812, tid=1732004672
#
# JRE version: 7.0_21-b02
# Java VM: OpenJDK Server VM (23.7-b01 mixed mode linux-x86 )
# Problematic frame:
# C  [libc.so.6+0x12ef98]  _IO_file_underflow+0x68
#
# Failed to write core dump. Core dumps have been disabled. To enable core dumping, try "ulimit -c unlimited" before starting Java again
#
# If you would like to submit a bug report, please include
# instructions on how to reproduce the bug and visit:
#   https://bugs.launchpad.net/ubuntu/+source/openjdk-7/
#

---------------  T H R E A D  ---------------

Current thread is native thread

siginfo:si_signo=SIGSEGV: si_errno=0, si_code=1 (SEGV_MAPERR), si_addr=0x00000037

Registers:
EAX=0x6e300000, EBX=0xb76de000, ECX=0xffffffff, EDX=0x00001000
ESP=0x673c1ee0, EBP=0x00000002, ESI=0x6aaad298, EDI=0x673c4b40
EIP=0xb765df98, EFLAGS=0x00210206, CR2=0x00000037

Top of Stack: (sp=0x673c1ee0)
0x673c1ee0:   6aaad298 6e300000 00001000 b76de000
0x673c1ef0:   6aaad298 b76de000 6aaad298 b75a2da9
0x673c1f00:   6aaad298 b759557a b76de000 b76de000
0x673c1f10:   6aaad298 673c4b40 6aaad298 b75a2bdb
0x673c1f20:   6aaad298 ffffffff 62f64649 62f83000
0x673c1f30:   b75955d7 b76de000 6aaad298 b7598ebc
0x673c1f40:   6aaad298 62f7a22a 00000001 62f83000
0x673c1f50:   62f83000 6aafd788 6aaf9868 62f6dd8c 

Instructions: (pc=0xb765df98)
0xb765df78:   4c 89 46 04 29 c2 89 46 0c 89 46 08 89 46 18 89
0xb765df88:   46 14 89 46 10 89 54 24 08 89 44 24 04 89 34 24
0xb765df98:   ff 51 38 83 f8 00 7e 38 8b 56 40 01 46 08 83 fa
0xb765dfa8:   ff 74 05 01 d0 89 46 40 8b 46 04 0f b6 00 83 c4 

Register to memory mapping:

EAX=0x6e300000 is an unknown value
EBX=0xb76de000: <offset 0x1af000> in /lib/i386-linux-gnu/libc.so.6 at 0xb752f000
ECX=0xffffffff is an unknown value
EDX=0x00001000 is an unknown value
ESP=0x673c1ee0 is an unknown value
EBP=0x00000002 is an unknown value
ESI=0x6aaad298 is an unknown value
EDI=0x673c4b40 is an unknown value


Stack: [0x67344000,0x673c5000],  sp=0x673c1ee0,  free space=503k
Native frames: (J=compiled Java code, j=interpreted, Vv=VM code, C=native code)
C  [libc.so.6+0x12ef98]  _IO_file_underflow+0x68


---------------  P R O C E S S  ---------------

VM state:not at safepoint (normal execution)

VM Mutex/Monitor currently owned by a thread: None

Heap
 PSYoungGen      total 18112K, used 13166K [0x9ef40000, 0xa0370000, 0xb3340000)
  eden space 15552K, 84% used [0x9ef40000,0x9fc1b890,0x9fe70000)
  from space 2560K, 0% used [0xa00f0000,0xa00f0000,0xa0370000)
  to   space 2560K, 0% used [0x9fe70000,0x9fe70000,0xa00f0000)
 ParOldGen       total 41472K, used 0K [0x76740000, 0x78fc0000, 0x9ef40000)
  object space 41472K, 0% used [0x76740000,0x76740000,0x78fc0000)
 PSPermGen       total 16384K, used 5081K [0x6e740000, 0x6f740000, 0x76740000)
  object space 16384K, 31% used [0x6e740000,0x6ec365f0,0x6f740000)

Card table byte_map: [0x6e519000,0x6e740000] byte_map_base: 0x6e1a5600

Polling page: 0xb76eb000

Code Cache  [0xb3400000, 0xb3640000, 0xb6400000)
 total_blobs=246 nmethods=48 adapters=150 free_code_cache=48740Kb largest_free_block=49880896

Compilation events (10 events):
Event: 0.628 Thread 0x6acfe800   44             sun.reflect.ByteVectorImpl::add (38 bytes)
Event: 0.628 Thread 0x6acfc800   43             sun.reflect.ClassFileAssembler::emitByte (11 bytes)
Event: 0.629 Thread 0x6acfe800 nmethod 44 0xb3465a88 code [0xb3465b80, 0xb3465c3c]
Event: 0.629 Thread 0x6acfc800 nmethod 43 0xb3465708 code [0xb3465820, 0xb346591c]
Event: 0.631 Thread 0x6acfe800   45             sun.reflect.ClassFileAssembler::emitConstantPoolUTF8 (50 bytes)
Event: 0.633 Thread 0x6acfc800   46   !         sun.reflect.UTF8::encode (189 bytes)
Event: 0.656 Thread 0x6acfc800 nmethod 46 0xb3463248 code [0xb3463360, 0xb3463b50]
Event: 0.656 Thread 0x6acfc800   47             sun.reflect.UTF8::utf8Length (81 bytes)
Event: 0.658 Thread 0x6acfe800 nmethod 45 0xb346c7c8 code [0xb346c980, 0xb346d5f8]
Event: 0.661 Thread 0x6acfc800 nmethod 47 0xb3465048 code [0xb3465140, 0xb3465330]

GC Heap History (0 events):
No events

Deoptimization events (8 events):
Event: 0.195 Thread 0xb6406c00 Uncommon trap -34 fr.pc 0xb344d2c4
Event: 0.259 Thread 0xb6406c00 Uncommon trap -34 fr.pc 0xb344d2c4
Event: 0.259 Thread 0xb6406c00 Uncommon trap -34 fr.pc 0xb344d2c4
Event: 0.390 Thread 0xb6406c00 Uncommon trap -58 fr.pc 0xb3458f18
Event: 0.390 Thread 0xb6406c00 Uncommon trap -58 fr.pc 0xb3458f18
Event: 0.392 Thread 0xb6406c00 Uncommon trap -58 fr.pc 0xb3458f18
Event: 0.392 Thread 0xb6406c00 Uncommon trap -58 fr.pc 0xb3458f18
Event: 0.393 Thread 0xb6406c00 Uncommon trap -58 fr.pc 0xb3459620

Internal exceptions (10 events):
Event: 0.574 Thread 0xb6406c00 Threw 0x9f72d410 at /build/buildd/openjdk-7-7u21-2.3.9/build/openjdk/hotspot/src/share/vm/prims/jvm.cpp:1166
Event: 0.578 Thread 0x67778c00 Threw 0x9f73ff08 at /build/buildd/openjdk-7-7u21-2.3.9/build/openjdk/hotspot/src/share/vm/prims/jvm.cpp:1166
Event: 0.583 Thread 0xb6406c00 Threw 0x9f793bb8 at /build/buildd/openjdk-7-7u21-2.3.9/build/openjdk/hotspot/src/share/vm/prims/jvm.cpp:1166
Event: 0.591 Thread 0x6aabd000 Threw 0x9f7ec4e0 at /build/buildd/openjdk-7-7u21-2.3.9/build/openjdk/hotspot/src/share/vm/prims/jvm.cpp:1166
Event: 0.596 Thread 0x6aabec00 Threw 0x9f83a148 at /build/buildd/openjdk-7-7u21-2.3.9/build/openjdk/hotspot/src/share/vm/prims/jvm.cpp:1166
Event: 0.602 Thread 0x6aabec00 Threw 0x9f887e50 at /build/buildd/openjdk-7-7u21-2.3.9/build/openjdk/hotspot/src/share/vm/prims/jvm.cpp:1166
Event: 0.606 Thread 0x6aad8400 Threw 0x9f8d5c18 at /build/buildd/openjdk-7-7u21-2.3.9/build/openjdk/hotspot/src/share/vm/prims/jvm.cpp:1166
Event: 0.609 Thread 0x6aad8400 Threw 0x9f9238a8 at /build/buildd/openjdk-7-7u21-2.3.9/build/openjdk/hotspot/src/share/vm/prims/jvm.cpp:1166
Event: 0.623 Thread 0x6aade800 Threw 0x9fa5a9a0 at /build/buildd/openjdk-7-7u21-2.3.9/build/openjdk/hotspot/src/share/vm/prims/jvm.cpp:1166
Event: 0.644 Thread 0x6aade800 Threw 0x9fad72b0 at /build/buildd/openjdk-7-7u21-2.3.9/build/openjdk/hotspot/src/share/vm/prims/jvm.cpp:1166

Events (10 events):
Event: 0.644 loading class 0x67c8f290 done
Event: 0.645 Thread 0x6aade800 Thread exited: 0x6aade800
Event: 0.647 Thread 0x6aab6c00 Thread added: 0x6aab6c00
Event: 0.652 Thread 0x6aab6c00 Thread exited: 0x6aab6c00
Event: 0.653 Thread 0x6aab6c00 Thread added: 0x6aab6c00
Event: 0.658 Thread 0x6aab6c00 Thread exited: 0x6aab6c00
Event: 0.664 Thread 0x67a06c00 Thread added: 0x67a06c00
Event: 0.668 Thread 0x67a06c00 Thread exited: 0x67a06c00
Event: 0.668 Thread 0x67a06c00 Thread added: 0x67a06c00
Event: 0.670 Thread 0x67a06c00 Thread exited: 0x67a06c00


Dynamic libraries:
08048000-08049000 r-xp 00000000 08:06 1708580    /usr/lib/jvm/java-7-openjdk-i386/jre/bin/java
08049000-0804a000 r--p 00000000 08:06 1708580    /usr/lib/jvm/java-7-openjdk-i386/jre/bin/java
0804a000-0804b000 rw-p 00001000 08:06 1708580    /usr/lib/jvm/java-7-openjdk-i386/jre/bin/java
09890000-098b1000 rw-p 00000000 00:00 0          [heap]
62f57000-62f82000 r-xp 00000000 08:06 1706469    /usr/lib/i386-linux-gnu/liblua5.1.so.0.0.0
62f82000-62f83000 r--p 0002b000 08:06 1706469    /usr/lib/i386-linux-gnu/liblua5.1.so.0.0.0
62f83000-62f84000 rw-p 0002c000 08:06 1706469    /usr/lib/i386-linux-gnu/liblua5.1.so.0.0.0
62f84000-62fae000 r-xp 00000000 08:06 405608     /usr/lib/vlc/plugins/lua/liblua_plugin.so
62fae000-62faf000 r--p 0002a000 08:06 405608     /usr/lib/vlc/plugins/lua/liblua_plugin.so
62faf000-62fb0000 rw-p 0002b000 08:06 405608     /usr/lib/vlc/plugins/lua/liblua_plugin.so
62fb0000-63067000 r-xp 00000000 08:06 1706695    /usr/lib/i386-linux-gnu/libtag.so.1.12.0
63067000-63069000 r--p 000b7000 08:06 1706695    /usr/lib/i386-linux-gnu/libtag.so.1.12.0
63069000-6306a000 rw-p 000b9000 08:06 1706695    /usr/lib/i386-linux-gnu/libtag.so.1.12.0
63083000-63084000 ---p 00000000 00:00 0 
63084000-63104000 rw-p 00000000 00:00 0          [stack:5847]
63104000-63125000 r-xp 00000000 08:06 405474     /usr/lib/vlc/plugins/codec/libdvbsub_plugin.so
63125000-63126000 r--p 00020000 08:06 405474     /usr/lib/vlc/plugins/codec/libdvbsub_plugin.so
63126000-63127000 rw-p 00021000 08:06 405474     /usr/lib/vlc/plugins/codec/libdvbsub_plugin.so
63127000-6313b000 r-xp 00000000 08:06 1720555    /usr/lib/libkate.so.1.3.0
6313b000-6313c000 r--p 00013000 08:06 1720555    /usr/lib/libkate.so.1.3.0
6313c000-6313d000 rw-p 00014000 08:06 1720555    /usr/lib/libkate.so.1.3.0
6313d000-6315a000 r-xp 00000000 08:06 1720229    /usr/lib/i386-linux-gnu/libmpeg2.so.0.1.0
6315a000-6315b000 r--p 0001c000 08:06 1720229    /usr/lib/i386-linux-gnu/libmpeg2.so.0.1.0
6315b000-6315c000 rw-p 0001d000 08:06 1720229    /usr/lib/i386-linux-gnu/libmpeg2.so.0.1.0
6315c000-6315e000 rw-p 00000000 00:00 0 
63168000-63175000 r-xp 00000000 08:06 405488     /usr/lib/vlc/plugins/meta_engine/libtaglib_plugin.so
63175000-63176000 r--p 0000c000 08:06 405488     /usr/lib/vlc/plugins/meta_engine/libtaglib_plugin.so
63176000-63177000 rw-p 0000d000 08:06 405488     /usr/lib/vlc/plugins/meta_engine/libtaglib_plugin.so
63177000-63193000 r-xp 00000000 08:06 262607     /lib/i386-linux-gnu/libtinfo.so.5.9
63193000-63195000 r--p 0001b000 08:06 262607     /lib/i386-linux-gnu/libtinfo.so.5.9
63195000-63196000 rw-p 0001d000 08:06 262607     /lib/i386-linux-gnu/libtinfo.so.5.9
63196000-631c5000 r-xp 00000000 08:06 262526     /lib/i386-linux-gnu/libncursesw.so.5.9
631c5000-631c6000 r--p 0002e000 08:06 262526     /lib/i386-linux-gnu/libncursesw.so.5.9
631c6000-631c7000 rw-p 0002f000 08:06 262526     /lib/i386-linux-gnu/libncursesw.so.5.9
631c7000-632ab000 r-xp 00000000 08:06 262596     /lib/i386-linux-gnu/libslang.so.2.2.4
632ab000-632ad000 r--p 000e3000 08:06 262596     /lib/i386-linux-gnu/libslang.so.2.2.4
632ad000-632bb000 rw-p 000e5000 08:06 262596     /lib/i386-linux-gnu/libslang.so.2.2.4
632bb000-632f6000 rw-p 00000000 00:00 0 
632f6000-6331b000 r-xp 00000000 08:06 262517     /lib/i386-linux-gnu/liblzma.so.5.0.0
6331b000-6331c000 r--p 00024000 08:06 262517     /lib/i386-linux-gnu/liblzma.so.5.0.0
6331c000-6331d000 rw-p 00025000 08:06 262517     /lib/i386-linux-gnu/liblzma.so.5.0.0
6331d000-633e3000 r-xp 00000000 08:06 1706001    /usr/lib/i386-linux-gnu/libcaca.so.0.99.18
633e3000-633e4000 r--p 000c5000 08:06 1706001    /usr/lib/i386-linux-gnu/libcaca.so.0.99.18
633e4000-633e5000 rw-p 000c6000 08:06 1706001    /usr/lib/i386-linux-gnu/libcaca.so.0.99.18
633e5000-633e9000 rw-p 00000000 00:00 0 
633e9000-6342c000 r-xp 00000000 08:06 1721418    /usr/lib/i386-linux-gnu/libwebp.so.4.0.1
6342c000-6342d000 r--p 00042000 08:06 1721418    /usr/lib/i386-linux-gnu/libwebp.so.4.0.1
6342d000-6342e000 rw-p 00043000 08:06 1721418    /usr/lib/i386-linux-gnu/libwebp.so.4.0.1
6342e000-63431000 rw-p 00000000 00:00 0 
63431000-634a0000 r-xp 00000000 08:06 1706720    /usr/lib/i386-linux-gnu/libtiff.so.5.1.0
634a0000-634a1000 ---p 0006f000 08:06 1706720    /usr/lib/i386-linux-gnu/libtiff.so.5.1.0
634a1000-634a2000 r--p 0006f000 08:06 1706720    /usr/lib/i386-linux-gnu/libtiff.so.5.1.0
634a2000-634a4000 rw-p 00070000 08:06 1706720    /usr/lib/i386-linux-gnu/libtiff.so.5.1.0
634a4000-634e9000 r-xp 00000000 08:06 1706439    /usr/lib/i386-linux-gnu/libjpeg.so.8.0.2
634e9000-634ea000 r--p 00044000 08:06 1706439    /usr/lib/i386-linux-gnu/libjpeg.so.8.0.2
634ea000-634eb000 rw-p 00045000 08:06 1706439    /usr/lib/i386-linux-gnu/libjpeg.so.8.0.2
634eb000-634fb000 rw-p 00000000 00:00 0 
634fb000-63567000 r-xp 00000000 08:06 1719412    /usr/lib/i386-linux-gnu/libSDL-1.2.so.0.11.4
63567000-63568000 ---p 0006c000 08:06 1719412    /usr/lib/i386-linux-gnu/libSDL-1.2.so.0.11.4
63568000-63569000 r--p 0006c000 08:06 1719412    /usr/lib/i386-linux-gnu/libSDL-1.2.so.0.11.4
63569000-6356a000 rw-p 0006d000 08:06 1719412    /usr/lib/i386-linux-gnu/libSDL-1.2.so.0.11.4
6356a000-63594000 rw-p 00000000 00:00 0 
63594000-635a0000 r-xp 00000000 08:06 1721420    /usr/lib/i386-linux-gnu/libSDL_image-1.2.so.0.8.4
635a0000-635a1000 r--p 0000b000 08:06 1721420    /usr/lib/i386-linux-gnu/libSDL_image-1.2.so.0.8.4
635a1000-635a2000 rw-p 0000c000 08:06 1721420    /usr/lib/i386-linux-gnu/libSDL_image-1.2.so.0.8.4
635a2000-635b2000 rw-p 00000000 00:00 0 
635bc000-635c1000 r-xp 00000000 08:06 405466     /usr/lib/vlc/plugins/codec/libsubsdec_plugin.so
635c1000-635c2000 r--p 00004000 08:06 405466     /usr/lib/vlc/plugins/codec/libsubsdec_plugin.so
635c2000-635c3000 rw-p 00005000 08:06 405466     /usr/lib/vlc/plugins/codec/libsubsdec_plugin.so
635c3000-635c9000 r-xp 00000000 08:06 405476     /usr/lib/vlc/plugins/codec/liblibmpeg2_plugin.so
635c9000-635ca000 r--p 00005000 08:06 405476     /usr/lib/vlc/plugins/codec/liblibmpeg2_plugin.so
635ca000-635cb000 rw-p 00006000 08:06 405476     /usr/lib/vlc/plugins/codec/liblibmpeg2_plugin.so
635cb000-635da000 r-xp 00000000 08:06 1706272    /usr/lib/i386-linux-gnu/libgsm.so.1.0.12
635da000-635db000 r--p 0000e000 08:06 1706272    /usr/lib/i386-linux-gnu/libgsm.so.1.0.12
635db000-635dc000 rw-p 0000f000 08:06 1706272    /usr/lib/i386-linux-gnu/libgsm.so.1.0.12
635dc000-6367e000 r-xp 00000000 08:06 1706760    /usr/lib/i386-linux-gnu/libvpx.so.1.1.0
6367e000-6367f000 r--p 000a1000 08:06 1706760    /usr/lib/i386-linux-gnu/libvpx.so.1.1.0
6367f000-63680000 rw-p 000a2000 08:06 1706760    /usr/lib/i386-linux-gnu/libvpx.so.1.1.0
63680000-63682000 rw-p 00000000 00:00 0 
63682000-6368d000 r-xp 00000000 08:06 1706099    /usr/lib/i386-linux-gnu/libdrm.so.2.4.0
6368d000-6368e000 r--p 0000a000 08:06 1706099    /usr/lib/i386-linux-gnu/libdrm.so.2.4.0
6368e000-6368f000 rw-p 0000b000 08:06 1706099    /usr/lib/i386-linux-gnu/libdrm.so.2.4.0
6368f000-636ad000 r-xp 00000000 08:06 1720467    /usr/lib/i386-linux-gnu/i686/cmov/libavutil.so.51.22.1
636ad000-636ae000 r--p 0001d000 08:06 1720467    /usr/lib/i386-linux-gnu/i686/cmov/libavutil.so.51.22.1
636ae000-636af000 rw-p 0001e000 08:06 1720467    /usr/lib/i386-linux-gnu/i686/cmov/libavutil.so.51.22.1
636af000-636b2000 rw-p 00000000 00:00 0 
636b2000-63dfd000 r-xp 00000000 08:06 1720474    /usr/lib/i386-linux-gnu/i686/cmov/libavcodec.so.53.35.0
63dfd000-63dfe000 r--p 0074a000 08:06 1720474    /usr/lib/i386-linux-gnu/i686/cmov/libavcodec.so.53.35.0
63dfe000-63e0d000 rw-p 0074b000 08:06 1720474    /usr/lib/i386-linux-gnu/i686/cmov/libavcodec.so.53.35.0
63e0d000-6437b000 rw-p 00000000 00:00 0 
6437b000-6438c000 r-xp 00000000 08:06 1720472    /usr/lib/i386-linux-gnu/libva.so.1.3200.0
6438c000-6438d000 r--p 00010000 08:06 1720472    /usr/lib/i386-linux-gnu/libva.so.1.3200.0
6438d000-6438e000 rw-p 00011000 08:06 1720472    /usr/lib/i386-linux-gnu/libva.so.1.3200.0
6438e000-64392000 rw-p 00000000 00:00 0 
64392000-64396000 r-xp 00000000 08:06 405459     /usr/lib/vlc/plugins/codec/libkate_plugin.so
64396000-64397000 r--p 00003000 08:06 405459     /usr/lib/vlc/plugins/codec/libkate_plugin.so
64397000-64398000 rw-p 00004000 08:06 405459     /usr/lib/vlc/plugins/codec/libkate_plugin.so
64398000-643a3000 r-xp 00000000 08:06 1706437    /usr/lib/i386-linux-gnu/libjbig.so.0.0.0
643a3000-643a4000 r--p 0000a000 08:06 1706437    /usr/lib/i386-linux-gnu/libjbig.so.0.0.0
643a4000-643a7000 rw-p 0000b000 08:06 1706437    /usr/lib/i386-linux-gnu/libjbig.so.0.0.0
643a7000-643a9000 r-xp 00000000 08:06 405125     /usr/lib/vlc/plugins/codec/libsdl_image_plugin.so
643a9000-643aa000 r--p 00001000 08:06 405125     /usr/lib/vlc/plugins/codec/libsdl_image_plugin.so
643aa000-643ab000 rw-p 00002000 08:06 405125     /usr/lib/vlc/plugins/codec/libsdl_image_plugin.so
643ab000-643c3000 r-xp 00000000 08:06 407149     /usr/lib/vlc/plugins/codec/libavcodec_plugin.so
643c3000-643c4000 r--p 00017000 08:06 407149     /usr/lib/vlc/plugins/codec/libavcodec_plugin.so
643c4000-643c5000 rw-p 00018000 08:06 407149     /usr/lib/vlc/plugins/codec/libavcodec_plugin.so
643c5000-643d1000 r-xp 00000000 08:06 405465     /usr/lib/vlc/plugins/codec/libomxil_plugin.so
643d1000-643d2000 r--p 0000b000 08:06 405465     /usr/lib/vlc/plugins/codec/libomxil_plugin.so
643d2000-643d3000 rw-p 0000c000 08:06 405465     /usr/lib/vlc/plugins/codec/libomxil_plugin.so
643d3000-643f8000 r-xp 00000000 08:06 1703695    /usr/lib/libenca.so.0.5.1
643f8000-643f9000 r--p 00025000 08:06 1703695    /usr/lib/libenca.so.0.5.1
643f9000-643fb000 rw-p 00026000 08:06 1703695    /usr/lib/libenca.so.0.5.1
643fb000-64411000 r-xp 00000000 08:06 1706181    /usr/lib/i386-linux-gnu/libfribidi.so.0.3.4
64411000-64412000 r--p 00015000 08:06 1706181    /usr/lib/i386-linux-gnu/libfribidi.so.0.3.4
64412000-64413000 rw-p 00016000 08:06 1706181    /usr/lib/i386-linux-gnu/libfribidi.so.0.3.4
64413000-64433000 r-xp 00000000 08:06 1705963    /usr/lib/i386-linux-gnu/libass.so.4.1.0
64433000-64434000 r--p 0001f000 08:06 1705963    /usr/lib/i386-linux-gnu/libass.so.4.1.0
64434000-64435000 rw-p 00020000 08:06 1705963    /usr/lib/i386-linux-gnu/libass.so.4.1.0
64435000-64436000 ---p 00000000 00:00 0 
64436000-644b6000 rw-p 00000000 00:00 0          [stack:5845]
644b6000-644f2000 r-xp 00000000 08:06 1706135    /usr/lib/i386-linux-gnu/libfaad.so.2.0.0
644f2000-644f3000 ---p 0003c000 08:06 1706135    /usr/lib/i386-linux-gnu/libfaad.so.2.0.0
644f3000-644f4000 r--p 0003c000 08:06 1706135    /usr/lib/i386-linux-gnu/libfaad.so.2.0.0
644f4000-644f7000 rw-p 0003d000 08:06 1706135    /usr/lib/i386-linux-gnu/libfaad.so.2.0.0
644f7000-64534000 r-xp 00000000 08:06 1706535    /usr/lib/i386-linux-gnu/libopus.so.0.2.0
64534000-64535000 r--p 0003c000 08:06 1706535    /usr/lib/i386-linux-gnu/libopus.so.0.2.0
64535000-64536000 rw-p 0003d000 08:06 1706535    /usr/lib/i386-linux-gnu/libopus.so.0.2.0
64537000-6453d000 r-xp 00000000 08:06 1721422    /usr/lib/i386-linux-gnu/libva-x11.so.1.3200.0
6453d000-6453e000 r--p 00005000 08:06 1721422    /usr/lib/i386-linux-gnu/libva-x11.so.1.3200.0
6453e000-6453f000 rw-p 00006000 08:06 1721422    /usr/lib/i386-linux-gnu/libva-x11.so.1.3200.0
6453f000-64542000 r-xp 00000000 08:06 405470     /usr/lib/vlc/plugins/codec/libdts_plugin.so
64542000-64543000 r--p 00002000 08:06 405470     /usr/lib/vlc/plugins/codec/libdts_plugin.so
64543000-64544000 rw-p 00003000 08:06 405470     /usr/lib/vlc/plugins/codec/libdts_plugin.so
64544000-64548000 r-xp 00000000 08:06 405464     /usr/lib/vlc/plugins/codec/libflac_plugin.so
64548000-64549000 r--p 00003000 08:06 405464     /usr/lib/vlc/plugins/codec/libflac_plugin.so
64549000-6454a000 rw-p 00004000 08:06 405464     /usr/lib/vlc/plugins/codec/libflac_plugin.so
6454a000-6454d000 r-xp 00000000 08:06 405460     /usr/lib/vlc/plugins/codec/liba52_plugin.so
6454d000-6454e000 r--p 00002000 08:06 405460     /usr/lib/vlc/plugins/codec/liba52_plugin.so
6454e000-6454f000 rw-p 00003000 08:06 405460     /usr/lib/vlc/plugins/codec/liba52_plugin.so
6454f000-645dd000 r-xp 00000000 08:06 1706537    /usr/lib/i386-linux-gnu/liborc-0.4.so.0.17.0
645dd000-645de000 r--p 0008e000 08:06 1706537    /usr/lib/i386-linux-gnu/liborc-0.4.so.0.17.0
645de000-645e2000 rw-p 0008f000 08:06 1706537    /usr/lib/i386-linux-gnu/liborc-0.4.so.0.17.0
645e2000-646af000 r-xp 00000000 08:06 1706653    /usr/lib/i386-linux-gnu/libschroedinger-1.0.so.0.11.0
646af000-646b1000 r--p 000cc000 08:06 1706653    /usr/lib/i386-linux-gnu/libschroedinger-1.0.so.0.11.0
646b1000-646b2000 rw-p 000ce000 08:06 1706653    /usr/lib/i386-linux-gnu/libschroedinger-1.0.so.0.11.0
646b2000-646b8000 r-xp 00000000 08:06 405453     /usr/lib/vlc/plugins/codec/libaraw_plugin.so
646b8000-646b9000 r--p 00005000 08:06 405453     /usr/lib/vlc/plugins/codec/libaraw_plugin.so
646b9000-646ba000 rw-p 00006000 08:06 405453     /usr/lib/vlc/plugins/codec/libaraw_plugin.so
646ba000-646be000 r-xp 00000000 08:06 405468     /usr/lib/vlc/plugins/codec/liblibass_plugin.so
646be000-646bf000 r--p 00003000 08:06 405468     /usr/lib/vlc/plugins/codec/liblibass_plugin.so
646bf000-646c0000 rw-p 00004000 08:06 405468     /usr/lib/vlc/plugins/codec/liblibass_plugin.so
646c0000-646c3000 r-xp 00000000 08:06 405456     /usr/lib/vlc/plugins/codec/libfaad_plugin.so
646c3000-646c4000 r--p 00002000 08:06 405456     /usr/lib/vlc/plugins/codec/libfaad_plugin.so
646c4000-646c5000 rw-p 00003000 08:06 405456     /usr/lib/vlc/plugins/codec/libfaad_plugin.so
646c5000-646c9000 r-xp 00000000 08:06 405477     /usr/lib/vlc/plugins/codec/libopus_plugin.so
646c9000-646ca000 r--p 00003000 08:06 405477     /usr/lib/vlc/plugins/codec/libopus_plugin.so
646ca000-646cb000 rw-p 00004000 08:06 405477     /usr/lib/vlc/plugins/codec/libopus_plugin.so
646cb000-646d4000 r-xp 00000000 08:06 405450     /usr/lib/vlc/plugins/codec/libschroedinger_plugin.so
646d4000-646d5000 r--p 00008000 08:06 405450     /usr/lib/vlc/plugins/codec/libschroedinger_plugin.so
646d5000-646d6000 rw-p 00009000 08:06 405450     /usr/lib/vlc/plugins/codec/libschroedinger_plugin.so
646d6000-646d9000 r-xp 00000000 08:06 405482     /usr/lib/vlc/plugins/codec/libcdg_plugin.so
646d9000-646da000 r--p 00002000 08:06 405482     /usr/lib/vlc/plugins/codec/libcdg_plugin.so
646da000-646db000 rw-p 00003000 08:06 405482     /usr/lib/vlc/plugins/codec/libcdg_plugin.so
646db000-646dd000 r-xp 00000000 08:06 405481     /usr/lib/vlc/plugins/codec/libpng_plugin.so
646dd000-646de000 r--p 00001000 08:06 405481     /usr/lib/vlc/plugins/codec/libpng_plugin.so
646de000-646df000 rw-p 00002000 08:06 405481     /usr/lib/vlc/plugins/codec/libpng_plugin.so
646df000-646e7000 r-xp 00000000 08:06 280621     /usr/lib/vlc/plugins/demux/libsubtitle_plugin.so
646e7000-646e8000 r--p 00007000 08:06 280621     /usr/lib/vlc/plugins/demux/libsubtitle_plugin.so
646e8000-646e9000 rw-p 00008000 08:06 280621     /usr/lib/vlc/plugins/demux/libsubtitle_plugin.so
646e9000-646ec000 r-xp 00000000 08:06 280635     /usr/lib/vlc/plugins/demux/libdemux_stl_plugin.so
646ec000-646ed000 r--p 00002000 08:06 280635     /usr/lib/vlc/plugins/demux/libdemux_stl_plugin.so
646ed000-646ee000 rw-p 00003000 08:06 280635     /usr/lib/vlc/plugins/demux/libdemux_stl_plugin.so
646ee000-646f3000 r-xp 00000000 08:06 280644     /usr/lib/vlc/plugins/demux/libvobsub_plugin.so
646f3000-646f4000 r--p 00004000 08:06 280644     /usr/lib/vlc/plugins/demux/libvobsub_plugin.so
646f4000-646f5000 rw-p 00005000 08:06 280644     /usr/lib/vlc/plugins/demux/libvobsub_plugin.so
646f5000-646f7000 r-xp 00000000 08:06 280611     /usr/lib/vlc/plugins/demux/libdemux_cdg_plugin.so
646f7000-646f8000 r--p 00001000 08:06 280611     /usr/lib/vlc/plugins/demux/libdemux_cdg_plugin.so
646f8000-646f9000 rw-p 00002000 08:06 280611     /usr/lib/vlc/plugins/demux/libdemux_cdg_plugin.so
646f9000-652fa000 rw-p 00000000 00:00 0 
652fa000-652fd000 r-xp 00000000 08:06 405449     /usr/lib/vlc/plugins/codec/libmpeg_audio_plugin.so
652fd000-652fe000 r--p 00002000 08:06 405449     /usr/lib/vlc/plugins/codec/libmpeg_audio_plugin.so
652fe000-652ff000 rw-p 00003000 08:06 405449     /usr/lib/vlc/plugins/codec/libmpeg_audio_plugin.so
652ff000-65302000 r-xp 00000000 08:06 405473     /usr/lib/vlc/plugins/codec/libsvcdsub_plugin.so
65302000-65303000 r--p 00002000 08:06 405473     /usr/lib/vlc/plugins/codec/libsvcdsub_plugin.so
65303000-65304000 rw-p 00003000 08:06 405473     /usr/lib/vlc/plugins/codec/libsvcdsub_plugin.so
65304000-65307000 r-xp 00000000 08:06 405455     /usr/lib/vlc/plugins/codec/libcvdsub_plugin.so
65307000-65308000 r--p 00002000 08:06 405455     /usr/lib/vlc/plugins/codec/libcvdsub_plugin.so
65308000-65309000 rw-p 00003000 08:06 405455     /usr/lib/vlc/plugins/codec/libcvdsub_plugin.so
65309000-6530c000 r-xp 00000000 08:06 405458     /usr/lib/vlc/plugins/codec/libspudec_plugin.so
6530c000-6530d000 r--p 00003000 08:06 405458     /usr/lib/vlc/plugins/codec/libspudec_plugin.so
6530d000-6530e000 rw-p 00004000 08:06 405458     /usr/lib/vlc/plugins/codec/libspudec_plugin.so
6530e000-65312000 r-xp 00000000 08:06 405634     /usr/lib/vlc/plugins/packetizer/libpacketizer_flac_plugin.so
65312000-65313000 r--p 00003000 08:06 405634     /usr/lib/vlc/plugins/packetizer/libpacketizer_flac_plugin.so
65313000-65314000 rw-p 00004000 08:06 405634     /usr/lib/vlc/plugins/packetizer/libpacketizer_flac_plugin.so
65314000-65319000 r-xp 00000000 08:06 405638     /usr/lib/vlc/plugins/packetizer/libpacketizer_mpegvideo_plugin.so
65319000-6531a000 r--p 00004000 08:06 405638     /usr/lib/vlc/plugins/packetizer/libpacketizer_mpegvideo_plugin.so
6531a000-6531b000 rw-p 00005000 08:06 405638     /usr/lib/vlc/plugins/packetizer/libpacketizer_mpegvideo_plugin.so
6531b000-6532a000 r-xp 00000000 08:06 405635     /usr/lib/vlc/plugins/packetizer/libpacketizer_h264_plugin.so
6532a000-6532b000 r--p 0000e000 08:06 405635     /usr/lib/vlc/plugins/packetizer/libpacketizer_h264_plugin.so
6532b000-6532c000 rw-p 0000f000 08:06 405635     /usr/lib/vlc/plugins/packetizer/libpacketizer_h264_plugin.so
6532c000-65330000 r-xp 00000000 08:06 405636     /usr/lib/vlc/plugins/packetizer/libpacketizer_mlp_plugin.so
65330000-65331000 r--p 00003000 08:06 405636     /usr/lib/vlc/plugins/packetizer/libpacketizer_mlp_plugin.so
65331000-65332000 rw-p 00004000 08:06 405636     /usr/lib/vlc/plugins/packetizer/libpacketizer_mlp_plugin.so
65332000-6534d000 r-xp 00000000 08:06 1706713    /usr/lib/i386-linux-gnu/libtheoradec.so.1.1.4
6534d000-6534e000 r--p 0001a000 08:06 1706713    /usr/lib/i386-linux-gnu/libtheoradec.so.1.1.4
6534e000-6534f000 rw-p 0001b000 08:06 1706713    /usr/lib/i386-linux-gnu/libtheoradec.so.1.1.4
6534f000-65394000 r-xp 00000000 08:06 1706715    /usr/lib/i386-linux-gnu/libtheoraenc.so.1.1.2
65394000-65395000 r--p 00044000 08:06 1706715    /usr/lib/i386-linux-gnu/libtheoraenc.so.1.1.2
65395000-65396000 rw-p 00045000 08:06 1706715    /usr/lib/i386-linux-gnu/libtheoraenc.so.1.1.2
65396000-6539b000 r-xp 00000000 08:06 405637     /usr/lib/vlc/plugins/packetizer/libpacketizer_mpeg4video_plugin.so
6539b000-6539c000 r--p 00004000 08:06 405637     /usr/lib/vlc/plugins/packetizer/libpacketizer_mpeg4video_plugin.so
6539c000-6539d000 rw-p 00005000 08:06 405637     /usr/lib/vlc/plugins/packetizer/libpacketizer_mpeg4video_plugin.so
6539d000-653a3000 r-xp 00000000 08:06 405640     /usr/lib/vlc/plugins/packetizer/libpacketizer_mpeg4audio_plugin.so
653a3000-653a4000 r--p 00005000 08:06 405640     /usr/lib/vlc/plugins/packetizer/libpacketizer_mpeg4audio_plugin.so
653a4000-653a5000 rw-p 00006000 08:06 405640     /usr/lib/vlc/plugins/packetizer/libpacketizer_mpeg4audio_plugin.so
653a5000-653ad000 r-xp 00000000 08:06 405633     /usr/lib/vlc/plugins/packetizer/libpacketizer_vc1_plugin.so
653ad000-653ae000 r--p 00007000 08:06 405633     /usr/lib/vlc/plugins/packetizer/libpacketizer_vc1_plugin.so
653ae000-653af000 rw-p 00008000 08:06 405633     /usr/lib/vlc/plugins/packetizer/libpacketizer_vc1_plugin.so
653af000-653ce000 r-xp 00000000 08:06 1708460    /usr/lib/i386-linux-gnu/sse2/libspeex.so.1.5.0
653ce000-653cf000 r--p 0001e000 08:06 1708460    /usr/lib/i386-linux-gnu/sse2/libspeex.so.1.5.0
653cf000-653d0000 rw-p 0001f000 08:06 1708460    /usr/lib/i386-linux-gnu/sse2/libspeex.so.1.5.0
653d2000-653d7000 r-xp 00000000 08:06 405641     /usr/lib/vlc/plugins/packetizer/libpacketizer_dirac_plugin.so
653d7000-653d8000 r--p 00005000 08:06 405641     /usr/lib/vlc/plugins/packetizer/libpacketizer_dirac_plugin.so
653d8000-653d9000 rw-p 00006000 08:06 405641     /usr/lib/vlc/plugins/packetizer/libpacketizer_dirac_plugin.so
653d9000-653df000 r-xp 00000000 08:06 405451     /usr/lib/vlc/plugins/codec/libtheora_plugin.so
653df000-653e0000 r--p 00005000 08:06 405451     /usr/lib/vlc/plugins/codec/libtheora_plugin.so
653e0000-653e1000 rw-p 00006000 08:06 405451     /usr/lib/vlc/plugins/codec/libtheora_plugin.so
653e1000-653e7000 r-xp 00000000 08:06 405479     /usr/lib/vlc/plugins/codec/libvorbis_plugin.so
653e7000-653e8000 r--p 00005000 08:06 405479     /usr/lib/vlc/plugins/codec/libvorbis_plugin.so
653e8000-653e9000 rw-p 00006000 08:06 405479     /usr/lib/vlc/plugins/codec/libvorbis_plugin.so
653e9000-653ef000 r-xp 00000000 08:06 405478     /usr/lib/vlc/plugins/codec/libspeex_plugin.so
653ef000-653f0000 r--p 00005000 08:06 405478     /usr/lib/vlc/plugins/codec/libspeex_plugin.so
653f0000-653f1000 rw-p 00006000 08:06 405478     /usr/lib/vlc/plugins/codec/libspeex_plugin.so
653f1000-653f3000 r-xp 00000000 08:06 405483     /usr/lib/vlc/plugins/codec/libaes3_plugin.so
653f3000-653f4000 r--p 00001000 08:06 405483     /usr/lib/vlc/plugins/codec/libaes3_plugin.so
653f4000-653f5000 rw-p 00002000 08:06 405483     /usr/lib/vlc/plugins/codec/libaes3_plugin.so
653f5000-653f9000 r-xp 00000000 08:06 405462     /usr/lib/vlc/plugins/codec/liblpcm_plugin.so
653f9000-653fa000 r--p 00003000 08:06 405462     /usr/lib/vlc/plugins/codec/liblpcm_plugin.so
653fa000-653fb000 rw-p 00004000 08:06 405462     /usr/lib/vlc/plugins/codec/liblpcm_plugin.so
653fb000-65400000 r-xp 00000000 08:06 280640     /usr/lib/vlc/plugins/demux/libes_plugin.so
65400000-65401000 r--p 00004000 08:06 280640     /usr/lib/vlc/plugins/demux/libes_plugin.so
65401000-65402000 rw-p 00005000 08:06 280640     /usr/lib/vlc/plugins/demux/libes_plugin.so
65402000-65406000 r-xp 00000000 08:06 280647     /usr/lib/vlc/plugins/demux/libflacsys_plugin.so
65406000-65407000 r--p 00004000 08:06 280647     /usr/lib/vlc/plugins/demux/libflacsys_plugin.so
65407000-65408000 rw-p 00005000 08:06 280647     /usr/lib/vlc/plugins/demux/libflacsys_plugin.so
65408000-65414000 r-xp 00000000 08:06 280632     /usr/lib/vlc/plugins/demux/libasf_plugin.so
65414000-65415000 r--p 0000b000 08:06 280632     /usr/lib/vlc/plugins/demux/libasf_plugin.so
65415000-65416000 rw-p 0000c000 08:06 280632     /usr/lib/vlc/plugins/demux/libasf_plugin.so
65416000-65426000 r-xp 00000000 08:06 280639     /usr/lib/vlc/plugins/demux/libavi_plugin.so
65426000-65427000 r--p 00010000 08:06 280639     /usr/lib/vlc/plugins/demux/libavi_plugin.so
65427000-65428000 rw-p 00011000 08:06 280639     /usr/lib/vlc/plugins/demux/libavi_plugin.so
65428000-6544c000 r-xp 00000000 08:06 280624     /usr/lib/vlc/plugins/demux/libmp4_plugin.so
6544c000-6544d000 r--p 00024000 08:06 280624     /usr/lib/vlc/plugins/demux/libmp4_plugin.so
6544d000-6544e000 rw-p 00025000 08:06 280624     /usr/lib/vlc/plugins/demux/libmp4_plugin.so
6544e000-65469000 r-xp 00000000 08:06 405646     /usr/lib/vlc/plugins/stream_filter/libstream_filter_dash_plugin.so
65469000-6546a000 r--p 0001b000 08:06 405646     /usr/lib/vlc/plugins/stream_filter/libstream_filter_dash_plugin.so
6546a000-6546b000 rw-p 0001c000 08:06 405646     /usr/lib/vlc/plugins/stream_filter/libstream_filter_dash_plugin.so
6546b000-6606c000 rw-p 00000000 00:00 0 
6606c000-6608a000 r-xp 00000000 08:06 1706115    /usr/lib/i386-linux-gnu/libdvdread.so.4.1.2
6608a000-6608b000 r--p 0001d000 08:06 1706115    /usr/lib/i386-linux-gnu/libdvdread.so.4.1.2
6608b000-6608c000 rw-p 0001e000 08:06 1706115    /usr/lib/i386-linux-gnu/libdvdread.so.4.1.2
6608c000-660c0000 r-xp 00000000 08:06 1720482    /usr/lib/i386-linux-gnu/libbluray.so.1.2.0
660c0000-660c1000 ---p 00034000 08:06 1720482    /usr/lib/i386-linux-gnu/libbluray.so.1.2.0
660c1000-660c2000 r--p 00034000 08:06 1720482    /usr/lib/i386-linux-gnu/libbluray.so.1.2.0
660c2000-660c3000 rw-p 00035000 08:06 1720482    /usr/lib/i386-linux-gnu/libbluray.so.1.2.0
660c3000-663a2000 r-xp 00000000 08:06 1705842    /usr/lib/i386-linux-gnu/libQtCore.so.4.8.4
663a2000-663a9000 r--p 002de000 08:06 1705842    /usr/lib/i386-linux-gnu/libQtCore.so.4.8.4
663a9000-663aa000 rw-p 002e5000 08:06 1705842    /usr/lib/i386-linux-gnu/libQtCore.so.4.8.4
663aa000-663ab000 rw-p 00000000 00:00 0 
663ab000-66e53000 r-xp 00000000 08:06 1705851    /usr/lib/i386-linux-gnu/libQtGui.so.4.8.4
66e53000-66e75000 r--p 00aa7000 08:06 1705851    /usr/lib/i386-linux-gnu/libQtGui.so.4.8.4
66e75000-66e79000 rw-p 00ac9000 08:06 1705851    /usr/lib/i386-linux-gnu/libQtGui.so.4.8.4
66e79000-66e7c000 rw-p 00000000 00:00 0 
66e7c000-67091000 r-xp 00000000 08:06 407152     /usr/lib/vlc/plugins/gui/libqt4_plugin.so
67091000-67092000 ---p 00215000 08:06 407152     /usr/lib/vlc/plugins/gui/libqt4_plugin.so
67092000-6709e000 r--p 00215000 08:06 407152     /usr/lib/vlc/plugins/gui/libqt4_plugin.so
6709e000-670a0000 rw-p 00221000 08:06 407152     /usr/lib/vlc/plugins/gui/libqt4_plugin.so
670a0000-670a1000 rw-p 00000000 00:00 0 
670a1000-670a7000 r-xp 00000000 08:06 1706531    /usr/lib/i386-linux-gnu/libogg.so.0.8.0
670a7000-670a8000 r--p 00005000 08:06 1706531    /usr/lib/i386-linux-gnu/libogg.so.0.8.0
670a8000-670a9000 rw-p 00006000 08:06 1706531    /usr/lib/i386-linux-gnu/libogg.so.0.8.0
670a9000-670d2000 r-xp 00000000 08:06 1706753    /usr/lib/i386-linux-gnu/libvorbis.so.0.4.5
670d2000-670d3000 ---p 00029000 08:06 1706753    /usr/lib/i386-linux-gnu/libvorbis.so.0.4.5
670d3000-670d4000 r--p 00029000 08:06 1706753    /usr/lib/i386-linux-gnu/libvorbis.so.0.4.5
670d4000-670d5000 rw-p 0002a000 08:06 1706753    /usr/lib/i386-linux-gnu/libvorbis.so.0.4.5
670d5000-6723b000 r-xp 00000000 08:06 1706755    /usr/lib/i386-linux-gnu/libvorbisenc.so.2.0.8
6723b000-6724c000 r--p 00165000 08:06 1706755    /usr/lib/i386-linux-gnu/libvorbisenc.so.2.0.8
6724c000-6724d000 rw-p 00176000 08:06 1706755    /usr/lib/i386-linux-gnu/libvorbisenc.so.2.0.8
6724d000-6729b000 r-xp 00000000 08:06 1705817    /usr/lib/i386-linux-gnu/libFLAC.so.8.2.0
6729b000-6729c000 r--p 0004e000 08:06 1705817    /usr/lib/i386-linux-gnu/libFLAC.so.8.2.0
6729c000-6729d000 rw-p 0004f000 08:06 1705817    /usr/lib/i386-linux-gnu/libFLAC.so.8.2.0
6729d000-672a2000 r-xp 00000000 08:06 1705965    /usr/lib/i386-linux-gnu/libasyncns.so.0.3.1
672a2000-672a3000 r--p 00004000 08:06 1705965    /usr/lib/i386-linux-gnu/libasyncns.so.0.3.1
672a3000-672a4000 rw-p 00005000 08:06 1705965    /usr/lib/i386-linux-gnu/libasyncns.so.0.3.1
672a4000-67311000 r-xp 00000000 08:06 1706669    /usr/lib/i386-linux-gnu/libsndfile.so.1.0.25
67311000-67313000 r--p 0006c000 08:06 1706669    /usr/lib/i386-linux-gnu/libsndfile.so.1.0.25
67313000-67314000 rw-p 0006e000 08:06 1706669    /usr/lib/i386-linux-gnu/libsndfile.so.1.0.25
67314000-67318000 rw-p 00000000 00:00 0 
67319000-6731b000 r-xp 00000000 08:06 405480     /usr/lib/vlc/plugins/codec/librawvideo_plugin.so
6731b000-6731c000 r--p 00001000 08:06 405480     /usr/lib/vlc/plugins/codec/librawvideo_plugin.so
6731c000-6731d000 rw-p 00002000 08:06 405480     /usr/lib/vlc/plugins/codec/librawvideo_plugin.so
6731d000-6731f000 r-xp 00000000 08:06 405645     /usr/lib/vlc/plugins/stream_filter/libstream_filter_record_plugin.so
6731f000-67320000 r--p 00001000 08:06 405645     /usr/lib/vlc/plugins/stream_filter/libstream_filter_record_plugin.so
67320000-67321000 rw-p 00002000 08:06 405645     /usr/lib/vlc/plugins/stream_filter/libstream_filter_record_plugin.so
67321000-67329000 r-xp 00000000 08:06 1720591    /usr/lib/vlc/plugins/access/libzip_plugin.so
67329000-6732a000 r--p 00007000 08:06 1720591    /usr/lib/vlc/plugins/access/libzip_plugin.so
6732a000-6732b000 rw-p 00008000 08:06 1720591    /usr/lib/vlc/plugins/access/libzip_plugin.so
6732b000-67335000 r-xp 00000000 08:06 405643     /usr/lib/vlc/plugins/stream_filter/libstream_filter_httplive_plugin.so
67335000-67336000 r--p 00009000 08:06 405643     /usr/lib/vlc/plugins/stream_filter/libstream_filter_httplive_plugin.so
67336000-67337000 rw-p 0000a000 08:06 405643     /usr/lib/vlc/plugins/stream_filter/libstream_filter_httplive_plugin.so
67337000-6733b000 r-xp 00000000 08:06 1720609    /usr/lib/vlc/plugins/access/libfilesystem_plugin.so
6733b000-6733c000 r--p 00003000 08:06 1720609    /usr/lib/vlc/plugins/access/libfilesystem_plugin.so
6733c000-6733d000 rw-p 00004000 08:06 1720609    /usr/lib/vlc/plugins/access/libfilesystem_plugin.so
6733d000-67342000 r-xp 00000000 08:06 1720610    /usr/lib/vlc/plugins/access/libaccess_vdr_plugin.so
67342000-67343000 r--p 00004000 08:06 1720610    /usr/lib/vlc/plugins/access/libaccess_vdr_plugin.so
67343000-67344000 rw-p 00005000 08:06 1720610    /usr/lib/vlc/plugins/access/libaccess_vdr_plugin.so
67344000-67347000 ---p 00000000 00:00 0 
67347000-673c5000 rw-p 00000000 00:00 0          [stack:5839]
673c5000-673c8000 ---p 00000000 00:00 0 
673c8000-67416000 rw-p 00000000 00:00 0          [stack:5838]
67416000-67417000 ---p 00000000 00:00 0 
67417000-67497000 rw-p 00000000 00:00 0          [stack:5837]
67497000-67500000 r-xp 00000000 08:06 1708139    /usr/lib/i386-linux-gnu/pulseaudio/libpulsecommon-3.0.so
67500000-67501000 r--p 00068000 08:06 1708139    /usr/lib/i386-linux-gnu/pulseaudio/libpulsecommon-3.0.so
67501000-67502000 rw-p 00069000 08:06 1708139    /usr/lib/i386-linux-gnu/pulseaudio/libpulsecommon-3.0.so
67503000-675f0000 r-xp 00000000 08:06 1771845    /usr/lib/i386-linux-gnu/libasound.so.2.0.0
675f0000-675f4000 r--p 000ec000 08:06 1771845    /usr/lib/i386-linux-gnu/libasound.so.2.0.0
675f4000-675f5000 rw-p 000f0000 08:06 1771845    /usr/lib/i386-linux-gnu/libasound.so.2.0.0
675f5000-67641000 r-xp 00000000 08:06 1706602    /usr/lib/i386-linux-gnu/libpulse.so.0.15.3
67641000-67642000 ---p 0004c000 08:06 1706602    /usr/lib/i386-linux-gnu/libpulse.so.0.15.3
67642000-67643000 r--p 0004c000 08:06 1706602    /usr/lib/i386-linux-gnu/libpulse.so.0.15.3
67643000-67644000 rw-p 0004d000 08:06 1706602    /usr/lib/i386-linux-gnu/libpulse.so.0.15.3
67646000-6765a000 r-xp 00000000 08:06 1706111    /usr/lib/i386-linux-gnu/libdvdnav.so.4.1.2
6765a000-6765b000 r--p 00013000 08:06 1706111    /usr/lib/i386-linux-gnu/libdvdnav.so.4.1.2
6765b000-6765c000 rw-p 00014000 08:06 1706111    /usr/lib/i386-linux-gnu/libdvdnav.so.4.1.2
6765c000-6766f000 r-xp 00000000 08:06 1720590    /usr/lib/vlc/plugins/access/libaccess_bd_plugin.so
6766f000-67670000 r--p 00012000 08:06 1720590    /usr/lib/vlc/plugins/access/libaccess_bd_plugin.so
67670000-67671000 rw-p 00013000 08:06 1720590    /usr/lib/vlc/plugins/access/libaccess_bd_plugin.so
67671000-676c9000 r-xp 00000000 08:06 1722219    /usr/lib/i386-linux-gnu/libXt.so.6.0.0
676c9000-676ca000 r--p 00058000 08:06 1722219    /usr/lib/i386-linux-gnu/libXt.so.6.0.0
676ca000-676cd000 rw-p 00059000 08:06 1722219    /usr/lib/i386-linux-gnu/libXt.so.6.0.0
676cd000-676e3000 r-xp 00000000 08:06 1705827    /usr/lib/i386-linux-gnu/libICE.so.6.3.0
676e3000-676e4000 r--p 00015000 08:06 1705827    /usr/lib/i386-linux-gnu/libICE.so.6.3.0
676e4000-676e5000 rw-p 00016000 08:06 1705827    /usr/lib/i386-linux-gnu/libICE.so.6.3.0
676e5000-676e7000 rw-p 00000000 00:00 0 
676e7000-676fe000 r-xp 00000000 08:06 1705975    /usr/lib/i386-linux-gnu/libaudio.so.2.4
676fe000-676ff000 r--p 00016000 08:06 1705975    /usr/lib/i386-linux-gnu/libaudio.so.2.4
676ff000-67700000 rw-p 00017000 08:06 1705975    /usr/lib/i386-linux-gnu/libaudio.so.2.4
67700000-67783000 rw-p 00000000 00:00 0 
67783000-67800000 ---p 00000000 00:00 0 
67800000-67835000 rw-p 00000000 00:00 0 
67835000-67900000 ---p 00000000 00:00 0 
67903000-6790d000 r-xp 00000000 08:06 1720582    /usr/lib/vlc/plugins/access/libdvdnav_plugin.so
6790d000-6790e000 r--p 0000a000 08:06 1720582    /usr/lib/vlc/plugins/access/libdvdnav_plugin.so
6790e000-6790f000 rw-p 0000b000 08:06 1720582    /usr/lib/vlc/plugins/access/libdvdnav_plugin.so
6790f000-67914000 r-xp 00000000 08:06 1720612    /usr/lib/vlc/plugins/access/liblibbluray_plugin.so
67914000-67915000 r--p 00004000 08:06 1720612    /usr/lib/vlc/plugins/access/liblibbluray_plugin.so
67915000-67916000 rw-p 00005000 08:06 1720612    /usr/lib/vlc/plugins/access/liblibbluray_plugin.so
67916000-67927000 r-xp 00000000 08:06 262615     /lib/i386-linux-gnu/libusb-1.0.so.0.1.0
67927000-67928000 r--p 00010000 08:06 262615     /lib/i386-linux-gnu/libusb-1.0.so.0.1.0
67928000-67929000 rw-p 00011000 08:06 262615     /lib/i386-linux-gnu/libusb-1.0.so.0.1.0
67929000-6796c000 r-xp 00000000 08:06 1706494    /usr/lib/i386-linux-gnu/libmtp.so.9.0.5
6796c000-6796f000 r--p 00043000 08:06 1706494    /usr/lib/i386-linux-gnu/libmtp.so.9.0.5
6796f000-67976000 rw-p 00046000 08:06 1706494    /usr/lib/i386-linux-gnu/libmtp.so.9.0.5
67976000-679fc000 r-xp 00000000 08:06 1720486    /usr/lib/i386-linux-gnu/libdirac_encoder.so.0.1.0
679fc000-679fe000 r--p 00085000 08:06 1720486    /usr/lib/i386-linux-gnu/libdirac_encoder.so.0.1.0
679fe000-679ff000 rw-p 00087000 08:06 1720486    /usr/lib/i386-linux-gnu/libdirac_encoder.so.0.1.0
679ff000-67a00000 rw-p 00000000 00:00 0 
67a00000-67abb000 rw-p 00000000 00:00 0 
67abb000-67b00000 ---p 00000000 00:00 0 
67b00000-67b03000 r-xp 00000000 08:06 1720599    /usr/lib/vlc/plugins/access/libstream_filter_rar_plugin.so
67b03000-67b04000 r--p 00002000 08:06 1720599    /usr/lib/vlc/plugins/access/libstream_filter_rar_plugin.so
67b04000-67b05000 rw-p 00003000 08:06 1720599    /usr/lib/vlc/plugins/access/libstream_filter_rar_plugin.so
67b05000-67bfa000 r-xp 00000000 08:06 1720541    /usr/lib/libvlccore.so.5.1.1
67bfa000-67bff000 r--p 000f5000 08:06 1720541    /usr/lib/libvlccore.so.5.1.1
67bff000-67c00000 rw-p 000fa000 08:06 1720541    /usr/lib/libvlccore.so.5.1.1
67c00000-67d00000 rw-p 00000000 00:00 0 
67d00000-67d03000 r-xp 00000000 08:06 405644     /usr/lib/vlc/plugins/stream_filter/libdecomp_plugin.so
67d03000-67d04000 r--p 00002000 08:06 405644     /usr/lib/vlc/plugins/stream_filter/libdecomp_plugin.so
67d04000-67d05000 rw-p 00003000 08:06 405644     /usr/lib/vlc/plugins/stream_filter/libdecomp_plugin.so
67d05000-67d0d000 r-xp 00000000 08:06 262621     /lib/i386-linux-gnu/libwrap.so.0.7.6
67d0d000-67d0e000 r--p 00007000 08:06 262621     /lib/i386-linux-gnu/libwrap.so.0.7.6
67d0e000-67d0f000 rw-p 00008000 08:06 262621     /lib/i386-linux-gnu/libwrap.so.0.7.6
67d0f000-67d17000 r-xp 00000000 08:06 262510     /lib/i386-linux-gnu/libjson.so.0.1.0
67d17000-67d18000 r--p 00007000 08:06 262510     /lib/i386-linux-gnu/libjson.so.0.1.0
67d18000-67d19000 rw-p 00008000 08:06 262510     /lib/i386-linux-gnu/libjson.so.0.1.0
67d1b000-67d1d000 r-xp 00000000 08:06 280658     /usr/lib/vlc/plugins/misc/libinhibit_plugin.so
67d1d000-67d1e000 r--p 00001000 08:06 280658     /usr/lib/vlc/plugins/misc/libinhibit_plugin.so
67d1e000-67d1f000 rw-p 00002000 08:06 280658     /usr/lib/vlc/plugins/misc/libinhibit_plugin.so
67d1f000-67d25000 r-xp 00000000 08:06 405627     /usr/lib/vlc/plugins/control/libhotkeys_plugin.so
67d25000-67d26000 r--p 00005000 08:06 405627     /usr/lib/vlc/plugins/control/libhotkeys_plugin.so
67d26000-67d27000 rw-p 00006000 08:06 405627     /usr/lib/vlc/plugins/control/libhotkeys_plugin.so
67d27000-67d29000 r-xp 00000000 08:06 405485     /usr/lib/vlc/plugins/mmxext/libmemcpymmxext_plugin.so
67d29000-67d2a000 r--p 00001000 08:06 405485     /usr/lib/vlc/plugins/mmxext/libmemcpymmxext_plugin.so
67d2a000-67d2b000 rw-p 00002000 08:06 405485     /usr/lib/vlc/plugins/mmxext/libmemcpymmxext_plugin.so
67d2b000-67d30000 r-xp 00000000 08:06 405519     /usr/lib/vlc/plugins/audio_output/libalsa_plugin.so
67d30000-67d31000 r--p 00004000 08:06 405519     /usr/lib/vlc/plugins/audio_output/libalsa_plugin.so
67d31000-67d32000 rw-p 00005000 08:06 405519     /usr/lib/vlc/plugins/audio_output/libalsa_plugin.so
67d32000-67d4c000 r-xp 00000000 08:06 1720543    /usr/lib/libvlc.so.5.3.2
67d4c000-67d4d000 r--p 00019000 08:06 1720543    /usr/lib/libvlc.so.5.3.2
67d4d000-67d4e000 rw-p 0001a000 08:06 1720543    /usr/lib/libvlc.so.5.3.2
67d4e000-67d51000 ---p 00000000 00:00 0 
67d51000-67d9f000 rw-p 00000000 00:00 0          [stack:5830]
67d9f000-67da2000 ---p 00000000 00:00 0 
67da2000-67df0000 rw-p 00000000 00:00 0          [stack:5829]
67df0000-68f5f000 r-xp 00000000 08:06 1706398    /usr/lib/i386-linux-gnu/libicudata.so.48.1.1
68f5f000-68f60000 r--p 0116e000 08:06 1706398    /usr/lib/i386-linux-gnu/libicudata.so.48.1.1
68f60000-68f61000 rw-p 0116f000 08:06 1706398    /usr/lib/i386-linux-gnu/libicudata.so.48.1.1
68f61000-68f64000 r-xp 00000000 08:06 262501     /lib/i386-linux-gnu/libgpg-error.so.0.8.0
68f64000-68f65000 r--p 00002000 08:06 262501     /lib/i386-linux-gnu/libgpg-error.so.0.8.0
68f65000-68f66000 rw-p 00003000 08:06 262501     /lib/i386-linux-gnu/libgpg-error.so.0.8.0
68f66000-68f68000 r-xp 00000000 08:06 262512     /lib/i386-linux-gnu/libkeyutils.so.1.4
68f68000-68f69000 r--p 00002000 08:06 262512     /lib/i386-linux-gnu/libkeyutils.so.1.4
68f69000-68f6a000 rw-p 00003000 08:06 262512     /lib/i386-linux-gnu/libkeyutils.so.1.4
68f6a000-690c0000 r-xp 00000000 08:06 1706412    /usr/lib/i386-linux-gnu/libicuuc.so.48.1.1
690c0000-690ca000 r--p 00155000 08:06 1706412    /usr/lib/i386-linux-gnu/libicuuc.so.48.1.1
690ca000-690cb000 rw-p 0015f000 08:06 1706412    /usr/lib/i386-linux-gnu/libicuuc.so.48.1.1
690cb000-690cf000 rw-p 00000000 00:00 0 
690cf000-69102000 r-xp 00000000 08:06 1706404    /usr/lib/i386-linux-gnu/libicule.so.48.1.1
69102000-69103000 ---p 00033000 08:06 1706404    /usr/lib/i386-linux-gnu/libicule.so.48.1.1
69103000-69104000 r--p 00033000 08:06 1706404    /usr/lib/i386-linux-gnu/libicule.so.48.1.1
69104000-69105000 rw-p 00034000 08:06 1706404    /usr/lib/i386-linux-gnu/libicule.so.48.1.1
69105000-6914d000 r-xp 00000000 08:06 262482     /lib/i386-linux-gnu/libdbus-1.so.3.7.2
6914d000-6914e000 r--p 00047000 08:06 262482     /lib/i386-linux-gnu/libdbus-1.so.3.7.2
6914e000-6914f000 rw-p 00048000 08:06 262482     /lib/i386-linux-gnu/libdbus-1.so.3.7.2
6914f000-69161000 r-xp 00000000 08:06 1706541    /usr/lib/i386-linux-gnu/libp11-kit.so.0.0.0
69161000-69162000 r--p 00011000 08:06 1706541    /usr/lib/i386-linux-gnu/libp11-kit.so.0.0.0
69162000-69163000 rw-p 00012000 08:06 1706541    /usr/lib/i386-linux-gnu/libp11-kit.so.0.0.0
69163000-69173000 r-xp 00000000 08:06 1706699    /usr/lib/i386-linux-gnu/libtasn1.so.3.2.0
69173000-69174000 r--p 0000f000 08:06 1706699    /usr/lib/i386-linux-gnu/libtasn1.so.3.2.0
69174000-69175000 rw-p 00010000 08:06 1706699    /usr/lib/i386-linux-gnu/libtasn1.so.3.2.0
69175000-691f6000 r-xp 00000000 08:06 262497     /lib/i386-linux-gnu/libgcrypt.so.11.7.0
691f6000-691f7000 r--p 00080000 08:06 262497     /lib/i386-linux-gnu/libgcrypt.so.11.7.0
691f7000-691f9000 rw-p 00081000 08:06 262497     /lib/i386-linux-gnu/libgcrypt.so.11.7.0
691f9000-69200000 r-xp 00000000 08:06 1706449    /usr/lib/i386-linux-gnu/libkrb5support.so.0.1
69200000-69201000 r--p 00006000 08:06 1706449    /usr/lib/i386-linux-gnu/libkrb5support.so.0.1
69201000-69202000 rw-p 00007000 08:06 1706449    /usr/lib/i386-linux-gnu/libkrb5support.so.0.1
69202000-69205000 r-xp 00000000 08:06 262477     /lib/i386-linux-gnu/libcom_err.so.2.1
69205000-69206000 r--p 00002000 08:06 262477     /lib/i386-linux-gnu/libcom_err.so.2.1
69206000-69207000 rw-p 00003000 08:06 262477     /lib/i386-linux-gnu/libcom_err.so.2.1
69207000-6922d000 r-xp 00000000 08:06 1706443    /usr/lib/i386-linux-gnu/libk5crypto.so.3.1
6922d000-6922e000 r--p 00026000 08:06 1706443    /usr/lib/i386-linux-gnu/libk5crypto.so.3.1
6922e000-6922f000 rw-p 00027000 08:06 1706443    /usr/lib/i386-linux-gnu/libk5crypto.so.3.1
6922f000-692f6000 r-xp 00000000 08:06 1706447    /usr/lib/i386-linux-gnu/libkrb5.so.3.3
692f6000-692fc000 r--p 000c6000 08:06 1706447    /usr/lib/i386-linux-gnu/libkrb5.so.3.3
692fc000-692fd000 rw-p 000cc000 08:06 1706447    /usr/lib/i386-linux-gnu/libkrb5.so.3.3
692fd000-69395000 r-xp 00000000 08:06 1706380    /usr/lib/i386-linux-gnu/libharfbuzz.so.0.913.0
69395000-69396000 ---p 00098000 08:06 1706380    /usr/lib/i386-linux-gnu/libharfbuzz.so.0.913.0
69396000-69397000 r--p 00098000 08:06 1706380    /usr/lib/i386-linux-gnu/libharfbuzz.so.0.913.0
69397000-69398000 rw-p 00099000 08:06 1706380    /usr/lib/i386-linux-gnu/libharfbuzz.so.0.913.0
69398000-693a0000 r-xp 00000000 08:06 1706787    /usr/lib/i386-linux-gnu/libxcb-render.so.0.0.0
693a0000-693a1000 r--p 00008000 08:06 1706787    /usr/lib/i386-linux-gnu/libxcb-render.so.0.0.0
693a1000-693a2000 rw-p 00009000 08:06 1706787    /usr/lib/i386-linux-gnu/libxcb-render.so.0.0.0
693a2000-693a4000 r-xp 00000000 08:06 1706791    /usr/lib/i386-linux-gnu/libxcb-shm.so.0.0.0
693a4000-693a5000 r--p 00001000 08:06 1706791    /usr/lib/i386-linux-gnu/libxcb-shm.so.0.0.0
693a5000-693a6000 rw-p 00002000 08:06 1706791    /usr/lib/i386-linux-gnu/libxcb-shm.so.0.0.0
693a6000-693cd000 r-xp 00000000 08:06 262578     /lib/i386-linux-gnu/libpng12.so.0.49.0
693cd000-693ce000 r--p 00026000 08:06 262578     /lib/i386-linux-gnu/libpng12.so.0.49.0
693ce000-693cf000 rw-p 00027000 08:06 262578     /lib/i386-linux-gnu/libpng12.so.0.49.0
693cf000-69463000 r-xp 00000000 08:06 1706571    /usr/lib/i386-linux-gnu/libpixman-1.so.0.28.2
69463000-69468000 r--p 00093000 08:06 1706571    /usr/lib/i386-linux-gnu/libpixman-1.so.0.28.2
69468000-69469000 rw-p 00098000 08:06 1706571    /usr/lib/i386-linux-gnu/libpixman-1.so.0.28.2
69469000-69479000 r-xp 00000000 08:06 1705977    /usr/lib/i386-linux-gnu/libavahi-client.so.3.2.9
69479000-6947a000 r--p 0000f000 08:06 1705977    /usr/lib/i386-linux-gnu/libavahi-client.so.3.2.9
6947a000-6947b000 rw-p 00010000 08:06 1705977    /usr/lib/i386-linux-gnu/libavahi-client.so.3.2.9
6947b000-69487000 r-xp 00000000 08:06 1705979    /usr/lib/i386-linux-gnu/libavahi-common.so.3.5.3
69487000-69488000 r--p 0000b000 08:06 1705979    /usr/lib/i386-linux-gnu/libavahi-common.so.3.5.3
69488000-69489000 rw-p 0000c000 08:06 1705979    /usr/lib/i386-linux-gnu/libavahi-common.so.3.5.3
69489000-69549000 r-xp 00000000 08:06 1706251    /usr/lib/i386-linux-gnu/libgnutls.so.26.22.6
69549000-6954d000 r--p 000bf000 08:06 1706251    /usr/lib/i386-linux-gnu/libgnutls.so.26.22.6
6954d000-6954e000 rw-p 000c3000 08:06 1706251    /usr/lib/i386-linux-gnu/libgnutls.so.26.22.6
6954e000-69589000 r-xp 00000000 08:06 1706276    /usr/lib/i386-linux-gnu/libgssapi_krb5.so.2.2
69589000-6958a000 r--p 0003a000 08:06 1706276    /usr/lib/i386-linux-gnu/libgssapi_krb5.so.2.2
6958a000-6958b000 rw-p 0003b000 08:06 1706276    /usr/lib/i386-linux-gnu/libgssapi_krb5.so.2.2
6958b000-695ca000 r-xp 00000000 08:06 262566     /lib/i386-linux-gnu/libpcre.so.3.13.1
695ca000-695cb000 r--p 0003f000 08:06 262566     /lib/i386-linux-gnu/libpcre.so.3.13.1
695cb000-695cc000 rw-p 00040000 08:06 262566     /lib/i386-linux-gnu/libpcre.so.3.13.1
695cc000-695d1000 r-xp 00000000 08:06 1706141    /usr/lib/i386-linux-gnu/libffi.so.6.0.1
695d1000-695d2000 r--p 00005000 08:06 1706141    /usr/lib/i386-linux-gnu/libffi.so.6.0.1
695d2000-695d3000 rw-p 00006000 08:06 1706141    /usr/lib/i386-linux-gnu/libffi.so.6.0.1
695d3000-695f8000 r-xp 00000000 08:06 262490     /lib/i386-linux-gnu/libexpat.so.1.6.0
695f8000-695fa000 r--p 00025000 08:06 262490     /lib/i386-linux-gnu/libexpat.so.1.6.0
695fa000-695fb000 rw-p 00027000 08:06 262490     /lib/i386-linux-gnu/libexpat.so.1.6.0
695fb000-69691000 r-xp 00000000 08:06 1706179    /usr/lib/i386-linux-gnu/libfreetype.so.6.10.0
69691000-69695000 r--p 00095000 08:06 1706179    /usr/lib/i386-linux-gnu/libfreetype.so.6.10.0
69695000-69696000 rw-p 00099000 08:06 1706179    /usr/lib/i386-linux-gnu/libfreetype.so.6.10.0
69696000-696a9000 r-xp 00000000 08:06 262589     /lib/i386-linux-gnu/libresolv-2.17.so
696a9000-696aa000 r--p 00013000 08:06 262589     /lib/i386-linux-gnu/libresolv-2.17.so
696aa000-696ab000 rw-p 00014000 08:06 262589     /lib/i386-linux-gnu/libresolv-2.17.so
696ab000-696ad000 rw-p 00000000 00:00 0 
696ad000-696ca000 r-xp 00000000 08:06 262593     /lib/i386-linux-gnu/libselinux.so.1
696ca000-696cb000 r--p 0001c000 08:06 262593     /lib/i386-linux-gnu/libselinux.so.1
696cb000-696cc000 rw-p 0001d000 08:06 262593     /lib/i386-linux-gnu/libselinux.so.1
696cc000-696ce000 r-xp 00000000 08:06 1705896    /usr/lib/i386-linux-gnu/libXdamage.so.1.1.0
696ce000-696cf000 r--p 00001000 08:06 1705896    /usr/lib/i386-linux-gnu/libXdamage.so.1.1.0
696cf000-696d0000 rw-p 00002000 08:06 1705896    /usr/lib/i386-linux-gnu/libXdamage.so.1.1.0
696d0000-696d9000 r-xp 00000000 08:06 1705894    /usr/lib/i386-linux-gnu/libXcursor.so.1.0.2
696d9000-696da000 r--p 00008000 08:06 1705894    /usr/lib/i386-linux-gnu/libXcursor.so.1.0.2
696da000-696db000 rw-p 00009000 08:06 1705894    /usr/lib/i386-linux-gnu/libXcursor.so.1.0.2
696db000-696e4000 r-xp 00000000 08:06 1705918    /usr/lib/i386-linux-gnu/libXrandr.so.2.2.0
696e4000-696e5000 r--p 00008000 08:06 1705918    /usr/lib/i386-linux-gnu/libXrandr.so.2.2.0
696e5000-696e6000 rw-p 00009000 08:06 1705918    /usr/lib/i386-linux-gnu/libXrandr.so.2.2.0
696e6000-696f8000 r-xp 00000000 08:06 1706553    /usr/lib/i386-linux-gnu/libpangoft2-1.0.so.0.3200.5
696f8000-696f9000 r--p 00011000 08:06 1706553    /usr/lib/i386-linux-gnu/libpangoft2-1.0.so.0.3200.5
696f9000-696fa000 rw-p 00012000 08:06 1706553    /usr/lib/i386-linux-gnu/libpangoft2-1.0.so.0.3200.5
696fa000-6980d000 r-xp 00000000 08:06 1706005    /usr/lib/i386-linux-gnu/libcairo.so.2.11200.14
6980d000-6980f000 r--p 00113000 08:06 1706005    /usr/lib/i386-linux-gnu/libcairo.so.2.11200.14
6980f000-69810000 rw-p 00115000 08:06 1706005    /usr/lib/i386-linux-gnu/libcairo.so.2.11200.14
69810000-69811000 rw-p 00000000 00:00 0 
69811000-6982f000 r-xp 00000000 08:06 1705967    /usr/lib/i386-linux-gnu/libatk-1.0.so.0.20809.1
6982f000-69831000 r--p 0001d000 08:06 1705967    /usr/lib/i386-linux-gnu/libatk-1.0.so.0.20809.1
69831000-69832000 rw-p 0001f000 08:06 1705967    /usr/lib/i386-linux-gnu/libatk-1.0.so.0.20809.1
69832000-69837000 r-xp 00000000 08:06 1705902    /usr/lib/i386-linux-gnu/libXfixes.so.3.1.0
69837000-69838000 r--p 00004000 08:06 1705902    /usr/lib/i386-linux-gnu/libXfixes.so.3.1.0
69838000-69839000 rw-p 00005000 08:06 1705902    /usr/lib/i386-linux-gnu/libXfixes.so.3.1.0
69839000-69893000 r-xp 00000000 08:06 1706064    /usr/lib/i386-linux-gnu/libcups.so.2
69893000-69894000 ---p 0005a000 08:06 1706064    /usr/lib/i386-linux-gnu/libcups.so.2
69894000-69897000 r--p 0005a000 08:06 1706064    /usr/lib/i386-linux-gnu/libcups.so.2
69897000-69898000 rw-p 0005d000 08:06 1706064    /usr/lib/i386-linux-gnu/libcups.so.2
69898000-69997000 r-xp 00000000 08:06 262499     /lib/i386-linux-gnu/libglib-2.0.so.0.3600.0
69997000-69998000 r--p 000fe000 08:06 262499     /lib/i386-linux-gnu/libglib-2.0.so.0.3600.0
69998000-69999000 rw-p 000ff000 08:06 262499     /lib/i386-linux-gnu/libglib-2.0.so.0.3600.0
69999000-699e7000 r-xp 00000000 08:06 1706257    /usr/lib/i386-linux-gnu/libgobject-2.0.so.0.3600.0
699e7000-699e8000 r--p 0004d000 08:06 1706257    /usr/lib/i386-linux-gnu/libgobject-2.0.so.0.3600.0
699e8000-699e9000 rw-p 0004e000 08:06 1706257    /usr/lib/i386-linux-gnu/libgobject-2.0.so.0.3600.0
699e9000-69a20000 r-xp 00000000 08:06 1706167    /usr/lib/i386-linux-gnu/libfontconfig.so.1.6.2
69a20000-69a21000 r--p 00036000 08:06 1706167    /usr/lib/i386-linux-gnu/libfontconfig.so.1.6.2
69a21000-69a22000 rw-p 00037000 08:06 1706167    /usr/lib/i386-linux-gnu/libfontconfig.so.1.6.2
69a22000-69a6b000 r-xp 00000000 08:06 1706549    /usr/lib/i386-linux-gnu/libpango-1.0.so.0.3200.5
69a6b000-69a6c000 r--p 00049000 08:06 1706549    /usr/lib/i386-linux-gnu/libpango-1.0.so.0.3200.5
69a6c000-69a6d000 rw-p 0004a000 08:06 1706549    /usr/lib/i386-linux-gnu/libpango-1.0.so.0.3200.5
69a6d000-69a8d000 r-xp 00000000 08:06 1706208    /usr/lib/i386-linux-gnu/libgdk_pixbuf-2.0.so.0.2800.0
69a8d000-69a8e000 ---p 00020000 08:06 1706208    /usr/lib/i386-linux-gnu/libgdk_pixbuf-2.0.so.0.2800.0
69a8e000-69a8f000 r--p 00020000 08:06 1706208    /usr/lib/i386-linux-gnu/libgdk_pixbuf-2.0.so.0.2800.0
69a8f000-69a90000 rw-p 00021000 08:06 1706208    /usr/lib/i386-linux-gnu/libgdk_pixbuf-2.0.so.0.2800.0
69a90000-69bf0000 r-xp 00000000 08:06 1706227    /usr/lib/i386-linux-gnu/libgio-2.0.so.0.3600.0
69bf0000-69bf2000 r--p 00160000 08:06 1706227    /usr/lib/i386-linux-gnu/libgio-2.0.so.0.3600.0
69bf2000-69bf3000 rw-p 00162000 08:06 1706227    /usr/lib/i386-linux-gnu/libgio-2.0.so.0.3600.0
69bf3000-69bf4000 rw-p 00000000 00:00 0 
69bf4000-69c9f000 r-xp 00000000 08:06 1706206    /usr/lib/i386-linux-gnu/libgdk-x11-2.0.so.0.2400.17
69c9f000-69ca1000 r--p 000ab000 08:06 1706206    /usr/lib/i386-linux-gnu/libgdk-x11-2.0.so.0.2400.17
69ca1000-69ca2000 rw-p 000ad000 08:06 1706206    /usr/lib/i386-linux-gnu/libgdk-x11-2.0.so.0.2400.17
69ca2000-6a103000 r-xp 00000000 08:06 1706364    /usr/lib/i386-linux-gnu/libgtk-x11-2.0.so.0.2400.17
6a103000-6a107000 r--p 00461000 08:06 1706364    /usr/lib/i386-linux-gnu/libgtk-x11-2.0.so.0.2400.17
6a107000-6a109000 rw-p 00465000 08:06 1706364    /usr/lib/i386-linux-gnu/libgtk-x11-2.0.so.0.2400.17
6a109000-6a10b000 rw-p 00000000 00:00 0 
6a10b000-6a19d000 r-xp 00000000 08:06 1708643    /usr/lib/jvm/java-7-openjdk-i386/jre/lib/i386/libawt.so
6a19d000-6a19e000 r--p 00091000 08:06 1708643    /usr/lib/jvm/java-7-openjdk-i386/jre/lib/i386/libawt.so
6a19e000-6a1a5000 rw-p 00092000 08:06 1708643    /usr/lib/jvm/java-7-openjdk-i386/jre/lib/i386/libawt.so
6a1a5000-6a1c9000 rw-p 00000000 00:00 0 
6a1c9000-6a2fc000 r-xp 00000000 08:06 1706796    /usr/lib/i386-linux-gnu/libX11.so.6.3.0
6a2fc000-6a2fd000 r--p 00132000 08:06 1706796    /usr/lib/i386-linux-gnu/libX11.so.6.3.0
6a2fd000-6a300000 rw-p 00133000 08:06 1706796    /usr/lib/i386-linux-gnu/libX11.so.6.3.0
6a300000-6a3ff000 rw-p 00000000 00:00 0 
6a3ff000-6a400000 ---p 00000000 00:00 0 
6a401000-6a403000 r-xp 00000000 08:06 1705892    /usr/lib/i386-linux-gnu/libXcomposite.so.1.0.0
6a403000-6a404000 r--p 00001000 08:06 1705892    /usr/lib/i386-linux-gnu/libXcomposite.so.1.0.0
6a404000-6a405000 rw-p 00002000 08:06 1705892    /usr/lib/i386-linux-gnu/libXcomposite.so.1.0.0
6a405000-6a410000 r-xp 00000000 08:06 1706551    /usr/lib/i386-linux-gnu/libpangocairo-1.0.so.0.3200.5
6a410000-6a411000 r--p 0000a000 08:06 1706551    /usr/lib/i386-linux-gnu/libpangocairo-1.0.so.0.3200.5
6a411000-6a412000 rw-p 0000b000 08:06 1706551    /usr/lib/i386-linux-gnu/libpangocairo-1.0.so.0.3200.5
6a412000-6a415000 r-xp 00000000 08:06 1706237    /usr/lib/i386-linux-gnu/libgmodule-2.0.so.0.3600.0
6a415000-6a416000 r--p 00002000 08:06 1706237    /usr/lib/i386-linux-gnu/libgmodule-2.0.so.0.3600.0
6a416000-6a417000 rw-p 00003000 08:06 1706237    /usr/lib/i386-linux-gnu/libgmodule-2.0.so.0.3600.0
6a417000-6a425000 r-xp 00000000 08:06 1705906    /usr/lib/i386-linux-gnu/libXi.so.6.1.0
6a425000-6a426000 r--p 0000d000 08:06 1705906    /usr/lib/i386-linux-gnu/libXi.so.6.1.0
6a426000-6a427000 rw-p 0000e000 08:06 1705906    /usr/lib/i386-linux-gnu/libXi.so.6.1.0
6a427000-6a479000 r-xp 00000000 08:06 1708686    /usr/lib/jvm/java-7-openjdk-i386/jre/lib/i386/xawt/libmawt.so
6a479000-6a47a000 r--p 00051000 08:06 1708686    /usr/lib/jvm/java-7-openjdk-i386/jre/lib/i386/xawt/libmawt.so
6a47a000-6a47c000 rw-p 00052000 08:06 1708686    /usr/lib/jvm/java-7-openjdk-i386/jre/lib/i386/xawt/libmawt.so
6a47c000-6a47d000 rw-p 00000000 00:00 0 
6a47d000-6a47e000 ---p 00000000 00:00 0 
6a47e000-6a4fe000 rw-p 00000000 00:00 0          [stack:5828]
6a4fe000-6a501000 ---p 00000000 00:00 0 
6a501000-6a57f000 rw-p 00000000 00:00 0          [stack:5826]
6a57f000-6a582000 ---p 00000000 00:00 0 
6a582000-6a600000 rw-p 00000000 00:00 0          [stack:5825]
6a600000-6a800000 r--p 00000000 08:06 1709808    /usr/lib/locale/locale-archive
6a800000-6a821000 rw-p 00000000 00:00 0 
6a821000-6a900000 ---p 00000000 00:00 0 
6a900000-6aa00000 rw-p 00000000 00:00 0 
6aa00000-6ab00000 rw-p 00000000 00:00 0 
6ab00000-6ab02000 r-xp 00000000 08:06 1705908    /usr/lib/i386-linux-gnu/libXinerama.so.1.0.0
6ab02000-6ab03000 r--p 00001000 08:06 1705908    /usr/lib/i386-linux-gnu/libXinerama.so.1.0.0
6ab03000-6ab04000 rw-p 00002000 08:06 1705908    /usr/lib/i386-linux-gnu/libXinerama.so.1.0.0
6ab04000-6ab09000 r-xp 00000000 08:06 1705926    /usr/lib/i386-linux-gnu/libXtst.so.6.1.0
6ab09000-6ab0a000 r--p 00004000 08:06 1705926    /usr/lib/i386-linux-gnu/libXtst.so.6.1.0
6ab0a000-6ab0b000 rw-p 00005000 08:06 1705926    /usr/lib/i386-linux-gnu/libXtst.so.6.1.0
6ab0b000-6ab13000 r-xp 00000000 08:06 1705920    /usr/lib/i386-linux-gnu/libXrender.so.1.3.0
6ab13000-6ab14000 r--p 00007000 08:06 1705920    /usr/lib/i386-linux-gnu/libXrender.so.1.3.0
6ab14000-6ab15000 rw-p 00008000 08:06 1705920    /usr/lib/i386-linux-gnu/libXrender.so.1.3.0
6ab16000-6ab1a000 r-xp 00000000 08:06 262619     /lib/i386-linux-gnu/libuuid.so.1.3.0
6ab1a000-6ab1b000 r--p 00003000 08:06 262619     /lib/i386-linux-gnu/libuuid.so.1.3.0
6ab1b000-6ab1c000 rw-p 00004000 08:06 262619     /lib/i386-linux-gnu/libuuid.so.1.3.0
6ab1c000-6ab23000 r-xp 00000000 08:06 1705877    /usr/lib/i386-linux-gnu/libSM.so.6.0.1
6ab23000-6ab24000 r--p 00006000 08:06 1705877    /usr/lib/i386-linux-gnu/libSM.so.6.0.1
6ab24000-6ab25000 rw-p 00007000 08:06 1705877    /usr/lib/i386-linux-gnu/libSM.so.6.0.1
6ab25000-6ab28000 r-xp 00000000 08:06 1706600    /usr/lib/i386-linux-gnu/libpulse-simple.so.0.0.3
6ab28000-6ab29000 r--p 00002000 08:06 1706600    /usr/lib/i386-linux-gnu/libpulse-simple.so.0.0.3
6ab29000-6ab2a000 rw-p 00003000 08:06 1706600    /usr/lib/i386-linux-gnu/libpulse-simple.so.0.0.3
6ab2a000-6ab2c000 r-xp 00000000 08:06 405602     /usr/lib/vlc/plugins/services_discovery/libmtp_plugin.so
6ab2c000-6ab2d000 r--p 00001000 08:06 405602     /usr/lib/vlc/plugins/services_discovery/libmtp_plugin.so
6ab2d000-6ab2e000 rw-p 00002000 08:06 405602     /usr/lib/vlc/plugins/services_discovery/libmtp_plugin.so
6ab2e000-6ab31000 ---p 00000000 00:00 0 
6ab31000-6ab7f000 rw-p 00000000 00:00 0          [stack:5827]
6ab7f000-6ab80000 ---p 00000000 00:00 0 
6ab80000-6ac00000 rw-p 00000000 00:00 0          [stack:5821]
6ac00000-6acff000 rw-p 00000000 00:00 0 
6acff000-6ad00000 ---p 00000000 00:00 0 
6ad01000-6ad11000 r-xp 00000000 08:06 1705900    /usr/lib/i386-linux-gnu/libXext.so.6.4.0
6ad11000-6ad12000 r--p 0000f000 08:06 1705900    /usr/lib/i386-linux-gnu/libXext.so.6.4.0
6ad12000-6ad13000 rw-p 00010000 08:06 1705900    /usr/lib/i386-linux-gnu/libXext.so.6.4.0
6ad13000-6ad33000 r-xp 00000000 08:06 1720908    /usr/lib/i386-linux-gnu/libxcb.so.1.1.0
6ad33000-6ad34000 r--p 0001f000 08:06 1720908    /usr/lib/i386-linux-gnu/libxcb.so.1.1.0
6ad34000-6ad35000 rw-p 00020000 08:06 1720908    /usr/lib/i386-linux-gnu/libxcb.so.1.1.0
6ad35000-6aee2000 r--s 01cde000 08:06 1708621    /usr/lib/jvm/java-7-openjdk-i386/jre/lib/rt.jar
6aee2000-6dc00000 rw-p 00000000 00:00 0 
6dc00000-6dcfd000 rw-p 00000000 00:00 0 
6dcfd000-6dd00000 ---p 00000000 00:00 0 
6dd00000-6dd01000 r-xp 00000000 08:06 1708656    /usr/lib/jvm/java-7-openjdk-i386/jre/lib/i386/libjawt.so
6dd01000-6dd02000 r--p 00000000 08:06 1708656    /usr/lib/jvm/java-7-openjdk-i386/jre/lib/i386/libjawt.so
6dd02000-6dd03000 rw-p 00001000 08:06 1708656    /usr/lib/jvm/java-7-openjdk-i386/jre/lib/i386/libjawt.so
6dd03000-6dd0e000 r--s 001fb000 08:06 1708529    /usr/lib/jvm/java-7-openjdk-common/jre/lib/charsets.jar
6dd0e000-6dd19000 r--s 001fb000 08:06 1708529    /usr/lib/jvm/java-7-openjdk-common/jre/lib/charsets.jar
6dd19000-6dd2d000 r-xp 00000000 08:06 1441576    /tmp/jna-gene/jna1116891073378572659.tmp (deleted)
6dd2d000-6dd2e000 rw-p 00014000 08:06 1441576    /tmp/jna-gene/jna1116891073378572659.tmp (deleted)
6dd2e000-6dd31000 ---p 00000000 00:00 0 
6dd31000-6dd7f000 rw-p 00000000 00:00 0          [stack:5824]
6dd7f000-6dd80000 ---p 00000000 00:00 0 
6dd80000-6de00000 rw-p 00000000 00:00 0          [stack:5820]
6de00000-6de21000 rw-p 00000000 00:00 0 
6de21000-6df00000 ---p 00000000 00:00 0 
6df01000-6df06000 r-xp 00000000 08:06 1705898    /usr/lib/i386-linux-gnu/libXdmcp.so.6.0.0
6df06000-6df07000 r--p 00004000 08:06 1705898    /usr/lib/i386-linux-gnu/libXdmcp.so.6.0.0
6df07000-6df08000 rw-p 00005000 08:06 1705898    /usr/lib/i386-linux-gnu/libXdmcp.so.6.0.0
6df08000-6df0a000 r-xp 00000000 08:06 1705887    /usr/lib/i386-linux-gnu/libXau.so.6.0.0
6df0a000-6df0b000 r--p 00001000 08:06 1705887    /usr/lib/i386-linux-gnu/libXau.so.6.0.0
6df0b000-6df0c000 rw-p 00002000 08:06 1705887    /usr/lib/i386-linux-gnu/libXau.so.6.0.0
6df0c000-6df11000 r--s 0004c000 08:06 1708535    /usr/lib/jvm/java-7-openjdk-common/jre/lib/jsse.jar
6df11000-6df24000 r--s 00179000 08:06 1724490    /home/gene/Downloads/ll/vlcj-2.4.1/vlcj-2.4.1-javadoc.jar
6df24000-6df2e000 r--s 00053000 08:06 1724519    /home/gene/Downloads/ll/vlcj-2.4.1/vlcj-2.4.1-tests.jar
6df2e000-6df31000 ---p 00000000 00:00 0 
6df31000-6df7f000 rw-p 00000000 00:00 0          [stack:5823]
6df7f000-6df80000 ---p 00000000 00:00 0 
6df80000-6e000000 rw-p 00000000 00:00 0          [stack:5819]
6e000000-6e021000 rw-p 00000000 00:00 0 
6e021000-6e100000 ---p 00000000 00:00 0 
6e100000-6e109000 r--s 000bc000 08:06 1708538    /usr/lib/jvm/java-7-openjdk-common/jre/lib/resources.jar
6e109000-6e110000 r--s 00094000 08:06 1784822    /home/gene/netbeans-7.3.1/java/modules/ext/beansbinding-1.2.1.jar
6e110000-6e11f000 r--s 00115000 08:06 1724216    /home/gene/Downloads/ll/vlcj-2.4.1/platform-3.5.2.jar
6e11f000-6e12e000 r--s 000d3000 08:06 1786959    /home/gene/Downloads/jaudiotagger-2.2.0-20130321.142353-1.jar
6e12e000-6e131000 ---p 00000000 00:00 0 
6e131000-6e17f000 rw-p 00000000 00:00 0          [stack:5822]
6e17f000-6e180000 ---p 00000000 00:00 0 
6e180000-6e200000 rw-p 00000000 00:00 0          [stack:5818]
6e200000-6e221000 rw-p 00000000 00:00 0 
6e221000-6e300000 ---p 00000000 00:00 0 
6e300000-6e301000 rw-p 00000000 00:00 0 
6e301000-6e302000 rwxp 00000000 00:00 0 
6e302000-6e30c000 r--s 0004b000 08:06 1724492    /home/gene/Downloads/ll/vlcj-2.4.1/vlcj-2.4.1.jar
6e30c000-6e354000 rw-p 00000000 00:00 0 
6e354000-6e355000 ---p 00000000 00:00 0 
6e355000-6e3ea000 rw-p 00000000 00:00 0          [stack:5817]
6e3ea000-6e519000 rw-p 00000000 00:00 0 
6e519000-6e521000 rw-p 00000000 00:00 0 
6e521000-6e559000 rw-p 00000000 00:00 0 
6e559000-6e56e000 rw-p 00000000 00:00 0 
6e56e000-6e69d000 rw-p 00000000 00:00 0 
6e69d000-6e6a8000 rw-p 00000000 00:00 0 
6e6a8000-6e73f000 rw-p 00000000 00:00 0 
6e73f000-6f740000 rw-p 00000000 00:00 0 
6f740000-76740000 rw-p 00000000 00:00 0 
76740000-78fc0000 rw-p 00000000 00:00 0 
78fc0000-9ef40000 rw-p 00000000 00:00 0 
9ef40000-a0370000 rw-p 00000000 00:00 0 
a0370000-b3340000 rw-p 00000000 00:00 0 
b3340000-b3349000 rw-p 00000000 00:00 0 
b3349000-b3400000 rw-p 00000000 00:00 0 
b3400000-b3640000 rwxp 00000000 00:00 0 
b3640000-b64fc000 rw-p 00000000 00:00 0 
b64fc000-b6500000 ---p 00000000 00:00 0 
b6500000-b6501000 r-xp 00000000 08:06 1706360    /usr/lib/i386-linux-gnu/libgthread-2.0.so.0.3600.0
b6501000-b6502000 r--p 00000000 08:06 1706360    /usr/lib/i386-linux-gnu/libgthread-2.0.so.0.3600.0
b6502000-b6503000 rw-p 00001000 08:06 1706360    /usr/lib/i386-linux-gnu/libgthread-2.0.so.0.3600.0
b6503000-b6506000 r--s 000a6000 08:06 1724183    /home/gene/Downloads/ll/vlcj-2.4.1/jna-3.5.2.jar
b6506000-b6509000 r--s 00027000 08:06 1798650    /home/gene/Downloads/rs2xml.jar
b6509000-b650b000 r--s 00380000 08:06 1795454    /home/gene/Downloads/sqlite-jdbc-3.7.15-M1.jar
b650b000-b6523000 r--s 001b9000 08:06 1779640    /home/gene/lab/music/playmp3/jmf.jar
b6523000-b6525000 r--s 00006000 08:06 137009     /usr/share/java/java-atk-wrapper.jar
b6525000-b6528000 r--s 0000f000 08:06 1708547    /usr/lib/jvm/java-7-openjdk-common/jre/lib/ext/pulse-java.jar
b6528000-b6530000 rw-p 00000000 00:00 0 
b6530000-b6568000 rw-p 00000000 00:00 0 
b6568000-b6573000 r-xp 00000000 08:06 262543     /lib/i386-linux-gnu/libnss_files-2.17.so
b6573000-b6574000 r--p 0000a000 08:06 262543     /lib/i386-linux-gnu/libnss_files-2.17.so
b6574000-b6575000 rw-p 0000b000 08:06 262543     /lib/i386-linux-gnu/libnss_files-2.17.so
b6575000-b657f000 r-xp 00000000 08:06 262548     /lib/i386-linux-gnu/libnss_nis-2.17.so
b657f000-b6580000 r--p 00009000 08:06 262548     /lib/i386-linux-gnu/libnss_nis-2.17.so
b6580000-b6581000 rw-p 0000a000 08:06 262548     /lib/i386-linux-gnu/libnss_nis-2.17.so
b6581000-b6596000 r-xp 00000000 08:06 262537     /lib/i386-linux-gnu/libnsl-2.17.so
b6596000-b6597000 r--p 00014000 08:06 262537     /lib/i386-linux-gnu/libnsl-2.17.so
b6597000-b6598000 rw-p 00015000 08:06 262537     /lib/i386-linux-gnu/libnsl-2.17.so
b6598000-b659a000 rw-p 00000000 00:00 0 
b659a000-b65a1000 r-xp 00000000 08:06 262539     /lib/i386-linux-gnu/libnss_compat-2.17.so
b65a1000-b65a2000 r--p 00006000 08:06 262539     /lib/i386-linux-gnu/libnss_compat-2.17.so
b65a2000-b65a3000 rw-p 00007000 08:06 262539     /lib/i386-linux-gnu/libnss_compat-2.17.so
b65a3000-b65a4000 r--s 00014000 08:06 1795668    /home/gene/lab/music/playmp3/mp3plugin.jar
b65a4000-b65a5000 r--s 00002000 08:06 1708545    /usr/lib/jvm/java-7-openjdk-common/jre/lib/ext/dnsns.jar
b65a5000-b65a9000 r--s 00085000 08:06 1708546    /usr/lib/jvm/java-7-openjdk-common/jre/lib/ext/localedata.jar
b65a9000-b65ab000 r--s 00012000 08:06 1708550    /usr/lib/jvm/java-7-openjdk-common/jre/lib/ext/zipfs.jar
b65ab000-b65ae000 r--s 00032000 08:06 1708548    /usr/lib/jvm/java-7-openjdk-common/jre/lib/ext/sunjce_provider.jar
b65ae000-b65b1000 r--s 0003c000 08:06 1708549    /usr/lib/jvm/java-7-openjdk-common/jre/lib/ext/sunpkcs11.jar
b65b1000-b65b2000 r--p 005db000 08:06 1709808    /usr/lib/locale/locale-archive
b65b2000-b65ba000 r-xp 00000000 08:06 1708674    /usr/lib/jvm/java-7-openjdk-i386/jre/lib/i386/libzip.so
b65ba000-b65bb000 r--p 00007000 08:06 1708674    /usr/lib/jvm/java-7-openjdk-i386/jre/lib/i386/libzip.so
b65bb000-b65bc000 rw-p 00008000 08:06 1708674    /usr/lib/jvm/java-7-openjdk-i386/jre/lib/i386/libzip.so
b65bc000-b65e3000 r-xp 00000000 08:06 1708652    /usr/lib/jvm/java-7-openjdk-i386/jre/lib/i386/libjava.so
b65e3000-b65e4000 r--p 00026000 08:06 1708652    /usr/lib/jvm/java-7-openjdk-i386/jre/lib/i386/libjava.so
b65e4000-b65e5000 rw-p 00027000 08:06 1708652    /usr/lib/jvm/java-7-openjdk-i386/jre/lib/i386/libjava.so
b65e5000-b65ec000 r-xp 00000000 08:06 262591     /lib/i386-linux-gnu/librt-2.17.so
b65ec000-b65ed000 r--p 00006000 08:06 262591     /lib/i386-linux-gnu/librt-2.17.so
b65ed000-b65ee000 rw-p 00007000 08:06 262591     /lib/i386-linux-gnu/librt-2.17.so
b65ee000-b65f1000 ---p 00000000 00:00 0 
b65f1000-b663f000 rw-p 00000000 00:00 0          [stack:5816]
b663f000-b665a000 r-xp 00000000 08:06 262495     /lib/i386-linux-gnu/libgcc_s.so.1
b665a000-b665b000 r--p 0001a000 08:06 262495     /lib/i386-linux-gnu/libgcc_s.so.1
b665b000-b665c000 rw-p 0001b000 08:06 262495     /lib/i386-linux-gnu/libgcc_s.so.1
b665c000-b669d000 r-xp 00000000 08:06 262518     /lib/i386-linux-gnu/libm-2.17.so
b669d000-b669e000 r--p 00040000 08:06 262518     /lib/i386-linux-gnu/libm-2.17.so
b669e000-b669f000 rw-p 00041000 08:06 262518     /lib/i386-linux-gnu/libm-2.17.so
b669f000-b677b000 r-xp 00000000 08:06 1706691    /usr/lib/i386-linux-gnu/libstdc++.so.6.0.17
b677b000-b677c000 ---p 000dc000 08:06 1706691    /usr/lib/i386-linux-gnu/libstdc++.so.6.0.17
b677c000-b6780000 r--p 000dc000 08:06 1706691    /usr/lib/i386-linux-gnu/libstdc++.so.6.0.17
b6780000-b6781000 rw-p 000e0000 08:06 1706691    /usr/lib/i386-linux-gnu/libstdc++.so.6.0.17
b6781000-b6788000 rw-p 00000000 00:00 0 
b6788000-b707d000 r-xp 00000000 08:06 1708685    /usr/lib/jvm/java-7-openjdk-i386/jre/lib/i386/server/libjvm.so
b707d000-b70c4000 r--p 008f4000 08:06 1708685    /usr/lib/jvm/java-7-openjdk-i386/jre/lib/i386/server/libjvm.so
b70c4000-b70d8000 rw-p 0093b000 08:06 1708685    /usr/lib/jvm/java-7-openjdk-i386/jre/lib/i386/server/libjvm.so
b70d8000-b74f6000 rw-p 00000000 00:00 0 
b74f6000-b750d000 r-xp 00000000 08:06 262624     /lib/i386-linux-gnu/libz.so.1.2.7
b750d000-b750e000 r--p 00016000 08:06 262624     /lib/i386-linux-gnu/libz.so.1.2.7
b750e000-b750f000 rw-p 00017000 08:06 262624     /lib/i386-linux-gnu/libz.so.1.2.7
b750f000-b7526000 r-xp 00000000 08:06 262583     /lib/i386-linux-gnu/libpthread-2.17.so
b7526000-b7527000 r--p 00016000 08:06 262583     /lib/i386-linux-gnu/libpthread-2.17.so
b7527000-b7528000 rw-p 00017000 08:06 262583     /lib/i386-linux-gnu/libpthread-2.17.so
b7528000-b752a000 rw-p 00000000 00:00 0 
b752a000-b752d000 r-xp 00000000 08:06 262485     /lib/i386-linux-gnu/libdl-2.17.so
b752d000-b752e000 r--p 00002000 08:06 262485     /lib/i386-linux-gnu/libdl-2.17.so
b752e000-b752f000 rw-p 00003000 08:06 262485     /lib/i386-linux-gnu/libdl-2.17.so
b752f000-b76dc000 r-xp 00000000 08:06 262470     /lib/i386-linux-gnu/libc-2.17.so
b76dc000-b76de000 r--p 001ad000 08:06 262470     /lib/i386-linux-gnu/libc-2.17.so
b76de000-b76df000 rw-p 001af000 08:06 262470     /lib/i386-linux-gnu/libc-2.17.so
b76df000-b76e2000 rw-p 00000000 00:00 0 
b76e2000-b76ea000 rw-s 00000000 08:06 1441575    /tmp/hsperfdata_gene/5812
b76ea000-b76eb000 rw-p 00000000 00:00 0 
b76eb000-b76ec000 r--p 00000000 00:00 0 
b76ec000-b76f9000 r-xp 00000000 08:06 1708673    /usr/lib/jvm/java-7-openjdk-i386/jre/lib/i386/libverify.so
b76f9000-b76fa000 r--p 0000d000 08:06 1708673    /usr/lib/jvm/java-7-openjdk-i386/jre/lib/i386/libverify.so
b76fa000-b76fb000 rw-p 0000e000 08:06 1708673    /usr/lib/jvm/java-7-openjdk-i386/jre/lib/i386/libverify.so
b76fb000-b7708000 r-xp 00000000 08:06 1708681    /usr/lib/jvm/java-7-openjdk-i386/jre/lib/i386/jli/libjli.so
b7708000-b7709000 r--p 0000c000 08:06 1708681    /usr/lib/jvm/java-7-openjdk-i386/jre/lib/i386/jli/libjli.so
b7709000-b770a000 rw-p 0000d000 08:06 1708681    /usr/lib/jvm/java-7-openjdk-i386/jre/lib/i386/jli/libjli.so
b770a000-b770d000 rw-p 00000000 00:00 0 
b770d000-b770e000 r-xp 00000000 00:00 0          [vdso]
b770e000-b772e000 r-xp 00000000 08:06 262446     /lib/i386-linux-gnu/ld-2.17.so
b772e000-b772f000 r--p 0001f000 08:06 262446     /lib/i386-linux-gnu/ld-2.17.so
b772f000-b7730000 rw-p 00020000 08:06 262446     /lib/i386-linux-gnu/ld-2.17.so
bf92e000-bf94f000 rw-p 00000000 00:00 0          [stack]

VM Arguments:
jvm_args: -Dfile.encoding=UTF-8 
java_command: musicplayer.VLCEngine
Launcher Type: SUN_STANDARD

Environment Variables:
PATH=/usr/local/sbin:/usr/local/bin:/usr/sbin:/usr/bin:/sbin:/bin:/usr/games:/usr/local/games
USERNAME=gene
LD_LIBRARY_PATH=/usr/lib/jvm/default-java/jre/lib/amd64:/usr/lib/jvm/default-java/jre/lib/i386:
SHELL=/bin/bash
DISPLAY=:0

Signal Handlers:
SIGSEGV: [libjvm.so+0x7598c0], sa_mask[0]=0x7ffbfeff, sa_flags=0x10000004
SIGBUS: [libjvm.so+0x7598c0], sa_mask[0]=0x7ffbfeff, sa_flags=0x10000004
SIGFPE: [libjvm.so+0x5f54f0], sa_mask[0]=0x7ffbfeff, sa_flags=0x10000004
SIGPIPE: [libjvm.so+0x5f54f0], sa_mask[0]=0x7ffbfeff, sa_flags=0x10000004
SIGXFSZ: [libjvm.so+0x5f54f0], sa_mask[0]=0x7ffbfeff, sa_flags=0x10000004
SIGILL: [libjvm.so+0x5f54f0], sa_mask[0]=0x7ffbfeff, sa_flags=0x10000004
SIGUSR1: SIG_DFL, sa_mask[0]=0x00000000, sa_flags=0x00000000
SIGUSR2: [libjvm.so+0x5f53a0], sa_mask[0]=0x00000004, sa_flags=0x10000004
SIGHUP: [libjvm.so+0x5f5930], sa_mask[0]=0x7ffbfeff, sa_flags=0x10000004
SIGINT: SIG_IGN, sa_mask[0]=0x00000000, sa_flags=0x00000000
SIGTERM: [libjvm.so+0x5f5930], sa_mask[0]=0x7ffbfeff, sa_flags=0x10000004
SIGQUIT: [libjvm.so+0x5f5930], sa_mask[0]=0x7ffbfeff, sa_flags=0x10000004


---------------  S Y S T E M  ---------------

OS:Ubuntu 13.04 (raring)
uname:Linux 3.8.0-19-generic #29-Ubuntu SMP Wed Apr 17 18:19:42 UTC 2013 i686
libc:glibc 2.17 NPTL 2.17 
rlimit: STACK 8192k, CORE 0k, NPROC 30928, NOFILE 4096, AS infinity
load average:0.27 0.21 0.29

/proc/meminfo:
MemTotal:        3975340 kB
MemFree:          420368 kB
Buffers:          658572 kB
Cached:          1799492 kB
SwapCached:            0 kB
Active:          1539584 kB
Inactive:        1875968 kB
Active(anon):     930272 kB
Inactive(anon):   198452 kB
Active(file):     609312 kB
Inactive(file):  1677516 kB
Unevictable:           0 kB
Mlocked:               0 kB
HighTotal:       3125056 kB
HighFree:         348820 kB
LowTotal:         850284 kB
LowFree:           71548 kB
SwapTotal:       2047996 kB
SwapFree:        2047996 kB
Dirty:               488 kB
Writeback:             0 kB
AnonPages:        957532 kB
Mapped:           140528 kB
Shmem:            171236 kB
Slab:             103568 kB
SReclaimable:      80344 kB
SUnreclaim:        23224 kB
KernelStack:        3608 kB
PageTables:         8116 kB
NFS_Unstable:          0 kB
Bounce:                0 kB
WritebackTmp:          0 kB
CommitLimit:     4035664 kB
Committed_AS:    3047192 kB
VmallocTotal:     122880 kB
VmallocUsed:       20008 kB
VmallocChunk:      89160 kB
HardwareCorrupted:     0 kB
AnonHugePages:         0 kB
HugePages_Total:       0
HugePages_Free:        0
HugePages_Rsvd:        0
HugePages_Surp:        0
Hugepagesize:       2048 kB
DirectMap4k:       10232 kB
DirectMap2M:      903168 kB


CPU:total 4 (2 cores per cpu, 2 threads per core) family 6 model 42 stepping 7, cmov, cx8, fxsr, mmx, sse, sse2, sse3, ssse3, sse4.1, sse4.2, popcnt, avx, ht, tsc, tscinvbit

/proc/cpuinfo:
processor	: 0
vendor_id	: GenuineIntel
cpu family	: 6
model		: 42
model name	: Intel(R) Core(TM) i3-2370M CPU @ 2.40GHz
stepping	: 7
microcode	: 0x25
cpu MHz		: 2400.000
cache size	: 3072 KB
physical id	: 0
siblings	: 4
core id		: 0
cpu cores	: 2
apicid		: 0
initial apicid	: 0
fdiv_bug	: no
hlt_bug		: no
f00f_bug	: no
coma_bug	: no
fpu		: yes
fpu_exception	: yes
cpuid level	: 13
wp		: yes
flags		: fpu vme de pse tsc msr pae mce cx8 apic sep mtrr pge mca cmov pat pse36 clflush dts acpi mmx fxsr sse sse2 ss ht tm pbe nx rdtscp lm constant_tsc arch_perfmon pebs bts xtopology nonstop_tsc aperfmperf eagerfpu pni pclmulqdq dtes64 monitor ds_cpl vmx est tm2 ssse3 cx16 xtpr pdcm pcid sse4_1 sse4_2 x2apic popcnt tsc_deadline_timer xsave avx lahf_lm arat epb xsaveopt pln pts dtherm tpr_shadow vnmi flexpriority ept vpid
bogomips	: 4788.77
clflush size	: 64
cache_alignment	: 64
address sizes	: 36 bits physical, 48 bits virtual
power management:

processor	: 1
vendor_id	: GenuineIntel
cpu family	: 6
model		: 42
model name	: Intel(R) Core(TM) i3-2370M CPU @ 2.40GHz
stepping	: 7
microcode	: 0x25
cpu MHz		: 800.000
cache size	: 3072 KB
physical id	: 0
siblings	: 4
core id		: 0
cpu cores	: 2
apicid		: 1
initial apicid	: 1
fdiv_bug	: no
hlt_bug		: no
f00f_bug	: no
coma_bug	: no
fpu		: yes
fpu_exception	: yes
cpuid level	: 13
wp		: yes
flags		: fpu vme de pse tsc msr pae mce cx8 apic sep mtrr pge mca cmov pat pse36 clflush dts acpi mmx fxsr sse sse2 ss ht tm pbe nx rdtscp lm constant_tsc arch_perfmon pebs bts xtopology nonstop_tsc aperfmperf eagerfpu pni pclmulqdq dtes64 monitor ds_cpl vmx est tm2 ssse3 cx16 xtpr pdcm pcid sse4_1 sse4_2 x2apic popcnt tsc_deadline_timer xsave avx lahf_lm arat epb xsaveopt pln pts dtherm tpr_shadow vnmi flexpriority ept vpid
bogomips	: 4788.77
clflush size	: 64
cache_alignment	: 64
address sizes	: 36 bits physical, 48 bits virtual
power management:

processor	: 2
vendor_id	: GenuineIntel
cpu family	: 6
model		: 42
model name	: Intel(R) Core(TM) i3-2370M CPU @ 2.40GHz
stepping	: 7
microcode	: 0x25
cpu MHz		: 2400.000
cache size	: 3072 KB
physical id	: 0
siblings	: 4
core id		: 1
cpu cores	: 2
apicid		: 2
initial apicid	: 2
fdiv_bug	: no
hlt_bug		: no
f00f_bug	: no
coma_bug	: no
fpu		: yes
fpu_exception	: yes
cpuid level	: 13
wp		: yes
flags		: fpu vme de pse tsc msr pae mce cx8 apic sep mtrr pge mca cmov pat pse36 clflush dts acpi mmx fxsr sse sse2 ss ht tm pbe nx rdtscp lm constant_tsc arch_perfmon pebs bts xtopology nonstop_tsc aperfmperf eagerfpu pni pclmulqdq dtes64 monitor ds_cpl vmx est tm2 ssse3 cx16 xtpr pdcm pcid sse4_1 sse4_2 x2apic popcnt tsc_deadline_timer xsave avx lahf_lm arat epb xsaveopt pln pts dtherm tpr_shadow vnmi flexpriority ept vpid
bogomips	: 4788.77
clflush size	: 64
cache_alignment	: 64
address sizes	: 36 bits physical, 48 bits virtual
power management:

processor	: 3
vendor_id	: GenuineIntel
cpu family	: 6
model		: 42
model name	: Intel(R) Core(TM) i3-2370M CPU @ 2.40GHz
stepping	: 7
microcode	: 0x25
cpu MHz		: 800.000
cache size	: 3072 KB
physical id	: 0
siblings	: 4
core id		: 1
cpu cores	: 2
apicid		: 3
initial apicid	: 3
fdiv_bug	: no
hlt_bug		: no
f00f_bug	: no
coma_bug	: no
fpu		: yes
fpu_exception	: yes
cpuid level	: 13
wp		: yes
flags		: fpu vme de pse tsc msr pae mce cx8 apic sep mtrr pge mca cmov pat pse36 clflush dts acpi mmx fxsr sse sse2 ss ht tm pbe nx rdtscp lm constant_tsc arch_perfmon pebs bts xtopology nonstop_tsc aperfmperf eagerfpu pni pclmulqdq dtes64 monitor ds_cpl vmx est tm2 ssse3 cx16 xtpr pdcm pcid sse4_1 sse4_2 x2apic popcnt tsc_deadline_timer xsave avx lahf_lm arat epb xsaveopt pln pts dtherm tpr_shadow vnmi flexpriority ept vpid
bogomips	: 4788.77
clflush size	: 64
cache_alignment	: 64
address sizes	: 36 bits physical, 48 bits virtual
power management:



Memory: 4k page, physical 3975340k(420368k free), swap 2047996k(2047996k free)

vm_info: OpenJDK Server VM (23.7-b01) for linux-x86 JRE (1.7.0_21-b02), built on Apr 22 2013 07:41:32 by "buildd" with gcc 4.7.3

time: Thu Oct 31 17:01:32 2013
elapsed time: 0 seconds

