#
# A fatal error has been detected by the Java Runtime Environment:
#
#  SIGSEGV (0xb) at pc=0xb769ff98, pid=16639, tid=1736108864
#
# JRE version: 7.0_21-b02
# Java VM: OpenJDK Server VM (23.7-b01 mixed mode linux-x86 )
# Problematic frame:
# C  [libc.so.6+0x12ef98]  _IO_file_underflow+0x68
#
# Failed to write core dump. Core dumps have been disabled. To enable core dumping, try "ulimit -c unlimited" before starting Java again
#
# If you would like to submit a bug report, please include
# instructions on how to reproduce the bug and visit:
#   https://bugs.launchpad.net/ubuntu/+source/openjdk-7/
#

---------------  T H R E A D  ---------------

Current thread is native thread

siginfo:si_signo=SIGSEGV: si_errno=0, si_code=1 (SEGV_MAPERR), si_addr=0x00000037

Registers:
EAX=0x6790f000, EBX=0xb7720000, ECX=0xffffffff, EDX=0x00001000
ESP=0x677abda0, EBP=0x00000001, ESI=0x67858ae8, EDI=0x677aeb40
EIP=0xb769ff98, EFLAGS=0x00210206, CR2=0x00000037

Top of Stack: (sp=0x677abda0)
0x677abda0:   67858ae8 6790f000 00001000 b7720000
0x677abdb0:   67858ae8 b7720000 67858ae8 b75e4da9
0x677abdc0:   67858ae8 b75d757a b7720000 b7720000
0x677abdd0:   67858ae8 677aeb40 67858ae8 b75e4bdb
0x677abde0:   67858ae8 ffffffff 62f4b649 62f6a000
0x677abdf0:   b75d75d7 b7720000 67858ae8 b75daebc
0x677abe00:   67858ae8 62f6122a 00000001 62f6a000
0x677abe10:   62f6a000 67852890 670f0d28 62f54d8c 

Instructions: (pc=0xb769ff98)
0xb769ff78:   4c 89 46 04 29 c2 89 46 0c 89 46 08 89 46 18 89
0xb769ff88:   46 14 89 46 10 89 54 24 08 89 44 24 04 89 34 24
0xb769ff98:   ff 51 38 83 f8 00 7e 38 8b 56 40 01 46 08 83 fa
0xb769ffa8:   ff 74 05 01 d0 89 46 40 8b 46 04 0f b6 00 83 c4 

Register to memory mapping:

EAX=0x6790f000 is an unknown value
EBX=0xb7720000: <offset 0x1af000> in /lib/i386-linux-gnu/libc.so.6 at 0xb7571000
ECX=0xffffffff is an unknown value
EDX=0x00001000 is an unknown value
ESP=0x677abda0 is an unknown value
EBP=0x00000001 is an unknown value
ESI=0x67858ae8 is an unknown value
EDI=0x677aeb40 is an unknown value


Stack: [0x6772e000,0x677af000],  sp=0x677abda0,  free space=503k
Native frames: (J=compiled Java code, j=interpreted, Vv=VM code, C=native code)
C  [libc.so.6+0x12ef98]  _IO_file_underflow+0x68


---------------  P R O C E S S  ---------------

VM state:not at safepoint (normal execution)

VM Mutex/Monitor currently owned by a thread: None

Heap
 PSYoungGen      total 5440K, used 1994K [0x9efe0000, 0x9f580000, 0xb33e0000)
  eden space 5120K, 35% used [0x9efe0000,0x9f1a3d28,0x9f4e0000)
  from space 320K, 58% used [0x9f4e0000,0x9f50edd0,0x9f530000)
  to   space 320K, 0% used [0x9f530000,0x9f530000,0x9f580000)
 ParOldGen       total 41472K, used 17283K [0x767e0000, 0x79060000, 0x9efe0000)
  object space 41472K, 41% used [0x767e0000,0x778c0ea8,0x79060000)
 PSPermGen       total 16384K, used 15468K [0x6e7e0000, 0x6f7e0000, 0x767e0000)
  object space 16384K, 94% used [0x6e7e0000,0x6f6fb2b0,0x6f7e0000)

Card table byte_map: [0x6e5b9000,0x6e7e0000] byte_map_base: 0x6e245100

Polling page: 0xb772d000

Code Cache  [0xb34a5000, 0xb371d000, 0xb64a5000)
 total_blobs=1258 nmethods=988 adapters=221 free_code_cache=46652Kb largest_free_block=47743296

Compilation events (10 events):
Event: 861.634 Thread 0x6adfe800 1054             java.awt.Image$1::getSurfaceManager (5 bytes)
Event: 861.636 Thread 0x6adfe800 nmethod 1054 0xb36db488 code [0xb36db580, 0xb36db5d0]
Event: 889.895 Thread 0x6adfc800 1055             sun.java2d.SunGraphics2D::drawImage (23 bytes)
Event: 889.895 Thread 0x6adfe800 1056   !         sun.java2d.SunGraphics2D::drawImage (273 bytes)
Event: 889.903 Thread 0x6adfe800 nmethod 1056 0xb36fbb88 code [0xb36fbd40, 0xb36fc4d8]
Event: 889.907 Thread 0x6adfc800 nmethod 1055 0xb371a6c8 code [0xb371a880, 0xb371b018]
Event: 890.642 Thread 0x6adfe800 1057   !         sun.awt.image.SurfaceManager::getManager (47 bytes)
Event: 890.644 Thread 0x6adfe800 nmethod 1057 0xb3710348 code [0xb3710440, 0xb37104d0]
Event: 913.211 Thread 0x6adfc800 1058   !         java.util.concurrent.LinkedBlockingQueue::take (93 bytes)
Event: 913.229 Thread 0x6adfc800 nmethod 1058 0xb371c1c8 code [0xb371c340, 0xb371c878]

GC Heap History (10 events):
Event: 892.190 GC heap before
{Heap before GC invocations=87 (full 0):
 PSYoungGen      total 5504K, used 5259K [0x9efe0000, 0x9f5a0000, 0xb33e0000)
  eden space 5120K, 100% used [0x9efe0000,0x9f4e0000,0x9f4e0000)
  from space 384K, 36% used [0x9f540000,0x9f562dd0,0x9f5a0000)
  to   space 384K, 0% used [0x9f4e0000,0x9f4e0000,0x9f540000)
 ParOldGen       total 41472K, used 17133K [0x767e0000, 0x79060000, 0x9efe0000)
  object space 41472K, 41% used [0x767e0000,0x7789b488,0x79060000)
 PSPermGen       total 16384K, used 15465K [0x6e7e0000, 0x6f7e0000, 0x767e0000)
  object space 16384K, 94% used [0x6e7e0000,0x6f6fa788,0x6f7e0000)
Event: 892.192 GC heap after
Heap after GC invocations=87 (full 0):
 PSYoungGen      total 5504K, used 139K [0x9efe0000, 0x9f5a0000, 0xb33e0000)
  eden space 5120K, 0% used [0x9efe0000,0x9efe0000,0x9f4e0000)
  from space 384K, 36% used [0x9f4e0000,0x9f502dd0,0x9f540000)
  to   space 384K, 0% used [0x9f540000,0x9f540000,0x9f5a0000)
 ParOldGen       total 41472K, used 17164K [0x767e0000, 0x79060000, 0x9efe0000)
  object space 41472K, 41% used [0x767e0000,0x778a3028,0x79060000)
 PSPermGen       total 16384K, used 15465K [0x6e7e0000, 0x6f7e0000, 0x767e0000)
  object space 16384K, 94% used [0x6e7e0000,0x6f6fa788,0x6f7e0000)
}
Event: 898.147 GC heap before
{Heap before GC invocations=88 (full 0):
 PSYoungGen      total 5504K, used 5259K [0x9efe0000, 0x9f5a0000, 0xb33e0000)
  eden space 5120K, 100% used [0x9efe0000,0x9f4e0000,0x9f4e0000)
  from space 384K, 36% used [0x9f4e0000,0x9f502dd0,0x9f540000)
  to   space 384K, 0% used [0x9f540000,0x9f540000,0x9f5a0000)
 ParOldGen       total 41472K, used 17164K [0x767e0000, 0x79060000, 0x9efe0000)
  object space 41472K, 41% used [0x767e0000,0x778a3028,0x79060000)
 PSPermGen       total 16384K, used 15466K [0x6e7e0000, 0x6f7e0000, 0x767e0000)
  object space 16384K, 94% used [0x6e7e0000,0x6f6fa8a8,0x6f7e0000)
Event: 898.150 GC heap after
Heap after GC invocations=88 (full 0):
 PSYoungGen      total 5376K, used 139K [0x9efe0000, 0x9f580000, 0xb33e0000)
  eden space 5120K, 0% used [0x9efe0000,0x9efe0000,0x9f4e0000)
  from space 256K, 54% used [0x9f540000,0x9f562dd0,0x9f580000)
  to   space 320K, 0% used [0x9f4e0000,0x9f4e0000,0x9f530000)
 ParOldGen       total 41472K, used 17190K [0x767e0000, 0x79060000, 0x9efe0000)
  object space 41472K, 41% used [0x767e0000,0x778a9bc8,0x79060000)
 PSPermGen       total 16384K, used 15466K [0x6e7e0000, 0x6f7e0000, 0x767e0000)
  object space 16384K, 94% used [0x6e7e0000,0x6f6fa8a8,0x6f7e0000)
}
Event: 904.129 GC heap before
{Heap before GC invocations=89 (full 0):
 PSYoungGen      total 5376K, used 5259K [0x9efe0000, 0x9f580000, 0xb33e0000)
  eden space 5120K, 100% used [0x9efe0000,0x9f4e0000,0x9f4e0000)
  from space 256K, 54% used [0x9f540000,0x9f562dd0,0x9f580000)
  to   space 320K, 0% used [0x9f4e0000,0x9f4e0000,0x9f530000)
 ParOldGen       total 41472K, used 17190K [0x767e0000, 0x79060000, 0x9efe0000)
  object space 41472K, 41% used [0x767e0000,0x778a9bc8,0x79060000)
 PSPermGen       total 16384K, used 15466K [0x6e7e0000, 0x6f7e0000, 0x767e0000)
  object space 16384K, 94% used [0x6e7e0000,0x6f6fa8a8,0x6f7e0000)
Event: 904.131 GC heap after
Heap after GC invocations=89 (full 0):
 PSYoungGen      total 5440K, used 118K [0x9efe0000, 0x9f580000, 0xb33e0000)
  eden space 5120K, 0% used [0x9efe0000,0x9efe0000,0x9f4e0000)
  from space 320K, 37% used [0x9f4e0000,0x9f4fdba0,0x9f530000)
  to   space 320K, 0% used [0x9f530000,0x9f530000,0x9f580000)
 ParOldGen       total 41472K, used 17225K [0x767e0000, 0x79060000, 0x9efe0000)
  object space 41472K, 41% used [0x767e0000,0x778b2768,0x79060000)
 PSPermGen       total 16384K, used 15466K [0x6e7e0000, 0x6f7e0000, 0x767e0000)
  object space 16384K, 94% used [0x6e7e0000,0x6f6fa8a8,0x6f7e0000)
}
Event: 909.951 GC heap before
{Heap before GC invocations=90 (full 0):
 PSYoungGen      total 5440K, used 5238K [0x9efe0000, 0x9f580000, 0xb33e0000)
  eden space 5120K, 100% used [0x9efe0000,0x9f4e0000,0x9f4e0000)
  from space 320K, 37% used [0x9f4e0000,0x9f4fdba0,0x9f530000)
  to   space 320K, 0% used [0x9f530000,0x9f530000,0x9f580000)
 ParOldGen       total 41472K, used 17225K [0x767e0000, 0x79060000, 0x9efe0000)
  object space 41472K, 41% used [0x767e0000,0x778b2768,0x79060000)
 PSPermGen       total 16384K, used 15467K [0x6e7e0000, 0x6f7e0000, 0x767e0000)
  object space 16384K, 94% used [0x6e7e0000,0x6f6fac98,0x6f7e0000)
Event: 909.955 GC heap after
Heap after GC invocations=90 (full 0):
 PSYoungGen      total 5440K, used 107K [0x9efe0000, 0x9f580000, 0xb33e0000)
  eden space 5120K, 0% used [0x9efe0000,0x9efe0000,0x9f4e0000)
  from space 320K, 33% used [0x9f530000,0x9f54add0,0x9f580000)
  to   space 320K, 0% used [0x9f4e0000,0x9f4e0000,0x9f530000)
 ParOldGen       total 41472K, used 17256K [0x767e0000, 0x79060000, 0x9efe0000)
  object space 41472K, 41% used [0x767e0000,0x778ba308,0x79060000)
 PSPermGen       total 16384K, used 15467K [0x6e7e0000, 0x6f7e0000, 0x767e0000)
  object space 16384K, 94% used [0x6e7e0000,0x6f6fac98,0x6f7e0000)
}
Event: 913.232 GC heap before
{Heap before GC invocations=91 (full 0):
 PSYoungGen      total 5440K, used 5227K [0x9efe0000, 0x9f580000, 0xb33e0000)
  eden space 5120K, 100% used [0x9efe0000,0x9f4e0000,0x9f4e0000)
  from space 320K, 33% used [0x9f530000,0x9f54add0,0x9f580000)
  to   space 320K, 0% used [0x9f4e0000,0x9f4e0000,0x9f530000)
 ParOldGen       total 41472K, used 17256K [0x767e0000, 0x79060000, 0x9efe0000)
  object space 41472K, 41% used [0x767e0000,0x778ba308,0x79060000)
 PSPermGen       total 16384K, used 15468K [0x6e7e0000, 0x6f7e0000, 0x767e0000)
  object space 16384K, 94% used [0x6e7e0000,0x6f6fb158,0x6f7e0000)
Event: 913.233 GC heap after
Heap after GC invocations=91 (full 0):
 PSYoungGen      total 5440K, used 187K [0x9efe0000, 0x9f580000, 0xb33e0000)
  eden space 5120K, 0% used [0x9efe0000,0x9efe0000,0x9f4e0000)
  from space 320K, 58% used [0x9f4e0000,0x9f50edd0,0x9f530000)
  to   space 320K, 0% used [0x9f530000,0x9f530000,0x9f580000)
 ParOldGen       total 41472K, used 17283K [0x767e0000, 0x79060000, 0x9efe0000)
  object space 41472K, 41% used [0x767e0000,0x778c0ea8,0x79060000)
 PSPermGen       total 16384K, used 15468K [0x6e7e0000, 0x6f7e0000, 0x767e0000)
  object space 16384K, 94% used [0x6e7e0000,0x6f6fb158,0x6f7e0000)
}

Deoptimization events (10 events):
Event: 685.779 Thread 0x67df2c00 Uncommon trap -83 fr.pc 0xb3550bdc
Event: 685.779 Thread 0x67df2c00 Uncommon trap -12 fr.pc 0xb35e4170
Event: 685.782 Thread 0x67df2c00 Uncommon trap -83 fr.pc 0xb367d224
Event: 687.277 Thread 0x67df2c00 Uncommon trap -83 fr.pc 0xb35e2ad0
Event: 704.289 Thread 0x67df2c00 Uncommon trap -83 fr.pc 0xb36dfd90
Event: 705.203 Thread 0x67df2c00 Uncommon trap -34 fr.pc 0xb35bb7f8
Event: 705.203 Thread 0x67df2c00 Uncommon trap -34 fr.pc 0xb35bb7f8
Event: 705.203 Thread 0x67df2c00 Uncommon trap -34 fr.pc 0xb35bb7f8
Event: 806.274 Thread 0x672f7000 Uncommon trap -12 fr.pc 0xb3713048
Event: 913.126 Thread 0x67df2c00 Uncommon trap 38 fr.pc 0xb357e018

Internal exceptions (10 events):
Event: 160.084 Thread 0x6ddb1000 Implicit null exception at 0xb3662fd0 to 0xb366389d
Event: 160.342 Thread 0x6ddb1000 Implicit null exception at 0xb363ea66 to 0xb363ee4d
Event: 371.048 Thread 0x67811400 Implicit null exception at 0xb36a6dc4 to 0xb36a7311
Event: 499.346 Thread 0x67815800 Implicit null exception at 0xb36db75a to 0xb36dbdcd
Event: 669.830 Thread 0x67815800 Implicit null exception at 0xb36f403b to 0xb36f4601
Event: 684.845 Thread 0x67df2c00 Threw 0x9f116c48 at /build/buildd/openjdk-7-7u21-2.3.9/build/openjdk/hotspot/src/share/vm/prims/jvm.cpp:1170
Event: 684.845 Thread 0x67df2c00 Threw 0x9f116c48 at /build/buildd/openjdk-7-7u21-2.3.9/build/openjdk/hotspot/src/share/vm/prims/jvm.cpp:1170
Event: 685.779 Thread 0x67df2c00 Implicit null exception at 0xb35506bc to 0xb3550bcd
Event: 685.779 Thread 0x67df2c00 Implicit null exception at 0xb35e3f30 to 0xb35e415d
Event: 806.274 Thread 0x672f7000 Implicit null exception at 0xb3712a9d to 0xb371303d

Events (10 events):
Event: 913.300 Thread 0x6dd23000 Thread added: 0x6dd23000
Event: 913.300 Thread 0x6dd23000 Thread exited: 0x6dd23000
Event: 913.304 Thread 0x6dd23000 Thread added: 0x6dd23000
Event: 913.304 Thread 0x6dd23000 Thread exited: 0x6dd23000
Event: 913.305 Thread 0x6dd23000 Thread added: 0x6dd23000
Event: 913.305 Thread 0x6dd23000 Thread exited: 0x6dd23000
Event: 913.305 Thread 0x6dd23000 Thread added: 0x6dd23000
Event: 913.305 Thread 0x6dd23000 Thread exited: 0x6dd23000
Event: 913.306 Thread 0x6dd23000 Thread added: 0x6dd23000
Event: 913.307 Thread 0x6dd23000 Thread exited: 0x6dd23000


Dynamic libraries:
08048000-08049000 r-xp 00000000 08:06 1708580    /usr/lib/jvm/java-7-openjdk-i386/jre/bin/java
08049000-0804a000 r--p 00000000 08:06 1708580    /usr/lib/jvm/java-7-openjdk-i386/jre/bin/java
0804a000-0804b000 rw-p 00001000 08:06 1708580    /usr/lib/jvm/java-7-openjdk-i386/jre/bin/java
09ca4000-09cf9000 rw-p 00000000 00:00 0          [heap]
5ef00000-5efbb000 rw-p 00000000 00:00 0 
5efbb000-5f000000 ---p 00000000 00:00 0 
5f0d7000-5f241000 r-xp 00000000 08:06 1706644    /usr/lib/i386-linux-gnu/libsamplerate.so.0.1.8
5f241000-5f242000 r--p 00169000 08:06 1706644    /usr/lib/i386-linux-gnu/libsamplerate.so.0.1.8
5f242000-5f243000 rw-p 0016a000 08:06 1706644    /usr/lib/i386-linux-gnu/libsamplerate.so.0.1.8
62f3e000-62f69000 r-xp 00000000 08:06 1706469    /usr/lib/i386-linux-gnu/liblua5.1.so.0.0.0
62f69000-62f6a000 r--p 0002b000 08:06 1706469    /usr/lib/i386-linux-gnu/liblua5.1.so.0.0.0
62f6a000-62f6b000 rw-p 0002c000 08:06 1706469    /usr/lib/i386-linux-gnu/liblua5.1.so.0.0.0
62f84000-62fae000 r-xp 00000000 08:06 405608     /usr/lib/vlc/plugins/lua/liblua_plugin.so
62fae000-62faf000 r--p 0002a000 08:06 405608     /usr/lib/vlc/plugins/lua/liblua_plugin.so
62faf000-62fb0000 rw-p 0002b000 08:06 405608     /usr/lib/vlc/plugins/lua/liblua_plugin.so
62fb0000-62fb2000 r-xp 00000000 08:06 280628     /usr/lib/vlc/plugins/demux/libnsc_plugin.so
62fb2000-62fb3000 r--p 00001000 08:06 280628     /usr/lib/vlc/plugins/demux/libnsc_plugin.so
62fb3000-62fb4000 rw-p 00002000 08:06 280628     /usr/lib/vlc/plugins/demux/libnsc_plugin.so
62fb4000-62fb6000 r-xp 00000000 08:06 280611     /usr/lib/vlc/plugins/demux/libdemux_cdg_plugin.so
62fb6000-62fb7000 r--p 00001000 08:06 280611     /usr/lib/vlc/plugins/demux/libdemux_cdg_plugin.so
62fb7000-62fb8000 rw-p 00002000 08:06 280611     /usr/lib/vlc/plugins/demux/libdemux_cdg_plugin.so
62fb8000-62fba000 r-xp 00000000 08:06 280631     /usr/lib/vlc/plugins/demux/librawdv_plugin.so
62fba000-62fbb000 r--p 00001000 08:06 280631     /usr/lib/vlc/plugins/demux/librawdv_plugin.so
62fbb000-62fbc000 rw-p 00002000 08:06 280631     /usr/lib/vlc/plugins/demux/librawdv_plugin.so
62fbc000-62fbf000 r-xp 00000000 08:06 280615     /usr/lib/vlc/plugins/demux/libmjpeg_plugin.so
62fbf000-62fc0000 r--p 00002000 08:06 280615     /usr/lib/vlc/plugins/demux/libmjpeg_plugin.so
62fc0000-62fc1000 rw-p 00003000 08:06 280615     /usr/lib/vlc/plugins/demux/libmjpeg_plugin.so
62fc1000-62fc3000 r-xp 00000000 08:06 280629     /usr/lib/vlc/plugins/demux/libmpgv_plugin.so
62fc3000-62fc4000 r--p 00001000 08:06 280629     /usr/lib/vlc/plugins/demux/libmpgv_plugin.so
62fc4000-62fc5000 rw-p 00002000 08:06 280629     /usr/lib/vlc/plugins/demux/libmpgv_plugin.so
62fc5000-62fcd000 r-xp 00000000 08:06 280637     /usr/lib/vlc/plugins/demux/libty_plugin.so
62fcd000-62fce000 r--p 00007000 08:06 280637     /usr/lib/vlc/plugins/demux/libty_plugin.so
62fce000-62fcf000 rw-p 00008000 08:06 280637     /usr/lib/vlc/plugins/demux/libty_plugin.so
62fcf000-62fd7000 r-xp 00000000 08:06 280651     /usr/lib/vlc/plugins/demux/libps_plugin.so
62fd7000-62fd8000 r--p 00007000 08:06 280651     /usr/lib/vlc/plugins/demux/libps_plugin.so
62fd8000-62fd9000 rw-p 00008000 08:06 280651     /usr/lib/vlc/plugins/demux/libps_plugin.so
62fd9000-62fdc000 r-xp 00000000 08:06 280643     /usr/lib/vlc/plugins/demux/librawvid_plugin.so
62fdc000-62fdd000 r--p 00002000 08:06 280643     /usr/lib/vlc/plugins/demux/librawvid_plugin.so
62fdd000-62fde000 rw-p 00003000 08:06 280643     /usr/lib/vlc/plugins/demux/librawvid_plugin.so
62fde000-62ff3000 r-xp 00000000 08:06 280622     /usr/lib/vlc/plugins/demux/libts_plugin.so
62ff3000-62ff4000 r--p 00014000 08:06 280622     /usr/lib/vlc/plugins/demux/libts_plugin.so
62ff4000-62ff5000 rw-p 00015000 08:06 280622     /usr/lib/vlc/plugins/demux/libts_plugin.so
62ff5000-63040000 r-xp 00000000 08:06 1703839    /usr/lib/libmodplug.so.1.0.0
63040000-63041000 ---p 0004b000 08:06 1703839    /usr/lib/libmodplug.so.1.0.0
63041000-63042000 r--p 0004b000 08:06 1703839    /usr/lib/libmodplug.so.1.0.0
63042000-63043000 rw-p 0004c000 08:06 1703839    /usr/lib/libmodplug.so.1.0.0
63043000-630c7000 rw-p 00000000 00:00 0 
630c8000-630da000 r-xp 00000000 08:06 1720553    /usr/lib/libdvbpsi.so.7.0.0
630da000-630db000 r--p 00011000 08:06 1720553    /usr/lib/libdvbpsi.so.7.0.0
630db000-630dc000 rw-p 00012000 08:06 1720553    /usr/lib/libdvbpsi.so.7.0.0
630dc000-630de000 r-xp 00000000 08:06 280612     /usr/lib/vlc/plugins/demux/libau_plugin.so
630de000-630df000 r--p 00001000 08:06 280612     /usr/lib/vlc/plugins/demux/libau_plugin.so
630df000-630e0000 rw-p 00002000 08:06 280612     /usr/lib/vlc/plugins/demux/libau_plugin.so
630e0000-630e5000 r-xp 00000000 08:06 280642     /usr/lib/vlc/plugins/demux/libmod_plugin.so
630e5000-630e6000 r--p 00004000 08:06 280642     /usr/lib/vlc/plugins/demux/libmod_plugin.so
630e6000-630e7000 rw-p 00005000 08:06 280642     /usr/lib/vlc/plugins/demux/libmod_plugin.so
630e7000-630e9000 r-xp 00000000 08:06 280616     /usr/lib/vlc/plugins/demux/libaiff_plugin.so
630e9000-630ea000 r--p 00001000 08:06 280616     /usr/lib/vlc/plugins/demux/libaiff_plugin.so
630ea000-630eb000 rw-p 00002000 08:06 280616     /usr/lib/vlc/plugins/demux/libaiff_plugin.so
630eb000-630ef000 r-xp 00000000 08:06 280634     /usr/lib/vlc/plugins/demux/libimage_plugin.so
630ef000-630f0000 r--p 00003000 08:06 280634     /usr/lib/vlc/plugins/demux/libimage_plugin.so
630f0000-630f1000 rw-p 00004000 08:06 280634     /usr/lib/vlc/plugins/demux/libimage_plugin.so
630f1000-63106000 r-xp 00000000 08:06 280613     /usr/lib/vlc/plugins/demux/libplaylist_plugin.so
63106000-63107000 r--p 00014000 08:06 280613     /usr/lib/vlc/plugins/demux/libplaylist_plugin.so
63107000-63108000 rw-p 00015000 08:06 280613     /usr/lib/vlc/plugins/demux/libplaylist_plugin.so
63108000-63166000 r-xp 00000000 08:06 280623     /usr/lib/vlc/plugins/demux/liblive555_plugin.so
63166000-63167000 ---p 0005e000 08:06 280623     /usr/lib/vlc/plugins/demux/liblive555_plugin.so
63167000-6316a000 r--p 0005e000 08:06 280623     /usr/lib/vlc/plugins/demux/liblive555_plugin.so
6316a000-6316f000 rw-p 00061000 08:06 280623     /usr/lib/vlc/plugins/demux/liblive555_plugin.so
6316f000-63170000 rw-p 00000000 00:00 0 
63170000-631f5000 r-xp 00000000 08:06 1720530    /usr/lib/i386-linux-gnu/libmatroska.so.5
631f5000-631fb000 r--p 00085000 08:06 1720530    /usr/lib/i386-linux-gnu/libmatroska.so.5
631fb000-631fc000 rw-p 0008b000 08:06 1720530    /usr/lib/i386-linux-gnu/libmatroska.so.5
631fc000-631fe000 rw-p 00000000 00:00 0 
631fe000-63241000 r-xp 00000000 08:06 280645     /usr/lib/vlc/plugins/demux/libmkv_plugin.so
63241000-63243000 r--p 00042000 08:06 280645     /usr/lib/vlc/plugins/demux/libmkv_plugin.so
63243000-63244000 rw-p 00044000 08:06 280645     /usr/lib/vlc/plugins/demux/libmkv_plugin.so
63244000-63245000 ---p 00000000 00:00 0 
63245000-63a45000 rw-p 00000000 00:00 0 
63a45000-63afc000 r-xp 00000000 08:06 1706695    /usr/lib/i386-linux-gnu/libtag.so.1.12.0
63afc000-63afe000 r--p 000b7000 08:06 1706695    /usr/lib/i386-linux-gnu/libtag.so.1.12.0
63afe000-63aff000 rw-p 000b9000 08:06 1706695    /usr/lib/i386-linux-gnu/libtag.so.1.12.0
63aff000-64700000 rw-p 00000000 00:00 0 
64700000-647ed000 rw-p 00000000 00:00 0 
647ed000-64800000 ---p 00000000 00:00 0 
64800000-64803000 r-xp 00000000 08:06 280627     /usr/lib/vlc/plugins/demux/libpva_plugin.so
64803000-64804000 r--p 00002000 08:06 280627     /usr/lib/vlc/plugins/demux/libpva_plugin.so
64804000-64805000 rw-p 00003000 08:06 280627     /usr/lib/vlc/plugins/demux/libpva_plugin.so
64805000-64808000 r-xp 00000000 08:06 280630     /usr/lib/vlc/plugins/demux/libnsv_plugin.so
64808000-64809000 r--p 00002000 08:06 280630     /usr/lib/vlc/plugins/demux/libnsv_plugin.so
64809000-6480a000 rw-p 00003000 08:06 280630     /usr/lib/vlc/plugins/demux/libnsv_plugin.so
6480a000-64828000 r-xp 00000000 08:06 1720529    /usr/lib/i386-linux-gnu/libebml.so.3
64828000-64829000 r--p 0001d000 08:06 1720529    /usr/lib/i386-linux-gnu/libebml.so.3
64829000-6482a000 rw-p 0001e000 08:06 1720529    /usr/lib/i386-linux-gnu/libebml.so.3
6482a000-6482b000 rw-p 00000000 00:00 0 
6482b000-6482d000 r-xp 00000000 08:06 280648     /usr/lib/vlc/plugins/demux/libxa_plugin.so
6482d000-6482e000 r--p 00001000 08:06 280648     /usr/lib/vlc/plugins/demux/libxa_plugin.so
6482e000-6482f000 rw-p 00002000 08:06 280648     /usr/lib/vlc/plugins/demux/libxa_plugin.so
6482f000-64842000 r-xp 00000000 08:06 280625     /usr/lib/vlc/plugins/demux/libogg_plugin.so
64842000-64843000 r--p 00012000 08:06 280625     /usr/lib/vlc/plugins/demux/libogg_plugin.so
64843000-64844000 rw-p 00013000 08:06 280625     /usr/lib/vlc/plugins/demux/libogg_plugin.so
64844000-6487c000 r-xp 00000000 08:06 1720563    /usr/lib/libsidplay2.so.1.0.1
6487c000-6487d000 ---p 00038000 08:06 1720563    /usr/lib/libsidplay2.so.1.0.1
6487d000-6487e000 r--p 00038000 08:06 1720563    /usr/lib/libsidplay2.so.1.0.1
6487e000-6487f000 rw-p 00039000 08:06 1720563    /usr/lib/libsidplay2.so.1.0.1
6487f000-64880000 ---p 00000000 00:00 0 
64880000-64900000 rw-p 00000000 00:00 0 
64900000-64954000 rw-p 00000000 00:00 0 
64954000-64a00000 ---p 00000000 00:00 0 
64a00000-64a29000 rw-p 00000000 00:00 0 
64a29000-64b00000 ---p 00000000 00:00 0 
64b00000-64c00000 rw-p 00000000 00:00 0 
64c03000-64c0f000 r-xp 00000000 08:06 1720560    /usr/lib/libresid-builder.so.0.0.1
64c0f000-64c10000 r--p 0000b000 08:06 1720560    /usr/lib/libresid-builder.so.0.0.1
64c10000-64c31000 rw-p 0000c000 08:06 1720560    /usr/lib/libresid-builder.so.0.0.1
64c32000-64c35000 r-xp 00000000 08:06 280636     /usr/lib/vlc/plugins/demux/libvoc_plugin.so
64c35000-64c36000 r--p 00002000 08:06 280636     /usr/lib/vlc/plugins/demux/libvoc_plugin.so
64c36000-64c37000 rw-p 00003000 08:06 280636     /usr/lib/vlc/plugins/demux/libvoc_plugin.so
64c37000-64c3a000 r-xp 00000000 08:06 280646     /usr/lib/vlc/plugins/demux/libsmf_plugin.so
64c3a000-64c3b000 r--p 00002000 08:06 280646     /usr/lib/vlc/plugins/demux/libsmf_plugin.so
64c3b000-64c3c000 rw-p 00003000 08:06 280646     /usr/lib/vlc/plugins/demux/libsmf_plugin.so
64c3c000-64c3e000 r-xp 00000000 08:06 280619     /usr/lib/vlc/plugins/demux/libdirac_plugin.so
64c3e000-64c3f000 r--p 00001000 08:06 280619     /usr/lib/vlc/plugins/demux/libdirac_plugin.so
64c3f000-64c40000 rw-p 00002000 08:06 280619     /usr/lib/vlc/plugins/demux/libdirac_plugin.so
64c40000-64c48000 r-xp 00000000 08:06 405597     /usr/lib/vlc/plugins/services_discovery/libsap_plugin.so
64c48000-64c49000 r--p 00007000 08:06 405597     /usr/lib/vlc/plugins/services_discovery/libsap_plugin.so
64c49000-64c4a000 rw-p 00008000 08:06 405597     /usr/lib/vlc/plugins/services_discovery/libsap_plugin.so
64c4a000-64f29000 r-xp 00000000 08:06 1705842    /usr/lib/i386-linux-gnu/libQtCore.so.4.8.4
64f29000-64f30000 r--p 002de000 08:06 1705842    /usr/lib/i386-linux-gnu/libQtCore.so.4.8.4
64f30000-64f31000 rw-p 002e5000 08:06 1705842    /usr/lib/i386-linux-gnu/libQtCore.so.4.8.4
64f31000-64f32000 rw-p 00000000 00:00 0 
64f32000-659da000 r-xp 00000000 08:06 1705851    /usr/lib/i386-linux-gnu/libQtGui.so.4.8.4
659da000-659fc000 r--p 00aa7000 08:06 1705851    /usr/lib/i386-linux-gnu/libQtGui.so.4.8.4
659fc000-65a00000 rw-p 00ac9000 08:06 1705851    /usr/lib/i386-linux-gnu/libQtGui.so.4.8.4
65a00000-65a03000 rw-p 00000000 00:00 0 
65a03000-65a09000 r-xp 00000000 08:06 1706531    /usr/lib/i386-linux-gnu/libogg.so.0.8.0
65a09000-65a0a000 r--p 00005000 08:06 1706531    /usr/lib/i386-linux-gnu/libogg.so.0.8.0
65a0a000-65a0b000 rw-p 00006000 08:06 1706531    /usr/lib/i386-linux-gnu/libogg.so.0.8.0
65a0b000-65a34000 r-xp 00000000 08:06 1706753    /usr/lib/i386-linux-gnu/libvorbis.so.0.4.5
65a34000-65a35000 ---p 00029000 08:06 1706753    /usr/lib/i386-linux-gnu/libvorbis.so.0.4.5
65a35000-65a36000 r--p 00029000 08:06 1706753    /usr/lib/i386-linux-gnu/libvorbis.so.0.4.5
65a36000-65a37000 rw-p 0002a000 08:06 1706753    /usr/lib/i386-linux-gnu/libvorbis.so.0.4.5
65a37000-65b9d000 r-xp 00000000 08:06 1706755    /usr/lib/i386-linux-gnu/libvorbisenc.so.2.0.8
65b9d000-65bae000 r--p 00165000 08:06 1706755    /usr/lib/i386-linux-gnu/libvorbisenc.so.2.0.8
65bae000-65baf000 rw-p 00176000 08:06 1706755    /usr/lib/i386-linux-gnu/libvorbisenc.so.2.0.8
65baf000-65bfd000 r-xp 00000000 08:06 1705817    /usr/lib/i386-linux-gnu/libFLAC.so.8.2.0
65bfd000-65bfe000 r--p 0004e000 08:06 1705817    /usr/lib/i386-linux-gnu/libFLAC.so.8.2.0
65bfe000-65bff000 rw-p 0004f000 08:06 1705817    /usr/lib/i386-linux-gnu/libFLAC.so.8.2.0
65bff000-65c04000 r-xp 00000000 08:06 1705965    /usr/lib/i386-linux-gnu/libasyncns.so.0.3.1
65c04000-65c05000 r--p 00004000 08:06 1705965    /usr/lib/i386-linux-gnu/libasyncns.so.0.3.1
65c05000-65c06000 rw-p 00005000 08:06 1705965    /usr/lib/i386-linux-gnu/libasyncns.so.0.3.1
65c06000-65c73000 r-xp 00000000 08:06 1706669    /usr/lib/i386-linux-gnu/libsndfile.so.1.0.25
65c73000-65c75000 r--p 0006c000 08:06 1706669    /usr/lib/i386-linux-gnu/libsndfile.so.1.0.25
65c75000-65c76000 rw-p 0006e000 08:06 1706669    /usr/lib/i386-linux-gnu/libsndfile.so.1.0.25
65c76000-65c7a000 rw-p 00000000 00:00 0 
65c7a000-65c82000 r-xp 00000000 08:06 262621     /lib/i386-linux-gnu/libwrap.so.0.7.6
65c82000-65c83000 r--p 00007000 08:06 262621     /lib/i386-linux-gnu/libwrap.so.0.7.6
65c83000-65c84000 rw-p 00008000 08:06 262621     /lib/i386-linux-gnu/libwrap.so.0.7.6
65c87000-65c8a000 r-xp 00000000 08:06 280641     /usr/lib/vlc/plugins/demux/libsid_plugin.so
65c8a000-65c8b000 r--p 00002000 08:06 280641     /usr/lib/vlc/plugins/demux/libsid_plugin.so
65c8b000-65c8c000 rw-p 00003000 08:06 280641     /usr/lib/vlc/plugins/demux/libsid_plugin.so
65c8c000-65cb1000 r-xp 00000000 08:06 1703665    /usr/lib/libdca.so.0.0.0
65cb1000-65cb2000 r--p 00024000 08:06 1703665    /usr/lib/libdca.so.0.0.0
65cb2000-65cb3000 rw-p 00025000 08:06 1703665    /usr/lib/libdca.so.0.0.0
65cb3000-65cef000 r-xp 00000000 08:06 1706135    /usr/lib/i386-linux-gnu/libfaad.so.2.0.0
65cef000-65cf0000 ---p 0003c000 08:06 1706135    /usr/lib/i386-linux-gnu/libfaad.so.2.0.0
65cf0000-65cf1000 r--p 0003c000 08:06 1706135    /usr/lib/i386-linux-gnu/libfaad.so.2.0.0
65cf1000-65cf4000 rw-p 0003d000 08:06 1706135    /usr/lib/i386-linux-gnu/libfaad.so.2.0.0
65cf4000-65d31000 r-xp 00000000 08:06 1706535    /usr/lib/i386-linux-gnu/libopus.so.0.2.0
65d31000-65d32000 r--p 0003c000 08:06 1706535    /usr/lib/i386-linux-gnu/libopus.so.0.2.0
65d32000-65d33000 rw-p 0003d000 08:06 1706535    /usr/lib/i386-linux-gnu/libopus.so.0.2.0
65d33000-65e00000 r-xp 00000000 08:06 1706653    /usr/lib/i386-linux-gnu/libschroedinger-1.0.so.0.11.0
65e00000-65e02000 r--p 000cc000 08:06 1706653    /usr/lib/i386-linux-gnu/libschroedinger-1.0.so.0.11.0
65e02000-65e03000 rw-p 000ce000 08:06 1706653    /usr/lib/i386-linux-gnu/libschroedinger-1.0.so.0.11.0
65e03000-65e0b000 r-xp 00000000 08:06 262510     /lib/i386-linux-gnu/libjson.so.0.1.0
65e0b000-65e0c000 r--p 00007000 08:06 262510     /lib/i386-linux-gnu/libjson.so.0.1.0
65e0c000-65e0d000 rw-p 00008000 08:06 262510     /lib/i386-linux-gnu/libjson.so.0.1.0
65e0d000-65e76000 r-xp 00000000 08:06 1708139    /usr/lib/i386-linux-gnu/pulseaudio/libpulsecommon-3.0.so
65e76000-65e77000 r--p 00068000 08:06 1708139    /usr/lib/i386-linux-gnu/pulseaudio/libpulsecommon-3.0.so
65e77000-65e78000 rw-p 00069000 08:06 1708139    /usr/lib/i386-linux-gnu/pulseaudio/libpulsecommon-3.0.so
65e78000-65e7b000 r-xp 00000000 08:06 280618     /usr/lib/vlc/plugins/demux/libwav_plugin.so
65e7b000-65e7c000 r--p 00003000 08:06 280618     /usr/lib/vlc/plugins/demux/libwav_plugin.so
65e7c000-65e7d000 rw-p 00004000 08:06 280618     /usr/lib/vlc/plugins/demux/libwav_plugin.so
65e7d000-65e7f000 r-xp 00000000 08:06 280650     /usr/lib/vlc/plugins/demux/libtta_plugin.so
65e7f000-65e80000 r--p 00001000 08:06 280650     /usr/lib/vlc/plugins/demux/libtta_plugin.so
65e80000-65e81000 rw-p 00002000 08:06 280650     /usr/lib/vlc/plugins/demux/libtta_plugin.so
65e81000-65e85000 r-xp 00000000 08:06 280638     /usr/lib/vlc/plugins/demux/libnuv_plugin.so
65e85000-65e86000 r--p 00003000 08:06 280638     /usr/lib/vlc/plugins/demux/libnuv_plugin.so
65e86000-65e87000 rw-p 00004000 08:06 280638     /usr/lib/vlc/plugins/demux/libnuv_plugin.so
65e87000-65f15000 r-xp 00000000 08:06 1706537    /usr/lib/i386-linux-gnu/liborc-0.4.so.0.17.0
65f15000-65f16000 r--p 0008e000 08:06 1706537    /usr/lib/i386-linux-gnu/liborc-0.4.so.0.17.0
65f16000-65f1a000 rw-p 0008f000 08:06 1706537    /usr/lib/i386-linux-gnu/liborc-0.4.so.0.17.0
65f1a000-65f1d000 ---p 00000000 00:00 0 
65f1d000-65f6b000 rw-p 00000000 00:00 0          [stack:16743]
65f6b000-65fb7000 r-xp 00000000 08:06 1706602    /usr/lib/i386-linux-gnu/libpulse.so.0.15.3
65fb7000-65fb8000 ---p 0004c000 08:06 1706602    /usr/lib/i386-linux-gnu/libpulse.so.0.15.3
65fb8000-65fb9000 r--p 0004c000 08:06 1706602    /usr/lib/i386-linux-gnu/libpulse.so.0.15.3
65fb9000-65fba000 rw-p 0004d000 08:06 1706602    /usr/lib/i386-linux-gnu/libpulse.so.0.15.3
65fbd000-65fd3000 r-xp 00000000 08:06 1720189    /usr/lib/i386-linux-gnu/libmad.so.0.2.1
65fd3000-65fd4000 r--p 00015000 08:06 1720189    /usr/lib/i386-linux-gnu/libmad.so.0.2.1
65fd4000-65fd5000 rw-p 00016000 08:06 1720189    /usr/lib/i386-linux-gnu/libmad.so.0.2.1
65fd5000-65fd6000 ---p 00000000 00:00 0 
65fd6000-66056000 rw-p 00000000 00:00 0          [stack:16738]
66056000-6626b000 r-xp 00000000 08:06 407152     /usr/lib/vlc/plugins/gui/libqt4_plugin.so
6626b000-6626c000 ---p 00215000 08:06 407152     /usr/lib/vlc/plugins/gui/libqt4_plugin.so
6626c000-66278000 r--p 00215000 08:06 407152     /usr/lib/vlc/plugins/gui/libqt4_plugin.so
66278000-6627a000 rw-p 00221000 08:06 407152     /usr/lib/vlc/plugins/gui/libqt4_plugin.so
6627a000-6627b000 rw-p 00000000 00:00 0 
6627b000-66301000 r-xp 00000000 08:06 1720486    /usr/lib/i386-linux-gnu/libdirac_encoder.so.0.1.0
66301000-66303000 r--p 00085000 08:06 1720486    /usr/lib/i386-linux-gnu/libdirac_encoder.so.0.1.0
66303000-66304000 rw-p 00087000 08:06 1720486    /usr/lib/i386-linux-gnu/libdirac_encoder.so.0.1.0
66304000-66305000 rw-p 00000000 00:00 0 
66305000-663fa000 r-xp 00000000 08:06 1720541    /usr/lib/libvlccore.so.5.1.1
663fa000-663ff000 r--p 000f5000 08:06 1720541    /usr/lib/libvlccore.so.5.1.1
663ff000-66400000 rw-p 000fa000 08:06 1720541    /usr/lib/libvlccore.so.5.1.1
66401000-6640b000 r-xp 00000000 08:06 1720240    /usr/lib/liba52-0.7.4.so
6640b000-6640c000 r--p 00009000 08:06 1720240    /usr/lib/liba52-0.7.4.so
6640c000-6640d000 rw-p 0000a000 08:06 1720240    /usr/lib/liba52-0.7.4.so
6640d000-6640e000 rw-p 00000000 00:00 0 
6640e000-664fb000 r-xp 00000000 08:06 1771845    /usr/lib/i386-linux-gnu/libasound.so.2.0.0
664fb000-664ff000 r--p 000ec000 08:06 1771845    /usr/lib/i386-linux-gnu/libasound.so.2.0.0
664ff000-66500000 rw-p 000f0000 08:06 1771845    /usr/lib/i386-linux-gnu/libasound.so.2.0.0
66501000-6650e000 r-xp 00000000 08:06 1720465    /usr/lib/libmpcdec.so.6.1.0
6650e000-6650f000 r--p 0000c000 08:06 1720465    /usr/lib/libmpcdec.so.6.1.0
6650f000-66511000 rw-p 0000d000 08:06 1720465    /usr/lib/libmpcdec.so.6.1.0
66511000-66513000 r-xp 00000000 08:06 280620     /usr/lib/vlc/plugins/demux/libmpc_plugin.so
66513000-66514000 r--p 00001000 08:06 280620     /usr/lib/vlc/plugins/demux/libmpc_plugin.so
66514000-66515000 rw-p 00002000 08:06 280620     /usr/lib/vlc/plugins/demux/libmpc_plugin.so
66515000-66517000 r-xp 00000000 08:06 405491     /usr/lib/vlc/plugins/audio_filter/libsamplerate_plugin.so
66517000-66518000 r--p 00001000 08:06 405491     /usr/lib/vlc/plugins/audio_filter/libsamplerate_plugin.so
66518000-66519000 rw-p 00002000 08:06 405491     /usr/lib/vlc/plugins/audio_filter/libsamplerate_plugin.so
66519000-6655c000 r-xp 00000000 08:06 1706494    /usr/lib/i386-linux-gnu/libmtp.so.9.0.5
6655c000-6655f000 r--p 00043000 08:06 1706494    /usr/lib/i386-linux-gnu/libmtp.so.9.0.5
6655f000-66566000 rw-p 00046000 08:06 1706494    /usr/lib/i386-linux-gnu/libmtp.so.9.0.5
66567000-66569000 r-xp 00000000 08:06 405501     /usr/lib/vlc/plugins/audio_filter/libmpgatofixed32_plugin.so
66569000-6656a000 r--p 00001000 08:06 405501     /usr/lib/vlc/plugins/audio_filter/libmpgatofixed32_plugin.so
6656a000-6656b000 rw-p 00002000 08:06 405501     /usr/lib/vlc/plugins/audio_filter/libmpgatofixed32_plugin.so
6656b000-6656f000 r-xp 00000000 08:06 262619     /lib/i386-linux-gnu/libuuid.so.1.3.0
6656f000-66570000 r--p 00003000 08:06 262619     /lib/i386-linux-gnu/libuuid.so.1.3.0
66570000-66571000 rw-p 00004000 08:06 262619     /lib/i386-linux-gnu/libuuid.so.1.3.0
66571000-665c9000 r-xp 00000000 08:06 1722219    /usr/lib/i386-linux-gnu/libXt.so.6.0.0
665c9000-665ca000 r--p 00058000 08:06 1722219    /usr/lib/i386-linux-gnu/libXt.so.6.0.0
665ca000-665cd000 rw-p 00059000 08:06 1722219    /usr/lib/i386-linux-gnu/libXt.so.6.0.0
665cd000-665e3000 r-xp 00000000 08:06 1705827    /usr/lib/i386-linux-gnu/libICE.so.6.3.0
665e3000-665e4000 r--p 00015000 08:06 1705827    /usr/lib/i386-linux-gnu/libICE.so.6.3.0
665e4000-665e5000 rw-p 00016000 08:06 1705827    /usr/lib/i386-linux-gnu/libICE.so.6.3.0
665e5000-665e7000 rw-p 00000000 00:00 0 
665e7000-665fe000 r-xp 00000000 08:06 1705975    /usr/lib/i386-linux-gnu/libaudio.so.2.4
665fe000-665ff000 r--p 00016000 08:06 1705975    /usr/lib/i386-linux-gnu/libaudio.so.2.4
665ff000-66600000 rw-p 00017000 08:06 1705975    /usr/lib/i386-linux-gnu/libaudio.so.2.4
66600000-666ff000 rw-p 00000000 00:00 0 
666ff000-66700000 ---p 00000000 00:00 0 
66700000-66800000 rw-p 00000000 00:00 0 
66800000-668ea000 rw-p 00000000 00:00 0 
668ea000-66900000 ---p 00000000 00:00 0 
66900000-669fb000 rw-p 00000000 00:00 0 
669fb000-66a00000 ---p 00000000 00:00 0 
66a00000-66aef000 rw-p 00000000 00:00 0 
66aef000-66b00000 ---p 00000000 00:00 0 
66b01000-66b03000 r-xp 00000000 08:06 405496     /usr/lib/vlc/plugins/audio_filter/liba52tofloat32_plugin.so
66b03000-66b04000 r--p 00001000 08:06 405496     /usr/lib/vlc/plugins/audio_filter/liba52tofloat32_plugin.so
66b04000-66b05000 rw-p 00002000 08:06 405496     /usr/lib/vlc/plugins/audio_filter/liba52tofloat32_plugin.so
66b05000-66b0c000 r-xp 00000000 08:06 1705877    /usr/lib/i386-linux-gnu/libSM.so.6.0.1
66b0c000-66b0d000 r--p 00006000 08:06 1705877    /usr/lib/i386-linux-gnu/libSM.so.6.0.1
66b0d000-66b0e000 rw-p 00007000 08:06 1705877    /usr/lib/i386-linux-gnu/libSM.so.6.0.1
66b0e000-66b1f000 r-xp 00000000 08:06 262615     /lib/i386-linux-gnu/libusb-1.0.so.0.1.0
66b1f000-66b20000 r--p 00010000 08:06 262615     /lib/i386-linux-gnu/libusb-1.0.so.0.1.0
66b20000-66b21000 rw-p 00011000 08:06 262615     /lib/i386-linux-gnu/libusb-1.0.so.0.1.0
66b23000-66b25000 r-xp 00000000 08:06 280658     /usr/lib/vlc/plugins/misc/libinhibit_plugin.so
66b25000-66b26000 r--p 00001000 08:06 280658     /usr/lib/vlc/plugins/misc/libinhibit_plugin.so
66b26000-66b27000 rw-p 00002000 08:06 280658     /usr/lib/vlc/plugins/misc/libinhibit_plugin.so
66b27000-66b2d000 r-xp 00000000 08:06 405627     /usr/lib/vlc/plugins/control/libhotkeys_plugin.so
66b2d000-66b2e000 r--p 00005000 08:06 405627     /usr/lib/vlc/plugins/control/libhotkeys_plugin.so
66b2e000-66b2f000 rw-p 00006000 08:06 405627     /usr/lib/vlc/plugins/control/libhotkeys_plugin.so
66b2f000-66b31000 r-xp 00000000 08:06 405485     /usr/lib/vlc/plugins/mmxext/libmemcpymmxext_plugin.so
66b31000-66b32000 r--p 00001000 08:06 405485     /usr/lib/vlc/plugins/mmxext/libmemcpymmxext_plugin.so
66b32000-66b33000 rw-p 00002000 08:06 405485     /usr/lib/vlc/plugins/mmxext/libmemcpymmxext_plugin.so
66b33000-66b38000 r-xp 00000000 08:06 405519     /usr/lib/vlc/plugins/audio_output/libalsa_plugin.so
66b38000-66b39000 r--p 00004000 08:06 405519     /usr/lib/vlc/plugins/audio_output/libalsa_plugin.so
66b39000-66b3a000 rw-p 00005000 08:06 405519     /usr/lib/vlc/plugins/audio_output/libalsa_plugin.so
66b3a000-66b54000 r-xp 00000000 08:06 1720543    /usr/lib/libvlc.so.5.3.2
66b54000-66b55000 r--p 00019000 08:06 1720543    /usr/lib/libvlc.so.5.3.2
66b55000-66b56000 rw-p 0001a000 08:06 1720543    /usr/lib/libvlc.so.5.3.2
66b56000-66b6a000 r-xp 00000000 08:06 1439056    /tmp/jna-gene/jna3622103994275369458.tmp (deleted)
66b6a000-66b6b000 rw-p 00014000 08:06 1439056    /tmp/jna-gene/jna3622103994275369458.tmp (deleted)
66b6b000-66b6e000 ---p 00000000 00:00 0 
66b6e000-66bbc000 rw-p 00000000 00:00 0 
66bbc000-66bbe000 r-xp 00000000 08:06 405511     /usr/lib/vlc/plugins/audio_filter/libdtstofloat32_plugin.so
66bbe000-66bbf000 r--p 00001000 08:06 405511     /usr/lib/vlc/plugins/audio_filter/libdtstofloat32_plugin.so
66bbf000-66bc0000 rw-p 00002000 08:06 405511     /usr/lib/vlc/plugins/audio_filter/libdtstofloat32_plugin.so
66bc0000-66bc3000 r-xp 00000000 08:06 405510     /usr/lib/vlc/plugins/audio_filter/libscaletempo_plugin.so
66bc3000-66bc4000 r--p 00002000 08:06 405510     /usr/lib/vlc/plugins/audio_filter/libscaletempo_plugin.so
66bc4000-66bc5000 rw-p 00003000 08:06 405510     /usr/lib/vlc/plugins/audio_filter/libscaletempo_plugin.so
66bc5000-66bc6000 r-xp 00000000 08:06 405592     /usr/lib/vlc/plugins/audio_mixer/libfloat32_mixer_plugin.so
66bc6000-66bc7000 r--p 00000000 08:06 405592     /usr/lib/vlc/plugins/audio_mixer/libfloat32_mixer_plugin.so
66bc7000-66bc8000 rw-p 00001000 08:06 405592     /usr/lib/vlc/plugins/audio_mixer/libfloat32_mixer_plugin.so
66bc8000-66bcf000 r-xp 00000000 08:06 407155     /usr/lib/vlc/plugins/audio_output/libpulse_plugin.so
66bcf000-66bd0000 r--p 00006000 08:06 407155     /usr/lib/vlc/plugins/audio_output/libpulse_plugin.so
66bd0000-66bd1000 rw-p 00007000 08:06 407155     /usr/lib/vlc/plugins/audio_output/libpulse_plugin.so
66bd1000-66bde000 r-xp 00000000 08:06 405488     /usr/lib/vlc/plugins/meta_engine/libtaglib_plugin.so
66bde000-66bdf000 r--p 0000c000 08:06 405488     /usr/lib/vlc/plugins/meta_engine/libtaglib_plugin.so
66bdf000-66be0000 rw-p 0000d000 08:06 405488     /usr/lib/vlc/plugins/meta_engine/libtaglib_plugin.so
66be0000-66be3000 r-xp 00000000 08:06 405456     /usr/lib/vlc/plugins/codec/libfaad_plugin.so
66be3000-66be4000 r--p 00002000 08:06 405456     /usr/lib/vlc/plugins/codec/libfaad_plugin.so
66be4000-66be5000 rw-p 00003000 08:06 405456     /usr/lib/vlc/plugins/codec/libfaad_plugin.so
66be5000-66be9000 r-xp 00000000 08:06 405477     /usr/lib/vlc/plugins/codec/libopus_plugin.so
66be9000-66bea000 r--p 00003000 08:06 405477     /usr/lib/vlc/plugins/codec/libopus_plugin.so
66bea000-66beb000 rw-p 00004000 08:06 405477     /usr/lib/vlc/plugins/codec/libopus_plugin.so
66beb000-66bf4000 r-xp 00000000 08:06 405450     /usr/lib/vlc/plugins/codec/libschroedinger_plugin.so
66bf4000-66bf5000 r--p 00008000 08:06 405450     /usr/lib/vlc/plugins/codec/libschroedinger_plugin.so
66bf5000-66bf6000 rw-p 00009000 08:06 405450     /usr/lib/vlc/plugins/codec/libschroedinger_plugin.so
66bf6000-66bf9000 r-xp 00000000 08:06 405482     /usr/lib/vlc/plugins/codec/libcdg_plugin.so
66bf9000-66bfa000 r--p 00002000 08:06 405482     /usr/lib/vlc/plugins/codec/libcdg_plugin.so
66bfa000-66bfb000 rw-p 00003000 08:06 405482     /usr/lib/vlc/plugins/codec/libcdg_plugin.so
66bfb000-66bfd000 r-xp 00000000 08:06 405481     /usr/lib/vlc/plugins/codec/libpng_plugin.so
66bfd000-66bfe000 r--p 00001000 08:06 405481     /usr/lib/vlc/plugins/codec/libpng_plugin.so
66bfe000-66bff000 rw-p 00002000 08:06 405481     /usr/lib/vlc/plugins/codec/libpng_plugin.so
66bff000-66c02000 r-xp 00000000 08:06 405449     /usr/lib/vlc/plugins/codec/libmpeg_audio_plugin.so
66c02000-66c03000 r--p 00002000 08:06 405449     /usr/lib/vlc/plugins/codec/libmpeg_audio_plugin.so
66c03000-66c04000 rw-p 00003000 08:06 405449     /usr/lib/vlc/plugins/codec/libmpeg_audio_plugin.so
66c04000-66c07000 r-xp 00000000 08:06 405473     /usr/lib/vlc/plugins/codec/libsvcdsub_plugin.so
66c07000-66c08000 r--p 00002000 08:06 405473     /usr/lib/vlc/plugins/codec/libsvcdsub_plugin.so
66c08000-66c09000 rw-p 00003000 08:06 405473     /usr/lib/vlc/plugins/codec/libsvcdsub_plugin.so
66c09000-66c0c000 r-xp 00000000 08:06 405455     /usr/lib/vlc/plugins/codec/libcvdsub_plugin.so
66c0c000-66c0d000 r--p 00002000 08:06 405455     /usr/lib/vlc/plugins/codec/libcvdsub_plugin.so
66c0d000-66c0e000 rw-p 00003000 08:06 405455     /usr/lib/vlc/plugins/codec/libcvdsub_plugin.so
66c0e000-66c11000 r-xp 00000000 08:06 405458     /usr/lib/vlc/plugins/codec/libspudec_plugin.so
66c11000-66c12000 r--p 00003000 08:06 405458     /usr/lib/vlc/plugins/codec/libspudec_plugin.so
66c12000-66c13000 rw-p 00004000 08:06 405458     /usr/lib/vlc/plugins/codec/libspudec_plugin.so
66c13000-66c17000 r-xp 00000000 08:06 405634     /usr/lib/vlc/plugins/packetizer/libpacketizer_flac_plugin.so
66c17000-66c18000 r--p 00003000 08:06 405634     /usr/lib/vlc/plugins/packetizer/libpacketizer_flac_plugin.so
66c18000-66c19000 rw-p 00004000 08:06 405634     /usr/lib/vlc/plugins/packetizer/libpacketizer_flac_plugin.so
66c19000-66c28000 r-xp 00000000 08:06 405635     /usr/lib/vlc/plugins/packetizer/libpacketizer_h264_plugin.so
66c28000-66c29000 r--p 0000e000 08:06 405635     /usr/lib/vlc/plugins/packetizer/libpacketizer_h264_plugin.so
66c29000-66c2a000 rw-p 0000f000 08:06 405635     /usr/lib/vlc/plugins/packetizer/libpacketizer_h264_plugin.so
66c2a000-66c45000 r-xp 00000000 08:06 1706713    /usr/lib/i386-linux-gnu/libtheoradec.so.1.1.4
66c45000-66c46000 r--p 0001a000 08:06 1706713    /usr/lib/i386-linux-gnu/libtheoradec.so.1.1.4
66c46000-66c47000 rw-p 0001b000 08:06 1706713    /usr/lib/i386-linux-gnu/libtheoradec.so.1.1.4
66c47000-67000000 rw-s 00000000 00:04 17104948   /SYSV00000000 (deleted)
67000000-670fc000 rw-p 00000000 00:00 0 
670fc000-67100000 ---p 00000000 00:00 0 
67102000-67105000 r-xp 00000000 08:06 1706600    /usr/lib/i386-linux-gnu/libpulse-simple.so.0.0.3
67105000-67106000 r--p 00002000 08:06 1706600    /usr/lib/i386-linux-gnu/libpulse-simple.so.0.0.3
67106000-67107000 rw-p 00003000 08:06 1706600    /usr/lib/i386-linux-gnu/libpulse-simple.so.0.0.3
67108000-6710d000 r-xp 00000000 08:06 405638     /usr/lib/vlc/plugins/packetizer/libpacketizer_mpegvideo_plugin.so
6710d000-6710e000 r--p 00004000 08:06 405638     /usr/lib/vlc/plugins/packetizer/libpacketizer_mpegvideo_plugin.so
6710e000-6710f000 rw-p 00005000 08:06 405638     /usr/lib/vlc/plugins/packetizer/libpacketizer_mpegvideo_plugin.so
6710f000-67113000 r-xp 00000000 08:06 405636     /usr/lib/vlc/plugins/packetizer/libpacketizer_mlp_plugin.so
67113000-67114000 r--p 00003000 08:06 405636     /usr/lib/vlc/plugins/packetizer/libpacketizer_mlp_plugin.so
67114000-67115000 rw-p 00004000 08:06 405636     /usr/lib/vlc/plugins/packetizer/libpacketizer_mlp_plugin.so
67115000-6715a000 r-xp 00000000 08:06 1706715    /usr/lib/i386-linux-gnu/libtheoraenc.so.1.1.2
6715a000-6715b000 r--p 00044000 08:06 1706715    /usr/lib/i386-linux-gnu/libtheoraenc.so.1.1.2
6715b000-6715c000 rw-p 00045000 08:06 1706715    /usr/lib/i386-linux-gnu/libtheoraenc.so.1.1.2
6715c000-67161000 r-xp 00000000 08:06 405637     /usr/lib/vlc/plugins/packetizer/libpacketizer_mpeg4video_plugin.so
67161000-67162000 r--p 00004000 08:06 405637     /usr/lib/vlc/plugins/packetizer/libpacketizer_mpeg4video_plugin.so
67162000-67163000 rw-p 00005000 08:06 405637     /usr/lib/vlc/plugins/packetizer/libpacketizer_mpeg4video_plugin.so
67163000-67169000 r-xp 00000000 08:06 405640     /usr/lib/vlc/plugins/packetizer/libpacketizer_mpeg4audio_plugin.so
67169000-6716a000 r--p 00005000 08:06 405640     /usr/lib/vlc/plugins/packetizer/libpacketizer_mpeg4audio_plugin.so
6716a000-6716b000 rw-p 00006000 08:06 405640     /usr/lib/vlc/plugins/packetizer/libpacketizer_mpeg4audio_plugin.so
6716b000-67173000 r-xp 00000000 08:06 405633     /usr/lib/vlc/plugins/packetizer/libpacketizer_vc1_plugin.so
67173000-67174000 r--p 00007000 08:06 405633     /usr/lib/vlc/plugins/packetizer/libpacketizer_vc1_plugin.so
67174000-67175000 rw-p 00008000 08:06 405633     /usr/lib/vlc/plugins/packetizer/libpacketizer_vc1_plugin.so
67175000-67194000 r-xp 00000000 08:06 1708460    /usr/lib/i386-linux-gnu/sse2/libspeex.so.1.5.0
67194000-67195000 r--p 0001e000 08:06 1708460    /usr/lib/i386-linux-gnu/sse2/libspeex.so.1.5.0
67195000-67196000 rw-p 0001f000 08:06 1708460    /usr/lib/i386-linux-gnu/sse2/libspeex.so.1.5.0
67198000-6719d000 r-xp 00000000 08:06 405641     /usr/lib/vlc/plugins/packetizer/libpacketizer_dirac_plugin.so
6719d000-6719e000 r--p 00005000 08:06 405641     /usr/lib/vlc/plugins/packetizer/libpacketizer_dirac_plugin.so
6719e000-6719f000 rw-p 00006000 08:06 405641     /usr/lib/vlc/plugins/packetizer/libpacketizer_dirac_plugin.so
6719f000-671a5000 r-xp 00000000 08:06 405451     /usr/lib/vlc/plugins/codec/libtheora_plugin.so
671a5000-671a6000 r--p 00005000 08:06 405451     /usr/lib/vlc/plugins/codec/libtheora_plugin.so
671a6000-671a7000 rw-p 00006000 08:06 405451     /usr/lib/vlc/plugins/codec/libtheora_plugin.so
671a7000-671ad000 r-xp 00000000 08:06 405479     /usr/lib/vlc/plugins/codec/libvorbis_plugin.so
671ad000-671ae000 r--p 00005000 08:06 405479     /usr/lib/vlc/plugins/codec/libvorbis_plugin.so
671ae000-671af000 rw-p 00006000 08:06 405479     /usr/lib/vlc/plugins/codec/libvorbis_plugin.so
671af000-671b5000 r-xp 00000000 08:06 405478     /usr/lib/vlc/plugins/codec/libspeex_plugin.so
671b5000-671b6000 r--p 00005000 08:06 405478     /usr/lib/vlc/plugins/codec/libspeex_plugin.so
671b6000-671b7000 rw-p 00006000 08:06 405478     /usr/lib/vlc/plugins/codec/libspeex_plugin.so
671b7000-671b9000 r-xp 00000000 08:06 405483     /usr/lib/vlc/plugins/codec/libaes3_plugin.so
671b9000-671ba000 r--p 00001000 08:06 405483     /usr/lib/vlc/plugins/codec/libaes3_plugin.so
671ba000-671bb000 rw-p 00002000 08:06 405483     /usr/lib/vlc/plugins/codec/libaes3_plugin.so
671bb000-671bd000 r-xp 00000000 08:06 405480     /usr/lib/vlc/plugins/codec/librawvideo_plugin.so
671bd000-671be000 r--p 00001000 08:06 405480     /usr/lib/vlc/plugins/codec/librawvideo_plugin.so
671be000-671bf000 rw-p 00002000 08:06 405480     /usr/lib/vlc/plugins/codec/librawvideo_plugin.so
671bf000-671c3000 r-xp 00000000 08:06 405462     /usr/lib/vlc/plugins/codec/liblpcm_plugin.so
671c3000-671c4000 r--p 00003000 08:06 405462     /usr/lib/vlc/plugins/codec/liblpcm_plugin.so
671c4000-671c5000 rw-p 00004000 08:06 405462     /usr/lib/vlc/plugins/codec/liblpcm_plugin.so
671c5000-671ca000 r-xp 00000000 08:06 280640     /usr/lib/vlc/plugins/demux/libes_plugin.so
671ca000-671cb000 r--p 00004000 08:06 280640     /usr/lib/vlc/plugins/demux/libes_plugin.so
671cb000-671cc000 rw-p 00005000 08:06 280640     /usr/lib/vlc/plugins/demux/libes_plugin.so
671cc000-671d8000 r-xp 00000000 08:06 280632     /usr/lib/vlc/plugins/demux/libasf_plugin.so
671d8000-671d9000 r--p 0000b000 08:06 280632     /usr/lib/vlc/plugins/demux/libasf_plugin.so
671d9000-671da000 rw-p 0000c000 08:06 280632     /usr/lib/vlc/plugins/demux/libasf_plugin.so
671da000-671fe000 r-xp 00000000 08:06 280624     /usr/lib/vlc/plugins/demux/libmp4_plugin.so
671fe000-671ff000 r--p 00024000 08:06 280624     /usr/lib/vlc/plugins/demux/libmp4_plugin.so
671ff000-67200000 rw-p 00025000 08:06 280624     /usr/lib/vlc/plugins/demux/libmp4_plugin.so
67200000-672ff000 rw-p 00000000 00:00 0 
672ff000-67300000 ---p 00000000 00:00 0 
67300000-673fd000 rw-p 00000000 00:00 0 
673fd000-67400000 ---p 00000000 00:00 0 
67400000-674f1000 rw-p 00000000 00:00 0 
674f1000-67500000 ---p 00000000 00:00 0 
67502000-67503000 rwxp 00000000 00:00 0 
67504000-67508000 r-xp 00000000 08:06 280647     /usr/lib/vlc/plugins/demux/libflacsys_plugin.so
67508000-67509000 r--p 00004000 08:06 280647     /usr/lib/vlc/plugins/demux/libflacsys_plugin.so
67509000-6750a000 rw-p 00005000 08:06 280647     /usr/lib/vlc/plugins/demux/libflacsys_plugin.so
6750a000-6751a000 r-xp 00000000 08:06 280639     /usr/lib/vlc/plugins/demux/libavi_plugin.so
6751a000-6751b000 r--p 00010000 08:06 280639     /usr/lib/vlc/plugins/demux/libavi_plugin.so
6751b000-6751c000 rw-p 00011000 08:06 280639     /usr/lib/vlc/plugins/demux/libavi_plugin.so
6751c000-6751e000 r-xp 00000000 08:06 405645     /usr/lib/vlc/plugins/stream_filter/libstream_filter_record_plugin.so
6751e000-6751f000 r--p 00001000 08:06 405645     /usr/lib/vlc/plugins/stream_filter/libstream_filter_record_plugin.so
6751f000-67520000 rw-p 00002000 08:06 405645     /usr/lib/vlc/plugins/stream_filter/libstream_filter_record_plugin.so
67520000-67523000 r-xp 00000000 08:06 1720599    /usr/lib/vlc/plugins/access/libstream_filter_rar_plugin.so
67523000-67524000 r--p 00002000 08:06 1720599    /usr/lib/vlc/plugins/access/libstream_filter_rar_plugin.so
67524000-67525000 rw-p 00003000 08:06 1720599    /usr/lib/vlc/plugins/access/libstream_filter_rar_plugin.so
67525000-6752d000 r-xp 00000000 08:06 1720591    /usr/lib/vlc/plugins/access/libzip_plugin.so
6752d000-6752e000 r--p 00007000 08:06 1720591    /usr/lib/vlc/plugins/access/libzip_plugin.so
6752e000-6752f000 rw-p 00008000 08:06 1720591    /usr/lib/vlc/plugins/access/libzip_plugin.so
6752f000-6754a000 r-xp 00000000 08:06 405646     /usr/lib/vlc/plugins/stream_filter/libstream_filter_dash_plugin.so
6754a000-6754b000 r--p 0001b000 08:06 405646     /usr/lib/vlc/plugins/stream_filter/libstream_filter_dash_plugin.so
6754b000-6754c000 rw-p 0001c000 08:06 405646     /usr/lib/vlc/plugins/stream_filter/libstream_filter_dash_plugin.so
6754c000-6756a000 r-xp 00000000 08:06 1706115    /usr/lib/i386-linux-gnu/libdvdread.so.4.1.2
6756a000-6756b000 r--p 0001d000 08:06 1706115    /usr/lib/i386-linux-gnu/libdvdread.so.4.1.2
6756b000-6756c000 rw-p 0001e000 08:06 1706115    /usr/lib/i386-linux-gnu/libdvdread.so.4.1.2
6756c000-67580000 r-xp 00000000 08:06 1706111    /usr/lib/i386-linux-gnu/libdvdnav.so.4.1.2
67580000-67581000 r--p 00013000 08:06 1706111    /usr/lib/i386-linux-gnu/libdvdnav.so.4.1.2
67581000-67582000 rw-p 00014000 08:06 1706111    /usr/lib/i386-linux-gnu/libdvdnav.so.4.1.2
67583000-67586000 r-xp 00000000 08:06 405644     /usr/lib/vlc/plugins/stream_filter/libdecomp_plugin.so
67586000-67587000 r--p 00002000 08:06 405644     /usr/lib/vlc/plugins/stream_filter/libdecomp_plugin.so
67587000-67588000 rw-p 00003000 08:06 405644     /usr/lib/vlc/plugins/stream_filter/libdecomp_plugin.so
67588000-67592000 r-xp 00000000 08:06 405643     /usr/lib/vlc/plugins/stream_filter/libstream_filter_httplive_plugin.so
67592000-67593000 r--p 00009000 08:06 405643     /usr/lib/vlc/plugins/stream_filter/libstream_filter_httplive_plugin.so
67593000-67594000 rw-p 0000a000 08:06 405643     /usr/lib/vlc/plugins/stream_filter/libstream_filter_httplive_plugin.so
67594000-67599000 r-xp 00000000 08:06 1720610    /usr/lib/vlc/plugins/access/libaccess_vdr_plugin.so
67599000-6759a000 r--p 00004000 08:06 1720610    /usr/lib/vlc/plugins/access/libaccess_vdr_plugin.so
6759a000-6759b000 rw-p 00005000 08:06 1720610    /usr/lib/vlc/plugins/access/libaccess_vdr_plugin.so
6759b000-675cf000 r-xp 00000000 08:06 1720482    /usr/lib/i386-linux-gnu/libbluray.so.1.2.0
675cf000-675d0000 ---p 00034000 08:06 1720482    /usr/lib/i386-linux-gnu/libbluray.so.1.2.0
675d0000-675d1000 r--p 00034000 08:06 1720482    /usr/lib/i386-linux-gnu/libbluray.so.1.2.0
675d1000-675d2000 rw-p 00035000 08:06 1720482    /usr/lib/i386-linux-gnu/libbluray.so.1.2.0
675d2000-675e8000 r--s 00000000 08:06 656603     /usr/share/fonts/type1/gsfonts/n022024l.pfb
675e8000-67600000 r--s 00000000 08:06 656594     /usr/share/fonts/type1/gsfonts/n022003l.pfb
67600000-676fe000 rw-p 00000000 00:00 0 
676fe000-67700000 ---p 00000000 00:00 0 
67700000-67702000 r-xp 00000000 08:06 405602     /usr/lib/vlc/plugins/services_discovery/libmtp_plugin.so
67702000-67703000 r--p 00001000 08:06 405602     /usr/lib/vlc/plugins/services_discovery/libmtp_plugin.so
67703000-67704000 rw-p 00002000 08:06 405602     /usr/lib/vlc/plugins/services_discovery/libmtp_plugin.so
67704000-67705000 r-xp 00000000 08:06 1708656    /usr/lib/jvm/java-7-openjdk-i386/jre/lib/i386/libjawt.so
67705000-67706000 r--p 00000000 08:06 1708656    /usr/lib/jvm/java-7-openjdk-i386/jre/lib/i386/libjawt.so
67706000-67707000 rw-p 00001000 08:06 1708656    /usr/lib/jvm/java-7-openjdk-i386/jre/lib/i386/libjawt.so
67707000-6770b000 r-xp 00000000 08:06 1720609    /usr/lib/vlc/plugins/access/libfilesystem_plugin.so
6770b000-6770c000 r--p 00003000 08:06 1720609    /usr/lib/vlc/plugins/access/libfilesystem_plugin.so
6770c000-6770d000 rw-p 00004000 08:06 1720609    /usr/lib/vlc/plugins/access/libfilesystem_plugin.so
6770d000-67717000 r-xp 00000000 08:06 1720582    /usr/lib/vlc/plugins/access/libdvdnav_plugin.so
67717000-67718000 r--p 0000a000 08:06 1720582    /usr/lib/vlc/plugins/access/libdvdnav_plugin.so
67718000-67719000 rw-p 0000b000 08:06 1720582    /usr/lib/vlc/plugins/access/libdvdnav_plugin.so
67719000-6772c000 r-xp 00000000 08:06 1720590    /usr/lib/vlc/plugins/access/libaccess_bd_plugin.so
6772c000-6772d000 r--p 00012000 08:06 1720590    /usr/lib/vlc/plugins/access/libaccess_bd_plugin.so
6772d000-6772e000 rw-p 00013000 08:06 1720590    /usr/lib/vlc/plugins/access/libaccess_bd_plugin.so
6772e000-67731000 ---p 00000000 00:00 0 
67731000-677af000 rw-p 00000000 00:00 0          [stack:11885]
677af000-677b2000 ---p 00000000 00:00 0 
677b2000-67800000 rw-p 00000000 00:00 0          [stack:16694]
67800000-678ba000 rw-p 00000000 00:00 0 
678ba000-67900000 ---p 00000000 00:00 0 
67901000-67906000 r-xp 00000000 08:06 1720612    /usr/lib/vlc/plugins/access/liblibbluray_plugin.so
67906000-67907000 r--p 00004000 08:06 1720612    /usr/lib/vlc/plugins/access/liblibbluray_plugin.so
67907000-67908000 rw-p 00005000 08:06 1720612    /usr/lib/vlc/plugins/access/liblibbluray_plugin.so
67908000-6790f000 r--s 00000000 08:06 1707538    /usr/lib/i386-linux-gnu/gconv/gconv-modules.cache
6790f000-67910000 rw-p 00000000 00:00 0 
67910000-67943000 rw-s 00000000 00:04 17072176   /SYSV00000000 (deleted)
67943000-679e7000 r-xp 00000000 08:06 1439053    /tmp/sqlite-3.7.151-i386-libsqlitejdbc.so
679e7000-679e8000 r--p 000a4000 08:06 1439053    /tmp/sqlite-3.7.151-i386-libsqlitejdbc.so
679e8000-679e9000 rw-p 000a5000 08:06 1439053    /tmp/sqlite-3.7.151-i386-libsqlitejdbc.so
679e9000-679ea000 rw-p 00000000 00:00 0 
679ea000-679ef000 r--s 0004c000 08:06 1708535    /usr/lib/jvm/java-7-openjdk-common/jre/lib/jsse.jar
679ef000-679f2000 ---p 00000000 00:00 0 
679f2000-67a40000 rw-p 00000000 00:00 0          [stack:16675]
67a40000-67a43000 ---p 00000000 00:00 0 
67a43000-67a91000 rw-p 00000000 00:00 0          [stack:16674]
67a91000-67aa2000 r-xp 00000000 08:06 1708665    /usr/lib/jvm/java-7-openjdk-i386/jre/lib/i386/libnio.so
67aa2000-67aa3000 r--p 00010000 08:06 1708665    /usr/lib/jvm/java-7-openjdk-i386/jre/lib/i386/libnio.so
67aa3000-67aa4000 rw-p 00011000 08:06 1708665    /usr/lib/jvm/java-7-openjdk-i386/jre/lib/i386/libnio.so
67aa4000-67aa5000 r--s 00000000 08:06 936139     /var/cache/fontconfig/c05880de57d1f5e948fdfacc138775d9-le32d4.cache-3
67aa5000-67aab000 r--s 00000000 08:06 936131     /var/cache/fontconfig/945677eb7aeaf62f1d50efc3fb3ec7d8-le32d4.cache-3
67aab000-67aae000 r--s 00000000 08:06 938992     /var/cache/fontconfig/99e8ed0e538f840c565b6ed5dad60d56-le32d4.cache-3
67aae000-67ab4000 r--s 00000000 08:06 936659     /var/cache/fontconfig/a6d8cf8e4ec09cdbc8633c31745a07dd-le32d4.cache-3
67ab4000-67ab7000 r--s 00000000 08:06 936113     /var/cache/fontconfig/2cd17615ca594fa2959ae173292e504c-le32d4.cache-3
67ab7000-67ab8000 r--s 00000000 08:06 936148     /var/cache/fontconfig/e7071f4a29fa870f4323321c154eba04-le32d4.cache-3
67ab8000-67abc000 r--s 00000000 08:06 936658     /var/cache/fontconfig/6eb3985aa4124903f6ff08ba781cd364-le32d4.cache-3
67abc000-67abd000 r--s 00000000 08:06 936110     /var/cache/fontconfig/0d8c3b2ac0904cb8a57a757ad11a4a08-le32d4.cache-3
67abd000-67ac1000 r--s 00000000 08:06 936135     /var/cache/fontconfig/a755afe4a08bf5b97852ceb7400b47bc-le32d4.cache-3
67ac1000-67ac8000 r--s 00000000 08:06 936126     /var/cache/fontconfig/6d41288fd70b0be22e8c3a91e032eec0-le32d4.cache-3
67ac8000-67ad3000 r--s 00000000 08:06 936108     /var/cache/fontconfig/04aabc0a78ac019cf9454389977116d2-le32d4.cache-3
67ad3000-67ad4000 r--s 00000000 08:06 936112     /var/cache/fontconfig/1ac9eb803944fde146138c791f5cc56a-le32d4.cache-3
67ad4000-67ad7000 r--s 00000000 08:06 936117     /var/cache/fontconfig/385c0604a188198f04d133e54aba7fe7-le32d4.cache-3
67ad7000-67ad8000 r--s 00000000 08:06 938732     /var/cache/fontconfig/9c956a7723ca69a44b382d9179c9802f-le32d4.cache-3
67ad8000-67ad9000 r--s 00000000 08:06 936145     /var/cache/fontconfig/dc05db6664285cc2f12bf69c139ae4c3-le32d4.cache-3
67ad9000-67adb000 r--s 00000000 08:06 936128     /var/cache/fontconfig/767a8244fc0220cfb567a839d0392e0b-le32d4.cache-3
67adb000-67adc000 r--s 00000000 08:06 936118     /var/cache/fontconfig/4794a0821666d79190d59a36cb4f44b5-le32d4.cache-3
67adc000-67add000 r--s 00000000 08:06 938731     /var/cache/fontconfig/9eae20f1ff8cc0a7d125749e875856bd-le32d4.cache-3
67add000-67b00000 r--s 00000000 08:06 938729     /var/cache/fontconfig/365b55f210c0a22e9a19e35191240f32-le32d4.cache-3
67b00000-67bf7000 rw-p 00000000 00:00 0 
67bf7000-67c00000 ---p 00000000 00:00 0 
67c00000-67c02000 r--s 00000000 08:06 938730     /var/cache/fontconfig/bf2c1853a9e9b00bb02fe2e9bcf1e201-le32d4.cache-3
67c02000-67c05000 r--s 00000000 08:06 936130     /var/cache/fontconfig/8801497958630a81b71ace7c5f9b32a8-le32d4.cache-3
67c05000-67c07000 r--s 00000000 08:06 938722     /var/cache/fontconfig/c57959a16110560c8d0fcea73374aeeb-le32d4.cache-3
67c07000-67c0b000 r--s 00000000 08:06 936114     /var/cache/fontconfig/3047814df9a2f067bd2d96a2b9c36e5a-le32d4.cache-3
67c0b000-67c0c000 r--s 00000000 08:06 936121     /var/cache/fontconfig/56cf4f4769d0f4abc89a4895d7bd3ae1-le32d4.cache-3
67c0c000-67c0d000 r--s 00000000 08:06 936138     /var/cache/fontconfig/b9d506c9ac06c20b433354fa67a72993-le32d4.cache-3
67c0d000-67c11000 r--s 00000000 08:06 936137     /var/cache/fontconfig/b47c4e1ecd0709278f4910c18777a504-le32d4.cache-3
67c11000-67c13000 r--s 00000000 08:06 938728     /var/cache/fontconfig/14d493b97896515cad3840ba4896e372-le32d4.cache-3
67c13000-67c19000 r--s 00000000 08:06 936657     /var/cache/fontconfig/52f7bdb7ce746bfd7eaa1985bd9cfa93-le32d4.cache-3
67c19000-67c1b000 r--s 00000000 08:06 936147     /var/cache/fontconfig/e49e89034d371f0f9de17aab02136486-le32d4.cache-3
67c1b000-67c28000 r--s 00000000 08:06 936143     /var/cache/fontconfig/d52a8644073d54c13679302ca1180695-le32d4.cache-3
67c28000-67c2e000 r--s 00000000 08:06 936656     /var/cache/fontconfig/3f7329c5293ffd510edef78f73874cfd-le32d4.cache-3
67c2e000-67c30000 r--s 00000000 08:06 938726     /var/cache/fontconfig/65f976e5259cbe6dc7697b8648396239-le32d4.cache-3
67c30000-67c37000 r--s 00000000 08:06 938721     /var/cache/fontconfig/83bf95040141907cd45bb53cf7c1c148-le32d4.cache-3
67c37000-67c40000 r--s 00000000 08:06 938720     /var/cache/fontconfig/53d14c92082a93e67d5078324eb314ca-le32d4.cache-3
67c40000-67c4d000 r--s 00000000 08:06 938717     /var/cache/fontconfig/4ac51e5cfbc76fc3f983e470323a16d3-le32d4.cache-3
67c4d000-67c55000 r--s 00000000 08:06 938718     /var/cache/fontconfig/e13b20fdb08344e0e664864cc2ede53d-le32d4.cache-3
67c55000-67c59000 r--s 00000000 08:06 940648     /var/cache/fontconfig/7ef2298fde41cc6eeb7af42e48b7d293-le32d4.cache-3
67c59000-67c6a000 r--s 00000000 08:06 938993     /var/cache/fontconfig/467c019e582ee353435ea5c21d137ef6-le32d4.cache-3
67c6a000-67cad000 r-xp 00000000 08:06 1708645    /usr/lib/jvm/java-7-openjdk-i386/jre/lib/i386/libfontmanager.so
67cad000-67cae000 r--p 00043000 08:06 1708645    /usr/lib/jvm/java-7-openjdk-i386/jre/lib/i386/libfontmanager.so
67cae000-67caf000 rw-p 00044000 08:06 1708645    /usr/lib/jvm/java-7-openjdk-i386/jre/lib/i386/libfontmanager.so
67caf000-67cb2000 ---p 00000000 00:00 0 
67cb2000-67d00000 rw-p 00000000 00:00 0          [stack:16667]
67d00000-67e00000 rw-p 00000000 00:00 0 
67e00000-67e04000 r--s 00000000 08:06 394128     /home/gene/.cache/fontconfig/3ecda6abc85ff6f54114f03ae3c1fe72-le32d4.cache-3
67e04000-67e07000 ---p 00000000 00:00 0 
67e07000-67e55000 rw-p 00000000 00:00 0          [stack:16665]
67e55000-68fc4000 r-xp 00000000 08:06 1706398    /usr/lib/i386-linux-gnu/libicudata.so.48.1.1
68fc4000-68fc5000 r--p 0116e000 08:06 1706398    /usr/lib/i386-linux-gnu/libicudata.so.48.1.1
68fc5000-68fc6000 rw-p 0116f000 08:06 1706398    /usr/lib/i386-linux-gnu/libicudata.so.48.1.1
68fc6000-68fc9000 r-xp 00000000 08:06 262501     /lib/i386-linux-gnu/libgpg-error.so.0.8.0
68fc9000-68fca000 r--p 00002000 08:06 262501     /lib/i386-linux-gnu/libgpg-error.so.0.8.0
68fca000-68fcb000 rw-p 00003000 08:06 262501     /lib/i386-linux-gnu/libgpg-error.so.0.8.0
68fcb000-68fcd000 r-xp 00000000 08:06 262512     /lib/i386-linux-gnu/libkeyutils.so.1.4
68fcd000-68fce000 r--p 00002000 08:06 262512     /lib/i386-linux-gnu/libkeyutils.so.1.4
68fce000-68fcf000 rw-p 00003000 08:06 262512     /lib/i386-linux-gnu/libkeyutils.so.1.4
68fcf000-69125000 r-xp 00000000 08:06 1706412    /usr/lib/i386-linux-gnu/libicuuc.so.48.1.1
69125000-6912f000 r--p 00155000 08:06 1706412    /usr/lib/i386-linux-gnu/libicuuc.so.48.1.1
6912f000-69130000 rw-p 0015f000 08:06 1706412    /usr/lib/i386-linux-gnu/libicuuc.so.48.1.1
69130000-69134000 rw-p 00000000 00:00 0 
69134000-69167000 r-xp 00000000 08:06 1706404    /usr/lib/i386-linux-gnu/libicule.so.48.1.1
69167000-69168000 ---p 00033000 08:06 1706404    /usr/lib/i386-linux-gnu/libicule.so.48.1.1
69168000-69169000 r--p 00033000 08:06 1706404    /usr/lib/i386-linux-gnu/libicule.so.48.1.1
69169000-6916a000 rw-p 00034000 08:06 1706404    /usr/lib/i386-linux-gnu/libicule.so.48.1.1
6916a000-691b2000 r-xp 00000000 08:06 262482     /lib/i386-linux-gnu/libdbus-1.so.3.7.2
691b2000-691b3000 r--p 00047000 08:06 262482     /lib/i386-linux-gnu/libdbus-1.so.3.7.2
691b3000-691b4000 rw-p 00048000 08:06 262482     /lib/i386-linux-gnu/libdbus-1.so.3.7.2
691b4000-691c6000 r-xp 00000000 08:06 1706541    /usr/lib/i386-linux-gnu/libp11-kit.so.0.0.0
691c6000-691c7000 r--p 00011000 08:06 1706541    /usr/lib/i386-linux-gnu/libp11-kit.so.0.0.0
691c7000-691c8000 rw-p 00012000 08:06 1706541    /usr/lib/i386-linux-gnu/libp11-kit.so.0.0.0
691c8000-691d8000 r-xp 00000000 08:06 1706699    /usr/lib/i386-linux-gnu/libtasn1.so.3.2.0
691d8000-691d9000 r--p 0000f000 08:06 1706699    /usr/lib/i386-linux-gnu/libtasn1.so.3.2.0
691d9000-691da000 rw-p 00010000 08:06 1706699    /usr/lib/i386-linux-gnu/libtasn1.so.3.2.0
691da000-6925b000 r-xp 00000000 08:06 262497     /lib/i386-linux-gnu/libgcrypt.so.11.7.0
6925b000-6925c000 r--p 00080000 08:06 262497     /lib/i386-linux-gnu/libgcrypt.so.11.7.0
6925c000-6925e000 rw-p 00081000 08:06 262497     /lib/i386-linux-gnu/libgcrypt.so.11.7.0
6925e000-69265000 r-xp 00000000 08:06 1706449    /usr/lib/i386-linux-gnu/libkrb5support.so.0.1
69265000-69266000 r--p 00006000 08:06 1706449    /usr/lib/i386-linux-gnu/libkrb5support.so.0.1
69266000-69267000 rw-p 00007000 08:06 1706449    /usr/lib/i386-linux-gnu/libkrb5support.so.0.1
69267000-6926a000 r-xp 00000000 08:06 262477     /lib/i386-linux-gnu/libcom_err.so.2.1
6926a000-6926b000 r--p 00002000 08:06 262477     /lib/i386-linux-gnu/libcom_err.so.2.1
6926b000-6926c000 rw-p 00003000 08:06 262477     /lib/i386-linux-gnu/libcom_err.so.2.1
6926c000-69292000 r-xp 00000000 08:06 1706443    /usr/lib/i386-linux-gnu/libk5crypto.so.3.1
69292000-69293000 r--p 00026000 08:06 1706443    /usr/lib/i386-linux-gnu/libk5crypto.so.3.1
69293000-69294000 rw-p 00027000 08:06 1706443    /usr/lib/i386-linux-gnu/libk5crypto.so.3.1
69294000-6935b000 r-xp 00000000 08:06 1706447    /usr/lib/i386-linux-gnu/libkrb5.so.3.3
6935b000-69361000 r--p 000c6000 08:06 1706447    /usr/lib/i386-linux-gnu/libkrb5.so.3.3
69361000-69362000 rw-p 000cc000 08:06 1706447    /usr/lib/i386-linux-gnu/libkrb5.so.3.3
69362000-693fa000 r-xp 00000000 08:06 1706380    /usr/lib/i386-linux-gnu/libharfbuzz.so.0.913.0
693fa000-693fb000 ---p 00098000 08:06 1706380    /usr/lib/i386-linux-gnu/libharfbuzz.so.0.913.0
693fb000-693fc000 r--p 00098000 08:06 1706380    /usr/lib/i386-linux-gnu/libharfbuzz.so.0.913.0
693fc000-693fd000 rw-p 00099000 08:06 1706380    /usr/lib/i386-linux-gnu/libharfbuzz.so.0.913.0
693fd000-69405000 r-xp 00000000 08:06 1706787    /usr/lib/i386-linux-gnu/libxcb-render.so.0.0.0
69405000-69406000 r--p 00008000 08:06 1706787    /usr/lib/i386-linux-gnu/libxcb-render.so.0.0.0
69406000-69407000 rw-p 00009000 08:06 1706787    /usr/lib/i386-linux-gnu/libxcb-render.so.0.0.0
69407000-69409000 r-xp 00000000 08:06 1706791    /usr/lib/i386-linux-gnu/libxcb-shm.so.0.0.0
69409000-6940a000 r--p 00001000 08:06 1706791    /usr/lib/i386-linux-gnu/libxcb-shm.so.0.0.0
6940a000-6940b000 rw-p 00002000 08:06 1706791    /usr/lib/i386-linux-gnu/libxcb-shm.so.0.0.0
6940b000-69432000 r-xp 00000000 08:06 262578     /lib/i386-linux-gnu/libpng12.so.0.49.0
69432000-69433000 r--p 00026000 08:06 262578     /lib/i386-linux-gnu/libpng12.so.0.49.0
69433000-69434000 rw-p 00027000 08:06 262578     /lib/i386-linux-gnu/libpng12.so.0.49.0
69434000-694c8000 r-xp 00000000 08:06 1706571    /usr/lib/i386-linux-gnu/libpixman-1.so.0.28.2
694c8000-694cd000 r--p 00093000 08:06 1706571    /usr/lib/i386-linux-gnu/libpixman-1.so.0.28.2
694cd000-694ce000 rw-p 00098000 08:06 1706571    /usr/lib/i386-linux-gnu/libpixman-1.so.0.28.2
694ce000-694d3000 r-xp 00000000 08:06 1705898    /usr/lib/i386-linux-gnu/libXdmcp.so.6.0.0
694d3000-694d4000 r--p 00004000 08:06 1705898    /usr/lib/i386-linux-gnu/libXdmcp.so.6.0.0
694d4000-694d5000 rw-p 00005000 08:06 1705898    /usr/lib/i386-linux-gnu/libXdmcp.so.6.0.0
694d5000-694d7000 r-xp 00000000 08:06 1705887    /usr/lib/i386-linux-gnu/libXau.so.6.0.0
694d7000-694d8000 r--p 00001000 08:06 1705887    /usr/lib/i386-linux-gnu/libXau.so.6.0.0
694d8000-694d9000 rw-p 00002000 08:06 1705887    /usr/lib/i386-linux-gnu/libXau.so.6.0.0
694d9000-694e9000 r-xp 00000000 08:06 1705977    /usr/lib/i386-linux-gnu/libavahi-client.so.3.2.9
694e9000-694ea000 r--p 0000f000 08:06 1705977    /usr/lib/i386-linux-gnu/libavahi-client.so.3.2.9
694ea000-694eb000 rw-p 00010000 08:06 1705977    /usr/lib/i386-linux-gnu/libavahi-client.so.3.2.9
694eb000-694f7000 r-xp 00000000 08:06 1705979    /usr/lib/i386-linux-gnu/libavahi-common.so.3.5.3
694f7000-694f8000 r--p 0000b000 08:06 1705979    /usr/lib/i386-linux-gnu/libavahi-common.so.3.5.3
694f8000-694f9000 rw-p 0000c000 08:06 1705979    /usr/lib/i386-linux-gnu/libavahi-common.so.3.5.3
694f9000-695b9000 r-xp 00000000 08:06 1706251    /usr/lib/i386-linux-gnu/libgnutls.so.26.22.6
695b9000-695bd000 r--p 000bf000 08:06 1706251    /usr/lib/i386-linux-gnu/libgnutls.so.26.22.6
695bd000-695be000 rw-p 000c3000 08:06 1706251    /usr/lib/i386-linux-gnu/libgnutls.so.26.22.6
695be000-695f9000 r-xp 00000000 08:06 1706276    /usr/lib/i386-linux-gnu/libgssapi_krb5.so.2.2
695f9000-695fa000 r--p 0003a000 08:06 1706276    /usr/lib/i386-linux-gnu/libgssapi_krb5.so.2.2
695fa000-695fb000 rw-p 0003b000 08:06 1706276    /usr/lib/i386-linux-gnu/libgssapi_krb5.so.2.2
695fb000-6963a000 r-xp 00000000 08:06 262566     /lib/i386-linux-gnu/libpcre.so.3.13.1
6963a000-6963b000 r--p 0003f000 08:06 262566     /lib/i386-linux-gnu/libpcre.so.3.13.1
6963b000-6963c000 rw-p 00040000 08:06 262566     /lib/i386-linux-gnu/libpcre.so.3.13.1
6963c000-69641000 r-xp 00000000 08:06 1706141    /usr/lib/i386-linux-gnu/libffi.so.6.0.1
69641000-69642000 r--p 00005000 08:06 1706141    /usr/lib/i386-linux-gnu/libffi.so.6.0.1
69642000-69643000 rw-p 00006000 08:06 1706141    /usr/lib/i386-linux-gnu/libffi.so.6.0.1
69643000-69668000 r-xp 00000000 08:06 262490     /lib/i386-linux-gnu/libexpat.so.1.6.0
69668000-6966a000 r--p 00025000 08:06 262490     /lib/i386-linux-gnu/libexpat.so.1.6.0
6966a000-6966b000 rw-p 00027000 08:06 262490     /lib/i386-linux-gnu/libexpat.so.1.6.0
6966b000-69701000 r-xp 00000000 08:06 1706179    /usr/lib/i386-linux-gnu/libfreetype.so.6.10.0
69701000-69705000 r--p 00095000 08:06 1706179    /usr/lib/i386-linux-gnu/libfreetype.so.6.10.0
69705000-69706000 rw-p 00099000 08:06 1706179    /usr/lib/i386-linux-gnu/libfreetype.so.6.10.0
69706000-69719000 r-xp 00000000 08:06 262589     /lib/i386-linux-gnu/libresolv-2.17.so
69719000-6971a000 r--p 00013000 08:06 262589     /lib/i386-linux-gnu/libresolv-2.17.so
6971a000-6971b000 rw-p 00014000 08:06 262589     /lib/i386-linux-gnu/libresolv-2.17.so
6971b000-6971d000 rw-p 00000000 00:00 0 
6971d000-6973a000 r-xp 00000000 08:06 262593     /lib/i386-linux-gnu/libselinux.so.1
6973a000-6973b000 r--p 0001c000 08:06 262593     /lib/i386-linux-gnu/libselinux.so.1
6973b000-6973c000 rw-p 0001d000 08:06 262593     /lib/i386-linux-gnu/libselinux.so.1
6973c000-6973e000 r-xp 00000000 08:06 1705896    /usr/lib/i386-linux-gnu/libXdamage.so.1.1.0
6973e000-6973f000 r--p 00001000 08:06 1705896    /usr/lib/i386-linux-gnu/libXdamage.so.1.1.0
6973f000-69740000 rw-p 00002000 08:06 1705896    /usr/lib/i386-linux-gnu/libXdamage.so.1.1.0
69740000-69749000 r-xp 00000000 08:06 1705894    /usr/lib/i386-linux-gnu/libXcursor.so.1.0.2
69749000-6974a000 r--p 00008000 08:06 1705894    /usr/lib/i386-linux-gnu/libXcursor.so.1.0.2
6974a000-6974b000 rw-p 00009000 08:06 1705894    /usr/lib/i386-linux-gnu/libXcursor.so.1.0.2
6974b000-69754000 r-xp 00000000 08:06 1705918    /usr/lib/i386-linux-gnu/libXrandr.so.2.2.0
69754000-69755000 r--p 00008000 08:06 1705918    /usr/lib/i386-linux-gnu/libXrandr.so.2.2.0
69755000-69756000 rw-p 00009000 08:06 1705918    /usr/lib/i386-linux-gnu/libXrandr.so.2.2.0
69756000-69768000 r-xp 00000000 08:06 1706553    /usr/lib/i386-linux-gnu/libpangoft2-1.0.so.0.3200.5
69768000-69769000 r--p 00011000 08:06 1706553    /usr/lib/i386-linux-gnu/libpangoft2-1.0.so.0.3200.5
69769000-6976a000 rw-p 00012000 08:06 1706553    /usr/lib/i386-linux-gnu/libpangoft2-1.0.so.0.3200.5
6976a000-6987d000 r-xp 00000000 08:06 1706005    /usr/lib/i386-linux-gnu/libcairo.so.2.11200.14
6987d000-6987f000 r--p 00113000 08:06 1706005    /usr/lib/i386-linux-gnu/libcairo.so.2.11200.14
6987f000-69880000 rw-p 00115000 08:06 1706005    /usr/lib/i386-linux-gnu/libcairo.so.2.11200.14
69880000-69881000 rw-p 00000000 00:00 0 
69881000-6989f000 r-xp 00000000 08:06 1705967    /usr/lib/i386-linux-gnu/libatk-1.0.so.0.20809.1
6989f000-698a1000 r--p 0001d000 08:06 1705967    /usr/lib/i386-linux-gnu/libatk-1.0.so.0.20809.1
698a1000-698a2000 rw-p 0001f000 08:06 1705967    /usr/lib/i386-linux-gnu/libatk-1.0.so.0.20809.1
698a2000-698c2000 r-xp 00000000 08:06 1720908    /usr/lib/i386-linux-gnu/libxcb.so.1.1.0
698c2000-698c3000 r--p 0001f000 08:06 1720908    /usr/lib/i386-linux-gnu/libxcb.so.1.1.0
698c3000-698c4000 rw-p 00020000 08:06 1720908    /usr/lib/i386-linux-gnu/libxcb.so.1.1.0
698c4000-6991e000 r-xp 00000000 08:06 1706064    /usr/lib/i386-linux-gnu/libcups.so.2
6991e000-6991f000 ---p 0005a000 08:06 1706064    /usr/lib/i386-linux-gnu/libcups.so.2
6991f000-69922000 r--p 0005a000 08:06 1706064    /usr/lib/i386-linux-gnu/libcups.so.2
69922000-69923000 rw-p 0005d000 08:06 1706064    /usr/lib/i386-linux-gnu/libcups.so.2
69923000-69a22000 r-xp 00000000 08:06 262499     /lib/i386-linux-gnu/libglib-2.0.so.0.3600.0
69a22000-69a23000 r--p 000fe000 08:06 262499     /lib/i386-linux-gnu/libglib-2.0.so.0.3600.0
69a23000-69a24000 rw-p 000ff000 08:06 262499     /lib/i386-linux-gnu/libglib-2.0.so.0.3600.0
69a24000-69a72000 r-xp 00000000 08:06 1706257    /usr/lib/i386-linux-gnu/libgobject-2.0.so.0.3600.0
69a72000-69a73000 r--p 0004d000 08:06 1706257    /usr/lib/i386-linux-gnu/libgobject-2.0.so.0.3600.0
69a73000-69a74000 rw-p 0004e000 08:06 1706257    /usr/lib/i386-linux-gnu/libgobject-2.0.so.0.3600.0
69a74000-69aab000 r-xp 00000000 08:06 1706167    /usr/lib/i386-linux-gnu/libfontconfig.so.1.6.2
69aab000-69aac000 r--p 00036000 08:06 1706167    /usr/lib/i386-linux-gnu/libfontconfig.so.1.6.2
69aac000-69aad000 rw-p 00037000 08:06 1706167    /usr/lib/i386-linux-gnu/libfontconfig.so.1.6.2
69aad000-69af6000 r-xp 00000000 08:06 1706549    /usr/lib/i386-linux-gnu/libpango-1.0.so.0.3200.5
69af6000-69af7000 r--p 00049000 08:06 1706549    /usr/lib/i386-linux-gnu/libpango-1.0.so.0.3200.5
69af7000-69af8000 rw-p 0004a000 08:06 1706549    /usr/lib/i386-linux-gnu/libpango-1.0.so.0.3200.5
69af8000-69c58000 r-xp 00000000 08:06 1706227    /usr/lib/i386-linux-gnu/libgio-2.0.so.0.3600.0
69c58000-69c5a000 r--p 00160000 08:06 1706227    /usr/lib/i386-linux-gnu/libgio-2.0.so.0.3600.0
69c5a000-69c5b000 rw-p 00162000 08:06 1706227    /usr/lib/i386-linux-gnu/libgio-2.0.so.0.3600.0
69c5b000-69c5c000 rw-p 00000000 00:00 0 
69c5c000-69d07000 r-xp 00000000 08:06 1706206    /usr/lib/i386-linux-gnu/libgdk-x11-2.0.so.0.2400.17
69d07000-69d09000 r--p 000ab000 08:06 1706206    /usr/lib/i386-linux-gnu/libgdk-x11-2.0.so.0.2400.17
69d09000-69d0a000 rw-p 000ad000 08:06 1706206    /usr/lib/i386-linux-gnu/libgdk-x11-2.0.so.0.2400.17
69d0a000-6a16b000 r-xp 00000000 08:06 1706364    /usr/lib/i386-linux-gnu/libgtk-x11-2.0.so.0.2400.17
6a16b000-6a16f000 r--p 00461000 08:06 1706364    /usr/lib/i386-linux-gnu/libgtk-x11-2.0.so.0.2400.17
6a16f000-6a171000 rw-p 00465000 08:06 1706364    /usr/lib/i386-linux-gnu/libgtk-x11-2.0.so.0.2400.17
6a171000-6a173000 rw-p 00000000 00:00 0 
6a173000-6a2a6000 r-xp 00000000 08:06 1706796    /usr/lib/i386-linux-gnu/libX11.so.6.3.0
6a2a6000-6a2a7000 r--p 00132000 08:06 1706796    /usr/lib/i386-linux-gnu/libX11.so.6.3.0
6a2a7000-6a2aa000 rw-p 00133000 08:06 1706796    /usr/lib/i386-linux-gnu/libX11.so.6.3.0
6a2aa000-6a2fc000 r-xp 00000000 08:06 1708686    /usr/lib/jvm/java-7-openjdk-i386/jre/lib/i386/xawt/libmawt.so
6a2fc000-6a2fd000 r--p 00051000 08:06 1708686    /usr/lib/jvm/java-7-openjdk-i386/jre/lib/i386/xawt/libmawt.so
6a2fd000-6a2ff000 rw-p 00052000 08:06 1708686    /usr/lib/jvm/java-7-openjdk-i386/jre/lib/i386/xawt/libmawt.so
6a2ff000-6a300000 rw-p 00000000 00:00 0 
6a300000-6a3fc000 rw-p 00000000 00:00 0 
6a3fc000-6a400000 ---p 00000000 00:00 0 
6a400000-6a401000 r--s 00000000 08:06 938727     /var/cache/fontconfig/89034621ae2a8922916bb6bfa5799546-le32d4.cache-3
6a401000-6a403000 r-xp 00000000 08:06 1705892    /usr/lib/i386-linux-gnu/libXcomposite.so.1.0.0
6a403000-6a404000 r--p 00001000 08:06 1705892    /usr/lib/i386-linux-gnu/libXcomposite.so.1.0.0
6a404000-6a405000 rw-p 00002000 08:06 1705892    /usr/lib/i386-linux-gnu/libXcomposite.so.1.0.0
6a405000-6a407000 r-xp 00000000 08:06 1705908    /usr/lib/i386-linux-gnu/libXinerama.so.1.0.0
6a407000-6a408000 r--p 00001000 08:06 1705908    /usr/lib/i386-linux-gnu/libXinerama.so.1.0.0
6a408000-6a409000 rw-p 00002000 08:06 1705908    /usr/lib/i386-linux-gnu/libXinerama.so.1.0.0
6a409000-6a40e000 r-xp 00000000 08:06 1705902    /usr/lib/i386-linux-gnu/libXfixes.so.3.1.0
6a40e000-6a40f000 r--p 00004000 08:06 1705902    /usr/lib/i386-linux-gnu/libXfixes.so.3.1.0
6a40f000-6a410000 rw-p 00005000 08:06 1705902    /usr/lib/i386-linux-gnu/libXfixes.so.3.1.0
6a410000-6a41b000 r-xp 00000000 08:06 1706551    /usr/lib/i386-linux-gnu/libpangocairo-1.0.so.0.3200.5
6a41b000-6a41c000 r--p 0000a000 08:06 1706551    /usr/lib/i386-linux-gnu/libpangocairo-1.0.so.0.3200.5
6a41c000-6a41d000 rw-p 0000b000 08:06 1706551    /usr/lib/i386-linux-gnu/libpangocairo-1.0.so.0.3200.5
6a41d000-6a4af000 r-xp 00000000 08:06 1708643    /usr/lib/jvm/java-7-openjdk-i386/jre/lib/i386/libawt.so
6a4af000-6a4b0000 r--p 00091000 08:06 1708643    /usr/lib/jvm/java-7-openjdk-i386/jre/lib/i386/libawt.so
6a4b0000-6a4b7000 rw-p 00092000 08:06 1708643    /usr/lib/jvm/java-7-openjdk-i386/jre/lib/i386/libawt.so
6a4b7000-6a4db000 rw-p 00000000 00:00 0 
6a4db000-6a4dc000 ---p 00000000 00:00 0 
6a4dc000-6a55c000 rw-p 00000000 00:00 0          [stack:16657]
6a55c000-6a55f000 ---p 00000000 00:00 0 
6a55f000-6a5ad000 rw-p 00000000 00:00 0          [stack:16656]
6a5ad000-6a5b0000 ---p 00000000 00:00 0 
6a5b0000-6a62e000 rw-p 00000000 00:00 0          [stack:16655]
6a62e000-6a631000 ---p 00000000 00:00 0 
6a631000-6a6af000 rw-p 00000000 00:00 0          [stack:16654]
6a6af000-6a6b2000 ---p 00000000 00:00 0 
6a6b2000-6a700000 rw-p 00000000 00:00 0          [stack:16653]
6a700000-6a900000 r--p 00000000 08:06 1709808    /usr/lib/locale/locale-archive
6a900000-6aa00000 rw-p 00000000 00:00 0 
6aa00000-6ab00000 rw-p 00000000 00:00 0 
6ab00000-6abf9000 rw-p 00000000 00:00 0 
6abf9000-6ac00000 ---p 00000000 00:00 0 
6ac00000-6ac01000 r--s 00000000 08:06 936119     /var/cache/fontconfig/4b14b093aebc79c320de5e86ae1d3314-le32d4.cache-3
6ac01000-6ac02000 r--s 00000000 08:06 938725     /var/cache/fontconfig/94f7fe9bd33aadfac165873bd010d595-le32d4.cache-3
6ac02000-6ac03000 r--s 00000000 08:06 938724     /var/cache/fontconfig/423767150eb258c59035de29db6fca84-le32d4.cache-3
6ac03000-6ac06000 r-xp 00000000 08:06 1706237    /usr/lib/i386-linux-gnu/libgmodule-2.0.so.0.3600.0
6ac06000-6ac07000 r--p 00002000 08:06 1706237    /usr/lib/i386-linux-gnu/libgmodule-2.0.so.0.3600.0
6ac07000-6ac08000 rw-p 00003000 08:06 1706237    /usr/lib/i386-linux-gnu/libgmodule-2.0.so.0.3600.0
6ac08000-6ac09000 r-xp 00000000 08:06 1706360    /usr/lib/i386-linux-gnu/libgthread-2.0.so.0.3600.0
6ac09000-6ac0a000 r--p 00000000 08:06 1706360    /usr/lib/i386-linux-gnu/libgthread-2.0.so.0.3600.0
6ac0a000-6ac0b000 rw-p 00001000 08:06 1706360    /usr/lib/i386-linux-gnu/libgthread-2.0.so.0.3600.0
6ac0b000-6ac2b000 r-xp 00000000 08:06 1706208    /usr/lib/i386-linux-gnu/libgdk_pixbuf-2.0.so.0.2800.0
6ac2b000-6ac2c000 ---p 00020000 08:06 1706208    /usr/lib/i386-linux-gnu/libgdk_pixbuf-2.0.so.0.2800.0
6ac2c000-6ac2d000 r--p 00020000 08:06 1706208    /usr/lib/i386-linux-gnu/libgdk_pixbuf-2.0.so.0.2800.0
6ac2d000-6ac2e000 rw-p 00021000 08:06 1706208    /usr/lib/i386-linux-gnu/libgdk_pixbuf-2.0.so.0.2800.0
6ac2e000-6ac31000 ---p 00000000 00:00 0 
6ac31000-6ac7f000 rw-p 00000000 00:00 0          [stack:16650]
6ac7f000-6ac80000 ---p 00000000 00:00 0 
6ac80000-6ad00000 rw-p 00000000 00:00 0          [stack:16648]
6ad00000-6adff000 rw-p 00000000 00:00 0 
6adff000-6ae00000 ---p 00000000 00:00 0 
6ae00000-6ae02000 r--s 00000000 08:06 936655     /var/cache/fontconfig/67709b7835c0f764c1135060c9575660-le32d4.cache-3
6ae02000-6ae10000 r-xp 00000000 08:06 1705906    /usr/lib/i386-linux-gnu/libXi.so.6.1.0
6ae10000-6ae11000 r--p 0000d000 08:06 1705906    /usr/lib/i386-linux-gnu/libXi.so.6.1.0
6ae11000-6ae12000 rw-p 0000e000 08:06 1705906    /usr/lib/i386-linux-gnu/libXi.so.6.1.0
6ae12000-6ae17000 r-xp 00000000 08:06 1705926    /usr/lib/i386-linux-gnu/libXtst.so.6.1.0
6ae17000-6ae18000 r--p 00004000 08:06 1705926    /usr/lib/i386-linux-gnu/libXtst.so.6.1.0
6ae18000-6ae19000 rw-p 00005000 08:06 1705926    /usr/lib/i386-linux-gnu/libXtst.so.6.1.0
6ae19000-6ae21000 r-xp 00000000 08:06 1705920    /usr/lib/i386-linux-gnu/libXrender.so.1.3.0
6ae21000-6ae22000 r--p 00007000 08:06 1705920    /usr/lib/i386-linux-gnu/libXrender.so.1.3.0
6ae22000-6ae23000 rw-p 00008000 08:06 1705920    /usr/lib/i386-linux-gnu/libXrender.so.1.3.0
6ae23000-6ae33000 r-xp 00000000 08:06 1705900    /usr/lib/i386-linux-gnu/libXext.so.6.4.0
6ae33000-6ae34000 r--p 0000f000 08:06 1705900    /usr/lib/i386-linux-gnu/libXext.so.6.4.0
6ae34000-6ae35000 rw-p 00010000 08:06 1705900    /usr/lib/i386-linux-gnu/libXext.so.6.4.0
6ae35000-6afe2000 r--s 01cde000 08:06 1708621    /usr/lib/jvm/java-7-openjdk-i386/jre/lib/rt.jar
6afe2000-6dd00000 rw-p 00000000 00:00 0 
6dd00000-6dde3000 rw-p 00000000 00:00 0 
6dde3000-6de00000 ---p 00000000 00:00 0 
6de00000-6de01000 r--s 00000000 08:06 938723     /var/cache/fontconfig/406a1d2d2bf3ed7664fbadefac0b2f66-le32d4.cache-3
6de01000-6de02000 r--s 00000000 08:06 936109     /var/cache/fontconfig/0c9eb80ebd1c36541ebe2852d3bb0c49-le32d4.cache-3
6de02000-6de18000 r-xp 00000000 08:06 1708664    /usr/lib/jvm/java-7-openjdk-i386/jre/lib/i386/libnet.so
6de18000-6de19000 r--p 00015000 08:06 1708664    /usr/lib/jvm/java-7-openjdk-i386/jre/lib/i386/libnet.so
6de19000-6de1a000 rw-p 00016000 08:06 1708664    /usr/lib/jvm/java-7-openjdk-i386/jre/lib/i386/libnet.so
6de1a000-6de25000 r--s 001fb000 08:06 1708529    /usr/lib/jvm/java-7-openjdk-common/jre/lib/charsets.jar
6de25000-6de2e000 r--s 000bc000 08:06 1708538    /usr/lib/jvm/java-7-openjdk-common/jre/lib/resources.jar
6de2e000-6de31000 ---p 00000000 00:00 0 
6de31000-6de7f000 rw-p 00000000 00:00 0          [stack:16649]
6de7f000-6de80000 ---p 00000000 00:00 0 
6de80000-6df00000 rw-p 00000000 00:00 0          [stack:16647]
6df00000-6df21000 rw-p 00000000 00:00 0 
6df21000-6e000000 ---p 00000000 00:00 0 
6e000000-6e021000 rw-p 00000000 00:00 0 
6e021000-6e100000 ---p 00000000 00:00 0 
6e100000-6e10b000 r--s 001fb000 08:06 1708529    /usr/lib/jvm/java-7-openjdk-common/jre/lib/charsets.jar
6e10b000-6e11e000 r--s 00179000 08:06 1724490    /home/gene/Downloads/ll/vlcj-2.4.1/vlcj-2.4.1-javadoc.jar
6e11e000-6e125000 r--s 00094000 08:06 1784822    /home/gene/netbeans-7.3.1/java/modules/ext/beansbinding-1.2.1.jar
6e125000-6e134000 r--s 00115000 08:06 1724216    /home/gene/Downloads/ll/vlcj-2.4.1/platform-3.5.2.jar
6e134000-6e137000 r--s 000a6000 08:06 1724183    /home/gene/Downloads/ll/vlcj-2.4.1/jna-3.5.2.jar
6e137000-6e17f000 rw-p 00000000 00:00 0 
6e17f000-6e180000 ---p 00000000 00:00 0 
6e180000-6e200000 rw-p 00000000 00:00 0          [stack:16646]
6e200000-6e23a000 rw-p 00000000 00:00 0 
6e23a000-6e300000 ---p 00000000 00:00 0 
6e300000-6e301000 r--s 00000000 08:06 936124     /var/cache/fontconfig/62f91419b9ebdb6975e7e41ab6412357-le32d4.cache-3
6e301000-6e302000 r--s 00000000 08:06 938994     /var/cache/fontconfig/e0aa53bcfa504e64f87823c16bc01eb6-le32d4.cache-3
6e302000-6e30c000 r--s 0004b000 08:06 1724492    /home/gene/Downloads/ll/vlcj-2.4.1/vlcj-2.4.1.jar
6e30c000-6e31b000 r--s 000d3000 08:06 1786959    /home/gene/Downloads/jaudiotagger-2.2.0-20130321.142353-1.jar
6e31b000-6e333000 r--s 001b9000 08:06 1779640    /home/gene/lab/music/playmp3/jmf.jar
6e333000-6e334000 ---p 00000000 00:00 0 
6e334000-6e3b4000 rw-p 00000000 00:00 0          [stack:16645]
6e3b4000-6e3b5000 ---p 00000000 00:00 0 
6e3b5000-6e43d000 rw-p 00000000 00:00 0          [stack:16644]
6e43d000-6e475000 rw-p 00000000 00:00 0 
6e475000-6e48a000 rw-p 00000000 00:00 0 
6e48a000-6e5b9000 rw-p 00000000 00:00 0 
6e5b9000-6e5c1000 rw-p 00000000 00:00 0 
6e5c1000-6e5f9000 rw-p 00000000 00:00 0 
6e5f9000-6e60e000 rw-p 00000000 00:00 0 
6e60e000-6e73d000 rw-p 00000000 00:00 0 
6e73d000-6e740000 rw-p 00000000 00:00 0 
6e740000-6e74b000 ---p 00000000 00:00 0 
6e74b000-6e7df000 rw-p 00000000 00:00 0 
6e7df000-6f7e0000 rw-p 00000000 00:00 0 
6f7e0000-767e0000 rw-p 00000000 00:00 0 
767e0000-79060000 rw-p 00000000 00:00 0 
79060000-9efe0000 rw-p 00000000 00:00 0 
9efe0000-9f580000 rw-p 00000000 00:00 0 
9f580000-a0bb0000 ---p 00000000 00:00 0 
a0bb0000-b33e0000 rw-p 00000000 00:00 0 
b33e0000-b33e3000 r--s 00027000 08:06 1798650    /home/gene/Downloads/rs2xml.jar
b33e3000-b33e5000 r--s 00380000 08:06 1795454    /home/gene/Downloads/sqlite-jdbc-3.7.15-M1.jar
b33e5000-b33ef000 rw-p 00000000 00:00 0 
b33ef000-b34a5000 rw-p 00000000 00:00 0 
b34a5000-b371d000 rwxp 00000000 00:00 0 
b371d000-b64a5000 rw-p 00000000 00:00 0 
b64a5000-b64b0000 r-xp 00000000 08:06 262543     /lib/i386-linux-gnu/libnss_files-2.17.so
b64b0000-b64b1000 r--p 0000a000 08:06 262543     /lib/i386-linux-gnu/libnss_files-2.17.so
b64b1000-b64b2000 rw-p 0000b000 08:06 262543     /lib/i386-linux-gnu/libnss_files-2.17.so
b64b2000-b64bc000 r-xp 00000000 08:06 262548     /lib/i386-linux-gnu/libnss_nis-2.17.so
b64bc000-b64bd000 r--p 00009000 08:06 262548     /lib/i386-linux-gnu/libnss_nis-2.17.so
b64bd000-b64be000 rw-p 0000a000 08:06 262548     /lib/i386-linux-gnu/libnss_nis-2.17.so
b64be000-b64d3000 r-xp 00000000 08:06 262537     /lib/i386-linux-gnu/libnsl-2.17.so
b64d3000-b64d4000 r--p 00014000 08:06 262537     /lib/i386-linux-gnu/libnsl-2.17.so
b64d4000-b64d5000 rw-p 00015000 08:06 262537     /lib/i386-linux-gnu/libnsl-2.17.so
b64d5000-b64d7000 rw-p 00000000 00:00 0 
b64d7000-b64fe000 r-xp 00000000 08:06 1708652    /usr/lib/jvm/java-7-openjdk-i386/jre/lib/i386/libjava.so
b64fe000-b64ff000 r--p 00026000 08:06 1708652    /usr/lib/jvm/java-7-openjdk-i386/jre/lib/i386/libjava.so
b64ff000-b6500000 rw-p 00027000 08:06 1708652    /usr/lib/jvm/java-7-openjdk-i386/jre/lib/i386/libjava.so
b6500000-b65fc000 rw-p 00000000 00:00 0 
b65fc000-b6600000 ---p 00000000 00:00 0 
b6600000-b6602000 r--s 00006000 08:06 137009     /usr/share/java/java-atk-wrapper.jar
b6602000-b6605000 r--s 0000f000 08:06 1708547    /usr/lib/jvm/java-7-openjdk-common/jre/lib/ext/pulse-java.jar
b6605000-b660c000 r-xp 00000000 08:06 262539     /lib/i386-linux-gnu/libnss_compat-2.17.so
b660c000-b660d000 r--p 00006000 08:06 262539     /lib/i386-linux-gnu/libnss_compat-2.17.so
b660d000-b660e000 rw-p 00007000 08:06 262539     /lib/i386-linux-gnu/libnss_compat-2.17.so
b660e000-b660f000 r--s 00014000 08:06 1795668    /home/gene/lab/music/playmp3/mp3plugin.jar
b660f000-b6610000 r--s 00002000 08:06 1708545    /usr/lib/jvm/java-7-openjdk-common/jre/lib/ext/dnsns.jar
b6610000-b6614000 r--s 00085000 08:06 1708546    /usr/lib/jvm/java-7-openjdk-common/jre/lib/ext/localedata.jar
b6614000-b6616000 r--s 00012000 08:06 1708550    /usr/lib/jvm/java-7-openjdk-common/jre/lib/ext/zipfs.jar
b6616000-b6619000 r--s 00032000 08:06 1708548    /usr/lib/jvm/java-7-openjdk-common/jre/lib/ext/sunjce_provider.jar
b6619000-b661c000 r--s 0003c000 08:06 1708549    /usr/lib/jvm/java-7-openjdk-common/jre/lib/ext/sunpkcs11.jar
b661c000-b661d000 r--p 005db000 08:06 1709808    /usr/lib/locale/locale-archive
b661d000-b6625000 r-xp 00000000 08:06 1708674    /usr/lib/jvm/java-7-openjdk-i386/jre/lib/i386/libzip.so
b6625000-b6626000 r--p 00007000 08:06 1708674    /usr/lib/jvm/java-7-openjdk-i386/jre/lib/i386/libzip.so
b6626000-b6627000 rw-p 00008000 08:06 1708674    /usr/lib/jvm/java-7-openjdk-i386/jre/lib/i386/libzip.so
b6627000-b662e000 r-xp 00000000 08:06 262591     /lib/i386-linux-gnu/librt-2.17.so
b662e000-b662f000 r--p 00006000 08:06 262591     /lib/i386-linux-gnu/librt-2.17.so
b662f000-b6630000 rw-p 00007000 08:06 262591     /lib/i386-linux-gnu/librt-2.17.so
b6630000-b6633000 ---p 00000000 00:00 0 
b6633000-b6681000 rw-p 00000000 00:00 0          [stack:16643]
b6681000-b669c000 r-xp 00000000 08:06 262495     /lib/i386-linux-gnu/libgcc_s.so.1
b669c000-b669d000 r--p 0001a000 08:06 262495     /lib/i386-linux-gnu/libgcc_s.so.1
b669d000-b669e000 rw-p 0001b000 08:06 262495     /lib/i386-linux-gnu/libgcc_s.so.1
b669e000-b66df000 r-xp 00000000 08:06 262518     /lib/i386-linux-gnu/libm-2.17.so
b66df000-b66e0000 r--p 00040000 08:06 262518     /lib/i386-linux-gnu/libm-2.17.so
b66e0000-b66e1000 rw-p 00041000 08:06 262518     /lib/i386-linux-gnu/libm-2.17.so
b66e1000-b67bd000 r-xp 00000000 08:06 1706691    /usr/lib/i386-linux-gnu/libstdc++.so.6.0.17
b67bd000-b67be000 ---p 000dc000 08:06 1706691    /usr/lib/i386-linux-gnu/libstdc++.so.6.0.17
b67be000-b67c2000 r--p 000dc000 08:06 1706691    /usr/lib/i386-linux-gnu/libstdc++.so.6.0.17
b67c2000-b67c3000 rw-p 000e0000 08:06 1706691    /usr/lib/i386-linux-gnu/libstdc++.so.6.0.17
b67c3000-b67ca000 rw-p 00000000 00:00 0 
b67ca000-b70bf000 r-xp 00000000 08:06 1708685    /usr/lib/jvm/java-7-openjdk-i386/jre/lib/i386/server/libjvm.so
b70bf000-b7106000 r--p 008f4000 08:06 1708685    /usr/lib/jvm/java-7-openjdk-i386/jre/lib/i386/server/libjvm.so
b7106000-b711a000 rw-p 0093b000 08:06 1708685    /usr/lib/jvm/java-7-openjdk-i386/jre/lib/i386/server/libjvm.so
b711a000-b7538000 rw-p 00000000 00:00 0 
b7538000-b754f000 r-xp 00000000 08:06 262624     /lib/i386-linux-gnu/libz.so.1.2.7
b754f000-b7550000 r--p 00016000 08:06 262624     /lib/i386-linux-gnu/libz.so.1.2.7
b7550000-b7551000 rw-p 00017000 08:06 262624     /lib/i386-linux-gnu/libz.so.1.2.7
b7551000-b7568000 r-xp 00000000 08:06 262583     /lib/i386-linux-gnu/libpthread-2.17.so
b7568000-b7569000 r--p 00016000 08:06 262583     /lib/i386-linux-gnu/libpthread-2.17.so
b7569000-b756a000 rw-p 00017000 08:06 262583     /lib/i386-linux-gnu/libpthread-2.17.so
b756a000-b756c000 rw-p 00000000 00:00 0 
b756c000-b756f000 r-xp 00000000 08:06 262485     /lib/i386-linux-gnu/libdl-2.17.so
b756f000-b7570000 r--p 00002000 08:06 262485     /lib/i386-linux-gnu/libdl-2.17.so
b7570000-b7571000 rw-p 00003000 08:06 262485     /lib/i386-linux-gnu/libdl-2.17.so
b7571000-b771e000 r-xp 00000000 08:06 262470     /lib/i386-linux-gnu/libc-2.17.so
b771e000-b7720000 r--p 001ad000 08:06 262470     /lib/i386-linux-gnu/libc-2.17.so
b7720000-b7721000 rw-p 001af000 08:06 262470     /lib/i386-linux-gnu/libc-2.17.so
b7721000-b7724000 rw-p 00000000 00:00 0 
b7724000-b772c000 rw-s 00000000 08:06 1439041    /tmp/hsperfdata_gene/16639
b772c000-b772d000 rw-p 00000000 00:00 0 
b772d000-b772e000 r--p 00000000 00:00 0 
b772e000-b773b000 r-xp 00000000 08:06 1708673    /usr/lib/jvm/java-7-openjdk-i386/jre/lib/i386/libverify.so
b773b000-b773c000 r--p 0000d000 08:06 1708673    /usr/lib/jvm/java-7-openjdk-i386/jre/lib/i386/libverify.so
b773c000-b773d000 rw-p 0000e000 08:06 1708673    /usr/lib/jvm/java-7-openjdk-i386/jre/lib/i386/libverify.so
b773d000-b774a000 r-xp 00000000 08:06 1708681    /usr/lib/jvm/java-7-openjdk-i386/jre/lib/i386/jli/libjli.so
b774a000-b774b000 r--p 0000c000 08:06 1708681    /usr/lib/jvm/java-7-openjdk-i386/jre/lib/i386/jli/libjli.so
b774b000-b774c000 rw-p 0000d000 08:06 1708681    /usr/lib/jvm/java-7-openjdk-i386/jre/lib/i386/jli/libjli.so
b774c000-b774f000 rw-p 00000000 00:00 0 
b774f000-b7750000 r-xp 00000000 00:00 0          [vdso]
b7750000-b7770000 r-xp 00000000 08:06 262446     /lib/i386-linux-gnu/ld-2.17.so
b7770000-b7771000 r--p 0001f000 08:06 262446     /lib/i386-linux-gnu/ld-2.17.so
b7771000-b7772000 rw-p 00020000 08:06 262446     /lib/i386-linux-gnu/ld-2.17.so
bfed4000-bfef5000 rw-p 00000000 00:00 0          [stack]

VM Arguments:
jvm_args: -Dfile.encoding=UTF-8 
java_command: musicplayer.Musicplayer
Launcher Type: SUN_STANDARD

Environment Variables:
PATH=/usr/local/sbin:/usr/local/bin:/usr/sbin:/usr/bin:/sbin:/bin:/usr/games:/usr/local/games
USERNAME=gene
LD_LIBRARY_PATH=/usr/lib/jvm/default-java/jre/lib/amd64:/usr/lib/jvm/default-java/jre/lib/i386:
SHELL=/bin/bash
DISPLAY=:0

Signal Handlers:
SIGSEGV: [libjvm.so+0x7598c0], sa_mask[0]=0x7ffbfeff, sa_flags=0x10000004
SIGBUS: [libjvm.so+0x7598c0], sa_mask[0]=0x7ffbfeff, sa_flags=0x10000004
SIGFPE: [libjvm.so+0x5f54f0], sa_mask[0]=0x7ffbfeff, sa_flags=0x10000004
SIGPIPE: [libjvm.so+0x5f54f0], sa_mask[0]=0x7ffbfeff, sa_flags=0x10000004
SIGXFSZ: [libjvm.so+0x5f54f0], sa_mask[0]=0x7ffbfeff, sa_flags=0x10000004
SIGILL: [libjvm.so+0x5f54f0], sa_mask[0]=0x7ffbfeff, sa_flags=0x10000004
SIGUSR1: SIG_DFL, sa_mask[0]=0x00000000, sa_flags=0x00000000
SIGUSR2: [libjvm.so+0x5f53a0], sa_mask[0]=0x00000004, sa_flags=0x10000004
SIGHUP: [libjvm.so+0x5f5930], sa_mask[0]=0x7ffbfeff, sa_flags=0x10000004
SIGINT: SIG_IGN, sa_mask[0]=0x00000000, sa_flags=0x00000000
SIGTERM: [libjvm.so+0x5f5930], sa_mask[0]=0x7ffbfeff, sa_flags=0x10000004
SIGQUIT: [libjvm.so+0x5f5930], sa_mask[0]=0x7ffbfeff, sa_flags=0x10000004


---------------  S Y S T E M  ---------------

OS:Ubuntu 13.04 (raring)
uname:Linux 3.8.0-19-generic #29-Ubuntu SMP Wed Apr 17 18:19:42 UTC 2013 i686
libc:glibc 2.17 NPTL 2.17 
rlimit: STACK 8192k, CORE 0k, NPROC 30928, NOFILE 4096, AS infinity
load average:1.01 1.02 0.88

/proc/meminfo:
MemTotal:        3975340 kB
MemFree:         1693496 kB
Buffers:          358668 kB
Cached:           981312 kB
SwapCached:            0 kB
Active:          1199840 kB
Inactive:         909104 kB
Active(anon):     770456 kB
Inactive(anon):   165196 kB
Active(file):     429384 kB
Inactive(file):   743908 kB
Unevictable:           0 kB
Mlocked:               0 kB
HighTotal:       3125056 kB
HighFree:        1357064 kB
LowTotal:         850284 kB
LowFree:          336432 kB
SwapTotal:       2047996 kB
SwapFree:        2047996 kB
Dirty:               336 kB
Writeback:             0 kB
AnonPages:        768920 kB
Mapped:           163916 kB
Shmem:            166768 kB
Slab:             138020 kB
SReclaimable:      66904 kB
SUnreclaim:        71116 kB
KernelStack:        3488 kB
PageTables:         8004 kB
NFS_Unstable:          0 kB
Bounce:                0 kB
WritebackTmp:          0 kB
CommitLimit:     4035664 kB
Committed_AS:    2729864 kB
VmallocTotal:     122880 kB
VmallocUsed:       19540 kB
VmallocChunk:     102988 kB
HardwareCorrupted:     0 kB
AnonHugePages:         0 kB
HugePages_Total:       0
HugePages_Free:        0
HugePages_Rsvd:        0
HugePages_Surp:        0
Hugepagesize:       2048 kB
DirectMap4k:       10232 kB
DirectMap2M:      903168 kB


CPU:total 4 (2 cores per cpu, 2 threads per core) family 6 model 42 stepping 7, cmov, cx8, fxsr, mmx, sse, sse2, sse3, ssse3, sse4.1, sse4.2, popcnt, avx, ht, tsc, tscinvbit

/proc/cpuinfo:
processor	: 0
vendor_id	: GenuineIntel
cpu family	: 6
model		: 42
model name	: Intel(R) Core(TM) i3-2370M CPU @ 2.40GHz
stepping	: 7
microcode	: 0x25
cpu MHz		: 2400.000
cache size	: 3072 KB
physical id	: 0
siblings	: 4
core id		: 0
cpu cores	: 2
apicid		: 0
initial apicid	: 0
fdiv_bug	: no
hlt_bug		: no
f00f_bug	: no
coma_bug	: no
fpu		: yes
fpu_exception	: yes
cpuid level	: 13
wp		: yes
flags		: fpu vme de pse tsc msr pae mce cx8 apic sep mtrr pge mca cmov pat pse36 clflush dts acpi mmx fxsr sse sse2 ss ht tm pbe nx rdtscp lm constant_tsc arch_perfmon pebs bts xtopology nonstop_tsc aperfmperf eagerfpu pni pclmulqdq dtes64 monitor ds_cpl vmx est tm2 ssse3 cx16 xtpr pdcm pcid sse4_1 sse4_2 x2apic popcnt tsc_deadline_timer xsave avx lahf_lm arat epb xsaveopt pln pts dtherm tpr_shadow vnmi flexpriority ept vpid
bogomips	: 4789.05
clflush size	: 64
cache_alignment	: 64
address sizes	: 36 bits physical, 48 bits virtual
power management:

processor	: 1
vendor_id	: GenuineIntel
cpu family	: 6
model		: 42
model name	: Intel(R) Core(TM) i3-2370M CPU @ 2.40GHz
stepping	: 7
microcode	: 0x25
cpu MHz		: 2400.000
cache size	: 3072 KB
physical id	: 0
siblings	: 4
core id		: 0
cpu cores	: 2
apicid		: 1
initial apicid	: 1
fdiv_bug	: no
hlt_bug		: no
f00f_bug	: no
coma_bug	: no
fpu		: yes
fpu_exception	: yes
cpuid level	: 13
wp		: yes
flags		: fpu vme de pse tsc msr pae mce cx8 apic sep mtrr pge mca cmov pat pse36 clflush dts acpi mmx fxsr sse sse2 ss ht tm pbe nx rdtscp lm constant_tsc arch_perfmon pebs bts xtopology nonstop_tsc aperfmperf eagerfpu pni pclmulqdq dtes64 monitor ds_cpl vmx est tm2 ssse3 cx16 xtpr pdcm pcid sse4_1 sse4_2 x2apic popcnt tsc_deadline_timer xsave avx lahf_lm arat epb xsaveopt pln pts dtherm tpr_shadow vnmi flexpriority ept vpid
bogomips	: 4789.05
clflush size	: 64
cache_alignment	: 64
address sizes	: 36 bits physical, 48 bits virtual
power management:

processor	: 2
vendor_id	: GenuineIntel
cpu family	: 6
model		: 42
model name	: Intel(R) Core(TM) i3-2370M CPU @ 2.40GHz
stepping	: 7
microcode	: 0x25
cpu MHz		: 800.000
cache size	: 3072 KB
physical id	: 0
siblings	: 4
core id		: 1
cpu cores	: 2
apicid		: 2
initial apicid	: 2
fdiv_bug	: no
hlt_bug		: no
f00f_bug	: no
coma_bug	: no
fpu		: yes
fpu_exception	: yes
cpuid level	: 13
wp		: yes
flags		: fpu vme de pse tsc msr pae mce cx8 apic sep mtrr pge mca cmov pat pse36 clflush dts acpi mmx fxsr sse sse2 ss ht tm pbe nx rdtscp lm constant_tsc arch_perfmon pebs bts xtopology nonstop_tsc aperfmperf eagerfpu pni pclmulqdq dtes64 monitor ds_cpl vmx est tm2 ssse3 cx16 xtpr pdcm pcid sse4_1 sse4_2 x2apic popcnt tsc_deadline_timer xsave avx lahf_lm arat epb xsaveopt pln pts dtherm tpr_shadow vnmi flexpriority ept vpid
bogomips	: 4789.05
clflush size	: 64
cache_alignment	: 64
address sizes	: 36 bits physical, 48 bits virtual
power management:

processor	: 3
vendor_id	: GenuineIntel
cpu family	: 6
model		: 42
model name	: Intel(R) Core(TM) i3-2370M CPU @ 2.40GHz
stepping	: 7
microcode	: 0x25
cpu MHz		: 800.000
cache size	: 3072 KB
physical id	: 0
siblings	: 4
core id		: 1
cpu cores	: 2
apicid		: 3
initial apicid	: 3
fdiv_bug	: no
hlt_bug		: no
f00f_bug	: no
coma_bug	: no
fpu		: yes
fpu_exception	: yes
cpuid level	: 13
wp		: yes
flags		: fpu vme de pse tsc msr pae mce cx8 apic sep mtrr pge mca cmov pat pse36 clflush dts acpi mmx fxsr sse sse2 ss ht tm pbe nx rdtscp lm constant_tsc arch_perfmon pebs bts xtopology nonstop_tsc aperfmperf eagerfpu pni pclmulqdq dtes64 monitor ds_cpl vmx est tm2 ssse3 cx16 xtpr pdcm pcid sse4_1 sse4_2 x2apic popcnt tsc_deadline_timer xsave avx lahf_lm arat epb xsaveopt pln pts dtherm tpr_shadow vnmi flexpriority ept vpid
bogomips	: 4789.05
clflush size	: 64
cache_alignment	: 64
address sizes	: 36 bits physical, 48 bits virtual
power management:



Memory: 4k page, physical 3975340k(1693496k free), swap 2047996k(2047996k free)

vm_info: OpenJDK Server VM (23.7-b01) for linux-x86 JRE (1.7.0_21-b02), built on Apr 22 2013 07:41:32 by "buildd" with gcc 4.7.3

time: Thu Oct 31 23:01:13 2013
elapsed time: 913 seconds

