#
# A fatal error has been detected by the Java Runtime Environment:
#
#  SIGSEGV (0xb) at pc=0xb7647f98, pid=24770, tid=1678736192
#
# JRE version: 7.0_21-b02
# Java VM: OpenJDK Server VM (23.7-b01 mixed mode linux-x86 )
# Problematic frame:
# C  [libc.so.6+0x12ef98]  _IO_file_underflow+0x68
#
# Failed to write core dump. Core dumps have been disabled. To enable core dumping, try "ulimit -c unlimited" before starting Java again
#
# If you would like to submit a bug report, please include
# instructions on how to reproduce the bug and visit:
#   https://bugs.launchpad.net/ubuntu/+source/openjdk-7/
#

---------------  T H R E A D  ---------------

Current thread is native thread

siginfo:si_signo=SIGSEGV: si_errno=0, si_code=1 (SEGV_MAPERR), si_addr=0x00000037

Registers:
EAX=0x67300000, EBX=0xb76c8000, ECX=0xffffffff, EDX=0x00001000
ESP=0x640f4ee0, EBP=0x00000002, ESI=0x6e219bc8, EDI=0x640f7b40
EIP=0xb7647f98, EFLAGS=0x00210206, CR2=0x00000037

Top of Stack: (sp=0x640f4ee0)
0x640f4ee0:   6e219bc8 67300000 00001000 b76c8000
0x640f4ef0:   6e219bc8 b76c8000 6e219bc8 b758cda9
0x640f4f00:   6e219bc8 b757f57a b76c8000 b76c8000
0x640f4f10:   6e219bc8 640f7b40 6e219bc8 b758cbdb
0x640f4f20:   6e219bc8 ffffffff 6463e649 6465d000
0x640f4f30:   b757f5d7 b76c8000 6e219bc8 b7582ebc
0x640f4f40:   6e219bc8 6465422a 00000001 6465d000
0x640f4f50:   6465d000 64554d00 6e226320 64647d8c 

Instructions: (pc=0xb7647f98)
0xb7647f78:   4c 89 46 04 29 c2 89 46 0c 89 46 08 89 46 18 89
0xb7647f88:   46 14 89 46 10 89 54 24 08 89 44 24 04 89 34 24
0xb7647f98:   ff 51 38 83 f8 00 7e 38 8b 56 40 01 46 08 83 fa
0xb7647fa8:   ff 74 05 01 d0 89 46 40 8b 46 04 0f b6 00 83 c4 

Register to memory mapping:

EAX=0x67300000 is an unknown value
EBX=0xb76c8000: <offset 0x1af000> in /lib/i386-linux-gnu/libc.so.6 at 0xb7519000
ECX=0xffffffff is an unknown value
EDX=0x00001000 is an unknown value
ESP=0x640f4ee0 is an unknown value
EBP=0x00000002 is an unknown value
ESI=0x6e219bc8 is an unknown value
EDI=0x640f7b40 is an unknown value


Stack: [0x64077000,0x640f8000],  sp=0x640f4ee0,  free space=503k
Native frames: (J=compiled Java code, j=interpreted, Vv=VM code, C=native code)
C  [libc.so.6+0x12ef98]  _IO_file_underflow+0x68


---------------  P R O C E S S  ---------------

VM state:not at safepoint (normal execution)

VM Mutex/Monitor currently owned by a thread: None

Heap
 PSYoungGen      total 14464K, used 6516K [0x9ef40000, 0xa0970000, 0xb3340000)
  eden space 13888K, 43% used [0x9ef40000,0x9f51b9c0,0x9fcd0000)
  from space 576K, 89% used [0x9fd20000,0x9fda1840,0x9fdb0000)
  to   space 6464K, 0% used [0xa0320000,0xa0320000,0xa0970000)
 ParOldGen       total 41472K, used 9639K [0x76740000, 0x78fc0000, 0x9ef40000)
  object space 41472K, 23% used [0x76740000,0x770a9d20,0x78fc0000)
 PSPermGen       total 16384K, used 14845K [0x6e740000, 0x6f740000, 0x76740000)
  object space 16384K, 90% used [0x6e740000,0x6f5bf6d8,0x6f740000)

Card table byte_map: [0x6e519000,0x6e740000] byte_map_base: 0x6e1a5600

Polling page: 0xb76d5000

Code Cache  [0xb3400000, 0xb3640000, 0xb6400000)
 total_blobs=785 nmethods=518 adapters=219 free_code_cache=47876Kb largest_free_block=48939136

Compilation events (10 events):
Event: 27.732 Thread 0x6acfe800  553             javax.swing.Timer::getLock (5 bytes)
Event: 27.733 Thread 0x6acfe800 nmethod 553 0xb354a708 code [0xb354a7e0, 0xb354a830]
Event: 27.793 Thread 0x6acfc800  554             javax.swing.SwingUtilities::findDisplayedMnemonicIndex (69 bytes)
Event: 27.796 Thread 0x6acfc800 nmethod 554 0xb3517148 code [0xb3517280, 0xb3517458]
Event: 28.295 Thread 0x6acfe800  555             uk.co.caprica.vlcj.binding.internal.libvlc_event_e::intValue (5 bytes)
Event: 28.295 Thread 0x6acfe800 nmethod 555 0xb354f408 code [0xb354f4e0, 0xb354f530]
Event: 28.302 Thread 0x6acfc800  556             java.lang.NoSuchFieldException::<init> (6 bytes)
Event: 28.302 Thread 0x6acfe800  557             java.awt.Color::getAlpha (12 bytes)
Event: 28.302 Thread 0x6acfe800 nmethod 557 0xb354c748 code [0xb354c840, 0xb354c890]
Event: 28.304 Thread 0x6acfc800 nmethod 556 0xb3516c88 code [0xb3516da0, 0xb3516ffc]

GC Heap History (10 events):
Event: 9.483 GC heap before
{Heap before GC invocations=5 (full 0):
 PSYoungGen      total 18112K, used 18111K [0x9ef40000, 0xa0370000, 0xb3340000)
  eden space 15552K, 100% used [0x9ef40000,0x9fe70000,0x9fe70000)
  from space 2560K, 99% used [0xa00f0000,0xa036fec0,0xa0370000)
  to   space 2560K, 0% used [0x9fe70000,0x9fe70000,0xa00f0000)
 ParOldGen       total 41472K, used 6046K [0x76740000, 0x78fc0000, 0x9ef40000)
  object space 41472K, 14% used [0x76740000,0x76d27bd0,0x78fc0000)
 PSPermGen       total 16384K, used 14756K [0x6e740000, 0x6f740000, 0x76740000)
  object space 16384K, 90% used [0x6e740000,0x6f5a91a0,0x6f740000)
Event: 9.490 GC heap after
Heap after GC invocations=5 (full 0):
 PSYoungGen      total 17728K, used 2558K [0x9ef40000, 0xa0970000, 0xb3340000)
  eden space 15168K, 0% used [0x9ef40000,0x9ef40000,0x9fe10000)
  from space 2560K, 99% used [0x9fe70000,0xa00efb88,0xa00f0000)
  to   space 5824K, 0% used [0xa03c0000,0xa03c0000,0xa0970000)
 ParOldGen       total 41472K, used 6940K [0x76740000, 0x78fc0000, 0x9ef40000)
  object space 41472K, 16% used [0x76740000,0x76e070d8,0x78fc0000)
 PSPermGen       total 16384K, used 14756K [0x6e740000, 0x6f740000, 0x76740000)
  object space 16384K, 90% used [0x6e740000,0x6f5a91a0,0x6f740000)
}
Event: 13.429 GC heap before
{Heap before GC invocations=6 (full 0):
 PSYoungGen      total 17728K, used 17726K [0x9ef40000, 0xa0970000, 0xb3340000)
  eden space 15168K, 100% used [0x9ef40000,0x9fe10000,0x9fe10000)
  from space 2560K, 99% used [0x9fe70000,0xa00efb88,0xa00f0000)
  to   space 5824K, 0% used [0xa03c0000,0xa03c0000,0xa0970000)
 ParOldGen       total 41472K, used 6950K [0x76740000, 0x78fc0000, 0x9ef40000)
  object space 41472K, 16% used [0x76740000,0x76e09a98,0x78fc0000)
 PSPermGen       total 16384K, used 14786K [0x6e740000, 0x6f740000, 0x76740000)
  object space 16384K, 90% used [0x6e740000,0x6f5b0858,0x6f740000)
Event: 13.436 GC heap after
Heap after GC invocations=6 (full 0):
 PSYoungGen      total 20224K, used 3067K [0x9ef40000, 0xa0900000, 0xb3340000)
  eden space 14848K, 0% used [0x9ef40000,0x9ef40000,0x9fdc0000)
  from space 5376K, 57% used [0xa03c0000,0xa06bee90,0xa0900000)
  to   space 5760K, 0% used [0x9fdc0000,0x9fdc0000,0xa0360000)
 ParOldGen       total 41472K, used 6950K [0x76740000, 0x78fc0000, 0x9ef40000)
  object space 41472K, 16% used [0x76740000,0x76e09a98,0x78fc0000)
 PSPermGen       total 16384K, used 14786K [0x6e740000, 0x6f740000, 0x76740000)
  object space 16384K, 90% used [0x6e740000,0x6f5b0858,0x6f740000)
}
Event: 19.343 GC heap before
{Heap before GC invocations=7 (full 0):
 PSYoungGen      total 20224K, used 17915K [0x9ef40000, 0xa0900000, 0xb3340000)
  eden space 14848K, 100% used [0x9ef40000,0x9fdc0000,0x9fdc0000)
  from space 5376K, 57% used [0xa03c0000,0xa06bee90,0xa0900000)
  to   space 5760K, 0% used [0x9fdc0000,0x9fdc0000,0xa0360000)
 ParOldGen       total 41472K, used 6953K [0x76740000, 0x78fc0000, 0x9ef40000)
  object space 41472K, 16% used [0x76740000,0x76e0a7b0,0x78fc0000)
 PSPermGen       total 16384K, used 14810K [0x6e740000, 0x6f740000, 0x76740000)
  object space 16384K, 90% used [0x6e740000,0x6f5b6a80,0x6f740000)
Event: 19.353 GC heap after
Heap after GC invocations=7 (full 0):
 PSYoungGen      total 20288K, used 804K [0x9ef40000, 0xa0970000, 0xb3340000)
  eden space 14528K, 0% used [0x9ef40000,0x9ef40000,0x9fd70000)
  from space 5760K, 13% used [0x9fdc0000,0x9fe89228,0xa0360000)
  to   space 6144K, 0% used [0xa0370000,0xa0370000,0xa0970000)
 ParOldGen       total 41472K, used 9291K [0x76740000, 0x78fc0000, 0x9ef40000)
  object space 41472K, 22% used [0x76740000,0x77052f88,0x78fc0000)
 PSPermGen       total 16384K, used 14810K [0x6e740000, 0x6f740000, 0x76740000)
  object space 16384K, 90% used [0x6e740000,0x6f5b6a80,0x6f740000)
}
Event: 23.801 GC heap before
{Heap before GC invocations=8 (full 0):
 PSYoungGen      total 20288K, used 15332K [0x9ef40000, 0xa0970000, 0xb3340000)
  eden space 14528K, 100% used [0x9ef40000,0x9fd70000,0x9fd70000)
  from space 5760K, 13% used [0x9fdc0000,0x9fe89228,0xa0360000)
  to   space 6144K, 0% used [0xa0370000,0xa0370000,0xa0970000)
 ParOldGen       total 41472K, used 9291K [0x76740000, 0x78fc0000, 0x9ef40000)
  object space 41472K, 22% used [0x76740000,0x77052f88,0x78fc0000)
 PSPermGen       total 16384K, used 14824K [0x6e740000, 0x6f740000, 0x76740000)
  object space 16384K, 90% used [0x6e740000,0x6f5ba3c0,0x6f740000)
Event: 23.804 GC heap after
Heap after GC invocations=8 (full 0):
 PSYoungGen      total 20352K, used 777K [0x9ef40000, 0xa0980000, 0xb3340000)
  eden space 14208K, 0% used [0x9ef40000,0x9ef40000,0x9fd20000)
  from space 6144K, 12% used [0xa0370000,0xa04326c8,0xa0970000)
  to   space 6336K, 0% used [0x9fd20000,0x9fd20000,0xa0350000)
 ParOldGen       total 41472K, used 9372K [0x76740000, 0x78fc0000, 0x9ef40000)
  object space 41472K, 22% used [0x76740000,0x77067098,0x78fc0000)
 PSPermGen       total 16384K, used 14824K [0x6e740000, 0x6f740000, 0x76740000)
  object space 16384K, 90% used [0x6e740000,0x6f5ba3c0,0x6f740000)
}
Event: 27.393 GC heap before
{Heap before GC invocations=9 (full 0):
 PSYoungGen      total 20352K, used 14985K [0x9ef40000, 0xa0980000, 0xb3340000)
  eden space 14208K, 100% used [0x9ef40000,0x9fd20000,0x9fd20000)
  from space 6144K, 12% used [0xa0370000,0xa04326c8,0xa0970000)
  to   space 6336K, 0% used [0x9fd20000,0x9fd20000,0xa0350000)
 ParOldGen       total 41472K, used 9372K [0x76740000, 0x78fc0000, 0x9ef40000)
  object space 41472K, 22% used [0x76740000,0x77067098,0x78fc0000)
 PSPermGen       total 16384K, used 14837K [0x6e740000, 0x6f740000, 0x76740000)
  object space 16384K, 90% used [0x6e740000,0x6f5bd700,0x6f740000)
Event: 27.395 GC heap after
Heap after GC invocations=9 (full 0):
 PSYoungGen      total 14464K, used 518K [0x9ef40000, 0xa0970000, 0xb3340000)
  eden space 13888K, 0% used [0x9ef40000,0x9ef40000,0x9fcd0000)
  from space 576K, 89% used [0x9fd20000,0x9fda1840,0x9fdb0000)
  to   space 6464K, 0% used [0xa0320000,0xa0320000,0xa0970000)
 ParOldGen       total 41472K, used 9639K [0x76740000, 0x78fc0000, 0x9ef40000)
  object space 41472K, 23% used [0x76740000,0x770a9d20,0x78fc0000)
 PSPermGen       total 16384K, used 14837K [0x6e740000, 0x6f740000, 0x76740000)
  object space 16384K, 90% used [0x6e740000,0x6f5bd700,0x6f740000)
}

Deoptimization events (10 events):
Event: 5.432 Thread 0x67cf2c00 Uncommon trap -83 fr.pc 0xb3472080
Event: 5.491 Thread 0x6e204800 Uncommon trap -12 fr.pc 0xb349867c
Event: 8.340 Thread 0x6e223c00 Uncommon trap -12 fr.pc 0xb35117b4
Event: 10.604 Thread 0x64554400 Uncommon trap -12 fr.pc 0xb3525b50
Event: 10.604 Thread 0x64554400 Uncommon trap -12 fr.pc 0xb351f7ac
Event: 10.605 Thread 0x64554400 Uncommon trap -12 fr.pc 0xb35229c4
Event: 10.606 Thread 0x64554400 Uncommon trap -12 fr.pc 0xb352bbb4
Event: 10.607 Thread 0x64554400 Uncommon trap -12 fr.pc 0xb3529000
Event: 10.865 Thread 0x64554400 Uncommon trap -12 fr.pc 0xb3516cb0
Event: 15.538 Thread 0x67cf2c00 Uncommon trap -83 fr.pc 0xb34f513c

Internal exceptions (10 events):
Event: 3.852 Thread 0x661fb000 Threw 0x9f698bf8 at /build/buildd/openjdk-7-7u21-2.3.9/build/openjdk/hotspot/src/share/vm/prims/jvm.cpp:1166
Event: 4.559 Thread 0x661ccc00 Threw 0x9f71d938 at /build/buildd/openjdk-7-7u21-2.3.9/build/openjdk/hotspot/src/share/vm/prims/jvm.cpp:1166
Event: 5.257 Thread 0x6acb8c00 Threw 0x9efe7bc0 at /build/buildd/openjdk-7-7u21-2.3.9/build/openjdk/hotspot/src/share/vm/prims/jvm.cpp:1166
Event: 9.544 Thread 0x64554400 Threw 0x9f0fadb0 at /build/buildd/openjdk-7-7u21-2.3.9/build/openjdk/hotspot/src/share/vm/prims/jvm.cpp:1166
Event: 10.604 Thread 0x64554400 Implicit null exception at 0xb35254e0 to 0xb3525b45
Event: 10.604 Thread 0x64554400 Implicit null exception at 0xb351f44a to 0xb351f7a1
Event: 10.605 Thread 0x64554400 Implicit null exception at 0xb352233c to 0xb35229b9
Event: 10.606 Thread 0x64554400 Implicit null exception at 0xb352b440 to 0xb352bba1
Event: 10.607 Thread 0x64554400 Implicit null exception at 0xb3528880 to 0xb3528fed
Event: 10.865 Thread 0x64554400 Implicit null exception at 0xb3516942 to 0xb3516ca5

Events (10 events):
Event: 28.312 Thread 0x6e227800 Thread added: 0x6e227800
Event: 28.313 Thread 0x6e227800 Thread exited: 0x6e227800
Event: 28.313 Thread 0x6e227800 Thread added: 0x6e227800
Event: 28.314 Thread 0x6e227800 Thread exited: 0x6e227800
Event: 28.314 Thread 0x6e227800 Thread added: 0x6e227800
Event: 28.314 Thread 0x6e227800 Thread exited: 0x6e227800
Event: 28.314 Thread 0x6e227800 Thread added: 0x6e227800
Event: 28.315 Thread 0x6e227800 Thread exited: 0x6e227800
Event: 28.315 Thread 0x6e227800 Thread added: 0x6e227800
Event: 28.315 Thread 0x6e227800 Thread exited: 0x6e227800


Dynamic libraries:
08048000-08049000 r-xp 00000000 08:06 1708580    /usr/lib/jvm/java-7-openjdk-i386/jre/bin/java
08049000-0804a000 r--p 00000000 08:06 1708580    /usr/lib/jvm/java-7-openjdk-i386/jre/bin/java
0804a000-0804b000 rw-p 00001000 08:06 1708580    /usr/lib/jvm/java-7-openjdk-i386/jre/bin/java
08e75000-08ed1000 rw-p 00000000 00:00 0          [heap]
5f092000-5f1fc000 r-xp 00000000 08:06 1706644    /usr/lib/i386-linux-gnu/libsamplerate.so.0.1.8
5f1fc000-5f1fd000 r--p 00169000 08:06 1706644    /usr/lib/i386-linux-gnu/libsamplerate.so.0.1.8
5f1fd000-5f1fe000 rw-p 0016a000 08:06 1706644    /usr/lib/i386-linux-gnu/libsamplerate.so.0.1.8
61fc5000-61fc6000 ---p 00000000 00:00 0 
61fc6000-62046000 rw-p 00000000 00:00 0          [stack:25059]
62046000-623ff000 rw-s 00000000 00:04 210206747  /SYSV00000000 (deleted)
623ff000-63000000 rw-p 00000000 00:00 0 
63000000-630ff000 rw-p 00000000 00:00 0 
630ff000-63100000 ---p 00000000 00:00 0 
6317e000-63181000 ---p 00000000 00:00 0 
63181000-631ff000 rw-p 00000000 00:00 0          [stack:25055]
631ff000-63200000 ---p 00000000 00:00 0 
63200000-63a00000 rw-p 00000000 00:00 0 
63a00000-63af3000 rw-p 00000000 00:00 0 
63af3000-63b00000 ---p 00000000 00:00 0 
63b26000-63b29000 ---p 00000000 00:00 0 
63b29000-63ba7000 rw-p 00000000 00:00 0          [stack:24839]
63ba7000-63c5e000 r-xp 00000000 08:06 1706695    /usr/lib/i386-linux-gnu/libtag.so.1.12.0
63c5e000-63c60000 r--p 000b7000 08:06 1706695    /usr/lib/i386-linux-gnu/libtag.so.1.12.0
63c60000-63c61000 rw-p 000b9000 08:06 1706695    /usr/lib/i386-linux-gnu/libtag.so.1.12.0
63c6f000-63c72000 ---p 00000000 00:00 0 
63c72000-63cf0000 rw-p 00000000 00:00 0          [stack:25044]
63cf0000-63cf3000 ---p 00000000 00:00 0 
63cf3000-63d71000 rw-p 00000000 00:00 0          [stack:25043]
63d71000-63d74000 ---p 00000000 00:00 0 
63d74000-63df2000 rw-p 00000000 00:00 0          [stack:25025]
63df2000-63df5000 ---p 00000000 00:00 0 
63df5000-63e73000 rw-p 00000000 00:00 0          [stack:24965]
63e73000-63e76000 ---p 00000000 00:00 0 
63e76000-63ef4000 rw-p 00000000 00:00 0          [stack:25037]
63ef4000-63ef7000 ---p 00000000 00:00 0 
63ef7000-63f75000 rw-p 00000000 00:00 0          [stack:24940]
63f75000-63f78000 ---p 00000000 00:00 0 
63f78000-63ff6000 rw-p 00000000 00:00 0          [stack:25038]
63ff6000-63ff9000 ---p 00000000 00:00 0 
63ff9000-64077000 rw-p 00000000 00:00 0          [stack:24910]
64077000-6407a000 ---p 00000000 00:00 0 
6407a000-640f8000 rw-p 00000000 00:00 0          [stack:25058]
640f8000-640fb000 ---p 00000000 00:00 0 
640fb000-64179000 rw-p 00000000 00:00 0          [stack:24898]
64179000-6417c000 ---p 00000000 00:00 0 
6417c000-641fa000 rw-p 00000000 00:00 0          [stack:24977]
641fa000-641fd000 ---p 00000000 00:00 0 
641fd000-6427b000 rw-p 00000000 00:00 0          [stack:24892]
6427b000-6427e000 ---p 00000000 00:00 0 
6427e000-642fc000 rw-p 00000000 00:00 0          [stack:24934]
642fc000-642ff000 ---p 00000000 00:00 0 
642ff000-6437d000 rw-p 00000000 00:00 0          [stack:24880]
6437d000-64380000 ---p 00000000 00:00 0 
64380000-643fe000 rw-p 00000000 00:00 0          [stack:24935]
643fe000-64401000 ---p 00000000 00:00 0 
64401000-6447f000 rw-p 00000000 00:00 0          [stack:24874]
6447f000-64482000 ---p 00000000 00:00 0 
64482000-64500000 rw-p 00000000 00:00 0          [stack:24922]
64500000-645b3000 rw-p 00000000 00:00 0 
645b3000-64600000 ---p 00000000 00:00 0 
64631000-6465c000 r-xp 00000000 08:06 1706469    /usr/lib/i386-linux-gnu/liblua5.1.so.0.0.0
6465c000-6465d000 r--p 0002b000 08:06 1706469    /usr/lib/i386-linux-gnu/liblua5.1.so.0.0.0
6465d000-6465e000 rw-p 0002c000 08:06 1706469    /usr/lib/i386-linux-gnu/liblua5.1.so.0.0.0
6465e000-64661000 ---p 00000000 00:00 0 
64661000-646df000 rw-p 00000000 00:00 0          [stack:24868]
646df000-646e2000 ---p 00000000 00:00 0 
646e2000-64760000 rw-p 00000000 00:00 0          [stack:24863]
64760000-64763000 ---p 00000000 00:00 0 
64763000-647e1000 rw-p 00000000 00:00 0          [stack:24862]
647e1000-647e4000 ---p 00000000 00:00 0 
647e4000-64862000 rw-p 00000000 00:00 0          [stack:24850]
6487b000-6487e000 ---p 00000000 00:00 0 
6487e000-648fc000 rw-p 00000000 00:00 0          [stack:25056]
648fc000-648ff000 ---p 00000000 00:00 0 
648ff000-6497d000 rw-p 00000000 00:00 0          [stack:25013]
6497d000-64980000 ---p 00000000 00:00 0 
64980000-649fe000 rw-p 00000000 00:00 0          [stack:25057]
649fe000-64a01000 ---p 00000000 00:00 0 
64a01000-64a7f000 rw-p 00000000 00:00 0          [stack:25001]
64a7f000-64a82000 ---p 00000000 00:00 0 
64a82000-64b00000 rw-p 00000000 00:00 0          [stack:24995]
64b00000-64b29000 rw-p 00000000 00:00 0 
64b29000-64c00000 ---p 00000000 00:00 0 
64c18000-64c1b000 ---p 00000000 00:00 0 
64c1b000-64c99000 rw-p 00000000 00:00 0          [stack:24833]
64c99000-64f78000 r-xp 00000000 08:06 1705842    /usr/lib/i386-linux-gnu/libQtCore.so.4.8.4
64f78000-64f7f000 r--p 002de000 08:06 1705842    /usr/lib/i386-linux-gnu/libQtCore.so.4.8.4
64f7f000-64f80000 rw-p 002e5000 08:06 1705842    /usr/lib/i386-linux-gnu/libQtCore.so.4.8.4
64f80000-64f81000 rw-p 00000000 00:00 0 
64f81000-65a29000 r-xp 00000000 08:06 1705851    /usr/lib/i386-linux-gnu/libQtGui.so.4.8.4
65a29000-65a4b000 r--p 00aa7000 08:06 1705851    /usr/lib/i386-linux-gnu/libQtGui.so.4.8.4
65a4b000-65a4f000 rw-p 00ac9000 08:06 1705851    /usr/lib/i386-linux-gnu/libQtGui.so.4.8.4
65a4f000-65a52000 rw-p 00000000 00:00 0 
65a52000-65c67000 r-xp 00000000 08:06 407152     /usr/lib/vlc/plugins/gui/libqt4_plugin.so
65c67000-65c68000 ---p 00215000 08:06 407152     /usr/lib/vlc/plugins/gui/libqt4_plugin.so
65c68000-65c74000 r--p 00215000 08:06 407152     /usr/lib/vlc/plugins/gui/libqt4_plugin.so
65c74000-65c76000 rw-p 00221000 08:06 407152     /usr/lib/vlc/plugins/gui/libqt4_plugin.so
65c76000-65c77000 rw-p 00000000 00:00 0 
65c77000-65c7d000 r-xp 00000000 08:06 1706531    /usr/lib/i386-linux-gnu/libogg.so.0.8.0
65c7d000-65c7e000 r--p 00005000 08:06 1706531    /usr/lib/i386-linux-gnu/libogg.so.0.8.0
65c7e000-65c7f000 rw-p 00006000 08:06 1706531    /usr/lib/i386-linux-gnu/libogg.so.0.8.0
65c7f000-65ca8000 r-xp 00000000 08:06 1706753    /usr/lib/i386-linux-gnu/libvorbis.so.0.4.5
65ca8000-65ca9000 ---p 00029000 08:06 1706753    /usr/lib/i386-linux-gnu/libvorbis.so.0.4.5
65ca9000-65caa000 r--p 00029000 08:06 1706753    /usr/lib/i386-linux-gnu/libvorbis.so.0.4.5
65caa000-65cab000 rw-p 0002a000 08:06 1706753    /usr/lib/i386-linux-gnu/libvorbis.so.0.4.5
65cab000-65e11000 r-xp 00000000 08:06 1706755    /usr/lib/i386-linux-gnu/libvorbisenc.so.2.0.8
65e11000-65e22000 r--p 00165000 08:06 1706755    /usr/lib/i386-linux-gnu/libvorbisenc.so.2.0.8
65e22000-65e23000 rw-p 00176000 08:06 1706755    /usr/lib/i386-linux-gnu/libvorbisenc.so.2.0.8
65e23000-65e71000 r-xp 00000000 08:06 1705817    /usr/lib/i386-linux-gnu/libFLAC.so.8.2.0
65e71000-65e72000 r--p 0004e000 08:06 1705817    /usr/lib/i386-linux-gnu/libFLAC.so.8.2.0
65e72000-65e73000 rw-p 0004f000 08:06 1705817    /usr/lib/i386-linux-gnu/libFLAC.so.8.2.0
65e73000-65ee0000 r-xp 00000000 08:06 1706669    /usr/lib/i386-linux-gnu/libsndfile.so.1.0.25
65ee0000-65ee2000 r--p 0006c000 08:06 1706669    /usr/lib/i386-linux-gnu/libsndfile.so.1.0.25
65ee2000-65ee3000 rw-p 0006e000 08:06 1706669    /usr/lib/i386-linux-gnu/libsndfile.so.1.0.25
65ee3000-65ee7000 rw-p 00000000 00:00 0 
65f0c000-65f0f000 ---p 00000000 00:00 0 
65f0f000-65f8d000 rw-p 00000000 00:00 0          [stack:24832]
65f8d000-65f8e000 ---p 00000000 00:00 0 
65f8e000-6600e000 rw-p 00000000 00:00 0          [stack:24806]
6600e000-660fb000 r-xp 00000000 08:06 1771845    /usr/lib/i386-linux-gnu/libasound.so.2.0.0
660fb000-660ff000 r--p 000ec000 08:06 1771845    /usr/lib/i386-linux-gnu/libasound.so.2.0.0
660ff000-66100000 rw-p 000f0000 08:06 1771845    /usr/lib/i386-linux-gnu/libasound.so.2.0.0
66100000-661fc000 rw-p 00000000 00:00 0 
661fc000-66200000 ---p 00000000 00:00 0 
66205000-662fa000 r-xp 00000000 08:06 1720541    /usr/lib/libvlccore.so.5.1.1
662fa000-662ff000 r--p 000f5000 08:06 1720541    /usr/lib/libvlccore.so.5.1.1
662ff000-66300000 rw-p 000fa000 08:06 1720541    /usr/lib/libvlccore.so.5.1.1
66301000-66309000 r-xp 00000000 08:06 262621     /lib/i386-linux-gnu/libwrap.so.0.7.6
66309000-6630a000 r--p 00007000 08:06 262621     /lib/i386-linux-gnu/libwrap.so.0.7.6
6630a000-6630b000 rw-p 00008000 08:06 262621     /lib/i386-linux-gnu/libwrap.so.0.7.6
6632a000-66332000 r-xp 00000000 08:06 262510     /lib/i386-linux-gnu/libjson.so.0.1.0
66332000-66333000 r--p 00007000 08:06 262510     /lib/i386-linux-gnu/libjson.so.0.1.0
66333000-66334000 rw-p 00008000 08:06 262510     /lib/i386-linux-gnu/libjson.so.0.1.0
66334000-6639d000 r-xp 00000000 08:06 1708139    /usr/lib/i386-linux-gnu/pulseaudio/libpulsecommon-3.0.so
6639d000-6639e000 r--p 00068000 08:06 1708139    /usr/lib/i386-linux-gnu/pulseaudio/libpulsecommon-3.0.so
6639e000-6639f000 rw-p 00069000 08:06 1708139    /usr/lib/i386-linux-gnu/pulseaudio/libpulsecommon-3.0.so
6639f000-663eb000 r-xp 00000000 08:06 1706602    /usr/lib/i386-linux-gnu/libpulse.so.0.15.3
663eb000-663ec000 ---p 0004c000 08:06 1706602    /usr/lib/i386-linux-gnu/libpulse.so.0.15.3
663ec000-663ed000 r--p 0004c000 08:06 1706602    /usr/lib/i386-linux-gnu/libpulse.so.0.15.3
663ed000-663ee000 rw-p 0004d000 08:06 1706602    /usr/lib/i386-linux-gnu/libpulse.so.0.15.3
6640d000-66410000 ---p 00000000 00:00 0 
66410000-6645e000 rw-p 00000000 00:00 0          [stack:24807]
6645e000-664b6000 r-xp 00000000 08:06 1722219    /usr/lib/i386-linux-gnu/libXt.so.6.0.0
664b6000-664b7000 r--p 00058000 08:06 1722219    /usr/lib/i386-linux-gnu/libXt.so.6.0.0
664b7000-664ba000 rw-p 00059000 08:06 1722219    /usr/lib/i386-linux-gnu/libXt.so.6.0.0
664ba000-664d0000 r-xp 00000000 08:06 1705827    /usr/lib/i386-linux-gnu/libICE.so.6.3.0
664d0000-664d1000 r--p 00015000 08:06 1705827    /usr/lib/i386-linux-gnu/libICE.so.6.3.0
664d1000-664d2000 rw-p 00016000 08:06 1705827    /usr/lib/i386-linux-gnu/libICE.so.6.3.0
664d2000-664d4000 rw-p 00000000 00:00 0 
664d4000-664eb000 r-xp 00000000 08:06 1705975    /usr/lib/i386-linux-gnu/libaudio.so.2.4
664eb000-664ec000 r--p 00016000 08:06 1705975    /usr/lib/i386-linux-gnu/libaudio.so.2.4
664ec000-664ed000 rw-p 00017000 08:06 1705975    /usr/lib/i386-linux-gnu/libaudio.so.2.4
664ed000-664fe000 r-xp 00000000 08:06 262615     /lib/i386-linux-gnu/libusb-1.0.so.0.1.0
664fe000-664ff000 r--p 00010000 08:06 262615     /lib/i386-linux-gnu/libusb-1.0.so.0.1.0
664ff000-66500000 rw-p 00011000 08:06 262615     /lib/i386-linux-gnu/libusb-1.0.so.0.1.0
66500000-66600000 rw-p 00000000 00:00 0 
66602000-66607000 r-xp 00000000 08:06 1705965    /usr/lib/i386-linux-gnu/libasyncns.so.0.3.1
66607000-66608000 r--p 00004000 08:06 1705965    /usr/lib/i386-linux-gnu/libasyncns.so.0.3.1
66608000-66609000 rw-p 00005000 08:06 1705965    /usr/lib/i386-linux-gnu/libasyncns.so.0.3.1
66610000-66653000 r-xp 00000000 08:06 1706494    /usr/lib/i386-linux-gnu/libmtp.so.9.0.5
66653000-66656000 r--p 00043000 08:06 1706494    /usr/lib/i386-linux-gnu/libmtp.so.9.0.5
66656000-6665d000 rw-p 00046000 08:06 1706494    /usr/lib/i386-linux-gnu/libmtp.so.9.0.5
6665d000-666e3000 r-xp 00000000 08:06 1720486    /usr/lib/i386-linux-gnu/libdirac_encoder.so.0.1.0
666e3000-666e5000 r--p 00085000 08:06 1720486    /usr/lib/i386-linux-gnu/libdirac_encoder.so.0.1.0
666e5000-666e6000 rw-p 00087000 08:06 1720486    /usr/lib/i386-linux-gnu/libdirac_encoder.so.0.1.0
666e6000-666e7000 rw-p 00000000 00:00 0 
666e9000-666eb000 r-xp 00000000 08:06 280658     /usr/lib/vlc/plugins/misc/libinhibit_plugin.so
666eb000-666ec000 r--p 00001000 08:06 280658     /usr/lib/vlc/plugins/misc/libinhibit_plugin.so
666ec000-666ed000 rw-p 00002000 08:06 280658     /usr/lib/vlc/plugins/misc/libinhibit_plugin.so
666ed000-666f3000 r-xp 00000000 08:06 405627     /usr/lib/vlc/plugins/control/libhotkeys_plugin.so
666f3000-666f4000 r--p 00005000 08:06 405627     /usr/lib/vlc/plugins/control/libhotkeys_plugin.so
666f4000-666f5000 rw-p 00006000 08:06 405627     /usr/lib/vlc/plugins/control/libhotkeys_plugin.so
666f5000-666f7000 r-xp 00000000 08:06 405485     /usr/lib/vlc/plugins/mmxext/libmemcpymmxext_plugin.so
666f7000-666f8000 r--p 00001000 08:06 405485     /usr/lib/vlc/plugins/mmxext/libmemcpymmxext_plugin.so
666f8000-666f9000 rw-p 00002000 08:06 405485     /usr/lib/vlc/plugins/mmxext/libmemcpymmxext_plugin.so
666f9000-666fe000 r-xp 00000000 08:06 405519     /usr/lib/vlc/plugins/audio_output/libalsa_plugin.so
666fe000-666ff000 r--p 00004000 08:06 405519     /usr/lib/vlc/plugins/audio_output/libalsa_plugin.so
666ff000-66700000 rw-p 00005000 08:06 405519     /usr/lib/vlc/plugins/audio_output/libalsa_plugin.so
66700000-667ec000 rw-p 00000000 00:00 0 
667ec000-66800000 ---p 00000000 00:00 0 
66800000-668fd000 rw-p 00000000 00:00 0 
668fd000-66900000 ---p 00000000 00:00 0 
66900000-669fd000 rw-p 00000000 00:00 0 
669fd000-66a00000 ---p 00000000 00:00 0 
66a03000-66a07000 r-xp 00000000 08:06 262619     /lib/i386-linux-gnu/libuuid.so.1.3.0
66a07000-66a08000 r--p 00003000 08:06 262619     /lib/i386-linux-gnu/libuuid.so.1.3.0
66a08000-66a09000 rw-p 00004000 08:06 262619     /lib/i386-linux-gnu/libuuid.so.1.3.0
66a09000-66a10000 r-xp 00000000 08:06 1705877    /usr/lib/i386-linux-gnu/libSM.so.6.0.1
66a10000-66a11000 r--p 00006000 08:06 1705877    /usr/lib/i386-linux-gnu/libSM.so.6.0.1
66a11000-66a12000 rw-p 00007000 08:06 1705877    /usr/lib/i386-linux-gnu/libSM.so.6.0.1
66a12000-66a2c000 r-xp 00000000 08:06 1720543    /usr/lib/libvlc.so.5.3.2
66a2c000-66a2d000 r--p 00019000 08:06 1720543    /usr/lib/libvlc.so.5.3.2
66a2d000-66a2e000 rw-p 0001a000 08:06 1720543    /usr/lib/libvlc.so.5.3.2
66a2e000-66a42000 r-xp 00000000 08:06 1439245    /tmp/jna-gene/jna3495976864987142760.tmp (deleted)
66a42000-66a43000 rw-p 00014000 08:06 1439245    /tmp/jna-gene/jna3495976864987142760.tmp (deleted)
66a43000-66a46000 ---p 00000000 00:00 0 
66a46000-66a94000 rw-p 00000000 00:00 0          [stack:24851]
66aa3000-66acd000 r-xp 00000000 08:06 405608     /usr/lib/vlc/plugins/lua/liblua_plugin.so
66acd000-66ace000 r--p 0002a000 08:06 405608     /usr/lib/vlc/plugins/lua/liblua_plugin.so
66ace000-66acf000 rw-p 0002b000 08:06 405608     /usr/lib/vlc/plugins/lua/liblua_plugin.so
66acf000-66ae5000 r-xp 00000000 08:06 1720189    /usr/lib/i386-linux-gnu/libmad.so.0.2.1
66ae5000-66ae6000 r--p 00015000 08:06 1720189    /usr/lib/i386-linux-gnu/libmad.so.0.2.1
66ae6000-66ae7000 rw-p 00016000 08:06 1720189    /usr/lib/i386-linux-gnu/libmad.so.0.2.1
66b00000-66bfb000 rw-p 00000000 00:00 0 
66bfb000-66c00000 ---p 00000000 00:00 0 
66c00000-66ce5000 rw-p 00000000 00:00 0 
66ce5000-66d00000 ---p 00000000 00:00 0 
66d02000-66d03000 rwxp 00000000 00:00 0 
66d0b000-66d30000 r-xp 00000000 08:06 1703665    /usr/lib/libdca.so.0.0.0
66d30000-66d31000 r--p 00024000 08:06 1703665    /usr/lib/libdca.so.0.0.0
66d31000-66d32000 rw-p 00025000 08:06 1703665    /usr/lib/libdca.so.0.0.0
66d32000-66d34000 r-xp 00000000 08:06 405491     /usr/lib/vlc/plugins/audio_filter/libsamplerate_plugin.so
66d34000-66d35000 r--p 00001000 08:06 405491     /usr/lib/vlc/plugins/audio_filter/libsamplerate_plugin.so
66d35000-66d36000 rw-p 00002000 08:06 405491     /usr/lib/vlc/plugins/audio_filter/libsamplerate_plugin.so
66d36000-66d38000 r-xp 00000000 08:06 405501     /usr/lib/vlc/plugins/audio_filter/libmpgatofixed32_plugin.so
66d38000-66d39000 r--p 00001000 08:06 405501     /usr/lib/vlc/plugins/audio_filter/libmpgatofixed32_plugin.so
66d39000-66d3a000 rw-p 00002000 08:06 405501     /usr/lib/vlc/plugins/audio_filter/libmpgatofixed32_plugin.so
66d3a000-66d44000 r-xp 00000000 08:06 1720240    /usr/lib/liba52-0.7.4.so
66d44000-66d45000 r--p 00009000 08:06 1720240    /usr/lib/liba52-0.7.4.so
66d45000-66d46000 rw-p 0000a000 08:06 1720240    /usr/lib/liba52-0.7.4.so
66d46000-66d47000 rw-p 00000000 00:00 0 
66d47000-66d49000 r-xp 00000000 08:06 405496     /usr/lib/vlc/plugins/audio_filter/liba52tofloat32_plugin.so
66d49000-66d4a000 r--p 00001000 08:06 405496     /usr/lib/vlc/plugins/audio_filter/liba52tofloat32_plugin.so
66d4a000-66d4b000 rw-p 00002000 08:06 405496     /usr/lib/vlc/plugins/audio_filter/liba52tofloat32_plugin.so
66d4b000-66d87000 r-xp 00000000 08:06 1706135    /usr/lib/i386-linux-gnu/libfaad.so.2.0.0
66d87000-66d88000 ---p 0003c000 08:06 1706135    /usr/lib/i386-linux-gnu/libfaad.so.2.0.0
66d88000-66d89000 r--p 0003c000 08:06 1706135    /usr/lib/i386-linux-gnu/libfaad.so.2.0.0
66d89000-66d8c000 rw-p 0003d000 08:06 1706135    /usr/lib/i386-linux-gnu/libfaad.so.2.0.0
66d8c000-66dc9000 r-xp 00000000 08:06 1706535    /usr/lib/i386-linux-gnu/libopus.so.0.2.0
66dc9000-66dca000 r--p 0003c000 08:06 1706535    /usr/lib/i386-linux-gnu/libopus.so.0.2.0
66dca000-66dcb000 rw-p 0003d000 08:06 1706535    /usr/lib/i386-linux-gnu/libopus.so.0.2.0
66dcc000-66dce000 r-xp 00000000 08:06 405511     /usr/lib/vlc/plugins/audio_filter/libdtstofloat32_plugin.so
66dce000-66dcf000 r--p 00001000 08:06 405511     /usr/lib/vlc/plugins/audio_filter/libdtstofloat32_plugin.so
66dcf000-66dd0000 rw-p 00002000 08:06 405511     /usr/lib/vlc/plugins/audio_filter/libdtstofloat32_plugin.so
66dd0000-66dd3000 r-xp 00000000 08:06 405510     /usr/lib/vlc/plugins/audio_filter/libscaletempo_plugin.so
66dd3000-66dd4000 r--p 00002000 08:06 405510     /usr/lib/vlc/plugins/audio_filter/libscaletempo_plugin.so
66dd4000-66dd5000 rw-p 00003000 08:06 405510     /usr/lib/vlc/plugins/audio_filter/libscaletempo_plugin.so
66dd5000-66de2000 r-xp 00000000 08:06 405488     /usr/lib/vlc/plugins/meta_engine/libtaglib_plugin.so
66de2000-66de3000 r--p 0000c000 08:06 405488     /usr/lib/vlc/plugins/meta_engine/libtaglib_plugin.so
66de3000-66de4000 rw-p 0000d000 08:06 405488     /usr/lib/vlc/plugins/meta_engine/libtaglib_plugin.so
66de4000-66e72000 r-xp 00000000 08:06 1706537    /usr/lib/i386-linux-gnu/liborc-0.4.so.0.17.0
66e72000-66e73000 r--p 0008e000 08:06 1706537    /usr/lib/i386-linux-gnu/liborc-0.4.so.0.17.0
66e73000-66e77000 rw-p 0008f000 08:06 1706537    /usr/lib/i386-linux-gnu/liborc-0.4.so.0.17.0
66e77000-66f44000 r-xp 00000000 08:06 1706653    /usr/lib/i386-linux-gnu/libschroedinger-1.0.so.0.11.0
66f44000-66f46000 r--p 000cc000 08:06 1706653    /usr/lib/i386-linux-gnu/libschroedinger-1.0.so.0.11.0
66f46000-66f47000 rw-p 000ce000 08:06 1706653    /usr/lib/i386-linux-gnu/libschroedinger-1.0.so.0.11.0
66f49000-66f4a000 r-xp 00000000 08:06 405592     /usr/lib/vlc/plugins/audio_mixer/libfloat32_mixer_plugin.so
66f4a000-66f4b000 r--p 00000000 08:06 405592     /usr/lib/vlc/plugins/audio_mixer/libfloat32_mixer_plugin.so
66f4b000-66f4c000 rw-p 00001000 08:06 405592     /usr/lib/vlc/plugins/audio_mixer/libfloat32_mixer_plugin.so
66f4c000-66f53000 r-xp 00000000 08:06 407155     /usr/lib/vlc/plugins/audio_output/libpulse_plugin.so
66f53000-66f54000 r--p 00006000 08:06 407155     /usr/lib/vlc/plugins/audio_output/libpulse_plugin.so
66f54000-66f55000 rw-p 00007000 08:06 407155     /usr/lib/vlc/plugins/audio_output/libpulse_plugin.so
66f55000-66f58000 r-xp 00000000 08:06 405456     /usr/lib/vlc/plugins/codec/libfaad_plugin.so
66f58000-66f59000 r--p 00002000 08:06 405456     /usr/lib/vlc/plugins/codec/libfaad_plugin.so
66f59000-66f5a000 rw-p 00003000 08:06 405456     /usr/lib/vlc/plugins/codec/libfaad_plugin.so
66f5a000-66f5e000 r-xp 00000000 08:06 405477     /usr/lib/vlc/plugins/codec/libopus_plugin.so
66f5e000-66f5f000 r--p 00003000 08:06 405477     /usr/lib/vlc/plugins/codec/libopus_plugin.so
66f5f000-66f60000 rw-p 00004000 08:06 405477     /usr/lib/vlc/plugins/codec/libopus_plugin.so
66f60000-66f69000 r-xp 00000000 08:06 405450     /usr/lib/vlc/plugins/codec/libschroedinger_plugin.so
66f69000-66f6a000 r--p 00008000 08:06 405450     /usr/lib/vlc/plugins/codec/libschroedinger_plugin.so
66f6a000-66f6b000 rw-p 00009000 08:06 405450     /usr/lib/vlc/plugins/codec/libschroedinger_plugin.so
66f6b000-66f6e000 r-xp 00000000 08:06 405482     /usr/lib/vlc/plugins/codec/libcdg_plugin.so
66f6e000-66f6f000 r--p 00002000 08:06 405482     /usr/lib/vlc/plugins/codec/libcdg_plugin.so
66f6f000-66f70000 rw-p 00003000 08:06 405482     /usr/lib/vlc/plugins/codec/libcdg_plugin.so
66f70000-66f72000 r-xp 00000000 08:06 405481     /usr/lib/vlc/plugins/codec/libpng_plugin.so
66f72000-66f73000 r--p 00001000 08:06 405481     /usr/lib/vlc/plugins/codec/libpng_plugin.so
66f73000-66f74000 rw-p 00002000 08:06 405481     /usr/lib/vlc/plugins/codec/libpng_plugin.so
66f74000-66f77000 r-xp 00000000 08:06 405449     /usr/lib/vlc/plugins/codec/libmpeg_audio_plugin.so
66f77000-66f78000 r--p 00002000 08:06 405449     /usr/lib/vlc/plugins/codec/libmpeg_audio_plugin.so
66f78000-66f79000 rw-p 00003000 08:06 405449     /usr/lib/vlc/plugins/codec/libmpeg_audio_plugin.so
66f79000-66f7c000 r-xp 00000000 08:06 405473     /usr/lib/vlc/plugins/codec/libsvcdsub_plugin.so
66f7c000-66f7d000 r--p 00002000 08:06 405473     /usr/lib/vlc/plugins/codec/libsvcdsub_plugin.so
66f7d000-66f7e000 rw-p 00003000 08:06 405473     /usr/lib/vlc/plugins/codec/libsvcdsub_plugin.so
66f7e000-66f81000 r-xp 00000000 08:06 405455     /usr/lib/vlc/plugins/codec/libcvdsub_plugin.so
66f81000-66f82000 r--p 00002000 08:06 405455     /usr/lib/vlc/plugins/codec/libcvdsub_plugin.so
66f82000-66f83000 rw-p 00003000 08:06 405455     /usr/lib/vlc/plugins/codec/libcvdsub_plugin.so
66f83000-66f86000 r-xp 00000000 08:06 405458     /usr/lib/vlc/plugins/codec/libspudec_plugin.so
66f86000-66f87000 r--p 00003000 08:06 405458     /usr/lib/vlc/plugins/codec/libspudec_plugin.so
66f87000-66f88000 rw-p 00004000 08:06 405458     /usr/lib/vlc/plugins/codec/libspudec_plugin.so
66f88000-66f8c000 r-xp 00000000 08:06 405634     /usr/lib/vlc/plugins/packetizer/libpacketizer_flac_plugin.so
66f8c000-66f8d000 r--p 00003000 08:06 405634     /usr/lib/vlc/plugins/packetizer/libpacketizer_flac_plugin.so
66f8d000-66f8e000 rw-p 00004000 08:06 405634     /usr/lib/vlc/plugins/packetizer/libpacketizer_flac_plugin.so
66f8e000-66f93000 r-xp 00000000 08:06 405638     /usr/lib/vlc/plugins/packetizer/libpacketizer_mpegvideo_plugin.so
66f93000-66f94000 r--p 00004000 08:06 405638     /usr/lib/vlc/plugins/packetizer/libpacketizer_mpegvideo_plugin.so
66f94000-66f95000 rw-p 00005000 08:06 405638     /usr/lib/vlc/plugins/packetizer/libpacketizer_mpegvideo_plugin.so
66f95000-66fa4000 r-xp 00000000 08:06 405635     /usr/lib/vlc/plugins/packetizer/libpacketizer_h264_plugin.so
66fa4000-66fa5000 r--p 0000e000 08:06 405635     /usr/lib/vlc/plugins/packetizer/libpacketizer_h264_plugin.so
66fa5000-66fa6000 rw-p 0000f000 08:06 405635     /usr/lib/vlc/plugins/packetizer/libpacketizer_h264_plugin.so
66fa6000-66faa000 r-xp 00000000 08:06 405636     /usr/lib/vlc/plugins/packetizer/libpacketizer_mlp_plugin.so
66faa000-66fab000 r--p 00003000 08:06 405636     /usr/lib/vlc/plugins/packetizer/libpacketizer_mlp_plugin.so
66fab000-66fac000 rw-p 00004000 08:06 405636     /usr/lib/vlc/plugins/packetizer/libpacketizer_mlp_plugin.so
66fac000-66fc7000 r-xp 00000000 08:06 1706713    /usr/lib/i386-linux-gnu/libtheoradec.so.1.1.4
66fc7000-66fc8000 r--p 0001a000 08:06 1706713    /usr/lib/i386-linux-gnu/libtheoradec.so.1.1.4
66fc8000-66fc9000 rw-p 0001b000 08:06 1706713    /usr/lib/i386-linux-gnu/libtheoradec.so.1.1.4
66fc9000-6700e000 r-xp 00000000 08:06 1706715    /usr/lib/i386-linux-gnu/libtheoraenc.so.1.1.2
6700e000-6700f000 r--p 00044000 08:06 1706715    /usr/lib/i386-linux-gnu/libtheoraenc.so.1.1.2
6700f000-67010000 rw-p 00045000 08:06 1706715    /usr/lib/i386-linux-gnu/libtheoraenc.so.1.1.2
67010000-67015000 r-xp 00000000 08:06 405637     /usr/lib/vlc/plugins/packetizer/libpacketizer_mpeg4video_plugin.so
67015000-67016000 r--p 00004000 08:06 405637     /usr/lib/vlc/plugins/packetizer/libpacketizer_mpeg4video_plugin.so
67016000-67017000 rw-p 00005000 08:06 405637     /usr/lib/vlc/plugins/packetizer/libpacketizer_mpeg4video_plugin.so
67017000-6701d000 r-xp 00000000 08:06 405640     /usr/lib/vlc/plugins/packetizer/libpacketizer_mpeg4audio_plugin.so
6701d000-6701e000 r--p 00005000 08:06 405640     /usr/lib/vlc/plugins/packetizer/libpacketizer_mpeg4audio_plugin.so
6701e000-6701f000 rw-p 00006000 08:06 405640     /usr/lib/vlc/plugins/packetizer/libpacketizer_mpeg4audio_plugin.so
6701f000-67027000 r-xp 00000000 08:06 405633     /usr/lib/vlc/plugins/packetizer/libpacketizer_vc1_plugin.so
67027000-67028000 r--p 00007000 08:06 405633     /usr/lib/vlc/plugins/packetizer/libpacketizer_vc1_plugin.so
67028000-67029000 rw-p 00008000 08:06 405633     /usr/lib/vlc/plugins/packetizer/libpacketizer_vc1_plugin.so
67029000-67048000 r-xp 00000000 08:06 1708460    /usr/lib/i386-linux-gnu/sse2/libspeex.so.1.5.0
67048000-67049000 r--p 0001e000 08:06 1708460    /usr/lib/i386-linux-gnu/sse2/libspeex.so.1.5.0
67049000-6704a000 rw-p 0001f000 08:06 1708460    /usr/lib/i386-linux-gnu/sse2/libspeex.so.1.5.0
6704c000-67051000 r-xp 00000000 08:06 405641     /usr/lib/vlc/plugins/packetizer/libpacketizer_dirac_plugin.so
67051000-67052000 r--p 00005000 08:06 405641     /usr/lib/vlc/plugins/packetizer/libpacketizer_dirac_plugin.so
67052000-67053000 rw-p 00006000 08:06 405641     /usr/lib/vlc/plugins/packetizer/libpacketizer_dirac_plugin.so
67053000-67059000 r-xp 00000000 08:06 405451     /usr/lib/vlc/plugins/codec/libtheora_plugin.so
67059000-6705a000 r--p 00005000 08:06 405451     /usr/lib/vlc/plugins/codec/libtheora_plugin.so
6705a000-6705b000 rw-p 00006000 08:06 405451     /usr/lib/vlc/plugins/codec/libtheora_plugin.so
6705b000-67061000 r-xp 00000000 08:06 405479     /usr/lib/vlc/plugins/codec/libvorbis_plugin.so
67061000-67062000 r--p 00005000 08:06 405479     /usr/lib/vlc/plugins/codec/libvorbis_plugin.so
67062000-67063000 rw-p 00006000 08:06 405479     /usr/lib/vlc/plugins/codec/libvorbis_plugin.so
67063000-67069000 r-xp 00000000 08:06 405478     /usr/lib/vlc/plugins/codec/libspeex_plugin.so
67069000-6706a000 r--p 00005000 08:06 405478     /usr/lib/vlc/plugins/codec/libspeex_plugin.so
6706a000-6706b000 rw-p 00006000 08:06 405478     /usr/lib/vlc/plugins/codec/libspeex_plugin.so
6706b000-6706d000 r-xp 00000000 08:06 405483     /usr/lib/vlc/plugins/codec/libaes3_plugin.so
6706d000-6706e000 r--p 00001000 08:06 405483     /usr/lib/vlc/plugins/codec/libaes3_plugin.so
6706e000-6706f000 rw-p 00002000 08:06 405483     /usr/lib/vlc/plugins/codec/libaes3_plugin.so
6706f000-67071000 r-xp 00000000 08:06 405480     /usr/lib/vlc/plugins/codec/librawvideo_plugin.so
67071000-67072000 r--p 00001000 08:06 405480     /usr/lib/vlc/plugins/codec/librawvideo_plugin.so
67072000-67073000 rw-p 00002000 08:06 405480     /usr/lib/vlc/plugins/codec/librawvideo_plugin.so
67073000-67077000 r-xp 00000000 08:06 405462     /usr/lib/vlc/plugins/codec/liblpcm_plugin.so
67077000-67078000 r--p 00003000 08:06 405462     /usr/lib/vlc/plugins/codec/liblpcm_plugin.so
67078000-67079000 rw-p 00004000 08:06 405462     /usr/lib/vlc/plugins/codec/liblpcm_plugin.so
67079000-6707e000 r-xp 00000000 08:06 280640     /usr/lib/vlc/plugins/demux/libes_plugin.so
6707e000-6707f000 r--p 00004000 08:06 280640     /usr/lib/vlc/plugins/demux/libes_plugin.so
6707f000-67080000 rw-p 00005000 08:06 280640     /usr/lib/vlc/plugins/demux/libes_plugin.so
67080000-67084000 r-xp 00000000 08:06 280647     /usr/lib/vlc/plugins/demux/libflacsys_plugin.so
67084000-67085000 r--p 00004000 08:06 280647     /usr/lib/vlc/plugins/demux/libflacsys_plugin.so
67085000-67086000 rw-p 00005000 08:06 280647     /usr/lib/vlc/plugins/demux/libflacsys_plugin.so
67086000-67092000 r-xp 00000000 08:06 280632     /usr/lib/vlc/plugins/demux/libasf_plugin.so
67092000-67093000 r--p 0000b000 08:06 280632     /usr/lib/vlc/plugins/demux/libasf_plugin.so
67093000-67094000 rw-p 0000c000 08:06 280632     /usr/lib/vlc/plugins/demux/libasf_plugin.so
67094000-670b8000 r-xp 00000000 08:06 280624     /usr/lib/vlc/plugins/demux/libmp4_plugin.so
670b8000-670b9000 r--p 00024000 08:06 280624     /usr/lib/vlc/plugins/demux/libmp4_plugin.so
670b9000-670ba000 rw-p 00025000 08:06 280624     /usr/lib/vlc/plugins/demux/libmp4_plugin.so
670ba000-670d5000 r-xp 00000000 08:06 405646     /usr/lib/vlc/plugins/stream_filter/libstream_filter_dash_plugin.so
670d5000-670d6000 r--p 0001b000 08:06 405646     /usr/lib/vlc/plugins/stream_filter/libstream_filter_dash_plugin.so
670d6000-670d7000 rw-p 0001c000 08:06 405646     /usr/lib/vlc/plugins/stream_filter/libstream_filter_dash_plugin.so
670d7000-670f5000 r-xp 00000000 08:06 1706115    /usr/lib/i386-linux-gnu/libdvdread.so.4.1.2
670f5000-670f6000 r--p 0001d000 08:06 1706115    /usr/lib/i386-linux-gnu/libdvdread.so.4.1.2
670f6000-670f7000 rw-p 0001e000 08:06 1706115    /usr/lib/i386-linux-gnu/libdvdread.so.4.1.2
670f7000-6712b000 r-xp 00000000 08:06 1720482    /usr/lib/i386-linux-gnu/libbluray.so.1.2.0
6712b000-6712c000 ---p 00034000 08:06 1720482    /usr/lib/i386-linux-gnu/libbluray.so.1.2.0
6712c000-6712d000 r--p 00034000 08:06 1720482    /usr/lib/i386-linux-gnu/libbluray.so.1.2.0
6712d000-6712e000 rw-p 00035000 08:06 1720482    /usr/lib/i386-linux-gnu/libbluray.so.1.2.0
6712e000-67131000 ---p 00000000 00:00 0 
67131000-671af000 rw-p 00000000 00:00 0          [stack:24826]
671af000-671b2000 ---p 00000000 00:00 0 
671b2000-67200000 rw-p 00000000 00:00 0          [stack:24827]
67200000-672d8000 rw-p 00000000 00:00 0 
672d8000-67300000 ---p 00000000 00:00 0 
67300000-67301000 rw-p 00000000 00:00 0 
67301000-67311000 r-xp 00000000 08:06 280639     /usr/lib/vlc/plugins/demux/libavi_plugin.so
67311000-67312000 r--p 00010000 08:06 280639     /usr/lib/vlc/plugins/demux/libavi_plugin.so
67312000-67313000 rw-p 00011000 08:06 280639     /usr/lib/vlc/plugins/demux/libavi_plugin.so
67313000-67316000 r-xp 00000000 08:06 1720599    /usr/lib/vlc/plugins/access/libstream_filter_rar_plugin.so
67316000-67317000 r--p 00002000 08:06 1720599    /usr/lib/vlc/plugins/access/libstream_filter_rar_plugin.so
67317000-67318000 rw-p 00003000 08:06 1720599    /usr/lib/vlc/plugins/access/libstream_filter_rar_plugin.so
67318000-6732c000 r-xp 00000000 08:06 1706111    /usr/lib/i386-linux-gnu/libdvdnav.so.4.1.2
6732c000-6732d000 r--p 00013000 08:06 1706111    /usr/lib/i386-linux-gnu/libdvdnav.so.4.1.2
6732d000-6732e000 rw-p 00014000 08:06 1706111    /usr/lib/i386-linux-gnu/libdvdnav.so.4.1.2
6732e000-67331000 ---p 00000000 00:00 0 
67331000-6737f000 rw-p 00000000 00:00 0          [stack:24841]
6737f000-67380000 ---p 00000000 00:00 0 
67380000-67400000 rw-p 00000000 00:00 0          [stack:24814]
67400000-674bf000 rw-p 00000000 00:00 0 
674bf000-67500000 ---p 00000000 00:00 0 
67500000-675fe000 rw-p 00000000 00:00 0 
675fe000-67600000 ---p 00000000 00:00 0 
67600000-67700000 rw-p 00000000 00:00 0 
67700000-677ea000 rw-p 00000000 00:00 0 
677ea000-67800000 ---p 00000000 00:00 0 
67800000-67803000 r-xp 00000000 08:06 1706600    /usr/lib/i386-linux-gnu/libpulse-simple.so.0.0.3
67803000-67804000 r--p 00002000 08:06 1706600    /usr/lib/i386-linux-gnu/libpulse-simple.so.0.0.3
67804000-67805000 rw-p 00003000 08:06 1706600    /usr/lib/i386-linux-gnu/libpulse-simple.so.0.0.3
67805000-67807000 r-xp 00000000 08:06 405645     /usr/lib/vlc/plugins/stream_filter/libstream_filter_record_plugin.so
67807000-67808000 r--p 00001000 08:06 405645     /usr/lib/vlc/plugins/stream_filter/libstream_filter_record_plugin.so
67808000-67809000 rw-p 00002000 08:06 405645     /usr/lib/vlc/plugins/stream_filter/libstream_filter_record_plugin.so
67809000-67811000 r-xp 00000000 08:06 1720591    /usr/lib/vlc/plugins/access/libzip_plugin.so
67811000-67812000 r--p 00007000 08:06 1720591    /usr/lib/vlc/plugins/access/libzip_plugin.so
67812000-67813000 rw-p 00008000 08:06 1720591    /usr/lib/vlc/plugins/access/libzip_plugin.so
67813000-67816000 r-xp 00000000 08:06 405644     /usr/lib/vlc/plugins/stream_filter/libdecomp_plugin.so
67816000-67817000 r--p 00002000 08:06 405644     /usr/lib/vlc/plugins/stream_filter/libdecomp_plugin.so
67817000-67818000 rw-p 00003000 08:06 405644     /usr/lib/vlc/plugins/stream_filter/libdecomp_plugin.so
67818000-67822000 r-xp 00000000 08:06 405643     /usr/lib/vlc/plugins/stream_filter/libstream_filter_httplive_plugin.so
67822000-67823000 r--p 00009000 08:06 405643     /usr/lib/vlc/plugins/stream_filter/libstream_filter_httplive_plugin.so
67823000-67824000 rw-p 0000a000 08:06 405643     /usr/lib/vlc/plugins/stream_filter/libstream_filter_httplive_plugin.so
67824000-67828000 r-xp 00000000 08:06 1720609    /usr/lib/vlc/plugins/access/libfilesystem_plugin.so
67828000-67829000 r--p 00003000 08:06 1720609    /usr/lib/vlc/plugins/access/libfilesystem_plugin.so
67829000-6782a000 rw-p 00004000 08:06 1720609    /usr/lib/vlc/plugins/access/libfilesystem_plugin.so
6782a000-6782f000 r-xp 00000000 08:06 1720610    /usr/lib/vlc/plugins/access/libaccess_vdr_plugin.so
6782f000-67830000 r--p 00004000 08:06 1720610    /usr/lib/vlc/plugins/access/libaccess_vdr_plugin.so
67830000-67831000 rw-p 00005000 08:06 1720610    /usr/lib/vlc/plugins/access/libaccess_vdr_plugin.so
67831000-6783b000 r-xp 00000000 08:06 1720582    /usr/lib/vlc/plugins/access/libdvdnav_plugin.so
6783b000-6783c000 r--p 0000a000 08:06 1720582    /usr/lib/vlc/plugins/access/libdvdnav_plugin.so
6783c000-6783d000 rw-p 0000b000 08:06 1720582    /usr/lib/vlc/plugins/access/libdvdnav_plugin.so
6783d000-67850000 r-xp 00000000 08:06 1720590    /usr/lib/vlc/plugins/access/libaccess_bd_plugin.so
67850000-67851000 r--p 00012000 08:06 1720590    /usr/lib/vlc/plugins/access/libaccess_bd_plugin.so
67851000-67852000 rw-p 00013000 08:06 1720590    /usr/lib/vlc/plugins/access/libaccess_bd_plugin.so
67852000-67859000 r--s 00000000 08:06 1707538    /usr/lib/i386-linux-gnu/gconv/gconv-modules.cache
67859000-678fd000 r-xp 00000000 08:06 1439241    /tmp/sqlite-3.7.151-i386-libsqlitejdbc.so
678fd000-678fe000 r--p 000a4000 08:06 1439241    /tmp/sqlite-3.7.151-i386-libsqlitejdbc.so
678fe000-678ff000 rw-p 000a5000 08:06 1439241    /tmp/sqlite-3.7.151-i386-libsqlitejdbc.so
678ff000-67900000 rw-p 00000000 00:00 0 
67900000-679f7000 rw-p 00000000 00:00 0 
679f7000-67a00000 ---p 00000000 00:00 0 
67a00000-67a02000 r-xp 00000000 08:06 405602     /usr/lib/vlc/plugins/services_discovery/libmtp_plugin.so
67a02000-67a03000 r--p 00001000 08:06 405602     /usr/lib/vlc/plugins/services_discovery/libmtp_plugin.so
67a03000-67a04000 rw-p 00002000 08:06 405602     /usr/lib/vlc/plugins/services_discovery/libmtp_plugin.so
67a04000-67a05000 r-xp 00000000 08:06 1708656    /usr/lib/jvm/java-7-openjdk-i386/jre/lib/i386/libjawt.so
67a05000-67a06000 r--p 00000000 08:06 1708656    /usr/lib/jvm/java-7-openjdk-i386/jre/lib/i386/libjawt.so
67a06000-67a07000 rw-p 00001000 08:06 1708656    /usr/lib/jvm/java-7-openjdk-i386/jre/lib/i386/libjawt.so
67a07000-67a0c000 r-xp 00000000 08:06 1720612    /usr/lib/vlc/plugins/access/liblibbluray_plugin.so
67a0c000-67a0d000 r--p 00004000 08:06 1720612    /usr/lib/vlc/plugins/access/liblibbluray_plugin.so
67a0d000-67a0e000 rw-p 00005000 08:06 1720612    /usr/lib/vlc/plugins/access/liblibbluray_plugin.so
67a0e000-67a41000 rw-s 00000000 00:04 210173978  /SYSV00000000 (deleted)
67a41000-67a44000 ---p 00000000 00:00 0 
67a44000-67a92000 rw-p 00000000 00:00 0          [stack:24798]
67a92000-67a97000 r--s 0004c000 08:06 1708535    /usr/lib/jvm/java-7-openjdk-common/jre/lib/jsse.jar
67a97000-67a9a000 ---p 00000000 00:00 0 
67a9a000-67ae8000 rw-p 00000000 00:00 0          [stack:24790]
67ae8000-67aeb000 ---p 00000000 00:00 0 
67aeb000-67b39000 rw-p 00000000 00:00 0          [stack:24789]
67b39000-67b4a000 r-xp 00000000 08:06 1708665    /usr/lib/jvm/java-7-openjdk-i386/jre/lib/i386/libnio.so
67b4a000-67b4b000 r--p 00010000 08:06 1708665    /usr/lib/jvm/java-7-openjdk-i386/jre/lib/i386/libnio.so
67b4b000-67b4c000 rw-p 00011000 08:06 1708665    /usr/lib/jvm/java-7-openjdk-i386/jre/lib/i386/libnio.so
67b4c000-67b4d000 r--s 00000000 08:06 936139     /var/cache/fontconfig/c05880de57d1f5e948fdfacc138775d9-le32d4.cache-3
67b4d000-67b53000 r--s 00000000 08:06 936131     /var/cache/fontconfig/945677eb7aeaf62f1d50efc3fb3ec7d8-le32d4.cache-3
67b53000-67b56000 r--s 00000000 08:06 938992     /var/cache/fontconfig/99e8ed0e538f840c565b6ed5dad60d56-le32d4.cache-3
67b56000-67b5c000 r--s 00000000 08:06 936659     /var/cache/fontconfig/a6d8cf8e4ec09cdbc8633c31745a07dd-le32d4.cache-3
67b5c000-67b5f000 r--s 00000000 08:06 936113     /var/cache/fontconfig/2cd17615ca594fa2959ae173292e504c-le32d4.cache-3
67b5f000-67b60000 r--s 00000000 08:06 936148     /var/cache/fontconfig/e7071f4a29fa870f4323321c154eba04-le32d4.cache-3
67b60000-67b64000 r--s 00000000 08:06 936658     /var/cache/fontconfig/6eb3985aa4124903f6ff08ba781cd364-le32d4.cache-3
67b64000-67b65000 r--s 00000000 08:06 936110     /var/cache/fontconfig/0d8c3b2ac0904cb8a57a757ad11a4a08-le32d4.cache-3
67b65000-67b69000 r--s 00000000 08:06 936135     /var/cache/fontconfig/a755afe4a08bf5b97852ceb7400b47bc-le32d4.cache-3
67b69000-67b70000 r--s 00000000 08:06 936126     /var/cache/fontconfig/6d41288fd70b0be22e8c3a91e032eec0-le32d4.cache-3
67b70000-67b7b000 r--s 00000000 08:06 936108     /var/cache/fontconfig/04aabc0a78ac019cf9454389977116d2-le32d4.cache-3
67b7b000-67b7c000 r--s 00000000 08:06 936112     /var/cache/fontconfig/1ac9eb803944fde146138c791f5cc56a-le32d4.cache-3
67b7c000-67b7f000 r--s 00000000 08:06 936117     /var/cache/fontconfig/385c0604a188198f04d133e54aba7fe7-le32d4.cache-3
67b7f000-67b80000 r--s 00000000 08:06 938732     /var/cache/fontconfig/9c956a7723ca69a44b382d9179c9802f-le32d4.cache-3
67b80000-67b81000 r--s 00000000 08:06 936145     /var/cache/fontconfig/dc05db6664285cc2f12bf69c139ae4c3-le32d4.cache-3
67b81000-67b83000 r--s 00000000 08:06 936128     /var/cache/fontconfig/767a8244fc0220cfb567a839d0392e0b-le32d4.cache-3
67b83000-67b84000 r--s 00000000 08:06 936118     /var/cache/fontconfig/4794a0821666d79190d59a36cb4f44b5-le32d4.cache-3
67b84000-67b85000 r--s 00000000 08:06 938731     /var/cache/fontconfig/9eae20f1ff8cc0a7d125749e875856bd-le32d4.cache-3
67b85000-67b87000 r--s 00000000 08:06 938730     /var/cache/fontconfig/bf2c1853a9e9b00bb02fe2e9bcf1e201-le32d4.cache-3
67b87000-67b8a000 r--s 00000000 08:06 936130     /var/cache/fontconfig/8801497958630a81b71ace7c5f9b32a8-le32d4.cache-3
67b8a000-67bad000 r--s 00000000 08:06 938729     /var/cache/fontconfig/365b55f210c0a22e9a19e35191240f32-le32d4.cache-3
67bad000-67baf000 r--s 00000000 08:06 938722     /var/cache/fontconfig/c57959a16110560c8d0fcea73374aeeb-le32d4.cache-3
67baf000-67bb3000 r--s 00000000 08:06 936114     /var/cache/fontconfig/3047814df9a2f067bd2d96a2b9c36e5a-le32d4.cache-3
67bb3000-67bb4000 r--s 00000000 08:06 936121     /var/cache/fontconfig/56cf4f4769d0f4abc89a4895d7bd3ae1-le32d4.cache-3
67bb4000-67bb5000 r--s 00000000 08:06 936138     /var/cache/fontconfig/b9d506c9ac06c20b433354fa67a72993-le32d4.cache-3
67bb5000-67bb9000 r--s 00000000 08:06 936137     /var/cache/fontconfig/b47c4e1ecd0709278f4910c18777a504-le32d4.cache-3
67bb9000-67bbf000 r--s 00000000 08:06 936657     /var/cache/fontconfig/52f7bdb7ce746bfd7eaa1985bd9cfa93-le32d4.cache-3
67bbf000-67bcc000 r--s 00000000 08:06 936143     /var/cache/fontconfig/d52a8644073d54c13679302ca1180695-le32d4.cache-3
67bcc000-67bd2000 r--s 00000000 08:06 936656     /var/cache/fontconfig/3f7329c5293ffd510edef78f73874cfd-le32d4.cache-3
67bd2000-67bd9000 r--s 00000000 08:06 938721     /var/cache/fontconfig/83bf95040141907cd45bb53cf7c1c148-le32d4.cache-3
67bd9000-67be2000 r--s 00000000 08:06 938720     /var/cache/fontconfig/53d14c92082a93e67d5078324eb314ca-le32d4.cache-3
67be2000-67bef000 r--s 00000000 08:06 938717     /var/cache/fontconfig/4ac51e5cfbc76fc3f983e470323a16d3-le32d4.cache-3
67bef000-67c00000 r--s 00000000 08:06 938993     /var/cache/fontconfig/467c019e582ee353435ea5c21d137ef6-le32d4.cache-3
67c00000-67cfe000 rw-p 00000000 00:00 0 
67cfe000-67d00000 ---p 00000000 00:00 0 
67d00000-67d02000 r--s 00000000 08:06 938728     /var/cache/fontconfig/14d493b97896515cad3840ba4896e372-le32d4.cache-3
67d02000-67d04000 r--s 00000000 08:06 936147     /var/cache/fontconfig/e49e89034d371f0f9de17aab02136486-le32d4.cache-3
67d04000-67d0c000 r--s 00000000 08:06 938718     /var/cache/fontconfig/e13b20fdb08344e0e664864cc2ede53d-le32d4.cache-3
67d0c000-67d10000 r--s 00000000 08:06 940648     /var/cache/fontconfig/7ef2298fde41cc6eeb7af42e48b7d293-le32d4.cache-3
67d10000-67d14000 r--s 00000000 08:06 394128     /home/gene/.cache/fontconfig/3ecda6abc85ff6f54114f03ae3c1fe72-le32d4.cache-3
67d14000-67d57000 r-xp 00000000 08:06 1708645    /usr/lib/jvm/java-7-openjdk-i386/jre/lib/i386/libfontmanager.so
67d57000-67d58000 r--p 00043000 08:06 1708645    /usr/lib/jvm/java-7-openjdk-i386/jre/lib/i386/libfontmanager.so
67d58000-67d59000 rw-p 00044000 08:06 1708645    /usr/lib/jvm/java-7-openjdk-i386/jre/lib/i386/libfontmanager.so
67d59000-67d5c000 ---p 00000000 00:00 0 
67d5c000-67daa000 rw-p 00000000 00:00 0          [stack:24788]
67daa000-67dad000 ---p 00000000 00:00 0 
67dad000-67dfb000 rw-p 00000000 00:00 0          [stack:24787]
67dfb000-68f6a000 r-xp 00000000 08:06 1706398    /usr/lib/i386-linux-gnu/libicudata.so.48.1.1
68f6a000-68f6b000 r--p 0116e000 08:06 1706398    /usr/lib/i386-linux-gnu/libicudata.so.48.1.1
68f6b000-68f6c000 rw-p 0116f000 08:06 1706398    /usr/lib/i386-linux-gnu/libicudata.so.48.1.1
68f6c000-68f6f000 r-xp 00000000 08:06 262501     /lib/i386-linux-gnu/libgpg-error.so.0.8.0
68f6f000-68f70000 r--p 00002000 08:06 262501     /lib/i386-linux-gnu/libgpg-error.so.0.8.0
68f70000-68f71000 rw-p 00003000 08:06 262501     /lib/i386-linux-gnu/libgpg-error.so.0.8.0
68f71000-68f73000 r-xp 00000000 08:06 262512     /lib/i386-linux-gnu/libkeyutils.so.1.4
68f73000-68f74000 r--p 00002000 08:06 262512     /lib/i386-linux-gnu/libkeyutils.so.1.4
68f74000-68f75000 rw-p 00003000 08:06 262512     /lib/i386-linux-gnu/libkeyutils.so.1.4
68f75000-690cb000 r-xp 00000000 08:06 1706412    /usr/lib/i386-linux-gnu/libicuuc.so.48.1.1
690cb000-690d5000 r--p 00155000 08:06 1706412    /usr/lib/i386-linux-gnu/libicuuc.so.48.1.1
690d5000-690d6000 rw-p 0015f000 08:06 1706412    /usr/lib/i386-linux-gnu/libicuuc.so.48.1.1
690d6000-690da000 rw-p 00000000 00:00 0 
690da000-6910d000 r-xp 00000000 08:06 1706404    /usr/lib/i386-linux-gnu/libicule.so.48.1.1
6910d000-6910e000 ---p 00033000 08:06 1706404    /usr/lib/i386-linux-gnu/libicule.so.48.1.1
6910e000-6910f000 r--p 00033000 08:06 1706404    /usr/lib/i386-linux-gnu/libicule.so.48.1.1
6910f000-69110000 rw-p 00034000 08:06 1706404    /usr/lib/i386-linux-gnu/libicule.so.48.1.1
69110000-69158000 r-xp 00000000 08:06 262482     /lib/i386-linux-gnu/libdbus-1.so.3.7.2
69158000-69159000 r--p 00047000 08:06 262482     /lib/i386-linux-gnu/libdbus-1.so.3.7.2
69159000-6915a000 rw-p 00048000 08:06 262482     /lib/i386-linux-gnu/libdbus-1.so.3.7.2
6915a000-6916c000 r-xp 00000000 08:06 1706541    /usr/lib/i386-linux-gnu/libp11-kit.so.0.0.0
6916c000-6916d000 r--p 00011000 08:06 1706541    /usr/lib/i386-linux-gnu/libp11-kit.so.0.0.0
6916d000-6916e000 rw-p 00012000 08:06 1706541    /usr/lib/i386-linux-gnu/libp11-kit.so.0.0.0
6916e000-6917e000 r-xp 00000000 08:06 1706699    /usr/lib/i386-linux-gnu/libtasn1.so.3.2.0
6917e000-6917f000 r--p 0000f000 08:06 1706699    /usr/lib/i386-linux-gnu/libtasn1.so.3.2.0
6917f000-69180000 rw-p 00010000 08:06 1706699    /usr/lib/i386-linux-gnu/libtasn1.so.3.2.0
69180000-69201000 r-xp 00000000 08:06 262497     /lib/i386-linux-gnu/libgcrypt.so.11.7.0
69201000-69202000 r--p 00080000 08:06 262497     /lib/i386-linux-gnu/libgcrypt.so.11.7.0
69202000-69204000 rw-p 00081000 08:06 262497     /lib/i386-linux-gnu/libgcrypt.so.11.7.0
69204000-6920b000 r-xp 00000000 08:06 1706449    /usr/lib/i386-linux-gnu/libkrb5support.so.0.1
6920b000-6920c000 r--p 00006000 08:06 1706449    /usr/lib/i386-linux-gnu/libkrb5support.so.0.1
6920c000-6920d000 rw-p 00007000 08:06 1706449    /usr/lib/i386-linux-gnu/libkrb5support.so.0.1
6920d000-69210000 r-xp 00000000 08:06 262477     /lib/i386-linux-gnu/libcom_err.so.2.1
69210000-69211000 r--p 00002000 08:06 262477     /lib/i386-linux-gnu/libcom_err.so.2.1
69211000-69212000 rw-p 00003000 08:06 262477     /lib/i386-linux-gnu/libcom_err.so.2.1
69212000-69238000 r-xp 00000000 08:06 1706443    /usr/lib/i386-linux-gnu/libk5crypto.so.3.1
69238000-69239000 r--p 00026000 08:06 1706443    /usr/lib/i386-linux-gnu/libk5crypto.so.3.1
69239000-6923a000 rw-p 00027000 08:06 1706443    /usr/lib/i386-linux-gnu/libk5crypto.so.3.1
6923a000-69301000 r-xp 00000000 08:06 1706447    /usr/lib/i386-linux-gnu/libkrb5.so.3.3
69301000-69307000 r--p 000c6000 08:06 1706447    /usr/lib/i386-linux-gnu/libkrb5.so.3.3
69307000-69308000 rw-p 000cc000 08:06 1706447    /usr/lib/i386-linux-gnu/libkrb5.so.3.3
69308000-693a0000 r-xp 00000000 08:06 1706380    /usr/lib/i386-linux-gnu/libharfbuzz.so.0.913.0
693a0000-693a1000 ---p 00098000 08:06 1706380    /usr/lib/i386-linux-gnu/libharfbuzz.so.0.913.0
693a1000-693a2000 r--p 00098000 08:06 1706380    /usr/lib/i386-linux-gnu/libharfbuzz.so.0.913.0
693a2000-693a3000 rw-p 00099000 08:06 1706380    /usr/lib/i386-linux-gnu/libharfbuzz.so.0.913.0
693a3000-693ab000 r-xp 00000000 08:06 1706787    /usr/lib/i386-linux-gnu/libxcb-render.so.0.0.0
693ab000-693ac000 r--p 00008000 08:06 1706787    /usr/lib/i386-linux-gnu/libxcb-render.so.0.0.0
693ac000-693ad000 rw-p 00009000 08:06 1706787    /usr/lib/i386-linux-gnu/libxcb-render.so.0.0.0
693ad000-693af000 r-xp 00000000 08:06 1706791    /usr/lib/i386-linux-gnu/libxcb-shm.so.0.0.0
693af000-693b0000 r--p 00001000 08:06 1706791    /usr/lib/i386-linux-gnu/libxcb-shm.so.0.0.0
693b0000-693b1000 rw-p 00002000 08:06 1706791    /usr/lib/i386-linux-gnu/libxcb-shm.so.0.0.0
693b1000-693d8000 r-xp 00000000 08:06 262578     /lib/i386-linux-gnu/libpng12.so.0.49.0
693d8000-693d9000 r--p 00026000 08:06 262578     /lib/i386-linux-gnu/libpng12.so.0.49.0
693d9000-693da000 rw-p 00027000 08:06 262578     /lib/i386-linux-gnu/libpng12.so.0.49.0
693da000-6946e000 r-xp 00000000 08:06 1706571    /usr/lib/i386-linux-gnu/libpixman-1.so.0.28.2
6946e000-69473000 r--p 00093000 08:06 1706571    /usr/lib/i386-linux-gnu/libpixman-1.so.0.28.2
69473000-69474000 rw-p 00098000 08:06 1706571    /usr/lib/i386-linux-gnu/libpixman-1.so.0.28.2
69474000-69479000 r-xp 00000000 08:06 1705898    /usr/lib/i386-linux-gnu/libXdmcp.so.6.0.0
69479000-6947a000 r--p 00004000 08:06 1705898    /usr/lib/i386-linux-gnu/libXdmcp.so.6.0.0
6947a000-6947b000 rw-p 00005000 08:06 1705898    /usr/lib/i386-linux-gnu/libXdmcp.so.6.0.0
6947b000-6947d000 r-xp 00000000 08:06 1705887    /usr/lib/i386-linux-gnu/libXau.so.6.0.0
6947d000-6947e000 r--p 00001000 08:06 1705887    /usr/lib/i386-linux-gnu/libXau.so.6.0.0
6947e000-6947f000 rw-p 00002000 08:06 1705887    /usr/lib/i386-linux-gnu/libXau.so.6.0.0
6947f000-6948f000 r-xp 00000000 08:06 1705977    /usr/lib/i386-linux-gnu/libavahi-client.so.3.2.9
6948f000-69490000 r--p 0000f000 08:06 1705977    /usr/lib/i386-linux-gnu/libavahi-client.so.3.2.9
69490000-69491000 rw-p 00010000 08:06 1705977    /usr/lib/i386-linux-gnu/libavahi-client.so.3.2.9
69491000-6949d000 r-xp 00000000 08:06 1705979    /usr/lib/i386-linux-gnu/libavahi-common.so.3.5.3
6949d000-6949e000 r--p 0000b000 08:06 1705979    /usr/lib/i386-linux-gnu/libavahi-common.so.3.5.3
6949e000-6949f000 rw-p 0000c000 08:06 1705979    /usr/lib/i386-linux-gnu/libavahi-common.so.3.5.3
6949f000-6955f000 r-xp 00000000 08:06 1706251    /usr/lib/i386-linux-gnu/libgnutls.so.26.22.6
6955f000-69563000 r--p 000bf000 08:06 1706251    /usr/lib/i386-linux-gnu/libgnutls.so.26.22.6
69563000-69564000 rw-p 000c3000 08:06 1706251    /usr/lib/i386-linux-gnu/libgnutls.so.26.22.6
69564000-6959f000 r-xp 00000000 08:06 1706276    /usr/lib/i386-linux-gnu/libgssapi_krb5.so.2.2
6959f000-695a0000 r--p 0003a000 08:06 1706276    /usr/lib/i386-linux-gnu/libgssapi_krb5.so.2.2
695a0000-695a1000 rw-p 0003b000 08:06 1706276    /usr/lib/i386-linux-gnu/libgssapi_krb5.so.2.2
695a1000-695e0000 r-xp 00000000 08:06 262566     /lib/i386-linux-gnu/libpcre.so.3.13.1
695e0000-695e1000 r--p 0003f000 08:06 262566     /lib/i386-linux-gnu/libpcre.so.3.13.1
695e1000-695e2000 rw-p 00040000 08:06 262566     /lib/i386-linux-gnu/libpcre.so.3.13.1
695e2000-695e7000 r-xp 00000000 08:06 1706141    /usr/lib/i386-linux-gnu/libffi.so.6.0.1
695e7000-695e8000 r--p 00005000 08:06 1706141    /usr/lib/i386-linux-gnu/libffi.so.6.0.1
695e8000-695e9000 rw-p 00006000 08:06 1706141    /usr/lib/i386-linux-gnu/libffi.so.6.0.1
695e9000-6960e000 r-xp 00000000 08:06 262490     /lib/i386-linux-gnu/libexpat.so.1.6.0
6960e000-69610000 r--p 00025000 08:06 262490     /lib/i386-linux-gnu/libexpat.so.1.6.0
69610000-69611000 rw-p 00027000 08:06 262490     /lib/i386-linux-gnu/libexpat.so.1.6.0
69611000-696a7000 r-xp 00000000 08:06 1706179    /usr/lib/i386-linux-gnu/libfreetype.so.6.10.0
696a7000-696ab000 r--p 00095000 08:06 1706179    /usr/lib/i386-linux-gnu/libfreetype.so.6.10.0
696ab000-696ac000 rw-p 00099000 08:06 1706179    /usr/lib/i386-linux-gnu/libfreetype.so.6.10.0
696ac000-696bf000 r-xp 00000000 08:06 262589     /lib/i386-linux-gnu/libresolv-2.17.so
696bf000-696c0000 r--p 00013000 08:06 262589     /lib/i386-linux-gnu/libresolv-2.17.so
696c0000-696c1000 rw-p 00014000 08:06 262589     /lib/i386-linux-gnu/libresolv-2.17.so
696c1000-696c3000 rw-p 00000000 00:00 0 
696c3000-696e0000 r-xp 00000000 08:06 262593     /lib/i386-linux-gnu/libselinux.so.1
696e0000-696e1000 r--p 0001c000 08:06 262593     /lib/i386-linux-gnu/libselinux.so.1
696e1000-696e2000 rw-p 0001d000 08:06 262593     /lib/i386-linux-gnu/libselinux.so.1
696e2000-696e4000 r-xp 00000000 08:06 1705896    /usr/lib/i386-linux-gnu/libXdamage.so.1.1.0
696e4000-696e5000 r--p 00001000 08:06 1705896    /usr/lib/i386-linux-gnu/libXdamage.so.1.1.0
696e5000-696e6000 rw-p 00002000 08:06 1705896    /usr/lib/i386-linux-gnu/libXdamage.so.1.1.0
696e6000-696ef000 r-xp 00000000 08:06 1705894    /usr/lib/i386-linux-gnu/libXcursor.so.1.0.2
696ef000-696f0000 r--p 00008000 08:06 1705894    /usr/lib/i386-linux-gnu/libXcursor.so.1.0.2
696f0000-696f1000 rw-p 00009000 08:06 1705894    /usr/lib/i386-linux-gnu/libXcursor.so.1.0.2
696f1000-696fa000 r-xp 00000000 08:06 1705918    /usr/lib/i386-linux-gnu/libXrandr.so.2.2.0
696fa000-696fb000 r--p 00008000 08:06 1705918    /usr/lib/i386-linux-gnu/libXrandr.so.2.2.0
696fb000-696fc000 rw-p 00009000 08:06 1705918    /usr/lib/i386-linux-gnu/libXrandr.so.2.2.0
696fc000-6970e000 r-xp 00000000 08:06 1706553    /usr/lib/i386-linux-gnu/libpangoft2-1.0.so.0.3200.5
6970e000-6970f000 r--p 00011000 08:06 1706553    /usr/lib/i386-linux-gnu/libpangoft2-1.0.so.0.3200.5
6970f000-69710000 rw-p 00012000 08:06 1706553    /usr/lib/i386-linux-gnu/libpangoft2-1.0.so.0.3200.5
69710000-69823000 r-xp 00000000 08:06 1706005    /usr/lib/i386-linux-gnu/libcairo.so.2.11200.14
69823000-69825000 r--p 00113000 08:06 1706005    /usr/lib/i386-linux-gnu/libcairo.so.2.11200.14
69825000-69826000 rw-p 00115000 08:06 1706005    /usr/lib/i386-linux-gnu/libcairo.so.2.11200.14
69826000-69827000 rw-p 00000000 00:00 0 
69827000-69845000 r-xp 00000000 08:06 1705967    /usr/lib/i386-linux-gnu/libatk-1.0.so.0.20809.1
69845000-69847000 r--p 0001d000 08:06 1705967    /usr/lib/i386-linux-gnu/libatk-1.0.so.0.20809.1
69847000-69848000 rw-p 0001f000 08:06 1705967    /usr/lib/i386-linux-gnu/libatk-1.0.so.0.20809.1
69848000-6984d000 r-xp 00000000 08:06 1705902    /usr/lib/i386-linux-gnu/libXfixes.so.3.1.0
6984d000-6984e000 r--p 00004000 08:06 1705902    /usr/lib/i386-linux-gnu/libXfixes.so.3.1.0
6984e000-6984f000 rw-p 00005000 08:06 1705902    /usr/lib/i386-linux-gnu/libXfixes.so.3.1.0
6984f000-6985a000 r-xp 00000000 08:06 1706551    /usr/lib/i386-linux-gnu/libpangocairo-1.0.so.0.3200.5
6985a000-6985b000 r--p 0000a000 08:06 1706551    /usr/lib/i386-linux-gnu/libpangocairo-1.0.so.0.3200.5
6985b000-6985c000 rw-p 0000b000 08:06 1706551    /usr/lib/i386-linux-gnu/libpangocairo-1.0.so.0.3200.5
6985c000-698b6000 r-xp 00000000 08:06 1706064    /usr/lib/i386-linux-gnu/libcups.so.2
698b6000-698b7000 ---p 0005a000 08:06 1706064    /usr/lib/i386-linux-gnu/libcups.so.2
698b7000-698ba000 r--p 0005a000 08:06 1706064    /usr/lib/i386-linux-gnu/libcups.so.2
698ba000-698bb000 rw-p 0005d000 08:06 1706064    /usr/lib/i386-linux-gnu/libcups.so.2
698bb000-699ba000 r-xp 00000000 08:06 262499     /lib/i386-linux-gnu/libglib-2.0.so.0.3600.0
699ba000-699bb000 r--p 000fe000 08:06 262499     /lib/i386-linux-gnu/libglib-2.0.so.0.3600.0
699bb000-699bc000 rw-p 000ff000 08:06 262499     /lib/i386-linux-gnu/libglib-2.0.so.0.3600.0
699bc000-69a0a000 r-xp 00000000 08:06 1706257    /usr/lib/i386-linux-gnu/libgobject-2.0.so.0.3600.0
69a0a000-69a0b000 r--p 0004d000 08:06 1706257    /usr/lib/i386-linux-gnu/libgobject-2.0.so.0.3600.0
69a0b000-69a0c000 rw-p 0004e000 08:06 1706257    /usr/lib/i386-linux-gnu/libgobject-2.0.so.0.3600.0
69a0c000-69a43000 r-xp 00000000 08:06 1706167    /usr/lib/i386-linux-gnu/libfontconfig.so.1.6.2
69a43000-69a44000 r--p 00036000 08:06 1706167    /usr/lib/i386-linux-gnu/libfontconfig.so.1.6.2
69a44000-69a45000 rw-p 00037000 08:06 1706167    /usr/lib/i386-linux-gnu/libfontconfig.so.1.6.2
69a45000-69a8e000 r-xp 00000000 08:06 1706549    /usr/lib/i386-linux-gnu/libpango-1.0.so.0.3200.5
69a8e000-69a8f000 r--p 00049000 08:06 1706549    /usr/lib/i386-linux-gnu/libpango-1.0.so.0.3200.5
69a8f000-69a90000 rw-p 0004a000 08:06 1706549    /usr/lib/i386-linux-gnu/libpango-1.0.so.0.3200.5
69a90000-69bf0000 r-xp 00000000 08:06 1706227    /usr/lib/i386-linux-gnu/libgio-2.0.so.0.3600.0
69bf0000-69bf2000 r--p 00160000 08:06 1706227    /usr/lib/i386-linux-gnu/libgio-2.0.so.0.3600.0
69bf2000-69bf3000 rw-p 00162000 08:06 1706227    /usr/lib/i386-linux-gnu/libgio-2.0.so.0.3600.0
69bf3000-69bf4000 rw-p 00000000 00:00 0 
69bf4000-69c9f000 r-xp 00000000 08:06 1706206    /usr/lib/i386-linux-gnu/libgdk-x11-2.0.so.0.2400.17
69c9f000-69ca1000 r--p 000ab000 08:06 1706206    /usr/lib/i386-linux-gnu/libgdk-x11-2.0.so.0.2400.17
69ca1000-69ca2000 rw-p 000ad000 08:06 1706206    /usr/lib/i386-linux-gnu/libgdk-x11-2.0.so.0.2400.17
69ca2000-6a103000 r-xp 00000000 08:06 1706364    /usr/lib/i386-linux-gnu/libgtk-x11-2.0.so.0.2400.17
6a103000-6a107000 r--p 00461000 08:06 1706364    /usr/lib/i386-linux-gnu/libgtk-x11-2.0.so.0.2400.17
6a107000-6a109000 rw-p 00465000 08:06 1706364    /usr/lib/i386-linux-gnu/libgtk-x11-2.0.so.0.2400.17
6a109000-6a10b000 rw-p 00000000 00:00 0 
6a10b000-6a23e000 r-xp 00000000 08:06 1706796    /usr/lib/i386-linux-gnu/libX11.so.6.3.0
6a23e000-6a23f000 r--p 00132000 08:06 1706796    /usr/lib/i386-linux-gnu/libX11.so.6.3.0
6a23f000-6a242000 rw-p 00133000 08:06 1706796    /usr/lib/i386-linux-gnu/libX11.so.6.3.0
6a242000-6a2d4000 r-xp 00000000 08:06 1708643    /usr/lib/jvm/java-7-openjdk-i386/jre/lib/i386/libawt.so
6a2d4000-6a2d5000 r--p 00091000 08:06 1708643    /usr/lib/jvm/java-7-openjdk-i386/jre/lib/i386/libawt.so
6a2d5000-6a2dc000 rw-p 00092000 08:06 1708643    /usr/lib/jvm/java-7-openjdk-i386/jre/lib/i386/libawt.so
6a2dc000-6a300000 rw-p 00000000 00:00 0 
6a300000-6a3fc000 rw-p 00000000 00:00 0 
6a3fc000-6a400000 ---p 00000000 00:00 0 
6a400000-6a401000 r--s 00000000 08:06 938727     /var/cache/fontconfig/89034621ae2a8922916bb6bfa5799546-le32d4.cache-3
6a401000-6a403000 r-xp 00000000 08:06 1705892    /usr/lib/i386-linux-gnu/libXcomposite.so.1.0.0
6a403000-6a404000 r--p 00001000 08:06 1705892    /usr/lib/i386-linux-gnu/libXcomposite.so.1.0.0
6a404000-6a405000 rw-p 00002000 08:06 1705892    /usr/lib/i386-linux-gnu/libXcomposite.so.1.0.0
6a405000-6a425000 r-xp 00000000 08:06 1720908    /usr/lib/i386-linux-gnu/libxcb.so.1.1.0
6a425000-6a426000 r--p 0001f000 08:06 1720908    /usr/lib/i386-linux-gnu/libxcb.so.1.1.0
6a426000-6a427000 rw-p 00020000 08:06 1720908    /usr/lib/i386-linux-gnu/libxcb.so.1.1.0
6a427000-6a479000 r-xp 00000000 08:06 1708686    /usr/lib/jvm/java-7-openjdk-i386/jre/lib/i386/xawt/libmawt.so
6a479000-6a47a000 r--p 00051000 08:06 1708686    /usr/lib/jvm/java-7-openjdk-i386/jre/lib/i386/xawt/libmawt.so
6a47a000-6a47c000 rw-p 00052000 08:06 1708686    /usr/lib/jvm/java-7-openjdk-i386/jre/lib/i386/xawt/libmawt.so
6a47c000-6a47d000 rw-p 00000000 00:00 0 
6a47d000-6a47e000 ---p 00000000 00:00 0 
6a47e000-6a4fe000 rw-p 00000000 00:00 0          [stack:24786]
6a4fe000-6a501000 ---p 00000000 00:00 0 
6a501000-6a57f000 rw-p 00000000 00:00 0          [stack:24784]
6a57f000-6a582000 ---p 00000000 00:00 0 
6a582000-6a600000 rw-p 00000000 00:00 0          [stack:24783]
6a600000-6a800000 r--p 00000000 08:06 1709808    /usr/lib/locale/locale-archive
6a800000-6a900000 rw-p 00000000 00:00 0 
6a900000-6aa00000 rw-p 00000000 00:00 0 
6aa00000-6ab00000 rw-p 00000000 00:00 0 
6ab00000-6ab02000 r--s 00000000 08:06 938726     /var/cache/fontconfig/65f976e5259cbe6dc7697b8648396239-le32d4.cache-3
6ab02000-6ab04000 r-xp 00000000 08:06 1705908    /usr/lib/i386-linux-gnu/libXinerama.so.1.0.0
6ab04000-6ab05000 r--p 00001000 08:06 1705908    /usr/lib/i386-linux-gnu/libXinerama.so.1.0.0
6ab05000-6ab06000 rw-p 00002000 08:06 1705908    /usr/lib/i386-linux-gnu/libXinerama.so.1.0.0
6ab06000-6ab09000 r-xp 00000000 08:06 1706237    /usr/lib/i386-linux-gnu/libgmodule-2.0.so.0.3600.0
6ab09000-6ab0a000 r--p 00002000 08:06 1706237    /usr/lib/i386-linux-gnu/libgmodule-2.0.so.0.3600.0
6ab0a000-6ab0b000 rw-p 00003000 08:06 1706237    /usr/lib/i386-linux-gnu/libgmodule-2.0.so.0.3600.0
6ab0b000-6ab2b000 r-xp 00000000 08:06 1706208    /usr/lib/i386-linux-gnu/libgdk_pixbuf-2.0.so.0.2800.0
6ab2b000-6ab2c000 ---p 00020000 08:06 1706208    /usr/lib/i386-linux-gnu/libgdk_pixbuf-2.0.so.0.2800.0
6ab2c000-6ab2d000 r--p 00020000 08:06 1706208    /usr/lib/i386-linux-gnu/libgdk_pixbuf-2.0.so.0.2800.0
6ab2d000-6ab2e000 rw-p 00021000 08:06 1706208    /usr/lib/i386-linux-gnu/libgdk_pixbuf-2.0.so.0.2800.0
6ab2e000-6ab31000 ---p 00000000 00:00 0 
6ab31000-6ab7f000 rw-p 00000000 00:00 0          [stack:24785]
6ab7f000-6ab80000 ---p 00000000 00:00 0 
6ab80000-6ac00000 rw-p 00000000 00:00 0          [stack:24779]
6ac00000-6acff000 rw-p 00000000 00:00 0 
6acff000-6ad00000 ---p 00000000 00:00 0 
6ad00000-6ad01000 r--s 00000000 08:06 936119     /var/cache/fontconfig/4b14b093aebc79c320de5e86ae1d3314-le32d4.cache-3
6ad01000-6ad02000 r--s 00000000 08:06 938725     /var/cache/fontconfig/94f7fe9bd33aadfac165873bd010d595-le32d4.cache-3
6ad02000-6ad10000 r-xp 00000000 08:06 1705906    /usr/lib/i386-linux-gnu/libXi.so.6.1.0
6ad10000-6ad11000 r--p 0000d000 08:06 1705906    /usr/lib/i386-linux-gnu/libXi.so.6.1.0
6ad11000-6ad12000 rw-p 0000e000 08:06 1705906    /usr/lib/i386-linux-gnu/libXi.so.6.1.0
6ad12000-6ad17000 r-xp 00000000 08:06 1705926    /usr/lib/i386-linux-gnu/libXtst.so.6.1.0
6ad17000-6ad18000 r--p 00004000 08:06 1705926    /usr/lib/i386-linux-gnu/libXtst.so.6.1.0
6ad18000-6ad19000 rw-p 00005000 08:06 1705926    /usr/lib/i386-linux-gnu/libXtst.so.6.1.0
6ad19000-6ad21000 r-xp 00000000 08:06 1705920    /usr/lib/i386-linux-gnu/libXrender.so.1.3.0
6ad21000-6ad22000 r--p 00007000 08:06 1705920    /usr/lib/i386-linux-gnu/libXrender.so.1.3.0
6ad22000-6ad23000 rw-p 00008000 08:06 1705920    /usr/lib/i386-linux-gnu/libXrender.so.1.3.0
6ad23000-6ad33000 r-xp 00000000 08:06 1705900    /usr/lib/i386-linux-gnu/libXext.so.6.4.0
6ad33000-6ad34000 r--p 0000f000 08:06 1705900    /usr/lib/i386-linux-gnu/libXext.so.6.4.0
6ad34000-6ad35000 rw-p 00010000 08:06 1705900    /usr/lib/i386-linux-gnu/libXext.so.6.4.0
6ad35000-6aee2000 r--s 01cde000 08:06 1708621    /usr/lib/jvm/java-7-openjdk-i386/jre/lib/rt.jar
6aee2000-6dc00000 rw-p 00000000 00:00 0 
6dc00000-6dcf2000 rw-p 00000000 00:00 0 
6dcf2000-6dd00000 ---p 00000000 00:00 0 
6dd00000-6dd02000 r--s 00000000 08:06 936655     /var/cache/fontconfig/67709b7835c0f764c1135060c9575660-le32d4.cache-3
6dd02000-6dd18000 r-xp 00000000 08:06 1708664    /usr/lib/jvm/java-7-openjdk-i386/jre/lib/i386/libnet.so
6dd18000-6dd19000 r--p 00015000 08:06 1708664    /usr/lib/jvm/java-7-openjdk-i386/jre/lib/i386/libnet.so
6dd19000-6dd1a000 rw-p 00016000 08:06 1708664    /usr/lib/jvm/java-7-openjdk-i386/jre/lib/i386/libnet.so
6dd1a000-6dd25000 r--s 001fb000 08:06 1708529    /usr/lib/jvm/java-7-openjdk-common/jre/lib/charsets.jar
6dd25000-6dd2e000 r--s 000bc000 08:06 1708538    /usr/lib/jvm/java-7-openjdk-common/jre/lib/resources.jar
6dd2e000-6dd31000 ---p 00000000 00:00 0 
6dd31000-6dd7f000 rw-p 00000000 00:00 0          [stack:24782]
6dd7f000-6dd80000 ---p 00000000 00:00 0 
6dd80000-6de00000 rw-p 00000000 00:00 0          [stack:24778]
6de00000-6dece000 rw-p 00000000 00:00 0 
6dece000-6df00000 ---p 00000000 00:00 0 
6df00000-6df01000 r--s 00000000 08:06 938724     /var/cache/fontconfig/423767150eb258c59035de29db6fca84-le32d4.cache-3
6df01000-6df0c000 r--s 001fb000 08:06 1708529    /usr/lib/jvm/java-7-openjdk-common/jre/lib/charsets.jar
6df0c000-6df1f000 r--s 00179000 08:06 1724490    /home/gene/Downloads/ll/vlcj-2.4.1/vlcj-2.4.1-javadoc.jar
6df1f000-6df2e000 r--s 00115000 08:06 1724216    /home/gene/Downloads/ll/vlcj-2.4.1/platform-3.5.2.jar
6df2e000-6df31000 ---p 00000000 00:00 0 
6df31000-6df7f000 rw-p 00000000 00:00 0          [stack:24781]
6df7f000-6df80000 ---p 00000000 00:00 0 
6df80000-6e000000 rw-p 00000000 00:00 0          [stack:24777]
6e000000-6e021000 rw-p 00000000 00:00 0 
6e021000-6e100000 ---p 00000000 00:00 0 
6e100000-6e107000 r--s 00094000 08:06 1784822    /home/gene/netbeans-7.3.1/java/modules/ext/beansbinding-1.2.1.jar
6e107000-6e116000 r--s 000d3000 08:06 1786959    /home/gene/Downloads/jaudiotagger-2.2.0-20130321.142353-1.jar
6e116000-6e12e000 r--s 001b9000 08:06 1779640    /home/gene/lab/music/playmp3/jmf.jar
6e12e000-6e131000 ---p 00000000 00:00 0 
6e131000-6e17f000 rw-p 00000000 00:00 0          [stack:24780]
6e17f000-6e180000 ---p 00000000 00:00 0 
6e180000-6e200000 rw-p 00000000 00:00 0          [stack:24776]
6e200000-6e2e2000 rw-p 00000000 00:00 0 
6e2e2000-6e300000 ---p 00000000 00:00 0 
6e300000-6e301000 r--s 00000000 08:06 938723     /var/cache/fontconfig/406a1d2d2bf3ed7664fbadefac0b2f66-le32d4.cache-3
6e301000-6e302000 r--s 00000000 08:06 936109     /var/cache/fontconfig/0c9eb80ebd1c36541ebe2852d3bb0c49-le32d4.cache-3
6e302000-6e30c000 r--s 0004b000 08:06 1724492    /home/gene/Downloads/ll/vlcj-2.4.1/vlcj-2.4.1.jar
6e30c000-6e354000 rw-p 00000000 00:00 0 
6e354000-6e355000 ---p 00000000 00:00 0 
6e355000-6e3ea000 rw-p 00000000 00:00 0          [stack:24775]
6e3ea000-6e519000 rw-p 00000000 00:00 0 
6e519000-6e521000 rw-p 00000000 00:00 0 
6e521000-6e559000 rw-p 00000000 00:00 0 
6e559000-6e56e000 rw-p 00000000 00:00 0 
6e56e000-6e69d000 rw-p 00000000 00:00 0 
6e69d000-6e6ab000 rw-p 00000000 00:00 0 
6e6ab000-6e73f000 rw-p 00000000 00:00 0 
6e73f000-6f740000 rw-p 00000000 00:00 0 
6f740000-76740000 rw-p 00000000 00:00 0 
76740000-78fc0000 rw-p 00000000 00:00 0 
78fc0000-9ef40000 rw-p 00000000 00:00 0 
9ef40000-a0970000 rw-p 00000000 00:00 0 
a0970000-a0980000 ---p 00000000 00:00 0 
a0980000-b3340000 rw-p 00000000 00:00 0 
b3340000-b3349000 rw-p 00000000 00:00 0 
b3349000-b3400000 rw-p 00000000 00:00 0 
b3400000-b3640000 rwxp 00000000 00:00 0 
b3640000-b64fc000 rw-p 00000000 00:00 0 
b64fc000-b6500000 ---p 00000000 00:00 0 
b6500000-b6501000 r--s 00000000 08:06 936124     /var/cache/fontconfig/62f91419b9ebdb6975e7e41ab6412357-le32d4.cache-3
b6501000-b6502000 r--s 00000000 08:06 938994     /var/cache/fontconfig/e0aa53bcfa504e64f87823c16bc01eb6-le32d4.cache-3
b6502000-b6503000 r-xp 00000000 08:06 1706360    /usr/lib/i386-linux-gnu/libgthread-2.0.so.0.3600.0
b6503000-b6504000 r--p 00000000 08:06 1706360    /usr/lib/i386-linux-gnu/libgthread-2.0.so.0.3600.0
b6504000-b6505000 rw-p 00001000 08:06 1706360    /usr/lib/i386-linux-gnu/libgthread-2.0.so.0.3600.0
b6505000-b6508000 r--s 000a6000 08:06 1724183    /home/gene/Downloads/ll/vlcj-2.4.1/jna-3.5.2.jar
b6508000-b650b000 r--s 00027000 08:06 1798650    /home/gene/Downloads/rs2xml.jar
b650b000-b650d000 r--s 00380000 08:06 1795454    /home/gene/Downloads/sqlite-jdbc-3.7.15-M1.jar
b650d000-b650f000 r--s 00006000 08:06 137009     /usr/share/java/java-atk-wrapper.jar
b650f000-b6512000 r--s 0000f000 08:06 1708547    /usr/lib/jvm/java-7-openjdk-common/jre/lib/ext/pulse-java.jar
b6512000-b651a000 rw-p 00000000 00:00 0 
b651a000-b6552000 rw-p 00000000 00:00 0 
b6552000-b655d000 r-xp 00000000 08:06 262543     /lib/i386-linux-gnu/libnss_files-2.17.so
b655d000-b655e000 r--p 0000a000 08:06 262543     /lib/i386-linux-gnu/libnss_files-2.17.so
b655e000-b655f000 rw-p 0000b000 08:06 262543     /lib/i386-linux-gnu/libnss_files-2.17.so
b655f000-b6569000 r-xp 00000000 08:06 262548     /lib/i386-linux-gnu/libnss_nis-2.17.so
b6569000-b656a000 r--p 00009000 08:06 262548     /lib/i386-linux-gnu/libnss_nis-2.17.so
b656a000-b656b000 rw-p 0000a000 08:06 262548     /lib/i386-linux-gnu/libnss_nis-2.17.so
b656b000-b6580000 r-xp 00000000 08:06 262537     /lib/i386-linux-gnu/libnsl-2.17.so
b6580000-b6581000 r--p 00014000 08:06 262537     /lib/i386-linux-gnu/libnsl-2.17.so
b6581000-b6582000 rw-p 00015000 08:06 262537     /lib/i386-linux-gnu/libnsl-2.17.so
b6582000-b6584000 rw-p 00000000 00:00 0 
b6584000-b658b000 r-xp 00000000 08:06 262539     /lib/i386-linux-gnu/libnss_compat-2.17.so
b658b000-b658c000 r--p 00006000 08:06 262539     /lib/i386-linux-gnu/libnss_compat-2.17.so
b658c000-b658d000 rw-p 00007000 08:06 262539     /lib/i386-linux-gnu/libnss_compat-2.17.so
b658d000-b658e000 r--s 00014000 08:06 1795668    /home/gene/lab/music/playmp3/mp3plugin.jar
b658e000-b658f000 r--s 00002000 08:06 1708545    /usr/lib/jvm/java-7-openjdk-common/jre/lib/ext/dnsns.jar
b658f000-b6593000 r--s 00085000 08:06 1708546    /usr/lib/jvm/java-7-openjdk-common/jre/lib/ext/localedata.jar
b6593000-b6595000 r--s 00012000 08:06 1708550    /usr/lib/jvm/java-7-openjdk-common/jre/lib/ext/zipfs.jar
b6595000-b6598000 r--s 00032000 08:06 1708548    /usr/lib/jvm/java-7-openjdk-common/jre/lib/ext/sunjce_provider.jar
b6598000-b659b000 r--s 0003c000 08:06 1708549    /usr/lib/jvm/java-7-openjdk-common/jre/lib/ext/sunpkcs11.jar
b659b000-b659c000 r--p 005db000 08:06 1709808    /usr/lib/locale/locale-archive
b659c000-b65a4000 r-xp 00000000 08:06 1708674    /usr/lib/jvm/java-7-openjdk-i386/jre/lib/i386/libzip.so
b65a4000-b65a5000 r--p 00007000 08:06 1708674    /usr/lib/jvm/java-7-openjdk-i386/jre/lib/i386/libzip.so
b65a5000-b65a6000 rw-p 00008000 08:06 1708674    /usr/lib/jvm/java-7-openjdk-i386/jre/lib/i386/libzip.so
b65a6000-b65cd000 r-xp 00000000 08:06 1708652    /usr/lib/jvm/java-7-openjdk-i386/jre/lib/i386/libjava.so
b65cd000-b65ce000 r--p 00026000 08:06 1708652    /usr/lib/jvm/java-7-openjdk-i386/jre/lib/i386/libjava.so
b65ce000-b65cf000 rw-p 00027000 08:06 1708652    /usr/lib/jvm/java-7-openjdk-i386/jre/lib/i386/libjava.so
b65cf000-b65d6000 r-xp 00000000 08:06 262591     /lib/i386-linux-gnu/librt-2.17.so
b65d6000-b65d7000 r--p 00006000 08:06 262591     /lib/i386-linux-gnu/librt-2.17.so
b65d7000-b65d8000 rw-p 00007000 08:06 262591     /lib/i386-linux-gnu/librt-2.17.so
b65d8000-b65db000 ---p 00000000 00:00 0 
b65db000-b6629000 rw-p 00000000 00:00 0          [stack:24774]
b6629000-b6644000 r-xp 00000000 08:06 262495     /lib/i386-linux-gnu/libgcc_s.so.1
b6644000-b6645000 r--p 0001a000 08:06 262495     /lib/i386-linux-gnu/libgcc_s.so.1
b6645000-b6646000 rw-p 0001b000 08:06 262495     /lib/i386-linux-gnu/libgcc_s.so.1
b6646000-b6687000 r-xp 00000000 08:06 262518     /lib/i386-linux-gnu/libm-2.17.so
b6687000-b6688000 r--p 00040000 08:06 262518     /lib/i386-linux-gnu/libm-2.17.so
b6688000-b6689000 rw-p 00041000 08:06 262518     /lib/i386-linux-gnu/libm-2.17.so
b6689000-b6765000 r-xp 00000000 08:06 1706691    /usr/lib/i386-linux-gnu/libstdc++.so.6.0.17
b6765000-b6766000 ---p 000dc000 08:06 1706691    /usr/lib/i386-linux-gnu/libstdc++.so.6.0.17
b6766000-b676a000 r--p 000dc000 08:06 1706691    /usr/lib/i386-linux-gnu/libstdc++.so.6.0.17
b676a000-b676b000 rw-p 000e0000 08:06 1706691    /usr/lib/i386-linux-gnu/libstdc++.so.6.0.17
b676b000-b6772000 rw-p 00000000 00:00 0 
b6772000-b7067000 r-xp 00000000 08:06 1708685    /usr/lib/jvm/java-7-openjdk-i386/jre/lib/i386/server/libjvm.so
b7067000-b70ae000 r--p 008f4000 08:06 1708685    /usr/lib/jvm/java-7-openjdk-i386/jre/lib/i386/server/libjvm.so
b70ae000-b70c2000 rw-p 0093b000 08:06 1708685    /usr/lib/jvm/java-7-openjdk-i386/jre/lib/i386/server/libjvm.so
b70c2000-b74e0000 rw-p 00000000 00:00 0 
b74e0000-b74f7000 r-xp 00000000 08:06 262624     /lib/i386-linux-gnu/libz.so.1.2.7
b74f7000-b74f8000 r--p 00016000 08:06 262624     /lib/i386-linux-gnu/libz.so.1.2.7
b74f8000-b74f9000 rw-p 00017000 08:06 262624     /lib/i386-linux-gnu/libz.so.1.2.7
b74f9000-b7510000 r-xp 00000000 08:06 262583     /lib/i386-linux-gnu/libpthread-2.17.so
b7510000-b7511000 r--p 00016000 08:06 262583     /lib/i386-linux-gnu/libpthread-2.17.so
b7511000-b7512000 rw-p 00017000 08:06 262583     /lib/i386-linux-gnu/libpthread-2.17.so
b7512000-b7514000 rw-p 00000000 00:00 0 
b7514000-b7517000 r-xp 00000000 08:06 262485     /lib/i386-linux-gnu/libdl-2.17.so
b7517000-b7518000 r--p 00002000 08:06 262485     /lib/i386-linux-gnu/libdl-2.17.so
b7518000-b7519000 rw-p 00003000 08:06 262485     /lib/i386-linux-gnu/libdl-2.17.so
b7519000-b76c6000 r-xp 00000000 08:06 262470     /lib/i386-linux-gnu/libc-2.17.so
b76c6000-b76c8000 r--p 001ad000 08:06 262470     /lib/i386-linux-gnu/libc-2.17.so
b76c8000-b76c9000 rw-p 001af000 08:06 262470     /lib/i386-linux-gnu/libc-2.17.so
b76c9000-b76cc000 rw-p 00000000 00:00 0 
b76cc000-b76d4000 rw-s 00000000 08:06 1439056    /tmp/hsperfdata_gene/24770
b76d4000-b76d5000 rw-p 00000000 00:00 0 
b76d5000-b76d6000 r--p 00000000 00:00 0 
b76d6000-b76e3000 r-xp 00000000 08:06 1708673    /usr/lib/jvm/java-7-openjdk-i386/jre/lib/i386/libverify.so
b76e3000-b76e4000 r--p 0000d000 08:06 1708673    /usr/lib/jvm/java-7-openjdk-i386/jre/lib/i386/libverify.so
b76e4000-b76e5000 rw-p 0000e000 08:06 1708673    /usr/lib/jvm/java-7-openjdk-i386/jre/lib/i386/libverify.so
b76e5000-b76f2000 r-xp 00000000 08:06 1708681    /usr/lib/jvm/java-7-openjdk-i386/jre/lib/i386/jli/libjli.so
b76f2000-b76f3000 r--p 0000c000 08:06 1708681    /usr/lib/jvm/java-7-openjdk-i386/jre/lib/i386/jli/libjli.so
b76f3000-b76f4000 rw-p 0000d000 08:06 1708681    /usr/lib/jvm/java-7-openjdk-i386/jre/lib/i386/jli/libjli.so
b76f4000-b76f7000 rw-p 00000000 00:00 0 
b76f7000-b76f8000 r-xp 00000000 00:00 0          [vdso]
b76f8000-b7718000 r-xp 00000000 08:06 262446     /lib/i386-linux-gnu/ld-2.17.so
b7718000-b7719000 r--p 0001f000 08:06 262446     /lib/i386-linux-gnu/ld-2.17.so
b7719000-b771a000 rw-p 00020000 08:06 262446     /lib/i386-linux-gnu/ld-2.17.so
bf932000-bf953000 rw-p 00000000 00:00 0          [stack]

VM Arguments:
jvm_args: -Dfile.encoding=UTF-8 
java_command: musicplayer.Musicplayer
Launcher Type: SUN_STANDARD

Environment Variables:
PATH=/usr/local/sbin:/usr/local/bin:/usr/sbin:/usr/bin:/sbin:/bin:/usr/games:/usr/local/games
USERNAME=gene
LD_LIBRARY_PATH=/usr/lib/jvm/default-java/jre/lib/amd64:/usr/lib/jvm/default-java/jre/lib/i386:
SHELL=/bin/bash
DISPLAY=:0

Signal Handlers:
SIGSEGV: [libjvm.so+0x7598c0], sa_mask[0]=0x7ffbfeff, sa_flags=0x10000004
SIGBUS: [libjvm.so+0x7598c0], sa_mask[0]=0x7ffbfeff, sa_flags=0x10000004
SIGFPE: [libjvm.so+0x5f54f0], sa_mask[0]=0x7ffbfeff, sa_flags=0x10000004
SIGPIPE: [libjvm.so+0x5f54f0], sa_mask[0]=0x7ffbfeff, sa_flags=0x10000004
SIGXFSZ: [libjvm.so+0x5f54f0], sa_mask[0]=0x7ffbfeff, sa_flags=0x10000004
SIGILL: [libjvm.so+0x5f54f0], sa_mask[0]=0x7ffbfeff, sa_flags=0x10000004
SIGUSR1: SIG_DFL, sa_mask[0]=0x00000000, sa_flags=0x00000000
SIGUSR2: [libjvm.so+0x5f53a0], sa_mask[0]=0x00000004, sa_flags=0x10000004
SIGHUP: [libjvm.so+0x5f5930], sa_mask[0]=0x7ffbfeff, sa_flags=0x10000004
SIGINT: SIG_IGN, sa_mask[0]=0x00000000, sa_flags=0x00000000
SIGTERM: [libjvm.so+0x5f5930], sa_mask[0]=0x7ffbfeff, sa_flags=0x10000004
SIGQUIT: [libjvm.so+0x5f5930], sa_mask[0]=0x7ffbfeff, sa_flags=0x10000004


---------------  S Y S T E M  ---------------

OS:Ubuntu 13.04 (raring)
uname:Linux 3.8.0-19-generic #29-Ubuntu SMP Wed Apr 17 18:19:42 UTC 2013 i686
libc:glibc 2.17 NPTL 2.17 
rlimit: STACK 8192k, CORE 0k, NPROC 30928, NOFILE 4096, AS infinity
load average:0.63 0.53 0.69

/proc/meminfo:
MemTotal:        3975340 kB
MemFree:          705464 kB
Buffers:          703460 kB
Cached:          1586320 kB
SwapCached:            0 kB
Active:          1007704 kB
Inactive:        2160084 kB
Active(anon):     527484 kB
Inactive(anon):   526272 kB
Active(file):     480220 kB
Inactive(file):  1633812 kB
Unevictable:           0 kB
Mlocked:               0 kB
HighTotal:       3125056 kB
HighFree:         640780 kB
LowTotal:         850284 kB
LowFree:           64684 kB
SwapTotal:       2047996 kB
SwapFree:        2047996 kB
Dirty:               248 kB
Writeback:             0 kB
AnonPages:        877976 kB
Mapped:           155196 kB
Shmem:            175524 kB
Slab:              66268 kB
SReclaimable:      41440 kB
SUnreclaim:        24828 kB
KernelStack:        3960 kB
PageTables:         8544 kB
NFS_Unstable:          0 kB
Bounce:                0 kB
WritebackTmp:          0 kB
CommitLimit:     4035664 kB
Committed_AS:    3041056 kB
VmallocTotal:     122880 kB
VmallocUsed:       19540 kB
VmallocChunk:     102576 kB
HardwareCorrupted:     0 kB
AnonHugePages:         0 kB
HugePages_Total:       0
HugePages_Free:        0
HugePages_Rsvd:        0
HugePages_Surp:        0
Hugepagesize:       2048 kB
DirectMap4k:       10232 kB
DirectMap2M:      903168 kB


CPU:total 4 (2 cores per cpu, 2 threads per core) family 6 model 42 stepping 7, cmov, cx8, fxsr, mmx, sse, sse2, sse3, ssse3, sse4.1, sse4.2, popcnt, avx, ht, tsc, tscinvbit

/proc/cpuinfo:
processor	: 0
vendor_id	: GenuineIntel
cpu family	: 6
model		: 42
model name	: Intel(R) Core(TM) i3-2370M CPU @ 2.40GHz
stepping	: 7
microcode	: 0x25
cpu MHz		: 2400.000
cache size	: 3072 KB
physical id	: 0
siblings	: 4
core id		: 0
cpu cores	: 2
apicid		: 0
initial apicid	: 0
fdiv_bug	: no
hlt_bug		: no
f00f_bug	: no
coma_bug	: no
fpu		: yes
fpu_exception	: yes
cpuid level	: 13
wp		: yes
flags		: fpu vme de pse tsc msr pae mce cx8 apic sep mtrr pge mca cmov pat pse36 clflush dts acpi mmx fxsr sse sse2 ss ht tm pbe nx rdtscp lm constant_tsc arch_perfmon pebs bts xtopology nonstop_tsc aperfmperf eagerfpu pni pclmulqdq dtes64 monitor ds_cpl vmx est tm2 ssse3 cx16 xtpr pdcm pcid sse4_1 sse4_2 x2apic popcnt tsc_deadline_timer xsave avx lahf_lm arat epb xsaveopt pln pts dtherm tpr_shadow vnmi flexpriority ept vpid
bogomips	: 4789.11
clflush size	: 64
cache_alignment	: 64
address sizes	: 36 bits physical, 48 bits virtual
power management:

processor	: 1
vendor_id	: GenuineIntel
cpu family	: 6
model		: 42
model name	: Intel(R) Core(TM) i3-2370M CPU @ 2.40GHz
stepping	: 7
microcode	: 0x25
cpu MHz		: 2400.000
cache size	: 3072 KB
physical id	: 0
siblings	: 4
core id		: 0
cpu cores	: 2
apicid		: 1
initial apicid	: 1
fdiv_bug	: no
hlt_bug		: no
f00f_bug	: no
coma_bug	: no
fpu		: yes
fpu_exception	: yes
cpuid level	: 13
wp		: yes
flags		: fpu vme de pse tsc msr pae mce cx8 apic sep mtrr pge mca cmov pat pse36 clflush dts acpi mmx fxsr sse sse2 ss ht tm pbe nx rdtscp lm constant_tsc arch_perfmon pebs bts xtopology nonstop_tsc aperfmperf eagerfpu pni pclmulqdq dtes64 monitor ds_cpl vmx est tm2 ssse3 cx16 xtpr pdcm pcid sse4_1 sse4_2 x2apic popcnt tsc_deadline_timer xsave avx lahf_lm arat epb xsaveopt pln pts dtherm tpr_shadow vnmi flexpriority ept vpid
bogomips	: 4789.11
clflush size	: 64
cache_alignment	: 64
address sizes	: 36 bits physical, 48 bits virtual
power management:

processor	: 2
vendor_id	: GenuineIntel
cpu family	: 6
model		: 42
model name	: Intel(R) Core(TM) i3-2370M CPU @ 2.40GHz
stepping	: 7
microcode	: 0x25
cpu MHz		: 1200.000
cache size	: 3072 KB
physical id	: 0
siblings	: 4
core id		: 1
cpu cores	: 2
apicid		: 2
initial apicid	: 2
fdiv_bug	: no
hlt_bug		: no
f00f_bug	: no
coma_bug	: no
fpu		: yes
fpu_exception	: yes
cpuid level	: 13
wp		: yes
flags		: fpu vme de pse tsc msr pae mce cx8 apic sep mtrr pge mca cmov pat pse36 clflush dts acpi mmx fxsr sse sse2 ss ht tm pbe nx rdtscp lm constant_tsc arch_perfmon pebs bts xtopology nonstop_tsc aperfmperf eagerfpu pni pclmulqdq dtes64 monitor ds_cpl vmx est tm2 ssse3 cx16 xtpr pdcm pcid sse4_1 sse4_2 x2apic popcnt tsc_deadline_timer xsave avx lahf_lm arat epb xsaveopt pln pts dtherm tpr_shadow vnmi flexpriority ept vpid
bogomips	: 4789.11
clflush size	: 64
cache_alignment	: 64
address sizes	: 36 bits physical, 48 bits virtual
power management:

processor	: 3
vendor_id	: GenuineIntel
cpu family	: 6
model		: 42
model name	: Intel(R) Core(TM) i3-2370M CPU @ 2.40GHz
stepping	: 7
microcode	: 0x25
cpu MHz		: 2400.000
cache size	: 3072 KB
physical id	: 0
siblings	: 4
core id		: 1
cpu cores	: 2
apicid		: 3
initial apicid	: 3
fdiv_bug	: no
hlt_bug		: no
f00f_bug	: no
coma_bug	: no
fpu		: yes
fpu_exception	: yes
cpuid level	: 13
wp		: yes
flags		: fpu vme de pse tsc msr pae mce cx8 apic sep mtrr pge mca cmov pat pse36 clflush dts acpi mmx fxsr sse sse2 ss ht tm pbe nx rdtscp lm constant_tsc arch_perfmon pebs bts xtopology nonstop_tsc aperfmperf eagerfpu pni pclmulqdq dtes64 monitor ds_cpl vmx est tm2 ssse3 cx16 xtpr pdcm pcid sse4_1 sse4_2 x2apic popcnt tsc_deadline_timer xsave avx lahf_lm arat epb xsaveopt pln pts dtherm tpr_shadow vnmi flexpriority ept vpid
bogomips	: 4789.11
clflush size	: 64
cache_alignment	: 64
address sizes	: 36 bits physical, 48 bits virtual
power management:



Memory: 4k page, physical 3975340k(705464k free), swap 2047996k(2047996k free)

vm_info: OpenJDK Server VM (23.7-b01) for linux-x86 JRE (1.7.0_21-b02), built on Apr 22 2013 07:41:32 by "buildd" with gcc 4.7.3

time: Sat Nov  2 00:57:42 2013
elapsed time: 28 seconds

