#
# A fatal error has been detected by the Java Runtime Environment:
#
#  SIGSEGV (0xb) at pc=0x6770210a, pid=8638, tid=1053653824
#
# JRE version: 7.0_21-b02
# Java VM: OpenJDK Server VM (23.7-b01 mixed mode linux-x86 )
# Problematic frame:
# C  0x6770210a
#
# Failed to write core dump. Core dumps have been disabled. To enable core dumping, try "ulimit -c unlimited" before starting Java again
#
# If you would like to submit a bug report, please include
# instructions on how to reproduce the bug and visit:
#   https://bugs.launchpad.net/ubuntu/+source/openjdk-7/
#

---------------  T H R E A D  ---------------

Current thread is native thread

siginfo:si_signo=SIGSEGV: si_errno=0, si_code=128 (), si_addr=0x00000000

Registers:
EAX=0x000000e1, EBX=0x66a67000, ECX=0x3ecd6f40, EDX=0x00000000
ESP=0x3ecd6ecc, EBP=0x00000000, ESI=0x647cdf38, EDI=0x00000000
EIP=0x6770210a, EFLAGS=0x00210286, CR2=0xb7712d80

Top of Stack: (sp=0x3ecd6ecc)
0x3ecd6ecc:   66a57c3e 3ecd6f40 00000000 6a900018
0x3ecd6edc:   b753fcdf 00000010 3e496cdc 00000008
0x3ecd6eec:   b7706000 00000001 b765b8e2 6aabb250
0x3ecd6efc:   b7540c09 6aab63d8 6aab63f0 647cdf38
0x3ecd6f0c:   b7706000 b7706000 000003e8 0c933cc0
0x3ecd6f1c:   66a67000 66a59040 647e2a60 6aabd208
0x3ecd6f2c:   66a590a3 6aab63c8 3ecd6f40 000003e8
0x3ecd6f3c:   00000000 00000002 6aabd208 0003381f 

Instructions: (pc=0x6770210a)
0x677020ea:   20 70 67 e9 3a a4 f2 01 00 00 ec c2 73 64 f1 5e
0x677020fa:   a7 66 e0 c2 73 64 00 00 00 00 21 00 00 00 04 e1
0x6770210a:   62 69 04 e1 62 69 f2 01 00 00 a4 e4 74 64 f1 5e
0x6770211a:   a7 66 98 e4 74 64 20 00 00 00 22 00 00 00 b8 28 

Register to memory mapping:

EAX=0x000000e1 is an unknown value
EBX=0x66a67000: <offset 0x1b000> in /usr/lib/libvlc.so.5.3.2 at 0x66a4c000
ECX=0x3ecd6f40 is an unknown value
EDX=0x00000000 is an unknown value
ESP=0x3ecd6ecc is an unknown value
EBP=0x00000000 is an unknown value
ESI=0x647cdf38 is an unknown value
EDI=0x00000000 is an unknown value


Stack: [0x3ec57000,0x3ecd8000],  sp=0x3ecd6ecc,  free space=511k
Native frames: (J=compiled Java code, j=interpreted, Vv=VM code, C=native code)
C  0x6770210a

[error occurred during error reporting (printing native stack), id 0xb]


---------------  P R O C E S S  ---------------

VM state:not at safepoint (normal execution)

VM Mutex/Monitor currently owned by a thread: None

Heap
 PSYoungGen      total 20800K, used 2472K [0x9efc0000, 0xa1900000, 0xb33c0000)
  eden space 14848K, 10% used [0x9efc0000,0x9f149d38,0x9fe40000)
  from space 5952K, 15% used [0x9fe40000,0x9ff203e0,0xa0410000)
  to   space 6272K, 0% used [0xa12e0000,0xa12e0000,0xa1900000)
 ParOldGen       total 41472K, used 8856K [0x767c0000, 0x79040000, 0x9efc0000)
  object space 41472K, 21% used [0x767c0000,0x77066118,0x79040000)
 PSPermGen       total 16384K, used 14786K [0x6e7c0000, 0x6f7c0000, 0x767c0000)
  object space 16384K, 90% used [0x6e7c0000,0x6f6308b0,0x6f7c0000)

Card table byte_map: [0x6e599000,0x6e7c0000] byte_map_base: 0x6e225200

Polling page: 0xb7713000

Code Cache  [0xb348c000, 0xb36cc000, 0xb648c000)
 total_blobs=718 nmethods=451 adapters=219 free_code_cache=47961Kb largest_free_block=49085824

Compilation events (10 events):
Event: 13.748 Thread 0x6adfe800 nmethod 478 0xb35b5208 code [0xb35b5360, 0xb35b577c]
Event: 13.748 Thread 0x6adfc800 nmethod 477 0xb35b7b08 code [0xb35b7c60, 0xb35b809c]
Event: 13.748 Thread 0x6adfc800  479             java.lang.ref.Finalizer::hasBeenFinalized (14 bytes)
Event: 13.749 Thread 0x6adfe800  480   !         java.lang.ref.Finalizer::remove (94 bytes)
Event: 13.749 Thread 0x6adfc800 nmethod 479 0xb35b5048 code [0xb35b5140, 0xb35b5190]
Event: 13.749 Thread 0x6adfc800  482             java.util.regex.Matcher::search (109 bytes)
Event: 13.750 Thread 0x6adfe800 nmethod 480 0xb3583f08 code [0xb3584020, 0xb3584250]
Event: 13.751 Thread 0x6adfe800  483             com.sun.jna.Memory::finalize (5 bytes)
Event: 13.752 Thread 0x6adfe800 nmethod 483 0xb35b63c8 code [0xb35b64c0, 0xb35b655c]
Event: 13.752 Thread 0x6adfe800  484             com.sun.jna.Memory::dispose (13 bytes)

GC Heap History (10 events):
Event: 10.260 GC heap before
{Heap before GC invocations=3 (full 0):
 PSYoungGen      total 18112K, used 18106K [0x9efc0000, 0xa03f0000, 0xb33c0000)
  eden space 15552K, 100% used [0x9efc0000,0x9fef0000,0x9fef0000)
  from space 2560K, 99% used [0xa0170000,0xa03ee9a8,0xa03f0000)
  to   space 2560K, 0% used [0x9fef0000,0x9fef0000,0xa0170000)
 ParOldGen       total 41472K, used 4624K [0x767c0000, 0x79040000, 0x9efc0000)
  object space 41472K, 11% used [0x767c0000,0x76c44268,0x79040000)
 PSPermGen       total 16384K, used 14644K [0x6e7c0000, 0x6f7c0000, 0x767c0000)
  object space 16384K, 89% used [0x6e7c0000,0x6f60d220,0x6f7c0000)
Event: 10.273 GC heap after
Heap after GC invocations=3 (full 0):
 PSYoungGen      total 18112K, used 2554K [0x9efc0000, 0xa03f0000, 0xb33c0000)
  eden space 15552K, 0% used [0x9efc0000,0x9efc0000,0x9fef0000)
  from space 2560K, 99% used [0x9fef0000,0xa016e9a8,0xa0170000)
  to   space 2560K, 0% used [0xa0170000,0xa0170000,0xa03f0000)
 ParOldGen       total 41472K, used 5272K [0x767c0000, 0x79040000, 0x9efc0000)
  object space 41472K, 12% used [0x767c0000,0x76ce6100,0x79040000)
 PSPermGen       total 16384K, used 14644K [0x6e7c0000, 0x6f7c0000, 0x767c0000)
  object space 16384K, 89% used [0x6e7c0000,0x6f60d220,0x6f7c0000)
}
Event: 11.807 GC heap before
{Heap before GC invocations=4 (full 0):
 PSYoungGen      total 18112K, used 18106K [0x9efc0000, 0xa03f0000, 0xb33c0000)
  eden space 15552K, 100% used [0x9efc0000,0x9fef0000,0x9fef0000)
  from space 2560K, 99% used [0x9fef0000,0xa016e9a8,0xa0170000)
  to   space 2560K, 0% used [0xa0170000,0xa0170000,0xa03f0000)
 ParOldGen       total 41472K, used 5272K [0x767c0000, 0x79040000, 0x9efc0000)
  object space 41472K, 12% used [0x767c0000,0x76ce6100,0x79040000)
 PSPermGen       total 16384K, used 14727K [0x6e7c0000, 0x6f7c0000, 0x767c0000)
  object space 16384K, 89% used [0x6e7c0000,0x6f621ef0,0x6f7c0000)
Event: 11.815 GC heap after
Heap after GC invocations=4 (full 0):
 PSYoungGen      total 18112K, used 2553K [0x9efc0000, 0xa03f0000, 0xb33c0000)
  eden space 15552K, 0% used [0x9efc0000,0x9efc0000,0x9fef0000)
  from space 2560K, 99% used [0xa0170000,0xa03ee6a0,0xa03f0000)
  to   space 2560K, 0% used [0x9fef0000,0x9fef0000,0xa0170000)
 ParOldGen       total 41472K, used 5957K [0x767c0000, 0x79040000, 0x9efc0000)
  object space 41472K, 14% used [0x767c0000,0x76d91660,0x79040000)
 PSPermGen       total 16384K, used 14727K [0x6e7c0000, 0x6f7c0000, 0x767c0000)
  object space 16384K, 89% used [0x6e7c0000,0x6f621ef0,0x6f7c0000)
}
Event: 12.418 GC heap before
{Heap before GC invocations=5 (full 0):
 PSYoungGen      total 18112K, used 18105K [0x9efc0000, 0xa03f0000, 0xb33c0000)
  eden space 15552K, 100% used [0x9efc0000,0x9fef0000,0x9fef0000)
  from space 2560K, 99% used [0xa0170000,0xa03ee6a0,0xa03f0000)
  to   space 2560K, 0% used [0x9fef0000,0x9fef0000,0xa0170000)
 ParOldGen       total 41472K, used 5957K [0x767c0000, 0x79040000, 0x9efc0000)
  object space 41472K, 14% used [0x767c0000,0x76d91660,0x79040000)
 PSPermGen       total 16384K, used 14747K [0x6e7c0000, 0x6f7c0000, 0x767c0000)
  object space 16384K, 90% used [0x6e7c0000,0x6f626cf0,0x6f7c0000)
Event: 12.426 GC heap after
Heap after GC invocations=5 (full 0):
 PSYoungGen      total 17728K, used 2554K [0x9efc0000, 0xa0a70000, 0xb33c0000)
  eden space 15168K, 0% used [0x9efc0000,0x9efc0000,0x9fe90000)
  from space 2560K, 99% used [0x9fef0000,0xa016eb08,0xa0170000)
  to   space 6080K, 0% used [0xa0480000,0xa0480000,0xa0a70000)
 ParOldGen       total 41472K, used 6623K [0x767c0000, 0x79040000, 0x9efc0000)
  object space 41472K, 15% used [0x767c0000,0x76e37d68,0x79040000)
 PSPermGen       total 16384K, used 14747K [0x6e7c0000, 0x6f7c0000, 0x767c0000)
  object space 16384K, 90% used [0x6e7c0000,0x6f626cf0,0x6f7c0000)
}
Event: 13.230 GC heap before
{Heap before GC invocations=6 (full 0):
 PSYoungGen      total 17728K, used 17722K [0x9efc0000, 0xa0a70000, 0xb33c0000)
  eden space 15168K, 100% used [0x9efc0000,0x9fe90000,0x9fe90000)
  from space 2560K, 99% used [0x9fef0000,0xa016eb08,0xa0170000)
  to   space 6080K, 0% used [0xa0480000,0xa0480000,0xa0a70000)
 ParOldGen       total 41472K, used 6623K [0x767c0000, 0x79040000, 0x9efc0000)
  object space 41472K, 15% used [0x767c0000,0x76e37d68,0x79040000)
 PSPermGen       total 16384K, used 14761K [0x6e7c0000, 0x6f7c0000, 0x767c0000)
  object space 16384K, 90% used [0x6e7c0000,0x6f62a660,0x6f7c0000)
Event: 13.244 GC heap after
Heap after GC invocations=6 (full 0):
 PSYoungGen      total 20352K, used 2995K [0x9efc0000, 0xa09e0000, 0xb33c0000)
  eden space 14848K, 0% used [0x9efc0000,0x9efc0000,0x9fe40000)
  from space 5504K, 54% used [0xa0480000,0xa076cfd8,0xa09e0000)
  to   space 5952K, 0% used [0x9fe40000,0x9fe40000,0xa0410000)
 ParOldGen       total 41472K, used 6623K [0x767c0000, 0x79040000, 0x9efc0000)
  object space 41472K, 15% used [0x767c0000,0x76e37d68,0x79040000)
 PSPermGen       total 16384K, used 14761K [0x6e7c0000, 0x6f7c0000, 0x767c0000)
  object space 16384K, 90% used [0x6e7c0000,0x6f62a660,0x6f7c0000)
}
Event: 13.706 GC heap before
{Heap before GC invocations=7 (full 0):
 PSYoungGen      total 20352K, used 17843K [0x9efc0000, 0xa09e0000, 0xb33c0000)
  eden space 14848K, 100% used [0x9efc0000,0x9fe40000,0x9fe40000)
  from space 5504K, 54% used [0xa0480000,0xa076cfd8,0xa09e0000)
  to   space 5952K, 0% used [0x9fe40000,0x9fe40000,0xa0410000)
 ParOldGen       total 41472K, used 6623K [0x767c0000, 0x79040000, 0x9efc0000)
  object space 41472K, 15% used [0x767c0000,0x76e37d68,0x79040000)
 PSPermGen       total 16384K, used 14780K [0x6e7c0000, 0x6f7c0000, 0x767c0000)
  object space 16384K, 90% used [0x6e7c0000,0x6f62f188,0x6f7c0000)
Event: 13.716 GC heap after
Heap after GC invocations=7 (full 0):
 PSYoungGen      total 20800K, used 896K [0x9efc0000, 0xa1900000, 0xb33c0000)
  eden space 14848K, 0% used [0x9efc0000,0x9efc0000,0x9fe40000)
  from space 5952K, 15% used [0x9fe40000,0x9ff203e0,0xa0410000)
  to   space 6272K, 0% used [0xa12e0000,0xa12e0000,0xa1900000)
 ParOldGen       total 41472K, used 8856K [0x767c0000, 0x79040000, 0x9efc0000)
  object space 41472K, 21% used [0x767c0000,0x77066118,0x79040000)
 PSPermGen       total 16384K, used 14780K [0x6e7c0000, 0x6f7c0000, 0x767c0000)
  object space 16384K, 90% used [0x6e7c0000,0x6f62f188,0x6f7c0000)
}

Deoptimization events (10 events):
Event: 10.375 Thread 0x6df2d400 Uncommon trap -12 fr.pc 0xb35732bc
Event: 11.034 Thread 0x67df3000 Uncommon trap -83 fr.pc 0xb3500f40
Event: 11.034 Thread 0x67df3000 Uncommon trap -83 fr.pc 0xb35006c0
Event: 11.130 Thread 0x67df3000 Uncommon trap -83 fr.pc 0xb3503e1c
Event: 12.070 Thread 0x6473c800 Uncommon trap -83 fr.pc 0xb3582914
Event: 12.246 Thread 0x6df50c00 Uncommon trap -12 fr.pc 0xb358a834
Event: 12.714 Thread 0x08db8000 Uncommon trap -12 fr.pc 0xb359a0b0
Event: 12.714 Thread 0x08db8000 Uncommon trap -12 fr.pc 0xb359f854
Event: 12.715 Thread 0x08db8000 Uncommon trap -12 fr.pc 0xb35a1d60
Event: 12.733 Thread 0x6e029800 Uncommon trap -12 fr.pc 0xb35a6364

Internal exceptions (10 events):
Event: 12.663 Thread 0x64747c00 Threw 0x9f3c39e8 at /build/buildd/openjdk-7-7u21-2.3.9/build/openjdk/hotspot/src/share/vm/prims/jvm.cpp:1166
Event: 12.714 Thread 0x08db8000 Implicit null exception at 0xb3599d42 to 0xb359a0a5
Event: 12.714 Thread 0x08db8000 Implicit null exception at 0xb359f4a2 to 0xb359f849
Event: 12.715 Thread 0x08db8000 Implicit null exception at 0xb35a1634 to 0xb35a1d55
Event: 12.733 Thread 0x6e029800 Implicit null exception at 0xb35a5f7e to 0xb35a6351
Event: 12.776 Thread 0x67df3000 JVM_StopThread thread JavaThread 0x00000000 as oop 0xa00c4488 [exception 0x67a24128]
Event: 12.985 Thread 0x67df3000 JVM_StopThread thread JavaThread 0x00000000 as oop 0xa00c4488 [exception 0x67a24128]
Event: 13.208 Thread 0x67df3000 JVM_StopThread thread JavaThread 0x00000000 as oop 0xa00c4488 [exception 0x67a24128]
Event: 13.400 Thread 0x67df3000 JVM_StopThread thread JavaThread 0x00000000 as oop 0xa052f330 [exception 0x67a24128]
Event: 13.584 Thread 0x67df3000 JVM_StopThread thread JavaThread 0x00000000 as oop 0xa052f330 [exception 0x67a24128]

Events (10 events):
Event: 13.735 Executing VM operation: RevokeBias done
Event: 13.735 Thread 0x6ddc1000 Thread exited: 0x6ddc1000
Event: 13.743 Executing VM operation: RevokeBias
Event: 13.743 Executing VM operation: RevokeBias done
Event: 13.743 Thread 0x6e02dc00 Thread exited: 0x6e02dc00
Event: 13.752 Thread 0x6e2b0400 Thread added: 0x6e2b0400
Event: 13.753 Thread 0x6e2b0400 Thread exited: 0x6e2b0400
Event: 13.753 Thread 0x6e2b0400 Thread added: 0x6e2b0400
Event: 13.753 Thread 0x6e2b0400 Thread exited: 0x6e2b0400
Event: 13.753 Thread 0x6e2b0400 Thread added: 0x6e2b0400


Dynamic libraries:
08048000-08049000 r-xp 00000000 08:06 1708580    /usr/lib/jvm/java-7-openjdk-i386/jre/bin/java
08049000-0804a000 r--p 00000000 08:06 1708580    /usr/lib/jvm/java-7-openjdk-i386/jre/bin/java
0804a000-0804b000 rw-p 00001000 08:06 1708580    /usr/lib/jvm/java-7-openjdk-i386/jre/bin/java
08cb3000-08e9b000 rw-p 00000000 00:00 0          [heap]
1933f000-1d340000 rw-s 00000000 00:14 140460     /run/shm/pulse-shm-2987018873
1d340000-1d341000 ---p 00000000 00:00 0 
1d341000-1db41000 rw-p 00000000 00:00 0          [stack:8771]
1db41000-1db42000 ---p 00000000 00:00 0 
1db42000-1e7c3000 rw-p 00000000 00:00 0          [stack:8770]
1e7c3000-1e7c6000 ---p 00000000 00:00 0 
1e7c6000-1e844000 rw-p 00000000 00:00 0          [stack:8769]
1e844000-1e845000 ---p 00000000 00:00 0 
1e845000-1e8c5000 rw-p 00000000 00:00 0          [stack:8766]
1e8c5000-228c6000 rw-s 00000000 00:14 128821     /run/shm/pulse-shm-141630661
228c6000-228c7000 ---p 00000000 00:00 0 
228c7000-230c7000 rw-p 00000000 00:00 0          [stack:8765]
230c7000-230c8000 ---p 00000000 00:00 0 
230c8000-23d49000 rw-p 00000000 00:00 0          [stack:8764]
23d49000-23d4c000 ---p 00000000 00:00 0 
23d4c000-23dca000 rw-p 00000000 00:00 0          [stack:8763]
23dca000-23dcb000 ---p 00000000 00:00 0 
23dcb000-23e4b000 rw-p 00000000 00:00 0          [stack:8760]
23e4b000-27e4c000 rw-s 00000000 00:14 135726     /run/shm/pulse-shm-35513034
27e4c000-27e4d000 ---p 00000000 00:00 0 
27e4d000-2864d000 rw-p 00000000 00:00 0          [stack:8759]
2864d000-2864e000 ---p 00000000 00:00 0 
2864e000-292cf000 rw-p 00000000 00:00 0          [stack:8758]
292cf000-292d2000 ---p 00000000 00:00 0 
292d2000-29350000 rw-p 00000000 00:00 0          [stack:8757]
29350000-29353000 ---p 00000000 00:00 0 
29353000-293a1000 rw-p 00000000 00:00 0 
293a1000-293a2000 ---p 00000000 00:00 0 
293a2000-29422000 rw-p 00000000 00:00 0          [stack:8754]
29422000-2d423000 rw-s 00000000 00:14 139745     /run/shm/pulse-shm-1693091235
2d423000-2d424000 ---p 00000000 00:00 0 
2d424000-2dc24000 rw-p 00000000 00:00 0          [stack:8753]
2dc24000-2dc25000 ---p 00000000 00:00 0 
2dc25000-2e8a6000 rw-p 00000000 00:00 0          [stack:8752]
2e8a6000-2e8a9000 ---p 00000000 00:00 0 
2e8a9000-2e927000 rw-p 00000000 00:00 0          [stack:8751]
2e927000-2e92a000 ---p 00000000 00:00 0 
2e92a000-2e978000 rw-p 00000000 00:00 0 
2e978000-2e979000 ---p 00000000 00:00 0 
2e979000-2e9f9000 rw-p 00000000 00:00 0          [stack:8748]
2e9f9000-329fa000 rw-s 00000000 00:14 135717     /run/shm/pulse-shm-1895426401
329fa000-329fb000 ---p 00000000 00:00 0 
329fb000-331fb000 rw-p 00000000 00:00 0          [stack:8745]
331fb000-331fc000 ---p 00000000 00:00 0 
331fc000-33e7d000 rw-p 00000000 00:00 0          [stack:8744]
33e7d000-33e80000 ---p 00000000 00:00 0 
33e80000-33efe000 rw-p 00000000 00:00 0          [stack:8743]
33efe000-37eff000 rw-s 00000000 00:14 128815     /run/shm/pulse-shm-1345420190
37eff000-37f00000 ---p 00000000 00:00 0 
37f00000-38700000 rw-p 00000000 00:00 0          [stack:8739]
38700000-38800000 rw-p 00000000 00:00 0 
38829000-3882c000 ---p 00000000 00:00 0 
3882c000-3887a000 rw-p 00000000 00:00 0 
3887a000-3887b000 ---p 00000000 00:00 0 
3887b000-388fb000 rw-p 00000000 00:00 0          [stack:8740]
388fb000-388fc000 ---p 00000000 00:00 0 
388fc000-3957d000 rw-p 00000000 00:00 0          [stack:8738]
3957d000-39580000 ---p 00000000 00:00 0 
39580000-395fe000 rw-p 00000000 00:00 0          [stack:8737]
395fe000-3d5ff000 rw-s 00000000 00:14 135713     /run/shm/pulse-shm-3761366124
3d5ff000-3d600000 ---p 00000000 00:00 0 
3d600000-3de00000 rw-p 00000000 00:00 0          [stack:8733]
3de00000-3de53000 rw-p 00000000 00:00 0 
3de53000-3df00000 ---p 00000000 00:00 0 
3df03000-3df06000 ---p 00000000 00:00 0 
3df06000-3df54000 rw-p 00000000 00:00 0 
3df54000-3df55000 ---p 00000000 00:00 0 
3df55000-3dfd5000 rw-p 00000000 00:00 0          [stack:8734]
3dfd5000-3dfd6000 ---p 00000000 00:00 0 
3dfd6000-3ec57000 rw-p 00000000 00:00 0          [stack:8732]
3ec57000-3ec5a000 ---p 00000000 00:00 0 
3ec5a000-3ecd8000 rw-p 00000000 00:00 0          [stack:8731]
3ecd8000-3ecdb000 ---p 00000000 00:00 0 
3ecdb000-3ed29000 rw-p 00000000 00:00 0          [stack:8768]
3ed29000-3ed2a000 ---p 00000000 00:00 0 
3ed2a000-3edaa000 rw-p 00000000 00:00 0          [stack:8728]
3edaa000-42dab000 rw-s 00000000 00:14 140403     /run/shm/pulse-shm-297767112
42dab000-42dac000 ---p 00000000 00:00 0 
42dac000-435ac000 rw-p 00000000 00:00 0          [stack:8727]
435ac000-435ad000 ---p 00000000 00:00 0 
435ad000-4422e000 rw-p 00000000 00:00 0          [stack:8726]
4422e000-44231000 ---p 00000000 00:00 0 
44231000-442af000 rw-p 00000000 00:00 0          [stack:8725]
442af000-442b2000 ---p 00000000 00:00 0 
442b2000-44300000 rw-p 00000000 00:00 0          [stack:8724]
44300000-44363000 rw-p 00000000 00:00 0 
44363000-44400000 ---p 00000000 00:00 0 
44446000-44447000 ---p 00000000 00:00 0 
44447000-444c7000 rw-p 00000000 00:00 0          [stack:8722]
444c7000-484c8000 rw-s 00000000 00:14 139688     /run/shm/pulse-shm-3602881220
484c8000-484c9000 ---p 00000000 00:00 0 
484c9000-48cc9000 rw-p 00000000 00:00 0          [stack:8721]
48cc9000-48cca000 ---p 00000000 00:00 0 
48cca000-4994b000 rw-p 00000000 00:00 0          [stack:8720]
4994b000-4d94c000 rw-s 00000000 00:14 139684     /run/shm/pulse-shm-3728899062
4d94c000-4d94d000 ---p 00000000 00:00 0 
4d94d000-4e14d000 rw-p 00000000 00:00 0          [stack:8719]
4e14d000-4e150000 ---p 00000000 00:00 0 
4e150000-4e1ce000 rw-p 00000000 00:00 0          [stack:8718]
4e1ce000-4e1d1000 ---p 00000000 00:00 0 
4e1d1000-4e21f000 rw-p 00000000 00:00 0          [stack:8717]
4e21f000-4e220000 ---p 00000000 00:00 0 
4e220000-4e2a0000 rw-p 00000000 00:00 0          [stack:8715]
4e2a0000-522a1000 rw-s 00000000 00:14 135702     /run/shm/pulse-shm-3803912515
522a1000-522a2000 ---p 00000000 00:00 0 
522a2000-52aa2000 rw-p 00000000 00:00 0          [stack:8714]
52aa2000-52aa3000 ---p 00000000 00:00 0 
52aa3000-53724000 rw-p 00000000 00:00 0          [stack:8713]
53724000-53727000 ---p 00000000 00:00 0 
53727000-537a5000 rw-p 00000000 00:00 0          [stack:8712]
537a5000-537a8000 ---p 00000000 00:00 0 
537a8000-537f6000 rw-p 00000000 00:00 0          [stack:8711]
537f6000-537f7000 ---p 00000000 00:00 0 
537f7000-53877000 rw-p 00000000 00:00 0          [stack:8709]
53877000-53878000 ---p 00000000 00:00 0 
53878000-538f8000 rw-p 00000000 00:00 0          [stack:8708]
538f8000-578f9000 rw-s 00000000 00:14 139680     /run/shm/pulse-shm-3879650961
578f9000-578fa000 ---p 00000000 00:00 0 
578fa000-58cfb000 rw-p 00000000 00:00 0          [stack:8707]
58cfb000-58cfe000 ---p 00000000 00:00 0 
58cfe000-58d7c000 rw-p 00000000 00:00 0          [stack:8704]
58d7c000-58d7f000 ---p 00000000 00:00 0 
58d7f000-58dcd000 rw-p 00000000 00:00 0          [stack:8703]
58dcd000-58dce000 ---p 00000000 00:00 0 
58dce000-58e4e000 rw-p 00000000 00:00 0          [stack:8701]
58e4e000-58e4f000 ---p 00000000 00:00 0 
58e4f000-59ad0000 rw-p 00000000 00:00 0          [stack:8700]
59ad0000-59ad3000 ---p 00000000 00:00 0 
59ad3000-59b51000 rw-p 00000000 00:00 0          [stack:8699]
59b51000-59b52000 ---p 00000000 00:00 0 
59b52000-59bd2000 rw-p 00000000 00:00 0          [stack:8696]
59bd2000-5dbd3000 rw-s 00000000 00:14 140397     /run/shm/pulse-shm-1406791707
5dbd3000-5dbd4000 ---p 00000000 00:00 0 
5dbd4000-5e3d4000 rw-p 00000000 00:00 0          [stack:8693]
5e3d4000-5e3d5000 ---p 00000000 00:00 0 
5e3d5000-5f056000 rw-p 00000000 00:00 0          [stack:8692]
5f056000-5f059000 ---p 00000000 00:00 0 
5f059000-5f0d7000 rw-p 00000000 00:00 0          [stack:8691]
5f0d7000-5f241000 r-xp 00000000 08:06 1706644    /usr/lib/i386-linux-gnu/libsamplerate.so.0.1.8
5f241000-5f242000 r--p 00169000 08:06 1706644    /usr/lib/i386-linux-gnu/libsamplerate.so.0.1.8
5f242000-5f243000 rw-p 0016a000 08:06 1706644    /usr/lib/i386-linux-gnu/libsamplerate.so.0.1.8
5f243000-63244000 rw-s 00000000 00:14 139457     /run/shm/pulse-shm-3520174303
63244000-63245000 ---p 00000000 00:00 0 
63245000-63a45000 rw-p 00000000 00:00 0          [stack:8681]
63a45000-63afc000 r-xp 00000000 08:06 1706695    /usr/lib/i386-linux-gnu/libtag.so.1.12.0
63afc000-63afe000 r--p 000b7000 08:06 1706695    /usr/lib/i386-linux-gnu/libtag.so.1.12.0
63afe000-63aff000 rw-p 000b9000 08:06 1706695    /usr/lib/i386-linux-gnu/libtag.so.1.12.0
63aff000-64700000 rw-p 00000000 00:00 0 
64700000-647f0000 rw-p 00000000 00:00 0 
647f0000-64800000 ---p 00000000 00:00 0 
64803000-64804000 ---p 00000000 00:00 0 
64804000-64884000 rw-p 00000000 00:00 0          [stack:8688]
64884000-64b22000 rw-s 00000000 00:04 34865188   /SYSV00000000 (deleted)
64b22000-64e01000 r-xp 00000000 08:06 1705842    /usr/lib/i386-linux-gnu/libQtCore.so.4.8.4
64e01000-64e08000 r--p 002de000 08:06 1705842    /usr/lib/i386-linux-gnu/libQtCore.so.4.8.4
64e08000-64e09000 rw-p 002e5000 08:06 1705842    /usr/lib/i386-linux-gnu/libQtCore.so.4.8.4
64e09000-64e0a000 rw-p 00000000 00:00 0 
64e0a000-658b2000 r-xp 00000000 08:06 1705851    /usr/lib/i386-linux-gnu/libQtGui.so.4.8.4
658b2000-658d4000 r--p 00aa7000 08:06 1705851    /usr/lib/i386-linux-gnu/libQtGui.so.4.8.4
658d4000-658d8000 rw-p 00ac9000 08:06 1705851    /usr/lib/i386-linux-gnu/libQtGui.so.4.8.4
658d8000-658db000 rw-p 00000000 00:00 0 
658db000-65af0000 r-xp 00000000 08:06 407152     /usr/lib/vlc/plugins/gui/libqt4_plugin.so
65af0000-65af1000 ---p 00215000 08:06 407152     /usr/lib/vlc/plugins/gui/libqt4_plugin.so
65af1000-65afd000 r--p 00215000 08:06 407152     /usr/lib/vlc/plugins/gui/libqt4_plugin.so
65afd000-65aff000 rw-p 00221000 08:06 407152     /usr/lib/vlc/plugins/gui/libqt4_plugin.so
65aff000-65b00000 rw-p 00000000 00:00 0 
65b00000-65c00000 rw-p 00000000 00:00 0 
65c20000-65c21000 ---p 00000000 00:00 0 
65c21000-65ca1000 rw-p 00000000 00:00 0          [stack:8680]
65ca1000-65cca000 r-xp 00000000 08:06 1706753    /usr/lib/i386-linux-gnu/libvorbis.so.0.4.5
65cca000-65ccb000 ---p 00029000 08:06 1706753    /usr/lib/i386-linux-gnu/libvorbis.so.0.4.5
65ccb000-65ccc000 r--p 00029000 08:06 1706753    /usr/lib/i386-linux-gnu/libvorbis.so.0.4.5
65ccc000-65ccd000 rw-p 0002a000 08:06 1706753    /usr/lib/i386-linux-gnu/libvorbis.so.0.4.5
65ccd000-65e33000 r-xp 00000000 08:06 1706755    /usr/lib/i386-linux-gnu/libvorbisenc.so.2.0.8
65e33000-65e44000 r--p 00165000 08:06 1706755    /usr/lib/i386-linux-gnu/libvorbisenc.so.2.0.8
65e44000-65e45000 rw-p 00176000 08:06 1706755    /usr/lib/i386-linux-gnu/libvorbisenc.so.2.0.8
65e45000-65e93000 r-xp 00000000 08:06 1705817    /usr/lib/i386-linux-gnu/libFLAC.so.8.2.0
65e93000-65e94000 r--p 0004e000 08:06 1705817    /usr/lib/i386-linux-gnu/libFLAC.so.8.2.0
65e94000-65e95000 rw-p 0004f000 08:06 1705817    /usr/lib/i386-linux-gnu/libFLAC.so.8.2.0
65e95000-65f02000 r-xp 00000000 08:06 1706669    /usr/lib/i386-linux-gnu/libsndfile.so.1.0.25
65f02000-65f04000 r--p 0006c000 08:06 1706669    /usr/lib/i386-linux-gnu/libsndfile.so.1.0.25
65f04000-65f05000 rw-p 0006e000 08:06 1706669    /usr/lib/i386-linux-gnu/libsndfile.so.1.0.25
65f05000-65f09000 rw-p 00000000 00:00 0 
65f25000-65fb3000 r-xp 00000000 08:06 1706537    /usr/lib/i386-linux-gnu/liborc-0.4.so.0.17.0
65fb3000-65fb4000 r--p 0008e000 08:06 1706537    /usr/lib/i386-linux-gnu/liborc-0.4.so.0.17.0
65fb4000-65fb8000 rw-p 0008f000 08:06 1706537    /usr/lib/i386-linux-gnu/liborc-0.4.so.0.17.0
65fb8000-66085000 r-xp 00000000 08:06 1706653    /usr/lib/i386-linux-gnu/libschroedinger-1.0.so.0.11.0
66085000-66087000 r--p 000cc000 08:06 1706653    /usr/lib/i386-linux-gnu/libschroedinger-1.0.so.0.11.0
66087000-66088000 rw-p 000ce000 08:06 1706653    /usr/lib/i386-linux-gnu/libschroedinger-1.0.so.0.11.0
66088000-660f1000 r-xp 00000000 08:06 1708139    /usr/lib/i386-linux-gnu/pulseaudio/libpulsecommon-3.0.so
660f1000-660f2000 r--p 00068000 08:06 1708139    /usr/lib/i386-linux-gnu/pulseaudio/libpulsecommon-3.0.so
660f2000-660f3000 rw-p 00069000 08:06 1708139    /usr/lib/i386-linux-gnu/pulseaudio/libpulsecommon-3.0.so
660fd000-66139000 r-xp 00000000 08:06 1706135    /usr/lib/i386-linux-gnu/libfaad.so.2.0.0
66139000-6613a000 ---p 0003c000 08:06 1706135    /usr/lib/i386-linux-gnu/libfaad.so.2.0.0
6613a000-6613b000 r--p 0003c000 08:06 1706135    /usr/lib/i386-linux-gnu/libfaad.so.2.0.0
6613b000-6613e000 rw-p 0003d000 08:06 1706135    /usr/lib/i386-linux-gnu/libfaad.so.2.0.0
6613e000-6613f000 ---p 00000000 00:00 0 
6613f000-661bf000 rw-p 00000000 00:00 0          [stack:8670]
661bf000-6620b000 r-xp 00000000 08:06 1706602    /usr/lib/i386-linux-gnu/libpulse.so.0.15.3
6620b000-6620c000 ---p 0004c000 08:06 1706602    /usr/lib/i386-linux-gnu/libpulse.so.0.15.3
6620c000-6620d000 r--p 0004c000 08:06 1706602    /usr/lib/i386-linux-gnu/libpulse.so.0.15.3
6620d000-6620e000 rw-p 0004d000 08:06 1706602    /usr/lib/i386-linux-gnu/libpulse.so.0.15.3
6620e000-662fb000 r-xp 00000000 08:06 1771845    /usr/lib/i386-linux-gnu/libasound.so.2.0.0
662fb000-662ff000 r--p 000ec000 08:06 1771845    /usr/lib/i386-linux-gnu/libasound.so.2.0.0
662ff000-66300000 rw-p 000f0000 08:06 1771845    /usr/lib/i386-linux-gnu/libasound.so.2.0.0
66300000-66400000 rw-p 00000000 00:00 0 
66405000-6640b000 r-xp 00000000 08:06 1706531    /usr/lib/i386-linux-gnu/libogg.so.0.8.0
6640b000-6640c000 r--p 00005000 08:06 1706531    /usr/lib/i386-linux-gnu/libogg.so.0.8.0
6640c000-6640d000 rw-p 00006000 08:06 1706531    /usr/lib/i386-linux-gnu/libogg.so.0.8.0
6640d000-66412000 r-xp 00000000 08:06 1705965    /usr/lib/i386-linux-gnu/libasyncns.so.0.3.1
66412000-66413000 r--p 00004000 08:06 1705965    /usr/lib/i386-linux-gnu/libasyncns.so.0.3.1
66413000-66414000 rw-p 00005000 08:06 1705965    /usr/lib/i386-linux-gnu/libasyncns.so.0.3.1
66414000-6641c000 r-xp 00000000 08:06 262621     /lib/i386-linux-gnu/libwrap.so.0.7.6
6641c000-6641d000 r--p 00007000 08:06 262621     /lib/i386-linux-gnu/libwrap.so.0.7.6
6641d000-6641e000 rw-p 00008000 08:06 262621     /lib/i386-linux-gnu/libwrap.so.0.7.6
6644b000-66488000 r-xp 00000000 08:06 1706535    /usr/lib/i386-linux-gnu/libopus.so.0.2.0
66488000-66489000 r--p 0003c000 08:06 1706535    /usr/lib/i386-linux-gnu/libopus.so.0.2.0
66489000-6648a000 rw-p 0003d000 08:06 1706535    /usr/lib/i386-linux-gnu/libopus.so.0.2.0
6648a000-664e2000 r-xp 00000000 08:06 1722219    /usr/lib/i386-linux-gnu/libXt.so.6.0.0
664e2000-664e3000 r--p 00058000 08:06 1722219    /usr/lib/i386-linux-gnu/libXt.so.6.0.0
664e3000-664e6000 rw-p 00059000 08:06 1722219    /usr/lib/i386-linux-gnu/libXt.so.6.0.0
664e6000-664fc000 r-xp 00000000 08:06 1705827    /usr/lib/i386-linux-gnu/libICE.so.6.3.0
664fc000-664fd000 r--p 00015000 08:06 1705827    /usr/lib/i386-linux-gnu/libICE.so.6.3.0
664fd000-664fe000 rw-p 00016000 08:06 1705827    /usr/lib/i386-linux-gnu/libICE.so.6.3.0
664fe000-66500000 rw-p 00000000 00:00 0 
66500000-665e6000 rw-p 00000000 00:00 0 
665e6000-66600000 ---p 00000000 00:00 0 
66606000-6660e000 r-xp 00000000 08:06 262510     /lib/i386-linux-gnu/libjson.so.0.1.0
6660e000-6660f000 r--p 00007000 08:06 262510     /lib/i386-linux-gnu/libjson.so.0.1.0
6660f000-66610000 rw-p 00008000 08:06 262510     /lib/i386-linux-gnu/libjson.so.0.1.0
66610000-66627000 r-xp 00000000 08:06 1705975    /usr/lib/i386-linux-gnu/libaudio.so.2.4
66627000-66628000 r--p 00016000 08:06 1705975    /usr/lib/i386-linux-gnu/libaudio.so.2.4
66628000-66629000 rw-p 00017000 08:06 1705975    /usr/lib/i386-linux-gnu/libaudio.so.2.4
66629000-6666c000 r-xp 00000000 08:06 1706494    /usr/lib/i386-linux-gnu/libmtp.so.9.0.5
6666c000-6666f000 r--p 00043000 08:06 1706494    /usr/lib/i386-linux-gnu/libmtp.so.9.0.5
6666f000-66676000 rw-p 00046000 08:06 1706494    /usr/lib/i386-linux-gnu/libmtp.so.9.0.5
66676000-666fc000 r-xp 00000000 08:06 1720486    /usr/lib/i386-linux-gnu/libdirac_encoder.so.0.1.0
666fc000-666fe000 r--p 00085000 08:06 1720486    /usr/lib/i386-linux-gnu/libdirac_encoder.so.0.1.0
666fe000-666ff000 rw-p 00087000 08:06 1720486    /usr/lib/i386-linux-gnu/libdirac_encoder.so.0.1.0
666ff000-66700000 rw-p 00000000 00:00 0 
66700000-66800000 rw-p 00000000 00:00 0 
66805000-668fa000 r-xp 00000000 08:06 1720541    /usr/lib/libvlccore.so.5.1.1
668fa000-668ff000 r--p 000f5000 08:06 1720541    /usr/lib/libvlccore.so.5.1.1
668ff000-66900000 rw-p 000fa000 08:06 1720541    /usr/lib/libvlccore.so.5.1.1
66900000-669f9000 rw-p 00000000 00:00 0 
669f9000-66a00000 ---p 00000000 00:00 0 
66a0a000-66a0e000 r-xp 00000000 08:06 262619     /lib/i386-linux-gnu/libuuid.so.1.3.0
66a0e000-66a0f000 r--p 00003000 08:06 262619     /lib/i386-linux-gnu/libuuid.so.1.3.0
66a0f000-66a10000 rw-p 00004000 08:06 262619     /lib/i386-linux-gnu/libuuid.so.1.3.0
66a10000-66a13000 r-xp 00000000 08:06 1706600    /usr/lib/i386-linux-gnu/libpulse-simple.so.0.0.3
66a13000-66a14000 r--p 00002000 08:06 1706600    /usr/lib/i386-linux-gnu/libpulse-simple.so.0.0.3
66a14000-66a15000 rw-p 00003000 08:06 1706600    /usr/lib/i386-linux-gnu/libpulse-simple.so.0.0.3
66a17000-66a1e000 r-xp 00000000 08:06 1705877    /usr/lib/i386-linux-gnu/libSM.so.6.0.1
66a1e000-66a1f000 r--p 00006000 08:06 1705877    /usr/lib/i386-linux-gnu/libSM.so.6.0.1
66a1f000-66a20000 rw-p 00007000 08:06 1705877    /usr/lib/i386-linux-gnu/libSM.so.6.0.1
66a20000-66a31000 r-xp 00000000 08:06 262615     /lib/i386-linux-gnu/libusb-1.0.so.0.1.0
66a31000-66a32000 r--p 00010000 08:06 262615     /lib/i386-linux-gnu/libusb-1.0.so.0.1.0
66a32000-66a33000 rw-p 00011000 08:06 262615     /lib/i386-linux-gnu/libusb-1.0.so.0.1.0
66a3d000-66a43000 r-xp 00000000 08:06 405627     /usr/lib/vlc/plugins/control/libhotkeys_plugin.so
66a43000-66a44000 r--p 00005000 08:06 405627     /usr/lib/vlc/plugins/control/libhotkeys_plugin.so
66a44000-66a45000 rw-p 00006000 08:06 405627     /usr/lib/vlc/plugins/control/libhotkeys_plugin.so
66a45000-66a4a000 r-xp 00000000 08:06 405519     /usr/lib/vlc/plugins/audio_output/libalsa_plugin.so
66a4a000-66a4b000 r--p 00004000 08:06 405519     /usr/lib/vlc/plugins/audio_output/libalsa_plugin.so
66a4b000-66a4c000 rw-p 00005000 08:06 405519     /usr/lib/vlc/plugins/audio_output/libalsa_plugin.so
66a4c000-66a66000 r-xp 00000000 08:06 1720543    /usr/lib/libvlc.so.5.3.2
66a66000-66a67000 r--p 00019000 08:06 1720543    /usr/lib/libvlc.so.5.3.2
66a67000-66a68000 rw-p 0001a000 08:06 1720543    /usr/lib/libvlc.so.5.3.2
66a68000-66a7c000 r-xp 00000000 08:06 1441562    /tmp/jna-gene/jna2178028628410475803.tmp (deleted)
66a7c000-66a7d000 rw-p 00014000 08:06 1441562    /tmp/jna-gene/jna2178028628410475803.tmp (deleted)
66a7d000-66a80000 ---p 00000000 00:00 0 
66a80000-66ace000 rw-p 00000000 00:00 0          [stack:8698]
66ae6000-66af8000 r--s 00000000 08:06 656570     /usr/share/fonts/type1/gsfonts/n019043l.pfb
66af8000-66b04000 r--s 00000000 08:06 656555     /usr/share/fonts/type1/gsfonts/d050000l.pfb
66b1f000-66b3a000 r--s 00000000 08:06 656612     /usr/share/fonts/type1/gsfonts/p052023l.pfb
66b41000-66b57000 r-xp 00000000 08:06 1720189    /usr/lib/i386-linux-gnu/libmad.so.0.2.1
66b57000-66b58000 r--p 00015000 08:06 1720189    /usr/lib/i386-linux-gnu/libmad.so.0.2.1
66b58000-66b59000 rw-p 00016000 08:06 1720189    /usr/lib/i386-linux-gnu/libmad.so.0.2.1
66b59000-66b63000 r-xp 00000000 08:06 1720240    /usr/lib/liba52-0.7.4.so
66b63000-66b64000 r--p 00009000 08:06 1720240    /usr/lib/liba52-0.7.4.so
66b64000-66b65000 rw-p 0000a000 08:06 1720240    /usr/lib/liba52-0.7.4.so
66b65000-66b66000 rw-p 00000000 00:00 0 
66b66000-66b82000 r--s 00000000 08:06 656615     /usr/share/fonts/type1/gsfonts/p052024l.pfb
66b82000-66b94000 r--s 00000000 08:06 656573     /usr/share/fonts/type1/gsfonts/n019044l.pfb
66b94000-66ba7000 r--s 00000000 08:06 656534     /usr/share/fonts/type1/gsfonts/b018015l.pfb
66ba7000-66bb8000 r--s 00000000 08:06 656576     /usr/share/fonts/type1/gsfonts/n019063l.pfb
66bc4000-66be9000 r-xp 00000000 08:06 1703665    /usr/lib/libdca.so.0.0.0
66be9000-66bea000 r--p 00024000 08:06 1703665    /usr/lib/libdca.so.0.0.0
66bea000-66beb000 rw-p 00025000 08:06 1703665    /usr/lib/libdca.so.0.0.0
66beb000-66c00000 r--s 00000000 08:06 656537     /usr/share/fonts/type1/gsfonts/b018032l.pfb
66c00000-66cea000 rw-p 00000000 00:00 0 
66cea000-66d00000 ---p 00000000 00:00 0 
66d16000-66d18000 r-xp 00000000 08:06 405491     /usr/lib/vlc/plugins/audio_filter/libsamplerate_plugin.so
66d18000-66d19000 r--p 00001000 08:06 405491     /usr/lib/vlc/plugins/audio_filter/libsamplerate_plugin.so
66d19000-66d1a000 rw-p 00002000 08:06 405491     /usr/lib/vlc/plugins/audio_filter/libsamplerate_plugin.so
66d1a000-66d1c000 r-xp 00000000 08:06 405501     /usr/lib/vlc/plugins/audio_filter/libmpgatofixed32_plugin.so
66d1c000-66d1d000 r--p 00001000 08:06 405501     /usr/lib/vlc/plugins/audio_filter/libmpgatofixed32_plugin.so
66d1d000-66d1e000 rw-p 00002000 08:06 405501     /usr/lib/vlc/plugins/audio_filter/libmpgatofixed32_plugin.so
66d1e000-66d20000 r-xp 00000000 08:06 405496     /usr/lib/vlc/plugins/audio_filter/liba52tofloat32_plugin.so
66d20000-66d21000 r--p 00001000 08:06 405496     /usr/lib/vlc/plugins/audio_filter/liba52tofloat32_plugin.so
66d21000-66d22000 rw-p 00002000 08:06 405496     /usr/lib/vlc/plugins/audio_filter/liba52tofloat32_plugin.so
66d22000-66d24000 r-xp 00000000 08:06 405511     /usr/lib/vlc/plugins/audio_filter/libdtstofloat32_plugin.so
66d24000-66d25000 r--p 00001000 08:06 405511     /usr/lib/vlc/plugins/audio_filter/libdtstofloat32_plugin.so
66d25000-66d26000 rw-p 00002000 08:06 405511     /usr/lib/vlc/plugins/audio_filter/libdtstofloat32_plugin.so
66d26000-66d29000 r-xp 00000000 08:06 405510     /usr/lib/vlc/plugins/audio_filter/libscaletempo_plugin.so
66d29000-66d2a000 r--p 00002000 08:06 405510     /usr/lib/vlc/plugins/audio_filter/libscaletempo_plugin.so
66d2a000-66d2b000 rw-p 00003000 08:06 405510     /usr/lib/vlc/plugins/audio_filter/libscaletempo_plugin.so
66d2b000-66d32000 r-xp 00000000 08:06 407155     /usr/lib/vlc/plugins/audio_output/libpulse_plugin.so
66d32000-66d33000 r--p 00006000 08:06 407155     /usr/lib/vlc/plugins/audio_output/libpulse_plugin.so
66d33000-66d34000 rw-p 00007000 08:06 407155     /usr/lib/vlc/plugins/audio_output/libpulse_plugin.so
66d34000-66d41000 r-xp 00000000 08:06 405488     /usr/lib/vlc/plugins/meta_engine/libtaglib_plugin.so
66d41000-66d42000 r--p 0000c000 08:06 405488     /usr/lib/vlc/plugins/meta_engine/libtaglib_plugin.so
66d42000-66d43000 rw-p 0000d000 08:06 405488     /usr/lib/vlc/plugins/meta_engine/libtaglib_plugin.so
66d43000-66d46000 r-xp 00000000 08:06 405456     /usr/lib/vlc/plugins/codec/libfaad_plugin.so
66d46000-66d47000 r--p 00002000 08:06 405456     /usr/lib/vlc/plugins/codec/libfaad_plugin.so
66d47000-66d48000 rw-p 00003000 08:06 405456     /usr/lib/vlc/plugins/codec/libfaad_plugin.so
66d48000-66d4c000 r-xp 00000000 08:06 405477     /usr/lib/vlc/plugins/codec/libopus_plugin.so
66d4c000-66d4d000 r--p 00003000 08:06 405477     /usr/lib/vlc/plugins/codec/libopus_plugin.so
66d4d000-66d4e000 rw-p 00004000 08:06 405477     /usr/lib/vlc/plugins/codec/libopus_plugin.so
66d4e000-66d57000 r-xp 00000000 08:06 405450     /usr/lib/vlc/plugins/codec/libschroedinger_plugin.so
66d57000-66d58000 r--p 00008000 08:06 405450     /usr/lib/vlc/plugins/codec/libschroedinger_plugin.so
66d58000-66d59000 rw-p 00009000 08:06 405450     /usr/lib/vlc/plugins/codec/libschroedinger_plugin.so
66d59000-66d5c000 r-xp 00000000 08:06 405482     /usr/lib/vlc/plugins/codec/libcdg_plugin.so
66d5c000-66d5d000 r--p 00002000 08:06 405482     /usr/lib/vlc/plugins/codec/libcdg_plugin.so
66d5d000-66d5e000 rw-p 00003000 08:06 405482     /usr/lib/vlc/plugins/codec/libcdg_plugin.so
66d5e000-66d60000 r-xp 00000000 08:06 405481     /usr/lib/vlc/plugins/codec/libpng_plugin.so
66d60000-66d61000 r--p 00001000 08:06 405481     /usr/lib/vlc/plugins/codec/libpng_plugin.so
66d61000-66d62000 rw-p 00002000 08:06 405481     /usr/lib/vlc/plugins/codec/libpng_plugin.so
66d62000-66da7000 r-xp 00000000 08:06 1706715    /usr/lib/i386-linux-gnu/libtheoraenc.so.1.1.2
66da7000-66da8000 r--p 00044000 08:06 1706715    /usr/lib/i386-linux-gnu/libtheoraenc.so.1.1.2
66da8000-66da9000 rw-p 00045000 08:06 1706715    /usr/lib/i386-linux-gnu/libtheoraenc.so.1.1.2
66da9000-66dc8000 r--s 00000000 08:06 669785     /usr/share/texmf/fonts/type1/public/lm/lmb10.pfb
66dca000-66dcd000 r-xp 00000000 08:06 405449     /usr/lib/vlc/plugins/codec/libmpeg_audio_plugin.so
66dcd000-66dce000 r--p 00002000 08:06 405449     /usr/lib/vlc/plugins/codec/libmpeg_audio_plugin.so
66dce000-66dcf000 rw-p 00003000 08:06 405449     /usr/lib/vlc/plugins/codec/libmpeg_audio_plugin.so
66dcf000-66dd2000 r-xp 00000000 08:06 405473     /usr/lib/vlc/plugins/codec/libsvcdsub_plugin.so
66dd2000-66dd3000 r--p 00002000 08:06 405473     /usr/lib/vlc/plugins/codec/libsvcdsub_plugin.so
66dd3000-66dd4000 rw-p 00003000 08:06 405473     /usr/lib/vlc/plugins/codec/libsvcdsub_plugin.so
66dd4000-66dd8000 r-xp 00000000 08:06 405634     /usr/lib/vlc/plugins/packetizer/libpacketizer_flac_plugin.so
66dd8000-66dd9000 r--p 00003000 08:06 405634     /usr/lib/vlc/plugins/packetizer/libpacketizer_flac_plugin.so
66dd9000-66dda000 rw-p 00004000 08:06 405634     /usr/lib/vlc/plugins/packetizer/libpacketizer_flac_plugin.so
66dda000-66ddf000 r-xp 00000000 08:06 405638     /usr/lib/vlc/plugins/packetizer/libpacketizer_mpegvideo_plugin.so
66ddf000-66de0000 r--p 00004000 08:06 405638     /usr/lib/vlc/plugins/packetizer/libpacketizer_mpegvideo_plugin.so
66de0000-66de1000 rw-p 00005000 08:06 405638     /usr/lib/vlc/plugins/packetizer/libpacketizer_mpegvideo_plugin.so
66de1000-66dfd000 r--s 00000000 08:06 669848     /usr/share/texmf/fonts/type1/public/lm/lmbxi10.pfb
66dfd000-66e00000 r-xp 00000000 08:06 405455     /usr/lib/vlc/plugins/codec/libcvdsub_plugin.so
66e00000-66e01000 r--p 00002000 08:06 405455     /usr/lib/vlc/plugins/codec/libcvdsub_plugin.so
66e01000-66e02000 rw-p 00003000 08:06 405455     /usr/lib/vlc/plugins/codec/libcvdsub_plugin.so
66e02000-66e1d000 r-xp 00000000 08:06 1706713    /usr/lib/i386-linux-gnu/libtheoradec.so.1.1.4
66e1d000-66e1e000 r--p 0001a000 08:06 1706713    /usr/lib/i386-linux-gnu/libtheoradec.so.1.1.4
66e1e000-66e1f000 rw-p 0001b000 08:06 1706713    /usr/lib/i386-linux-gnu/libtheoradec.so.1.1.4
66e1f000-66e3e000 r--s 00000000 08:06 669777     /usr/share/texmf/fonts/type1/public/lm/lmdunh10.pfb
66e3e000-66e41000 r-xp 00000000 08:06 405458     /usr/lib/vlc/plugins/codec/libspudec_plugin.so
66e41000-66e42000 r--p 00003000 08:06 405458     /usr/lib/vlc/plugins/codec/libspudec_plugin.so
66e42000-66e43000 rw-p 00004000 08:06 405458     /usr/lib/vlc/plugins/codec/libspudec_plugin.so
66e43000-66e52000 r-xp 00000000 08:06 405635     /usr/lib/vlc/plugins/packetizer/libpacketizer_h264_plugin.so
66e52000-66e53000 r--p 0000e000 08:06 405635     /usr/lib/vlc/plugins/packetizer/libpacketizer_h264_plugin.so
66e53000-66e54000 rw-p 0000f000 08:06 405635     /usr/lib/vlc/plugins/packetizer/libpacketizer_h264_plugin.so
66e54000-66e58000 r-xp 00000000 08:06 405636     /usr/lib/vlc/plugins/packetizer/libpacketizer_mlp_plugin.so
66e58000-66e59000 r--p 00003000 08:06 405636     /usr/lib/vlc/plugins/packetizer/libpacketizer_mlp_plugin.so
66e59000-66e5a000 rw-p 00004000 08:06 405636     /usr/lib/vlc/plugins/packetizer/libpacketizer_mlp_plugin.so
66e5a000-66e5f000 r-xp 00000000 08:06 405637     /usr/lib/vlc/plugins/packetizer/libpacketizer_mpeg4video_plugin.so
66e5f000-66e60000 r--p 00004000 08:06 405637     /usr/lib/vlc/plugins/packetizer/libpacketizer_mpeg4video_plugin.so
66e60000-66e61000 rw-p 00005000 08:06 405637     /usr/lib/vlc/plugins/packetizer/libpacketizer_mpeg4video_plugin.so
66e61000-66e64000 ---p 00000000 00:00 0 
66e64000-66ee2000 rw-p 00000000 00:00 0          [stack:8679]
66ee2000-66f06000 r--s 00000000 08:06 669791     /usr/share/texmf/fonts/type1/public/lm/lmduno10.pfb
66f08000-66f0e000 r-xp 00000000 08:06 405640     /usr/lib/vlc/plugins/packetizer/libpacketizer_mpeg4audio_plugin.so
66f0e000-66f0f000 r--p 00005000 08:06 405640     /usr/lib/vlc/plugins/packetizer/libpacketizer_mpeg4audio_plugin.so
66f0f000-66f10000 rw-p 00006000 08:06 405640     /usr/lib/vlc/plugins/packetizer/libpacketizer_mpeg4audio_plugin.so
66f10000-66f18000 r-xp 00000000 08:06 405633     /usr/lib/vlc/plugins/packetizer/libpacketizer_vc1_plugin.so
66f18000-66f19000 r--p 00007000 08:06 405633     /usr/lib/vlc/plugins/packetizer/libpacketizer_vc1_plugin.so
66f19000-66f1a000 rw-p 00008000 08:06 405633     /usr/lib/vlc/plugins/packetizer/libpacketizer_vc1_plugin.so
66f1a000-66f39000 r-xp 00000000 08:06 1708460    /usr/lib/i386-linux-gnu/sse2/libspeex.so.1.5.0
66f39000-66f3a000 r--p 0001e000 08:06 1708460    /usr/lib/i386-linux-gnu/sse2/libspeex.so.1.5.0
66f3a000-66f3b000 rw-p 0001f000 08:06 1708460    /usr/lib/i386-linux-gnu/sse2/libspeex.so.1.5.0
66f3d000-66f42000 r-xp 00000000 08:06 405641     /usr/lib/vlc/plugins/packetizer/libpacketizer_dirac_plugin.so
66f42000-66f43000 r--p 00005000 08:06 405641     /usr/lib/vlc/plugins/packetizer/libpacketizer_dirac_plugin.so
66f43000-66f44000 rw-p 00006000 08:06 405641     /usr/lib/vlc/plugins/packetizer/libpacketizer_dirac_plugin.so
66f44000-66f4a000 r-xp 00000000 08:06 405451     /usr/lib/vlc/plugins/codec/libtheora_plugin.so
66f4a000-66f4b000 r--p 00005000 08:06 405451     /usr/lib/vlc/plugins/codec/libtheora_plugin.so
66f4b000-66f4c000 rw-p 00006000 08:06 405451     /usr/lib/vlc/plugins/codec/libtheora_plugin.so
66f4c000-66f52000 r-xp 00000000 08:06 405479     /usr/lib/vlc/plugins/codec/libvorbis_plugin.so
66f52000-66f53000 r--p 00005000 08:06 405479     /usr/lib/vlc/plugins/codec/libvorbis_plugin.so
66f53000-66f54000 rw-p 00006000 08:06 405479     /usr/lib/vlc/plugins/codec/libvorbis_plugin.so
66f54000-66f5a000 r-xp 00000000 08:06 405478     /usr/lib/vlc/plugins/codec/libspeex_plugin.so
66f5a000-66f5b000 r--p 00005000 08:06 405478     /usr/lib/vlc/plugins/codec/libspeex_plugin.so
66f5b000-66f5c000 rw-p 00006000 08:06 405478     /usr/lib/vlc/plugins/codec/libspeex_plugin.so
66f5c000-66f5e000 r-xp 00000000 08:06 405483     /usr/lib/vlc/plugins/codec/libaes3_plugin.so
66f5e000-66f5f000 r--p 00001000 08:06 405483     /usr/lib/vlc/plugins/codec/libaes3_plugin.so
66f5f000-66f60000 rw-p 00002000 08:06 405483     /usr/lib/vlc/plugins/codec/libaes3_plugin.so
66f60000-66f62000 r-xp 00000000 08:06 405480     /usr/lib/vlc/plugins/codec/librawvideo_plugin.so
66f62000-66f63000 r--p 00001000 08:06 405480     /usr/lib/vlc/plugins/codec/librawvideo_plugin.so
66f63000-66f64000 rw-p 00002000 08:06 405480     /usr/lib/vlc/plugins/codec/librawvideo_plugin.so
66f64000-66f68000 r-xp 00000000 08:06 405462     /usr/lib/vlc/plugins/codec/liblpcm_plugin.so
66f68000-66f69000 r--p 00003000 08:06 405462     /usr/lib/vlc/plugins/codec/liblpcm_plugin.so
66f69000-66f6a000 rw-p 00004000 08:06 405462     /usr/lib/vlc/plugins/codec/liblpcm_plugin.so
66f6a000-66f6f000 r-xp 00000000 08:06 280640     /usr/lib/vlc/plugins/demux/libes_plugin.so
66f6f000-66f70000 r--p 00004000 08:06 280640     /usr/lib/vlc/plugins/demux/libes_plugin.so
66f70000-66f71000 rw-p 00005000 08:06 280640     /usr/lib/vlc/plugins/demux/libes_plugin.so
66f71000-66f7d000 r-xp 00000000 08:06 280632     /usr/lib/vlc/plugins/demux/libasf_plugin.so
66f7d000-66f7e000 r--p 0000b000 08:06 280632     /usr/lib/vlc/plugins/demux/libasf_plugin.so
66f7e000-66f7f000 rw-p 0000c000 08:06 280632     /usr/lib/vlc/plugins/demux/libasf_plugin.so
66f7f000-66f80000 ---p 00000000 00:00 0 
66f80000-67000000 rw-p 00000000 00:00 0          [stack:8676]
67000000-670fb000 rw-p 00000000 00:00 0 
670fb000-67100000 ---p 00000000 00:00 0 
67100000-67102000 r-xp 00000000 08:06 280658     /usr/lib/vlc/plugins/misc/libinhibit_plugin.so
67102000-67103000 r--p 00001000 08:06 280658     /usr/lib/vlc/plugins/misc/libinhibit_plugin.so
67103000-67104000 rw-p 00002000 08:06 280658     /usr/lib/vlc/plugins/misc/libinhibit_plugin.so
67106000-6712a000 r-xp 00000000 08:06 280624     /usr/lib/vlc/plugins/demux/libmp4_plugin.so
6712a000-6712b000 r--p 00024000 08:06 280624     /usr/lib/vlc/plugins/demux/libmp4_plugin.so
6712b000-6712c000 rw-p 00025000 08:06 280624     /usr/lib/vlc/plugins/demux/libmp4_plugin.so
6712c000-67147000 r-xp 00000000 08:06 405646     /usr/lib/vlc/plugins/stream_filter/libstream_filter_dash_plugin.so
67147000-67148000 r--p 0001b000 08:06 405646     /usr/lib/vlc/plugins/stream_filter/libstream_filter_dash_plugin.so
67148000-67149000 rw-p 0001c000 08:06 405646     /usr/lib/vlc/plugins/stream_filter/libstream_filter_dash_plugin.so
67149000-67167000 r-xp 00000000 08:06 1706115    /usr/lib/i386-linux-gnu/libdvdread.so.4.1.2
67167000-67168000 r--p 0001d000 08:06 1706115    /usr/lib/i386-linux-gnu/libdvdread.so.4.1.2
67168000-67169000 rw-p 0001e000 08:06 1706115    /usr/lib/i386-linux-gnu/libdvdread.so.4.1.2
67169000-6718c000 r--s 00000000 08:06 669827     /usr/share/texmf/fonts/type1/public/lm/lmtko10.pfb
6718e000-67192000 r-xp 00000000 08:06 280647     /usr/lib/vlc/plugins/demux/libflacsys_plugin.so
67192000-67193000 r--p 00004000 08:06 280647     /usr/lib/vlc/plugins/demux/libflacsys_plugin.so
67193000-67194000 rw-p 00005000 08:06 280647     /usr/lib/vlc/plugins/demux/libflacsys_plugin.so
67194000-67197000 ---p 00000000 00:00 0 
67197000-671e5000 rw-p 00000000 00:00 0 
671e5000-67200000 r--s 00000000 08:06 669853     /usr/share/texmf/fonts/type1/public/lm/lmtlc10.pfb
67200000-672f9000 rw-p 00000000 00:00 0 
672f9000-67300000 ---p 00000000 00:00 0 
67300000-67302000 r-xp 00000000 08:06 405485     /usr/lib/vlc/plugins/mmxext/libmemcpymmxext_plugin.so
67302000-67303000 r--p 00001000 08:06 405485     /usr/lib/vlc/plugins/mmxext/libmemcpymmxext_plugin.so
67303000-67304000 rw-p 00002000 08:06 405485     /usr/lib/vlc/plugins/mmxext/libmemcpymmxext_plugin.so
67307000-67317000 r-xp 00000000 08:06 280639     /usr/lib/vlc/plugins/demux/libavi_plugin.so
67317000-67318000 r--p 00010000 08:06 280639     /usr/lib/vlc/plugins/demux/libavi_plugin.so
67318000-67319000 rw-p 00011000 08:06 280639     /usr/lib/vlc/plugins/demux/libavi_plugin.so
67319000-6732d000 r-xp 00000000 08:06 1706111    /usr/lib/i386-linux-gnu/libdvdnav.so.4.1.2
6732d000-6732e000 r--p 00013000 08:06 1706111    /usr/lib/i386-linux-gnu/libdvdnav.so.4.1.2
6732e000-6732f000 rw-p 00014000 08:06 1706111    /usr/lib/i386-linux-gnu/libdvdnav.so.4.1.2
6732f000-67349000 r--s 00000000 08:06 669797     /usr/share/texmf/fonts/type1/public/lm/lmtl10.pfb
67349000-6734c000 r-xp 00000000 08:06 1720599    /usr/lib/vlc/plugins/access/libstream_filter_rar_plugin.so
6734c000-6734d000 r--p 00002000 08:06 1720599    /usr/lib/vlc/plugins/access/libstream_filter_rar_plugin.so
6734d000-6734e000 rw-p 00003000 08:06 1720599    /usr/lib/vlc/plugins/access/libstream_filter_rar_plugin.so
6734e000-67356000 r-xp 00000000 08:06 1720591    /usr/lib/vlc/plugins/access/libzip_plugin.so
67356000-67357000 r--p 00007000 08:06 1720591    /usr/lib/vlc/plugins/access/libzip_plugin.so
67357000-67358000 rw-p 00008000 08:06 1720591    /usr/lib/vlc/plugins/access/libzip_plugin.so
67358000-67362000 r-xp 00000000 08:06 405643     /usr/lib/vlc/plugins/stream_filter/libstream_filter_httplive_plugin.so
67362000-67363000 r--p 00009000 08:06 405643     /usr/lib/vlc/plugins/stream_filter/libstream_filter_httplive_plugin.so
67363000-67364000 rw-p 0000a000 08:06 405643     /usr/lib/vlc/plugins/stream_filter/libstream_filter_httplive_plugin.so
67364000-6736e000 r--s 00000000 08:06 272336     /usr/share/fonts/X11/Type1/c0419bt_.pfb
6736e000-67370000 r-xp 00000000 08:06 405645     /usr/lib/vlc/plugins/stream_filter/libstream_filter_record_plugin.so
67370000-67371000 r--p 00001000 08:06 405645     /usr/lib/vlc/plugins/stream_filter/libstream_filter_record_plugin.so
67371000-67372000 rw-p 00002000 08:06 405645     /usr/lib/vlc/plugins/stream_filter/libstream_filter_record_plugin.so
67372000-673a6000 r-xp 00000000 08:06 1720482    /usr/lib/i386-linux-gnu/libbluray.so.1.2.0
673a6000-673a7000 ---p 00034000 08:06 1720482    /usr/lib/i386-linux-gnu/libbluray.so.1.2.0
673a7000-673a8000 r--p 00034000 08:06 1720482    /usr/lib/i386-linux-gnu/libbluray.so.1.2.0
673a8000-673a9000 rw-p 00035000 08:06 1720482    /usr/lib/i386-linux-gnu/libbluray.so.1.2.0
673a9000-673c6000 r--s 00000000 08:06 669846     /usr/share/texmf/fonts/type1/public/lm/lmtk10.pfb
673c6000-673c7000 r-xp 00000000 08:06 405592     /usr/lib/vlc/plugins/audio_mixer/libfloat32_mixer_plugin.so
673c7000-673c8000 r--p 00000000 08:06 405592     /usr/lib/vlc/plugins/audio_mixer/libfloat32_mixer_plugin.so
673c8000-673c9000 rw-p 00001000 08:06 405592     /usr/lib/vlc/plugins/audio_mixer/libfloat32_mixer_plugin.so
673c9000-673cc000 r-xp 00000000 08:06 405644     /usr/lib/vlc/plugins/stream_filter/libdecomp_plugin.so
673cc000-673cd000 r--p 00002000 08:06 405644     /usr/lib/vlc/plugins/stream_filter/libdecomp_plugin.so
673cd000-673ce000 rw-p 00003000 08:06 405644     /usr/lib/vlc/plugins/stream_filter/libdecomp_plugin.so
673ce000-673e1000 r-xp 00000000 08:06 1720590    /usr/lib/vlc/plugins/access/libaccess_bd_plugin.so
673e1000-673e2000 r--p 00012000 08:06 1720590    /usr/lib/vlc/plugins/access/libaccess_bd_plugin.so
673e2000-673e3000 rw-p 00013000 08:06 1720590    /usr/lib/vlc/plugins/access/libaccess_bd_plugin.so
673e3000-67400000 r--s 00000000 08:06 669858     /usr/share/texmf/fonts/type1/public/lm/lmssdc10.pfb
67400000-674fc000 rw-p 00000000 00:00 0 
674fc000-67500000 ---p 00000000 00:00 0 
67500000-675fd000 rw-p 00000000 00:00 0 
675fd000-67600000 ---p 00000000 00:00 0 
67600000-676f8000 rw-p 00000000 00:00 0 
676f8000-67700000 ---p 00000000 00:00 0 
67702000-67703000 rwxp 00000000 00:00 0 
67704000-67708000 r-xp 00000000 08:06 1720609    /usr/lib/vlc/plugins/access/libfilesystem_plugin.so
67708000-67709000 r--p 00003000 08:06 1720609    /usr/lib/vlc/plugins/access/libfilesystem_plugin.so
67709000-6770a000 rw-p 00004000 08:06 1720609    /usr/lib/vlc/plugins/access/libfilesystem_plugin.so
6770a000-6770d000 ---p 00000000 00:00 0 
6770d000-6775b000 rw-p 00000000 00:00 0          [stack:8690]
6775b000-6778e000 rw-s 00000000 00:04 34930727   /SYSV00000000 (deleted)
6778e000-677af000 r--s 00000000 08:06 669824     /usr/share/texmf/fonts/type1/public/lm/lmcsco10.pfb
677af000-677b2000 ---p 00000000 00:00 0 
677b2000-67800000 rw-p 00000000 00:00 0          [stack:8662]
67800000-678fa000 rw-p 00000000 00:00 0 
678fa000-67900000 ---p 00000000 00:00 0 
67900000-67902000 r-xp 00000000 08:06 405602     /usr/lib/vlc/plugins/services_discovery/libmtp_plugin.so
67902000-67903000 r--p 00001000 08:06 405602     /usr/lib/vlc/plugins/services_discovery/libmtp_plugin.so
67903000-67904000 rw-p 00002000 08:06 405602     /usr/lib/vlc/plugins/services_discovery/libmtp_plugin.so
67904000-67905000 r-xp 00000000 08:06 1708656    /usr/lib/jvm/java-7-openjdk-i386/jre/lib/i386/libjawt.so
67905000-67906000 r--p 00000000 08:06 1708656    /usr/lib/jvm/java-7-openjdk-i386/jre/lib/i386/libjawt.so
67906000-67907000 rw-p 00001000 08:06 1708656    /usr/lib/jvm/java-7-openjdk-i386/jre/lib/i386/libjawt.so
67907000-6790c000 r-xp 00000000 08:06 1720610    /usr/lib/vlc/plugins/access/libaccess_vdr_plugin.so
6790c000-6790d000 r--p 00004000 08:06 1720610    /usr/lib/vlc/plugins/access/libaccess_vdr_plugin.so
6790d000-6790e000 rw-p 00005000 08:06 1720610    /usr/lib/vlc/plugins/access/libaccess_vdr_plugin.so
6790e000-67918000 r-xp 00000000 08:06 1720582    /usr/lib/vlc/plugins/access/libdvdnav_plugin.so
67918000-67919000 r--p 0000a000 08:06 1720582    /usr/lib/vlc/plugins/access/libdvdnav_plugin.so
67919000-6791a000 rw-p 0000b000 08:06 1720582    /usr/lib/vlc/plugins/access/libdvdnav_plugin.so
6791a000-6791f000 r-xp 00000000 08:06 1720612    /usr/lib/vlc/plugins/access/liblibbluray_plugin.so
6791f000-67920000 r--p 00004000 08:06 1720612    /usr/lib/vlc/plugins/access/liblibbluray_plugin.so
67920000-67921000 rw-p 00005000 08:06 1720612    /usr/lib/vlc/plugins/access/liblibbluray_plugin.so
67921000-67928000 r--s 00000000 08:06 1707538    /usr/lib/i386-linux-gnu/gconv/gconv-modules.cache
67929000-679cd000 r-xp 00000000 08:06 1439056    /tmp/sqlite-3.7.151-i386-libsqlitejdbc.so
679cd000-679ce000 r--p 000a4000 08:06 1439056    /tmp/sqlite-3.7.151-i386-libsqlitejdbc.so
679ce000-679cf000 rw-p 000a5000 08:06 1439056    /tmp/sqlite-3.7.151-i386-libsqlitejdbc.so
679cf000-679d0000 rw-p 00000000 00:00 0 
679d0000-679d5000 r--s 0004c000 08:06 1708535    /usr/lib/jvm/java-7-openjdk-common/jre/lib/jsse.jar
679d5000-679d8000 ---p 00000000 00:00 0 
679d8000-67a26000 rw-p 00000000 00:00 0          [stack:8658]
67a26000-67a29000 ---p 00000000 00:00 0 
67a29000-67a77000 rw-p 00000000 00:00 0          [stack:8657]
67a77000-67a88000 r-xp 00000000 08:06 1708665    /usr/lib/jvm/java-7-openjdk-i386/jre/lib/i386/libnio.so
67a88000-67a89000 r--p 00010000 08:06 1708665    /usr/lib/jvm/java-7-openjdk-i386/jre/lib/i386/libnio.so
67a89000-67a8a000 rw-p 00011000 08:06 1708665    /usr/lib/jvm/java-7-openjdk-i386/jre/lib/i386/libnio.so
67a8a000-67a8b000 r--s 00000000 08:06 936139     /var/cache/fontconfig/c05880de57d1f5e948fdfacc138775d9-le32d4.cache-3
67a8b000-67a91000 r--s 00000000 08:06 936131     /var/cache/fontconfig/945677eb7aeaf62f1d50efc3fb3ec7d8-le32d4.cache-3
67a91000-67a94000 r--s 00000000 08:06 938992     /var/cache/fontconfig/99e8ed0e538f840c565b6ed5dad60d56-le32d4.cache-3
67a94000-67a9a000 r--s 00000000 08:06 936659     /var/cache/fontconfig/a6d8cf8e4ec09cdbc8633c31745a07dd-le32d4.cache-3
67a9a000-67a9d000 r--s 00000000 08:06 936113     /var/cache/fontconfig/2cd17615ca594fa2959ae173292e504c-le32d4.cache-3
67a9d000-67a9e000 r--s 00000000 08:06 936148     /var/cache/fontconfig/e7071f4a29fa870f4323321c154eba04-le32d4.cache-3
67a9e000-67aa2000 r--s 00000000 08:06 936658     /var/cache/fontconfig/6eb3985aa4124903f6ff08ba781cd364-le32d4.cache-3
67aa2000-67aa3000 r--s 00000000 08:06 936110     /var/cache/fontconfig/0d8c3b2ac0904cb8a57a757ad11a4a08-le32d4.cache-3
67aa3000-67aa7000 r--s 00000000 08:06 936135     /var/cache/fontconfig/a755afe4a08bf5b97852ceb7400b47bc-le32d4.cache-3
67aa7000-67aae000 r--s 00000000 08:06 936126     /var/cache/fontconfig/6d41288fd70b0be22e8c3a91e032eec0-le32d4.cache-3
67aae000-67ab9000 r--s 00000000 08:06 936108     /var/cache/fontconfig/04aabc0a78ac019cf9454389977116d2-le32d4.cache-3
67ab9000-67aba000 r--s 00000000 08:06 936112     /var/cache/fontconfig/1ac9eb803944fde146138c791f5cc56a-le32d4.cache-3
67aba000-67abd000 r--s 00000000 08:06 936117     /var/cache/fontconfig/385c0604a188198f04d133e54aba7fe7-le32d4.cache-3
67abd000-67abe000 r--s 00000000 08:06 938732     /var/cache/fontconfig/9c956a7723ca69a44b382d9179c9802f-le32d4.cache-3
67abe000-67abf000 r--s 00000000 08:06 936145     /var/cache/fontconfig/dc05db6664285cc2f12bf69c139ae4c3-le32d4.cache-3
67abf000-67ac1000 r--s 00000000 08:06 936128     /var/cache/fontconfig/767a8244fc0220cfb567a839d0392e0b-le32d4.cache-3
67ac1000-67ac2000 r--s 00000000 08:06 936118     /var/cache/fontconfig/4794a0821666d79190d59a36cb4f44b5-le32d4.cache-3
67ac2000-67ac3000 r--s 00000000 08:06 938731     /var/cache/fontconfig/9eae20f1ff8cc0a7d125749e875856bd-le32d4.cache-3
67ac3000-67ac5000 r--s 00000000 08:06 938730     /var/cache/fontconfig/bf2c1853a9e9b00bb02fe2e9bcf1e201-le32d4.cache-3
67ac5000-67ac8000 r--s 00000000 08:06 936130     /var/cache/fontconfig/8801497958630a81b71ace7c5f9b32a8-le32d4.cache-3
67ac8000-67aeb000 r--s 00000000 08:06 938729     /var/cache/fontconfig/365b55f210c0a22e9a19e35191240f32-le32d4.cache-3
67aeb000-67aed000 r--s 00000000 08:06 938722     /var/cache/fontconfig/c57959a16110560c8d0fcea73374aeeb-le32d4.cache-3
67aed000-67af1000 r--s 00000000 08:06 936114     /var/cache/fontconfig/3047814df9a2f067bd2d96a2b9c36e5a-le32d4.cache-3
67af1000-67af2000 r--s 00000000 08:06 936121     /var/cache/fontconfig/56cf4f4769d0f4abc89a4895d7bd3ae1-le32d4.cache-3
67af2000-67af3000 r--s 00000000 08:06 936138     /var/cache/fontconfig/b9d506c9ac06c20b433354fa67a72993-le32d4.cache-3
67af3000-67af7000 r--s 00000000 08:06 936137     /var/cache/fontconfig/b47c4e1ecd0709278f4910c18777a504-le32d4.cache-3
67af7000-67af9000 r--s 00000000 08:06 938728     /var/cache/fontconfig/14d493b97896515cad3840ba4896e372-le32d4.cache-3
67af9000-67afa000 r--s 00000000 08:06 938727     /var/cache/fontconfig/89034621ae2a8922916bb6bfa5799546-le32d4.cache-3
67afa000-67b00000 r--s 00000000 08:06 936657     /var/cache/fontconfig/52f7bdb7ce746bfd7eaa1985bd9cfa93-le32d4.cache-3
67b00000-67bff000 rw-p 00000000 00:00 0 
67bff000-67c00000 ---p 00000000 00:00 0 
67c00000-67c02000 r--s 00000000 08:06 936147     /var/cache/fontconfig/e49e89034d371f0f9de17aab02136486-le32d4.cache-3
67c02000-67c03000 r--s 00000000 08:06 936119     /var/cache/fontconfig/4b14b093aebc79c320de5e86ae1d3314-le32d4.cache-3
67c03000-67c10000 r--s 00000000 08:06 936143     /var/cache/fontconfig/d52a8644073d54c13679302ca1180695-le32d4.cache-3
67c10000-67c16000 r--s 00000000 08:06 936656     /var/cache/fontconfig/3f7329c5293ffd510edef78f73874cfd-le32d4.cache-3
67c16000-67c18000 r--s 00000000 08:06 938726     /var/cache/fontconfig/65f976e5259cbe6dc7697b8648396239-le32d4.cache-3
67c18000-67c19000 r--s 00000000 08:06 938725     /var/cache/fontconfig/94f7fe9bd33aadfac165873bd010d595-le32d4.cache-3
67c19000-67c5c000 r-xp 00000000 08:06 1708645    /usr/lib/jvm/java-7-openjdk-i386/jre/lib/i386/libfontmanager.so
67c5c000-67c5d000 r--p 00043000 08:06 1708645    /usr/lib/jvm/java-7-openjdk-i386/jre/lib/i386/libfontmanager.so
67c5d000-67c5e000 rw-p 00044000 08:06 1708645    /usr/lib/jvm/java-7-openjdk-i386/jre/lib/i386/libfontmanager.so
67c5e000-67c61000 ---p 00000000 00:00 0 
67c61000-67caf000 rw-p 00000000 00:00 0          [stack:8656]
67caf000-67cb2000 ---p 00000000 00:00 0 
67cb2000-67d00000 rw-p 00000000 00:00 0          [stack:8655]
67d00000-67e00000 rw-p 00000000 00:00 0 
67e00000-67e01000 r--s 00000000 08:06 938724     /var/cache/fontconfig/423767150eb258c59035de29db6fca84-le32d4.cache-3
67e01000-67e03000 r--s 00000000 08:06 936655     /var/cache/fontconfig/67709b7835c0f764c1135060c9575660-le32d4.cache-3
67e03000-67e0a000 r--s 00000000 08:06 938721     /var/cache/fontconfig/83bf95040141907cd45bb53cf7c1c148-le32d4.cache-3
67e0a000-67e13000 r--s 00000000 08:06 938720     /var/cache/fontconfig/53d14c92082a93e67d5078324eb314ca-le32d4.cache-3
67e13000-67e20000 r--s 00000000 08:06 938717     /var/cache/fontconfig/4ac51e5cfbc76fc3f983e470323a16d3-le32d4.cache-3
67e20000-67e28000 r--s 00000000 08:06 938718     /var/cache/fontconfig/e13b20fdb08344e0e664864cc2ede53d-le32d4.cache-3
67e28000-67e2c000 r--s 00000000 08:06 940648     /var/cache/fontconfig/7ef2298fde41cc6eeb7af42e48b7d293-le32d4.cache-3
67e2c000-67e3d000 r--s 00000000 08:06 938993     /var/cache/fontconfig/467c019e582ee353435ea5c21d137ef6-le32d4.cache-3
67e3d000-67e41000 r--s 00000000 08:06 394128     /home/gene/.cache/fontconfig/3ecda6abc85ff6f54114f03ae3c1fe72-le32d4.cache-3
67e41000-68fb0000 r-xp 00000000 08:06 1706398    /usr/lib/i386-linux-gnu/libicudata.so.48.1.1
68fb0000-68fb1000 r--p 0116e000 08:06 1706398    /usr/lib/i386-linux-gnu/libicudata.so.48.1.1
68fb1000-68fb2000 rw-p 0116f000 08:06 1706398    /usr/lib/i386-linux-gnu/libicudata.so.48.1.1
68fb2000-68fb5000 r-xp 00000000 08:06 262501     /lib/i386-linux-gnu/libgpg-error.so.0.8.0
68fb5000-68fb6000 r--p 00002000 08:06 262501     /lib/i386-linux-gnu/libgpg-error.so.0.8.0
68fb6000-68fb7000 rw-p 00003000 08:06 262501     /lib/i386-linux-gnu/libgpg-error.so.0.8.0
68fb7000-68fb9000 r-xp 00000000 08:06 262512     /lib/i386-linux-gnu/libkeyutils.so.1.4
68fb9000-68fba000 r--p 00002000 08:06 262512     /lib/i386-linux-gnu/libkeyutils.so.1.4
68fba000-68fbb000 rw-p 00003000 08:06 262512     /lib/i386-linux-gnu/libkeyutils.so.1.4
68fbb000-69111000 r-xp 00000000 08:06 1706412    /usr/lib/i386-linux-gnu/libicuuc.so.48.1.1
69111000-6911b000 r--p 00155000 08:06 1706412    /usr/lib/i386-linux-gnu/libicuuc.so.48.1.1
6911b000-6911c000 rw-p 0015f000 08:06 1706412    /usr/lib/i386-linux-gnu/libicuuc.so.48.1.1
6911c000-69120000 rw-p 00000000 00:00 0 
69120000-69153000 r-xp 00000000 08:06 1706404    /usr/lib/i386-linux-gnu/libicule.so.48.1.1
69153000-69154000 ---p 00033000 08:06 1706404    /usr/lib/i386-linux-gnu/libicule.so.48.1.1
69154000-69155000 r--p 00033000 08:06 1706404    /usr/lib/i386-linux-gnu/libicule.so.48.1.1
69155000-69156000 rw-p 00034000 08:06 1706404    /usr/lib/i386-linux-gnu/libicule.so.48.1.1
69156000-6919e000 r-xp 00000000 08:06 262482     /lib/i386-linux-gnu/libdbus-1.so.3.7.2
6919e000-6919f000 r--p 00047000 08:06 262482     /lib/i386-linux-gnu/libdbus-1.so.3.7.2
6919f000-691a0000 rw-p 00048000 08:06 262482     /lib/i386-linux-gnu/libdbus-1.so.3.7.2
691a0000-691b2000 r-xp 00000000 08:06 1706541    /usr/lib/i386-linux-gnu/libp11-kit.so.0.0.0
691b2000-691b3000 r--p 00011000 08:06 1706541    /usr/lib/i386-linux-gnu/libp11-kit.so.0.0.0
691b3000-691b4000 rw-p 00012000 08:06 1706541    /usr/lib/i386-linux-gnu/libp11-kit.so.0.0.0
691b4000-691c4000 r-xp 00000000 08:06 1706699    /usr/lib/i386-linux-gnu/libtasn1.so.3.2.0
691c4000-691c5000 r--p 0000f000 08:06 1706699    /usr/lib/i386-linux-gnu/libtasn1.so.3.2.0
691c5000-691c6000 rw-p 00010000 08:06 1706699    /usr/lib/i386-linux-gnu/libtasn1.so.3.2.0
691c6000-69247000 r-xp 00000000 08:06 262497     /lib/i386-linux-gnu/libgcrypt.so.11.7.0
69247000-69248000 r--p 00080000 08:06 262497     /lib/i386-linux-gnu/libgcrypt.so.11.7.0
69248000-6924a000 rw-p 00081000 08:06 262497     /lib/i386-linux-gnu/libgcrypt.so.11.7.0
6924a000-69251000 r-xp 00000000 08:06 1706449    /usr/lib/i386-linux-gnu/libkrb5support.so.0.1
69251000-69252000 r--p 00006000 08:06 1706449    /usr/lib/i386-linux-gnu/libkrb5support.so.0.1
69252000-69253000 rw-p 00007000 08:06 1706449    /usr/lib/i386-linux-gnu/libkrb5support.so.0.1
69253000-69256000 r-xp 00000000 08:06 262477     /lib/i386-linux-gnu/libcom_err.so.2.1
69256000-69257000 r--p 00002000 08:06 262477     /lib/i386-linux-gnu/libcom_err.so.2.1
69257000-69258000 rw-p 00003000 08:06 262477     /lib/i386-linux-gnu/libcom_err.so.2.1
69258000-6927e000 r-xp 00000000 08:06 1706443    /usr/lib/i386-linux-gnu/libk5crypto.so.3.1
6927e000-6927f000 r--p 00026000 08:06 1706443    /usr/lib/i386-linux-gnu/libk5crypto.so.3.1
6927f000-69280000 rw-p 00027000 08:06 1706443    /usr/lib/i386-linux-gnu/libk5crypto.so.3.1
69280000-69347000 r-xp 00000000 08:06 1706447    /usr/lib/i386-linux-gnu/libkrb5.so.3.3
69347000-6934d000 r--p 000c6000 08:06 1706447    /usr/lib/i386-linux-gnu/libkrb5.so.3.3
6934d000-6934e000 rw-p 000cc000 08:06 1706447    /usr/lib/i386-linux-gnu/libkrb5.so.3.3
6934e000-693e6000 r-xp 00000000 08:06 1706380    /usr/lib/i386-linux-gnu/libharfbuzz.so.0.913.0
693e6000-693e7000 ---p 00098000 08:06 1706380    /usr/lib/i386-linux-gnu/libharfbuzz.so.0.913.0
693e7000-693e8000 r--p 00098000 08:06 1706380    /usr/lib/i386-linux-gnu/libharfbuzz.so.0.913.0
693e8000-693e9000 rw-p 00099000 08:06 1706380    /usr/lib/i386-linux-gnu/libharfbuzz.so.0.913.0
693e9000-693f1000 r-xp 00000000 08:06 1706787    /usr/lib/i386-linux-gnu/libxcb-render.so.0.0.0
693f1000-693f2000 r--p 00008000 08:06 1706787    /usr/lib/i386-linux-gnu/libxcb-render.so.0.0.0
693f2000-693f3000 rw-p 00009000 08:06 1706787    /usr/lib/i386-linux-gnu/libxcb-render.so.0.0.0
693f3000-693f5000 r-xp 00000000 08:06 1706791    /usr/lib/i386-linux-gnu/libxcb-shm.so.0.0.0
693f5000-693f6000 r--p 00001000 08:06 1706791    /usr/lib/i386-linux-gnu/libxcb-shm.so.0.0.0
693f6000-693f7000 rw-p 00002000 08:06 1706791    /usr/lib/i386-linux-gnu/libxcb-shm.so.0.0.0
693f7000-6941e000 r-xp 00000000 08:06 262578     /lib/i386-linux-gnu/libpng12.so.0.49.0
6941e000-6941f000 r--p 00026000 08:06 262578     /lib/i386-linux-gnu/libpng12.so.0.49.0
6941f000-69420000 rw-p 00027000 08:06 262578     /lib/i386-linux-gnu/libpng12.so.0.49.0
69420000-694b4000 r-xp 00000000 08:06 1706571    /usr/lib/i386-linux-gnu/libpixman-1.so.0.28.2
694b4000-694b9000 r--p 00093000 08:06 1706571    /usr/lib/i386-linux-gnu/libpixman-1.so.0.28.2
694b9000-694ba000 rw-p 00098000 08:06 1706571    /usr/lib/i386-linux-gnu/libpixman-1.so.0.28.2
694ba000-694bf000 r-xp 00000000 08:06 1705898    /usr/lib/i386-linux-gnu/libXdmcp.so.6.0.0
694bf000-694c0000 r--p 00004000 08:06 1705898    /usr/lib/i386-linux-gnu/libXdmcp.so.6.0.0
694c0000-694c1000 rw-p 00005000 08:06 1705898    /usr/lib/i386-linux-gnu/libXdmcp.so.6.0.0
694c1000-694c3000 r-xp 00000000 08:06 1705887    /usr/lib/i386-linux-gnu/libXau.so.6.0.0
694c3000-694c4000 r--p 00001000 08:06 1705887    /usr/lib/i386-linux-gnu/libXau.so.6.0.0
694c4000-694c5000 rw-p 00002000 08:06 1705887    /usr/lib/i386-linux-gnu/libXau.so.6.0.0
694c5000-694d5000 r-xp 00000000 08:06 1705977    /usr/lib/i386-linux-gnu/libavahi-client.so.3.2.9
694d5000-694d6000 r--p 0000f000 08:06 1705977    /usr/lib/i386-linux-gnu/libavahi-client.so.3.2.9
694d6000-694d7000 rw-p 00010000 08:06 1705977    /usr/lib/i386-linux-gnu/libavahi-client.so.3.2.9
694d7000-694e3000 r-xp 00000000 08:06 1705979    /usr/lib/i386-linux-gnu/libavahi-common.so.3.5.3
694e3000-694e4000 r--p 0000b000 08:06 1705979    /usr/lib/i386-linux-gnu/libavahi-common.so.3.5.3
694e4000-694e5000 rw-p 0000c000 08:06 1705979    /usr/lib/i386-linux-gnu/libavahi-common.so.3.5.3
694e5000-695a5000 r-xp 00000000 08:06 1706251    /usr/lib/i386-linux-gnu/libgnutls.so.26.22.6
695a5000-695a9000 r--p 000bf000 08:06 1706251    /usr/lib/i386-linux-gnu/libgnutls.so.26.22.6
695a9000-695aa000 rw-p 000c3000 08:06 1706251    /usr/lib/i386-linux-gnu/libgnutls.so.26.22.6
695aa000-695e5000 r-xp 00000000 08:06 1706276    /usr/lib/i386-linux-gnu/libgssapi_krb5.so.2.2
695e5000-695e6000 r--p 0003a000 08:06 1706276    /usr/lib/i386-linux-gnu/libgssapi_krb5.so.2.2
695e6000-695e7000 rw-p 0003b000 08:06 1706276    /usr/lib/i386-linux-gnu/libgssapi_krb5.so.2.2
695e7000-69626000 r-xp 00000000 08:06 262566     /lib/i386-linux-gnu/libpcre.so.3.13.1
69626000-69627000 r--p 0003f000 08:06 262566     /lib/i386-linux-gnu/libpcre.so.3.13.1
69627000-69628000 rw-p 00040000 08:06 262566     /lib/i386-linux-gnu/libpcre.so.3.13.1
69628000-6962d000 r-xp 00000000 08:06 1706141    /usr/lib/i386-linux-gnu/libffi.so.6.0.1
6962d000-6962e000 r--p 00005000 08:06 1706141    /usr/lib/i386-linux-gnu/libffi.so.6.0.1
6962e000-6962f000 rw-p 00006000 08:06 1706141    /usr/lib/i386-linux-gnu/libffi.so.6.0.1
6962f000-69654000 r-xp 00000000 08:06 262490     /lib/i386-linux-gnu/libexpat.so.1.6.0
69654000-69656000 r--p 00025000 08:06 262490     /lib/i386-linux-gnu/libexpat.so.1.6.0
69656000-69657000 rw-p 00027000 08:06 262490     /lib/i386-linux-gnu/libexpat.so.1.6.0
69657000-696ed000 r-xp 00000000 08:06 1706179    /usr/lib/i386-linux-gnu/libfreetype.so.6.10.0
696ed000-696f1000 r--p 00095000 08:06 1706179    /usr/lib/i386-linux-gnu/libfreetype.so.6.10.0
696f1000-696f2000 rw-p 00099000 08:06 1706179    /usr/lib/i386-linux-gnu/libfreetype.so.6.10.0
696f2000-69705000 r-xp 00000000 08:06 262589     /lib/i386-linux-gnu/libresolv-2.17.so
69705000-69706000 r--p 00013000 08:06 262589     /lib/i386-linux-gnu/libresolv-2.17.so
69706000-69707000 rw-p 00014000 08:06 262589     /lib/i386-linux-gnu/libresolv-2.17.so
69707000-69709000 rw-p 00000000 00:00 0 
69709000-69726000 r-xp 00000000 08:06 262593     /lib/i386-linux-gnu/libselinux.so.1
69726000-69727000 r--p 0001c000 08:06 262593     /lib/i386-linux-gnu/libselinux.so.1
69727000-69728000 rw-p 0001d000 08:06 262593     /lib/i386-linux-gnu/libselinux.so.1
69728000-69731000 r-xp 00000000 08:06 1705894    /usr/lib/i386-linux-gnu/libXcursor.so.1.0.2
69731000-69732000 r--p 00008000 08:06 1705894    /usr/lib/i386-linux-gnu/libXcursor.so.1.0.2
69732000-69733000 rw-p 00009000 08:06 1705894    /usr/lib/i386-linux-gnu/libXcursor.so.1.0.2
69733000-69745000 r-xp 00000000 08:06 1706553    /usr/lib/i386-linux-gnu/libpangoft2-1.0.so.0.3200.5
69745000-69746000 r--p 00011000 08:06 1706553    /usr/lib/i386-linux-gnu/libpangoft2-1.0.so.0.3200.5
69746000-69747000 rw-p 00012000 08:06 1706553    /usr/lib/i386-linux-gnu/libpangoft2-1.0.so.0.3200.5
69747000-6985a000 r-xp 00000000 08:06 1706005    /usr/lib/i386-linux-gnu/libcairo.so.2.11200.14
6985a000-6985c000 r--p 00113000 08:06 1706005    /usr/lib/i386-linux-gnu/libcairo.so.2.11200.14
6985c000-6985d000 rw-p 00115000 08:06 1706005    /usr/lib/i386-linux-gnu/libcairo.so.2.11200.14
6985d000-6985e000 rw-p 00000000 00:00 0 
6985e000-6987c000 r-xp 00000000 08:06 1705967    /usr/lib/i386-linux-gnu/libatk-1.0.so.0.20809.1
6987c000-6987e000 r--p 0001d000 08:06 1705967    /usr/lib/i386-linux-gnu/libatk-1.0.so.0.20809.1
6987e000-6987f000 rw-p 0001f000 08:06 1705967    /usr/lib/i386-linux-gnu/libatk-1.0.so.0.20809.1
6987f000-6989f000 r-xp 00000000 08:06 1720908    /usr/lib/i386-linux-gnu/libxcb.so.1.1.0
6989f000-698a0000 r--p 0001f000 08:06 1720908    /usr/lib/i386-linux-gnu/libxcb.so.1.1.0
698a0000-698a1000 rw-p 00020000 08:06 1720908    /usr/lib/i386-linux-gnu/libxcb.so.1.1.0
698a1000-698fb000 r-xp 00000000 08:06 1706064    /usr/lib/i386-linux-gnu/libcups.so.2
698fb000-698fc000 ---p 0005a000 08:06 1706064    /usr/lib/i386-linux-gnu/libcups.so.2
698fc000-698ff000 r--p 0005a000 08:06 1706064    /usr/lib/i386-linux-gnu/libcups.so.2
698ff000-69900000 rw-p 0005d000 08:06 1706064    /usr/lib/i386-linux-gnu/libcups.so.2
69900000-699ff000 r-xp 00000000 08:06 262499     /lib/i386-linux-gnu/libglib-2.0.so.0.3600.0
699ff000-69a00000 r--p 000fe000 08:06 262499     /lib/i386-linux-gnu/libglib-2.0.so.0.3600.0
69a00000-69a01000 rw-p 000ff000 08:06 262499     /lib/i386-linux-gnu/libglib-2.0.so.0.3600.0
69a01000-69a4f000 r-xp 00000000 08:06 1706257    /usr/lib/i386-linux-gnu/libgobject-2.0.so.0.3600.0
69a4f000-69a50000 r--p 0004d000 08:06 1706257    /usr/lib/i386-linux-gnu/libgobject-2.0.so.0.3600.0
69a50000-69a51000 rw-p 0004e000 08:06 1706257    /usr/lib/i386-linux-gnu/libgobject-2.0.so.0.3600.0
69a51000-69a88000 r-xp 00000000 08:06 1706167    /usr/lib/i386-linux-gnu/libfontconfig.so.1.6.2
69a88000-69a89000 r--p 00036000 08:06 1706167    /usr/lib/i386-linux-gnu/libfontconfig.so.1.6.2
69a89000-69a8a000 rw-p 00037000 08:06 1706167    /usr/lib/i386-linux-gnu/libfontconfig.so.1.6.2
69a8a000-69ad3000 r-xp 00000000 08:06 1706549    /usr/lib/i386-linux-gnu/libpango-1.0.so.0.3200.5
69ad3000-69ad4000 r--p 00049000 08:06 1706549    /usr/lib/i386-linux-gnu/libpango-1.0.so.0.3200.5
69ad4000-69ad5000 rw-p 0004a000 08:06 1706549    /usr/lib/i386-linux-gnu/libpango-1.0.so.0.3200.5
69ad5000-69af5000 r-xp 00000000 08:06 1706208    /usr/lib/i386-linux-gnu/libgdk_pixbuf-2.0.so.0.2800.0
69af5000-69af6000 ---p 00020000 08:06 1706208    /usr/lib/i386-linux-gnu/libgdk_pixbuf-2.0.so.0.2800.0
69af6000-69af7000 r--p 00020000 08:06 1706208    /usr/lib/i386-linux-gnu/libgdk_pixbuf-2.0.so.0.2800.0
69af7000-69af8000 rw-p 00021000 08:06 1706208    /usr/lib/i386-linux-gnu/libgdk_pixbuf-2.0.so.0.2800.0
69af8000-69c58000 r-xp 00000000 08:06 1706227    /usr/lib/i386-linux-gnu/libgio-2.0.so.0.3600.0
69c58000-69c5a000 r--p 00160000 08:06 1706227    /usr/lib/i386-linux-gnu/libgio-2.0.so.0.3600.0
69c5a000-69c5b000 rw-p 00162000 08:06 1706227    /usr/lib/i386-linux-gnu/libgio-2.0.so.0.3600.0
69c5b000-69c5c000 rw-p 00000000 00:00 0 
69c5c000-69d07000 r-xp 00000000 08:06 1706206    /usr/lib/i386-linux-gnu/libgdk-x11-2.0.so.0.2400.17
69d07000-69d09000 r--p 000ab000 08:06 1706206    /usr/lib/i386-linux-gnu/libgdk-x11-2.0.so.0.2400.17
69d09000-69d0a000 rw-p 000ad000 08:06 1706206    /usr/lib/i386-linux-gnu/libgdk-x11-2.0.so.0.2400.17
69d0a000-6a16b000 r-xp 00000000 08:06 1706364    /usr/lib/i386-linux-gnu/libgtk-x11-2.0.so.0.2400.17
6a16b000-6a16f000 r--p 00461000 08:06 1706364    /usr/lib/i386-linux-gnu/libgtk-x11-2.0.so.0.2400.17
6a16f000-6a171000 rw-p 00465000 08:06 1706364    /usr/lib/i386-linux-gnu/libgtk-x11-2.0.so.0.2400.17
6a171000-6a173000 rw-p 00000000 00:00 0 
6a173000-6a2a6000 r-xp 00000000 08:06 1706796    /usr/lib/i386-linux-gnu/libX11.so.6.3.0
6a2a6000-6a2a7000 r--p 00132000 08:06 1706796    /usr/lib/i386-linux-gnu/libX11.so.6.3.0
6a2a7000-6a2aa000 rw-p 00133000 08:06 1706796    /usr/lib/i386-linux-gnu/libX11.so.6.3.0
6a2aa000-6a2fc000 r-xp 00000000 08:06 1708686    /usr/lib/jvm/java-7-openjdk-i386/jre/lib/i386/xawt/libmawt.so
6a2fc000-6a2fd000 r--p 00051000 08:06 1708686    /usr/lib/jvm/java-7-openjdk-i386/jre/lib/i386/xawt/libmawt.so
6a2fd000-6a2ff000 rw-p 00052000 08:06 1708686    /usr/lib/jvm/java-7-openjdk-i386/jre/lib/i386/xawt/libmawt.so
6a2ff000-6a300000 rw-p 00000000 00:00 0 
6a300000-6a3fc000 rw-p 00000000 00:00 0 
6a3fc000-6a400000 ---p 00000000 00:00 0 
6a400000-6a401000 r--s 00000000 08:06 938723     /var/cache/fontconfig/406a1d2d2bf3ed7664fbadefac0b2f66-le32d4.cache-3
6a401000-6a403000 r-xp 00000000 08:06 1705896    /usr/lib/i386-linux-gnu/libXdamage.so.1.1.0
6a403000-6a404000 r--p 00001000 08:06 1705896    /usr/lib/i386-linux-gnu/libXdamage.so.1.1.0
6a404000-6a405000 rw-p 00002000 08:06 1705896    /usr/lib/i386-linux-gnu/libXdamage.so.1.1.0
6a405000-6a40e000 r-xp 00000000 08:06 1705918    /usr/lib/i386-linux-gnu/libXrandr.so.2.2.0
6a40e000-6a40f000 r--p 00008000 08:06 1705918    /usr/lib/i386-linux-gnu/libXrandr.so.2.2.0
6a40f000-6a410000 rw-p 00009000 08:06 1705918    /usr/lib/i386-linux-gnu/libXrandr.so.2.2.0
6a410000-6a41b000 r-xp 00000000 08:06 1706551    /usr/lib/i386-linux-gnu/libpangocairo-1.0.so.0.3200.5
6a41b000-6a41c000 r--p 0000a000 08:06 1706551    /usr/lib/i386-linux-gnu/libpangocairo-1.0.so.0.3200.5
6a41c000-6a41d000 rw-p 0000b000 08:06 1706551    /usr/lib/i386-linux-gnu/libpangocairo-1.0.so.0.3200.5
6a41d000-6a4af000 r-xp 00000000 08:06 1708643    /usr/lib/jvm/java-7-openjdk-i386/jre/lib/i386/libawt.so
6a4af000-6a4b0000 r--p 00091000 08:06 1708643    /usr/lib/jvm/java-7-openjdk-i386/jre/lib/i386/libawt.so
6a4b0000-6a4b7000 rw-p 00092000 08:06 1708643    /usr/lib/jvm/java-7-openjdk-i386/jre/lib/i386/libawt.so
6a4b7000-6a4db000 rw-p 00000000 00:00 0 
6a4db000-6a4dc000 ---p 00000000 00:00 0 
6a4dc000-6a55c000 rw-p 00000000 00:00 0          [stack:8654]
6a55c000-6a55f000 ---p 00000000 00:00 0 
6a55f000-6a5ad000 rw-p 00000000 00:00 0          [stack:8653]
6a5ad000-6a5b0000 ---p 00000000 00:00 0 
6a5b0000-6a62e000 rw-p 00000000 00:00 0          [stack:8652]
6a62e000-6a631000 ---p 00000000 00:00 0 
6a631000-6a6af000 rw-p 00000000 00:00 0          [stack:8651]
6a6af000-6a6b2000 ---p 00000000 00:00 0 
6a6b2000-6a700000 rw-p 00000000 00:00 0          [stack:8650]
6a700000-6a900000 r--p 00000000 08:06 1709808    /usr/lib/locale/locale-archive
6a900000-6aa00000 rw-p 00000000 00:00 0 
6aa00000-6ab00000 rw-p 00000000 00:00 0 
6ab00000-6abfb000 rw-p 00000000 00:00 0 
6abfb000-6ac00000 ---p 00000000 00:00 0 
6ac00000-6ac01000 r--s 00000000 08:06 936109     /var/cache/fontconfig/0c9eb80ebd1c36541ebe2852d3bb0c49-le32d4.cache-3
6ac01000-6ac03000 r-xp 00000000 08:06 1705892    /usr/lib/i386-linux-gnu/libXcomposite.so.1.0.0
6ac03000-6ac04000 r--p 00001000 08:06 1705892    /usr/lib/i386-linux-gnu/libXcomposite.so.1.0.0
6ac04000-6ac05000 rw-p 00002000 08:06 1705892    /usr/lib/i386-linux-gnu/libXcomposite.so.1.0.0
6ac05000-6ac0a000 r-xp 00000000 08:06 1705902    /usr/lib/i386-linux-gnu/libXfixes.so.3.1.0
6ac0a000-6ac0b000 r--p 00004000 08:06 1705902    /usr/lib/i386-linux-gnu/libXfixes.so.3.1.0
6ac0b000-6ac0c000 rw-p 00005000 08:06 1705902    /usr/lib/i386-linux-gnu/libXfixes.so.3.1.0
6ac0c000-6ac1a000 r-xp 00000000 08:06 1705906    /usr/lib/i386-linux-gnu/libXi.so.6.1.0
6ac1a000-6ac1b000 r--p 0000d000 08:06 1705906    /usr/lib/i386-linux-gnu/libXi.so.6.1.0
6ac1b000-6ac1c000 rw-p 0000e000 08:06 1705906    /usr/lib/i386-linux-gnu/libXi.so.6.1.0
6ac1c000-6ac2c000 r-xp 00000000 08:06 1705900    /usr/lib/i386-linux-gnu/libXext.so.6.4.0
6ac2c000-6ac2d000 r--p 0000f000 08:06 1705900    /usr/lib/i386-linux-gnu/libXext.so.6.4.0
6ac2d000-6ac2e000 rw-p 00010000 08:06 1705900    /usr/lib/i386-linux-gnu/libXext.so.6.4.0
6ac2e000-6ac31000 ---p 00000000 00:00 0 
6ac31000-6ac7f000 rw-p 00000000 00:00 0          [stack:8649]
6ac7f000-6ac80000 ---p 00000000 00:00 0 
6ac80000-6ad00000 rw-p 00000000 00:00 0          [stack:8647]
6ad00000-6adff000 rw-p 00000000 00:00 0 
6adff000-6ae00000 ---p 00000000 00:00 0 
6ae00000-6ae05000 r-xp 00000000 08:06 1705926    /usr/lib/i386-linux-gnu/libXtst.so.6.1.0
6ae05000-6ae06000 r--p 00004000 08:06 1705926    /usr/lib/i386-linux-gnu/libXtst.so.6.1.0
6ae06000-6ae07000 rw-p 00005000 08:06 1705926    /usr/lib/i386-linux-gnu/libXtst.so.6.1.0
6ae07000-6ae0f000 r-xp 00000000 08:06 1705920    /usr/lib/i386-linux-gnu/libXrender.so.1.3.0
6ae0f000-6ae10000 r--p 00007000 08:06 1705920    /usr/lib/i386-linux-gnu/libXrender.so.1.3.0
6ae10000-6ae11000 rw-p 00008000 08:06 1705920    /usr/lib/i386-linux-gnu/libXrender.so.1.3.0
6ae11000-6ae12000 r--s 00000000 08:06 936124     /var/cache/fontconfig/62f91419b9ebdb6975e7e41ab6412357-le32d4.cache-3
6ae12000-6ae28000 r-xp 00000000 08:06 1708664    /usr/lib/jvm/java-7-openjdk-i386/jre/lib/i386/libnet.so
6ae28000-6ae29000 r--p 00015000 08:06 1708664    /usr/lib/jvm/java-7-openjdk-i386/jre/lib/i386/libnet.so
6ae29000-6ae2a000 rw-p 00016000 08:06 1708664    /usr/lib/jvm/java-7-openjdk-i386/jre/lib/i386/libnet.so
6ae2a000-6ae35000 r--s 001fb000 08:06 1708529    /usr/lib/jvm/java-7-openjdk-common/jre/lib/charsets.jar
6ae35000-6afe2000 r--s 01cde000 08:06 1708621    /usr/lib/jvm/java-7-openjdk-i386/jre/lib/rt.jar
6afe2000-6dd00000 rw-p 00000000 00:00 0 
6dd00000-6ddf6000 rw-p 00000000 00:00 0 
6ddf6000-6de00000 ---p 00000000 00:00 0 
6de00000-6de09000 r--s 000bc000 08:06 1708538    /usr/lib/jvm/java-7-openjdk-common/jre/lib/resources.jar
6de09000-6de14000 r--s 001fb000 08:06 1708529    /usr/lib/jvm/java-7-openjdk-common/jre/lib/charsets.jar
6de14000-6de27000 r--s 00179000 08:06 1724490    /home/gene/Downloads/ll/vlcj-2.4.1/vlcj-2.4.1-javadoc.jar
6de27000-6de2e000 r--s 00094000 08:06 1784822    /home/gene/netbeans-7.3.1/java/modules/ext/beansbinding-1.2.1.jar
6de2e000-6de31000 ---p 00000000 00:00 0 
6de31000-6de7f000 rw-p 00000000 00:00 0          [stack:8648]
6de7f000-6de80000 ---p 00000000 00:00 0 
6de80000-6df00000 rw-p 00000000 00:00 0          [stack:8646]
6df00000-6dfb7000 rw-p 00000000 00:00 0 
6dfb7000-6e000000 ---p 00000000 00:00 0 
6e000000-6e0fd000 rw-p 00000000 00:00 0 
6e0fd000-6e100000 ---p 00000000 00:00 0 
6e100000-6e101000 r--s 00000000 08:06 938994     /var/cache/fontconfig/e0aa53bcfa504e64f87823c16bc01eb6-le32d4.cache-3
6e101000-6e104000 r-xp 00000000 08:06 1706237    /usr/lib/i386-linux-gnu/libgmodule-2.0.so.0.3600.0
6e104000-6e105000 r--p 00002000 08:06 1706237    /usr/lib/i386-linux-gnu/libgmodule-2.0.so.0.3600.0
6e105000-6e106000 rw-p 00003000 08:06 1706237    /usr/lib/i386-linux-gnu/libgmodule-2.0.so.0.3600.0
6e106000-6e115000 r--s 00115000 08:06 1724216    /home/gene/Downloads/ll/vlcj-2.4.1/platform-3.5.2.jar
6e115000-6e11f000 r--s 0004b000 08:06 1724492    /home/gene/Downloads/ll/vlcj-2.4.1/vlcj-2.4.1.jar
6e11f000-6e137000 r--s 001b9000 08:06 1779640    /home/gene/lab/music/playmp3/jmf.jar
6e137000-6e17f000 rw-p 00000000 00:00 0 
6e17f000-6e180000 ---p 00000000 00:00 0 
6e180000-6e200000 rw-p 00000000 00:00 0          [stack:8645]
6e200000-6e2e1000 rw-p 00000000 00:00 0 
6e2e1000-6e300000 ---p 00000000 00:00 0 
6e300000-6e302000 r-xp 00000000 08:06 1705908    /usr/lib/i386-linux-gnu/libXinerama.so.1.0.0
6e302000-6e303000 r--p 00001000 08:06 1705908    /usr/lib/i386-linux-gnu/libXinerama.so.1.0.0
6e303000-6e304000 rw-p 00002000 08:06 1705908    /usr/lib/i386-linux-gnu/libXinerama.so.1.0.0
6e304000-6e313000 r--s 000d3000 08:06 1786959    /home/gene/Downloads/jaudiotagger-2.2.0-20130321.142353-1.jar
6e313000-6e314000 ---p 00000000 00:00 0 
6e314000-6e394000 rw-p 00000000 00:00 0          [stack:8644]
6e394000-6e395000 ---p 00000000 00:00 0 
6e395000-6e41d000 rw-p 00000000 00:00 0          [stack:8643]
6e41d000-6e455000 rw-p 00000000 00:00 0 
6e455000-6e46a000 rw-p 00000000 00:00 0 
6e46a000-6e599000 rw-p 00000000 00:00 0 
6e599000-6e5a1000 rw-p 00000000 00:00 0 
6e5a1000-6e5d9000 rw-p 00000000 00:00 0 
6e5d9000-6e5ee000 rw-p 00000000 00:00 0 
6e5ee000-6e71d000 rw-p 00000000 00:00 0 
6e71d000-6e732000 rw-p 00000000 00:00 0 
6e732000-6e7bf000 rw-p 00000000 00:00 0 
6e7bf000-6f7c0000 rw-p 00000000 00:00 0 
6f7c0000-767c0000 rw-p 00000000 00:00 0 
767c0000-79040000 rw-p 00000000 00:00 0 
79040000-9efc0000 rw-p 00000000 00:00 0 
9efc0000-a1900000 rw-p 00000000 00:00 0 
a1900000-b33c0000 rw-p 00000000 00:00 0 
b33c0000-b33c1000 r-xp 00000000 08:06 1706360    /usr/lib/i386-linux-gnu/libgthread-2.0.so.0.3600.0
b33c1000-b33c2000 r--p 00000000 08:06 1706360    /usr/lib/i386-linux-gnu/libgthread-2.0.so.0.3600.0
b33c2000-b33c3000 rw-p 00001000 08:06 1706360    /usr/lib/i386-linux-gnu/libgthread-2.0.so.0.3600.0
b33c3000-b33c6000 r--s 000a6000 08:06 1724183    /home/gene/Downloads/ll/vlcj-2.4.1/jna-3.5.2.jar
b33c6000-b33c9000 r--s 00027000 08:06 1798650    /home/gene/Downloads/rs2xml.jar
b33c9000-b33cb000 r--s 00380000 08:06 1795454    /home/gene/Downloads/sqlite-jdbc-3.7.15-M1.jar
b33cb000-b33cc000 r--s 00014000 08:06 1795668    /home/gene/lab/music/playmp3/mp3plugin.jar
b33cc000-b33d5000 rw-p 00000000 00:00 0 
b33d5000-b348c000 rw-p 00000000 00:00 0 
b348c000-b36cc000 rwxp 00000000 00:00 0 
b36cc000-b648c000 rw-p 00000000 00:00 0 
b648c000-b6497000 r-xp 00000000 08:06 262543     /lib/i386-linux-gnu/libnss_files-2.17.so
b6497000-b6498000 r--p 0000a000 08:06 262543     /lib/i386-linux-gnu/libnss_files-2.17.so
b6498000-b6499000 rw-p 0000b000 08:06 262543     /lib/i386-linux-gnu/libnss_files-2.17.so
b6499000-b64a3000 r-xp 00000000 08:06 262548     /lib/i386-linux-gnu/libnss_nis-2.17.so
b64a3000-b64a4000 r--p 00009000 08:06 262548     /lib/i386-linux-gnu/libnss_nis-2.17.so
b64a4000-b64a5000 rw-p 0000a000 08:06 262548     /lib/i386-linux-gnu/libnss_nis-2.17.so
b64a5000-b64ba000 r-xp 00000000 08:06 262537     /lib/i386-linux-gnu/libnsl-2.17.so
b64ba000-b64bb000 r--p 00014000 08:06 262537     /lib/i386-linux-gnu/libnsl-2.17.so
b64bb000-b64bc000 rw-p 00015000 08:06 262537     /lib/i386-linux-gnu/libnsl-2.17.so
b64bc000-b64be000 rw-p 00000000 00:00 0 
b64be000-b64c0000 r--s 00006000 08:06 137009     /usr/share/java/java-atk-wrapper.jar
b64c0000-b64c1000 r--s 00002000 08:06 1708545    /usr/lib/jvm/java-7-openjdk-common/jre/lib/ext/dnsns.jar
b64c1000-b64c4000 r--s 0000f000 08:06 1708547    /usr/lib/jvm/java-7-openjdk-common/jre/lib/ext/pulse-java.jar
b64c4000-b64c8000 r--s 00085000 08:06 1708546    /usr/lib/jvm/java-7-openjdk-common/jre/lib/ext/localedata.jar
b64c8000-b64ca000 r--s 00012000 08:06 1708550    /usr/lib/jvm/java-7-openjdk-common/jre/lib/ext/zipfs.jar
b64ca000-b64cd000 r--s 00032000 08:06 1708548    /usr/lib/jvm/java-7-openjdk-common/jre/lib/ext/sunjce_provider.jar
b64cd000-b64d5000 r-xp 00000000 08:06 1708674    /usr/lib/jvm/java-7-openjdk-i386/jre/lib/i386/libzip.so
b64d5000-b64d6000 r--p 00007000 08:06 1708674    /usr/lib/jvm/java-7-openjdk-i386/jre/lib/i386/libzip.so
b64d6000-b64d7000 rw-p 00008000 08:06 1708674    /usr/lib/jvm/java-7-openjdk-i386/jre/lib/i386/libzip.so
b64d7000-b64fe000 r-xp 00000000 08:06 1708652    /usr/lib/jvm/java-7-openjdk-i386/jre/lib/i386/libjava.so
b64fe000-b64ff000 r--p 00026000 08:06 1708652    /usr/lib/jvm/java-7-openjdk-i386/jre/lib/i386/libjava.so
b64ff000-b6500000 rw-p 00027000 08:06 1708652    /usr/lib/jvm/java-7-openjdk-i386/jre/lib/i386/libjava.so
b6500000-b65fc000 rw-p 00000000 00:00 0 
b65fc000-b6600000 ---p 00000000 00:00 0 
b6600000-b6603000 r--s 0003c000 08:06 1708549    /usr/lib/jvm/java-7-openjdk-common/jre/lib/ext/sunpkcs11.jar
b6603000-b6604000 r--p 005db000 08:06 1709808    /usr/lib/locale/locale-archive
b6604000-b660b000 r-xp 00000000 08:06 262539     /lib/i386-linux-gnu/libnss_compat-2.17.so
b660b000-b660c000 r--p 00006000 08:06 262539     /lib/i386-linux-gnu/libnss_compat-2.17.so
b660c000-b660d000 rw-p 00007000 08:06 262539     /lib/i386-linux-gnu/libnss_compat-2.17.so
b660d000-b6614000 r-xp 00000000 08:06 262591     /lib/i386-linux-gnu/librt-2.17.so
b6614000-b6615000 r--p 00006000 08:06 262591     /lib/i386-linux-gnu/librt-2.17.so
b6615000-b6616000 rw-p 00007000 08:06 262591     /lib/i386-linux-gnu/librt-2.17.so
b6616000-b6619000 ---p 00000000 00:00 0 
b6619000-b6667000 rw-p 00000000 00:00 0          [stack:8642]
b6667000-b6682000 r-xp 00000000 08:06 262495     /lib/i386-linux-gnu/libgcc_s.so.1
b6682000-b6683000 r--p 0001a000 08:06 262495     /lib/i386-linux-gnu/libgcc_s.so.1
b6683000-b6684000 rw-p 0001b000 08:06 262495     /lib/i386-linux-gnu/libgcc_s.so.1
b6684000-b66c5000 r-xp 00000000 08:06 262518     /lib/i386-linux-gnu/libm-2.17.so
b66c5000-b66c6000 r--p 00040000 08:06 262518     /lib/i386-linux-gnu/libm-2.17.so
b66c6000-b66c7000 rw-p 00041000 08:06 262518     /lib/i386-linux-gnu/libm-2.17.so
b66c7000-b67a3000 r-xp 00000000 08:06 1706691    /usr/lib/i386-linux-gnu/libstdc++.so.6.0.17
b67a3000-b67a4000 ---p 000dc000 08:06 1706691    /usr/lib/i386-linux-gnu/libstdc++.so.6.0.17
b67a4000-b67a8000 r--p 000dc000 08:06 1706691    /usr/lib/i386-linux-gnu/libstdc++.so.6.0.17
b67a8000-b67a9000 rw-p 000e0000 08:06 1706691    /usr/lib/i386-linux-gnu/libstdc++.so.6.0.17
b67a9000-b67b0000 rw-p 00000000 00:00 0 
b67b0000-b70a5000 r-xp 00000000 08:06 1708685    /usr/lib/jvm/java-7-openjdk-i386/jre/lib/i386/server/libjvm.so
b70a5000-b70ec000 r--p 008f4000 08:06 1708685    /usr/lib/jvm/java-7-openjdk-i386/jre/lib/i386/server/libjvm.so
b70ec000-b7100000 rw-p 0093b000 08:06 1708685    /usr/lib/jvm/java-7-openjdk-i386/jre/lib/i386/server/libjvm.so
b7100000-b751e000 rw-p 00000000 00:00 0 
b751e000-b7535000 r-xp 00000000 08:06 262624     /lib/i386-linux-gnu/libz.so.1.2.7
b7535000-b7536000 r--p 00016000 08:06 262624     /lib/i386-linux-gnu/libz.so.1.2.7
b7536000-b7537000 rw-p 00017000 08:06 262624     /lib/i386-linux-gnu/libz.so.1.2.7
b7537000-b754e000 r-xp 00000000 08:06 262583     /lib/i386-linux-gnu/libpthread-2.17.so
b754e000-b754f000 r--p 00016000 08:06 262583     /lib/i386-linux-gnu/libpthread-2.17.so
b754f000-b7550000 rw-p 00017000 08:06 262583     /lib/i386-linux-gnu/libpthread-2.17.so
b7550000-b7552000 rw-p 00000000 00:00 0 
b7552000-b7555000 r-xp 00000000 08:06 262485     /lib/i386-linux-gnu/libdl-2.17.so
b7555000-b7556000 r--p 00002000 08:06 262485     /lib/i386-linux-gnu/libdl-2.17.so
b7556000-b7557000 rw-p 00003000 08:06 262485     /lib/i386-linux-gnu/libdl-2.17.so
b7557000-b7704000 r-xp 00000000 08:06 262470     /lib/i386-linux-gnu/libc-2.17.so
b7704000-b7706000 r--p 001ad000 08:06 262470     /lib/i386-linux-gnu/libc-2.17.so
b7706000-b7707000 rw-p 001af000 08:06 262470     /lib/i386-linux-gnu/libc-2.17.so
b7707000-b770a000 rw-p 00000000 00:00 0 
b770a000-b7712000 rw-s 00000000 08:06 1439244    /tmp/hsperfdata_gene/8638
b7712000-b7713000 rw-p 00000000 00:00 0 
b7713000-b7714000 r--p 00000000 00:00 0 
b7714000-b7721000 r-xp 00000000 08:06 1708673    /usr/lib/jvm/java-7-openjdk-i386/jre/lib/i386/libverify.so
b7721000-b7722000 r--p 0000d000 08:06 1708673    /usr/lib/jvm/java-7-openjdk-i386/jre/lib/i386/libverify.so
b7722000-b7723000 rw-p 0000e000 08:06 1708673    /usr/lib/jvm/java-7-openjdk-i386/jre/lib/i386/libverify.so
b7723000-b7730000 r-xp 00000000 08:06 1708681    /usr/lib/jvm/java-7-openjdk-i386/jre/lib/i386/jli/libjli.so
b7730000-b7731000 r--p 0000c000 08:06 1708681    /usr/lib/jvm/java-7-openjdk-i386/jre/lib/i386/jli/libjli.so
b7731000-b7732000 rw-p 0000d000 08:06 1708681    /usr/lib/jvm/java-7-openjdk-i386/jre/lib/i386/jli/libjli.so
b7732000-b7735000 rw-p 00000000 00:00 0 
b7735000-b7736000 r-xp 00000000 00:00 0          [vdso]
b7736000-b7756000 r-xp 00000000 08:06 262446     /lib/i386-linux-gnu/ld-2.17.so
b7756000-b7757000 r--p 0001f000 08:06 262446     /lib/i386-linux-gnu/ld-2.17.so
b7757000-b7758000 rw-p 00020000 08:06 262446     /lib/i386-linux-gnu/ld-2.17.so
bffd4000-bfff5000 rw-p 00000000 00:00 0          [stack]

VM Arguments:
jvm_args: -Dfile.encoding=UTF-8 
java_command: musicplayer.Musicplayer
Launcher Type: SUN_STANDARD

Environment Variables:
PATH=/usr/local/sbin:/usr/local/bin:/usr/sbin:/usr/bin:/sbin:/bin:/usr/games:/usr/local/games
USERNAME=gene
LD_LIBRARY_PATH=/usr/lib/jvm/default-java/jre/lib/amd64:/usr/lib/jvm/default-java/jre/lib/i386:
SHELL=/bin/bash
DISPLAY=:0

Signal Handlers:
SIGSEGV: [libjvm.so+0x7598c0], sa_mask[0]=0x7ffbfeff, sa_flags=0x10000004
SIGBUS: [libjvm.so+0x7598c0], sa_mask[0]=0x7ffbfeff, sa_flags=0x10000004
SIGFPE: [libjvm.so+0x5f54f0], sa_mask[0]=0x7ffbfeff, sa_flags=0x10000004
SIGPIPE: [libjvm.so+0x5f54f0], sa_mask[0]=0x7ffbfeff, sa_flags=0x10000004
SIGXFSZ: [libjvm.so+0x5f54f0], sa_mask[0]=0x7ffbfeff, sa_flags=0x10000004
SIGILL: [libjvm.so+0x5f54f0], sa_mask[0]=0x7ffbfeff, sa_flags=0x10000004
SIGUSR1: SIG_DFL, sa_mask[0]=0x00000000, sa_flags=0x00000000
SIGUSR2: [libjvm.so+0x5f53a0], sa_mask[0]=0x00000004, sa_flags=0x10000004
SIGHUP: [libjvm.so+0x5f5930], sa_mask[0]=0x7ffbfeff, sa_flags=0x10000004
SIGINT: SIG_IGN, sa_mask[0]=0x00000000, sa_flags=0x00000000
SIGTERM: [libjvm.so+0x5f5930], sa_mask[0]=0x7ffbfeff, sa_flags=0x10000004
SIGQUIT: [libjvm.so+0x5f5930], sa_mask[0]=0x7ffbfeff, sa_flags=0x10000004


---------------  S Y S T E M  ---------------

OS:Ubuntu 13.04 (raring)
uname:Linux 3.8.0-19-generic #29-Ubuntu SMP Wed Apr 17 18:19:42 UTC 2013 i686
libc:glibc 2.17 NPTL 2.17 
rlimit: STACK 8192k, CORE 0k, NPROC 30928, NOFILE 4096, AS infinity
load average:0.53 0.48 0.39

/proc/meminfo:
MemTotal:        3975340 kB
MemFree:         2052420 kB
Buffers:          124204 kB
Cached:           927088 kB
SwapCached:            0 kB
Active:           980404 kB
Inactive:         826904 kB
Active(anon):     765856 kB
Inactive(anon):   176332 kB
Active(file):     214548 kB
Inactive(file):   650572 kB
Unevictable:           0 kB
Mlocked:               0 kB
HighTotal:       3125056 kB
HighFree:        1423032 kB
LowTotal:         850284 kB
LowFree:          629388 kB
SwapTotal:       2047996 kB
SwapFree:        2047996 kB
Dirty:               516 kB
Writeback:             0 kB
AnonPages:        756708 kB
Mapped:           164068 kB
Shmem:            185980 kB
Slab:              80156 kB
SReclaimable:      60052 kB
SUnreclaim:        20104 kB
KernelStack:        4008 kB
PageTables:         8316 kB
NFS_Unstable:          0 kB
Bounce:                0 kB
WritebackTmp:          0 kB
CommitLimit:     4035664 kB
Committed_AS:    3051044 kB
VmallocTotal:     122880 kB
VmallocUsed:       19540 kB
VmallocChunk:      88312 kB
HardwareCorrupted:     0 kB
AnonHugePages:         0 kB
HugePages_Total:       0
HugePages_Free:        0
HugePages_Rsvd:        0
HugePages_Surp:        0
Hugepagesize:       2048 kB
DirectMap4k:       10232 kB
DirectMap2M:      903168 kB


CPU:total 4 (2 cores per cpu, 2 threads per core) family 6 model 42 stepping 7, cmov, cx8, fxsr, mmx, sse, sse2, sse3, ssse3, sse4.1, sse4.2, popcnt, avx, ht, tsc, tscinvbit

/proc/cpuinfo:
processor	: 0
vendor_id	: GenuineIntel
cpu family	: 6
model		: 42
model name	: Intel(R) Core(TM) i3-2370M CPU @ 2.40GHz
stepping	: 7
microcode	: 0x25
cpu MHz		: 1700.000
cache size	: 3072 KB
physical id	: 0
siblings	: 4
core id		: 0
cpu cores	: 2
apicid		: 0
initial apicid	: 0
fdiv_bug	: no
hlt_bug		: no
f00f_bug	: no
coma_bug	: no
fpu		: yes
fpu_exception	: yes
cpuid level	: 13
wp		: yes
flags		: fpu vme de pse tsc msr pae mce cx8 apic sep mtrr pge mca cmov pat pse36 clflush dts acpi mmx fxsr sse sse2 ss ht tm pbe nx rdtscp lm constant_tsc arch_perfmon pebs bts xtopology nonstop_tsc aperfmperf eagerfpu pni pclmulqdq dtes64 monitor ds_cpl vmx est tm2 ssse3 cx16 xtpr pdcm pcid sse4_1 sse4_2 x2apic popcnt tsc_deadline_timer xsave avx lahf_lm arat epb xsaveopt pln pts dtherm tpr_shadow vnmi flexpriority ept vpid
bogomips	: 4788.75
clflush size	: 64
cache_alignment	: 64
address sizes	: 36 bits physical, 48 bits virtual
power management:

processor	: 1
vendor_id	: GenuineIntel
cpu family	: 6
model		: 42
model name	: Intel(R) Core(TM) i3-2370M CPU @ 2.40GHz
stepping	: 7
microcode	: 0x25
cpu MHz		: 2400.000
cache size	: 3072 KB
physical id	: 0
siblings	: 4
core id		: 0
cpu cores	: 2
apicid		: 1
initial apicid	: 1
fdiv_bug	: no
hlt_bug		: no
f00f_bug	: no
coma_bug	: no
fpu		: yes
fpu_exception	: yes
cpuid level	: 13
wp		: yes
flags		: fpu vme de pse tsc msr pae mce cx8 apic sep mtrr pge mca cmov pat pse36 clflush dts acpi mmx fxsr sse sse2 ss ht tm pbe nx rdtscp lm constant_tsc arch_perfmon pebs bts xtopology nonstop_tsc aperfmperf eagerfpu pni pclmulqdq dtes64 monitor ds_cpl vmx est tm2 ssse3 cx16 xtpr pdcm pcid sse4_1 sse4_2 x2apic popcnt tsc_deadline_timer xsave avx lahf_lm arat epb xsaveopt pln pts dtherm tpr_shadow vnmi flexpriority ept vpid
bogomips	: 4788.75
clflush size	: 64
cache_alignment	: 64
address sizes	: 36 bits physical, 48 bits virtual
power management:

processor	: 2
vendor_id	: GenuineIntel
cpu family	: 6
model		: 42
model name	: Intel(R) Core(TM) i3-2370M CPU @ 2.40GHz
stepping	: 7
microcode	: 0x25
cpu MHz		: 2400.000
cache size	: 3072 KB
physical id	: 0
siblings	: 4
core id		: 1
cpu cores	: 2
apicid		: 2
initial apicid	: 2
fdiv_bug	: no
hlt_bug		: no
f00f_bug	: no
coma_bug	: no
fpu		: yes
fpu_exception	: yes
cpuid level	: 13
wp		: yes
flags		: fpu vme de pse tsc msr pae mce cx8 apic sep mtrr pge mca cmov pat pse36 clflush dts acpi mmx fxsr sse sse2 ss ht tm pbe nx rdtscp lm constant_tsc arch_perfmon pebs bts xtopology nonstop_tsc aperfmperf eagerfpu pni pclmulqdq dtes64 monitor ds_cpl vmx est tm2 ssse3 cx16 xtpr pdcm pcid sse4_1 sse4_2 x2apic popcnt tsc_deadline_timer xsave avx lahf_lm arat epb xsaveopt pln pts dtherm tpr_shadow vnmi flexpriority ept vpid
bogomips	: 4788.75
clflush size	: 64
cache_alignment	: 64
address sizes	: 36 bits physical, 48 bits virtual
power management:

processor	: 3
vendor_id	: GenuineIntel
cpu family	: 6
model		: 42
model name	: Intel(R) Core(TM) i3-2370M CPU @ 2.40GHz
stepping	: 7
microcode	: 0x25
cpu MHz		: 2400.000
cache size	: 3072 KB
physical id	: 0
siblings	: 4
core id		: 1
cpu cores	: 2
apicid		: 3
initial apicid	: 3
fdiv_bug	: no
hlt_bug		: no
f00f_bug	: no
coma_bug	: no
fpu		: yes
fpu_exception	: yes
cpuid level	: 13
wp		: yes
flags		: fpu vme de pse tsc msr pae mce cx8 apic sep mtrr pge mca cmov pat pse36 clflush dts acpi mmx fxsr sse sse2 ss ht tm pbe nx rdtscp lm constant_tsc arch_perfmon pebs bts xtopology nonstop_tsc aperfmperf eagerfpu pni pclmulqdq dtes64 monitor ds_cpl vmx est tm2 ssse3 cx16 xtpr pdcm pcid sse4_1 sse4_2 x2apic popcnt tsc_deadline_timer xsave avx lahf_lm arat epb xsaveopt pln pts dtherm tpr_shadow vnmi flexpriority ept vpid
bogomips	: 4788.75
clflush size	: 64
cache_alignment	: 64
address sizes	: 36 bits physical, 48 bits virtual
power management:



Memory: 4k page, physical 3975340k(2052420k free), swap 2047996k(2047996k free)

vm_info: OpenJDK Server VM (23.7-b01) for linux-x86 JRE (1.7.0_21-b02), built on Apr 22 2013 07:41:32 by "buildd" with gcc 4.7.3

time: Fri Nov  1 16:53:59 2013
elapsed time: 13 seconds

