#
# A fatal error has been detected by the Java Runtime Environment:
#
#  SIGSEGV (0xb) at pc=0xb76b4f98, pid=30457, tid=1734011712
#
# JRE version: 7.0_21-b02
# Java VM: OpenJDK Server VM (23.7-b01 mixed mode linux-x86 )
# Problematic frame:
# C  [libc.so.6+0x12ef98]  _IO_file_underflow+0x68
#
# Failed to write core dump. Core dumps have been disabled. To enable core dumping, try "ulimit -c unlimited" before starting Java again
#
# If you would like to submit a bug report, please include
# instructions on how to reproduce the bug and visit:
#   https://bugs.launchpad.net/ubuntu/+source/openjdk-7/
#

---------------  T H R E A D  ---------------

Current thread is native thread

siginfo:si_signo=SIGSEGV: si_errno=0, si_code=1 (SEGV_MAPERR), si_addr=0x00000037

Registers:
EAX=0x67b12000, EBX=0xb7735000, ECX=0xffffffff, EDX=0x00001000
ESP=0x675abda0, EBP=0x00000001, ESI=0x6789af70, EDI=0x675aeb40
EIP=0xb76b4f98, EFLAGS=0x00210206, CR2=0x00000037

Top of Stack: (sp=0x675abda0)
0x675abda0:   6789af70 67b12000 00001000 b7735000
0x675abdb0:   6789af70 b7735000 6789af70 b75f9da9
0x675abdc0:   6789af70 b75ec57a b7735000 b7735000
0x675abdd0:   6789af70 675aeb40 6789af70 b75f9bdb
0x675abde0:   6789af70 ffffffff 66066649 66085000
0x675abdf0:   b75ec5d7 b7735000 6789af70 b75efebc
0x675abe00:   6789af70 6607c22a 00000001 66085000
0x675abe10:   66085000 6788eff8 6ddd7ab8 6606fd8c 

Instructions: (pc=0xb76b4f98)
0xb76b4f78:   4c 89 46 04 29 c2 89 46 0c 89 46 08 89 46 18 89
0xb76b4f88:   46 14 89 46 10 89 54 24 08 89 44 24 04 89 34 24
0xb76b4f98:   ff 51 38 83 f8 00 7e 38 8b 56 40 01 46 08 83 fa
0xb76b4fa8:   ff 74 05 01 d0 89 46 40 8b 46 04 0f b6 00 83 c4 

Register to memory mapping:

EAX=0x67b12000 is an unknown value
EBX=0xb7735000: <offset 0x1af000> in /lib/i386-linux-gnu/libc.so.6 at 0xb7586000
ECX=0xffffffff is an unknown value
EDX=0x00001000 is an unknown value
ESP=0x675abda0 is an unknown value
EBP=0x00000001 is an unknown value
ESI=0x6789af70 is an unknown value
EDI=0x675aeb40 is an unknown value


Stack: [0x6752e000,0x675af000],  sp=0x675abda0,  free space=503k
Native frames: (J=compiled Java code, j=interpreted, Vv=VM code, C=native code)
C  [libc.so.6+0x12ef98]  _IO_file_underflow+0x68


---------------  P R O C E S S  ---------------

VM state:not at safepoint (normal execution)

VM Mutex/Monitor currently owned by a thread: None

Heap
 PSYoungGen      total 12992K, used 4009K [0x9eff0000, 0xa0890000, 0xb33f0000)
  eden space 12800K, 29% used [0x9eff0000,0x9f3aa788,0x9fc70000)
  from space 192K, 100% used [0x9fcb0000,0x9fce0000,0x9fce0000)
  to   space 6208K, 0% used [0xa0280000,0xa0280000,0xa0890000)
 ParOldGen       total 41472K, used 8358K [0x767f0000, 0x79070000, 0x9eff0000)
  object space 41472K, 20% used [0x767f0000,0x77019b40,0x79070000)
 PSPermGen       total 16384K, used 15100K [0x6e7f0000, 0x6f7f0000, 0x767f0000)
  object space 16384K, 92% used [0x6e7f0000,0x6f6af110,0x6f7f0000)

Card table byte_map: [0x6e5c9000,0x6e7f0000] byte_map_base: 0x6e255080

Polling page: 0xb7742000

Code Cache  [0xb34b5000, 0xb36f5000, 0xb64b5000)
 total_blobs=883 nmethods=612 adapters=223 free_code_cache=47671Kb largest_free_block=48774464

Compilation events (10 events):
Event: 138.438 Thread 0x6adfc800  650             javax.swing.plaf.synth.SynthGraphicsUtils::layoutText (84 bytes)
Event: 138.445 Thread 0x6adfc800 nmethod 650 0xb35e3d88 code [0xb35e3e80, 0xb35e407c]
Event: 138.625 Thread 0x6adfe800  651             sun.awt.AWTAutoShutdown::isReadyToShutdown (35 bytes)
Event: 138.627 Thread 0x6adfe800 nmethod 651 0xb35ff848 code [0xb35ff940, 0xb35ff9fc]
Event: 141.634 Thread 0x6adfc800  652             javax.swing.plaf.synth.SynthBorder::getBorderInsets (409 bytes)
Event: 141.646 Thread 0x6adfc800 nmethod 652 0xb35e4fc8 code [0xb35e5160, 0xb35e5624]
Event: 143.496 Thread 0x6adfe800  653             java.util.HashMap$Values::iterator (8 bytes)
Event: 143.502 Thread 0x6adfe800 nmethod 653 0xb35ff4c8 code [0xb35ff5e0, 0xb35ff6f0]
Event: 143.539 Thread 0x6adfc800  654             javax.swing.SwingUtilities::layoutCompoundLabelImpl (758 bytes)
Event: 143.605 Thread 0x6adfc800 nmethod 654 0xb362d288 code [0xb362d5a0, 0xb362f034]

GC Heap History (10 events):
Event: 81.813 GC heap before
{Heap before GC invocations=9 (full 0):
 PSYoungGen      total 20544K, used 14477K [0x9eff0000, 0xa0a90000, 0xb33f0000)
  eden space 14208K, 100% used [0x9eff0000,0x9fdd0000,0x9fdd0000)
  from space 6336K, 4% used [0xa0460000,0xa04a35b0,0xa0a90000)
  to   space 6528K, 0% used [0x9fdd0000,0x9fdd0000,0xa0430000)
 ParOldGen       total 41472K, used 8234K [0x767f0000, 0x79070000, 0x9eff0000)
  object space 41472K, 19% used [0x767f0000,0x76ffaa30,0x79070000)
 PSPermGen       total 16384K, used 15076K [0x6e7f0000, 0x6f7f0000, 0x767f0000)
  object space 16384K, 92% used [0x6e7f0000,0x6f6a90a8,0x6f7f0000)
Event: 81.815 GC heap after
Heap after GC invocations=9 (full 0):
 PSYoungGen      total 14208K, used 266K [0x9eff0000, 0xa0a60000, 0xb33f0000)
  eden space 13888K, 0% used [0x9eff0000,0x9eff0000,0x9fd80000)
  from space 320K, 83% used [0x9fdd0000,0x9fe12b60,0x9fe20000)
  to   space 6592K, 0% used [0xa03f0000,0xa03f0000,0xa0a60000)
 ParOldGen       total 41472K, used 8267K [0x767f0000, 0x79070000, 0x9eff0000)
  object space 41472K, 19% used [0x767f0000,0x77002fe0,0x79070000)
 PSPermGen       total 16384K, used 15076K [0x6e7f0000, 0x6f7f0000, 0x767f0000)
  object space 16384K, 92% used [0x6e7f0000,0x6f6a90a8,0x6f7f0000)
}
Event: 96.694 GC heap before
{Heap before GC invocations=10 (full 0):
 PSYoungGen      total 14208K, used 14154K [0x9eff0000, 0xa0a60000, 0xb33f0000)
  eden space 13888K, 100% used [0x9eff0000,0x9fd80000,0x9fd80000)
  from space 320K, 83% used [0x9fdd0000,0x9fe12b60,0x9fe20000)
  to   space 6592K, 0% used [0xa03f0000,0xa03f0000,0xa0a60000)
 ParOldGen       total 41472K, used 8267K [0x767f0000, 0x79070000, 0x9eff0000)
  object space 41472K, 19% used [0x767f0000,0x77002fe0,0x79070000)
 PSPermGen       total 16384K, used 15083K [0x6e7f0000, 0x6f7f0000, 0x767f0000)
  object space 16384K, 92% used [0x6e7f0000,0x6f6aae98,0x6f7f0000)
Event: 96.698 GC heap after
Heap after GC invocations=10 (full 0):
 PSYoungGen      total 19840K, used 250K [0x9eff0000, 0xa0a10000, 0xb33f0000)
  eden space 13568K, 0% used [0x9eff0000,0x9eff0000,0x9fd30000)
  from space 6272K, 3% used [0xa03f0000,0xa042eb60,0xa0a10000)
  to   space 6592K, 0% used [0x9fd30000,0x9fd30000,0xa03a0000)
 ParOldGen       total 41472K, used 8303K [0x767f0000, 0x79070000, 0x9eff0000)
  object space 41472K, 20% used [0x767f0000,0x7700bfe0,0x79070000)
 PSPermGen       total 16384K, used 15083K [0x6e7f0000, 0x6f7f0000, 0x767f0000)
  object space 16384K, 92% used [0x6e7f0000,0x6f6aae98,0x6f7f0000)
}
Event: 111.863 GC heap before
{Heap before GC invocations=11 (full 0):
 PSYoungGen      total 19840K, used 13818K [0x9eff0000, 0xa0a10000, 0xb33f0000)
  eden space 13568K, 100% used [0x9eff0000,0x9fd30000,0x9fd30000)
  from space 6272K, 3% used [0xa03f0000,0xa042eb60,0xa0a10000)
  to   space 6592K, 0% used [0x9fd30000,0x9fd30000,0xa03a0000)
 ParOldGen       total 41472K, used 8303K [0x767f0000, 0x79070000, 0x9eff0000)
  object space 41472K, 20% used [0x767f0000,0x7700bfe0,0x79070000)
 PSPermGen       total 16384K, used 15091K [0x6e7f0000, 0x6f7f0000, 0x767f0000)
  object space 16384K, 92% used [0x6e7f0000,0x6f6acf40,0x6f7f0000)
Event: 111.867 GC heap after
Heap after GC invocations=11 (full 0):
 PSYoungGen      total 13504K, used 192K [0x9eff0000, 0xa0990000, 0xb33f0000)
  eden space 13312K, 0% used [0x9eff0000,0x9eff0000,0x9fcf0000)
  from space 192K, 100% used [0x9fd30000,0x9fd60000,0x9fd60000)
  to   space 6464K, 0% used [0xa0340000,0xa0340000,0xa0990000)
 ParOldGen       total 41472K, used 8342K [0x767f0000, 0x79070000, 0x9eff0000)
  object space 41472K, 20% used [0x767f0000,0x77015b40,0x79070000)
 PSPermGen       total 16384K, used 15091K [0x6e7f0000, 0x6f7f0000, 0x767f0000)
  object space 16384K, 92% used [0x6e7f0000,0x6f6acf40,0x6f7f0000)
}
Event: 133.918 GC heap before
{Heap before GC invocations=12 (full 0):
 PSYoungGen      total 13504K, used 13504K [0x9eff0000, 0xa0990000, 0xb33f0000)
  eden space 13312K, 100% used [0x9eff0000,0x9fcf0000,0x9fcf0000)
  from space 192K, 100% used [0x9fd30000,0x9fd60000,0x9fd60000)
  to   space 6464K, 0% used [0xa0340000,0xa0340000,0xa0990000)
 ParOldGen       total 41472K, used 8342K [0x767f0000, 0x79070000, 0x9eff0000)
  object space 41472K, 20% used [0x767f0000,0x77015b40,0x79070000)
 PSPermGen       total 16384K, used 15097K [0x6e7f0000, 0x6f7f0000, 0x767f0000)
  object space 16384K, 92% used [0x6e7f0000,0x6f6ae638,0x6f7f0000)
Event: 133.920 GC heap after
Heap after GC invocations=12 (full 0):
 PSYoungGen      total 19008K, used 288K [0x9eff0000, 0xa0910000, 0xb33f0000)
  eden space 13056K, 0% used [0x9eff0000,0x9eff0000,0x9fcb0000)
  from space 5952K, 4% used [0xa0340000,0xa0388000,0xa0910000)
  to   space 6336K, 0% used [0x9fcb0000,0x9fcb0000,0xa02e0000)
 ParOldGen       total 41472K, used 8346K [0x767f0000, 0x79070000, 0x9eff0000)
  object space 41472K, 20% used [0x767f0000,0x77016b40,0x79070000)
 PSPermGen       total 16384K, used 15097K [0x6e7f0000, 0x6f7f0000, 0x767f0000)
  object space 16384K, 92% used [0x6e7f0000,0x6f6ae638,0x6f7f0000)
}
Event: 145.668 GC heap before
{Heap before GC invocations=13 (full 0):
 PSYoungGen      total 19008K, used 13344K [0x9eff0000, 0xa0910000, 0xb33f0000)
  eden space 13056K, 100% used [0x9eff0000,0x9fcb0000,0x9fcb0000)
  from space 5952K, 4% used [0xa0340000,0xa0388000,0xa0910000)
  to   space 6336K, 0% used [0x9fcb0000,0x9fcb0000,0xa02e0000)
 ParOldGen       total 41472K, used 8346K [0x767f0000, 0x79070000, 0x9eff0000)
  object space 41472K, 20% used [0x767f0000,0x77016b40,0x79070000)
 PSPermGen       total 16384K, used 15100K [0x6e7f0000, 0x6f7f0000, 0x767f0000)
  object space 16384K, 92% used [0x6e7f0000,0x6f6af078,0x6f7f0000)
Event: 145.672 GC heap after
Heap after GC invocations=13 (full 0):
 PSYoungGen      total 12992K, used 192K [0x9eff0000, 0xa0890000, 0xb33f0000)
  eden space 12800K, 0% used [0x9eff0000,0x9eff0000,0x9fc70000)
  from space 192K, 100% used [0x9fcb0000,0x9fce0000,0x9fce0000)
  to   space 6208K, 0% used [0xa0280000,0xa0280000,0xa0890000)
 ParOldGen       total 41472K, used 8358K [0x767f0000, 0x79070000, 0x9eff0000)
  object space 41472K, 20% used [0x767f0000,0x77019b40,0x79070000)
 PSPermGen       total 16384K, used 15100K [0x6e7f0000, 0x6f7f0000, 0x767f0000)
  object space 16384K, 92% used [0x6e7f0000,0x6f6af078,0x6f7f0000)
}

Deoptimization events (10 events):
Event: 53.404 Thread 0x67a0b800 Uncommon trap -83 fr.pc 0xb354b62c
Event: 115.581 Thread 0x67a0b800 Uncommon trap -83 fr.pc 0xb3612310
Event: 115.581 Thread 0x67a0b800 Uncommon trap -83 fr.pc 0xb3609f50
Event: 115.582 Thread 0x67a0b800 Uncommon trap -83 fr.pc 0xb35f5898
Event: 145.644 Thread 0x67a0b800 Uncommon trap 38 fr.pc 0xb35875d8
Event: 145.644 Thread 0x67a0b800 Uncommon trap -83 fr.pc 0xb360ba0c
Event: 145.658 Thread 0x67a0b800 Uncommon trap -34 fr.pc 0xb360894c
Event: 145.659 Thread 0x67a0b800 Uncommon trap -83 fr.pc 0xb35db5fc
Event: 145.659 Thread 0x67a0b800 Uncommon trap -34 fr.pc 0xb360894c
Event: 145.659 Thread 0x67a0b800 Uncommon trap -83 fr.pc 0xb36088ac

Internal exceptions (10 events):
Event: 7.332 Thread 0x6dddfc00 Threw 0x9f8c0610 at /build/buildd/openjdk-7-7u21-2.3.9/build/openjdk/hotspot/src/share/vm/prims/jvm.cpp:1166
Event: 28.725 Thread 0x6ddc0c00 Threw 0x9f545b68 at /build/buildd/openjdk-7-7u21-2.3.9/build/openjdk/hotspot/src/share/vm/prims/jvm.cpp:1166
Event: 29.833 Thread 0x6dd1b800 Implicit null exception at 0xb35e75d8 to 0xb35e7cdd
Event: 29.833 Thread 0x6dd1b800 Implicit null exception at 0xb35f014a to 0xb35f04a1
Event: 29.836 Thread 0x6dd1b800 Implicit null exception at 0xb35e4434 to 0xb35e4b55
Event: 29.838 Thread 0x6dd1b800 Implicit null exception at 0xb35eaa00 to 0xb35eb161
Event: 29.840 Thread 0x6dd1b800 Implicit null exception at 0xb35ed940 to 0xb35ee0ad
Event: 30.094 Thread 0x6dd1b400 Implicit null exception at 0xb35e1242 to 0xb35e15a5
Event: 53.398 Thread 0x67a0b800 Implicit null exception at 0xb3598f07 to 0xb3598fc9
Event: 53.404 Thread 0x67a0b800 Implicit null exception at 0xb354aa82 to 0xb354b61d

Events (10 events):
Event: 146.016 Thread 0x67446000 Thread added: 0x67446000
Event: 146.018 Thread 0x67446000 Thread exited: 0x67446000
Event: 146.018 Thread 0x67446000 Thread added: 0x67446000
Event: 146.019 Thread 0x67446000 Thread exited: 0x67446000
Event: 146.031 Thread 0x67446000 Thread added: 0x67446000
Event: 146.032 Thread 0x67446000 Thread exited: 0x67446000
Event: 146.032 Thread 0x67446000 Thread added: 0x67446000
Event: 146.033 Thread 0x67446000 Thread exited: 0x67446000
Event: 146.033 Thread 0x67446000 Thread added: 0x67446000
Event: 146.035 Thread 0x67446000 Thread exited: 0x67446000


Dynamic libraries:
08048000-08049000 r-xp 00000000 08:06 1708580    /usr/lib/jvm/java-7-openjdk-i386/jre/bin/java
08049000-0804a000 r--p 00000000 08:06 1708580    /usr/lib/jvm/java-7-openjdk-i386/jre/bin/java
0804a000-0804b000 rw-p 00001000 08:06 1708580    /usr/lib/jvm/java-7-openjdk-i386/jre/bin/java
08769000-087e4000 rw-p 00000000 00:00 0          [heap]
5f05c000-5f415000 rw-s 00000000 00:04 223412350  /SYSV00000000 (deleted)
5f415000-5f57f000 r-xp 00000000 08:06 1706644    /usr/lib/i386-linux-gnu/libsamplerate.so.0.1.8
5f57f000-5f580000 r--p 00169000 08:06 1706644    /usr/lib/i386-linux-gnu/libsamplerate.so.0.1.8
5f580000-5f581000 rw-p 0016a000 08:06 1706644    /usr/lib/i386-linux-gnu/libsamplerate.so.0.1.8
63582000-63583000 ---p 00000000 00:00 0 
63583000-63d83000 rw-p 00000000 00:00 0 
64021000-64c22000 rw-p 00000000 00:00 0 
64c22000-64f01000 r-xp 00000000 08:06 1705842    /usr/lib/i386-linux-gnu/libQtCore.so.4.8.4
64f01000-64f08000 r--p 002de000 08:06 1705842    /usr/lib/i386-linux-gnu/libQtCore.so.4.8.4
64f08000-64f09000 rw-p 002e5000 08:06 1705842    /usr/lib/i386-linux-gnu/libQtCore.so.4.8.4
64f09000-64f0a000 rw-p 00000000 00:00 0 
64f0a000-659b2000 r-xp 00000000 08:06 1705851    /usr/lib/i386-linux-gnu/libQtGui.so.4.8.4
659b2000-659d4000 r--p 00aa7000 08:06 1705851    /usr/lib/i386-linux-gnu/libQtGui.so.4.8.4
659d4000-659d8000 rw-p 00ac9000 08:06 1705851    /usr/lib/i386-linux-gnu/libQtGui.so.4.8.4
659d8000-659db000 rw-p 00000000 00:00 0 
659db000-65bf0000 r-xp 00000000 08:06 407152     /usr/lib/vlc/plugins/gui/libqt4_plugin.so
65bf0000-65bf1000 ---p 00215000 08:06 407152     /usr/lib/vlc/plugins/gui/libqt4_plugin.so
65bf1000-65bfd000 r--p 00215000 08:06 407152     /usr/lib/vlc/plugins/gui/libqt4_plugin.so
65bfd000-65bff000 rw-p 00221000 08:06 407152     /usr/lib/vlc/plugins/gui/libqt4_plugin.so
65bff000-65c00000 rw-p 00000000 00:00 0 
65c00000-65d00000 rw-p 00000000 00:00 0 
65d02000-65d4d000 r-xp 00000000 08:06 1703839    /usr/lib/libmodplug.so.1.0.0
65d4d000-65d4e000 ---p 0004b000 08:06 1703839    /usr/lib/libmodplug.so.1.0.0
65d4e000-65d4f000 r--p 0004b000 08:06 1703839    /usr/lib/libmodplug.so.1.0.0
65d4f000-65d50000 rw-p 0004c000 08:06 1703839    /usr/lib/libmodplug.so.1.0.0
65d50000-65dd4000 rw-p 00000000 00:00 0 
65dd4000-65dda000 r-xp 00000000 08:06 1706531    /usr/lib/i386-linux-gnu/libogg.so.0.8.0
65dda000-65ddb000 r--p 00005000 08:06 1706531    /usr/lib/i386-linux-gnu/libogg.so.0.8.0
65ddb000-65ddc000 rw-p 00006000 08:06 1706531    /usr/lib/i386-linux-gnu/libogg.so.0.8.0
65ddc000-65e05000 r-xp 00000000 08:06 1706753    /usr/lib/i386-linux-gnu/libvorbis.so.0.4.5
65e05000-65e06000 ---p 00029000 08:06 1706753    /usr/lib/i386-linux-gnu/libvorbis.so.0.4.5
65e06000-65e07000 r--p 00029000 08:06 1706753    /usr/lib/i386-linux-gnu/libvorbis.so.0.4.5
65e07000-65e08000 rw-p 0002a000 08:06 1706753    /usr/lib/i386-linux-gnu/libvorbis.so.0.4.5
65e08000-65f6e000 r-xp 00000000 08:06 1706755    /usr/lib/i386-linux-gnu/libvorbisenc.so.2.0.8
65f6e000-65f7f000 r--p 00165000 08:06 1706755    /usr/lib/i386-linux-gnu/libvorbisenc.so.2.0.8
65f7f000-65f80000 rw-p 00176000 08:06 1706755    /usr/lib/i386-linux-gnu/libvorbisenc.so.2.0.8
65f80000-65fce000 r-xp 00000000 08:06 1705817    /usr/lib/i386-linux-gnu/libFLAC.so.8.2.0
65fce000-65fcf000 r--p 0004e000 08:06 1705817    /usr/lib/i386-linux-gnu/libFLAC.so.8.2.0
65fcf000-65fd0000 rw-p 0004f000 08:06 1705817    /usr/lib/i386-linux-gnu/libFLAC.so.8.2.0
65fd0000-6603d000 r-xp 00000000 08:06 1706669    /usr/lib/i386-linux-gnu/libsndfile.so.1.0.25
6603d000-6603f000 r--p 0006c000 08:06 1706669    /usr/lib/i386-linux-gnu/libsndfile.so.1.0.25
6603f000-66040000 rw-p 0006e000 08:06 1706669    /usr/lib/i386-linux-gnu/libsndfile.so.1.0.25
66040000-66044000 rw-p 00000000 00:00 0 
66044000-6604c000 r-xp 00000000 08:06 262621     /lib/i386-linux-gnu/libwrap.so.0.7.6
6604c000-6604d000 r--p 00007000 08:06 262621     /lib/i386-linux-gnu/libwrap.so.0.7.6
6604d000-6604e000 rw-p 00008000 08:06 262621     /lib/i386-linux-gnu/libwrap.so.0.7.6
66059000-66084000 r-xp 00000000 08:06 1706469    /usr/lib/i386-linux-gnu/liblua5.1.so.0.0.0
66084000-66085000 r--p 0002b000 08:06 1706469    /usr/lib/i386-linux-gnu/liblua5.1.so.0.0.0
66085000-66086000 rw-p 0002c000 08:06 1706469    /usr/lib/i386-linux-gnu/liblua5.1.so.0.0.0
66086000-660e4000 r-xp 00000000 08:06 280623     /usr/lib/vlc/plugins/demux/liblive555_plugin.so
660e4000-660e5000 ---p 0005e000 08:06 280623     /usr/lib/vlc/plugins/demux/liblive555_plugin.so
660e5000-660e8000 r--p 0005e000 08:06 280623     /usr/lib/vlc/plugins/demux/liblive555_plugin.so
660e8000-660ed000 rw-p 00061000 08:06 280623     /usr/lib/vlc/plugins/demux/liblive555_plugin.so
660ed000-660ee000 rw-p 00000000 00:00 0 
660ee000-66173000 r-xp 00000000 08:06 1720530    /usr/lib/i386-linux-gnu/libmatroska.so.5
66173000-66179000 r--p 00085000 08:06 1720530    /usr/lib/i386-linux-gnu/libmatroska.so.5
66179000-6617a000 rw-p 0008b000 08:06 1720530    /usr/lib/i386-linux-gnu/libmatroska.so.5
6617a000-6617c000 rw-p 00000000 00:00 0 
6617c000-6617f000 ---p 00000000 00:00 0 
6617f000-661cd000 rw-p 00000000 00:00 0          [stack:30501]
661cd000-66236000 r-xp 00000000 08:06 1708139    /usr/lib/i386-linux-gnu/pulseaudio/libpulsecommon-3.0.so
66236000-66237000 r--p 00068000 08:06 1708139    /usr/lib/i386-linux-gnu/pulseaudio/libpulsecommon-3.0.so
66237000-66238000 rw-p 00069000 08:06 1708139    /usr/lib/i386-linux-gnu/pulseaudio/libpulsecommon-3.0.so
66257000-66281000 r-xp 00000000 08:06 405608     /usr/lib/vlc/plugins/lua/liblua_plugin.so
66281000-66282000 r--p 0002a000 08:06 405608     /usr/lib/vlc/plugins/lua/liblua_plugin.so
66282000-66283000 rw-p 0002b000 08:06 405608     /usr/lib/vlc/plugins/lua/liblua_plugin.so
66283000-66284000 ---p 00000000 00:00 0 
66284000-66304000 rw-p 00000000 00:00 0          [stack:30500]
66304000-66350000 r-xp 00000000 08:06 1706602    /usr/lib/i386-linux-gnu/libpulse.so.0.15.3
66350000-66351000 ---p 0004c000 08:06 1706602    /usr/lib/i386-linux-gnu/libpulse.so.0.15.3
66351000-66352000 r--p 0004c000 08:06 1706602    /usr/lib/i386-linux-gnu/libpulse.so.0.15.3
66352000-66353000 rw-p 0004d000 08:06 1706602    /usr/lib/i386-linux-gnu/libpulse.so.0.15.3
66354000-66356000 r-xp 00000000 08:06 280628     /usr/lib/vlc/plugins/demux/libnsc_plugin.so
66356000-66357000 r--p 00001000 08:06 280628     /usr/lib/vlc/plugins/demux/libnsc_plugin.so
66357000-66358000 rw-p 00002000 08:06 280628     /usr/lib/vlc/plugins/demux/libnsc_plugin.so
66358000-6635a000 r-xp 00000000 08:06 280611     /usr/lib/vlc/plugins/demux/libdemux_cdg_plugin.so
6635a000-6635b000 r--p 00001000 08:06 280611     /usr/lib/vlc/plugins/demux/libdemux_cdg_plugin.so
6635b000-6635c000 rw-p 00002000 08:06 280611     /usr/lib/vlc/plugins/demux/libdemux_cdg_plugin.so
6635c000-6635e000 r-xp 00000000 08:06 280631     /usr/lib/vlc/plugins/demux/librawdv_plugin.so
6635e000-6635f000 r--p 00001000 08:06 280631     /usr/lib/vlc/plugins/demux/librawdv_plugin.so
6635f000-66360000 rw-p 00002000 08:06 280631     /usr/lib/vlc/plugins/demux/librawdv_plugin.so
66360000-66363000 r-xp 00000000 08:06 280615     /usr/lib/vlc/plugins/demux/libmjpeg_plugin.so
66363000-66364000 r--p 00002000 08:06 280615     /usr/lib/vlc/plugins/demux/libmjpeg_plugin.so
66364000-66365000 rw-p 00003000 08:06 280615     /usr/lib/vlc/plugins/demux/libmjpeg_plugin.so
66365000-66367000 r-xp 00000000 08:06 280629     /usr/lib/vlc/plugins/demux/libmpgv_plugin.so
66367000-66368000 r--p 00001000 08:06 280629     /usr/lib/vlc/plugins/demux/libmpgv_plugin.so
66368000-66369000 rw-p 00002000 08:06 280629     /usr/lib/vlc/plugins/demux/libmpgv_plugin.so
66369000-66371000 r-xp 00000000 08:06 280637     /usr/lib/vlc/plugins/demux/libty_plugin.so
66371000-66372000 r--p 00007000 08:06 280637     /usr/lib/vlc/plugins/demux/libty_plugin.so
66372000-66373000 rw-p 00008000 08:06 280637     /usr/lib/vlc/plugins/demux/libty_plugin.so
66373000-6637b000 r-xp 00000000 08:06 280651     /usr/lib/vlc/plugins/demux/libps_plugin.so
6637b000-6637c000 r--p 00007000 08:06 280651     /usr/lib/vlc/plugins/demux/libps_plugin.so
6637c000-6637d000 rw-p 00008000 08:06 280651     /usr/lib/vlc/plugins/demux/libps_plugin.so
6637d000-66380000 r-xp 00000000 08:06 280643     /usr/lib/vlc/plugins/demux/librawvid_plugin.so
66380000-66381000 r--p 00002000 08:06 280643     /usr/lib/vlc/plugins/demux/librawvid_plugin.so
66381000-66382000 rw-p 00003000 08:06 280643     /usr/lib/vlc/plugins/demux/librawvid_plugin.so
66382000-66397000 r-xp 00000000 08:06 280622     /usr/lib/vlc/plugins/demux/libts_plugin.so
66397000-66398000 r--p 00014000 08:06 280622     /usr/lib/vlc/plugins/demux/libts_plugin.so
66398000-66399000 rw-p 00015000 08:06 280622     /usr/lib/vlc/plugins/demux/libts_plugin.so
66399000-66486000 r-xp 00000000 08:06 1771845    /usr/lib/i386-linux-gnu/libasound.so.2.0.0
66486000-6648a000 r--p 000ec000 08:06 1771845    /usr/lib/i386-linux-gnu/libasound.so.2.0.0
6648a000-6648b000 rw-p 000f0000 08:06 1771845    /usr/lib/i386-linux-gnu/libasound.so.2.0.0
6648c000-6649e000 r-xp 00000000 08:06 1720553    /usr/lib/libdvbpsi.so.7.0.0
6649e000-6649f000 r--p 00011000 08:06 1720553    /usr/lib/libdvbpsi.so.7.0.0
6649f000-664a0000 rw-p 00012000 08:06 1720553    /usr/lib/libdvbpsi.so.7.0.0
664a0000-664a2000 r-xp 00000000 08:06 280612     /usr/lib/vlc/plugins/demux/libau_plugin.so
664a2000-664a3000 r--p 00001000 08:06 280612     /usr/lib/vlc/plugins/demux/libau_plugin.so
664a3000-664a4000 rw-p 00002000 08:06 280612     /usr/lib/vlc/plugins/demux/libau_plugin.so
664a4000-664fc000 r-xp 00000000 08:06 1722219    /usr/lib/i386-linux-gnu/libXt.so.6.0.0
664fc000-664fd000 r--p 00058000 08:06 1722219    /usr/lib/i386-linux-gnu/libXt.so.6.0.0
664fd000-66500000 rw-p 00059000 08:06 1722219    /usr/lib/i386-linux-gnu/libXt.so.6.0.0
66502000-66507000 r-xp 00000000 08:06 280642     /usr/lib/vlc/plugins/demux/libmod_plugin.so
66507000-66508000 r--p 00004000 08:06 280642     /usr/lib/vlc/plugins/demux/libmod_plugin.so
66508000-66509000 rw-p 00005000 08:06 280642     /usr/lib/vlc/plugins/demux/libmod_plugin.so
66509000-6650d000 r-xp 00000000 08:06 280634     /usr/lib/vlc/plugins/demux/libimage_plugin.so
6650d000-6650e000 r--p 00003000 08:06 280634     /usr/lib/vlc/plugins/demux/libimage_plugin.so
6650e000-6650f000 rw-p 00004000 08:06 280634     /usr/lib/vlc/plugins/demux/libimage_plugin.so
6650f000-66524000 r-xp 00000000 08:06 280613     /usr/lib/vlc/plugins/demux/libplaylist_plugin.so
66524000-66525000 r--p 00014000 08:06 280613     /usr/lib/vlc/plugins/demux/libplaylist_plugin.so
66525000-66526000 rw-p 00015000 08:06 280613     /usr/lib/vlc/plugins/demux/libplaylist_plugin.so
66526000-66544000 r-xp 00000000 08:06 1720529    /usr/lib/i386-linux-gnu/libebml.so.3
66544000-66545000 r--p 0001d000 08:06 1720529    /usr/lib/i386-linux-gnu/libebml.so.3
66545000-66546000 rw-p 0001e000 08:06 1720529    /usr/lib/i386-linux-gnu/libebml.so.3
66546000-66547000 rw-p 00000000 00:00 0 
66547000-6658a000 r-xp 00000000 08:06 280645     /usr/lib/vlc/plugins/demux/libmkv_plugin.so
6658a000-6658c000 r--p 00042000 08:06 280645     /usr/lib/vlc/plugins/demux/libmkv_plugin.so
6658c000-6658d000 rw-p 00044000 08:06 280645     /usr/lib/vlc/plugins/demux/libmkv_plugin.so
6658d000-66599000 r-xp 00000000 08:06 1720560    /usr/lib/libresid-builder.so.0.0.1
66599000-6659a000 r--p 0000b000 08:06 1720560    /usr/lib/libresid-builder.so.0.0.1
6659a000-665bb000 rw-p 0000c000 08:06 1720560    /usr/lib/libresid-builder.so.0.0.1
665bb000-665f3000 r-xp 00000000 08:06 1720563    /usr/lib/libsidplay2.so.1.0.1
665f3000-665f4000 ---p 00038000 08:06 1720563    /usr/lib/libsidplay2.so.1.0.1
665f4000-665f5000 r--p 00038000 08:06 1720563    /usr/lib/libsidplay2.so.1.0.1
665f5000-665f6000 rw-p 00039000 08:06 1720563    /usr/lib/libsidplay2.so.1.0.1
665f6000-665f8000 r-xp 00000000 08:06 280616     /usr/lib/vlc/plugins/demux/libaiff_plugin.so
665f8000-665f9000 r--p 00001000 08:06 280616     /usr/lib/vlc/plugins/demux/libaiff_plugin.so
665f9000-665fa000 rw-p 00002000 08:06 280616     /usr/lib/vlc/plugins/demux/libaiff_plugin.so
665fa000-6660d000 r-xp 00000000 08:06 280625     /usr/lib/vlc/plugins/demux/libogg_plugin.so
6660d000-6660e000 r--p 00012000 08:06 280625     /usr/lib/vlc/plugins/demux/libogg_plugin.so
6660e000-6660f000 rw-p 00013000 08:06 280625     /usr/lib/vlc/plugins/demux/libogg_plugin.so
6660f000-66625000 r-xp 00000000 08:06 1705827    /usr/lib/i386-linux-gnu/libICE.so.6.3.0
66625000-66626000 r--p 00015000 08:06 1705827    /usr/lib/i386-linux-gnu/libICE.so.6.3.0
66626000-66627000 rw-p 00016000 08:06 1705827    /usr/lib/i386-linux-gnu/libICE.so.6.3.0
66627000-66629000 rw-p 00000000 00:00 0 
66629000-6666c000 r-xp 00000000 08:06 1706494    /usr/lib/i386-linux-gnu/libmtp.so.9.0.5
6666c000-6666f000 r--p 00043000 08:06 1706494    /usr/lib/i386-linux-gnu/libmtp.so.9.0.5
6666f000-66676000 rw-p 00046000 08:06 1706494    /usr/lib/i386-linux-gnu/libmtp.so.9.0.5
66676000-666fc000 r-xp 00000000 08:06 1720486    /usr/lib/i386-linux-gnu/libdirac_encoder.so.0.1.0
666fc000-666fe000 r--p 00085000 08:06 1720486    /usr/lib/i386-linux-gnu/libdirac_encoder.so.0.1.0
666fe000-666ff000 rw-p 00087000 08:06 1720486    /usr/lib/i386-linux-gnu/libdirac_encoder.so.0.1.0
666ff000-66700000 rw-p 00000000 00:00 0 
66700000-66800000 rw-p 00000000 00:00 0 
66800000-66803000 r-xp 00000000 08:06 280627     /usr/lib/vlc/plugins/demux/libpva_plugin.so
66803000-66804000 r--p 00002000 08:06 280627     /usr/lib/vlc/plugins/demux/libpva_plugin.so
66804000-66805000 rw-p 00003000 08:06 280627     /usr/lib/vlc/plugins/demux/libpva_plugin.so
66805000-668fa000 r-xp 00000000 08:06 1720541    /usr/lib/libvlccore.so.5.1.1
668fa000-668ff000 r--p 000f5000 08:06 1720541    /usr/lib/libvlccore.so.5.1.1
668ff000-66900000 rw-p 000fa000 08:06 1720541    /usr/lib/libvlccore.so.5.1.1
66900000-669f3000 rw-p 00000000 00:00 0 
669f3000-66a00000 ---p 00000000 00:00 0 
66a01000-66a15000 r-xp 00000000 08:06 1441576    /tmp/jna-gene/jna809671091965908498.tmp (deleted)
66a15000-66a16000 rw-p 00014000 08:06 1441576    /tmp/jna-gene/jna809671091965908498.tmp (deleted)
66a18000-66a20000 r-xp 00000000 08:06 262510     /lib/i386-linux-gnu/libjson.so.0.1.0
66a20000-66a21000 r--p 00007000 08:06 262510     /lib/i386-linux-gnu/libjson.so.0.1.0
66a21000-66a22000 rw-p 00008000 08:06 262510     /lib/i386-linux-gnu/libjson.so.0.1.0
66a23000-66a26000 r-xp 00000000 08:06 280630     /usr/lib/vlc/plugins/demux/libnsv_plugin.so
66a26000-66a27000 r--p 00002000 08:06 280630     /usr/lib/vlc/plugins/demux/libnsv_plugin.so
66a27000-66a28000 rw-p 00003000 08:06 280630     /usr/lib/vlc/plugins/demux/libnsv_plugin.so
66a28000-66a2a000 r-xp 00000000 08:06 280648     /usr/lib/vlc/plugins/demux/libxa_plugin.so
66a2a000-66a2b000 r--p 00001000 08:06 280648     /usr/lib/vlc/plugins/demux/libxa_plugin.so
66a2b000-66a2c000 rw-p 00002000 08:06 280648     /usr/lib/vlc/plugins/demux/libxa_plugin.so
66a2c000-66a30000 r-xp 00000000 08:06 262619     /lib/i386-linux-gnu/libuuid.so.1.3.0
66a30000-66a31000 r--p 00003000 08:06 262619     /lib/i386-linux-gnu/libuuid.so.1.3.0
66a31000-66a32000 rw-p 00004000 08:06 262619     /lib/i386-linux-gnu/libuuid.so.1.3.0
66a32000-66a39000 r-xp 00000000 08:06 1705877    /usr/lib/i386-linux-gnu/libSM.so.6.0.1
66a39000-66a3a000 r--p 00006000 08:06 1705877    /usr/lib/i386-linux-gnu/libSM.so.6.0.1
66a3a000-66a3b000 rw-p 00007000 08:06 1705877    /usr/lib/i386-linux-gnu/libSM.so.6.0.1
66a3b000-66a52000 r-xp 00000000 08:06 1705975    /usr/lib/i386-linux-gnu/libaudio.so.2.4
66a52000-66a53000 r--p 00016000 08:06 1705975    /usr/lib/i386-linux-gnu/libaudio.so.2.4
66a53000-66a54000 rw-p 00017000 08:06 1705975    /usr/lib/i386-linux-gnu/libaudio.so.2.4
66a54000-66a65000 r-xp 00000000 08:06 262615     /lib/i386-linux-gnu/libusb-1.0.so.0.1.0
66a65000-66a66000 r--p 00010000 08:06 262615     /lib/i386-linux-gnu/libusb-1.0.so.0.1.0
66a66000-66a67000 rw-p 00011000 08:06 262615     /lib/i386-linux-gnu/libusb-1.0.so.0.1.0
66a68000-66a6b000 r-xp 00000000 08:06 280636     /usr/lib/vlc/plugins/demux/libvoc_plugin.so
66a6b000-66a6c000 r--p 00002000 08:06 280636     /usr/lib/vlc/plugins/demux/libvoc_plugin.so
66a6c000-66a6d000 rw-p 00003000 08:06 280636     /usr/lib/vlc/plugins/demux/libvoc_plugin.so
66a6d000-66a6f000 r-xp 00000000 08:06 280658     /usr/lib/vlc/plugins/misc/libinhibit_plugin.so
66a6f000-66a70000 r--p 00001000 08:06 280658     /usr/lib/vlc/plugins/misc/libinhibit_plugin.so
66a70000-66a71000 rw-p 00002000 08:06 280658     /usr/lib/vlc/plugins/misc/libinhibit_plugin.so
66a71000-66a77000 r-xp 00000000 08:06 405627     /usr/lib/vlc/plugins/control/libhotkeys_plugin.so
66a77000-66a78000 r--p 00005000 08:06 405627     /usr/lib/vlc/plugins/control/libhotkeys_plugin.so
66a78000-66a79000 rw-p 00006000 08:06 405627     /usr/lib/vlc/plugins/control/libhotkeys_plugin.so
66a79000-66a7e000 r-xp 00000000 08:06 405519     /usr/lib/vlc/plugins/audio_output/libalsa_plugin.so
66a7e000-66a7f000 r--p 00004000 08:06 405519     /usr/lib/vlc/plugins/audio_output/libalsa_plugin.so
66a7f000-66a80000 rw-p 00005000 08:06 405519     /usr/lib/vlc/plugins/audio_output/libalsa_plugin.so
66a80000-66a9a000 r-xp 00000000 08:06 1720543    /usr/lib/libvlc.so.5.3.2
66a9a000-66a9b000 r--p 00019000 08:06 1720543    /usr/lib/libvlc.so.5.3.2
66a9b000-66a9c000 rw-p 0001a000 08:06 1720543    /usr/lib/libvlc.so.5.3.2
66a9c000-66a9f000 ---p 00000000 00:00 0 
66a9f000-66aed000 rw-p 00000000 00:00 0 
66aef000-66af2000 r-xp 00000000 08:06 280646     /usr/lib/vlc/plugins/demux/libsmf_plugin.so
66af2000-66af3000 r--p 00002000 08:06 280646     /usr/lib/vlc/plugins/demux/libsmf_plugin.so
66af3000-66af4000 rw-p 00003000 08:06 280646     /usr/lib/vlc/plugins/demux/libsmf_plugin.so
66af4000-66b01000 r-xp 00000000 08:06 1720465    /usr/lib/libmpcdec.so.6.1.0
66b01000-66b02000 r--p 0000c000 08:06 1720465    /usr/lib/libmpcdec.so.6.1.0
66b02000-66b04000 rw-p 0000d000 08:06 1720465    /usr/lib/libmpcdec.so.6.1.0
66b04000-66b1a000 r-xp 00000000 08:06 1720189    /usr/lib/i386-linux-gnu/libmad.so.0.2.1
66b1a000-66b1b000 r--p 00015000 08:06 1720189    /usr/lib/i386-linux-gnu/libmad.so.0.2.1
66b1b000-66b1c000 rw-p 00016000 08:06 1720189    /usr/lib/i386-linux-gnu/libmad.so.0.2.1
66b1d000-66b1f000 r-xp 00000000 08:06 280619     /usr/lib/vlc/plugins/demux/libdirac_plugin.so
66b1f000-66b20000 r--p 00001000 08:06 280619     /usr/lib/vlc/plugins/demux/libdirac_plugin.so
66b20000-66b21000 rw-p 00002000 08:06 280619     /usr/lib/vlc/plugins/demux/libdirac_plugin.so
66b21000-66b29000 r-xp 00000000 08:06 405597     /usr/lib/vlc/plugins/services_discovery/libsap_plugin.so
66b29000-66b2a000 r--p 00007000 08:06 405597     /usr/lib/vlc/plugins/services_discovery/libsap_plugin.so
66b2a000-66b2b000 rw-p 00008000 08:06 405597     /usr/lib/vlc/plugins/services_discovery/libsap_plugin.so
66b2b000-66b2e000 r-xp 00000000 08:06 280641     /usr/lib/vlc/plugins/demux/libsid_plugin.so
66b2e000-66b2f000 r--p 00002000 08:06 280641     /usr/lib/vlc/plugins/demux/libsid_plugin.so
66b2f000-66b30000 rw-p 00003000 08:06 280641     /usr/lib/vlc/plugins/demux/libsid_plugin.so
66b30000-66b33000 r-xp 00000000 08:06 280618     /usr/lib/vlc/plugins/demux/libwav_plugin.so
66b33000-66b34000 r--p 00003000 08:06 280618     /usr/lib/vlc/plugins/demux/libwav_plugin.so
66b34000-66b35000 rw-p 00004000 08:06 280618     /usr/lib/vlc/plugins/demux/libwav_plugin.so
66b35000-66b5a000 r-xp 00000000 08:06 1703665    /usr/lib/libdca.so.0.0.0
66b5a000-66b5b000 r--p 00024000 08:06 1703665    /usr/lib/libdca.so.0.0.0
66b5b000-66b5c000 rw-p 00025000 08:06 1703665    /usr/lib/libdca.so.0.0.0
66b5f000-66b61000 r-xp 00000000 08:06 280650     /usr/lib/vlc/plugins/demux/libtta_plugin.so
66b61000-66b62000 r--p 00001000 08:06 280650     /usr/lib/vlc/plugins/demux/libtta_plugin.so
66b62000-66b63000 rw-p 00002000 08:06 280650     /usr/lib/vlc/plugins/demux/libtta_plugin.so
66b63000-66b67000 r-xp 00000000 08:06 280638     /usr/lib/vlc/plugins/demux/libnuv_plugin.so
66b67000-66b68000 r--p 00003000 08:06 280638     /usr/lib/vlc/plugins/demux/libnuv_plugin.so
66b68000-66b69000 rw-p 00004000 08:06 280638     /usr/lib/vlc/plugins/demux/libnuv_plugin.so
66b69000-66b6b000 r-xp 00000000 08:06 280620     /usr/lib/vlc/plugins/demux/libmpc_plugin.so
66b6b000-66b6c000 r--p 00001000 08:06 280620     /usr/lib/vlc/plugins/demux/libmpc_plugin.so
66b6c000-66b6d000 rw-p 00002000 08:06 280620     /usr/lib/vlc/plugins/demux/libmpc_plugin.so
66b6d000-66b6f000 r-xp 00000000 08:06 405491     /usr/lib/vlc/plugins/audio_filter/libsamplerate_plugin.so
66b6f000-66b70000 r--p 00001000 08:06 405491     /usr/lib/vlc/plugins/audio_filter/libsamplerate_plugin.so
66b70000-66b71000 rw-p 00002000 08:06 405491     /usr/lib/vlc/plugins/audio_filter/libsamplerate_plugin.so
66b71000-66b73000 r-xp 00000000 08:06 405501     /usr/lib/vlc/plugins/audio_filter/libmpgatofixed32_plugin.so
66b73000-66b74000 r--p 00001000 08:06 405501     /usr/lib/vlc/plugins/audio_filter/libmpgatofixed32_plugin.so
66b74000-66b75000 rw-p 00002000 08:06 405501     /usr/lib/vlc/plugins/audio_filter/libmpgatofixed32_plugin.so
66b75000-66c2c000 r-xp 00000000 08:06 1706695    /usr/lib/i386-linux-gnu/libtag.so.1.12.0
66c2c000-66c2e000 r--p 000b7000 08:06 1706695    /usr/lib/i386-linux-gnu/libtag.so.1.12.0
66c2e000-66c2f000 rw-p 000b9000 08:06 1706695    /usr/lib/i386-linux-gnu/libtag.so.1.12.0
66c2f000-66c30000 ---p 00000000 00:00 0 
66c30000-66cb0000 rw-p 00000000 00:00 0 
66cb0000-66cec000 r-xp 00000000 08:06 1706135    /usr/lib/i386-linux-gnu/libfaad.so.2.0.0
66cec000-66ced000 ---p 0003c000 08:06 1706135    /usr/lib/i386-linux-gnu/libfaad.so.2.0.0
66ced000-66cee000 r--p 0003c000 08:06 1706135    /usr/lib/i386-linux-gnu/libfaad.so.2.0.0
66cee000-66cf1000 rw-p 0003d000 08:06 1706135    /usr/lib/i386-linux-gnu/libfaad.so.2.0.0
66cf1000-66d2e000 r-xp 00000000 08:06 1706535    /usr/lib/i386-linux-gnu/libopus.so.0.2.0
66d2e000-66d2f000 r--p 0003c000 08:06 1706535    /usr/lib/i386-linux-gnu/libopus.so.0.2.0
66d2f000-66d30000 rw-p 0003d000 08:06 1706535    /usr/lib/i386-linux-gnu/libopus.so.0.2.0
66d30000-66dfd000 r-xp 00000000 08:06 1706653    /usr/lib/i386-linux-gnu/libschroedinger-1.0.so.0.11.0
66dfd000-66dff000 r--p 000cc000 08:06 1706653    /usr/lib/i386-linux-gnu/libschroedinger-1.0.so.0.11.0
66dff000-66e00000 rw-p 000ce000 08:06 1706653    /usr/lib/i386-linux-gnu/libschroedinger-1.0.so.0.11.0
66e00000-66efe000 rw-p 00000000 00:00 0 
66efe000-66f00000 ---p 00000000 00:00 0 
66f00000-66f05000 r-xp 00000000 08:06 1705965    /usr/lib/i386-linux-gnu/libasyncns.so.0.3.1
66f05000-66f06000 r--p 00004000 08:06 1705965    /usr/lib/i386-linux-gnu/libasyncns.so.0.3.1
66f06000-66f07000 rw-p 00005000 08:06 1705965    /usr/lib/i386-linux-gnu/libasyncns.so.0.3.1
66f09000-66f13000 r-xp 00000000 08:06 1720240    /usr/lib/liba52-0.7.4.so
66f13000-66f14000 r--p 00009000 08:06 1720240    /usr/lib/liba52-0.7.4.so
66f14000-66f15000 rw-p 0000a000 08:06 1720240    /usr/lib/liba52-0.7.4.so
66f15000-66f16000 rw-p 00000000 00:00 0 
66f16000-66f18000 r-xp 00000000 08:06 405496     /usr/lib/vlc/plugins/audio_filter/liba52tofloat32_plugin.so
66f18000-66f19000 r--p 00001000 08:06 405496     /usr/lib/vlc/plugins/audio_filter/liba52tofloat32_plugin.so
66f19000-66f1a000 rw-p 00002000 08:06 405496     /usr/lib/vlc/plugins/audio_filter/liba52tofloat32_plugin.so
66f1a000-66f1c000 r-xp 00000000 08:06 405511     /usr/lib/vlc/plugins/audio_filter/libdtstofloat32_plugin.so
66f1c000-66f1d000 r--p 00001000 08:06 405511     /usr/lib/vlc/plugins/audio_filter/libdtstofloat32_plugin.so
66f1d000-66f1e000 rw-p 00002000 08:06 405511     /usr/lib/vlc/plugins/audio_filter/libdtstofloat32_plugin.so
66f1e000-66f21000 r-xp 00000000 08:06 405510     /usr/lib/vlc/plugins/audio_filter/libscaletempo_plugin.so
66f21000-66f22000 r--p 00002000 08:06 405510     /usr/lib/vlc/plugins/audio_filter/libscaletempo_plugin.so
66f22000-66f23000 rw-p 00003000 08:06 405510     /usr/lib/vlc/plugins/audio_filter/libscaletempo_plugin.so
66f23000-66f30000 r-xp 00000000 08:06 405488     /usr/lib/vlc/plugins/meta_engine/libtaglib_plugin.so
66f30000-66f31000 r--p 0000c000 08:06 405488     /usr/lib/vlc/plugins/meta_engine/libtaglib_plugin.so
66f31000-66f32000 rw-p 0000d000 08:06 405488     /usr/lib/vlc/plugins/meta_engine/libtaglib_plugin.so
66f32000-66fc0000 r-xp 00000000 08:06 1706537    /usr/lib/i386-linux-gnu/liborc-0.4.so.0.17.0
66fc0000-66fc1000 r--p 0008e000 08:06 1706537    /usr/lib/i386-linux-gnu/liborc-0.4.so.0.17.0
66fc1000-66fc5000 rw-p 0008f000 08:06 1706537    /usr/lib/i386-linux-gnu/liborc-0.4.so.0.17.0
66fc7000-66fc8000 r-xp 00000000 08:06 405592     /usr/lib/vlc/plugins/audio_mixer/libfloat32_mixer_plugin.so
66fc8000-66fc9000 r--p 00000000 08:06 405592     /usr/lib/vlc/plugins/audio_mixer/libfloat32_mixer_plugin.so
66fc9000-66fca000 rw-p 00001000 08:06 405592     /usr/lib/vlc/plugins/audio_mixer/libfloat32_mixer_plugin.so
66fca000-66fd1000 r-xp 00000000 08:06 407155     /usr/lib/vlc/plugins/audio_output/libpulse_plugin.so
66fd1000-66fd2000 r--p 00006000 08:06 407155     /usr/lib/vlc/plugins/audio_output/libpulse_plugin.so
66fd2000-66fd3000 rw-p 00007000 08:06 407155     /usr/lib/vlc/plugins/audio_output/libpulse_plugin.so
66fd3000-66fd6000 r-xp 00000000 08:06 405456     /usr/lib/vlc/plugins/codec/libfaad_plugin.so
66fd6000-66fd7000 r--p 00002000 08:06 405456     /usr/lib/vlc/plugins/codec/libfaad_plugin.so
66fd7000-66fd8000 rw-p 00003000 08:06 405456     /usr/lib/vlc/plugins/codec/libfaad_plugin.so
66fd8000-66fdc000 r-xp 00000000 08:06 405477     /usr/lib/vlc/plugins/codec/libopus_plugin.so
66fdc000-66fdd000 r--p 00003000 08:06 405477     /usr/lib/vlc/plugins/codec/libopus_plugin.so
66fdd000-66fde000 rw-p 00004000 08:06 405477     /usr/lib/vlc/plugins/codec/libopus_plugin.so
66fde000-66fe7000 r-xp 00000000 08:06 405450     /usr/lib/vlc/plugins/codec/libschroedinger_plugin.so
66fe7000-66fe8000 r--p 00008000 08:06 405450     /usr/lib/vlc/plugins/codec/libschroedinger_plugin.so
66fe8000-66fe9000 rw-p 00009000 08:06 405450     /usr/lib/vlc/plugins/codec/libschroedinger_plugin.so
66fe9000-66fec000 r-xp 00000000 08:06 405482     /usr/lib/vlc/plugins/codec/libcdg_plugin.so
66fec000-66fed000 r--p 00002000 08:06 405482     /usr/lib/vlc/plugins/codec/libcdg_plugin.so
66fed000-66fee000 rw-p 00003000 08:06 405482     /usr/lib/vlc/plugins/codec/libcdg_plugin.so
66fee000-66ff0000 r-xp 00000000 08:06 405481     /usr/lib/vlc/plugins/codec/libpng_plugin.so
66ff0000-66ff1000 r--p 00001000 08:06 405481     /usr/lib/vlc/plugins/codec/libpng_plugin.so
66ff1000-66ff2000 rw-p 00002000 08:06 405481     /usr/lib/vlc/plugins/codec/libpng_plugin.so
66ff2000-66ff5000 r-xp 00000000 08:06 405449     /usr/lib/vlc/plugins/codec/libmpeg_audio_plugin.so
66ff5000-66ff6000 r--p 00002000 08:06 405449     /usr/lib/vlc/plugins/codec/libmpeg_audio_plugin.so
66ff6000-66ff7000 rw-p 00003000 08:06 405449     /usr/lib/vlc/plugins/codec/libmpeg_audio_plugin.so
66ff7000-66ffa000 r-xp 00000000 08:06 405473     /usr/lib/vlc/plugins/codec/libsvcdsub_plugin.so
66ffa000-66ffb000 r--p 00002000 08:06 405473     /usr/lib/vlc/plugins/codec/libsvcdsub_plugin.so
66ffb000-66ffc000 rw-p 00003000 08:06 405473     /usr/lib/vlc/plugins/codec/libsvcdsub_plugin.so
66ffc000-66fff000 r-xp 00000000 08:06 405455     /usr/lib/vlc/plugins/codec/libcvdsub_plugin.so
66fff000-67000000 r--p 00002000 08:06 405455     /usr/lib/vlc/plugins/codec/libcvdsub_plugin.so
67000000-67001000 rw-p 00003000 08:06 405455     /usr/lib/vlc/plugins/codec/libcvdsub_plugin.so
67001000-67004000 r-xp 00000000 08:06 405458     /usr/lib/vlc/plugins/codec/libspudec_plugin.so
67004000-67005000 r--p 00003000 08:06 405458     /usr/lib/vlc/plugins/codec/libspudec_plugin.so
67005000-67006000 rw-p 00004000 08:06 405458     /usr/lib/vlc/plugins/codec/libspudec_plugin.so
67006000-6700a000 r-xp 00000000 08:06 405634     /usr/lib/vlc/plugins/packetizer/libpacketizer_flac_plugin.so
6700a000-6700b000 r--p 00003000 08:06 405634     /usr/lib/vlc/plugins/packetizer/libpacketizer_flac_plugin.so
6700b000-6700c000 rw-p 00004000 08:06 405634     /usr/lib/vlc/plugins/packetizer/libpacketizer_flac_plugin.so
6700c000-67011000 r-xp 00000000 08:06 405638     /usr/lib/vlc/plugins/packetizer/libpacketizer_mpegvideo_plugin.so
67011000-67012000 r--p 00004000 08:06 405638     /usr/lib/vlc/plugins/packetizer/libpacketizer_mpegvideo_plugin.so
67012000-67013000 rw-p 00005000 08:06 405638     /usr/lib/vlc/plugins/packetizer/libpacketizer_mpegvideo_plugin.so
67013000-67022000 r-xp 00000000 08:06 405635     /usr/lib/vlc/plugins/packetizer/libpacketizer_h264_plugin.so
67022000-67023000 r--p 0000e000 08:06 405635     /usr/lib/vlc/plugins/packetizer/libpacketizer_h264_plugin.so
67023000-67024000 rw-p 0000f000 08:06 405635     /usr/lib/vlc/plugins/packetizer/libpacketizer_h264_plugin.so
67024000-67028000 r-xp 00000000 08:06 405636     /usr/lib/vlc/plugins/packetizer/libpacketizer_mlp_plugin.so
67028000-67029000 r--p 00003000 08:06 405636     /usr/lib/vlc/plugins/packetizer/libpacketizer_mlp_plugin.so
67029000-6702a000 rw-p 00004000 08:06 405636     /usr/lib/vlc/plugins/packetizer/libpacketizer_mlp_plugin.so
6702a000-67045000 r-xp 00000000 08:06 1706713    /usr/lib/i386-linux-gnu/libtheoradec.so.1.1.4
67045000-67046000 r--p 0001a000 08:06 1706713    /usr/lib/i386-linux-gnu/libtheoradec.so.1.1.4
67046000-67047000 rw-p 0001b000 08:06 1706713    /usr/lib/i386-linux-gnu/libtheoradec.so.1.1.4
67047000-6708c000 r-xp 00000000 08:06 1706715    /usr/lib/i386-linux-gnu/libtheoraenc.so.1.1.2
6708c000-6708d000 r--p 00044000 08:06 1706715    /usr/lib/i386-linux-gnu/libtheoraenc.so.1.1.2
6708d000-6708e000 rw-p 00045000 08:06 1706715    /usr/lib/i386-linux-gnu/libtheoraenc.so.1.1.2
6708e000-67093000 r-xp 00000000 08:06 405637     /usr/lib/vlc/plugins/packetizer/libpacketizer_mpeg4video_plugin.so
67093000-67094000 r--p 00004000 08:06 405637     /usr/lib/vlc/plugins/packetizer/libpacketizer_mpeg4video_plugin.so
67094000-67095000 rw-p 00005000 08:06 405637     /usr/lib/vlc/plugins/packetizer/libpacketizer_mpeg4video_plugin.so
67095000-6709b000 r-xp 00000000 08:06 405640     /usr/lib/vlc/plugins/packetizer/libpacketizer_mpeg4audio_plugin.so
6709b000-6709c000 r--p 00005000 08:06 405640     /usr/lib/vlc/plugins/packetizer/libpacketizer_mpeg4audio_plugin.so
6709c000-6709d000 rw-p 00006000 08:06 405640     /usr/lib/vlc/plugins/packetizer/libpacketizer_mpeg4audio_plugin.so
6709d000-670a5000 r-xp 00000000 08:06 405633     /usr/lib/vlc/plugins/packetizer/libpacketizer_vc1_plugin.so
670a5000-670a6000 r--p 00007000 08:06 405633     /usr/lib/vlc/plugins/packetizer/libpacketizer_vc1_plugin.so
670a6000-670a7000 rw-p 00008000 08:06 405633     /usr/lib/vlc/plugins/packetizer/libpacketizer_vc1_plugin.so
670a7000-670c6000 r-xp 00000000 08:06 1708460    /usr/lib/i386-linux-gnu/sse2/libspeex.so.1.5.0
670c6000-670c7000 r--p 0001e000 08:06 1708460    /usr/lib/i386-linux-gnu/sse2/libspeex.so.1.5.0
670c7000-670c8000 rw-p 0001f000 08:06 1708460    /usr/lib/i386-linux-gnu/sse2/libspeex.so.1.5.0
670ca000-670cf000 r-xp 00000000 08:06 405641     /usr/lib/vlc/plugins/packetizer/libpacketizer_dirac_plugin.so
670cf000-670d0000 r--p 00005000 08:06 405641     /usr/lib/vlc/plugins/packetizer/libpacketizer_dirac_plugin.so
670d0000-670d1000 rw-p 00006000 08:06 405641     /usr/lib/vlc/plugins/packetizer/libpacketizer_dirac_plugin.so
670d1000-670d7000 r-xp 00000000 08:06 405451     /usr/lib/vlc/plugins/codec/libtheora_plugin.so
670d7000-670d8000 r--p 00005000 08:06 405451     /usr/lib/vlc/plugins/codec/libtheora_plugin.so
670d8000-670d9000 rw-p 00006000 08:06 405451     /usr/lib/vlc/plugins/codec/libtheora_plugin.so
670d9000-670df000 r-xp 00000000 08:06 405479     /usr/lib/vlc/plugins/codec/libvorbis_plugin.so
670df000-670e0000 r--p 00005000 08:06 405479     /usr/lib/vlc/plugins/codec/libvorbis_plugin.so
670e0000-670e1000 rw-p 00006000 08:06 405479     /usr/lib/vlc/plugins/codec/libvorbis_plugin.so
670e1000-670e7000 r-xp 00000000 08:06 405478     /usr/lib/vlc/plugins/codec/libspeex_plugin.so
670e7000-670e8000 r--p 00005000 08:06 405478     /usr/lib/vlc/plugins/codec/libspeex_plugin.so
670e8000-670e9000 rw-p 00006000 08:06 405478     /usr/lib/vlc/plugins/codec/libspeex_plugin.so
670e9000-670eb000 r-xp 00000000 08:06 405483     /usr/lib/vlc/plugins/codec/libaes3_plugin.so
670eb000-670ec000 r--p 00001000 08:06 405483     /usr/lib/vlc/plugins/codec/libaes3_plugin.so
670ec000-670ed000 rw-p 00002000 08:06 405483     /usr/lib/vlc/plugins/codec/libaes3_plugin.so
670ed000-670ef000 r-xp 00000000 08:06 405480     /usr/lib/vlc/plugins/codec/librawvideo_plugin.so
670ef000-670f0000 r--p 00001000 08:06 405480     /usr/lib/vlc/plugins/codec/librawvideo_plugin.so
670f0000-670f1000 rw-p 00002000 08:06 405480     /usr/lib/vlc/plugins/codec/librawvideo_plugin.so
670f1000-670f5000 r-xp 00000000 08:06 405462     /usr/lib/vlc/plugins/codec/liblpcm_plugin.so
670f5000-670f6000 r--p 00003000 08:06 405462     /usr/lib/vlc/plugins/codec/liblpcm_plugin.so
670f6000-670f7000 rw-p 00004000 08:06 405462     /usr/lib/vlc/plugins/codec/liblpcm_plugin.so
670f7000-670fc000 r-xp 00000000 08:06 280640     /usr/lib/vlc/plugins/demux/libes_plugin.so
670fc000-670fd000 r--p 00004000 08:06 280640     /usr/lib/vlc/plugins/demux/libes_plugin.so
670fd000-670fe000 rw-p 00005000 08:06 280640     /usr/lib/vlc/plugins/demux/libes_plugin.so
670fe000-67102000 r-xp 00000000 08:06 280647     /usr/lib/vlc/plugins/demux/libflacsys_plugin.so
67102000-67103000 r--p 00004000 08:06 280647     /usr/lib/vlc/plugins/demux/libflacsys_plugin.so
67103000-67104000 rw-p 00005000 08:06 280647     /usr/lib/vlc/plugins/demux/libflacsys_plugin.so
67104000-67110000 r-xp 00000000 08:06 280632     /usr/lib/vlc/plugins/demux/libasf_plugin.so
67110000-67111000 r--p 0000b000 08:06 280632     /usr/lib/vlc/plugins/demux/libasf_plugin.so
67111000-67112000 rw-p 0000c000 08:06 280632     /usr/lib/vlc/plugins/demux/libasf_plugin.so
67112000-67122000 r-xp 00000000 08:06 280639     /usr/lib/vlc/plugins/demux/libavi_plugin.so
67122000-67123000 r--p 00010000 08:06 280639     /usr/lib/vlc/plugins/demux/libavi_plugin.so
67123000-67124000 rw-p 00011000 08:06 280639     /usr/lib/vlc/plugins/demux/libavi_plugin.so
67124000-67148000 r-xp 00000000 08:06 280624     /usr/lib/vlc/plugins/demux/libmp4_plugin.so
67148000-67149000 r--p 00024000 08:06 280624     /usr/lib/vlc/plugins/demux/libmp4_plugin.so
67149000-6714a000 rw-p 00025000 08:06 280624     /usr/lib/vlc/plugins/demux/libmp4_plugin.so
6714a000-6714c000 r-xp 00000000 08:06 405645     /usr/lib/vlc/plugins/stream_filter/libstream_filter_record_plugin.so
6714c000-6714d000 r--p 00001000 08:06 405645     /usr/lib/vlc/plugins/stream_filter/libstream_filter_record_plugin.so
6714d000-6714e000 rw-p 00002000 08:06 405645     /usr/lib/vlc/plugins/stream_filter/libstream_filter_record_plugin.so
6714e000-67151000 r-xp 00000000 08:06 1720599    /usr/lib/vlc/plugins/access/libstream_filter_rar_plugin.so
67151000-67152000 r--p 00002000 08:06 1720599    /usr/lib/vlc/plugins/access/libstream_filter_rar_plugin.so
67152000-67153000 rw-p 00003000 08:06 1720599    /usr/lib/vlc/plugins/access/libstream_filter_rar_plugin.so
67153000-6715b000 r-xp 00000000 08:06 1720591    /usr/lib/vlc/plugins/access/libzip_plugin.so
6715b000-6715c000 r--p 00007000 08:06 1720591    /usr/lib/vlc/plugins/access/libzip_plugin.so
6715c000-6715d000 rw-p 00008000 08:06 1720591    /usr/lib/vlc/plugins/access/libzip_plugin.so
6715d000-67178000 r-xp 00000000 08:06 405646     /usr/lib/vlc/plugins/stream_filter/libstream_filter_dash_plugin.so
67178000-67179000 r--p 0001b000 08:06 405646     /usr/lib/vlc/plugins/stream_filter/libstream_filter_dash_plugin.so
67179000-6717a000 rw-p 0001c000 08:06 405646     /usr/lib/vlc/plugins/stream_filter/libstream_filter_dash_plugin.so
6717a000-67198000 r-xp 00000000 08:06 1706115    /usr/lib/i386-linux-gnu/libdvdread.so.4.1.2
67198000-67199000 r--p 0001d000 08:06 1706115    /usr/lib/i386-linux-gnu/libdvdread.so.4.1.2
67199000-6719a000 rw-p 0001e000 08:06 1706115    /usr/lib/i386-linux-gnu/libdvdread.so.4.1.2
6719a000-671ae000 r-xp 00000000 08:06 1706111    /usr/lib/i386-linux-gnu/libdvdnav.so.4.1.2
671ae000-671af000 r--p 00013000 08:06 1706111    /usr/lib/i386-linux-gnu/libdvdnav.so.4.1.2
671af000-671b0000 rw-p 00014000 08:06 1706111    /usr/lib/i386-linux-gnu/libdvdnav.so.4.1.2
671b1000-671b4000 r-xp 00000000 08:06 405644     /usr/lib/vlc/plugins/stream_filter/libdecomp_plugin.so
671b4000-671b5000 r--p 00002000 08:06 405644     /usr/lib/vlc/plugins/stream_filter/libdecomp_plugin.so
671b5000-671b6000 rw-p 00003000 08:06 405644     /usr/lib/vlc/plugins/stream_filter/libdecomp_plugin.so
671b6000-671c0000 r-xp 00000000 08:06 405643     /usr/lib/vlc/plugins/stream_filter/libstream_filter_httplive_plugin.so
671c0000-671c1000 r--p 00009000 08:06 405643     /usr/lib/vlc/plugins/stream_filter/libstream_filter_httplive_plugin.so
671c1000-671c2000 rw-p 0000a000 08:06 405643     /usr/lib/vlc/plugins/stream_filter/libstream_filter_httplive_plugin.so
671c2000-671c7000 r-xp 00000000 08:06 1720610    /usr/lib/vlc/plugins/access/libaccess_vdr_plugin.so
671c7000-671c8000 r--p 00004000 08:06 1720610    /usr/lib/vlc/plugins/access/libaccess_vdr_plugin.so
671c8000-671c9000 rw-p 00005000 08:06 1720610    /usr/lib/vlc/plugins/access/libaccess_vdr_plugin.so
671c9000-671fd000 r-xp 00000000 08:06 1720482    /usr/lib/i386-linux-gnu/libbluray.so.1.2.0
671fd000-671fe000 ---p 00034000 08:06 1720482    /usr/lib/i386-linux-gnu/libbluray.so.1.2.0
671fe000-671ff000 r--p 00034000 08:06 1720482    /usr/lib/i386-linux-gnu/libbluray.so.1.2.0
671ff000-67200000 rw-p 00035000 08:06 1720482    /usr/lib/i386-linux-gnu/libbluray.so.1.2.0
67200000-672fb000 rw-p 00000000 00:00 0 
672fb000-67300000 ---p 00000000 00:00 0 
67300000-67400000 rw-p 00000000 00:00 0 
67400000-674e8000 rw-p 00000000 00:00 0 
674e8000-67500000 ---p 00000000 00:00 0 
67501000-67502000 rwxp 00000000 00:00 0 
67502000-67505000 r-xp 00000000 08:06 1706600    /usr/lib/i386-linux-gnu/libpulse-simple.so.0.0.3
67505000-67506000 r--p 00002000 08:06 1706600    /usr/lib/i386-linux-gnu/libpulse-simple.so.0.0.3
67506000-67507000 rw-p 00003000 08:06 1706600    /usr/lib/i386-linux-gnu/libpulse-simple.so.0.0.3
67507000-6750b000 r-xp 00000000 08:06 1720609    /usr/lib/vlc/plugins/access/libfilesystem_plugin.so
6750b000-6750c000 r--p 00003000 08:06 1720609    /usr/lib/vlc/plugins/access/libfilesystem_plugin.so
6750c000-6750d000 rw-p 00004000 08:06 1720609    /usr/lib/vlc/plugins/access/libfilesystem_plugin.so
6750d000-67517000 r-xp 00000000 08:06 1720582    /usr/lib/vlc/plugins/access/libdvdnav_plugin.so
67517000-67518000 r--p 0000a000 08:06 1720582    /usr/lib/vlc/plugins/access/libdvdnav_plugin.so
67518000-67519000 rw-p 0000b000 08:06 1720582    /usr/lib/vlc/plugins/access/libdvdnav_plugin.so
67519000-6752c000 r-xp 00000000 08:06 1720590    /usr/lib/vlc/plugins/access/libaccess_bd_plugin.so
6752c000-6752d000 r--p 00012000 08:06 1720590    /usr/lib/vlc/plugins/access/libaccess_bd_plugin.so
6752d000-6752e000 rw-p 00013000 08:06 1720590    /usr/lib/vlc/plugins/access/libaccess_bd_plugin.so
6752e000-67531000 ---p 00000000 00:00 0 
67531000-675af000 rw-p 00000000 00:00 0          [stack:31488]
675af000-675b2000 ---p 00000000 00:00 0 
675b2000-67600000 rw-p 00000000 00:00 0          [stack:30487]
67600000-676f6000 rw-p 00000000 00:00 0 
676f6000-67700000 ---p 00000000 00:00 0 
67700000-677ff000 rw-p 00000000 00:00 0 
677ff000-67800000 ---p 00000000 00:00 0 
67800000-678f3000 rw-p 00000000 00:00 0 
678f3000-67900000 ---p 00000000 00:00 0 
67900000-67902000 r-xp 00000000 08:06 405485     /usr/lib/vlc/plugins/mmxext/libmemcpymmxext_plugin.so
67902000-67903000 r--p 00001000 08:06 405485     /usr/lib/vlc/plugins/mmxext/libmemcpymmxext_plugin.so
67903000-67904000 rw-p 00002000 08:06 405485     /usr/lib/vlc/plugins/mmxext/libmemcpymmxext_plugin.so
67904000-67906000 r-xp 00000000 08:06 405602     /usr/lib/vlc/plugins/services_discovery/libmtp_plugin.so
67906000-67907000 r--p 00001000 08:06 405602     /usr/lib/vlc/plugins/services_discovery/libmtp_plugin.so
67907000-67908000 rw-p 00002000 08:06 405602     /usr/lib/vlc/plugins/services_discovery/libmtp_plugin.so
67908000-679ac000 r-xp 00000000 08:06 1439034    /tmp/sqlite-3.7.151-i386-libsqlitejdbc.so
679ac000-679ad000 r--p 000a4000 08:06 1439034    /tmp/sqlite-3.7.151-i386-libsqlitejdbc.so
679ad000-679ae000 rw-p 000a5000 08:06 1439034    /tmp/sqlite-3.7.151-i386-libsqlitejdbc.so
679ae000-679af000 rw-p 00000000 00:00 0 
679af000-679b2000 ---p 00000000 00:00 0 
679b2000-67a00000 rw-p 00000000 00:00 0          [stack:30480]
67a00000-67a2f000 rw-p 00000000 00:00 0 
67a2f000-67b00000 ---p 00000000 00:00 0 
67b00000-67b01000 r-xp 00000000 08:06 1708656    /usr/lib/jvm/java-7-openjdk-i386/jre/lib/i386/libjawt.so
67b01000-67b02000 r--p 00000000 08:06 1708656    /usr/lib/jvm/java-7-openjdk-i386/jre/lib/i386/libjawt.so
67b02000-67b03000 rw-p 00001000 08:06 1708656    /usr/lib/jvm/java-7-openjdk-i386/jre/lib/i386/libjawt.so
67b04000-67b09000 r-xp 00000000 08:06 1720612    /usr/lib/vlc/plugins/access/liblibbluray_plugin.so
67b09000-67b0a000 r--p 00004000 08:06 1720612    /usr/lib/vlc/plugins/access/liblibbluray_plugin.so
67b0a000-67b0b000 rw-p 00005000 08:06 1720612    /usr/lib/vlc/plugins/access/liblibbluray_plugin.so
67b0b000-67b12000 r--s 00000000 08:06 1707538    /usr/lib/i386-linux-gnu/gconv/gconv-modules.cache
67b12000-67b13000 rw-p 00000000 00:00 0 
67b13000-67b46000 rw-s 00000000 00:04 223379581  /SYSV00000000 (deleted)
67b46000-67b4b000 r--s 0004c000 08:06 1708535    /usr/lib/jvm/java-7-openjdk-common/jre/lib/jsse.jar
67b4b000-67b4e000 ---p 00000000 00:00 0 
67b4e000-67b9c000 rw-p 00000000 00:00 0          [stack:30479]
67b9c000-67bad000 r-xp 00000000 08:06 1708665    /usr/lib/jvm/java-7-openjdk-i386/jre/lib/i386/libnio.so
67bad000-67bae000 r--p 00010000 08:06 1708665    /usr/lib/jvm/java-7-openjdk-i386/jre/lib/i386/libnio.so
67bae000-67baf000 rw-p 00011000 08:06 1708665    /usr/lib/jvm/java-7-openjdk-i386/jre/lib/i386/libnio.so
67baf000-67bb0000 r--s 00000000 08:06 936139     /var/cache/fontconfig/c05880de57d1f5e948fdfacc138775d9-le32d4.cache-3
67bb0000-67bb6000 r--s 00000000 08:06 936131     /var/cache/fontconfig/945677eb7aeaf62f1d50efc3fb3ec7d8-le32d4.cache-3
67bb6000-67bb9000 r--s 00000000 08:06 938992     /var/cache/fontconfig/99e8ed0e538f840c565b6ed5dad60d56-le32d4.cache-3
67bb9000-67bbf000 r--s 00000000 08:06 936659     /var/cache/fontconfig/a6d8cf8e4ec09cdbc8633c31745a07dd-le32d4.cache-3
67bbf000-67bc2000 r--s 00000000 08:06 936113     /var/cache/fontconfig/2cd17615ca594fa2959ae173292e504c-le32d4.cache-3
67bc2000-67bc3000 r--s 00000000 08:06 936148     /var/cache/fontconfig/e7071f4a29fa870f4323321c154eba04-le32d4.cache-3
67bc3000-67bc7000 r--s 00000000 08:06 936658     /var/cache/fontconfig/6eb3985aa4124903f6ff08ba781cd364-le32d4.cache-3
67bc7000-67bc8000 r--s 00000000 08:06 936110     /var/cache/fontconfig/0d8c3b2ac0904cb8a57a757ad11a4a08-le32d4.cache-3
67bc8000-67bcc000 r--s 00000000 08:06 936135     /var/cache/fontconfig/a755afe4a08bf5b97852ceb7400b47bc-le32d4.cache-3
67bcc000-67bd3000 r--s 00000000 08:06 936126     /var/cache/fontconfig/6d41288fd70b0be22e8c3a91e032eec0-le32d4.cache-3
67bd3000-67bde000 r--s 00000000 08:06 936108     /var/cache/fontconfig/04aabc0a78ac019cf9454389977116d2-le32d4.cache-3
67bde000-67bdf000 r--s 00000000 08:06 936112     /var/cache/fontconfig/1ac9eb803944fde146138c791f5cc56a-le32d4.cache-3
67bdf000-67be2000 r--s 00000000 08:06 936117     /var/cache/fontconfig/385c0604a188198f04d133e54aba7fe7-le32d4.cache-3
67be2000-67be3000 r--s 00000000 08:06 938732     /var/cache/fontconfig/9c956a7723ca69a44b382d9179c9802f-le32d4.cache-3
67be3000-67be4000 r--s 00000000 08:06 936145     /var/cache/fontconfig/dc05db6664285cc2f12bf69c139ae4c3-le32d4.cache-3
67be4000-67be6000 r--s 00000000 08:06 936128     /var/cache/fontconfig/767a8244fc0220cfb567a839d0392e0b-le32d4.cache-3
67be6000-67be7000 r--s 00000000 08:06 936118     /var/cache/fontconfig/4794a0821666d79190d59a36cb4f44b5-le32d4.cache-3
67be7000-67be8000 r--s 00000000 08:06 938731     /var/cache/fontconfig/9eae20f1ff8cc0a7d125749e875856bd-le32d4.cache-3
67be8000-67bea000 r--s 00000000 08:06 938730     /var/cache/fontconfig/bf2c1853a9e9b00bb02fe2e9bcf1e201-le32d4.cache-3
67bea000-67bed000 r--s 00000000 08:06 936130     /var/cache/fontconfig/8801497958630a81b71ace7c5f9b32a8-le32d4.cache-3
67bed000-67c10000 r--s 00000000 08:06 938729     /var/cache/fontconfig/365b55f210c0a22e9a19e35191240f32-le32d4.cache-3
67c10000-67c12000 r--s 00000000 08:06 938722     /var/cache/fontconfig/c57959a16110560c8d0fcea73374aeeb-le32d4.cache-3
67c12000-67c16000 r--s 00000000 08:06 936114     /var/cache/fontconfig/3047814df9a2f067bd2d96a2b9c36e5a-le32d4.cache-3
67c16000-67c17000 r--s 00000000 08:06 936121     /var/cache/fontconfig/56cf4f4769d0f4abc89a4895d7bd3ae1-le32d4.cache-3
67c17000-67c18000 r--s 00000000 08:06 936138     /var/cache/fontconfig/b9d506c9ac06c20b433354fa67a72993-le32d4.cache-3
67c18000-67c1c000 r--s 00000000 08:06 936137     /var/cache/fontconfig/b47c4e1ecd0709278f4910c18777a504-le32d4.cache-3
67c1c000-67c1e000 r--s 00000000 08:06 938728     /var/cache/fontconfig/14d493b97896515cad3840ba4896e372-le32d4.cache-3
67c1e000-67c1f000 r--s 00000000 08:06 938727     /var/cache/fontconfig/89034621ae2a8922916bb6bfa5799546-le32d4.cache-3
67c1f000-67c25000 r--s 00000000 08:06 936657     /var/cache/fontconfig/52f7bdb7ce746bfd7eaa1985bd9cfa93-le32d4.cache-3
67c25000-67c27000 r--s 00000000 08:06 936147     /var/cache/fontconfig/e49e89034d371f0f9de17aab02136486-le32d4.cache-3
67c27000-67c34000 r--s 00000000 08:06 936143     /var/cache/fontconfig/d52a8644073d54c13679302ca1180695-le32d4.cache-3
67c34000-67c3a000 r--s 00000000 08:06 936656     /var/cache/fontconfig/3f7329c5293ffd510edef78f73874cfd-le32d4.cache-3
67c3a000-67c3c000 r--s 00000000 08:06 938726     /var/cache/fontconfig/65f976e5259cbe6dc7697b8648396239-le32d4.cache-3
67c3c000-67c43000 r--s 00000000 08:06 938721     /var/cache/fontconfig/83bf95040141907cd45bb53cf7c1c148-le32d4.cache-3
67c43000-67c4c000 r--s 00000000 08:06 938720     /var/cache/fontconfig/53d14c92082a93e67d5078324eb314ca-le32d4.cache-3
67c4c000-67c59000 r--s 00000000 08:06 938717     /var/cache/fontconfig/4ac51e5cfbc76fc3f983e470323a16d3-le32d4.cache-3
67c59000-67c6a000 r--s 00000000 08:06 938993     /var/cache/fontconfig/467c019e582ee353435ea5c21d137ef6-le32d4.cache-3
67c6a000-67cad000 r-xp 00000000 08:06 1708645    /usr/lib/jvm/java-7-openjdk-i386/jre/lib/i386/libfontmanager.so
67cad000-67cae000 r--p 00043000 08:06 1708645    /usr/lib/jvm/java-7-openjdk-i386/jre/lib/i386/libfontmanager.so
67cae000-67caf000 rw-p 00044000 08:06 1708645    /usr/lib/jvm/java-7-openjdk-i386/jre/lib/i386/libfontmanager.so
67caf000-67cb2000 ---p 00000000 00:00 0 
67cb2000-67d00000 rw-p 00000000 00:00 0          [stack:30476]
67d00000-67e00000 rw-p 00000000 00:00 0 
67e00000-67e01000 r--s 00000000 08:06 936119     /var/cache/fontconfig/4b14b093aebc79c320de5e86ae1d3314-le32d4.cache-3
67e01000-67e02000 r--s 00000000 08:06 938725     /var/cache/fontconfig/94f7fe9bd33aadfac165873bd010d595-le32d4.cache-3
67e02000-67e03000 r--s 00000000 08:06 938724     /var/cache/fontconfig/423767150eb258c59035de29db6fca84-le32d4.cache-3
67e03000-67e0b000 r--s 00000000 08:06 938718     /var/cache/fontconfig/e13b20fdb08344e0e664864cc2ede53d-le32d4.cache-3
67e0b000-67e0f000 r--s 00000000 08:06 940648     /var/cache/fontconfig/7ef2298fde41cc6eeb7af42e48b7d293-le32d4.cache-3
67e0f000-67e13000 r--s 00000000 08:06 394128     /home/gene/.cache/fontconfig/3ecda6abc85ff6f54114f03ae3c1fe72-le32d4.cache-3
67e13000-67e16000 ---p 00000000 00:00 0 
67e16000-67e64000 rw-p 00000000 00:00 0          [stack:30475]
67e64000-68fd3000 r-xp 00000000 08:06 1706398    /usr/lib/i386-linux-gnu/libicudata.so.48.1.1
68fd3000-68fd4000 r--p 0116e000 08:06 1706398    /usr/lib/i386-linux-gnu/libicudata.so.48.1.1
68fd4000-68fd5000 rw-p 0116f000 08:06 1706398    /usr/lib/i386-linux-gnu/libicudata.so.48.1.1
68fd5000-68fd8000 r-xp 00000000 08:06 262501     /lib/i386-linux-gnu/libgpg-error.so.0.8.0
68fd8000-68fd9000 r--p 00002000 08:06 262501     /lib/i386-linux-gnu/libgpg-error.so.0.8.0
68fd9000-68fda000 rw-p 00003000 08:06 262501     /lib/i386-linux-gnu/libgpg-error.so.0.8.0
68fda000-68fdc000 r-xp 00000000 08:06 262512     /lib/i386-linux-gnu/libkeyutils.so.1.4
68fdc000-68fdd000 r--p 00002000 08:06 262512     /lib/i386-linux-gnu/libkeyutils.so.1.4
68fdd000-68fde000 rw-p 00003000 08:06 262512     /lib/i386-linux-gnu/libkeyutils.so.1.4
68fde000-69134000 r-xp 00000000 08:06 1706412    /usr/lib/i386-linux-gnu/libicuuc.so.48.1.1
69134000-6913e000 r--p 00155000 08:06 1706412    /usr/lib/i386-linux-gnu/libicuuc.so.48.1.1
6913e000-6913f000 rw-p 0015f000 08:06 1706412    /usr/lib/i386-linux-gnu/libicuuc.so.48.1.1
6913f000-69143000 rw-p 00000000 00:00 0 
69143000-69176000 r-xp 00000000 08:06 1706404    /usr/lib/i386-linux-gnu/libicule.so.48.1.1
69176000-69177000 ---p 00033000 08:06 1706404    /usr/lib/i386-linux-gnu/libicule.so.48.1.1
69177000-69178000 r--p 00033000 08:06 1706404    /usr/lib/i386-linux-gnu/libicule.so.48.1.1
69178000-69179000 rw-p 00034000 08:06 1706404    /usr/lib/i386-linux-gnu/libicule.so.48.1.1
69179000-691c1000 r-xp 00000000 08:06 262482     /lib/i386-linux-gnu/libdbus-1.so.3.7.2
691c1000-691c2000 r--p 00047000 08:06 262482     /lib/i386-linux-gnu/libdbus-1.so.3.7.2
691c2000-691c3000 rw-p 00048000 08:06 262482     /lib/i386-linux-gnu/libdbus-1.so.3.7.2
691c3000-691d5000 r-xp 00000000 08:06 1706541    /usr/lib/i386-linux-gnu/libp11-kit.so.0.0.0
691d5000-691d6000 r--p 00011000 08:06 1706541    /usr/lib/i386-linux-gnu/libp11-kit.so.0.0.0
691d6000-691d7000 rw-p 00012000 08:06 1706541    /usr/lib/i386-linux-gnu/libp11-kit.so.0.0.0
691d7000-691e7000 r-xp 00000000 08:06 1706699    /usr/lib/i386-linux-gnu/libtasn1.so.3.2.0
691e7000-691e8000 r--p 0000f000 08:06 1706699    /usr/lib/i386-linux-gnu/libtasn1.so.3.2.0
691e8000-691e9000 rw-p 00010000 08:06 1706699    /usr/lib/i386-linux-gnu/libtasn1.so.3.2.0
691e9000-6926a000 r-xp 00000000 08:06 262497     /lib/i386-linux-gnu/libgcrypt.so.11.7.0
6926a000-6926b000 r--p 00080000 08:06 262497     /lib/i386-linux-gnu/libgcrypt.so.11.7.0
6926b000-6926d000 rw-p 00081000 08:06 262497     /lib/i386-linux-gnu/libgcrypt.so.11.7.0
6926d000-69274000 r-xp 00000000 08:06 1706449    /usr/lib/i386-linux-gnu/libkrb5support.so.0.1
69274000-69275000 r--p 00006000 08:06 1706449    /usr/lib/i386-linux-gnu/libkrb5support.so.0.1
69275000-69276000 rw-p 00007000 08:06 1706449    /usr/lib/i386-linux-gnu/libkrb5support.so.0.1
69276000-69279000 r-xp 00000000 08:06 262477     /lib/i386-linux-gnu/libcom_err.so.2.1
69279000-6927a000 r--p 00002000 08:06 262477     /lib/i386-linux-gnu/libcom_err.so.2.1
6927a000-6927b000 rw-p 00003000 08:06 262477     /lib/i386-linux-gnu/libcom_err.so.2.1
6927b000-692a1000 r-xp 00000000 08:06 1706443    /usr/lib/i386-linux-gnu/libk5crypto.so.3.1
692a1000-692a2000 r--p 00026000 08:06 1706443    /usr/lib/i386-linux-gnu/libk5crypto.so.3.1
692a2000-692a3000 rw-p 00027000 08:06 1706443    /usr/lib/i386-linux-gnu/libk5crypto.so.3.1
692a3000-6936a000 r-xp 00000000 08:06 1706447    /usr/lib/i386-linux-gnu/libkrb5.so.3.3
6936a000-69370000 r--p 000c6000 08:06 1706447    /usr/lib/i386-linux-gnu/libkrb5.so.3.3
69370000-69371000 rw-p 000cc000 08:06 1706447    /usr/lib/i386-linux-gnu/libkrb5.so.3.3
69371000-69409000 r-xp 00000000 08:06 1706380    /usr/lib/i386-linux-gnu/libharfbuzz.so.0.913.0
69409000-6940a000 ---p 00098000 08:06 1706380    /usr/lib/i386-linux-gnu/libharfbuzz.so.0.913.0
6940a000-6940b000 r--p 00098000 08:06 1706380    /usr/lib/i386-linux-gnu/libharfbuzz.so.0.913.0
6940b000-6940c000 rw-p 00099000 08:06 1706380    /usr/lib/i386-linux-gnu/libharfbuzz.so.0.913.0
6940c000-69414000 r-xp 00000000 08:06 1706787    /usr/lib/i386-linux-gnu/libxcb-render.so.0.0.0
69414000-69415000 r--p 00008000 08:06 1706787    /usr/lib/i386-linux-gnu/libxcb-render.so.0.0.0
69415000-69416000 rw-p 00009000 08:06 1706787    /usr/lib/i386-linux-gnu/libxcb-render.so.0.0.0
69416000-69418000 r-xp 00000000 08:06 1706791    /usr/lib/i386-linux-gnu/libxcb-shm.so.0.0.0
69418000-69419000 r--p 00001000 08:06 1706791    /usr/lib/i386-linux-gnu/libxcb-shm.so.0.0.0
69419000-6941a000 rw-p 00002000 08:06 1706791    /usr/lib/i386-linux-gnu/libxcb-shm.so.0.0.0
6941a000-69441000 r-xp 00000000 08:06 262578     /lib/i386-linux-gnu/libpng12.so.0.49.0
69441000-69442000 r--p 00026000 08:06 262578     /lib/i386-linux-gnu/libpng12.so.0.49.0
69442000-69443000 rw-p 00027000 08:06 262578     /lib/i386-linux-gnu/libpng12.so.0.49.0
69443000-694d7000 r-xp 00000000 08:06 1706571    /usr/lib/i386-linux-gnu/libpixman-1.so.0.28.2
694d7000-694dc000 r--p 00093000 08:06 1706571    /usr/lib/i386-linux-gnu/libpixman-1.so.0.28.2
694dc000-694dd000 rw-p 00098000 08:06 1706571    /usr/lib/i386-linux-gnu/libpixman-1.so.0.28.2
694dd000-694e2000 r-xp 00000000 08:06 1705898    /usr/lib/i386-linux-gnu/libXdmcp.so.6.0.0
694e2000-694e3000 r--p 00004000 08:06 1705898    /usr/lib/i386-linux-gnu/libXdmcp.so.6.0.0
694e3000-694e4000 rw-p 00005000 08:06 1705898    /usr/lib/i386-linux-gnu/libXdmcp.so.6.0.0
694e4000-694e6000 r-xp 00000000 08:06 1705887    /usr/lib/i386-linux-gnu/libXau.so.6.0.0
694e6000-694e7000 r--p 00001000 08:06 1705887    /usr/lib/i386-linux-gnu/libXau.so.6.0.0
694e7000-694e8000 rw-p 00002000 08:06 1705887    /usr/lib/i386-linux-gnu/libXau.so.6.0.0
694e8000-694f8000 r-xp 00000000 08:06 1705977    /usr/lib/i386-linux-gnu/libavahi-client.so.3.2.9
694f8000-694f9000 r--p 0000f000 08:06 1705977    /usr/lib/i386-linux-gnu/libavahi-client.so.3.2.9
694f9000-694fa000 rw-p 00010000 08:06 1705977    /usr/lib/i386-linux-gnu/libavahi-client.so.3.2.9
694fa000-69506000 r-xp 00000000 08:06 1705979    /usr/lib/i386-linux-gnu/libavahi-common.so.3.5.3
69506000-69507000 r--p 0000b000 08:06 1705979    /usr/lib/i386-linux-gnu/libavahi-common.so.3.5.3
69507000-69508000 rw-p 0000c000 08:06 1705979    /usr/lib/i386-linux-gnu/libavahi-common.so.3.5.3
69508000-695c8000 r-xp 00000000 08:06 1706251    /usr/lib/i386-linux-gnu/libgnutls.so.26.22.6
695c8000-695cc000 r--p 000bf000 08:06 1706251    /usr/lib/i386-linux-gnu/libgnutls.so.26.22.6
695cc000-695cd000 rw-p 000c3000 08:06 1706251    /usr/lib/i386-linux-gnu/libgnutls.so.26.22.6
695cd000-69608000 r-xp 00000000 08:06 1706276    /usr/lib/i386-linux-gnu/libgssapi_krb5.so.2.2
69608000-69609000 r--p 0003a000 08:06 1706276    /usr/lib/i386-linux-gnu/libgssapi_krb5.so.2.2
69609000-6960a000 rw-p 0003b000 08:06 1706276    /usr/lib/i386-linux-gnu/libgssapi_krb5.so.2.2
6960a000-69649000 r-xp 00000000 08:06 262566     /lib/i386-linux-gnu/libpcre.so.3.13.1
69649000-6964a000 r--p 0003f000 08:06 262566     /lib/i386-linux-gnu/libpcre.so.3.13.1
6964a000-6964b000 rw-p 00040000 08:06 262566     /lib/i386-linux-gnu/libpcre.so.3.13.1
6964b000-69650000 r-xp 00000000 08:06 1706141    /usr/lib/i386-linux-gnu/libffi.so.6.0.1
69650000-69651000 r--p 00005000 08:06 1706141    /usr/lib/i386-linux-gnu/libffi.so.6.0.1
69651000-69652000 rw-p 00006000 08:06 1706141    /usr/lib/i386-linux-gnu/libffi.so.6.0.1
69652000-69677000 r-xp 00000000 08:06 262490     /lib/i386-linux-gnu/libexpat.so.1.6.0
69677000-69679000 r--p 00025000 08:06 262490     /lib/i386-linux-gnu/libexpat.so.1.6.0
69679000-6967a000 rw-p 00027000 08:06 262490     /lib/i386-linux-gnu/libexpat.so.1.6.0
6967a000-69710000 r-xp 00000000 08:06 1706179    /usr/lib/i386-linux-gnu/libfreetype.so.6.10.0
69710000-69714000 r--p 00095000 08:06 1706179    /usr/lib/i386-linux-gnu/libfreetype.so.6.10.0
69714000-69715000 rw-p 00099000 08:06 1706179    /usr/lib/i386-linux-gnu/libfreetype.so.6.10.0
69715000-69728000 r-xp 00000000 08:06 262589     /lib/i386-linux-gnu/libresolv-2.17.so
69728000-69729000 r--p 00013000 08:06 262589     /lib/i386-linux-gnu/libresolv-2.17.so
69729000-6972a000 rw-p 00014000 08:06 262589     /lib/i386-linux-gnu/libresolv-2.17.so
6972a000-6972c000 rw-p 00000000 00:00 0 
6972c000-69749000 r-xp 00000000 08:06 262593     /lib/i386-linux-gnu/libselinux.so.1
69749000-6974a000 r--p 0001c000 08:06 262593     /lib/i386-linux-gnu/libselinux.so.1
6974a000-6974b000 rw-p 0001d000 08:06 262593     /lib/i386-linux-gnu/libselinux.so.1
6974b000-69754000 r-xp 00000000 08:06 1705894    /usr/lib/i386-linux-gnu/libXcursor.so.1.0.2
69754000-69755000 r--p 00008000 08:06 1705894    /usr/lib/i386-linux-gnu/libXcursor.so.1.0.2
69755000-69756000 rw-p 00009000 08:06 1705894    /usr/lib/i386-linux-gnu/libXcursor.so.1.0.2
69756000-69768000 r-xp 00000000 08:06 1706553    /usr/lib/i386-linux-gnu/libpangoft2-1.0.so.0.3200.5
69768000-69769000 r--p 00011000 08:06 1706553    /usr/lib/i386-linux-gnu/libpangoft2-1.0.so.0.3200.5
69769000-6976a000 rw-p 00012000 08:06 1706553    /usr/lib/i386-linux-gnu/libpangoft2-1.0.so.0.3200.5
6976a000-6987d000 r-xp 00000000 08:06 1706005    /usr/lib/i386-linux-gnu/libcairo.so.2.11200.14
6987d000-6987f000 r--p 00113000 08:06 1706005    /usr/lib/i386-linux-gnu/libcairo.so.2.11200.14
6987f000-69880000 rw-p 00115000 08:06 1706005    /usr/lib/i386-linux-gnu/libcairo.so.2.11200.14
69880000-69881000 rw-p 00000000 00:00 0 
69881000-6989f000 r-xp 00000000 08:06 1705967    /usr/lib/i386-linux-gnu/libatk-1.0.so.0.20809.1
6989f000-698a1000 r--p 0001d000 08:06 1705967    /usr/lib/i386-linux-gnu/libatk-1.0.so.0.20809.1
698a1000-698a2000 rw-p 0001f000 08:06 1705967    /usr/lib/i386-linux-gnu/libatk-1.0.so.0.20809.1
698a2000-698c2000 r-xp 00000000 08:06 1720908    /usr/lib/i386-linux-gnu/libxcb.so.1.1.0
698c2000-698c3000 r--p 0001f000 08:06 1720908    /usr/lib/i386-linux-gnu/libxcb.so.1.1.0
698c3000-698c4000 rw-p 00020000 08:06 1720908    /usr/lib/i386-linux-gnu/libxcb.so.1.1.0
698c4000-6991e000 r-xp 00000000 08:06 1706064    /usr/lib/i386-linux-gnu/libcups.so.2
6991e000-6991f000 ---p 0005a000 08:06 1706064    /usr/lib/i386-linux-gnu/libcups.so.2
6991f000-69922000 r--p 0005a000 08:06 1706064    /usr/lib/i386-linux-gnu/libcups.so.2
69922000-69923000 rw-p 0005d000 08:06 1706064    /usr/lib/i386-linux-gnu/libcups.so.2
69923000-69a22000 r-xp 00000000 08:06 262499     /lib/i386-linux-gnu/libglib-2.0.so.0.3600.0
69a22000-69a23000 r--p 000fe000 08:06 262499     /lib/i386-linux-gnu/libglib-2.0.so.0.3600.0
69a23000-69a24000 rw-p 000ff000 08:06 262499     /lib/i386-linux-gnu/libglib-2.0.so.0.3600.0
69a24000-69a72000 r-xp 00000000 08:06 1706257    /usr/lib/i386-linux-gnu/libgobject-2.0.so.0.3600.0
69a72000-69a73000 r--p 0004d000 08:06 1706257    /usr/lib/i386-linux-gnu/libgobject-2.0.so.0.3600.0
69a73000-69a74000 rw-p 0004e000 08:06 1706257    /usr/lib/i386-linux-gnu/libgobject-2.0.so.0.3600.0
69a74000-69aab000 r-xp 00000000 08:06 1706167    /usr/lib/i386-linux-gnu/libfontconfig.so.1.6.2
69aab000-69aac000 r--p 00036000 08:06 1706167    /usr/lib/i386-linux-gnu/libfontconfig.so.1.6.2
69aac000-69aad000 rw-p 00037000 08:06 1706167    /usr/lib/i386-linux-gnu/libfontconfig.so.1.6.2
69aad000-69af6000 r-xp 00000000 08:06 1706549    /usr/lib/i386-linux-gnu/libpango-1.0.so.0.3200.5
69af6000-69af7000 r--p 00049000 08:06 1706549    /usr/lib/i386-linux-gnu/libpango-1.0.so.0.3200.5
69af7000-69af8000 rw-p 0004a000 08:06 1706549    /usr/lib/i386-linux-gnu/libpango-1.0.so.0.3200.5
69af8000-69c58000 r-xp 00000000 08:06 1706227    /usr/lib/i386-linux-gnu/libgio-2.0.so.0.3600.0
69c58000-69c5a000 r--p 00160000 08:06 1706227    /usr/lib/i386-linux-gnu/libgio-2.0.so.0.3600.0
69c5a000-69c5b000 rw-p 00162000 08:06 1706227    /usr/lib/i386-linux-gnu/libgio-2.0.so.0.3600.0
69c5b000-69c5c000 rw-p 00000000 00:00 0 
69c5c000-69d07000 r-xp 00000000 08:06 1706206    /usr/lib/i386-linux-gnu/libgdk-x11-2.0.so.0.2400.17
69d07000-69d09000 r--p 000ab000 08:06 1706206    /usr/lib/i386-linux-gnu/libgdk-x11-2.0.so.0.2400.17
69d09000-69d0a000 rw-p 000ad000 08:06 1706206    /usr/lib/i386-linux-gnu/libgdk-x11-2.0.so.0.2400.17
69d0a000-6a16b000 r-xp 00000000 08:06 1706364    /usr/lib/i386-linux-gnu/libgtk-x11-2.0.so.0.2400.17
6a16b000-6a16f000 r--p 00461000 08:06 1706364    /usr/lib/i386-linux-gnu/libgtk-x11-2.0.so.0.2400.17
6a16f000-6a171000 rw-p 00465000 08:06 1706364    /usr/lib/i386-linux-gnu/libgtk-x11-2.0.so.0.2400.17
6a171000-6a173000 rw-p 00000000 00:00 0 
6a173000-6a2a6000 r-xp 00000000 08:06 1706796    /usr/lib/i386-linux-gnu/libX11.so.6.3.0
6a2a6000-6a2a7000 r--p 00132000 08:06 1706796    /usr/lib/i386-linux-gnu/libX11.so.6.3.0
6a2a7000-6a2aa000 rw-p 00133000 08:06 1706796    /usr/lib/i386-linux-gnu/libX11.so.6.3.0
6a2aa000-6a2fc000 r-xp 00000000 08:06 1708686    /usr/lib/jvm/java-7-openjdk-i386/jre/lib/i386/xawt/libmawt.so
6a2fc000-6a2fd000 r--p 00051000 08:06 1708686    /usr/lib/jvm/java-7-openjdk-i386/jre/lib/i386/xawt/libmawt.so
6a2fd000-6a2ff000 rw-p 00052000 08:06 1708686    /usr/lib/jvm/java-7-openjdk-i386/jre/lib/i386/xawt/libmawt.so
6a2ff000-6a300000 rw-p 00000000 00:00 0 
6a300000-6a3ff000 rw-p 00000000 00:00 0 
6a3ff000-6a400000 ---p 00000000 00:00 0 
6a400000-6a401000 r--s 00000000 08:06 938723     /var/cache/fontconfig/406a1d2d2bf3ed7664fbadefac0b2f66-le32d4.cache-3
6a401000-6a403000 r-xp 00000000 08:06 1705896    /usr/lib/i386-linux-gnu/libXdamage.so.1.1.0
6a403000-6a404000 r--p 00001000 08:06 1705896    /usr/lib/i386-linux-gnu/libXdamage.so.1.1.0
6a404000-6a405000 rw-p 00002000 08:06 1705896    /usr/lib/i386-linux-gnu/libXdamage.so.1.1.0
6a405000-6a40e000 r-xp 00000000 08:06 1705918    /usr/lib/i386-linux-gnu/libXrandr.so.2.2.0
6a40e000-6a40f000 r--p 00008000 08:06 1705918    /usr/lib/i386-linux-gnu/libXrandr.so.2.2.0
6a40f000-6a410000 rw-p 00009000 08:06 1705918    /usr/lib/i386-linux-gnu/libXrandr.so.2.2.0
6a410000-6a41b000 r-xp 00000000 08:06 1706551    /usr/lib/i386-linux-gnu/libpangocairo-1.0.so.0.3200.5
6a41b000-6a41c000 r--p 0000a000 08:06 1706551    /usr/lib/i386-linux-gnu/libpangocairo-1.0.so.0.3200.5
6a41c000-6a41d000 rw-p 0000b000 08:06 1706551    /usr/lib/i386-linux-gnu/libpangocairo-1.0.so.0.3200.5
6a41d000-6a4af000 r-xp 00000000 08:06 1708643    /usr/lib/jvm/java-7-openjdk-i386/jre/lib/i386/libawt.so
6a4af000-6a4b0000 r--p 00091000 08:06 1708643    /usr/lib/jvm/java-7-openjdk-i386/jre/lib/i386/libawt.so
6a4b0000-6a4b7000 rw-p 00092000 08:06 1708643    /usr/lib/jvm/java-7-openjdk-i386/jre/lib/i386/libawt.so
6a4b7000-6a4db000 rw-p 00000000 00:00 0 
6a4db000-6a4dc000 ---p 00000000 00:00 0 
6a4dc000-6a55c000 rw-p 00000000 00:00 0          [stack:30473]
6a55c000-6a55f000 ---p 00000000 00:00 0 
6a55f000-6a5ad000 rw-p 00000000 00:00 0          [stack:30472]
6a5ad000-6a5b0000 ---p 00000000 00:00 0 
6a5b0000-6a62e000 rw-p 00000000 00:00 0          [stack:30471]
6a62e000-6a631000 ---p 00000000 00:00 0 
6a631000-6a6af000 rw-p 00000000 00:00 0          [stack:30470]
6a6af000-6a6b2000 ---p 00000000 00:00 0 
6a6b2000-6a700000 rw-p 00000000 00:00 0          [stack:30469]
6a700000-6a900000 r--p 00000000 08:06 1709808    /usr/lib/locale/locale-archive
6a900000-6a9fb000 rw-p 00000000 00:00 0 
6a9fb000-6aa00000 ---p 00000000 00:00 0 
6aa00000-6ab00000 rw-p 00000000 00:00 0 
6ab00000-6ac00000 rw-p 00000000 00:00 0 
6ac00000-6ac02000 r-xp 00000000 08:06 1705892    /usr/lib/i386-linux-gnu/libXcomposite.so.1.0.0
6ac02000-6ac03000 r--p 00001000 08:06 1705892    /usr/lib/i386-linux-gnu/libXcomposite.so.1.0.0
6ac03000-6ac04000 rw-p 00002000 08:06 1705892    /usr/lib/i386-linux-gnu/libXcomposite.so.1.0.0
6ac04000-6ac09000 r-xp 00000000 08:06 1705902    /usr/lib/i386-linux-gnu/libXfixes.so.3.1.0
6ac09000-6ac0a000 r--p 00004000 08:06 1705902    /usr/lib/i386-linux-gnu/libXfixes.so.3.1.0
6ac0a000-6ac0b000 rw-p 00005000 08:06 1705902    /usr/lib/i386-linux-gnu/libXfixes.so.3.1.0
6ac0b000-6ac2b000 r-xp 00000000 08:06 1706208    /usr/lib/i386-linux-gnu/libgdk_pixbuf-2.0.so.0.2800.0
6ac2b000-6ac2c000 ---p 00020000 08:06 1706208    /usr/lib/i386-linux-gnu/libgdk_pixbuf-2.0.so.0.2800.0
6ac2c000-6ac2d000 r--p 00020000 08:06 1706208    /usr/lib/i386-linux-gnu/libgdk_pixbuf-2.0.so.0.2800.0
6ac2d000-6ac2e000 rw-p 00021000 08:06 1706208    /usr/lib/i386-linux-gnu/libgdk_pixbuf-2.0.so.0.2800.0
6ac2e000-6ac31000 ---p 00000000 00:00 0 
6ac31000-6ac7f000 rw-p 00000000 00:00 0          [stack:30468]
6ac7f000-6ac80000 ---p 00000000 00:00 0 
6ac80000-6ad00000 rw-p 00000000 00:00 0          [stack:30466]
6ad00000-6adff000 rw-p 00000000 00:00 0 
6adff000-6ae00000 ---p 00000000 00:00 0 
6ae00000-6ae02000 r-xp 00000000 08:06 1705908    /usr/lib/i386-linux-gnu/libXinerama.so.1.0.0
6ae02000-6ae03000 r--p 00001000 08:06 1705908    /usr/lib/i386-linux-gnu/libXinerama.so.1.0.0
6ae03000-6ae04000 rw-p 00002000 08:06 1705908    /usr/lib/i386-linux-gnu/libXinerama.so.1.0.0
6ae04000-6ae07000 r-xp 00000000 08:06 1706237    /usr/lib/i386-linux-gnu/libgmodule-2.0.so.0.3600.0
6ae07000-6ae08000 r--p 00002000 08:06 1706237    /usr/lib/i386-linux-gnu/libgmodule-2.0.so.0.3600.0
6ae08000-6ae09000 rw-p 00003000 08:06 1706237    /usr/lib/i386-linux-gnu/libgmodule-2.0.so.0.3600.0
6ae09000-6ae17000 r-xp 00000000 08:06 1705906    /usr/lib/i386-linux-gnu/libXi.so.6.1.0
6ae17000-6ae18000 r--p 0000d000 08:06 1705906    /usr/lib/i386-linux-gnu/libXi.so.6.1.0
6ae18000-6ae19000 rw-p 0000e000 08:06 1705906    /usr/lib/i386-linux-gnu/libXi.so.6.1.0
6ae19000-6ae21000 r-xp 00000000 08:06 1705920    /usr/lib/i386-linux-gnu/libXrender.so.1.3.0
6ae21000-6ae22000 r--p 00007000 08:06 1705920    /usr/lib/i386-linux-gnu/libXrender.so.1.3.0
6ae22000-6ae23000 rw-p 00008000 08:06 1705920    /usr/lib/i386-linux-gnu/libXrender.so.1.3.0
6ae23000-6ae33000 r-xp 00000000 08:06 1705900    /usr/lib/i386-linux-gnu/libXext.so.6.4.0
6ae33000-6ae34000 r--p 0000f000 08:06 1705900    /usr/lib/i386-linux-gnu/libXext.so.6.4.0
6ae34000-6ae35000 rw-p 00010000 08:06 1705900    /usr/lib/i386-linux-gnu/libXext.so.6.4.0
6ae35000-6afe2000 r--s 01cde000 08:06 1708621    /usr/lib/jvm/java-7-openjdk-i386/jre/lib/rt.jar
6afe2000-6dd00000 rw-p 00000000 00:00 0 
6dd00000-6ddfd000 rw-p 00000000 00:00 0 
6ddfd000-6de00000 ---p 00000000 00:00 0 
6de00000-6de02000 r--s 00000000 08:06 936655     /var/cache/fontconfig/67709b7835c0f764c1135060c9575660-le32d4.cache-3
6de02000-6de18000 r-xp 00000000 08:06 1708664    /usr/lib/jvm/java-7-openjdk-i386/jre/lib/i386/libnet.so
6de18000-6de19000 r--p 00015000 08:06 1708664    /usr/lib/jvm/java-7-openjdk-i386/jre/lib/i386/libnet.so
6de19000-6de1a000 rw-p 00016000 08:06 1708664    /usr/lib/jvm/java-7-openjdk-i386/jre/lib/i386/libnet.so
6de1a000-6de25000 r--s 001fb000 08:06 1708529    /usr/lib/jvm/java-7-openjdk-common/jre/lib/charsets.jar
6de25000-6de2e000 r--s 000bc000 08:06 1708538    /usr/lib/jvm/java-7-openjdk-common/jre/lib/resources.jar
6de2e000-6de31000 ---p 00000000 00:00 0 
6de31000-6de7f000 rw-p 00000000 00:00 0          [stack:30467]
6de7f000-6de80000 ---p 00000000 00:00 0 
6de80000-6df00000 rw-p 00000000 00:00 0          [stack:30465]
6df00000-6df21000 rw-p 00000000 00:00 0 
6df21000-6e000000 ---p 00000000 00:00 0 
6e000000-6e021000 rw-p 00000000 00:00 0 
6e021000-6e100000 ---p 00000000 00:00 0 
6e100000-6e101000 r--s 00000000 08:06 936109     /var/cache/fontconfig/0c9eb80ebd1c36541ebe2852d3bb0c49-le32d4.cache-3
6e101000-6e106000 r-xp 00000000 08:06 1705926    /usr/lib/i386-linux-gnu/libXtst.so.6.1.0
6e106000-6e107000 r--p 00004000 08:06 1705926    /usr/lib/i386-linux-gnu/libXtst.so.6.1.0
6e107000-6e108000 rw-p 00005000 08:06 1705926    /usr/lib/i386-linux-gnu/libXtst.so.6.1.0
6e108000-6e113000 r--s 001fb000 08:06 1708529    /usr/lib/jvm/java-7-openjdk-common/jre/lib/charsets.jar
6e113000-6e126000 r--s 00179000 08:06 1724490    /home/gene/Downloads/ll/vlcj-2.4.1/vlcj-2.4.1-javadoc.jar
6e126000-6e130000 r--s 00053000 08:06 1724519    /home/gene/Downloads/ll/vlcj-2.4.1/vlcj-2.4.1-tests.jar
6e130000-6e137000 r--s 00094000 08:06 1784822    /home/gene/netbeans-7.3.1/java/modules/ext/beansbinding-1.2.1.jar
6e137000-6e17f000 rw-p 00000000 00:00 0 
6e17f000-6e180000 ---p 00000000 00:00 0 
6e180000-6e200000 rw-p 00000000 00:00 0          [stack:30464]
6e200000-6e240000 rw-p 00000000 00:00 0 
6e240000-6e300000 ---p 00000000 00:00 0 
6e300000-6e301000 r-xp 00000000 08:06 1706360    /usr/lib/i386-linux-gnu/libgthread-2.0.so.0.3600.0
6e301000-6e302000 r--p 00000000 08:06 1706360    /usr/lib/i386-linux-gnu/libgthread-2.0.so.0.3600.0
6e302000-6e303000 rw-p 00001000 08:06 1706360    /usr/lib/i386-linux-gnu/libgthread-2.0.so.0.3600.0
6e303000-6e312000 r--s 00115000 08:06 1724216    /home/gene/Downloads/ll/vlcj-2.4.1/platform-3.5.2.jar
6e312000-6e31c000 r--s 0004b000 08:06 1724492    /home/gene/Downloads/ll/vlcj-2.4.1/vlcj-2.4.1.jar
6e31c000-6e32b000 r--s 000d3000 08:06 1786959    /home/gene/Downloads/jaudiotagger-2.2.0-20130321.142353-1.jar
6e32b000-6e343000 r--s 001b9000 08:06 1779640    /home/gene/lab/music/playmp3/jmf.jar
6e343000-6e344000 ---p 00000000 00:00 0 
6e344000-6e3c4000 rw-p 00000000 00:00 0          [stack:30463]
6e3c4000-6e3c5000 ---p 00000000 00:00 0 
6e3c5000-6e44d000 rw-p 00000000 00:00 0          [stack:30462]
6e44d000-6e485000 rw-p 00000000 00:00 0 
6e485000-6e49a000 rw-p 00000000 00:00 0 
6e49a000-6e5c9000 rw-p 00000000 00:00 0 
6e5c9000-6e5d1000 rw-p 00000000 00:00 0 
6e5d1000-6e609000 rw-p 00000000 00:00 0 
6e609000-6e61e000 rw-p 00000000 00:00 0 
6e61e000-6e74d000 rw-p 00000000 00:00 0 
6e74d000-6e75a000 rw-p 00000000 00:00 0 
6e75a000-6e75f000 ---p 00000000 00:00 0 
6e75f000-6e7ef000 rw-p 00000000 00:00 0 
6e7ef000-6f7f0000 rw-p 00000000 00:00 0 
6f7f0000-767f0000 rw-p 00000000 00:00 0 
767f0000-79070000 rw-p 00000000 00:00 0 
79070000-9eff0000 rw-p 00000000 00:00 0 
9eff0000-a0890000 rw-p 00000000 00:00 0 
a0890000-a1350000 ---p 00000000 00:00 0 
a1350000-b33f0000 rw-p 00000000 00:00 0 
b33f0000-b33f1000 r--s 00000000 08:06 936124     /var/cache/fontconfig/62f91419b9ebdb6975e7e41ab6412357-le32d4.cache-3
b33f1000-b33f2000 r--s 00000000 08:06 938994     /var/cache/fontconfig/e0aa53bcfa504e64f87823c16bc01eb6-le32d4.cache-3
b33f2000-b33f5000 r--s 000a6000 08:06 1724183    /home/gene/Downloads/ll/vlcj-2.4.1/jna-3.5.2.jar
b33f5000-b33fe000 rw-p 00000000 00:00 0 
b33fe000-b34b5000 rw-p 00000000 00:00 0 
b34b5000-b36f5000 rwxp 00000000 00:00 0 
b36f5000-b64b5000 rw-p 00000000 00:00 0 
b64b5000-b64c0000 r-xp 00000000 08:06 262543     /lib/i386-linux-gnu/libnss_files-2.17.so
b64c0000-b64c1000 r--p 0000a000 08:06 262543     /lib/i386-linux-gnu/libnss_files-2.17.so
b64c1000-b64c2000 rw-p 0000b000 08:06 262543     /lib/i386-linux-gnu/libnss_files-2.17.so
b64c2000-b64cc000 r-xp 00000000 08:06 262548     /lib/i386-linux-gnu/libnss_nis-2.17.so
b64cc000-b64cd000 r--p 00009000 08:06 262548     /lib/i386-linux-gnu/libnss_nis-2.17.so
b64cd000-b64ce000 rw-p 0000a000 08:06 262548     /lib/i386-linux-gnu/libnss_nis-2.17.so
b64ce000-b64e3000 r-xp 00000000 08:06 262537     /lib/i386-linux-gnu/libnsl-2.17.so
b64e3000-b64e4000 r--p 00014000 08:06 262537     /lib/i386-linux-gnu/libnsl-2.17.so
b64e4000-b64e5000 rw-p 00015000 08:06 262537     /lib/i386-linux-gnu/libnsl-2.17.so
b64e5000-b64e7000 rw-p 00000000 00:00 0 
b64e7000-b64ea000 r--s 00027000 08:06 1798650    /home/gene/Downloads/rs2xml.jar
b64ea000-b64ec000 r--s 00380000 08:06 1795454    /home/gene/Downloads/sqlite-jdbc-3.7.15-M1.jar
b64ec000-b64ed000 r--s 00014000 08:06 1795668    /home/gene/lab/music/playmp3/mp3plugin.jar
b64ed000-b64ef000 r--s 00006000 08:06 137009     /usr/share/java/java-atk-wrapper.jar
b64ef000-b64f0000 r--s 00002000 08:06 1708545    /usr/lib/jvm/java-7-openjdk-common/jre/lib/ext/dnsns.jar
b64f0000-b64f3000 r--s 0000f000 08:06 1708547    /usr/lib/jvm/java-7-openjdk-common/jre/lib/ext/pulse-java.jar
b64f3000-b64f7000 r--s 00085000 08:06 1708546    /usr/lib/jvm/java-7-openjdk-common/jre/lib/ext/localedata.jar
b64f7000-b64f9000 r--s 00012000 08:06 1708550    /usr/lib/jvm/java-7-openjdk-common/jre/lib/ext/zipfs.jar
b64f9000-b64fc000 r--s 00032000 08:06 1708548    /usr/lib/jvm/java-7-openjdk-common/jre/lib/ext/sunjce_provider.jar
b64fc000-b64ff000 r--s 0003c000 08:06 1708549    /usr/lib/jvm/java-7-openjdk-common/jre/lib/ext/sunpkcs11.jar
b64ff000-b6500000 r--p 005db000 08:06 1709808    /usr/lib/locale/locale-archive
b6500000-b65fc000 rw-p 00000000 00:00 0 
b65fc000-b6600000 ---p 00000000 00:00 0 
b6600000-b6608000 r-xp 00000000 08:06 1708674    /usr/lib/jvm/java-7-openjdk-i386/jre/lib/i386/libzip.so
b6608000-b6609000 r--p 00007000 08:06 1708674    /usr/lib/jvm/java-7-openjdk-i386/jre/lib/i386/libzip.so
b6609000-b660a000 rw-p 00008000 08:06 1708674    /usr/lib/jvm/java-7-openjdk-i386/jre/lib/i386/libzip.so
b660a000-b6611000 r-xp 00000000 08:06 262539     /lib/i386-linux-gnu/libnss_compat-2.17.so
b6611000-b6612000 r--p 00006000 08:06 262539     /lib/i386-linux-gnu/libnss_compat-2.17.so
b6612000-b6613000 rw-p 00007000 08:06 262539     /lib/i386-linux-gnu/libnss_compat-2.17.so
b6613000-b663a000 r-xp 00000000 08:06 1708652    /usr/lib/jvm/java-7-openjdk-i386/jre/lib/i386/libjava.so
b663a000-b663b000 r--p 00026000 08:06 1708652    /usr/lib/jvm/java-7-openjdk-i386/jre/lib/i386/libjava.so
b663b000-b663c000 rw-p 00027000 08:06 1708652    /usr/lib/jvm/java-7-openjdk-i386/jre/lib/i386/libjava.so
b663c000-b6643000 r-xp 00000000 08:06 262591     /lib/i386-linux-gnu/librt-2.17.so
b6643000-b6644000 r--p 00006000 08:06 262591     /lib/i386-linux-gnu/librt-2.17.so
b6644000-b6645000 rw-p 00007000 08:06 262591     /lib/i386-linux-gnu/librt-2.17.so
b6645000-b6648000 ---p 00000000 00:00 0 
b6648000-b6696000 rw-p 00000000 00:00 0          [stack:30461]
b6696000-b66b1000 r-xp 00000000 08:06 262495     /lib/i386-linux-gnu/libgcc_s.so.1
b66b1000-b66b2000 r--p 0001a000 08:06 262495     /lib/i386-linux-gnu/libgcc_s.so.1
b66b2000-b66b3000 rw-p 0001b000 08:06 262495     /lib/i386-linux-gnu/libgcc_s.so.1
b66b3000-b66f4000 r-xp 00000000 08:06 262518     /lib/i386-linux-gnu/libm-2.17.so
b66f4000-b66f5000 r--p 00040000 08:06 262518     /lib/i386-linux-gnu/libm-2.17.so
b66f5000-b66f6000 rw-p 00041000 08:06 262518     /lib/i386-linux-gnu/libm-2.17.so
b66f6000-b67d2000 r-xp 00000000 08:06 1706691    /usr/lib/i386-linux-gnu/libstdc++.so.6.0.17
b67d2000-b67d3000 ---p 000dc000 08:06 1706691    /usr/lib/i386-linux-gnu/libstdc++.so.6.0.17
b67d3000-b67d7000 r--p 000dc000 08:06 1706691    /usr/lib/i386-linux-gnu/libstdc++.so.6.0.17
b67d7000-b67d8000 rw-p 000e0000 08:06 1706691    /usr/lib/i386-linux-gnu/libstdc++.so.6.0.17
b67d8000-b67df000 rw-p 00000000 00:00 0 
b67df000-b70d4000 r-xp 00000000 08:06 1708685    /usr/lib/jvm/java-7-openjdk-i386/jre/lib/i386/server/libjvm.so
b70d4000-b711b000 r--p 008f4000 08:06 1708685    /usr/lib/jvm/java-7-openjdk-i386/jre/lib/i386/server/libjvm.so
b711b000-b712f000 rw-p 0093b000 08:06 1708685    /usr/lib/jvm/java-7-openjdk-i386/jre/lib/i386/server/libjvm.so
b712f000-b754d000 rw-p 00000000 00:00 0 
b754d000-b7564000 r-xp 00000000 08:06 262624     /lib/i386-linux-gnu/libz.so.1.2.7
b7564000-b7565000 r--p 00016000 08:06 262624     /lib/i386-linux-gnu/libz.so.1.2.7
b7565000-b7566000 rw-p 00017000 08:06 262624     /lib/i386-linux-gnu/libz.so.1.2.7
b7566000-b757d000 r-xp 00000000 08:06 262583     /lib/i386-linux-gnu/libpthread-2.17.so
b757d000-b757e000 r--p 00016000 08:06 262583     /lib/i386-linux-gnu/libpthread-2.17.so
b757e000-b757f000 rw-p 00017000 08:06 262583     /lib/i386-linux-gnu/libpthread-2.17.so
b757f000-b7581000 rw-p 00000000 00:00 0 
b7581000-b7584000 r-xp 00000000 08:06 262485     /lib/i386-linux-gnu/libdl-2.17.so
b7584000-b7585000 r--p 00002000 08:06 262485     /lib/i386-linux-gnu/libdl-2.17.so
b7585000-b7586000 rw-p 00003000 08:06 262485     /lib/i386-linux-gnu/libdl-2.17.so
b7586000-b7733000 r-xp 00000000 08:06 262470     /lib/i386-linux-gnu/libc-2.17.so
b7733000-b7735000 r--p 001ad000 08:06 262470     /lib/i386-linux-gnu/libc-2.17.so
b7735000-b7736000 rw-p 001af000 08:06 262470     /lib/i386-linux-gnu/libc-2.17.so
b7736000-b7739000 rw-p 00000000 00:00 0 
b7739000-b7741000 rw-s 00000000 08:06 1441574    /tmp/hsperfdata_gene/30457
b7741000-b7742000 rw-p 00000000 00:00 0 
b7742000-b7743000 r--p 00000000 00:00 0 
b7743000-b7750000 r-xp 00000000 08:06 1708673    /usr/lib/jvm/java-7-openjdk-i386/jre/lib/i386/libverify.so
b7750000-b7751000 r--p 0000d000 08:06 1708673    /usr/lib/jvm/java-7-openjdk-i386/jre/lib/i386/libverify.so
b7751000-b7752000 rw-p 0000e000 08:06 1708673    /usr/lib/jvm/java-7-openjdk-i386/jre/lib/i386/libverify.so
b7752000-b775f000 r-xp 00000000 08:06 1708681    /usr/lib/jvm/java-7-openjdk-i386/jre/lib/i386/jli/libjli.so
b775f000-b7760000 r--p 0000c000 08:06 1708681    /usr/lib/jvm/java-7-openjdk-i386/jre/lib/i386/jli/libjli.so
b7760000-b7761000 rw-p 0000d000 08:06 1708681    /usr/lib/jvm/java-7-openjdk-i386/jre/lib/i386/jli/libjli.so
b7761000-b7764000 rw-p 00000000 00:00 0 
b7764000-b7765000 r-xp 00000000 00:00 0          [vdso]
b7765000-b7785000 r-xp 00000000 08:06 262446     /lib/i386-linux-gnu/ld-2.17.so
b7785000-b7786000 r--p 0001f000 08:06 262446     /lib/i386-linux-gnu/ld-2.17.so
b7786000-b7787000 rw-p 00020000 08:06 262446     /lib/i386-linux-gnu/ld-2.17.so
bf9d9000-bf9fa000 rw-p 00000000 00:00 0          [stack]

VM Arguments:
jvm_args: -Dfile.encoding=UTF-8 
java_command: musicplayer.Musicplayer
Launcher Type: SUN_STANDARD

Environment Variables:
PATH=/usr/local/sbin:/usr/local/bin:/usr/sbin:/usr/bin:/sbin:/bin:/usr/games:/usr/local/games
USERNAME=gene
LD_LIBRARY_PATH=/usr/lib/jvm/default-java/jre/lib/amd64:/usr/lib/jvm/default-java/jre/lib/i386:
SHELL=/bin/bash
DISPLAY=:0

Signal Handlers:
SIGSEGV: [libjvm.so+0x7598c0], sa_mask[0]=0x7ffbfeff, sa_flags=0x10000004
SIGBUS: [libjvm.so+0x7598c0], sa_mask[0]=0x7ffbfeff, sa_flags=0x10000004
SIGFPE: [libjvm.so+0x5f54f0], sa_mask[0]=0x7ffbfeff, sa_flags=0x10000004
SIGPIPE: [libjvm.so+0x5f54f0], sa_mask[0]=0x7ffbfeff, sa_flags=0x10000004
SIGXFSZ: [libjvm.so+0x5f54f0], sa_mask[0]=0x7ffbfeff, sa_flags=0x10000004
SIGILL: [libjvm.so+0x5f54f0], sa_mask[0]=0x7ffbfeff, sa_flags=0x10000004
SIGUSR1: SIG_DFL, sa_mask[0]=0x00000000, sa_flags=0x00000000
SIGUSR2: [libjvm.so+0x5f53a0], sa_mask[0]=0x00000004, sa_flags=0x10000004
SIGHUP: [libjvm.so+0x5f5930], sa_mask[0]=0x7ffbfeff, sa_flags=0x10000004
SIGINT: SIG_IGN, sa_mask[0]=0x00000000, sa_flags=0x00000000
SIGTERM: [libjvm.so+0x5f5930], sa_mask[0]=0x7ffbfeff, sa_flags=0x10000004
SIGQUIT: [libjvm.so+0x5f5930], sa_mask[0]=0x7ffbfeff, sa_flags=0x10000004


---------------  S Y S T E M  ---------------

OS:Ubuntu 13.04 (raring)
uname:Linux 3.8.0-19-generic #29-Ubuntu SMP Wed Apr 17 18:19:42 UTC 2013 i686
libc:glibc 2.17 NPTL 2.17 
rlimit: STACK 8192k, CORE 0k, NPROC 30928, NOFILE 4096, AS infinity
load average:0.58 0.57 0.86

/proc/meminfo:
MemTotal:        3975340 kB
MemFree:          823024 kB
Buffers:          707948 kB
Cached:          1245044 kB
SwapCached:            0 kB
Active:          1330088 kB
Inactive:        1725500 kB
Active(anon):     939704 kB
Inactive(anon):   330868 kB
Active(file):     390384 kB
Inactive(file):  1394632 kB
Unevictable:           0 kB
Mlocked:               0 kB
HighTotal:       3125056 kB
HighFree:         757896 kB
LowTotal:         850284 kB
LowFree:           65128 kB
SwapTotal:       2047996 kB
SwapFree:        2047996 kB
Dirty:                92 kB
Writeback:             0 kB
AnonPages:       1102316 kB
Mapped:           143096 kB
Shmem:            167944 kB
Slab:              61160 kB
SReclaimable:      39484 kB
SUnreclaim:        21676 kB
KernelStack:        3528 kB
PageTables:         8168 kB
NFS_Unstable:          0 kB
Bounce:                0 kB
WritebackTmp:          0 kB
CommitLimit:     4035664 kB
Committed_AS:    2966696 kB
VmallocTotal:     122880 kB
VmallocUsed:       20008 kB
VmallocChunk:      89160 kB
HardwareCorrupted:     0 kB
AnonHugePages:         0 kB
HugePages_Total:       0
HugePages_Free:        0
HugePages_Rsvd:        0
HugePages_Surp:        0
Hugepagesize:       2048 kB
DirectMap4k:       10232 kB
DirectMap2M:      903168 kB


CPU:total 4 (2 cores per cpu, 2 threads per core) family 6 model 42 stepping 7, cmov, cx8, fxsr, mmx, sse, sse2, sse3, ssse3, sse4.1, sse4.2, popcnt, avx, ht, tsc, tscinvbit

/proc/cpuinfo:
processor	: 0
vendor_id	: GenuineIntel
cpu family	: 6
model		: 42
model name	: Intel(R) Core(TM) i3-2370M CPU @ 2.40GHz
stepping	: 7
microcode	: 0x25
cpu MHz		: 2400.000
cache size	: 3072 KB
physical id	: 0
siblings	: 4
core id		: 0
cpu cores	: 2
apicid		: 0
initial apicid	: 0
fdiv_bug	: no
hlt_bug		: no
f00f_bug	: no
coma_bug	: no
fpu		: yes
fpu_exception	: yes
cpuid level	: 13
wp		: yes
flags		: fpu vme de pse tsc msr pae mce cx8 apic sep mtrr pge mca cmov pat pse36 clflush dts acpi mmx fxsr sse sse2 ss ht tm pbe nx rdtscp lm constant_tsc arch_perfmon pebs bts xtopology nonstop_tsc aperfmperf eagerfpu pni pclmulqdq dtes64 monitor ds_cpl vmx est tm2 ssse3 cx16 xtpr pdcm pcid sse4_1 sse4_2 x2apic popcnt tsc_deadline_timer xsave avx lahf_lm arat epb xsaveopt pln pts dtherm tpr_shadow vnmi flexpriority ept vpid
bogomips	: 4788.77
clflush size	: 64
cache_alignment	: 64
address sizes	: 36 bits physical, 48 bits virtual
power management:

processor	: 1
vendor_id	: GenuineIntel
cpu family	: 6
model		: 42
model name	: Intel(R) Core(TM) i3-2370M CPU @ 2.40GHz
stepping	: 7
microcode	: 0x25
cpu MHz		: 2400.000
cache size	: 3072 KB
physical id	: 0
siblings	: 4
core id		: 0
cpu cores	: 2
apicid		: 1
initial apicid	: 1
fdiv_bug	: no
hlt_bug		: no
f00f_bug	: no
coma_bug	: no
fpu		: yes
fpu_exception	: yes
cpuid level	: 13
wp		: yes
flags		: fpu vme de pse tsc msr pae mce cx8 apic sep mtrr pge mca cmov pat pse36 clflush dts acpi mmx fxsr sse sse2 ss ht tm pbe nx rdtscp lm constant_tsc arch_perfmon pebs bts xtopology nonstop_tsc aperfmperf eagerfpu pni pclmulqdq dtes64 monitor ds_cpl vmx est tm2 ssse3 cx16 xtpr pdcm pcid sse4_1 sse4_2 x2apic popcnt tsc_deadline_timer xsave avx lahf_lm arat epb xsaveopt pln pts dtherm tpr_shadow vnmi flexpriority ept vpid
bogomips	: 4788.77
clflush size	: 64
cache_alignment	: 64
address sizes	: 36 bits physical, 48 bits virtual
power management:

processor	: 2
vendor_id	: GenuineIntel
cpu family	: 6
model		: 42
model name	: Intel(R) Core(TM) i3-2370M CPU @ 2.40GHz
stepping	: 7
microcode	: 0x25
cpu MHz		: 800.000
cache size	: 3072 KB
physical id	: 0
siblings	: 4
core id		: 1
cpu cores	: 2
apicid		: 2
initial apicid	: 2
fdiv_bug	: no
hlt_bug		: no
f00f_bug	: no
coma_bug	: no
fpu		: yes
fpu_exception	: yes
cpuid level	: 13
wp		: yes
flags		: fpu vme de pse tsc msr pae mce cx8 apic sep mtrr pge mca cmov pat pse36 clflush dts acpi mmx fxsr sse sse2 ss ht tm pbe nx rdtscp lm constant_tsc arch_perfmon pebs bts xtopology nonstop_tsc aperfmperf eagerfpu pni pclmulqdq dtes64 monitor ds_cpl vmx est tm2 ssse3 cx16 xtpr pdcm pcid sse4_1 sse4_2 x2apic popcnt tsc_deadline_timer xsave avx lahf_lm arat epb xsaveopt pln pts dtherm tpr_shadow vnmi flexpriority ept vpid
bogomips	: 4788.77
clflush size	: 64
cache_alignment	: 64
address sizes	: 36 bits physical, 48 bits virtual
power management:

processor	: 3
vendor_id	: GenuineIntel
cpu family	: 6
model		: 42
model name	: Intel(R) Core(TM) i3-2370M CPU @ 2.40GHz
stepping	: 7
microcode	: 0x25
cpu MHz		: 800.000
cache size	: 3072 KB
physical id	: 0
siblings	: 4
core id		: 1
cpu cores	: 2
apicid		: 3
initial apicid	: 3
fdiv_bug	: no
hlt_bug		: no
f00f_bug	: no
coma_bug	: no
fpu		: yes
fpu_exception	: yes
cpuid level	: 13
wp		: yes
flags		: fpu vme de pse tsc msr pae mce cx8 apic sep mtrr pge mca cmov pat pse36 clflush dts acpi mmx fxsr sse sse2 ss ht tm pbe nx rdtscp lm constant_tsc arch_perfmon pebs bts xtopology nonstop_tsc aperfmperf eagerfpu pni pclmulqdq dtes64 monitor ds_cpl vmx est tm2 ssse3 cx16 xtpr pdcm pcid sse4_1 sse4_2 x2apic popcnt tsc_deadline_timer xsave avx lahf_lm arat epb xsaveopt pln pts dtherm tpr_shadow vnmi flexpriority ept vpid
bogomips	: 4788.77
clflush size	: 64
cache_alignment	: 64
address sizes	: 36 bits physical, 48 bits virtual
power management:



Memory: 4k page, physical 3975340k(823024k free), swap 2047996k(2047996k free)

vm_info: OpenJDK Server VM (23.7-b01) for linux-x86 JRE (1.7.0_21-b02), built on Apr 22 2013 07:41:32 by "buildd" with gcc 4.7.3

time: Thu Oct 31 18:28:38 2013
elapsed time: 146 seconds

