#
# A fatal error has been detected by the Java Runtime Environment:
#
#  SIGSEGV (0xb) at pc=0x67a50d60, pid=31374, tid=1739856704
#
# JRE version: 7.0_21-b02
# Java VM: OpenJDK Server VM (23.7-b01 mixed mode linux-x86 )
# Problematic frame:
# C  [sqlite-3.7.151-i386-libsqlitejdbc.so+0xbd60]  Java_org_sqlite_NativeDB_shared_1cache+0x5c60
#
# Failed to write core dump. Core dumps have been disabled. To enable core dumping, try "ulimit -c unlimited" before starting Java again
#
# If you would like to submit a bug report, please include
# instructions on how to reproduce the bug and visit:
#   https://bugs.launchpad.net/ubuntu/+source/openjdk-7/
# The crash happened outside the Java Virtual Machine in native code.
# See problematic frame for where to report the bug.
#

---------------  T H R E A D  ---------------

Current thread (0x67dd6400):  JavaThread "AWT-EventQueue-0" [_thread_in_native, id=31399, stack(0x67af1000,0x67b42000)]

siginfo:si_signo=SIGSEGV: si_errno=0, si_code=1 (SEGV_MAPERR), si_addr=0x0000002c

Registers:
EAX=0x00000000, EBX=0x67ae9ff4, ECX=0x67a6a7b0, EDX=0x00000000
ESP=0x67b40850, EBP=0x67b40868, ESI=0x00000000, EDI=0x00000000
EIP=0x67a50d60, EFLAGS=0x00210206, CR2=0x0000002c

Top of Stack: (sp=0x67b40850)
0x67b40850:   000000b6 6dd00a08 00000018 67dd6400
0x67b40860:   6ee61118 67dd6528 67b40888 67a4aaa9
0x67b40870:   67a6a7b0 00000000 67b40890 6ee61118
0x67b40880:   6ee61118 67dd6400 67b408d8 b3485653
0x67b40890:   67dd6528 67b408f4 00000000 00000000
0x67b408a0:   00000000 67b408e8 b348cd34 67b408b0
0x67b408b0:   00000001 9f253938 67b408b0 00000000
0x67b408c0:   67b408f4 6eef4ef8 00000000 6ee61118 

Instructions: (pc=0x67a50d60)
0x67a50d40:   07 0f b7 40 2c 5d c3 90 31 c0 5d c3 8d 74 26 00
0x67a50d50:   55 89 e5 83 ec 18 89 7d fc 89 c7 89 75 f8 89 d6
0x67a50d60:   0f b7 57 2c 8b 00 39 d6 89 45 f4 89 55 f0 7d 58
0x67a50d70:   85 f6 78 54 8b 55 f4 8b 42 0c 89 04 24 e8 ce b2 

Register to memory mapping:

EAX=0x00000000 is an unknown value
EBX=0x67ae9ff4: <offset 0xa4ff4> in /tmp/sqlite-3.7.151-i386-libsqlitejdbc.so at 0x67a45000
ECX=0x67a6a7b0: <offset 0x257b0> in /tmp/sqlite-3.7.151-i386-libsqlitejdbc.so at 0x67a45000
EDX=0x00000000 is an unknown value
ESP=0x67b40850 is pointing into the stack for thread: 0x67dd6400
EBP=0x67b40868 is pointing into the stack for thread: 0x67dd6400
ESI=0x00000000 is an unknown value
EDI=0x00000000 is an unknown value


Stack: [0x67af1000,0x67b42000],  sp=0x67b40850,  free space=318k
Native frames: (J=compiled Java code, j=interpreted, Vv=VM code, C=native code)
C  [sqlite-3.7.151-i386-libsqlitejdbc.so+0xbd60]  Java_org_sqlite_NativeDB_shared_1cache+0x5c60
C  [sqlite-3.7.151-i386-libsqlitejdbc.so+0x5aa9]  Java_org_sqlite_NativeDB_column_1name+0x29
j  org.sqlite.NativeDB.column_name(JI)Ljava/lang/String;+0
j  org.sqlite.RS.getColumnName(I)Ljava/lang/String;+16
j  org.sqlite.RS.getColumnLabel(I)Ljava/lang/String;+2
j  net.proteanit.sql.DbUtils.resultSetToTableModel(Ljava/sql/ResultSet;)Ljavax/swing/table/TableModel;+37
j  musicplayer.UI.UpdateQueue()V+11
j  musicplayer.UI.<init>()V+56
j  musicplayer.UI$20.run()V+4
j  java.awt.event.InvocationEvent.dispatch()V+47
j  java.awt.EventQueue.dispatchEventImpl(Ljava/awt/AWTEvent;Ljava/lang/Object;)V+21
j  java.awt.EventQueue.access$200(Ljava/awt/EventQueue;Ljava/awt/AWTEvent;Ljava/lang/Object;)V+3
j  java.awt.EventQueue$3.run()Ljava/lang/Void;+12
j  java.awt.EventQueue$3.run()Ljava/lang/Object;+1
v  ~StubRoutines::call_stub
V  [libjvm.so+0x42b06c]  JavaCalls::call_helper(JavaValue*, methodHandle*, JavaCallArguments*, Thread*)+0x39c

Java frames: (J=compiled Java code, j=interpreted, Vv=VM code)
j  org.sqlite.NativeDB.column_name(JI)Ljava/lang/String;+0
j  org.sqlite.RS.getColumnName(I)Ljava/lang/String;+16
j  org.sqlite.RS.getColumnLabel(I)Ljava/lang/String;+2
j  net.proteanit.sql.DbUtils.resultSetToTableModel(Ljava/sql/ResultSet;)Ljavax/swing/table/TableModel;+37
j  musicplayer.UI.UpdateQueue()V+11
j  musicplayer.UI.<init>()V+56
j  musicplayer.UI$20.run()V+4
j  java.awt.event.InvocationEvent.dispatch()V+47
j  java.awt.EventQueue.dispatchEventImpl(Ljava/awt/AWTEvent;Ljava/lang/Object;)V+21
j  java.awt.EventQueue.access$200(Ljava/awt/EventQueue;Ljava/awt/AWTEvent;Ljava/lang/Object;)V+3
j  java.awt.EventQueue$3.run()Ljava/lang/Void;+12
j  java.awt.EventQueue$3.run()Ljava/lang/Object;+1
v  ~StubRoutines::call_stub
j  java.security.AccessController.doPrivileged(Ljava/security/PrivilegedAction;Ljava/security/AccessControlContext;)Ljava/lang/Object;+0
j  java.security.ProtectionDomain$1.doIntersectionPrivilege(Ljava/security/PrivilegedAction;Ljava/security/AccessControlContext;Ljava/security/AccessControlContext;)Ljava/lang/Object;+28
j  java.awt.EventQueue.dispatchEvent(Ljava/awt/AWTEvent;)V+46
j  java.awt.EventDispatchThread.pumpOneEventForFilters(I)V+245
j  java.awt.EventDispatchThread.pumpEventsForFilter(ILjava/awt/Conditional;Ljava/awt/EventFilter;)V+35
j  java.awt.EventDispatchThread.pumpEventsForHierarchy(ILjava/awt/Conditional;Ljava/awt/Component;)V+11
j  java.awt.EventDispatchThread.pumpEvents(ILjava/awt/Conditional;)V+4
j  java.awt.EventDispatchThread.pumpEvents(Ljava/awt/Conditional;)V+3
j  java.awt.EventDispatchThread.run()V+9
v  ~StubRoutines::call_stub

---------------  P R O C E S S  ---------------

Java Threads: ( => current thread )
  0x67821800 JavaThread "TimerQueue" daemon [_thread_blocked, id=31402, stack(0x676af000,0x67700000)]
  0xb6506800 JavaThread "DestroyJavaVM" [_thread_blocked, id=31379, stack(0xb6603000,0xb6654000)]
=>0x67dd6400 JavaThread "AWT-EventQueue-0" [_thread_in_native, id=31399, stack(0x67af1000,0x67b42000)]
  0x67dd5000 JavaThread "AWT-Shutdown" [_thread_blocked, id=31398, stack(0x67b42000,0x67b93000)]
  0x67d15400 JavaThread "AWT-XAWT" daemon [_thread_in_native, id=31393, stack(0x67caf000,0x67d00000)]
  0x6a3ea800 JavaThread "Java2D Disposer" daemon [_thread_blocked, id=31392, stack(0x67e08000,0x67e59000)]
  0x6aa01400 JavaThread "Service Thread" daemon [_thread_blocked, id=31390, stack(0x6a55c000,0x6a5ad000)]
  0x6adfe800 JavaThread "C2 CompilerThread1" daemon [_thread_blocked, id=31389, stack(0x6a5ad000,0x6a62e000)]
  0x6adfc800 JavaThread "C2 CompilerThread0" daemon [_thread_blocked, id=31388, stack(0x6a62e000,0x6a6af000)]
  0x6adfac00 JavaThread "Signal Dispatcher" daemon [_thread_blocked, id=31387, stack(0x6a6af000,0x6a700000)]
  0x6adb8c00 JavaThread "Finalizer" daemon [_thread_blocked, id=31386, stack(0x6ac2e000,0x6ac7f000)]
  0x6adb7000 JavaThread "Reference Handler" daemon [_thread_blocked, id=31385, stack(0x6de2e000,0x6de7f000)]

Other Threads:
  0x6adb0800 VMThread [stack: 0x6ac7f000,0x6ad00000] [id=31384]
  0x6aa03400 WatcherThread [stack: 0x6a4db000,0x6a55c000] [id=31391]

VM state:not at safepoint (normal execution)

VM Mutex/Monitor currently owned by a thread: None

Heap
 PSYoungGen      total 18112K, used 5557K [0x9efb0000, 0xa1310000, 0xb33b0000)
  eden space 15552K, 19% used [0x9efb0000,0x9f2a0140,0x9fee0000)
  from space 2560K, 99% used [0x9fee0000,0xa015d5c0,0xa0160000)
  to   space 2560K, 0% used [0xa1090000,0xa1090000,0xa1310000)
 ParOldGen       total 41472K, used 1209K [0x767b0000, 0x79030000, 0x9efb0000)
  object space 41472K, 2% used [0x767b0000,0x768de710,0x79030000)
 PSPermGen       total 16384K, used 11965K [0x6e7b0000, 0x6f7b0000, 0x767b0000)
  object space 16384K, 73% used [0x6e7b0000,0x6f35f710,0x6f7b0000)

Card table byte_map: [0x6e589000,0x6e7b0000] byte_map_base: 0x6e215280

Polling page: 0xb7700000

Code Cache  [0xb347a000, 0xb36ba000, 0xb647a000)
 total_blobs=396 nmethods=148 adapters=200 free_code_cache=48544Kb largest_free_block=49679040

Compilation events (10 events):
Event: 1.392 Thread 0x6adfc800 nmethod 138 0xb3501b88 code [0xb3501c80, 0xb3501d50]
Event: 1.393 Thread 0x6adfe800 nmethod 114 0xb35105c8 code [0xb3510b20, 0xb3513d0c]
Event: 1.410 Thread 0x6adfc800  139             sun.java2d.loops.GraphicsPrimitive::getUniqueID (5 bytes)
Event: 1.410 Thread 0x6adfc800 nmethod 139 0xb3501a08 code [0xb3501ae0, 0xb3501b30]
Event: 1.450 Thread 0x6adfe800  140             java.util.WeakHashMap::getTable (9 bytes)
Event: 1.452 Thread 0x6adfe800 nmethod 140 0xb3503f88 code [0xb3504080, 0xb35040f0]
Event: 1.453 Thread 0x6adfc800  141             java.util.WeakHashMap::maskNull (12 bytes)
Event: 1.453 Thread 0x6adfe800  142             java.util.WeakHashMap::hash (65 bytes)
Event: 1.453 Thread 0x6adfc800 nmethod 141 0xb34e7088 code [0xb34e7160, 0xb34e71b0]
Event: 1.455 Thread 0x6adfe800 nmethod 142 0xb350ea48 code [0xb350eb60, 0xb350ec7c]

GC Heap History (2 events):
Event: 1.330 GC heap before
{Heap before GC invocations=1 (full 0):
 PSYoungGen      total 18112K, used 15552K [0x9efb0000, 0xa03e0000, 0xb33b0000)
  eden space 15552K, 100% used [0x9efb0000,0x9fee0000,0x9fee0000)
  from space 2560K, 0% used [0xa0160000,0xa0160000,0xa03e0000)
  to   space 2560K, 0% used [0x9fee0000,0x9fee0000,0xa0160000)
 ParOldGen       total 41472K, used 0K [0x767b0000, 0x79030000, 0x9efb0000)
  object space 41472K, 0% used [0x767b0000,0x767b0000,0x79030000)
 PSPermGen       total 16384K, used 11077K [0x6e7b0000, 0x6f7b0000, 0x767b0000)
  object space 16384K, 67% used [0x6e7b0000,0x6f281728,0x6f7b0000)
Event: 1.347 GC heap after
Heap after GC invocations=1 (full 0):
 PSYoungGen      total 18112K, used 2549K [0x9efb0000, 0xa1310000, 0xb33b0000)
  eden space 15552K, 0% used [0x9efb0000,0x9efb0000,0x9fee0000)
  from space 2560K, 99% used [0x9fee0000,0xa015d5c0,0xa0160000)
  to   space 2560K, 0% used [0xa1090000,0xa1090000,0xa1310000)
 ParOldGen       total 41472K, used 1209K [0x767b0000, 0x79030000, 0x9efb0000)
  object space 41472K, 2% used [0x767b0000,0x768de710,0x79030000)
 PSPermGen       total 16384K, used 11077K [0x6e7b0000, 0x6f7b0000, 0x767b0000)
  object space 16384K, 67% used [0x6e7b0000,0x6f281728,0x6f7b0000)
}

Deoptimization events (10 events):
Event: 0.490 Thread 0x67dd6400 Uncommon trap -58 fr.pc 0xb34d6638
Event: 0.620 Thread 0x67dd6400 Uncommon trap 16 fr.pc 0xb34d49cc
Event: 0.620 Thread 0x67dd6400 Uncommon trap -83 fr.pc 0xb34d97b0
Event: 0.741 Thread 0x67dd6400 Uncommon trap -34 fr.pc 0xb34d43bc
Event: 0.741 Thread 0x67dd6400 Uncommon trap -34 fr.pc 0xb34d43bc
Event: 0.741 Thread 0x67dd6400 Uncommon trap -34 fr.pc 0xb34d43bc
Event: 0.741 Thread 0x67dd6400 Uncommon trap -34 fr.pc 0xb34d43bc
Event: 1.246 Thread 0x67dd6400 Uncommon trap 22 fr.pc 0xb34f7d0c
Event: 1.246 Thread 0x67dd6400 Uncommon trap -67 fr.pc 0xb34fb88c
Event: 1.288 Thread 0x67dd6400 Uncommon trap -83 fr.pc 0xb34fc978

Internal exceptions (10 events):
Event: 1.393 Thread 0x67dd6400 Threw 0x9f1c9b80 at /build/buildd/openjdk-7-7u21-2.3.9/build/openjdk/hotspot/src/share/vm/prims/jvm.cpp:1166
Event: 1.394 Thread 0x67dd6400 Threw 0x9f1cc2e8 at /build/buildd/openjdk-7-7u21-2.3.9/build/openjdk/hotspot/src/share/vm/prims/jvm.cpp:1166
Event: 1.394 Thread 0x67dd6400 Threw 0x9f1ce5d8 at /build/buildd/openjdk-7-7u21-2.3.9/build/openjdk/hotspot/src/share/vm/prims/jvm.cpp:1166
Event: 1.395 Thread 0x67dd6400 Threw 0x9f1d0cc0 at /build/buildd/openjdk-7-7u21-2.3.9/build/openjdk/hotspot/src/share/vm/prims/jvm.cpp:1166
Event: 1.475 Thread 0x67dd6400 Threw 0x9f23e070 at /build/buildd/openjdk-7-7u21-2.3.9/build/openjdk/hotspot/src/share/vm/prims/jvm.cpp:1166
Event: 1.475 Thread 0x67dd6400 Threw 0x9f240c98 at /build/buildd/openjdk-7-7u21-2.3.9/build/openjdk/hotspot/src/share/vm/prims/jvm.cpp:1166
Event: 1.475 Thread 0x67dd6400 Threw 0x9f243638 at /build/buildd/openjdk-7-7u21-2.3.9/build/openjdk/hotspot/src/share/vm/prims/jvm.cpp:1166
Event: 1.476 Thread 0x67dd6400 Threw 0x9f245810 at /build/buildd/openjdk-7-7u21-2.3.9/build/openjdk/hotspot/src/share/vm/prims/jvm.cpp:1166
Event: 1.476 Thread 0x67dd6400 Threw 0x9f248938 at /build/buildd/openjdk-7-7u21-2.3.9/build/openjdk/hotspot/src/share/vm/prims/jvm.cpp:1166
Event: 1.479 Thread 0x67dd6400 Threw 0x9f254ea8 at /build/buildd/openjdk-7-7u21-2.3.9/build/openjdk/hotspot/src/share/vm/prims/jvm.cpp:1166

Events (10 events):
Event: 1.476 loading class 0x6a9242d0
Event: 1.476 loading class 0x6a9242d0 done
Event: 1.477 loading class 0x678ab500
Event: 1.477 loading class 0x678ab500 done
Event: 1.478 loading class 0x6a990ff0
Event: 1.478 loading class 0x6a990ff0 done
Event: 1.479 loading class 0x6aaabc18
Event: 1.479 loading class 0x6aaabc18 done
Event: 1.480 loading class 0x67d16fb0
Event: 1.480 loading class 0x67d16fb0 done


Dynamic libraries:
08048000-08049000 r-xp 00000000 08:06 1708580    /usr/lib/jvm/java-7-openjdk-i386/jre/bin/java
08049000-0804a000 r--p 00000000 08:06 1708580    /usr/lib/jvm/java-7-openjdk-i386/jre/bin/java
0804a000-0804b000 rw-p 00001000 08:06 1708580    /usr/lib/jvm/java-7-openjdk-i386/jre/bin/java
0972c000-097d9000 rw-p 00000000 00:00 0          [heap]
66e00000-66e74000 rw-p 00000000 00:00 0 
66e74000-66f00000 ---p 00000000 00:00 0 
66fb7000-67100000 rw-p 00000000 00:00 0 
67100000-671fa000 rw-p 00000000 00:00 0 
671fa000-67200000 ---p 00000000 00:00 0 
67200000-672f0000 rw-p 00000000 00:00 0 
672f0000-67300000 ---p 00000000 00:00 0 
67365000-67400000 rw-p 00000000 00:00 0 
67400000-674fd000 rw-p 00000000 00:00 0 
674fd000-67500000 ---p 00000000 00:00 0 
67512000-6752a000 r--s 00000000 08:06 656549     /usr/share/fonts/type1/gsfonts/c059033l.pfb
6752a000-6753c000 r--s 00000000 08:06 656570     /usr/share/fonts/type1/gsfonts/n019043l.pfb
6753c000-67548000 r--s 00000000 08:06 656555     /usr/share/fonts/type1/gsfonts/d050000l.pfb
67548000-67563000 r--s 00000000 08:06 656606     /usr/share/fonts/type1/gsfonts/p052003l.pfb
67563000-6757e000 r--s 00000000 08:06 656612     /usr/share/fonts/type1/gsfonts/p052023l.pfb
6757e000-67599000 r--s 00000000 08:06 656546     /usr/share/fonts/type1/gsfonts/c059016l.pfb
67599000-675aa000 r--s 00000000 08:06 656528     /usr/share/fonts/type1/gsfonts/a010035l.pfb
675aa000-675c6000 r--s 00000000 08:06 656615     /usr/share/fonts/type1/gsfonts/p052024l.pfb
675c6000-675d8000 r--s 00000000 08:06 656573     /usr/share/fonts/type1/gsfonts/n019044l.pfb
675d8000-675eb000 r--s 00000000 08:06 656534     /usr/share/fonts/type1/gsfonts/b018015l.pfb
675eb000-675fc000 r--s 00000000 08:06 656576     /usr/share/fonts/type1/gsfonts/n019063l.pfb
675fc000-67616000 r--s 00000000 08:06 656543     /usr/share/fonts/type1/gsfonts/c059013l.pfb
67616000-6762f000 r--s 00000000 08:06 656531     /usr/share/fonts/type1/gsfonts/b018012l.pfb
6762f000-67644000 r--s 00000000 08:06 656537     /usr/share/fonts/type1/gsfonts/b018032l.pfb
67644000-67654000 r--s 00000000 08:06 656525     /usr/share/fonts/type1/gsfonts/a010033l.pfb
67654000-6765d000 r--s 00000000 08:06 656618     /usr/share/fonts/type1/gsfonts/s050000l.pfb
6765d000-6766d000 r--s 00000000 08:06 656522     /usr/share/fonts/type1/gsfonts/a010015l.pfb
6766d000-6767d000 r--s 00000000 08:06 656519     /usr/share/fonts/type1/gsfonts/a010013l.pfb
6767d000-67698000 r--s 00000000 08:06 656609     /usr/share/fonts/type1/gsfonts/p052004l.pfb
67698000-676af000 r--s 00000000 08:06 656621     /usr/share/fonts/type1/gsfonts/z003034l.pfb
676af000-676b2000 ---p 00000000 00:00 0 
676b2000-67700000 rw-p 00000000 00:00 0          [stack:31402]
67700000-677ff000 rw-p 00000000 00:00 0 
677ff000-67800000 ---p 00000000 00:00 0 
67800000-678fb000 rw-p 00000000 00:00 0 
678fb000-67900000 ---p 00000000 00:00 0 
67900000-679fb000 rw-p 00000000 00:00 0 
679fb000-67a00000 ---p 00000000 00:00 0 
67a06000-67a08000 rw-p 00000000 00:00 0 
67a08000-67a1a000 r--s 00000000 08:06 656540     /usr/share/fonts/type1/gsfonts/b018035l.pfb
67a1a000-67a2d000 r--s 00000000 08:06 656579     /usr/share/fonts/type1/gsfonts/n019064l.pfb
67a2d000-67a45000 r--s 00000000 08:06 656552     /usr/share/fonts/type1/gsfonts/c059036l.pfb
67a45000-67ae9000 r-xp 00000000 08:06 1439244    /tmp/sqlite-3.7.151-i386-libsqlitejdbc.so
67ae9000-67aea000 r--p 000a4000 08:06 1439244    /tmp/sqlite-3.7.151-i386-libsqlitejdbc.so
67aea000-67aeb000 rw-p 000a5000 08:06 1439244    /tmp/sqlite-3.7.151-i386-libsqlitejdbc.so
67aeb000-67aec000 rw-p 00000000 00:00 0 
67aec000-67af1000 r--s 0004c000 08:06 1708535    /usr/lib/jvm/java-7-openjdk-common/jre/lib/jsse.jar
67af1000-67af4000 ---p 00000000 00:00 0 
67af4000-67b42000 rw-p 00000000 00:00 0          [stack:31399]
67b42000-67b45000 ---p 00000000 00:00 0 
67b45000-67b93000 rw-p 00000000 00:00 0          [stack:31398]
67b93000-67ba4000 r-xp 00000000 08:06 1708665    /usr/lib/jvm/java-7-openjdk-i386/jre/lib/i386/libnio.so
67ba4000-67ba5000 r--p 00010000 08:06 1708665    /usr/lib/jvm/java-7-openjdk-i386/jre/lib/i386/libnio.so
67ba5000-67ba6000 rw-p 00011000 08:06 1708665    /usr/lib/jvm/java-7-openjdk-i386/jre/lib/i386/libnio.so
67ba6000-67ba7000 r--s 00000000 08:06 936139     /var/cache/fontconfig/c05880de57d1f5e948fdfacc138775d9-le32d4.cache-3
67ba7000-67bad000 r--s 00000000 08:06 936131     /var/cache/fontconfig/945677eb7aeaf62f1d50efc3fb3ec7d8-le32d4.cache-3
67bad000-67bb0000 r--s 00000000 08:06 938992     /var/cache/fontconfig/99e8ed0e538f840c565b6ed5dad60d56-le32d4.cache-3
67bb0000-67bb6000 r--s 00000000 08:06 936659     /var/cache/fontconfig/a6d8cf8e4ec09cdbc8633c31745a07dd-le32d4.cache-3
67bb6000-67bb9000 r--s 00000000 08:06 936113     /var/cache/fontconfig/2cd17615ca594fa2959ae173292e504c-le32d4.cache-3
67bb9000-67bba000 r--s 00000000 08:06 936148     /var/cache/fontconfig/e7071f4a29fa870f4323321c154eba04-le32d4.cache-3
67bba000-67bbe000 r--s 00000000 08:06 936658     /var/cache/fontconfig/6eb3985aa4124903f6ff08ba781cd364-le32d4.cache-3
67bbe000-67bbf000 r--s 00000000 08:06 936110     /var/cache/fontconfig/0d8c3b2ac0904cb8a57a757ad11a4a08-le32d4.cache-3
67bbf000-67bc3000 r--s 00000000 08:06 936135     /var/cache/fontconfig/a755afe4a08bf5b97852ceb7400b47bc-le32d4.cache-3
67bc3000-67bca000 r--s 00000000 08:06 936126     /var/cache/fontconfig/6d41288fd70b0be22e8c3a91e032eec0-le32d4.cache-3
67bca000-67bd5000 r--s 00000000 08:06 936108     /var/cache/fontconfig/04aabc0a78ac019cf9454389977116d2-le32d4.cache-3
67bd5000-67bd6000 r--s 00000000 08:06 936112     /var/cache/fontconfig/1ac9eb803944fde146138c791f5cc56a-le32d4.cache-3
67bd6000-67bd9000 r--s 00000000 08:06 936117     /var/cache/fontconfig/385c0604a188198f04d133e54aba7fe7-le32d4.cache-3
67bd9000-67bda000 r--s 00000000 08:06 938732     /var/cache/fontconfig/9c956a7723ca69a44b382d9179c9802f-le32d4.cache-3
67bda000-67bdb000 r--s 00000000 08:06 936145     /var/cache/fontconfig/dc05db6664285cc2f12bf69c139ae4c3-le32d4.cache-3
67bdb000-67bdd000 r--s 00000000 08:06 936128     /var/cache/fontconfig/767a8244fc0220cfb567a839d0392e0b-le32d4.cache-3
67bdd000-67bde000 r--s 00000000 08:06 936118     /var/cache/fontconfig/4794a0821666d79190d59a36cb4f44b5-le32d4.cache-3
67bde000-67bdf000 r--s 00000000 08:06 938731     /var/cache/fontconfig/9eae20f1ff8cc0a7d125749e875856bd-le32d4.cache-3
67bdf000-67be1000 r--s 00000000 08:06 938730     /var/cache/fontconfig/bf2c1853a9e9b00bb02fe2e9bcf1e201-le32d4.cache-3
67be1000-67be4000 r--s 00000000 08:06 936130     /var/cache/fontconfig/8801497958630a81b71ace7c5f9b32a8-le32d4.cache-3
67be4000-67c07000 r--s 00000000 08:06 938729     /var/cache/fontconfig/365b55f210c0a22e9a19e35191240f32-le32d4.cache-3
67c07000-67c09000 r--s 00000000 08:06 938722     /var/cache/fontconfig/c57959a16110560c8d0fcea73374aeeb-le32d4.cache-3
67c09000-67c0d000 r--s 00000000 08:06 936114     /var/cache/fontconfig/3047814df9a2f067bd2d96a2b9c36e5a-le32d4.cache-3
67c0d000-67c0e000 r--s 00000000 08:06 936121     /var/cache/fontconfig/56cf4f4769d0f4abc89a4895d7bd3ae1-le32d4.cache-3
67c0e000-67c0f000 r--s 00000000 08:06 936138     /var/cache/fontconfig/b9d506c9ac06c20b433354fa67a72993-le32d4.cache-3
67c0f000-67c13000 r--s 00000000 08:06 936137     /var/cache/fontconfig/b47c4e1ecd0709278f4910c18777a504-le32d4.cache-3
67c13000-67c15000 r--s 00000000 08:06 938728     /var/cache/fontconfig/14d493b97896515cad3840ba4896e372-le32d4.cache-3
67c15000-67c16000 r--s 00000000 08:06 938727     /var/cache/fontconfig/89034621ae2a8922916bb6bfa5799546-le32d4.cache-3
67c16000-67c1c000 r--s 00000000 08:06 936657     /var/cache/fontconfig/52f7bdb7ce746bfd7eaa1985bd9cfa93-le32d4.cache-3
67c1c000-67c1e000 r--s 00000000 08:06 936147     /var/cache/fontconfig/e49e89034d371f0f9de17aab02136486-le32d4.cache-3
67c1e000-67c1f000 r--s 00000000 08:06 936119     /var/cache/fontconfig/4b14b093aebc79c320de5e86ae1d3314-le32d4.cache-3
67c1f000-67c2c000 r--s 00000000 08:06 936143     /var/cache/fontconfig/d52a8644073d54c13679302ca1180695-le32d4.cache-3
67c2c000-67c32000 r--s 00000000 08:06 936656     /var/cache/fontconfig/3f7329c5293ffd510edef78f73874cfd-le32d4.cache-3
67c32000-67c34000 r--s 00000000 08:06 938726     /var/cache/fontconfig/65f976e5259cbe6dc7697b8648396239-le32d4.cache-3
67c34000-67c3b000 r--s 00000000 08:06 938721     /var/cache/fontconfig/83bf95040141907cd45bb53cf7c1c148-le32d4.cache-3
67c3b000-67c44000 r--s 00000000 08:06 938720     /var/cache/fontconfig/53d14c92082a93e67d5078324eb314ca-le32d4.cache-3
67c44000-67c51000 r--s 00000000 08:06 938717     /var/cache/fontconfig/4ac51e5cfbc76fc3f983e470323a16d3-le32d4.cache-3
67c51000-67c59000 r--s 00000000 08:06 938718     /var/cache/fontconfig/e13b20fdb08344e0e664864cc2ede53d-le32d4.cache-3
67c59000-67c6a000 r--s 00000000 08:06 938993     /var/cache/fontconfig/467c019e582ee353435ea5c21d137ef6-le32d4.cache-3
67c6a000-67cad000 r-xp 00000000 08:06 1708645    /usr/lib/jvm/java-7-openjdk-i386/jre/lib/i386/libfontmanager.so
67cad000-67cae000 r--p 00043000 08:06 1708645    /usr/lib/jvm/java-7-openjdk-i386/jre/lib/i386/libfontmanager.so
67cae000-67caf000 rw-p 00044000 08:06 1708645    /usr/lib/jvm/java-7-openjdk-i386/jre/lib/i386/libfontmanager.so
67caf000-67cb2000 ---p 00000000 00:00 0 
67cb2000-67d00000 rw-p 00000000 00:00 0          [stack:31393]
67d00000-67de2000 rw-p 00000000 00:00 0 
67de2000-67e00000 ---p 00000000 00:00 0 
67e00000-67e04000 r--s 00000000 08:06 940648     /var/cache/fontconfig/7ef2298fde41cc6eeb7af42e48b7d293-le32d4.cache-3
67e04000-67e08000 r--s 00000000 08:06 395863     /home/gene/.cache/fontconfig/3ecda6abc85ff6f54114f03ae3c1fe72-le32d4.cache-3
67e08000-67e0b000 ---p 00000000 00:00 0 
67e0b000-67e59000 rw-p 00000000 00:00 0          [stack:31392]
67e59000-68fc8000 r-xp 00000000 08:06 1706398    /usr/lib/i386-linux-gnu/libicudata.so.48.1.1
68fc8000-68fc9000 r--p 0116e000 08:06 1706398    /usr/lib/i386-linux-gnu/libicudata.so.48.1.1
68fc9000-68fca000 rw-p 0116f000 08:06 1706398    /usr/lib/i386-linux-gnu/libicudata.so.48.1.1
68fca000-68fcd000 r-xp 00000000 08:06 262501     /lib/i386-linux-gnu/libgpg-error.so.0.8.0
68fcd000-68fce000 r--p 00002000 08:06 262501     /lib/i386-linux-gnu/libgpg-error.so.0.8.0
68fce000-68fcf000 rw-p 00003000 08:06 262501     /lib/i386-linux-gnu/libgpg-error.so.0.8.0
68fcf000-68fd1000 r-xp 00000000 08:06 262512     /lib/i386-linux-gnu/libkeyutils.so.1.4
68fd1000-68fd2000 r--p 00002000 08:06 262512     /lib/i386-linux-gnu/libkeyutils.so.1.4
68fd2000-68fd3000 rw-p 00003000 08:06 262512     /lib/i386-linux-gnu/libkeyutils.so.1.4
68fd3000-69129000 r-xp 00000000 08:06 1706412    /usr/lib/i386-linux-gnu/libicuuc.so.48.1.1
69129000-69133000 r--p 00155000 08:06 1706412    /usr/lib/i386-linux-gnu/libicuuc.so.48.1.1
69133000-69134000 rw-p 0015f000 08:06 1706412    /usr/lib/i386-linux-gnu/libicuuc.so.48.1.1
69134000-69138000 rw-p 00000000 00:00 0 
69138000-6916b000 r-xp 00000000 08:06 1706404    /usr/lib/i386-linux-gnu/libicule.so.48.1.1
6916b000-6916c000 ---p 00033000 08:06 1706404    /usr/lib/i386-linux-gnu/libicule.so.48.1.1
6916c000-6916d000 r--p 00033000 08:06 1706404    /usr/lib/i386-linux-gnu/libicule.so.48.1.1
6916d000-6916e000 rw-p 00034000 08:06 1706404    /usr/lib/i386-linux-gnu/libicule.so.48.1.1
6916e000-691b6000 r-xp 00000000 08:06 262482     /lib/i386-linux-gnu/libdbus-1.so.3.7.2
691b6000-691b7000 r--p 00047000 08:06 262482     /lib/i386-linux-gnu/libdbus-1.so.3.7.2
691b7000-691b8000 rw-p 00048000 08:06 262482     /lib/i386-linux-gnu/libdbus-1.so.3.7.2
691b8000-691ca000 r-xp 00000000 08:06 1706541    /usr/lib/i386-linux-gnu/libp11-kit.so.0.0.0
691ca000-691cb000 r--p 00011000 08:06 1706541    /usr/lib/i386-linux-gnu/libp11-kit.so.0.0.0
691cb000-691cc000 rw-p 00012000 08:06 1706541    /usr/lib/i386-linux-gnu/libp11-kit.so.0.0.0
691cc000-691dc000 r-xp 00000000 08:06 1706699    /usr/lib/i386-linux-gnu/libtasn1.so.3.2.0
691dc000-691dd000 r--p 0000f000 08:06 1706699    /usr/lib/i386-linux-gnu/libtasn1.so.3.2.0
691dd000-691de000 rw-p 00010000 08:06 1706699    /usr/lib/i386-linux-gnu/libtasn1.so.3.2.0
691de000-6925f000 r-xp 00000000 08:06 262497     /lib/i386-linux-gnu/libgcrypt.so.11.7.0
6925f000-69260000 r--p 00080000 08:06 262497     /lib/i386-linux-gnu/libgcrypt.so.11.7.0
69260000-69262000 rw-p 00081000 08:06 262497     /lib/i386-linux-gnu/libgcrypt.so.11.7.0
69262000-69269000 r-xp 00000000 08:06 1706449    /usr/lib/i386-linux-gnu/libkrb5support.so.0.1
69269000-6926a000 r--p 00006000 08:06 1706449    /usr/lib/i386-linux-gnu/libkrb5support.so.0.1
6926a000-6926b000 rw-p 00007000 08:06 1706449    /usr/lib/i386-linux-gnu/libkrb5support.so.0.1
6926b000-6926e000 r-xp 00000000 08:06 262477     /lib/i386-linux-gnu/libcom_err.so.2.1
6926e000-6926f000 r--p 00002000 08:06 262477     /lib/i386-linux-gnu/libcom_err.so.2.1
6926f000-69270000 rw-p 00003000 08:06 262477     /lib/i386-linux-gnu/libcom_err.so.2.1
69270000-69296000 r-xp 00000000 08:06 1706443    /usr/lib/i386-linux-gnu/libk5crypto.so.3.1
69296000-69297000 r--p 00026000 08:06 1706443    /usr/lib/i386-linux-gnu/libk5crypto.so.3.1
69297000-69298000 rw-p 00027000 08:06 1706443    /usr/lib/i386-linux-gnu/libk5crypto.so.3.1
69298000-6935f000 r-xp 00000000 08:06 1706447    /usr/lib/i386-linux-gnu/libkrb5.so.3.3
6935f000-69365000 r--p 000c6000 08:06 1706447    /usr/lib/i386-linux-gnu/libkrb5.so.3.3
69365000-69366000 rw-p 000cc000 08:06 1706447    /usr/lib/i386-linux-gnu/libkrb5.so.3.3
69366000-693fe000 r-xp 00000000 08:06 1706380    /usr/lib/i386-linux-gnu/libharfbuzz.so.0.913.0
693fe000-693ff000 ---p 00098000 08:06 1706380    /usr/lib/i386-linux-gnu/libharfbuzz.so.0.913.0
693ff000-69400000 r--p 00098000 08:06 1706380    /usr/lib/i386-linux-gnu/libharfbuzz.so.0.913.0
69400000-69401000 rw-p 00099000 08:06 1706380    /usr/lib/i386-linux-gnu/libharfbuzz.so.0.913.0
69401000-69409000 r-xp 00000000 08:06 1706787    /usr/lib/i386-linux-gnu/libxcb-render.so.0.0.0
69409000-6940a000 r--p 00008000 08:06 1706787    /usr/lib/i386-linux-gnu/libxcb-render.so.0.0.0
6940a000-6940b000 rw-p 00009000 08:06 1706787    /usr/lib/i386-linux-gnu/libxcb-render.so.0.0.0
6940b000-6940d000 r-xp 00000000 08:06 1706791    /usr/lib/i386-linux-gnu/libxcb-shm.so.0.0.0
6940d000-6940e000 r--p 00001000 08:06 1706791    /usr/lib/i386-linux-gnu/libxcb-shm.so.0.0.0
6940e000-6940f000 rw-p 00002000 08:06 1706791    /usr/lib/i386-linux-gnu/libxcb-shm.so.0.0.0
6940f000-69436000 r-xp 00000000 08:06 262578     /lib/i386-linux-gnu/libpng12.so.0.49.0
69436000-69437000 r--p 00026000 08:06 262578     /lib/i386-linux-gnu/libpng12.so.0.49.0
69437000-69438000 rw-p 00027000 08:06 262578     /lib/i386-linux-gnu/libpng12.so.0.49.0
69438000-694cc000 r-xp 00000000 08:06 1706571    /usr/lib/i386-linux-gnu/libpixman-1.so.0.28.2
694cc000-694d1000 r--p 00093000 08:06 1706571    /usr/lib/i386-linux-gnu/libpixman-1.so.0.28.2
694d1000-694d2000 rw-p 00098000 08:06 1706571    /usr/lib/i386-linux-gnu/libpixman-1.so.0.28.2
694d2000-694d7000 r-xp 00000000 08:06 1705898    /usr/lib/i386-linux-gnu/libXdmcp.so.6.0.0
694d7000-694d8000 r--p 00004000 08:06 1705898    /usr/lib/i386-linux-gnu/libXdmcp.so.6.0.0
694d8000-694d9000 rw-p 00005000 08:06 1705898    /usr/lib/i386-linux-gnu/libXdmcp.so.6.0.0
694d9000-694e9000 r-xp 00000000 08:06 1705977    /usr/lib/i386-linux-gnu/libavahi-client.so.3.2.9
694e9000-694ea000 r--p 0000f000 08:06 1705977    /usr/lib/i386-linux-gnu/libavahi-client.so.3.2.9
694ea000-694eb000 rw-p 00010000 08:06 1705977    /usr/lib/i386-linux-gnu/libavahi-client.so.3.2.9
694eb000-694f7000 r-xp 00000000 08:06 1705979    /usr/lib/i386-linux-gnu/libavahi-common.so.3.5.3
694f7000-694f8000 r--p 0000b000 08:06 1705979    /usr/lib/i386-linux-gnu/libavahi-common.so.3.5.3
694f8000-694f9000 rw-p 0000c000 08:06 1705979    /usr/lib/i386-linux-gnu/libavahi-common.so.3.5.3
694f9000-695b9000 r-xp 00000000 08:06 1706251    /usr/lib/i386-linux-gnu/libgnutls.so.26.22.6
695b9000-695bd000 r--p 000bf000 08:06 1706251    /usr/lib/i386-linux-gnu/libgnutls.so.26.22.6
695bd000-695be000 rw-p 000c3000 08:06 1706251    /usr/lib/i386-linux-gnu/libgnutls.so.26.22.6
695be000-695f9000 r-xp 00000000 08:06 1706276    /usr/lib/i386-linux-gnu/libgssapi_krb5.so.2.2
695f9000-695fa000 r--p 0003a000 08:06 1706276    /usr/lib/i386-linux-gnu/libgssapi_krb5.so.2.2
695fa000-695fb000 rw-p 0003b000 08:06 1706276    /usr/lib/i386-linux-gnu/libgssapi_krb5.so.2.2
695fb000-6963a000 r-xp 00000000 08:06 262566     /lib/i386-linux-gnu/libpcre.so.3.13.1
6963a000-6963b000 r--p 0003f000 08:06 262566     /lib/i386-linux-gnu/libpcre.so.3.13.1
6963b000-6963c000 rw-p 00040000 08:06 262566     /lib/i386-linux-gnu/libpcre.so.3.13.1
6963c000-69641000 r-xp 00000000 08:06 1706141    /usr/lib/i386-linux-gnu/libffi.so.6.0.1
69641000-69642000 r--p 00005000 08:06 1706141    /usr/lib/i386-linux-gnu/libffi.so.6.0.1
69642000-69643000 rw-p 00006000 08:06 1706141    /usr/lib/i386-linux-gnu/libffi.so.6.0.1
69643000-69668000 r-xp 00000000 08:06 262490     /lib/i386-linux-gnu/libexpat.so.1.6.0
69668000-6966a000 r--p 00025000 08:06 262490     /lib/i386-linux-gnu/libexpat.so.1.6.0
6966a000-6966b000 rw-p 00027000 08:06 262490     /lib/i386-linux-gnu/libexpat.so.1.6.0
6966b000-69701000 r-xp 00000000 08:06 1706179    /usr/lib/i386-linux-gnu/libfreetype.so.6.10.0
69701000-69705000 r--p 00095000 08:06 1706179    /usr/lib/i386-linux-gnu/libfreetype.so.6.10.0
69705000-69706000 rw-p 00099000 08:06 1706179    /usr/lib/i386-linux-gnu/libfreetype.so.6.10.0
69706000-69719000 r-xp 00000000 08:06 262589     /lib/i386-linux-gnu/libresolv-2.17.so
69719000-6971a000 r--p 00013000 08:06 262589     /lib/i386-linux-gnu/libresolv-2.17.so
6971a000-6971b000 rw-p 00014000 08:06 262589     /lib/i386-linux-gnu/libresolv-2.17.so
6971b000-6971d000 rw-p 00000000 00:00 0 
6971d000-6973a000 r-xp 00000000 08:06 262593     /lib/i386-linux-gnu/libselinux.so.1
6973a000-6973b000 r--p 0001c000 08:06 262593     /lib/i386-linux-gnu/libselinux.so.1
6973b000-6973c000 rw-p 0001d000 08:06 262593     /lib/i386-linux-gnu/libselinux.so.1
6973c000-69745000 r-xp 00000000 08:06 1705894    /usr/lib/i386-linux-gnu/libXcursor.so.1.0.2
69745000-69746000 r--p 00008000 08:06 1705894    /usr/lib/i386-linux-gnu/libXcursor.so.1.0.2
69746000-69747000 rw-p 00009000 08:06 1705894    /usr/lib/i386-linux-gnu/libXcursor.so.1.0.2
69747000-6985a000 r-xp 00000000 08:06 1706005    /usr/lib/i386-linux-gnu/libcairo.so.2.11200.14
6985a000-6985c000 r--p 00113000 08:06 1706005    /usr/lib/i386-linux-gnu/libcairo.so.2.11200.14
6985c000-6985d000 rw-p 00115000 08:06 1706005    /usr/lib/i386-linux-gnu/libcairo.so.2.11200.14
6985d000-6985e000 rw-p 00000000 00:00 0 
6985e000-6987c000 r-xp 00000000 08:06 1705967    /usr/lib/i386-linux-gnu/libatk-1.0.so.0.20809.1
6987c000-6987e000 r--p 0001d000 08:06 1705967    /usr/lib/i386-linux-gnu/libatk-1.0.so.0.20809.1
6987e000-6987f000 rw-p 0001f000 08:06 1705967    /usr/lib/i386-linux-gnu/libatk-1.0.so.0.20809.1
6987f000-6989f000 r-xp 00000000 08:06 1720908    /usr/lib/i386-linux-gnu/libxcb.so.1.1.0
6989f000-698a0000 r--p 0001f000 08:06 1720908    /usr/lib/i386-linux-gnu/libxcb.so.1.1.0
698a0000-698a1000 rw-p 00020000 08:06 1720908    /usr/lib/i386-linux-gnu/libxcb.so.1.1.0
698a1000-698fb000 r-xp 00000000 08:06 1706064    /usr/lib/i386-linux-gnu/libcups.so.2
698fb000-698fc000 ---p 0005a000 08:06 1706064    /usr/lib/i386-linux-gnu/libcups.so.2
698fc000-698ff000 r--p 0005a000 08:06 1706064    /usr/lib/i386-linux-gnu/libcups.so.2
698ff000-69900000 rw-p 0005d000 08:06 1706064    /usr/lib/i386-linux-gnu/libcups.so.2
69900000-699ff000 r-xp 00000000 08:06 262499     /lib/i386-linux-gnu/libglib-2.0.so.0.3600.0
699ff000-69a00000 r--p 000fe000 08:06 262499     /lib/i386-linux-gnu/libglib-2.0.so.0.3600.0
69a00000-69a01000 rw-p 000ff000 08:06 262499     /lib/i386-linux-gnu/libglib-2.0.so.0.3600.0
69a01000-69a4f000 r-xp 00000000 08:06 1706257    /usr/lib/i386-linux-gnu/libgobject-2.0.so.0.3600.0
69a4f000-69a50000 r--p 0004d000 08:06 1706257    /usr/lib/i386-linux-gnu/libgobject-2.0.so.0.3600.0
69a50000-69a51000 rw-p 0004e000 08:06 1706257    /usr/lib/i386-linux-gnu/libgobject-2.0.so.0.3600.0
69a51000-69a88000 r-xp 00000000 08:06 1706167    /usr/lib/i386-linux-gnu/libfontconfig.so.1.6.2
69a88000-69a89000 r--p 00036000 08:06 1706167    /usr/lib/i386-linux-gnu/libfontconfig.so.1.6.2
69a89000-69a8a000 rw-p 00037000 08:06 1706167    /usr/lib/i386-linux-gnu/libfontconfig.so.1.6.2
69a8a000-69ad3000 r-xp 00000000 08:06 1706549    /usr/lib/i386-linux-gnu/libpango-1.0.so.0.3200.5
69ad3000-69ad4000 r--p 00049000 08:06 1706549    /usr/lib/i386-linux-gnu/libpango-1.0.so.0.3200.5
69ad4000-69ad5000 rw-p 0004a000 08:06 1706549    /usr/lib/i386-linux-gnu/libpango-1.0.so.0.3200.5
69ad5000-69af5000 r-xp 00000000 08:06 1706208    /usr/lib/i386-linux-gnu/libgdk_pixbuf-2.0.so.0.2800.0
69af5000-69af6000 ---p 00020000 08:06 1706208    /usr/lib/i386-linux-gnu/libgdk_pixbuf-2.0.so.0.2800.0
69af6000-69af7000 r--p 00020000 08:06 1706208    /usr/lib/i386-linux-gnu/libgdk_pixbuf-2.0.so.0.2800.0
69af7000-69af8000 rw-p 00021000 08:06 1706208    /usr/lib/i386-linux-gnu/libgdk_pixbuf-2.0.so.0.2800.0
69af8000-69c58000 r-xp 00000000 08:06 1706227    /usr/lib/i386-linux-gnu/libgio-2.0.so.0.3600.0
69c58000-69c5a000 r--p 00160000 08:06 1706227    /usr/lib/i386-linux-gnu/libgio-2.0.so.0.3600.0
69c5a000-69c5b000 rw-p 00162000 08:06 1706227    /usr/lib/i386-linux-gnu/libgio-2.0.so.0.3600.0
69c5b000-69c5c000 rw-p 00000000 00:00 0 
69c5c000-69d07000 r-xp 00000000 08:06 1706206    /usr/lib/i386-linux-gnu/libgdk-x11-2.0.so.0.2400.17
69d07000-69d09000 r--p 000ab000 08:06 1706206    /usr/lib/i386-linux-gnu/libgdk-x11-2.0.so.0.2400.17
69d09000-69d0a000 rw-p 000ad000 08:06 1706206    /usr/lib/i386-linux-gnu/libgdk-x11-2.0.so.0.2400.17
69d0a000-6a16b000 r-xp 00000000 08:06 1706364    /usr/lib/i386-linux-gnu/libgtk-x11-2.0.so.0.2400.17
6a16b000-6a16f000 r--p 00461000 08:06 1706364    /usr/lib/i386-linux-gnu/libgtk-x11-2.0.so.0.2400.17
6a16f000-6a171000 rw-p 00465000 08:06 1706364    /usr/lib/i386-linux-gnu/libgtk-x11-2.0.so.0.2400.17
6a171000-6a173000 rw-p 00000000 00:00 0 
6a173000-6a2a6000 r-xp 00000000 08:06 1706796    /usr/lib/i386-linux-gnu/libX11.so.6.3.0
6a2a6000-6a2a7000 r--p 00132000 08:06 1706796    /usr/lib/i386-linux-gnu/libX11.so.6.3.0
6a2a7000-6a2aa000 rw-p 00133000 08:06 1706796    /usr/lib/i386-linux-gnu/libX11.so.6.3.0
6a2aa000-6a2fc000 r-xp 00000000 08:06 1708686    /usr/lib/jvm/java-7-openjdk-i386/jre/lib/i386/xawt/libmawt.so
6a2fc000-6a2fd000 r--p 00051000 08:06 1708686    /usr/lib/jvm/java-7-openjdk-i386/jre/lib/i386/xawt/libmawt.so
6a2fd000-6a2ff000 rw-p 00052000 08:06 1708686    /usr/lib/jvm/java-7-openjdk-i386/jre/lib/i386/xawt/libmawt.so
6a2ff000-6a300000 rw-p 00000000 00:00 0 
6a300000-6a3fe000 rw-p 00000000 00:00 0 
6a3fe000-6a400000 ---p 00000000 00:00 0 
6a400000-6a401000 r--s 00000000 08:06 938725     /var/cache/fontconfig/94f7fe9bd33aadfac165873bd010d595-le32d4.cache-3
6a401000-6a403000 r-xp 00000000 08:06 1705887    /usr/lib/i386-linux-gnu/libXau.so.6.0.0
6a403000-6a404000 r--p 00001000 08:06 1705887    /usr/lib/i386-linux-gnu/libXau.so.6.0.0
6a404000-6a405000 rw-p 00002000 08:06 1705887    /usr/lib/i386-linux-gnu/libXau.so.6.0.0
6a405000-6a407000 r-xp 00000000 08:06 1705896    /usr/lib/i386-linux-gnu/libXdamage.so.1.1.0
6a407000-6a408000 r--p 00001000 08:06 1705896    /usr/lib/i386-linux-gnu/libXdamage.so.1.1.0
6a408000-6a409000 rw-p 00002000 08:06 1705896    /usr/lib/i386-linux-gnu/libXdamage.so.1.1.0
6a409000-6a41b000 r-xp 00000000 08:06 1706553    /usr/lib/i386-linux-gnu/libpangoft2-1.0.so.0.3200.5
6a41b000-6a41c000 r--p 00011000 08:06 1706553    /usr/lib/i386-linux-gnu/libpangoft2-1.0.so.0.3200.5
6a41c000-6a41d000 rw-p 00012000 08:06 1706553    /usr/lib/i386-linux-gnu/libpangoft2-1.0.so.0.3200.5
6a41d000-6a4af000 r-xp 00000000 08:06 1708643    /usr/lib/jvm/java-7-openjdk-i386/jre/lib/i386/libawt.so
6a4af000-6a4b0000 r--p 00091000 08:06 1708643    /usr/lib/jvm/java-7-openjdk-i386/jre/lib/i386/libawt.so
6a4b0000-6a4b7000 rw-p 00092000 08:06 1708643    /usr/lib/jvm/java-7-openjdk-i386/jre/lib/i386/libawt.so
6a4b7000-6a4db000 rw-p 00000000 00:00 0 
6a4db000-6a4dc000 ---p 00000000 00:00 0 
6a4dc000-6a55c000 rw-p 00000000 00:00 0          [stack:31391]
6a55c000-6a55f000 ---p 00000000 00:00 0 
6a55f000-6a5ad000 rw-p 00000000 00:00 0          [stack:31390]
6a5ad000-6a5b0000 ---p 00000000 00:00 0 
6a5b0000-6a62e000 rw-p 00000000 00:00 0          [stack:31389]
6a62e000-6a631000 ---p 00000000 00:00 0 
6a631000-6a6af000 rw-p 00000000 00:00 0          [stack:31388]
6a6af000-6a6b2000 ---p 00000000 00:00 0 
6a6b2000-6a700000 rw-p 00000000 00:00 0          [stack:31387]
6a700000-6a900000 r--p 00000000 08:06 1709808    /usr/lib/locale/locale-archive
6a900000-6aa00000 rw-p 00000000 00:00 0 
6aa00000-6aafb000 rw-p 00000000 00:00 0 
6aafb000-6ab00000 ---p 00000000 00:00 0 
6ab00000-6abf4000 rw-p 00000000 00:00 0 
6abf4000-6ac00000 ---p 00000000 00:00 0 
6ac00000-6ac02000 r--s 00000000 08:06 936655     /var/cache/fontconfig/67709b7835c0f764c1135060c9575660-le32d4.cache-3
6ac02000-6ac04000 r-xp 00000000 08:06 1705892    /usr/lib/i386-linux-gnu/libXcomposite.so.1.0.0
6ac04000-6ac05000 r--p 00001000 08:06 1705892    /usr/lib/i386-linux-gnu/libXcomposite.so.1.0.0
6ac05000-6ac06000 rw-p 00002000 08:06 1705892    /usr/lib/i386-linux-gnu/libXcomposite.so.1.0.0
6ac06000-6ac0f000 r-xp 00000000 08:06 1705918    /usr/lib/i386-linux-gnu/libXrandr.so.2.2.0
6ac0f000-6ac10000 r--p 00008000 08:06 1705918    /usr/lib/i386-linux-gnu/libXrandr.so.2.2.0
6ac10000-6ac11000 rw-p 00009000 08:06 1705918    /usr/lib/i386-linux-gnu/libXrandr.so.2.2.0
6ac11000-6ac1c000 r-xp 00000000 08:06 1706551    /usr/lib/i386-linux-gnu/libpangocairo-1.0.so.0.3200.5
6ac1c000-6ac1d000 r--p 0000a000 08:06 1706551    /usr/lib/i386-linux-gnu/libpangocairo-1.0.so.0.3200.5
6ac1d000-6ac1e000 rw-p 0000b000 08:06 1706551    /usr/lib/i386-linux-gnu/libpangocairo-1.0.so.0.3200.5
6ac1e000-6ac2c000 r-xp 00000000 08:06 1705906    /usr/lib/i386-linux-gnu/libXi.so.6.1.0
6ac2c000-6ac2d000 r--p 0000d000 08:06 1705906    /usr/lib/i386-linux-gnu/libXi.so.6.1.0
6ac2d000-6ac2e000 rw-p 0000e000 08:06 1705906    /usr/lib/i386-linux-gnu/libXi.so.6.1.0
6ac2e000-6ac31000 ---p 00000000 00:00 0 
6ac31000-6ac7f000 rw-p 00000000 00:00 0          [stack:31386]
6ac7f000-6ac80000 ---p 00000000 00:00 0 
6ac80000-6ad00000 rw-p 00000000 00:00 0          [stack:31384]
6ad00000-6adff000 rw-p 00000000 00:00 0 
6adff000-6ae00000 ---p 00000000 00:00 0 
6ae00000-6ae02000 r-xp 00000000 08:06 1705908    /usr/lib/i386-linux-gnu/libXinerama.so.1.0.0
6ae02000-6ae03000 r--p 00001000 08:06 1705908    /usr/lib/i386-linux-gnu/libXinerama.so.1.0.0
6ae03000-6ae04000 rw-p 00002000 08:06 1705908    /usr/lib/i386-linux-gnu/libXinerama.so.1.0.0
6ae04000-6ae09000 r-xp 00000000 08:06 1705902    /usr/lib/i386-linux-gnu/libXfixes.so.3.1.0
6ae09000-6ae0a000 r--p 00004000 08:06 1705902    /usr/lib/i386-linux-gnu/libXfixes.so.3.1.0
6ae0a000-6ae0b000 rw-p 00005000 08:06 1705902    /usr/lib/i386-linux-gnu/libXfixes.so.3.1.0
6ae0b000-6ae10000 r-xp 00000000 08:06 1705926    /usr/lib/i386-linux-gnu/libXtst.so.6.1.0
6ae10000-6ae11000 r--p 00004000 08:06 1705926    /usr/lib/i386-linux-gnu/libXtst.so.6.1.0
6ae11000-6ae12000 rw-p 00005000 08:06 1705926    /usr/lib/i386-linux-gnu/libXtst.so.6.1.0
6ae12000-6ae1a000 r-xp 00000000 08:06 1705920    /usr/lib/i386-linux-gnu/libXrender.so.1.3.0
6ae1a000-6ae1b000 r--p 00007000 08:06 1705920    /usr/lib/i386-linux-gnu/libXrender.so.1.3.0
6ae1b000-6ae1c000 rw-p 00008000 08:06 1705920    /usr/lib/i386-linux-gnu/libXrender.so.1.3.0
6ae1c000-6ae1d000 r--s 00000000 08:06 938724     /var/cache/fontconfig/423767150eb258c59035de29db6fca84-le32d4.cache-3
6ae1d000-6ae33000 r-xp 00000000 08:06 1708664    /usr/lib/jvm/java-7-openjdk-i386/jre/lib/i386/libnet.so
6ae33000-6ae34000 r--p 00015000 08:06 1708664    /usr/lib/jvm/java-7-openjdk-i386/jre/lib/i386/libnet.so
6ae34000-6ae35000 rw-p 00016000 08:06 1708664    /usr/lib/jvm/java-7-openjdk-i386/jre/lib/i386/libnet.so
6ae35000-6afe2000 r--s 01cde000 08:06 1708621    /usr/lib/jvm/java-7-openjdk-i386/jre/lib/rt.jar
6afe2000-6dd00000 rw-p 00000000 00:00 0 
6dd00000-6dded000 rw-p 00000000 00:00 0 
6dded000-6de00000 ---p 00000000 00:00 0 
6de00000-6de01000 r--s 00000000 08:06 938723     /var/cache/fontconfig/406a1d2d2bf3ed7664fbadefac0b2f66-le32d4.cache-3
6de01000-6de04000 r-xp 00000000 08:06 1706237    /usr/lib/i386-linux-gnu/libgmodule-2.0.so.0.3600.0
6de04000-6de05000 r--p 00002000 08:06 1706237    /usr/lib/i386-linux-gnu/libgmodule-2.0.so.0.3600.0
6de05000-6de06000 rw-p 00003000 08:06 1706237    /usr/lib/i386-linux-gnu/libgmodule-2.0.so.0.3600.0
6de06000-6de16000 r-xp 00000000 08:06 1705900    /usr/lib/i386-linux-gnu/libXext.so.6.4.0
6de16000-6de17000 r--p 0000f000 08:06 1705900    /usr/lib/i386-linux-gnu/libXext.so.6.4.0
6de17000-6de18000 rw-p 00010000 08:06 1705900    /usr/lib/i386-linux-gnu/libXext.so.6.4.0
6de18000-6de23000 r--s 001fb000 08:06 1708529    /usr/lib/jvm/java-7-openjdk-common/jre/lib/charsets.jar
6de23000-6de2e000 r--s 001fb000 08:06 1708529    /usr/lib/jvm/java-7-openjdk-common/jre/lib/charsets.jar
6de2e000-6de31000 ---p 00000000 00:00 0 
6de31000-6de7f000 rw-p 00000000 00:00 0          [stack:31385]
6de7f000-6de80000 ---p 00000000 00:00 0 
6de80000-6df00000 rw-p 00000000 00:00 0          [stack:31383]
6df00000-6df21000 rw-p 00000000 00:00 0 
6df21000-6e000000 ---p 00000000 00:00 0 
6e000000-6e021000 rw-p 00000000 00:00 0 
6e021000-6e100000 ---p 00000000 00:00 0 
6e100000-6e109000 r--s 000bc000 08:06 1708538    /usr/lib/jvm/java-7-openjdk-common/jre/lib/resources.jar
6e109000-6e110000 r--s 00094000 08:06 1784822    /home/gene/netbeans-7.3.1/java/modules/ext/beansbinding-1.2.1.jar
6e110000-6e11f000 r--s 000d3000 08:06 1786959    /home/gene/Downloads/jaudiotagger-2.2.0-20130321.142353-1.jar
6e11f000-6e137000 r--s 001b9000 08:06 1779640    /home/gene/lab/music/playmp3/jmf.jar
6e137000-6e17f000 rw-p 00000000 00:00 0 
6e17f000-6e180000 ---p 00000000 00:00 0 
6e180000-6e200000 rw-p 00000000 00:00 0          [stack:31382]
6e200000-6e221000 rw-p 00000000 00:00 0 
6e221000-6e300000 ---p 00000000 00:00 0 
6e300000-6e301000 r--s 00000000 08:06 936109     /var/cache/fontconfig/0c9eb80ebd1c36541ebe2852d3bb0c49-le32d4.cache-3
6e301000-6e302000 r--s 00000000 08:06 936124     /var/cache/fontconfig/62f91419b9ebdb6975e7e41ab6412357-le32d4.cache-3
6e302000-6e303000 r--s 00000000 08:06 938994     /var/cache/fontconfig/e0aa53bcfa504e64f87823c16bc01eb6-le32d4.cache-3
6e303000-6e304000 ---p 00000000 00:00 0 
6e304000-6e384000 rw-p 00000000 00:00 0          [stack:31381]
6e384000-6e385000 ---p 00000000 00:00 0 
6e385000-6e40d000 rw-p 00000000 00:00 0          [stack:31380]
6e40d000-6e445000 rw-p 00000000 00:00 0 
6e445000-6e45a000 rw-p 00000000 00:00 0 
6e45a000-6e589000 rw-p 00000000 00:00 0 
6e589000-6e591000 rw-p 00000000 00:00 0 
6e591000-6e5c9000 rw-p 00000000 00:00 0 
6e5c9000-6e5de000 rw-p 00000000 00:00 0 
6e5de000-6e70d000 rw-p 00000000 00:00 0 
6e70d000-6e71f000 rw-p 00000000 00:00 0 
6e71f000-6e7af000 rw-p 00000000 00:00 0 
6e7af000-6f7b0000 rw-p 00000000 00:00 0 
6f7b0000-767b0000 rw-p 00000000 00:00 0 
767b0000-79030000 rw-p 00000000 00:00 0 
79030000-9efb0000 rw-p 00000000 00:00 0 
9efb0000-a1310000 rw-p 00000000 00:00 0 
a1310000-b33b0000 rw-p 00000000 00:00 0 
b33b0000-b33b1000 r-xp 00000000 08:06 1706360    /usr/lib/i386-linux-gnu/libgthread-2.0.so.0.3600.0
b33b1000-b33b2000 r--p 00000000 08:06 1706360    /usr/lib/i386-linux-gnu/libgthread-2.0.so.0.3600.0
b33b2000-b33b3000 rw-p 00001000 08:06 1706360    /usr/lib/i386-linux-gnu/libgthread-2.0.so.0.3600.0
b33b3000-b33b6000 r--s 00027000 08:06 1798650    /home/gene/Downloads/rs2xml.jar
b33b6000-b33b8000 r--s 00380000 08:06 1795454    /home/gene/Downloads/sqlite-jdbc-3.7.15-M1.jar
b33b8000-b33ba000 r--s 00006000 08:06 137009     /usr/share/java/java-atk-wrapper.jar
b33ba000-b33c3000 rw-p 00000000 00:00 0 
b33c3000-b347a000 rw-p 00000000 00:00 0 
b347a000-b36ba000 rwxp 00000000 00:00 0 
b36ba000-b647a000 rw-p 00000000 00:00 0 
b647a000-b6485000 r-xp 00000000 08:06 262543     /lib/i386-linux-gnu/libnss_files-2.17.so
b6485000-b6486000 r--p 0000a000 08:06 262543     /lib/i386-linux-gnu/libnss_files-2.17.so
b6486000-b6487000 rw-p 0000b000 08:06 262543     /lib/i386-linux-gnu/libnss_files-2.17.so
b6487000-b6491000 r-xp 00000000 08:06 262548     /lib/i386-linux-gnu/libnss_nis-2.17.so
b6491000-b6492000 r--p 00009000 08:06 262548     /lib/i386-linux-gnu/libnss_nis-2.17.so
b6492000-b6493000 rw-p 0000a000 08:06 262548     /lib/i386-linux-gnu/libnss_nis-2.17.so
b6493000-b64a8000 r-xp 00000000 08:06 262537     /lib/i386-linux-gnu/libnsl-2.17.so
b64a8000-b64a9000 r--p 00014000 08:06 262537     /lib/i386-linux-gnu/libnsl-2.17.so
b64a9000-b64aa000 rw-p 00015000 08:06 262537     /lib/i386-linux-gnu/libnsl-2.17.so
b64aa000-b64ac000 rw-p 00000000 00:00 0 
b64ac000-b64b3000 r-xp 00000000 08:06 262539     /lib/i386-linux-gnu/libnss_compat-2.17.so
b64b3000-b64b4000 r--p 00006000 08:06 262539     /lib/i386-linux-gnu/libnss_compat-2.17.so
b64b4000-b64b5000 rw-p 00007000 08:06 262539     /lib/i386-linux-gnu/libnss_compat-2.17.so
b64b5000-b64b6000 r--s 00014000 08:06 1795668    /home/gene/lab/music/playmp3/mp3plugin.jar
b64b6000-b64b7000 r--s 00002000 08:06 1708545    /usr/lib/jvm/java-7-openjdk-common/jre/lib/ext/dnsns.jar
b64b7000-b64ba000 r--s 0000f000 08:06 1708547    /usr/lib/jvm/java-7-openjdk-common/jre/lib/ext/pulse-java.jar
b64ba000-b64be000 r--s 00085000 08:06 1708546    /usr/lib/jvm/java-7-openjdk-common/jre/lib/ext/localedata.jar
b64be000-b64c1000 r--s 00032000 08:06 1708548    /usr/lib/jvm/java-7-openjdk-common/jre/lib/ext/sunjce_provider.jar
b64c1000-b64c4000 r--s 0003c000 08:06 1708549    /usr/lib/jvm/java-7-openjdk-common/jre/lib/ext/sunpkcs11.jar
b64c4000-b64cc000 r-xp 00000000 08:06 1708674    /usr/lib/jvm/java-7-openjdk-i386/jre/lib/i386/libzip.so
b64cc000-b64cd000 r--p 00007000 08:06 1708674    /usr/lib/jvm/java-7-openjdk-i386/jre/lib/i386/libzip.so
b64cd000-b64ce000 rw-p 00008000 08:06 1708674    /usr/lib/jvm/java-7-openjdk-i386/jre/lib/i386/libzip.so
b64ce000-b64f5000 r-xp 00000000 08:06 1708652    /usr/lib/jvm/java-7-openjdk-i386/jre/lib/i386/libjava.so
b64f5000-b64f6000 r--p 00026000 08:06 1708652    /usr/lib/jvm/java-7-openjdk-i386/jre/lib/i386/libjava.so
b64f6000-b64f7000 rw-p 00027000 08:06 1708652    /usr/lib/jvm/java-7-openjdk-i386/jre/lib/i386/libjava.so
b64f7000-b64fe000 r-xp 00000000 08:06 262591     /lib/i386-linux-gnu/librt-2.17.so
b64fe000-b64ff000 r--p 00006000 08:06 262591     /lib/i386-linux-gnu/librt-2.17.so
b64ff000-b6500000 rw-p 00007000 08:06 262591     /lib/i386-linux-gnu/librt-2.17.so
b6500000-b65fc000 rw-p 00000000 00:00 0 
b65fc000-b6600000 ---p 00000000 00:00 0 
b6600000-b6602000 r--s 00012000 08:06 1708550    /usr/lib/jvm/java-7-openjdk-common/jre/lib/ext/zipfs.jar
b6602000-b6603000 r--p 005db000 08:06 1709808    /usr/lib/locale/locale-archive
b6603000-b6606000 ---p 00000000 00:00 0 
b6606000-b6654000 rw-p 00000000 00:00 0          [stack:31379]
b6654000-b666f000 r-xp 00000000 08:06 262495     /lib/i386-linux-gnu/libgcc_s.so.1
b666f000-b6670000 r--p 0001a000 08:06 262495     /lib/i386-linux-gnu/libgcc_s.so.1
b6670000-b6671000 rw-p 0001b000 08:06 262495     /lib/i386-linux-gnu/libgcc_s.so.1
b6671000-b66b2000 r-xp 00000000 08:06 262518     /lib/i386-linux-gnu/libm-2.17.so
b66b2000-b66b3000 r--p 00040000 08:06 262518     /lib/i386-linux-gnu/libm-2.17.so
b66b3000-b66b4000 rw-p 00041000 08:06 262518     /lib/i386-linux-gnu/libm-2.17.so
b66b4000-b6790000 r-xp 00000000 08:06 1706691    /usr/lib/i386-linux-gnu/libstdc++.so.6.0.17
b6790000-b6791000 ---p 000dc000 08:06 1706691    /usr/lib/i386-linux-gnu/libstdc++.so.6.0.17
b6791000-b6795000 r--p 000dc000 08:06 1706691    /usr/lib/i386-linux-gnu/libstdc++.so.6.0.17
b6795000-b6796000 rw-p 000e0000 08:06 1706691    /usr/lib/i386-linux-gnu/libstdc++.so.6.0.17
b6796000-b679d000 rw-p 00000000 00:00 0 
b679d000-b7092000 r-xp 00000000 08:06 1708685    /usr/lib/jvm/java-7-openjdk-i386/jre/lib/i386/server/libjvm.so
b7092000-b70d9000 r--p 008f4000 08:06 1708685    /usr/lib/jvm/java-7-openjdk-i386/jre/lib/i386/server/libjvm.so
b70d9000-b70ed000 rw-p 0093b000 08:06 1708685    /usr/lib/jvm/java-7-openjdk-i386/jre/lib/i386/server/libjvm.so
b70ed000-b750b000 rw-p 00000000 00:00 0 
b750b000-b7522000 r-xp 00000000 08:06 262624     /lib/i386-linux-gnu/libz.so.1.2.7
b7522000-b7523000 r--p 00016000 08:06 262624     /lib/i386-linux-gnu/libz.so.1.2.7
b7523000-b7524000 rw-p 00017000 08:06 262624     /lib/i386-linux-gnu/libz.so.1.2.7
b7524000-b753b000 r-xp 00000000 08:06 262583     /lib/i386-linux-gnu/libpthread-2.17.so
b753b000-b753c000 r--p 00016000 08:06 262583     /lib/i386-linux-gnu/libpthread-2.17.so
b753c000-b753d000 rw-p 00017000 08:06 262583     /lib/i386-linux-gnu/libpthread-2.17.so
b753d000-b753f000 rw-p 00000000 00:00 0 
b753f000-b7542000 r-xp 00000000 08:06 262485     /lib/i386-linux-gnu/libdl-2.17.so
b7542000-b7543000 r--p 00002000 08:06 262485     /lib/i386-linux-gnu/libdl-2.17.so
b7543000-b7544000 rw-p 00003000 08:06 262485     /lib/i386-linux-gnu/libdl-2.17.so
b7544000-b76f1000 r-xp 00000000 08:06 262470     /lib/i386-linux-gnu/libc-2.17.so
b76f1000-b76f3000 r--p 001ad000 08:06 262470     /lib/i386-linux-gnu/libc-2.17.so
b76f3000-b76f4000 rw-p 001af000 08:06 262470     /lib/i386-linux-gnu/libc-2.17.so
b76f4000-b76f7000 rw-p 00000000 00:00 0 
b76f7000-b76ff000 rw-s 00000000 08:06 1439045    /tmp/hsperfdata_gene/31374
b76ff000-b7700000 rw-p 00000000 00:00 0 
b7700000-b7701000 r--p 00000000 00:00 0 
b7701000-b770e000 r-xp 00000000 08:06 1708673    /usr/lib/jvm/java-7-openjdk-i386/jre/lib/i386/libverify.so
b770e000-b770f000 r--p 0000d000 08:06 1708673    /usr/lib/jvm/java-7-openjdk-i386/jre/lib/i386/libverify.so
b770f000-b7710000 rw-p 0000e000 08:06 1708673    /usr/lib/jvm/java-7-openjdk-i386/jre/lib/i386/libverify.so
b7710000-b771d000 r-xp 00000000 08:06 1708681    /usr/lib/jvm/java-7-openjdk-i386/jre/lib/i386/jli/libjli.so
b771d000-b771e000 r--p 0000c000 08:06 1708681    /usr/lib/jvm/java-7-openjdk-i386/jre/lib/i386/jli/libjli.so
b771e000-b771f000 rw-p 0000d000 08:06 1708681    /usr/lib/jvm/java-7-openjdk-i386/jre/lib/i386/jli/libjli.so
b771f000-b7722000 rw-p 00000000 00:00 0 
b7722000-b7723000 r-xp 00000000 00:00 0          [vdso]
b7723000-b7743000 r-xp 00000000 08:06 262446     /lib/i386-linux-gnu/ld-2.17.so
b7743000-b7744000 r--p 0001f000 08:06 262446     /lib/i386-linux-gnu/ld-2.17.so
b7744000-b7745000 rw-p 00020000 08:06 262446     /lib/i386-linux-gnu/ld-2.17.so
bf978000-bf999000 rw-p 00000000 00:00 0          [stack]

VM Arguments:
jvm_args: -Dfile.encoding=UTF-8 
java_command: musicplayer.Musicplayer
Launcher Type: SUN_STANDARD

Environment Variables:
PATH=/usr/local/sbin:/usr/local/bin:/usr/sbin:/usr/bin:/sbin:/bin:/usr/games:/usr/local/games
USERNAME=gene
LD_LIBRARY_PATH=/usr/lib/jvm/default-java/jre/lib/amd64:/usr/lib/jvm/default-java/jre/lib/i386:
SHELL=/bin/bash
DISPLAY=:1

Signal Handlers:
SIGSEGV: [libjvm.so+0x7598c0], sa_mask[0]=0x7ffbfeff, sa_flags=0x10000004
SIGBUS: [libjvm.so+0x7598c0], sa_mask[0]=0x7ffbfeff, sa_flags=0x10000004
SIGFPE: [libjvm.so+0x5f54f0], sa_mask[0]=0x7ffbfeff, sa_flags=0x10000004
SIGPIPE: [libjvm.so+0x5f54f0], sa_mask[0]=0x7ffbfeff, sa_flags=0x10000004
SIGXFSZ: [libjvm.so+0x5f54f0], sa_mask[0]=0x7ffbfeff, sa_flags=0x10000004
SIGILL: [libjvm.so+0x5f54f0], sa_mask[0]=0x7ffbfeff, sa_flags=0x10000004
SIGUSR1: SIG_DFL, sa_mask[0]=0x00000000, sa_flags=0x00000000
SIGUSR2: [libjvm.so+0x5f53a0], sa_mask[0]=0x00000004, sa_flags=0x10000004
SIGHUP: [libjvm.so+0x5f5930], sa_mask[0]=0x7ffbfeff, sa_flags=0x10000004
SIGINT: SIG_IGN, sa_mask[0]=0x00000000, sa_flags=0x00000000
SIGTERM: [libjvm.so+0x5f5930], sa_mask[0]=0x7ffbfeff, sa_flags=0x10000004
SIGQUIT: [libjvm.so+0x5f5930], sa_mask[0]=0x7ffbfeff, sa_flags=0x10000004


---------------  S Y S T E M  ---------------

OS:Ubuntu 13.04 (raring)
uname:Linux 3.8.0-19-generic #29-Ubuntu SMP Wed Apr 17 18:19:42 UTC 2013 i686
libc:glibc 2.17 NPTL 2.17 
rlimit: STACK 8192k, CORE 0k, NPROC 30928, NOFILE 4096, AS infinity
load average:0.59 1.03 0.85

/proc/meminfo:
MemTotal:        3975340 kB
MemFree:          375780 kB
Buffers:          714396 kB
Cached:          2013928 kB
SwapCached:            0 kB
Active:          1126272 kB
Inactive:        2380924 kB
Active(anon):     441688 kB
Inactive(anon):   482552 kB
Active(file):     684584 kB
Inactive(file):  1898372 kB
Unevictable:           0 kB
Mlocked:               0 kB
HighTotal:       3125056 kB
HighFree:         315584 kB
LowTotal:         850284 kB
LowFree:           60196 kB
SwapTotal:       2047996 kB
SwapFree:        2047996 kB
Dirty:               244 kB
Writeback:             0 kB
AnonPages:        778996 kB
Mapped:           143668 kB
Shmem:            145368 kB
Slab:              56156 kB
SReclaimable:      34484 kB
SUnreclaim:        21672 kB
KernelStack:        3560 kB
PageTables:         7816 kB
NFS_Unstable:          0 kB
Bounce:                0 kB
WritebackTmp:          0 kB
CommitLimit:     4035664 kB
Committed_AS:    2747144 kB
VmallocTotal:     122880 kB
VmallocUsed:       19540 kB
VmallocChunk:     102604 kB
HardwareCorrupted:     0 kB
AnonHugePages:         0 kB
HugePages_Total:       0
HugePages_Free:        0
HugePages_Rsvd:        0
HugePages_Surp:        0
Hugepagesize:       2048 kB
DirectMap4k:       10232 kB
DirectMap2M:      903168 kB


CPU:total 4 (2 cores per cpu, 2 threads per core) family 6 model 42 stepping 7, cmov, cx8, fxsr, mmx, sse, sse2, sse3, ssse3, sse4.1, sse4.2, popcnt, avx, ht, tsc, tscinvbit

/proc/cpuinfo:
processor	: 0
vendor_id	: GenuineIntel
cpu family	: 6
model		: 42
model name	: Intel(R) Core(TM) i3-2370M CPU @ 2.40GHz
stepping	: 7
microcode	: 0x25
cpu MHz		: 2400.000
cache size	: 3072 KB
physical id	: 0
siblings	: 4
core id		: 0
cpu cores	: 2
apicid		: 0
initial apicid	: 0
fdiv_bug	: no
hlt_bug		: no
f00f_bug	: no
coma_bug	: no
fpu		: yes
fpu_exception	: yes
cpuid level	: 13
wp		: yes
flags		: fpu vme de pse tsc msr pae mce cx8 apic sep mtrr pge mca cmov pat pse36 clflush dts acpi mmx fxsr sse sse2 ss ht tm pbe nx rdtscp lm constant_tsc arch_perfmon pebs bts xtopology nonstop_tsc aperfmperf eagerfpu pni pclmulqdq dtes64 monitor ds_cpl vmx est tm2 ssse3 cx16 xtpr pdcm pcid sse4_1 sse4_2 x2apic popcnt tsc_deadline_timer xsave avx lahf_lm arat epb xsaveopt pln pts dtherm tpr_shadow vnmi flexpriority ept vpid
bogomips	: 4789.07
clflush size	: 64
cache_alignment	: 64
address sizes	: 36 bits physical, 48 bits virtual
power management:

processor	: 1
vendor_id	: GenuineIntel
cpu family	: 6
model		: 42
model name	: Intel(R) Core(TM) i3-2370M CPU @ 2.40GHz
stepping	: 7
microcode	: 0x25
cpu MHz		: 800.000
cache size	: 3072 KB
physical id	: 0
siblings	: 4
core id		: 0
cpu cores	: 2
apicid		: 1
initial apicid	: 1
fdiv_bug	: no
hlt_bug		: no
f00f_bug	: no
coma_bug	: no
fpu		: yes
fpu_exception	: yes
cpuid level	: 13
wp		: yes
flags		: fpu vme de pse tsc msr pae mce cx8 apic sep mtrr pge mca cmov pat pse36 clflush dts acpi mmx fxsr sse sse2 ss ht tm pbe nx rdtscp lm constant_tsc arch_perfmon pebs bts xtopology nonstop_tsc aperfmperf eagerfpu pni pclmulqdq dtes64 monitor ds_cpl vmx est tm2 ssse3 cx16 xtpr pdcm pcid sse4_1 sse4_2 x2apic popcnt tsc_deadline_timer xsave avx lahf_lm arat epb xsaveopt pln pts dtherm tpr_shadow vnmi flexpriority ept vpid
bogomips	: 4789.07
clflush size	: 64
cache_alignment	: 64
address sizes	: 36 bits physical, 48 bits virtual
power management:

processor	: 2
vendor_id	: GenuineIntel
cpu family	: 6
model		: 42
model name	: Intel(R) Core(TM) i3-2370M CPU @ 2.40GHz
stepping	: 7
microcode	: 0x25
cpu MHz		: 800.000
cache size	: 3072 KB
physical id	: 0
siblings	: 4
core id		: 1
cpu cores	: 2
apicid		: 2
initial apicid	: 2
fdiv_bug	: no
hlt_bug		: no
f00f_bug	: no
coma_bug	: no
fpu		: yes
fpu_exception	: yes
cpuid level	: 13
wp		: yes
flags		: fpu vme de pse tsc msr pae mce cx8 apic sep mtrr pge mca cmov pat pse36 clflush dts acpi mmx fxsr sse sse2 ss ht tm pbe nx rdtscp lm constant_tsc arch_perfmon pebs bts xtopology nonstop_tsc aperfmperf eagerfpu pni pclmulqdq dtes64 monitor ds_cpl vmx est tm2 ssse3 cx16 xtpr pdcm pcid sse4_1 sse4_2 x2apic popcnt tsc_deadline_timer xsave avx lahf_lm arat epb xsaveopt pln pts dtherm tpr_shadow vnmi flexpriority ept vpid
bogomips	: 4789.07
clflush size	: 64
cache_alignment	: 64
address sizes	: 36 bits physical, 48 bits virtual
power management:

processor	: 3
vendor_id	: GenuineIntel
cpu family	: 6
model		: 42
model name	: Intel(R) Core(TM) i3-2370M CPU @ 2.40GHz
stepping	: 7
microcode	: 0x25
cpu MHz		: 2400.000
cache size	: 3072 KB
physical id	: 0
siblings	: 4
core id		: 1
cpu cores	: 2
apicid		: 3
initial apicid	: 3
fdiv_bug	: no
hlt_bug		: no
f00f_bug	: no
coma_bug	: no
fpu		: yes
fpu_exception	: yes
cpuid level	: 13
wp		: yes
flags		: fpu vme de pse tsc msr pae mce cx8 apic sep mtrr pge mca cmov pat pse36 clflush dts acpi mmx fxsr sse sse2 ss ht tm pbe nx rdtscp lm constant_tsc arch_perfmon pebs bts xtopology nonstop_tsc aperfmperf eagerfpu pni pclmulqdq dtes64 monitor ds_cpl vmx est tm2 ssse3 cx16 xtpr pdcm pcid sse4_1 sse4_2 x2apic popcnt tsc_deadline_timer xsave avx lahf_lm arat epb xsaveopt pln pts dtherm tpr_shadow vnmi flexpriority ept vpid
bogomips	: 4789.07
clflush size	: 64
cache_alignment	: 64
address sizes	: 36 bits physical, 48 bits virtual
power management:



Memory: 4k page, physical 3975340k(375780k free), swap 2047996k(2047996k free)

vm_info: OpenJDK Server VM (23.7-b01) for linux-x86 JRE (1.7.0_21-b02), built on Apr 22 2013 07:41:32 by "buildd" with gcc 4.7.3

time: Sun Oct 27 20:53:51 2013
elapsed time: 1 seconds

