#
# A fatal error has been detected by the Java Runtime Environment:
#
#  SIGSEGV (0xb) at pc=0xb76bef98, pid=11439, tid=1734044480
#
# JRE version: 7.0_21-b02
# Java VM: OpenJDK Server VM (23.7-b01 mixed mode linux-x86 )
# Problematic frame:
# C  [libc.so.6+0x12ef98]  _IO_file_underflow+0x68
#
# Failed to write core dump. Core dumps have been disabled. To enable core dumping, try "ulimit -c unlimited" before starting Java again
#
# If you would like to submit a bug report, please include
# instructions on how to reproduce the bug and visit:
#   https://bugs.launchpad.net/ubuntu/+source/openjdk-7/
#

---------------  T H R E A D  ---------------

Current thread is native thread

siginfo:si_signo=SIGSEGV: si_errno=0, si_code=1 (SEGV_MAPERR), si_addr=0x00000037

Registers:
EAX=0x6780a000, EBX=0xb773f000, ECX=0xffffffff, EDX=0x00001000
ESP=0x675b3da0, EBP=0x00000001, ESI=0x6e23f8b8, EDI=0x675b6b40
EIP=0xb76bef98, EFLAGS=0x00210206, CR2=0x00000037

Top of Stack: (sp=0x675b3da0)
0x675b3da0:   6e23f8b8 6780a000 00001000 b773f000
0x675b3db0:   6e23f8b8 b773f000 6e23f8b8 b7603da9
0x675b3dc0:   6e23f8b8 b75f657a b773f000 b773f000
0x675b3dd0:   6e23f8b8 675b6b40 6e23f8b8 b7603bdb
0x675b3de0:   6e23f8b8 ffffffff 639d8649 639f7000
0x675b3df0:   b75f65d7 b773f000 6e23f8b8 b75f9ebc
0x675b3e00:   6e23f8b8 639ee22a 00000001 639f7000
0x675b3e10:   639f7000 6e238f00 6e239970 639e1d8c 

Instructions: (pc=0xb76bef98)
0xb76bef78:   4c 89 46 04 29 c2 89 46 0c 89 46 08 89 46 18 89
0xb76bef88:   46 14 89 46 10 89 54 24 08 89 44 24 04 89 34 24
0xb76bef98:   ff 51 38 83 f8 00 7e 38 8b 56 40 01 46 08 83 fa
0xb76befa8:   ff 74 05 01 d0 89 46 40 8b 46 04 0f b6 00 83 c4 

Register to memory mapping:

EAX=0x6780a000 is an unknown value
EBX=0xb773f000: <offset 0x1af000> in /lib/i386-linux-gnu/libc.so.6 at 0xb7590000
ECX=0xffffffff is an unknown value
EDX=0x00001000 is an unknown value
ESP=0x675b3da0 is an unknown value
EBP=0x00000001 is an unknown value
ESI=0x6e23f8b8 is an unknown value
EDI=0x675b6b40 is an unknown value


Stack: [0x67536000,0x675b7000],  sp=0x675b3da0,  free space=503k
Native frames: (J=compiled Java code, j=interpreted, Vv=VM code, C=native code)
C  [libc.so.6+0x12ef98]  _IO_file_underflow+0x68


---------------  P R O C E S S  ---------------

VM state:not at safepoint (normal execution)

VM Mutex/Monitor currently owned by a thread: None

Heap
 PSYoungGen      total 18112K, used 16953K [0x9f000000, 0xa0430000, 0xb3400000)
  eden space 15552K, 92% used [0x9f000000,0x9fe11700,0x9ff30000)
  from space 2560K, 99% used [0x9ff30000,0xa01acec0,0xa01b0000)
  to   space 2560K, 0% used [0xa01b0000,0xa01b0000,0xa0430000)
 ParOldGen       total 41472K, used 4192K [0x76800000, 0x79080000, 0x9f000000)
  object space 41472K, 10% used [0x76800000,0x76c18300,0x79080000)
 PSPermGen       total 16384K, used 14867K [0x6e800000, 0x6f800000, 0x76800000)
  object space 16384K, 90% used [0x6e800000,0x6f684fd0,0x6f800000)

Card table byte_map: [0x6e5d9000,0x6e800000] byte_map_base: 0x6e265000

Polling page: 0xb774c000

Code Cache  [0xb34c5000, 0xb3705000, 0xb64c5000)
 total_blobs=593 nmethods=325 adapters=220 free_code_cache=48198Kb largest_free_block=49328896

Compilation events (10 events):
Event: 13.583 Thread 0x6adfe800  345             sun.reflect.UnsafeObjectFieldAccessorImpl::get (17 bytes)
Event: 13.583 Thread 0x6adfc800  346             sun.misc.Unsafe::getObject (8 bytes)
Event: 13.584 Thread 0x6adfc800 nmethod 346 0xb3530148 code [0xb3530220, 0xb3530270]
Event: 13.585 Thread 0x6adfe800 nmethod 345 0xb352ed48 code [0xb352ee40, 0xb352ef3c]
Event: 13.589 Thread 0x6adfc800  347             java.awt.Component::isEnabledImpl (5 bytes)
Event: 13.590 Thread 0x6adfc800 nmethod 347 0xb352eb08 code [0xb352ebe0, 0xb352ec30]
Event: 13.590 Thread 0x6adfe800  348             javax.swing.plaf.nimbus.DerivedColor::getRGB (5 bytes)
Event: 13.591 Thread 0x6adfe800 nmethod 348 0xb353e388 code [0xb353e460, 0xb353e4b0]
Event: 13.591 Thread 0x6adfc800  349             javax.swing.plaf.nimbus.NimbusStyle$CacheKey::init (14 bytes)
Event: 13.592 Thread 0x6adfc800 nmethod 349 0xb35b3108 code [0xb35b3200, 0xb35b3290]

GC Heap History (6 events):
Event: 1.315 GC heap before
{Heap before GC invocations=1 (full 0):
 PSYoungGen      total 18112K, used 15552K [0x9f000000, 0xa0430000, 0xb3400000)
  eden space 15552K, 100% used [0x9f000000,0x9ff30000,0x9ff30000)
  from space 2560K, 0% used [0xa01b0000,0xa01b0000,0xa0430000)
  to   space 2560K, 0% used [0x9ff30000,0x9ff30000,0xa01b0000)
 ParOldGen       total 41472K, used 0K [0x76800000, 0x79080000, 0x9f000000)
  object space 41472K, 0% used [0x76800000,0x76800000,0x79080000)
 PSPermGen       total 16384K, used 11902K [0x6e800000, 0x6f800000, 0x76800000)
  object space 16384K, 72% used [0x6e800000,0x6f39fb18,0x6f800000)
Event: 1.324 GC heap after
Heap after GC invocations=1 (full 0):
 PSYoungGen      total 18112K, used 2549K [0x9f000000, 0xa0430000, 0xb3400000)
  eden space 15552K, 0% used [0x9f000000,0x9f000000,0x9ff30000)
  from space 2560K, 99% used [0x9ff30000,0xa01ad5c0,0xa01b0000)
  to   space 2560K, 0% used [0xa01b0000,0xa01b0000,0xa0430000)
 ParOldGen       total 41472K, used 1292K [0x76800000, 0x79080000, 0x9f000000)
  object space 41472K, 3% used [0x76800000,0x76943048,0x79080000)
 PSPermGen       total 16384K, used 11902K [0x6e800000, 0x6f800000, 0x76800000)
  object space 16384K, 72% used [0x6e800000,0x6f39fb18,0x6f800000)
}
Event: 2.420 GC heap before
{Heap before GC invocations=2 (full 0):
 PSYoungGen      total 18112K, used 18101K [0x9f000000, 0xa0430000, 0xb3400000)
  eden space 15552K, 100% used [0x9f000000,0x9ff30000,0x9ff30000)
  from space 2560K, 99% used [0x9ff30000,0xa01ad5c0,0xa01b0000)
  to   space 2560K, 0% used [0xa01b0000,0xa01b0000,0xa0430000)
 ParOldGen       total 41472K, used 1292K [0x76800000, 0x79080000, 0x9f000000)
  object space 41472K, 3% used [0x76800000,0x76943048,0x79080000)
 PSPermGen       total 16384K, used 14533K [0x6e800000, 0x6f800000, 0x76800000)
  object space 16384K, 88% used [0x6e800000,0x6f631498,0x6f800000)
Event: 2.440 GC heap after
Heap after GC invocations=2 (full 0):
 PSYoungGen      total 18112K, used 2547K [0x9f000000, 0xa1360000, 0xb3400000)
  eden space 15552K, 0% used [0x9f000000,0x9f000000,0x9ff30000)
  from space 2560K, 99% used [0xa01b0000,0xa042cec0,0xa0430000)
  to   space 2560K, 0% used [0x9ff30000,0x9ff30000,0xa01b0000)
 ParOldGen       total 41472K, used 3348K [0x76800000, 0x79080000, 0x9f000000)
  object space 41472K, 8% used [0x76800000,0x76b45248,0x79080000)
 PSPermGen       total 16384K, used 14533K [0x6e800000, 0x6f800000, 0x76800000)
  object space 16384K, 88% used [0x6e800000,0x6f631498,0x6f800000)
}
Event: 8.914 GC heap before
{Heap before GC invocations=3 (full 0):
 PSYoungGen      total 18112K, used 18099K [0x9f000000, 0xa1360000, 0xb3400000)
  eden space 15552K, 100% used [0x9f000000,0x9ff30000,0x9ff30000)
  from space 2560K, 99% used [0xa01b0000,0xa042cec0,0xa0430000)
  to   space 2560K, 0% used [0x9ff30000,0x9ff30000,0xa01b0000)
 ParOldGen       total 41472K, used 3348K [0x76800000, 0x79080000, 0x9f000000)
  object space 41472K, 8% used [0x76800000,0x76b45248,0x79080000)
 PSPermGen       total 16384K, used 14848K [0x6e800000, 0x6f800000, 0x76800000)
  object space 16384K, 90% used [0x6e800000,0x6f680130,0x6f800000)
Event: 8.923 GC heap after
Heap after GC invocations=3 (full 0):
 PSYoungGen      total 18112K, used 2547K [0x9f000000, 0xa0430000, 0xb3400000)
  eden space 15552K, 0% used [0x9f000000,0x9f000000,0x9ff30000)
  from space 2560K, 99% used [0x9ff30000,0xa01acec0,0xa01b0000)
  to   space 2560K, 0% used [0xa01b0000,0xa01b0000,0xa0430000)
 ParOldGen       total 41472K, used 4192K [0x76800000, 0x79080000, 0x9f000000)
  object space 41472K, 10% used [0x76800000,0x76c18300,0x79080000)
 PSPermGen       total 16384K, used 14848K [0x6e800000, 0x6f800000, 0x76800000)
  object space 16384K, 90% used [0x6e800000,0x6f680130,0x6f800000)
}

Deoptimization events (10 events):
Event: 1.806 Thread 0x67a32800 Uncommon trap -58 fr.pc 0xb351ddf8
Event: 2.073 Thread 0x67a32800 Uncommon trap -83 fr.pc 0xb3556a00
Event: 2.089 Thread 0x67a32800 Uncommon trap -83 fr.pc 0xb3552778
Event: 2.124 Thread 0x67a32800 Uncommon trap -83 fr.pc 0xb353e4c4
Event: 2.443 Thread 0x6adb8c00 Uncommon trap -83 fr.pc 0xb353ee40
Event: 2.498 Thread 0x67a32800 Uncommon trap -83 fr.pc 0xb358b248
Event: 2.692 Thread 0x67a32800 Uncommon trap -83 fr.pc 0xb3535980
Event: 2.692 Thread 0x67a32800 Uncommon trap -83 fr.pc 0xb353de8c
Event: 2.695 Thread 0x67a32800 Uncommon trap -42 fr.pc 0xb357b504
Event: 8.330 Thread 0x6e221400 Uncommon trap -12 fr.pc 0xb359617c

Internal exceptions (10 events):
Event: 3.483 Thread 0x6e201000 Threw 0x9f1d3448 at /build/buildd/openjdk-7-7u21-2.3.9/build/openjdk/hotspot/src/share/vm/prims/jvm.cpp:1166
Event: 3.486 Thread 0x6e201000 Threw 0x9f1fa548 at /build/buildd/openjdk-7-7u21-2.3.9/build/openjdk/hotspot/src/share/vm/prims/jvm.cpp:1166
Event: 3.493 Thread 0x6e203000 Threw 0x9f221708 at /build/buildd/openjdk-7-7u21-2.3.9/build/openjdk/hotspot/src/share/vm/prims/jvm.cpp:1166
Event: 3.497 Thread 0x6e203000 Threw 0x9f28cba8 at /build/buildd/openjdk-7-7u21-2.3.9/build/openjdk/hotspot/src/share/vm/prims/jvm.cpp:1166
Event: 3.540 Thread 0x6e207c00 Threw 0x9f3714f0 at /build/buildd/openjdk-7-7u21-2.3.9/build/openjdk/hotspot/src/share/vm/prims/jvm.cpp:1166
Event: 3.545 Thread 0x6e207c00 Threw 0x9f398eb0 at /build/buildd/openjdk-7-7u21-2.3.9/build/openjdk/hotspot/src/share/vm/prims/jvm.cpp:1166
Event: 3.567 Thread 0x6e214800 Threw 0x9f3bd010 at /build/buildd/openjdk-7-7u21-2.3.9/build/openjdk/hotspot/src/share/vm/prims/jvm.cpp:1166
Event: 3.574 Thread 0x6e214800 Threw 0x9f40afa8 at /build/buildd/openjdk-7-7u21-2.3.9/build/openjdk/hotspot/src/share/vm/prims/jvm.cpp:1166
Event: 3.877 Thread 0x6e21b000 Threw 0x9f59b468 at /build/buildd/openjdk-7-7u21-2.3.9/build/openjdk/hotspot/src/share/vm/prims/jvm.cpp:1166
Event: 3.886 Thread 0x6e21b000 Threw 0x9f5c34d8 at /build/buildd/openjdk-7-7u21-2.3.9/build/openjdk/hotspot/src/share/vm/prims/jvm.cpp:1166

Events (10 events):
Event: 13.587 Thread 0x6e22f000 Thread exited: 0x6e22f000
Event: 13.587 Thread 0x6e22f000 Thread added: 0x6e22f000
Event: 13.587 Thread 0x6e22f000 Thread exited: 0x6e22f000
Event: 13.588 Thread 0x6e22f000 Thread added: 0x6e22f000
Event: 13.589 Thread 0x6e22f000 Thread exited: 0x6e22f000
Event: 13.590 Thread 0x6e22f000 Thread added: 0x6e22f000
Event: 13.591 Thread 0x6adfe800 flushing nmethod 0xb3582e08
Event: 13.591 Thread 0x6e22f000 Thread exited: 0x6e22f000
Event: 13.591 Thread 0x6e22f000 Thread added: 0x6e22f000
Event: 13.592 Thread 0x6e22f000 Thread exited: 0x6e22f000


Dynamic libraries:
08048000-08049000 r-xp 00000000 08:06 1708580    /usr/lib/jvm/java-7-openjdk-i386/jre/bin/java
08049000-0804a000 r--p 00000000 08:06 1708580    /usr/lib/jvm/java-7-openjdk-i386/jre/bin/java
0804a000-0804b000 rw-p 00001000 08:06 1708580    /usr/lib/jvm/java-7-openjdk-i386/jre/bin/java
085c2000-08614000 rw-p 00000000 00:00 0          [heap]
5edc8000-5f181000 rw-s 00000000 00:04 165314762  /SYSV00000000 (deleted)
63182000-63183000 ---p 00000000 00:00 0 
63183000-63983000 rw-p 00000000 00:00 0 
639cb000-639f6000 r-xp 00000000 08:06 1706469    /usr/lib/i386-linux-gnu/liblua5.1.so.0.0.0
639f6000-639f7000 r--p 0002b000 08:06 1706469    /usr/lib/i386-linux-gnu/liblua5.1.so.0.0.0
639f7000-639f8000 rw-p 0002c000 08:06 1706469    /usr/lib/i386-linux-gnu/liblua5.1.so.0.0.0
63a11000-63a3b000 r-xp 00000000 08:06 405608     /usr/lib/vlc/plugins/lua/liblua_plugin.so
63a3b000-63a3c000 r--p 0002a000 08:06 405608     /usr/lib/vlc/plugins/lua/liblua_plugin.so
63a3c000-63a3d000 rw-p 0002b000 08:06 405608     /usr/lib/vlc/plugins/lua/liblua_plugin.so
63a3d000-63a3f000 r-xp 00000000 08:06 280628     /usr/lib/vlc/plugins/demux/libnsc_plugin.so
63a3f000-63a40000 r--p 00001000 08:06 280628     /usr/lib/vlc/plugins/demux/libnsc_plugin.so
63a40000-63a41000 rw-p 00002000 08:06 280628     /usr/lib/vlc/plugins/demux/libnsc_plugin.so
63a41000-63a43000 r-xp 00000000 08:06 280611     /usr/lib/vlc/plugins/demux/libdemux_cdg_plugin.so
63a43000-63a44000 r--p 00001000 08:06 280611     /usr/lib/vlc/plugins/demux/libdemux_cdg_plugin.so
63a44000-63a45000 rw-p 00002000 08:06 280611     /usr/lib/vlc/plugins/demux/libdemux_cdg_plugin.so
63a45000-63a57000 r-xp 00000000 08:06 1720553    /usr/lib/libdvbpsi.so.7.0.0
63a57000-63a58000 r--p 00011000 08:06 1720553    /usr/lib/libdvbpsi.so.7.0.0
63a58000-63a59000 rw-p 00012000 08:06 1720553    /usr/lib/libdvbpsi.so.7.0.0
63a59000-63aa4000 r-xp 00000000 08:06 1703839    /usr/lib/libmodplug.so.1.0.0
63aa4000-63aa5000 ---p 0004b000 08:06 1703839    /usr/lib/libmodplug.so.1.0.0
63aa5000-63aa6000 r--p 0004b000 08:06 1703839    /usr/lib/libmodplug.so.1.0.0
63aa6000-63aa7000 rw-p 0004c000 08:06 1703839    /usr/lib/libmodplug.so.1.0.0
63aa7000-63b2b000 rw-p 00000000 00:00 0 
63b2b000-63b89000 r-xp 00000000 08:06 280623     /usr/lib/vlc/plugins/demux/liblive555_plugin.so
63b89000-63b8a000 ---p 0005e000 08:06 280623     /usr/lib/vlc/plugins/demux/liblive555_plugin.so
63b8a000-63b8d000 r--p 0005e000 08:06 280623     /usr/lib/vlc/plugins/demux/liblive555_plugin.so
63b8d000-63b92000 rw-p 00061000 08:06 280623     /usr/lib/vlc/plugins/demux/liblive555_plugin.so
63b92000-63b93000 rw-p 00000000 00:00 0 
63b93000-63c18000 r-xp 00000000 08:06 1720530    /usr/lib/i386-linux-gnu/libmatroska.so.5
63c18000-63c1e000 r--p 00085000 08:06 1720530    /usr/lib/i386-linux-gnu/libmatroska.so.5
63c1e000-63c1f000 rw-p 0008b000 08:06 1720530    /usr/lib/i386-linux-gnu/libmatroska.so.5
63c1f000-64822000 rw-p 00000000 00:00 0 
64822000-64b01000 r-xp 00000000 08:06 1705842    /usr/lib/i386-linux-gnu/libQtCore.so.4.8.4
64b01000-64b08000 r--p 002de000 08:06 1705842    /usr/lib/i386-linux-gnu/libQtCore.so.4.8.4
64b08000-64b09000 rw-p 002e5000 08:06 1705842    /usr/lib/i386-linux-gnu/libQtCore.so.4.8.4
64b09000-64b0a000 rw-p 00000000 00:00 0 
64b0a000-655b2000 r-xp 00000000 08:06 1705851    /usr/lib/i386-linux-gnu/libQtGui.so.4.8.4
655b2000-655d4000 r--p 00aa7000 08:06 1705851    /usr/lib/i386-linux-gnu/libQtGui.so.4.8.4
655d4000-655d8000 rw-p 00ac9000 08:06 1705851    /usr/lib/i386-linux-gnu/libQtGui.so.4.8.4
655d8000-655db000 rw-p 00000000 00:00 0 
655db000-657f0000 r-xp 00000000 08:06 407152     /usr/lib/vlc/plugins/gui/libqt4_plugin.so
657f0000-657f1000 ---p 00215000 08:06 407152     /usr/lib/vlc/plugins/gui/libqt4_plugin.so
657f1000-657fd000 r--p 00215000 08:06 407152     /usr/lib/vlc/plugins/gui/libqt4_plugin.so
657fd000-657ff000 rw-p 00221000 08:06 407152     /usr/lib/vlc/plugins/gui/libqt4_plugin.so
657ff000-65800000 rw-p 00000000 00:00 0 
65800000-658d2000 rw-p 00000000 00:00 0 
658d2000-65900000 ---p 00000000 00:00 0 
65900000-65902000 r-xp 00000000 08:06 280631     /usr/lib/vlc/plugins/demux/librawdv_plugin.so
65902000-65903000 r--p 00001000 08:06 280631     /usr/lib/vlc/plugins/demux/librawdv_plugin.so
65903000-65904000 rw-p 00002000 08:06 280631     /usr/lib/vlc/plugins/demux/librawdv_plugin.so
65904000-65907000 r-xp 00000000 08:06 280615     /usr/lib/vlc/plugins/demux/libmjpeg_plugin.so
65907000-65908000 r--p 00002000 08:06 280615     /usr/lib/vlc/plugins/demux/libmjpeg_plugin.so
65908000-65909000 rw-p 00003000 08:06 280615     /usr/lib/vlc/plugins/demux/libmjpeg_plugin.so
65909000-65911000 r-xp 00000000 08:06 280637     /usr/lib/vlc/plugins/demux/libty_plugin.so
65911000-65912000 r--p 00007000 08:06 280637     /usr/lib/vlc/plugins/demux/libty_plugin.so
65912000-65913000 rw-p 00008000 08:06 280637     /usr/lib/vlc/plugins/demux/libty_plugin.so
65913000-6591b000 r-xp 00000000 08:06 280651     /usr/lib/vlc/plugins/demux/libps_plugin.so
6591b000-6591c000 r--p 00007000 08:06 280651     /usr/lib/vlc/plugins/demux/libps_plugin.so
6591c000-6591d000 rw-p 00008000 08:06 280651     /usr/lib/vlc/plugins/demux/libps_plugin.so
6591d000-65920000 r-xp 00000000 08:06 280643     /usr/lib/vlc/plugins/demux/librawvid_plugin.so
65920000-65921000 r--p 00002000 08:06 280643     /usr/lib/vlc/plugins/demux/librawvid_plugin.so
65921000-65922000 rw-p 00003000 08:06 280643     /usr/lib/vlc/plugins/demux/librawvid_plugin.so
65922000-65937000 r-xp 00000000 08:06 280622     /usr/lib/vlc/plugins/demux/libts_plugin.so
65937000-65938000 r--p 00014000 08:06 280622     /usr/lib/vlc/plugins/demux/libts_plugin.so
65938000-65939000 rw-p 00015000 08:06 280622     /usr/lib/vlc/plugins/demux/libts_plugin.so
65939000-65957000 r-xp 00000000 08:06 1720529    /usr/lib/i386-linux-gnu/libebml.so.3
65957000-65958000 r--p 0001d000 08:06 1720529    /usr/lib/i386-linux-gnu/libebml.so.3
65958000-65959000 rw-p 0001e000 08:06 1720529    /usr/lib/i386-linux-gnu/libebml.so.3
65959000-6595a000 rw-p 00000000 00:00 0 
6595a000-6599d000 r-xp 00000000 08:06 280645     /usr/lib/vlc/plugins/demux/libmkv_plugin.so
6599d000-6599f000 r--p 00042000 08:06 280645     /usr/lib/vlc/plugins/demux/libmkv_plugin.so
6599f000-659a0000 rw-p 00044000 08:06 280645     /usr/lib/vlc/plugins/demux/libmkv_plugin.so
659a0000-659ac000 r-xp 00000000 08:06 1720560    /usr/lib/libresid-builder.so.0.0.1
659ac000-659ad000 r--p 0000b000 08:06 1720560    /usr/lib/libresid-builder.so.0.0.1
659ad000-659ce000 rw-p 0000c000 08:06 1720560    /usr/lib/libresid-builder.so.0.0.1
659ce000-659d4000 r-xp 00000000 08:06 1706531    /usr/lib/i386-linux-gnu/libogg.so.0.8.0
659d4000-659d5000 r--p 00005000 08:06 1706531    /usr/lib/i386-linux-gnu/libogg.so.0.8.0
659d5000-659d6000 rw-p 00006000 08:06 1706531    /usr/lib/i386-linux-gnu/libogg.so.0.8.0
659d6000-659ff000 r-xp 00000000 08:06 1706753    /usr/lib/i386-linux-gnu/libvorbis.so.0.4.5
659ff000-65a00000 ---p 00029000 08:06 1706753    /usr/lib/i386-linux-gnu/libvorbis.so.0.4.5
65a00000-65a01000 r--p 00029000 08:06 1706753    /usr/lib/i386-linux-gnu/libvorbis.so.0.4.5
65a01000-65a02000 rw-p 0002a000 08:06 1706753    /usr/lib/i386-linux-gnu/libvorbis.so.0.4.5
65a02000-65b68000 r-xp 00000000 08:06 1706755    /usr/lib/i386-linux-gnu/libvorbisenc.so.2.0.8
65b68000-65b79000 r--p 00165000 08:06 1706755    /usr/lib/i386-linux-gnu/libvorbisenc.so.2.0.8
65b79000-65b7a000 rw-p 00176000 08:06 1706755    /usr/lib/i386-linux-gnu/libvorbisenc.so.2.0.8
65b7a000-65bc8000 r-xp 00000000 08:06 1705817    /usr/lib/i386-linux-gnu/libFLAC.so.8.2.0
65bc8000-65bc9000 r--p 0004e000 08:06 1705817    /usr/lib/i386-linux-gnu/libFLAC.so.8.2.0
65bc9000-65bca000 rw-p 0004f000 08:06 1705817    /usr/lib/i386-linux-gnu/libFLAC.so.8.2.0
65bca000-65bcf000 r-xp 00000000 08:06 1705965    /usr/lib/i386-linux-gnu/libasyncns.so.0.3.1
65bcf000-65bd0000 r--p 00004000 08:06 1705965    /usr/lib/i386-linux-gnu/libasyncns.so.0.3.1
65bd0000-65bd1000 rw-p 00005000 08:06 1705965    /usr/lib/i386-linux-gnu/libasyncns.so.0.3.1
65bd1000-65c3e000 r-xp 00000000 08:06 1706669    /usr/lib/i386-linux-gnu/libsndfile.so.1.0.25
65c3e000-65c40000 r--p 0006c000 08:06 1706669    /usr/lib/i386-linux-gnu/libsndfile.so.1.0.25
65c40000-65c41000 rw-p 0006e000 08:06 1706669    /usr/lib/i386-linux-gnu/libsndfile.so.1.0.25
65c41000-65c45000 rw-p 00000000 00:00 0 
65c45000-65c4d000 r-xp 00000000 08:06 262621     /lib/i386-linux-gnu/libwrap.so.0.7.6
65c4d000-65c4e000 r--p 00007000 08:06 262621     /lib/i386-linux-gnu/libwrap.so.0.7.6
65c4e000-65c4f000 rw-p 00008000 08:06 262621     /lib/i386-linux-gnu/libwrap.so.0.7.6
65c4f000-65c51000 r-xp 00000000 08:06 280629     /usr/lib/vlc/plugins/demux/libmpgv_plugin.so
65c51000-65c52000 r--p 00001000 08:06 280629     /usr/lib/vlc/plugins/demux/libmpgv_plugin.so
65c52000-65c53000 rw-p 00002000 08:06 280629     /usr/lib/vlc/plugins/demux/libmpgv_plugin.so
65c53000-65c55000 r-xp 00000000 08:06 280612     /usr/lib/vlc/plugins/demux/libau_plugin.so
65c55000-65c56000 r--p 00001000 08:06 280612     /usr/lib/vlc/plugins/demux/libau_plugin.so
65c56000-65c57000 rw-p 00002000 08:06 280612     /usr/lib/vlc/plugins/demux/libau_plugin.so
65c57000-65c5c000 r-xp 00000000 08:06 280642     /usr/lib/vlc/plugins/demux/libmod_plugin.so
65c5c000-65c5d000 r--p 00004000 08:06 280642     /usr/lib/vlc/plugins/demux/libmod_plugin.so
65c5d000-65c5e000 rw-p 00005000 08:06 280642     /usr/lib/vlc/plugins/demux/libmod_plugin.so
65c5e000-65c60000 r-xp 00000000 08:06 280616     /usr/lib/vlc/plugins/demux/libaiff_plugin.so
65c60000-65c61000 r--p 00001000 08:06 280616     /usr/lib/vlc/plugins/demux/libaiff_plugin.so
65c61000-65c62000 rw-p 00002000 08:06 280616     /usr/lib/vlc/plugins/demux/libaiff_plugin.so
65c62000-65dcc000 r-xp 00000000 08:06 1706644    /usr/lib/i386-linux-gnu/libsamplerate.so.0.1.8
65dcc000-65dcd000 r--p 00169000 08:06 1706644    /usr/lib/i386-linux-gnu/libsamplerate.so.0.1.8
65dcd000-65dce000 rw-p 0016a000 08:06 1706644    /usr/lib/i386-linux-gnu/libsamplerate.so.0.1.8
65dce000-65e37000 r-xp 00000000 08:06 1708139    /usr/lib/i386-linux-gnu/pulseaudio/libpulsecommon-3.0.so
65e37000-65e38000 r--p 00068000 08:06 1708139    /usr/lib/i386-linux-gnu/pulseaudio/libpulsecommon-3.0.so
65e38000-65e39000 rw-p 00069000 08:06 1708139    /usr/lib/i386-linux-gnu/pulseaudio/libpulsecommon-3.0.so
65e3c000-65e40000 r-xp 00000000 08:06 280634     /usr/lib/vlc/plugins/demux/libimage_plugin.so
65e40000-65e41000 r--p 00003000 08:06 280634     /usr/lib/vlc/plugins/demux/libimage_plugin.so
65e41000-65e42000 rw-p 00004000 08:06 280634     /usr/lib/vlc/plugins/demux/libimage_plugin.so
65e42000-65e45000 ---p 00000000 00:00 0 
65e45000-65e93000 rw-p 00000000 00:00 0          [stack:11476]
65e93000-65e94000 ---p 00000000 00:00 0 
65e94000-65f14000 rw-p 00000000 00:00 0          [stack:11475]
65f14000-65f60000 r-xp 00000000 08:06 1706602    /usr/lib/i386-linux-gnu/libpulse.so.0.15.3
65f60000-65f61000 ---p 0004c000 08:06 1706602    /usr/lib/i386-linux-gnu/libpulse.so.0.15.3
65f61000-65f62000 r--p 0004c000 08:06 1706602    /usr/lib/i386-linux-gnu/libpulse.so.0.15.3
65f62000-65f63000 rw-p 0004d000 08:06 1706602    /usr/lib/i386-linux-gnu/libpulse.so.0.15.3
65f63000-65f66000 r-xp 00000000 08:06 280627     /usr/lib/vlc/plugins/demux/libpva_plugin.so
65f66000-65f67000 r--p 00002000 08:06 280627     /usr/lib/vlc/plugins/demux/libpva_plugin.so
65f67000-65f68000 rw-p 00003000 08:06 280627     /usr/lib/vlc/plugins/demux/libpva_plugin.so
65f68000-65f6b000 r-xp 00000000 08:06 280630     /usr/lib/vlc/plugins/demux/libnsv_plugin.so
65f6b000-65f6c000 r--p 00002000 08:06 280630     /usr/lib/vlc/plugins/demux/libnsv_plugin.so
65f6c000-65f6d000 rw-p 00003000 08:06 280630     /usr/lib/vlc/plugins/demux/libnsv_plugin.so
65f6d000-65fa5000 r-xp 00000000 08:06 1720563    /usr/lib/libsidplay2.so.1.0.1
65fa5000-65fa6000 ---p 00038000 08:06 1720563    /usr/lib/libsidplay2.so.1.0.1
65fa6000-65fa7000 r--p 00038000 08:06 1720563    /usr/lib/libsidplay2.so.1.0.1
65fa7000-65fa8000 rw-p 00039000 08:06 1720563    /usr/lib/libsidplay2.so.1.0.1
65fa8000-66095000 r-xp 00000000 08:06 1771845    /usr/lib/i386-linux-gnu/libasound.so.2.0.0
66095000-66099000 r--p 000ec000 08:06 1771845    /usr/lib/i386-linux-gnu/libasound.so.2.0.0
66099000-6609a000 rw-p 000f0000 08:06 1771845    /usr/lib/i386-linux-gnu/libasound.so.2.0.0
6609c000-660b1000 r-xp 00000000 08:06 280613     /usr/lib/vlc/plugins/demux/libplaylist_plugin.so
660b1000-660b2000 r--p 00014000 08:06 280613     /usr/lib/vlc/plugins/demux/libplaylist_plugin.so
660b2000-660b3000 rw-p 00015000 08:06 280613     /usr/lib/vlc/plugins/demux/libplaylist_plugin.so
660b3000-6610b000 r-xp 00000000 08:06 1722219    /usr/lib/i386-linux-gnu/libXt.so.6.0.0
6610b000-6610c000 r--p 00058000 08:06 1722219    /usr/lib/i386-linux-gnu/libXt.so.6.0.0
6610c000-6610f000 rw-p 00059000 08:06 1722219    /usr/lib/i386-linux-gnu/libXt.so.6.0.0
6610f000-66125000 r-xp 00000000 08:06 1705827    /usr/lib/i386-linux-gnu/libICE.so.6.3.0
66125000-66126000 r--p 00015000 08:06 1705827    /usr/lib/i386-linux-gnu/libICE.so.6.3.0
66126000-66127000 rw-p 00016000 08:06 1705827    /usr/lib/i386-linux-gnu/libICE.so.6.3.0
66127000-66129000 rw-p 00000000 00:00 0 
66129000-6616c000 r-xp 00000000 08:06 1706494    /usr/lib/i386-linux-gnu/libmtp.so.9.0.5
6616c000-6616f000 r--p 00043000 08:06 1706494    /usr/lib/i386-linux-gnu/libmtp.so.9.0.5
6616f000-66176000 rw-p 00046000 08:06 1706494    /usr/lib/i386-linux-gnu/libmtp.so.9.0.5
66176000-661fc000 r-xp 00000000 08:06 1720486    /usr/lib/i386-linux-gnu/libdirac_encoder.so.0.1.0
661fc000-661fe000 r--p 00085000 08:06 1720486    /usr/lib/i386-linux-gnu/libdirac_encoder.so.0.1.0
661fe000-661ff000 rw-p 00087000 08:06 1720486    /usr/lib/i386-linux-gnu/libdirac_encoder.so.0.1.0
661ff000-66200000 rw-p 00000000 00:00 0 
66200000-662e5000 rw-p 00000000 00:00 0 
662e5000-66300000 ---p 00000000 00:00 0 
66300000-66400000 rw-p 00000000 00:00 0 
66400000-664ff000 rw-p 00000000 00:00 0 
664ff000-66500000 ---p 00000000 00:00 0 
66501000-66503000 r-xp 00000000 08:06 280648     /usr/lib/vlc/plugins/demux/libxa_plugin.so
66503000-66504000 r--p 00001000 08:06 280648     /usr/lib/vlc/plugins/demux/libxa_plugin.so
66504000-66505000 rw-p 00002000 08:06 280648     /usr/lib/vlc/plugins/demux/libxa_plugin.so
66505000-665fa000 r-xp 00000000 08:06 1720541    /usr/lib/libvlccore.so.5.1.1
665fa000-665ff000 r--p 000f5000 08:06 1720541    /usr/lib/libvlccore.so.5.1.1
665ff000-66600000 rw-p 000fa000 08:06 1720541    /usr/lib/libvlccore.so.5.1.1
66600000-666d7000 rw-p 00000000 00:00 0 
666d7000-66700000 ---p 00000000 00:00 0 
66700000-667fa000 rw-p 00000000 00:00 0 
667fa000-66800000 ---p 00000000 00:00 0 
66800000-668fb000 rw-p 00000000 00:00 0 
668fb000-66900000 ---p 00000000 00:00 0 
66901000-66915000 r-xp 00000000 08:06 1441576    /tmp/jna-gene/jna3155434946577593564.tmp (deleted)
66915000-66916000 rw-p 00014000 08:06 1441576    /tmp/jna-gene/jna3155434946577593564.tmp (deleted)
66918000-66920000 r-xp 00000000 08:06 262510     /lib/i386-linux-gnu/libjson.so.0.1.0
66920000-66921000 r--p 00007000 08:06 262510     /lib/i386-linux-gnu/libjson.so.0.1.0
66921000-66922000 rw-p 00008000 08:06 262510     /lib/i386-linux-gnu/libjson.so.0.1.0
66922000-66925000 r-xp 00000000 08:06 280636     /usr/lib/vlc/plugins/demux/libvoc_plugin.so
66925000-66926000 r--p 00002000 08:06 280636     /usr/lib/vlc/plugins/demux/libvoc_plugin.so
66926000-66927000 rw-p 00003000 08:06 280636     /usr/lib/vlc/plugins/demux/libvoc_plugin.so
66927000-6692a000 r-xp 00000000 08:06 280646     /usr/lib/vlc/plugins/demux/libsmf_plugin.so
6692a000-6692b000 r--p 00002000 08:06 280646     /usr/lib/vlc/plugins/demux/libsmf_plugin.so
6692b000-6692c000 rw-p 00003000 08:06 280646     /usr/lib/vlc/plugins/demux/libsmf_plugin.so
6692c000-66930000 r-xp 00000000 08:06 262619     /lib/i386-linux-gnu/libuuid.so.1.3.0
66930000-66931000 r--p 00003000 08:06 262619     /lib/i386-linux-gnu/libuuid.so.1.3.0
66931000-66932000 rw-p 00004000 08:06 262619     /lib/i386-linux-gnu/libuuid.so.1.3.0
66932000-66939000 r-xp 00000000 08:06 1705877    /usr/lib/i386-linux-gnu/libSM.so.6.0.1
66939000-6693a000 r--p 00006000 08:06 1705877    /usr/lib/i386-linux-gnu/libSM.so.6.0.1
6693a000-6693b000 rw-p 00007000 08:06 1705877    /usr/lib/i386-linux-gnu/libSM.so.6.0.1
6693b000-66952000 r-xp 00000000 08:06 1705975    /usr/lib/i386-linux-gnu/libaudio.so.2.4
66952000-66953000 r--p 00016000 08:06 1705975    /usr/lib/i386-linux-gnu/libaudio.so.2.4
66953000-66954000 rw-p 00017000 08:06 1705975    /usr/lib/i386-linux-gnu/libaudio.so.2.4
66954000-66965000 r-xp 00000000 08:06 262615     /lib/i386-linux-gnu/libusb-1.0.so.0.1.0
66965000-66966000 r--p 00010000 08:06 262615     /lib/i386-linux-gnu/libusb-1.0.so.0.1.0
66966000-66967000 rw-p 00011000 08:06 262615     /lib/i386-linux-gnu/libusb-1.0.so.0.1.0
66969000-6696b000 r-xp 00000000 08:06 280619     /usr/lib/vlc/plugins/demux/libdirac_plugin.so
6696b000-6696c000 r--p 00001000 08:06 280619     /usr/lib/vlc/plugins/demux/libdirac_plugin.so
6696c000-6696d000 rw-p 00002000 08:06 280619     /usr/lib/vlc/plugins/demux/libdirac_plugin.so
6696d000-6696f000 r-xp 00000000 08:06 280658     /usr/lib/vlc/plugins/misc/libinhibit_plugin.so
6696f000-66970000 r--p 00001000 08:06 280658     /usr/lib/vlc/plugins/misc/libinhibit_plugin.so
66970000-66971000 rw-p 00002000 08:06 280658     /usr/lib/vlc/plugins/misc/libinhibit_plugin.so
66971000-66977000 r-xp 00000000 08:06 405627     /usr/lib/vlc/plugins/control/libhotkeys_plugin.so
66977000-66978000 r--p 00005000 08:06 405627     /usr/lib/vlc/plugins/control/libhotkeys_plugin.so
66978000-66979000 rw-p 00006000 08:06 405627     /usr/lib/vlc/plugins/control/libhotkeys_plugin.so
66979000-6697e000 r-xp 00000000 08:06 405519     /usr/lib/vlc/plugins/audio_output/libalsa_plugin.so
6697e000-6697f000 r--p 00004000 08:06 405519     /usr/lib/vlc/plugins/audio_output/libalsa_plugin.so
6697f000-66980000 rw-p 00005000 08:06 405519     /usr/lib/vlc/plugins/audio_output/libalsa_plugin.so
66980000-6699a000 r-xp 00000000 08:06 1720543    /usr/lib/libvlc.so.5.3.2
6699a000-6699b000 r--p 00019000 08:06 1720543    /usr/lib/libvlc.so.5.3.2
6699b000-6699c000 rw-p 0001a000 08:06 1720543    /usr/lib/libvlc.so.5.3.2
6699c000-6699f000 ---p 00000000 00:00 0 
6699f000-669ed000 rw-p 00000000 00:00 0 
669ee000-66a01000 r-xp 00000000 08:06 280625     /usr/lib/vlc/plugins/demux/libogg_plugin.so
66a01000-66a02000 r--p 00012000 08:06 280625     /usr/lib/vlc/plugins/demux/libogg_plugin.so
66a02000-66a03000 rw-p 00013000 08:06 280625     /usr/lib/vlc/plugins/demux/libogg_plugin.so
66a03000-66a0b000 r-xp 00000000 08:06 405597     /usr/lib/vlc/plugins/services_discovery/libsap_plugin.so
66a0b000-66a0c000 r--p 00007000 08:06 405597     /usr/lib/vlc/plugins/services_discovery/libsap_plugin.so
66a0c000-66a0d000 rw-p 00008000 08:06 405597     /usr/lib/vlc/plugins/services_discovery/libsap_plugin.so
66a0d000-66a10000 r-xp 00000000 08:06 280641     /usr/lib/vlc/plugins/demux/libsid_plugin.so
66a10000-66a11000 r--p 00002000 08:06 280641     /usr/lib/vlc/plugins/demux/libsid_plugin.so
66a11000-66a12000 rw-p 00003000 08:06 280641     /usr/lib/vlc/plugins/demux/libsid_plugin.so
66a12000-66a15000 r-xp 00000000 08:06 280618     /usr/lib/vlc/plugins/demux/libwav_plugin.so
66a15000-66a16000 r--p 00003000 08:06 280618     /usr/lib/vlc/plugins/demux/libwav_plugin.so
66a16000-66a17000 rw-p 00004000 08:06 280618     /usr/lib/vlc/plugins/demux/libwav_plugin.so
66a17000-66a1b000 r-xp 00000000 08:06 280638     /usr/lib/vlc/plugins/demux/libnuv_plugin.so
66a1b000-66a1c000 r--p 00003000 08:06 280638     /usr/lib/vlc/plugins/demux/libnuv_plugin.so
66a1c000-66a1d000 rw-p 00004000 08:06 280638     /usr/lib/vlc/plugins/demux/libnuv_plugin.so
66a1d000-66a33000 r-xp 00000000 08:06 1720189    /usr/lib/i386-linux-gnu/libmad.so.0.2.1
66a33000-66a34000 r--p 00015000 08:06 1720189    /usr/lib/i386-linux-gnu/libmad.so.0.2.1
66a34000-66a35000 rw-p 00016000 08:06 1720189    /usr/lib/i386-linux-gnu/libmad.so.0.2.1
66a36000-66a38000 r-xp 00000000 08:06 280650     /usr/lib/vlc/plugins/demux/libtta_plugin.so
66a38000-66a39000 r--p 00001000 08:06 280650     /usr/lib/vlc/plugins/demux/libtta_plugin.so
66a39000-66a3a000 rw-p 00002000 08:06 280650     /usr/lib/vlc/plugins/demux/libtta_plugin.so
66a3a000-66a47000 r-xp 00000000 08:06 1720465    /usr/lib/libmpcdec.so.6.1.0
66a47000-66a48000 r--p 0000c000 08:06 1720465    /usr/lib/libmpcdec.so.6.1.0
66a48000-66a4a000 rw-p 0000d000 08:06 1720465    /usr/lib/libmpcdec.so.6.1.0
66a4a000-66a4c000 r-xp 00000000 08:06 280620     /usr/lib/vlc/plugins/demux/libmpc_plugin.so
66a4c000-66a4d000 r--p 00001000 08:06 280620     /usr/lib/vlc/plugins/demux/libmpc_plugin.so
66a4d000-66a4e000 rw-p 00002000 08:06 280620     /usr/lib/vlc/plugins/demux/libmpc_plugin.so
66a4e000-66a73000 r-xp 00000000 08:06 1703665    /usr/lib/libdca.so.0.0.0
66a73000-66a74000 r--p 00024000 08:06 1703665    /usr/lib/libdca.so.0.0.0
66a74000-66a75000 rw-p 00025000 08:06 1703665    /usr/lib/libdca.so.0.0.0
66a75000-66b2c000 r-xp 00000000 08:06 1706695    /usr/lib/i386-linux-gnu/libtag.so.1.12.0
66b2c000-66b2e000 r--p 000b7000 08:06 1706695    /usr/lib/i386-linux-gnu/libtag.so.1.12.0
66b2e000-66b2f000 rw-p 000b9000 08:06 1706695    /usr/lib/i386-linux-gnu/libtag.so.1.12.0
66b2f000-66b30000 ---p 00000000 00:00 0 
66b30000-66bb0000 rw-p 00000000 00:00 0 
66bb0000-66bec000 r-xp 00000000 08:06 1706135    /usr/lib/i386-linux-gnu/libfaad.so.2.0.0
66bec000-66bed000 ---p 0003c000 08:06 1706135    /usr/lib/i386-linux-gnu/libfaad.so.2.0.0
66bed000-66bee000 r--p 0003c000 08:06 1706135    /usr/lib/i386-linux-gnu/libfaad.so.2.0.0
66bee000-66bf1000 rw-p 0003d000 08:06 1706135    /usr/lib/i386-linux-gnu/libfaad.so.2.0.0
66bf1000-66c2e000 r-xp 00000000 08:06 1706535    /usr/lib/i386-linux-gnu/libopus.so.0.2.0
66c2e000-66c2f000 r--p 0003c000 08:06 1706535    /usr/lib/i386-linux-gnu/libopus.so.0.2.0
66c2f000-66c30000 rw-p 0003d000 08:06 1706535    /usr/lib/i386-linux-gnu/libopus.so.0.2.0
66c30000-66cfd000 r-xp 00000000 08:06 1706653    /usr/lib/i386-linux-gnu/libschroedinger-1.0.so.0.11.0
66cfd000-66cff000 r--p 000cc000 08:06 1706653    /usr/lib/i386-linux-gnu/libschroedinger-1.0.so.0.11.0
66cff000-66d00000 rw-p 000ce000 08:06 1706653    /usr/lib/i386-linux-gnu/libschroedinger-1.0.so.0.11.0
66d00000-66df5000 rw-p 00000000 00:00 0 
66df5000-66e00000 ---p 00000000 00:00 0 
66e00000-66e02000 r-xp 00000000 08:06 405491     /usr/lib/vlc/plugins/audio_filter/libsamplerate_plugin.so
66e02000-66e03000 r--p 00001000 08:06 405491     /usr/lib/vlc/plugins/audio_filter/libsamplerate_plugin.so
66e03000-66e04000 rw-p 00002000 08:06 405491     /usr/lib/vlc/plugins/audio_filter/libsamplerate_plugin.so
66e04000-66e06000 r-xp 00000000 08:06 405501     /usr/lib/vlc/plugins/audio_filter/libmpgatofixed32_plugin.so
66e06000-66e07000 r--p 00001000 08:06 405501     /usr/lib/vlc/plugins/audio_filter/libmpgatofixed32_plugin.so
66e07000-66e08000 rw-p 00002000 08:06 405501     /usr/lib/vlc/plugins/audio_filter/libmpgatofixed32_plugin.so
66e08000-66e12000 r-xp 00000000 08:06 1720240    /usr/lib/liba52-0.7.4.so
66e12000-66e13000 r--p 00009000 08:06 1720240    /usr/lib/liba52-0.7.4.so
66e13000-66e14000 rw-p 0000a000 08:06 1720240    /usr/lib/liba52-0.7.4.so
66e14000-66e15000 rw-p 00000000 00:00 0 
66e15000-66e17000 r-xp 00000000 08:06 405496     /usr/lib/vlc/plugins/audio_filter/liba52tofloat32_plugin.so
66e17000-66e18000 r--p 00001000 08:06 405496     /usr/lib/vlc/plugins/audio_filter/liba52tofloat32_plugin.so
66e18000-66e19000 rw-p 00002000 08:06 405496     /usr/lib/vlc/plugins/audio_filter/liba52tofloat32_plugin.so
66e19000-66e1b000 r-xp 00000000 08:06 405511     /usr/lib/vlc/plugins/audio_filter/libdtstofloat32_plugin.so
66e1b000-66e1c000 r--p 00001000 08:06 405511     /usr/lib/vlc/plugins/audio_filter/libdtstofloat32_plugin.so
66e1c000-66e1d000 rw-p 00002000 08:06 405511     /usr/lib/vlc/plugins/audio_filter/libdtstofloat32_plugin.so
66e1d000-66e2a000 r-xp 00000000 08:06 405488     /usr/lib/vlc/plugins/meta_engine/libtaglib_plugin.so
66e2a000-66e2b000 r--p 0000c000 08:06 405488     /usr/lib/vlc/plugins/meta_engine/libtaglib_plugin.so
66e2b000-66e2c000 rw-p 0000d000 08:06 405488     /usr/lib/vlc/plugins/meta_engine/libtaglib_plugin.so
66e2c000-66eba000 r-xp 00000000 08:06 1706537    /usr/lib/i386-linux-gnu/liborc-0.4.so.0.17.0
66eba000-66ebb000 r--p 0008e000 08:06 1706537    /usr/lib/i386-linux-gnu/liborc-0.4.so.0.17.0
66ebb000-66ebf000 rw-p 0008f000 08:06 1706537    /usr/lib/i386-linux-gnu/liborc-0.4.so.0.17.0
66ebf000-66ec2000 r-xp 00000000 08:06 405510     /usr/lib/vlc/plugins/audio_filter/libscaletempo_plugin.so
66ec2000-66ec3000 r--p 00002000 08:06 405510     /usr/lib/vlc/plugins/audio_filter/libscaletempo_plugin.so
66ec3000-66ec4000 rw-p 00003000 08:06 405510     /usr/lib/vlc/plugins/audio_filter/libscaletempo_plugin.so
66ec4000-66ecb000 r-xp 00000000 08:06 407155     /usr/lib/vlc/plugins/audio_output/libpulse_plugin.so
66ecb000-66ecc000 r--p 00006000 08:06 407155     /usr/lib/vlc/plugins/audio_output/libpulse_plugin.so
66ecc000-66ecd000 rw-p 00007000 08:06 407155     /usr/lib/vlc/plugins/audio_output/libpulse_plugin.so
66ecd000-66ed0000 r-xp 00000000 08:06 405456     /usr/lib/vlc/plugins/codec/libfaad_plugin.so
66ed0000-66ed1000 r--p 00002000 08:06 405456     /usr/lib/vlc/plugins/codec/libfaad_plugin.so
66ed1000-66ed2000 rw-p 00003000 08:06 405456     /usr/lib/vlc/plugins/codec/libfaad_plugin.so
66ed2000-66ed6000 r-xp 00000000 08:06 405477     /usr/lib/vlc/plugins/codec/libopus_plugin.so
66ed6000-66ed7000 r--p 00003000 08:06 405477     /usr/lib/vlc/plugins/codec/libopus_plugin.so
66ed7000-66ed8000 rw-p 00004000 08:06 405477     /usr/lib/vlc/plugins/codec/libopus_plugin.so
66ed8000-66ee1000 r-xp 00000000 08:06 405450     /usr/lib/vlc/plugins/codec/libschroedinger_plugin.so
66ee1000-66ee2000 r--p 00008000 08:06 405450     /usr/lib/vlc/plugins/codec/libschroedinger_plugin.so
66ee2000-66ee3000 rw-p 00009000 08:06 405450     /usr/lib/vlc/plugins/codec/libschroedinger_plugin.so
66ee3000-66ee6000 r-xp 00000000 08:06 405482     /usr/lib/vlc/plugins/codec/libcdg_plugin.so
66ee6000-66ee7000 r--p 00002000 08:06 405482     /usr/lib/vlc/plugins/codec/libcdg_plugin.so
66ee7000-66ee8000 rw-p 00003000 08:06 405482     /usr/lib/vlc/plugins/codec/libcdg_plugin.so
66ee8000-66eea000 r-xp 00000000 08:06 405481     /usr/lib/vlc/plugins/codec/libpng_plugin.so
66eea000-66eeb000 r--p 00001000 08:06 405481     /usr/lib/vlc/plugins/codec/libpng_plugin.so
66eeb000-66eec000 rw-p 00002000 08:06 405481     /usr/lib/vlc/plugins/codec/libpng_plugin.so
66eec000-66eef000 r-xp 00000000 08:06 405449     /usr/lib/vlc/plugins/codec/libmpeg_audio_plugin.so
66eef000-66ef0000 r--p 00002000 08:06 405449     /usr/lib/vlc/plugins/codec/libmpeg_audio_plugin.so
66ef0000-66ef1000 rw-p 00003000 08:06 405449     /usr/lib/vlc/plugins/codec/libmpeg_audio_plugin.so
66ef1000-66ef4000 r-xp 00000000 08:06 405473     /usr/lib/vlc/plugins/codec/libsvcdsub_plugin.so
66ef4000-66ef5000 r--p 00002000 08:06 405473     /usr/lib/vlc/plugins/codec/libsvcdsub_plugin.so
66ef5000-66ef6000 rw-p 00003000 08:06 405473     /usr/lib/vlc/plugins/codec/libsvcdsub_plugin.so
66ef6000-66ef9000 r-xp 00000000 08:06 405455     /usr/lib/vlc/plugins/codec/libcvdsub_plugin.so
66ef9000-66efa000 r--p 00002000 08:06 405455     /usr/lib/vlc/plugins/codec/libcvdsub_plugin.so
66efa000-66efb000 rw-p 00003000 08:06 405455     /usr/lib/vlc/plugins/codec/libcvdsub_plugin.so
66efb000-66efe000 r-xp 00000000 08:06 405458     /usr/lib/vlc/plugins/codec/libspudec_plugin.so
66efe000-66eff000 r--p 00003000 08:06 405458     /usr/lib/vlc/plugins/codec/libspudec_plugin.so
66eff000-66f00000 rw-p 00004000 08:06 405458     /usr/lib/vlc/plugins/codec/libspudec_plugin.so
66f00000-66f04000 r-xp 00000000 08:06 405634     /usr/lib/vlc/plugins/packetizer/libpacketizer_flac_plugin.so
66f04000-66f05000 r--p 00003000 08:06 405634     /usr/lib/vlc/plugins/packetizer/libpacketizer_flac_plugin.so
66f05000-66f06000 rw-p 00004000 08:06 405634     /usr/lib/vlc/plugins/packetizer/libpacketizer_flac_plugin.so
66f06000-66f0b000 r-xp 00000000 08:06 405638     /usr/lib/vlc/plugins/packetizer/libpacketizer_mpegvideo_plugin.so
66f0b000-66f0c000 r--p 00004000 08:06 405638     /usr/lib/vlc/plugins/packetizer/libpacketizer_mpegvideo_plugin.so
66f0c000-66f0d000 rw-p 00005000 08:06 405638     /usr/lib/vlc/plugins/packetizer/libpacketizer_mpegvideo_plugin.so
66f0d000-66f1c000 r-xp 00000000 08:06 405635     /usr/lib/vlc/plugins/packetizer/libpacketizer_h264_plugin.so
66f1c000-66f1d000 r--p 0000e000 08:06 405635     /usr/lib/vlc/plugins/packetizer/libpacketizer_h264_plugin.so
66f1d000-66f1e000 rw-p 0000f000 08:06 405635     /usr/lib/vlc/plugins/packetizer/libpacketizer_h264_plugin.so
66f1e000-66f22000 r-xp 00000000 08:06 405636     /usr/lib/vlc/plugins/packetizer/libpacketizer_mlp_plugin.so
66f22000-66f23000 r--p 00003000 08:06 405636     /usr/lib/vlc/plugins/packetizer/libpacketizer_mlp_plugin.so
66f23000-66f24000 rw-p 00004000 08:06 405636     /usr/lib/vlc/plugins/packetizer/libpacketizer_mlp_plugin.so
66f24000-66f3f000 r-xp 00000000 08:06 1706713    /usr/lib/i386-linux-gnu/libtheoradec.so.1.1.4
66f3f000-66f40000 r--p 0001a000 08:06 1706713    /usr/lib/i386-linux-gnu/libtheoradec.so.1.1.4
66f40000-66f41000 rw-p 0001b000 08:06 1706713    /usr/lib/i386-linux-gnu/libtheoradec.so.1.1.4
66f41000-66f86000 r-xp 00000000 08:06 1706715    /usr/lib/i386-linux-gnu/libtheoraenc.so.1.1.2
66f86000-66f87000 r--p 00044000 08:06 1706715    /usr/lib/i386-linux-gnu/libtheoraenc.so.1.1.2
66f87000-66f88000 rw-p 00045000 08:06 1706715    /usr/lib/i386-linux-gnu/libtheoraenc.so.1.1.2
66f88000-66f8d000 r-xp 00000000 08:06 405637     /usr/lib/vlc/plugins/packetizer/libpacketizer_mpeg4video_plugin.so
66f8d000-66f8e000 r--p 00004000 08:06 405637     /usr/lib/vlc/plugins/packetizer/libpacketizer_mpeg4video_plugin.so
66f8e000-66f8f000 rw-p 00005000 08:06 405637     /usr/lib/vlc/plugins/packetizer/libpacketizer_mpeg4video_plugin.so
66f8f000-66f95000 r-xp 00000000 08:06 405640     /usr/lib/vlc/plugins/packetizer/libpacketizer_mpeg4audio_plugin.so
66f95000-66f96000 r--p 00005000 08:06 405640     /usr/lib/vlc/plugins/packetizer/libpacketizer_mpeg4audio_plugin.so
66f96000-66f97000 rw-p 00006000 08:06 405640     /usr/lib/vlc/plugins/packetizer/libpacketizer_mpeg4audio_plugin.so
66f97000-66f9f000 r-xp 00000000 08:06 405633     /usr/lib/vlc/plugins/packetizer/libpacketizer_vc1_plugin.so
66f9f000-66fa0000 r--p 00007000 08:06 405633     /usr/lib/vlc/plugins/packetizer/libpacketizer_vc1_plugin.so
66fa0000-66fa1000 rw-p 00008000 08:06 405633     /usr/lib/vlc/plugins/packetizer/libpacketizer_vc1_plugin.so
66fa1000-66fc0000 r-xp 00000000 08:06 1708460    /usr/lib/i386-linux-gnu/sse2/libspeex.so.1.5.0
66fc0000-66fc1000 r--p 0001e000 08:06 1708460    /usr/lib/i386-linux-gnu/sse2/libspeex.so.1.5.0
66fc1000-66fc2000 rw-p 0001f000 08:06 1708460    /usr/lib/i386-linux-gnu/sse2/libspeex.so.1.5.0
66fc4000-66fc9000 r-xp 00000000 08:06 405641     /usr/lib/vlc/plugins/packetizer/libpacketizer_dirac_plugin.so
66fc9000-66fca000 r--p 00005000 08:06 405641     /usr/lib/vlc/plugins/packetizer/libpacketizer_dirac_plugin.so
66fca000-66fcb000 rw-p 00006000 08:06 405641     /usr/lib/vlc/plugins/packetizer/libpacketizer_dirac_plugin.so
66fcb000-66fd1000 r-xp 00000000 08:06 405451     /usr/lib/vlc/plugins/codec/libtheora_plugin.so
66fd1000-66fd2000 r--p 00005000 08:06 405451     /usr/lib/vlc/plugins/codec/libtheora_plugin.so
66fd2000-66fd3000 rw-p 00006000 08:06 405451     /usr/lib/vlc/plugins/codec/libtheora_plugin.so
66fd3000-66fd9000 r-xp 00000000 08:06 405479     /usr/lib/vlc/plugins/codec/libvorbis_plugin.so
66fd9000-66fda000 r--p 00005000 08:06 405479     /usr/lib/vlc/plugins/codec/libvorbis_plugin.so
66fda000-66fdb000 rw-p 00006000 08:06 405479     /usr/lib/vlc/plugins/codec/libvorbis_plugin.so
66fdb000-66fe1000 r-xp 00000000 08:06 405478     /usr/lib/vlc/plugins/codec/libspeex_plugin.so
66fe1000-66fe2000 r--p 00005000 08:06 405478     /usr/lib/vlc/plugins/codec/libspeex_plugin.so
66fe2000-66fe3000 rw-p 00006000 08:06 405478     /usr/lib/vlc/plugins/codec/libspeex_plugin.so
66fe3000-66fe5000 r-xp 00000000 08:06 405483     /usr/lib/vlc/plugins/codec/libaes3_plugin.so
66fe5000-66fe6000 r--p 00001000 08:06 405483     /usr/lib/vlc/plugins/codec/libaes3_plugin.so
66fe6000-66fe7000 rw-p 00002000 08:06 405483     /usr/lib/vlc/plugins/codec/libaes3_plugin.so
66fe7000-66fe9000 r-xp 00000000 08:06 405480     /usr/lib/vlc/plugins/codec/librawvideo_plugin.so
66fe9000-66fea000 r--p 00001000 08:06 405480     /usr/lib/vlc/plugins/codec/librawvideo_plugin.so
66fea000-66feb000 rw-p 00002000 08:06 405480     /usr/lib/vlc/plugins/codec/librawvideo_plugin.so
66feb000-66ff0000 r-xp 00000000 08:06 280640     /usr/lib/vlc/plugins/demux/libes_plugin.so
66ff0000-66ff1000 r--p 00004000 08:06 280640     /usr/lib/vlc/plugins/demux/libes_plugin.so
66ff1000-66ff2000 rw-p 00005000 08:06 280640     /usr/lib/vlc/plugins/demux/libes_plugin.so
66ff2000-66ffe000 r-xp 00000000 08:06 280632     /usr/lib/vlc/plugins/demux/libasf_plugin.so
66ffe000-66fff000 r--p 0000b000 08:06 280632     /usr/lib/vlc/plugins/demux/libasf_plugin.so
66fff000-67000000 rw-p 0000c000 08:06 280632     /usr/lib/vlc/plugins/demux/libasf_plugin.so
67000000-670ca000 rw-p 00000000 00:00 0 
670ca000-67100000 ---p 00000000 00:00 0 
67101000-67104000 r-xp 00000000 08:06 1706600    /usr/lib/i386-linux-gnu/libpulse-simple.so.0.0.3
67104000-67105000 r--p 00002000 08:06 1706600    /usr/lib/i386-linux-gnu/libpulse-simple.so.0.0.3
67105000-67106000 rw-p 00003000 08:06 1706600    /usr/lib/i386-linux-gnu/libpulse-simple.so.0.0.3
67106000-6710a000 r-xp 00000000 08:06 405462     /usr/lib/vlc/plugins/codec/liblpcm_plugin.so
6710a000-6710b000 r--p 00003000 08:06 405462     /usr/lib/vlc/plugins/codec/liblpcm_plugin.so
6710b000-6710c000 rw-p 00004000 08:06 405462     /usr/lib/vlc/plugins/codec/liblpcm_plugin.so
6710c000-67110000 r-xp 00000000 08:06 280647     /usr/lib/vlc/plugins/demux/libflacsys_plugin.so
67110000-67111000 r--p 00004000 08:06 280647     /usr/lib/vlc/plugins/demux/libflacsys_plugin.so
67111000-67112000 rw-p 00005000 08:06 280647     /usr/lib/vlc/plugins/demux/libflacsys_plugin.so
67112000-67122000 r-xp 00000000 08:06 280639     /usr/lib/vlc/plugins/demux/libavi_plugin.so
67122000-67123000 r--p 00010000 08:06 280639     /usr/lib/vlc/plugins/demux/libavi_plugin.so
67123000-67124000 rw-p 00011000 08:06 280639     /usr/lib/vlc/plugins/demux/libavi_plugin.so
67124000-67148000 r-xp 00000000 08:06 280624     /usr/lib/vlc/plugins/demux/libmp4_plugin.so
67148000-67149000 r--p 00024000 08:06 280624     /usr/lib/vlc/plugins/demux/libmp4_plugin.so
67149000-6714a000 rw-p 00025000 08:06 280624     /usr/lib/vlc/plugins/demux/libmp4_plugin.so
6714a000-6714c000 r-xp 00000000 08:06 405645     /usr/lib/vlc/plugins/stream_filter/libstream_filter_record_plugin.so
6714c000-6714d000 r--p 00001000 08:06 405645     /usr/lib/vlc/plugins/stream_filter/libstream_filter_record_plugin.so
6714d000-6714e000 rw-p 00002000 08:06 405645     /usr/lib/vlc/plugins/stream_filter/libstream_filter_record_plugin.so
6714e000-67151000 r-xp 00000000 08:06 1720599    /usr/lib/vlc/plugins/access/libstream_filter_rar_plugin.so
67151000-67152000 r--p 00002000 08:06 1720599    /usr/lib/vlc/plugins/access/libstream_filter_rar_plugin.so
67152000-67153000 rw-p 00003000 08:06 1720599    /usr/lib/vlc/plugins/access/libstream_filter_rar_plugin.so
67153000-6715b000 r-xp 00000000 08:06 1720591    /usr/lib/vlc/plugins/access/libzip_plugin.so
6715b000-6715c000 r--p 00007000 08:06 1720591    /usr/lib/vlc/plugins/access/libzip_plugin.so
6715c000-6715d000 rw-p 00008000 08:06 1720591    /usr/lib/vlc/plugins/access/libzip_plugin.so
6715d000-67178000 r-xp 00000000 08:06 405646     /usr/lib/vlc/plugins/stream_filter/libstream_filter_dash_plugin.so
67178000-67179000 r--p 0001b000 08:06 405646     /usr/lib/vlc/plugins/stream_filter/libstream_filter_dash_plugin.so
67179000-6717a000 rw-p 0001c000 08:06 405646     /usr/lib/vlc/plugins/stream_filter/libstream_filter_dash_plugin.so
6717a000-67198000 r-xp 00000000 08:06 1706115    /usr/lib/i386-linux-gnu/libdvdread.so.4.1.2
67198000-67199000 r--p 0001d000 08:06 1706115    /usr/lib/i386-linux-gnu/libdvdread.so.4.1.2
67199000-6719a000 rw-p 0001e000 08:06 1706115    /usr/lib/i386-linux-gnu/libdvdread.so.4.1.2
6719a000-671ae000 r-xp 00000000 08:06 1706111    /usr/lib/i386-linux-gnu/libdvdnav.so.4.1.2
671ae000-671af000 r--p 00013000 08:06 1706111    /usr/lib/i386-linux-gnu/libdvdnav.so.4.1.2
671af000-671b0000 rw-p 00014000 08:06 1706111    /usr/lib/i386-linux-gnu/libdvdnav.so.4.1.2
671b1000-671b4000 r-xp 00000000 08:06 405644     /usr/lib/vlc/plugins/stream_filter/libdecomp_plugin.so
671b4000-671b5000 r--p 00002000 08:06 405644     /usr/lib/vlc/plugins/stream_filter/libdecomp_plugin.so
671b5000-671b6000 rw-p 00003000 08:06 405644     /usr/lib/vlc/plugins/stream_filter/libdecomp_plugin.so
671b6000-671c0000 r-xp 00000000 08:06 405643     /usr/lib/vlc/plugins/stream_filter/libstream_filter_httplive_plugin.so
671c0000-671c1000 r--p 00009000 08:06 405643     /usr/lib/vlc/plugins/stream_filter/libstream_filter_httplive_plugin.so
671c1000-671c2000 rw-p 0000a000 08:06 405643     /usr/lib/vlc/plugins/stream_filter/libstream_filter_httplive_plugin.so
671c2000-671c7000 r-xp 00000000 08:06 1720610    /usr/lib/vlc/plugins/access/libaccess_vdr_plugin.so
671c7000-671c8000 r--p 00004000 08:06 1720610    /usr/lib/vlc/plugins/access/libaccess_vdr_plugin.so
671c8000-671c9000 rw-p 00005000 08:06 1720610    /usr/lib/vlc/plugins/access/libaccess_vdr_plugin.so
671c9000-671fd000 r-xp 00000000 08:06 1720482    /usr/lib/i386-linux-gnu/libbluray.so.1.2.0
671fd000-671fe000 ---p 00034000 08:06 1720482    /usr/lib/i386-linux-gnu/libbluray.so.1.2.0
671fe000-671ff000 r--p 00034000 08:06 1720482    /usr/lib/i386-linux-gnu/libbluray.so.1.2.0
671ff000-67200000 rw-p 00035000 08:06 1720482    /usr/lib/i386-linux-gnu/libbluray.so.1.2.0
67200000-67300000 rw-p 00000000 00:00 0 
67300000-673fc000 rw-p 00000000 00:00 0 
673fc000-67400000 ---p 00000000 00:00 0 
67400000-674fc000 rw-p 00000000 00:00 0 
674fc000-67500000 ---p 00000000 00:00 0 
67500000-67502000 r-xp 00000000 08:06 405485     /usr/lib/vlc/plugins/mmxext/libmemcpymmxext_plugin.so
67502000-67503000 r--p 00001000 08:06 405485     /usr/lib/vlc/plugins/mmxext/libmemcpymmxext_plugin.so
67503000-67504000 rw-p 00002000 08:06 405485     /usr/lib/vlc/plugins/mmxext/libmemcpymmxext_plugin.so
67504000-67506000 r-xp 00000000 08:06 405602     /usr/lib/vlc/plugins/services_discovery/libmtp_plugin.so
67506000-67507000 r--p 00001000 08:06 405602     /usr/lib/vlc/plugins/services_discovery/libmtp_plugin.so
67507000-67508000 rw-p 00002000 08:06 405602     /usr/lib/vlc/plugins/services_discovery/libmtp_plugin.so
67508000-6750c000 r-xp 00000000 08:06 1720609    /usr/lib/vlc/plugins/access/libfilesystem_plugin.so
6750c000-6750d000 r--p 00003000 08:06 1720609    /usr/lib/vlc/plugins/access/libfilesystem_plugin.so
6750d000-6750e000 rw-p 00004000 08:06 1720609    /usr/lib/vlc/plugins/access/libfilesystem_plugin.so
6750e000-67518000 r-xp 00000000 08:06 1720582    /usr/lib/vlc/plugins/access/libdvdnav_plugin.so
67518000-67519000 r--p 0000a000 08:06 1720582    /usr/lib/vlc/plugins/access/libdvdnav_plugin.so
67519000-6751a000 rw-p 0000b000 08:06 1720582    /usr/lib/vlc/plugins/access/libdvdnav_plugin.so
6751a000-6752d000 r-xp 00000000 08:06 1720590    /usr/lib/vlc/plugins/access/libaccess_bd_plugin.so
6752d000-6752e000 r--p 00012000 08:06 1720590    /usr/lib/vlc/plugins/access/libaccess_bd_plugin.so
6752e000-6752f000 rw-p 00013000 08:06 1720590    /usr/lib/vlc/plugins/access/libaccess_bd_plugin.so
6752f000-67534000 r-xp 00000000 08:06 1720612    /usr/lib/vlc/plugins/access/liblibbluray_plugin.so
67534000-67535000 r--p 00004000 08:06 1720612    /usr/lib/vlc/plugins/access/liblibbluray_plugin.so
67535000-67536000 rw-p 00005000 08:06 1720612    /usr/lib/vlc/plugins/access/liblibbluray_plugin.so
67536000-67539000 ---p 00000000 00:00 0 
67539000-675b7000 rw-p 00000000 00:00 0          [stack:11554]
675b7000-675ea000 rw-s 00000000 00:04 165281993  /SYSV00000000 (deleted)
675ea000-67600000 r--s 00000000 08:06 656603     /usr/share/fonts/type1/gsfonts/n022024l.pfb
67600000-676f7000 rw-p 00000000 00:00 0 
676f7000-67700000 ---p 00000000 00:00 0 
67700000-677fd000 rw-p 00000000 00:00 0 
677fd000-67800000 ---p 00000000 00:00 0 
67800000-67801000 r-xp 00000000 08:06 405592     /usr/lib/vlc/plugins/audio_mixer/libfloat32_mixer_plugin.so
67801000-67802000 r--p 00000000 08:06 405592     /usr/lib/vlc/plugins/audio_mixer/libfloat32_mixer_plugin.so
67802000-67803000 rw-p 00001000 08:06 405592     /usr/lib/vlc/plugins/audio_mixer/libfloat32_mixer_plugin.so
67803000-6780a000 r--s 00000000 08:06 1707538    /usr/lib/i386-linux-gnu/gconv/gconv-modules.cache
6780a000-6780b000 rw-p 00000000 00:00 0 
6780b000-67823000 r--s 00000000 08:06 656594     /usr/share/fonts/type1/gsfonts/n022003l.pfb
67823000-67834000 r--s 00000000 08:06 656567     /usr/share/fonts/type1/gsfonts/n019024l.pfb
67834000-6784d000 r--s 00000000 08:06 656585     /usr/share/fonts/type1/gsfonts/n021004l.pfb
6784d000-6785f000 r--s 00000000 08:06 656561     /usr/share/fonts/type1/gsfonts/n019004l.pfb
6785f000-67878000 r--s 00000000 08:06 656597     /usr/share/fonts/type1/gsfonts/n022004l.pfb
67878000-67891000 r--s 00000000 08:06 656582     /usr/share/fonts/type1/gsfonts/n021003l.pfb
67891000-678a7000 r--s 00000000 08:06 656591     /usr/share/fonts/type1/gsfonts/n021024l.pfb
678a7000-678bd000 r--s 00000000 08:06 656600     /usr/share/fonts/type1/gsfonts/n022023l.pfb
678bd000-678d4000 r--s 00000000 08:06 656588     /usr/share/fonts/type1/gsfonts/n021023l.pfb
678d4000-678de000 r--s 00000000 08:06 656624     /usr/share/fonts/type1/mathml/Symbol.pfb
678de000-678ef000 r--s 00000000 08:06 656564     /usr/share/fonts/type1/gsfonts/n019023l.pfb
678ef000-67903000 r--s 00000000 08:06 656558     /usr/share/fonts/type1/gsfonts/n019003l.pfb
67903000-67906000 ---p 00000000 00:00 0 
67906000-67954000 rw-p 00000000 00:00 0          [stack:11461]
67954000-679f8000 r-xp 00000000 08:06 1439034    /tmp/sqlite-3.7.151-i386-libsqlitejdbc.so
679f8000-679f9000 r--p 000a4000 08:06 1439034    /tmp/sqlite-3.7.151-i386-libsqlitejdbc.so
679f9000-679fa000 rw-p 000a5000 08:06 1439034    /tmp/sqlite-3.7.151-i386-libsqlitejdbc.so
679fa000-679fb000 rw-p 00000000 00:00 0 
679fb000-67a00000 r--s 0004c000 08:06 1708535    /usr/lib/jvm/java-7-openjdk-common/jre/lib/jsse.jar
67a00000-67a6f000 rw-p 00000000 00:00 0 
67a6f000-67b00000 ---p 00000000 00:00 0 
67b00000-67b01000 rwxp 00000000 00:00 0 
67b01000-67b02000 r-xp 00000000 08:06 1708656    /usr/lib/jvm/java-7-openjdk-i386/jre/lib/i386/libjawt.so
67b02000-67b03000 r--p 00000000 08:06 1708656    /usr/lib/jvm/java-7-openjdk-i386/jre/lib/i386/libjawt.so
67b03000-67b04000 rw-p 00001000 08:06 1708656    /usr/lib/jvm/java-7-openjdk-i386/jre/lib/i386/libjawt.so
67b04000-67b07000 ---p 00000000 00:00 0 
67b07000-67b55000 rw-p 00000000 00:00 0          [stack:11459]
67b55000-67b58000 ---p 00000000 00:00 0 
67b58000-67ba6000 rw-p 00000000 00:00 0          [stack:11458]
67ba6000-67bb7000 r-xp 00000000 08:06 1708665    /usr/lib/jvm/java-7-openjdk-i386/jre/lib/i386/libnio.so
67bb7000-67bb8000 r--p 00010000 08:06 1708665    /usr/lib/jvm/java-7-openjdk-i386/jre/lib/i386/libnio.so
67bb8000-67bb9000 rw-p 00011000 08:06 1708665    /usr/lib/jvm/java-7-openjdk-i386/jre/lib/i386/libnio.so
67bb9000-67bba000 r--s 00000000 08:06 936139     /var/cache/fontconfig/c05880de57d1f5e948fdfacc138775d9-le32d4.cache-3
67bba000-67bc0000 r--s 00000000 08:06 936131     /var/cache/fontconfig/945677eb7aeaf62f1d50efc3fb3ec7d8-le32d4.cache-3
67bc0000-67bc3000 r--s 00000000 08:06 938992     /var/cache/fontconfig/99e8ed0e538f840c565b6ed5dad60d56-le32d4.cache-3
67bc3000-67bc9000 r--s 00000000 08:06 936659     /var/cache/fontconfig/a6d8cf8e4ec09cdbc8633c31745a07dd-le32d4.cache-3
67bc9000-67bcc000 r--s 00000000 08:06 936113     /var/cache/fontconfig/2cd17615ca594fa2959ae173292e504c-le32d4.cache-3
67bcc000-67bcd000 r--s 00000000 08:06 936148     /var/cache/fontconfig/e7071f4a29fa870f4323321c154eba04-le32d4.cache-3
67bcd000-67bd1000 r--s 00000000 08:06 936658     /var/cache/fontconfig/6eb3985aa4124903f6ff08ba781cd364-le32d4.cache-3
67bd1000-67bd2000 r--s 00000000 08:06 936110     /var/cache/fontconfig/0d8c3b2ac0904cb8a57a757ad11a4a08-le32d4.cache-3
67bd2000-67bd6000 r--s 00000000 08:06 936135     /var/cache/fontconfig/a755afe4a08bf5b97852ceb7400b47bc-le32d4.cache-3
67bd6000-67bdd000 r--s 00000000 08:06 936126     /var/cache/fontconfig/6d41288fd70b0be22e8c3a91e032eec0-le32d4.cache-3
67bdd000-67be8000 r--s 00000000 08:06 936108     /var/cache/fontconfig/04aabc0a78ac019cf9454389977116d2-le32d4.cache-3
67be8000-67be9000 r--s 00000000 08:06 936112     /var/cache/fontconfig/1ac9eb803944fde146138c791f5cc56a-le32d4.cache-3
67be9000-67bec000 r--s 00000000 08:06 936117     /var/cache/fontconfig/385c0604a188198f04d133e54aba7fe7-le32d4.cache-3
67bec000-67bed000 r--s 00000000 08:06 938732     /var/cache/fontconfig/9c956a7723ca69a44b382d9179c9802f-le32d4.cache-3
67bed000-67bee000 r--s 00000000 08:06 936145     /var/cache/fontconfig/dc05db6664285cc2f12bf69c139ae4c3-le32d4.cache-3
67bee000-67bf0000 r--s 00000000 08:06 936128     /var/cache/fontconfig/767a8244fc0220cfb567a839d0392e0b-le32d4.cache-3
67bf0000-67bf1000 r--s 00000000 08:06 936118     /var/cache/fontconfig/4794a0821666d79190d59a36cb4f44b5-le32d4.cache-3
67bf1000-67bf2000 r--s 00000000 08:06 938731     /var/cache/fontconfig/9eae20f1ff8cc0a7d125749e875856bd-le32d4.cache-3
67bf2000-67bf4000 r--s 00000000 08:06 938730     /var/cache/fontconfig/bf2c1853a9e9b00bb02fe2e9bcf1e201-le32d4.cache-3
67bf4000-67bf7000 r--s 00000000 08:06 936130     /var/cache/fontconfig/8801497958630a81b71ace7c5f9b32a8-le32d4.cache-3
67bf7000-67c1a000 r--s 00000000 08:06 938729     /var/cache/fontconfig/365b55f210c0a22e9a19e35191240f32-le32d4.cache-3
67c1a000-67c1c000 r--s 00000000 08:06 938722     /var/cache/fontconfig/c57959a16110560c8d0fcea73374aeeb-le32d4.cache-3
67c1c000-67c20000 r--s 00000000 08:06 936114     /var/cache/fontconfig/3047814df9a2f067bd2d96a2b9c36e5a-le32d4.cache-3
67c20000-67c21000 r--s 00000000 08:06 936121     /var/cache/fontconfig/56cf4f4769d0f4abc89a4895d7bd3ae1-le32d4.cache-3
67c21000-67c22000 r--s 00000000 08:06 936138     /var/cache/fontconfig/b9d506c9ac06c20b433354fa67a72993-le32d4.cache-3
67c22000-67c26000 r--s 00000000 08:06 936137     /var/cache/fontconfig/b47c4e1ecd0709278f4910c18777a504-le32d4.cache-3
67c26000-67c28000 r--s 00000000 08:06 938728     /var/cache/fontconfig/14d493b97896515cad3840ba4896e372-le32d4.cache-3
67c28000-67c2e000 r--s 00000000 08:06 936657     /var/cache/fontconfig/52f7bdb7ce746bfd7eaa1985bd9cfa93-le32d4.cache-3
67c2e000-67c3b000 r--s 00000000 08:06 936143     /var/cache/fontconfig/d52a8644073d54c13679302ca1180695-le32d4.cache-3
67c3b000-67c41000 r--s 00000000 08:06 936656     /var/cache/fontconfig/3f7329c5293ffd510edef78f73874cfd-le32d4.cache-3
67c41000-67c48000 r--s 00000000 08:06 938721     /var/cache/fontconfig/83bf95040141907cd45bb53cf7c1c148-le32d4.cache-3
67c48000-67c51000 r--s 00000000 08:06 938720     /var/cache/fontconfig/53d14c92082a93e67d5078324eb314ca-le32d4.cache-3
67c51000-67c5e000 r--s 00000000 08:06 938717     /var/cache/fontconfig/4ac51e5cfbc76fc3f983e470323a16d3-le32d4.cache-3
67c5e000-67c66000 r--s 00000000 08:06 938718     /var/cache/fontconfig/e13b20fdb08344e0e664864cc2ede53d-le32d4.cache-3
67c66000-67c6a000 r--s 00000000 08:06 940648     /var/cache/fontconfig/7ef2298fde41cc6eeb7af42e48b7d293-le32d4.cache-3
67c6a000-67cad000 r-xp 00000000 08:06 1708645    /usr/lib/jvm/java-7-openjdk-i386/jre/lib/i386/libfontmanager.so
67cad000-67cae000 r--p 00043000 08:06 1708645    /usr/lib/jvm/java-7-openjdk-i386/jre/lib/i386/libfontmanager.so
67cae000-67caf000 rw-p 00044000 08:06 1708645    /usr/lib/jvm/java-7-openjdk-i386/jre/lib/i386/libfontmanager.so
67caf000-67cb2000 ---p 00000000 00:00 0 
67cb2000-67d00000 rw-p 00000000 00:00 0          [stack:11457]
67d00000-67df1000 rw-p 00000000 00:00 0 
67df1000-67e00000 ---p 00000000 00:00 0 
67e00000-67e01000 r--s 00000000 08:06 938727     /var/cache/fontconfig/89034621ae2a8922916bb6bfa5799546-le32d4.cache-3
67e01000-67e03000 r--s 00000000 08:06 936147     /var/cache/fontconfig/e49e89034d371f0f9de17aab02136486-le32d4.cache-3
67e03000-67e14000 r--s 00000000 08:06 938993     /var/cache/fontconfig/467c019e582ee353435ea5c21d137ef6-le32d4.cache-3
67e14000-67e18000 r--s 00000000 08:06 394128     /home/gene/.cache/fontconfig/3ecda6abc85ff6f54114f03ae3c1fe72-le32d4.cache-3
67e18000-67e1b000 ---p 00000000 00:00 0 
67e1b000-67e69000 rw-p 00000000 00:00 0          [stack:11456]
67e69000-68fd8000 r-xp 00000000 08:06 1706398    /usr/lib/i386-linux-gnu/libicudata.so.48.1.1
68fd8000-68fd9000 r--p 0116e000 08:06 1706398    /usr/lib/i386-linux-gnu/libicudata.so.48.1.1
68fd9000-68fda000 rw-p 0116f000 08:06 1706398    /usr/lib/i386-linux-gnu/libicudata.so.48.1.1
68fda000-68fdd000 r-xp 00000000 08:06 262501     /lib/i386-linux-gnu/libgpg-error.so.0.8.0
68fdd000-68fde000 r--p 00002000 08:06 262501     /lib/i386-linux-gnu/libgpg-error.so.0.8.0
68fde000-68fdf000 rw-p 00003000 08:06 262501     /lib/i386-linux-gnu/libgpg-error.so.0.8.0
68fdf000-68fe1000 r-xp 00000000 08:06 262512     /lib/i386-linux-gnu/libkeyutils.so.1.4
68fe1000-68fe2000 r--p 00002000 08:06 262512     /lib/i386-linux-gnu/libkeyutils.so.1.4
68fe2000-68fe3000 rw-p 00003000 08:06 262512     /lib/i386-linux-gnu/libkeyutils.so.1.4
68fe3000-69139000 r-xp 00000000 08:06 1706412    /usr/lib/i386-linux-gnu/libicuuc.so.48.1.1
69139000-69143000 r--p 00155000 08:06 1706412    /usr/lib/i386-linux-gnu/libicuuc.so.48.1.1
69143000-69144000 rw-p 0015f000 08:06 1706412    /usr/lib/i386-linux-gnu/libicuuc.so.48.1.1
69144000-69148000 rw-p 00000000 00:00 0 
69148000-6917b000 r-xp 00000000 08:06 1706404    /usr/lib/i386-linux-gnu/libicule.so.48.1.1
6917b000-6917c000 ---p 00033000 08:06 1706404    /usr/lib/i386-linux-gnu/libicule.so.48.1.1
6917c000-6917d000 r--p 00033000 08:06 1706404    /usr/lib/i386-linux-gnu/libicule.so.48.1.1
6917d000-6917e000 rw-p 00034000 08:06 1706404    /usr/lib/i386-linux-gnu/libicule.so.48.1.1
6917e000-691c6000 r-xp 00000000 08:06 262482     /lib/i386-linux-gnu/libdbus-1.so.3.7.2
691c6000-691c7000 r--p 00047000 08:06 262482     /lib/i386-linux-gnu/libdbus-1.so.3.7.2
691c7000-691c8000 rw-p 00048000 08:06 262482     /lib/i386-linux-gnu/libdbus-1.so.3.7.2
691c8000-691da000 r-xp 00000000 08:06 1706541    /usr/lib/i386-linux-gnu/libp11-kit.so.0.0.0
691da000-691db000 r--p 00011000 08:06 1706541    /usr/lib/i386-linux-gnu/libp11-kit.so.0.0.0
691db000-691dc000 rw-p 00012000 08:06 1706541    /usr/lib/i386-linux-gnu/libp11-kit.so.0.0.0
691dc000-691ec000 r-xp 00000000 08:06 1706699    /usr/lib/i386-linux-gnu/libtasn1.so.3.2.0
691ec000-691ed000 r--p 0000f000 08:06 1706699    /usr/lib/i386-linux-gnu/libtasn1.so.3.2.0
691ed000-691ee000 rw-p 00010000 08:06 1706699    /usr/lib/i386-linux-gnu/libtasn1.so.3.2.0
691ee000-6926f000 r-xp 00000000 08:06 262497     /lib/i386-linux-gnu/libgcrypt.so.11.7.0
6926f000-69270000 r--p 00080000 08:06 262497     /lib/i386-linux-gnu/libgcrypt.so.11.7.0
69270000-69272000 rw-p 00081000 08:06 262497     /lib/i386-linux-gnu/libgcrypt.so.11.7.0
69272000-69279000 r-xp 00000000 08:06 1706449    /usr/lib/i386-linux-gnu/libkrb5support.so.0.1
69279000-6927a000 r--p 00006000 08:06 1706449    /usr/lib/i386-linux-gnu/libkrb5support.so.0.1
6927a000-6927b000 rw-p 00007000 08:06 1706449    /usr/lib/i386-linux-gnu/libkrb5support.so.0.1
6927b000-6927e000 r-xp 00000000 08:06 262477     /lib/i386-linux-gnu/libcom_err.so.2.1
6927e000-6927f000 r--p 00002000 08:06 262477     /lib/i386-linux-gnu/libcom_err.so.2.1
6927f000-69280000 rw-p 00003000 08:06 262477     /lib/i386-linux-gnu/libcom_err.so.2.1
69280000-692a6000 r-xp 00000000 08:06 1706443    /usr/lib/i386-linux-gnu/libk5crypto.so.3.1
692a6000-692a7000 r--p 00026000 08:06 1706443    /usr/lib/i386-linux-gnu/libk5crypto.so.3.1
692a7000-692a8000 rw-p 00027000 08:06 1706443    /usr/lib/i386-linux-gnu/libk5crypto.so.3.1
692a8000-6936f000 r-xp 00000000 08:06 1706447    /usr/lib/i386-linux-gnu/libkrb5.so.3.3
6936f000-69375000 r--p 000c6000 08:06 1706447    /usr/lib/i386-linux-gnu/libkrb5.so.3.3
69375000-69376000 rw-p 000cc000 08:06 1706447    /usr/lib/i386-linux-gnu/libkrb5.so.3.3
69376000-6940e000 r-xp 00000000 08:06 1706380    /usr/lib/i386-linux-gnu/libharfbuzz.so.0.913.0
6940e000-6940f000 ---p 00098000 08:06 1706380    /usr/lib/i386-linux-gnu/libharfbuzz.so.0.913.0
6940f000-69410000 r--p 00098000 08:06 1706380    /usr/lib/i386-linux-gnu/libharfbuzz.so.0.913.0
69410000-69411000 rw-p 00099000 08:06 1706380    /usr/lib/i386-linux-gnu/libharfbuzz.so.0.913.0
69411000-69419000 r-xp 00000000 08:06 1706787    /usr/lib/i386-linux-gnu/libxcb-render.so.0.0.0
69419000-6941a000 r--p 00008000 08:06 1706787    /usr/lib/i386-linux-gnu/libxcb-render.so.0.0.0
6941a000-6941b000 rw-p 00009000 08:06 1706787    /usr/lib/i386-linux-gnu/libxcb-render.so.0.0.0
6941b000-6941d000 r-xp 00000000 08:06 1706791    /usr/lib/i386-linux-gnu/libxcb-shm.so.0.0.0
6941d000-6941e000 r--p 00001000 08:06 1706791    /usr/lib/i386-linux-gnu/libxcb-shm.so.0.0.0
6941e000-6941f000 rw-p 00002000 08:06 1706791    /usr/lib/i386-linux-gnu/libxcb-shm.so.0.0.0
6941f000-69446000 r-xp 00000000 08:06 262578     /lib/i386-linux-gnu/libpng12.so.0.49.0
69446000-69447000 r--p 00026000 08:06 262578     /lib/i386-linux-gnu/libpng12.so.0.49.0
69447000-69448000 rw-p 00027000 08:06 262578     /lib/i386-linux-gnu/libpng12.so.0.49.0
69448000-694dc000 r-xp 00000000 08:06 1706571    /usr/lib/i386-linux-gnu/libpixman-1.so.0.28.2
694dc000-694e1000 r--p 00093000 08:06 1706571    /usr/lib/i386-linux-gnu/libpixman-1.so.0.28.2
694e1000-694e2000 rw-p 00098000 08:06 1706571    /usr/lib/i386-linux-gnu/libpixman-1.so.0.28.2
694e2000-694e7000 r-xp 00000000 08:06 1705898    /usr/lib/i386-linux-gnu/libXdmcp.so.6.0.0
694e7000-694e8000 r--p 00004000 08:06 1705898    /usr/lib/i386-linux-gnu/libXdmcp.so.6.0.0
694e8000-694e9000 rw-p 00005000 08:06 1705898    /usr/lib/i386-linux-gnu/libXdmcp.so.6.0.0
694e9000-694eb000 r-xp 00000000 08:06 1705887    /usr/lib/i386-linux-gnu/libXau.so.6.0.0
694eb000-694ec000 r--p 00001000 08:06 1705887    /usr/lib/i386-linux-gnu/libXau.so.6.0.0
694ec000-694ed000 rw-p 00002000 08:06 1705887    /usr/lib/i386-linux-gnu/libXau.so.6.0.0
694ed000-694fd000 r-xp 00000000 08:06 1705977    /usr/lib/i386-linux-gnu/libavahi-client.so.3.2.9
694fd000-694fe000 r--p 0000f000 08:06 1705977    /usr/lib/i386-linux-gnu/libavahi-client.so.3.2.9
694fe000-694ff000 rw-p 00010000 08:06 1705977    /usr/lib/i386-linux-gnu/libavahi-client.so.3.2.9
694ff000-6950b000 r-xp 00000000 08:06 1705979    /usr/lib/i386-linux-gnu/libavahi-common.so.3.5.3
6950b000-6950c000 r--p 0000b000 08:06 1705979    /usr/lib/i386-linux-gnu/libavahi-common.so.3.5.3
6950c000-6950d000 rw-p 0000c000 08:06 1705979    /usr/lib/i386-linux-gnu/libavahi-common.so.3.5.3
6950d000-695cd000 r-xp 00000000 08:06 1706251    /usr/lib/i386-linux-gnu/libgnutls.so.26.22.6
695cd000-695d1000 r--p 000bf000 08:06 1706251    /usr/lib/i386-linux-gnu/libgnutls.so.26.22.6
695d1000-695d2000 rw-p 000c3000 08:06 1706251    /usr/lib/i386-linux-gnu/libgnutls.so.26.22.6
695d2000-6960d000 r-xp 00000000 08:06 1706276    /usr/lib/i386-linux-gnu/libgssapi_krb5.so.2.2
6960d000-6960e000 r--p 0003a000 08:06 1706276    /usr/lib/i386-linux-gnu/libgssapi_krb5.so.2.2
6960e000-6960f000 rw-p 0003b000 08:06 1706276    /usr/lib/i386-linux-gnu/libgssapi_krb5.so.2.2
6960f000-6964e000 r-xp 00000000 08:06 262566     /lib/i386-linux-gnu/libpcre.so.3.13.1
6964e000-6964f000 r--p 0003f000 08:06 262566     /lib/i386-linux-gnu/libpcre.so.3.13.1
6964f000-69650000 rw-p 00040000 08:06 262566     /lib/i386-linux-gnu/libpcre.so.3.13.1
69650000-69655000 r-xp 00000000 08:06 1706141    /usr/lib/i386-linux-gnu/libffi.so.6.0.1
69655000-69656000 r--p 00005000 08:06 1706141    /usr/lib/i386-linux-gnu/libffi.so.6.0.1
69656000-69657000 rw-p 00006000 08:06 1706141    /usr/lib/i386-linux-gnu/libffi.so.6.0.1
69657000-6967c000 r-xp 00000000 08:06 262490     /lib/i386-linux-gnu/libexpat.so.1.6.0
6967c000-6967e000 r--p 00025000 08:06 262490     /lib/i386-linux-gnu/libexpat.so.1.6.0
6967e000-6967f000 rw-p 00027000 08:06 262490     /lib/i386-linux-gnu/libexpat.so.1.6.0
6967f000-69715000 r-xp 00000000 08:06 1706179    /usr/lib/i386-linux-gnu/libfreetype.so.6.10.0
69715000-69719000 r--p 00095000 08:06 1706179    /usr/lib/i386-linux-gnu/libfreetype.so.6.10.0
69719000-6971a000 rw-p 00099000 08:06 1706179    /usr/lib/i386-linux-gnu/libfreetype.so.6.10.0
6971a000-6972d000 r-xp 00000000 08:06 262589     /lib/i386-linux-gnu/libresolv-2.17.so
6972d000-6972e000 r--p 00013000 08:06 262589     /lib/i386-linux-gnu/libresolv-2.17.so
6972e000-6972f000 rw-p 00014000 08:06 262589     /lib/i386-linux-gnu/libresolv-2.17.so
6972f000-69731000 rw-p 00000000 00:00 0 
69731000-6974e000 r-xp 00000000 08:06 262593     /lib/i386-linux-gnu/libselinux.so.1
6974e000-6974f000 r--p 0001c000 08:06 262593     /lib/i386-linux-gnu/libselinux.so.1
6974f000-69750000 rw-p 0001d000 08:06 262593     /lib/i386-linux-gnu/libselinux.so.1
69750000-69752000 r-xp 00000000 08:06 1705896    /usr/lib/i386-linux-gnu/libXdamage.so.1.1.0
69752000-69753000 r--p 00001000 08:06 1705896    /usr/lib/i386-linux-gnu/libXdamage.so.1.1.0
69753000-69754000 rw-p 00002000 08:06 1705896    /usr/lib/i386-linux-gnu/libXdamage.so.1.1.0
69754000-69756000 r-xp 00000000 08:06 1705892    /usr/lib/i386-linux-gnu/libXcomposite.so.1.0.0
69756000-69757000 r--p 00001000 08:06 1705892    /usr/lib/i386-linux-gnu/libXcomposite.so.1.0.0
69757000-69758000 rw-p 00002000 08:06 1705892    /usr/lib/i386-linux-gnu/libXcomposite.so.1.0.0
69758000-69761000 r-xp 00000000 08:06 1705894    /usr/lib/i386-linux-gnu/libXcursor.so.1.0.2
69761000-69762000 r--p 00008000 08:06 1705894    /usr/lib/i386-linux-gnu/libXcursor.so.1.0.2
69762000-69763000 rw-p 00009000 08:06 1705894    /usr/lib/i386-linux-gnu/libXcursor.so.1.0.2
69763000-6976c000 r-xp 00000000 08:06 1705918    /usr/lib/i386-linux-gnu/libXrandr.so.2.2.0
6976c000-6976d000 r--p 00008000 08:06 1705918    /usr/lib/i386-linux-gnu/libXrandr.so.2.2.0
6976d000-6976e000 rw-p 00009000 08:06 1705918    /usr/lib/i386-linux-gnu/libXrandr.so.2.2.0
6976e000-69780000 r-xp 00000000 08:06 1706553    /usr/lib/i386-linux-gnu/libpangoft2-1.0.so.0.3200.5
69780000-69781000 r--p 00011000 08:06 1706553    /usr/lib/i386-linux-gnu/libpangoft2-1.0.so.0.3200.5
69781000-69782000 rw-p 00012000 08:06 1706553    /usr/lib/i386-linux-gnu/libpangoft2-1.0.so.0.3200.5
69782000-69895000 r-xp 00000000 08:06 1706005    /usr/lib/i386-linux-gnu/libcairo.so.2.11200.14
69895000-69897000 r--p 00113000 08:06 1706005    /usr/lib/i386-linux-gnu/libcairo.so.2.11200.14
69897000-69898000 rw-p 00115000 08:06 1706005    /usr/lib/i386-linux-gnu/libcairo.so.2.11200.14
69898000-69899000 rw-p 00000000 00:00 0 
69899000-698b7000 r-xp 00000000 08:06 1705967    /usr/lib/i386-linux-gnu/libatk-1.0.so.0.20809.1
698b7000-698b9000 r--p 0001d000 08:06 1705967    /usr/lib/i386-linux-gnu/libatk-1.0.so.0.20809.1
698b9000-698ba000 rw-p 0001f000 08:06 1705967    /usr/lib/i386-linux-gnu/libatk-1.0.so.0.20809.1
698ba000-698bf000 r-xp 00000000 08:06 1705902    /usr/lib/i386-linux-gnu/libXfixes.so.3.1.0
698bf000-698c0000 r--p 00004000 08:06 1705902    /usr/lib/i386-linux-gnu/libXfixes.so.3.1.0
698c0000-698c1000 rw-p 00005000 08:06 1705902    /usr/lib/i386-linux-gnu/libXfixes.so.3.1.0
698c1000-698e1000 r-xp 00000000 08:06 1720908    /usr/lib/i386-linux-gnu/libxcb.so.1.1.0
698e1000-698e2000 r--p 0001f000 08:06 1720908    /usr/lib/i386-linux-gnu/libxcb.so.1.1.0
698e2000-698e3000 rw-p 00020000 08:06 1720908    /usr/lib/i386-linux-gnu/libxcb.so.1.1.0
698e3000-6993d000 r-xp 00000000 08:06 1706064    /usr/lib/i386-linux-gnu/libcups.so.2
6993d000-6993e000 ---p 0005a000 08:06 1706064    /usr/lib/i386-linux-gnu/libcups.so.2
6993e000-69941000 r--p 0005a000 08:06 1706064    /usr/lib/i386-linux-gnu/libcups.so.2
69941000-69942000 rw-p 0005d000 08:06 1706064    /usr/lib/i386-linux-gnu/libcups.so.2
69942000-69a41000 r-xp 00000000 08:06 262499     /lib/i386-linux-gnu/libglib-2.0.so.0.3600.0
69a41000-69a42000 r--p 000fe000 08:06 262499     /lib/i386-linux-gnu/libglib-2.0.so.0.3600.0
69a42000-69a43000 rw-p 000ff000 08:06 262499     /lib/i386-linux-gnu/libglib-2.0.so.0.3600.0
69a43000-69a91000 r-xp 00000000 08:06 1706257    /usr/lib/i386-linux-gnu/libgobject-2.0.so.0.3600.0
69a91000-69a92000 r--p 0004d000 08:06 1706257    /usr/lib/i386-linux-gnu/libgobject-2.0.so.0.3600.0
69a92000-69a93000 rw-p 0004e000 08:06 1706257    /usr/lib/i386-linux-gnu/libgobject-2.0.so.0.3600.0
69a93000-69aca000 r-xp 00000000 08:06 1706167    /usr/lib/i386-linux-gnu/libfontconfig.so.1.6.2
69aca000-69acb000 r--p 00036000 08:06 1706167    /usr/lib/i386-linux-gnu/libfontconfig.so.1.6.2
69acb000-69acc000 rw-p 00037000 08:06 1706167    /usr/lib/i386-linux-gnu/libfontconfig.so.1.6.2
69acc000-69b15000 r-xp 00000000 08:06 1706549    /usr/lib/i386-linux-gnu/libpango-1.0.so.0.3200.5
69b15000-69b16000 r--p 00049000 08:06 1706549    /usr/lib/i386-linux-gnu/libpango-1.0.so.0.3200.5
69b16000-69b17000 rw-p 0004a000 08:06 1706549    /usr/lib/i386-linux-gnu/libpango-1.0.so.0.3200.5
69b17000-69b37000 r-xp 00000000 08:06 1706208    /usr/lib/i386-linux-gnu/libgdk_pixbuf-2.0.so.0.2800.0
69b37000-69b38000 ---p 00020000 08:06 1706208    /usr/lib/i386-linux-gnu/libgdk_pixbuf-2.0.so.0.2800.0
69b38000-69b39000 r--p 00020000 08:06 1706208    /usr/lib/i386-linux-gnu/libgdk_pixbuf-2.0.so.0.2800.0
69b39000-69b3a000 rw-p 00021000 08:06 1706208    /usr/lib/i386-linux-gnu/libgdk_pixbuf-2.0.so.0.2800.0
69b3a000-69c9a000 r-xp 00000000 08:06 1706227    /usr/lib/i386-linux-gnu/libgio-2.0.so.0.3600.0
69c9a000-69c9c000 r--p 00160000 08:06 1706227    /usr/lib/i386-linux-gnu/libgio-2.0.so.0.3600.0
69c9c000-69c9d000 rw-p 00162000 08:06 1706227    /usr/lib/i386-linux-gnu/libgio-2.0.so.0.3600.0
69c9d000-69c9e000 rw-p 00000000 00:00 0 
69c9e000-69d49000 r-xp 00000000 08:06 1706206    /usr/lib/i386-linux-gnu/libgdk-x11-2.0.so.0.2400.17
69d49000-69d4b000 r--p 000ab000 08:06 1706206    /usr/lib/i386-linux-gnu/libgdk-x11-2.0.so.0.2400.17
69d4b000-69d4c000 rw-p 000ad000 08:06 1706206    /usr/lib/i386-linux-gnu/libgdk-x11-2.0.so.0.2400.17
69d4c000-6a1ad000 r-xp 00000000 08:06 1706364    /usr/lib/i386-linux-gnu/libgtk-x11-2.0.so.0.2400.17
6a1ad000-6a1b1000 r--p 00461000 08:06 1706364    /usr/lib/i386-linux-gnu/libgtk-x11-2.0.so.0.2400.17
6a1b1000-6a1b3000 rw-p 00465000 08:06 1706364    /usr/lib/i386-linux-gnu/libgtk-x11-2.0.so.0.2400.17
6a1b3000-6a1b5000 rw-p 00000000 00:00 0 
6a1b5000-6a2e8000 r-xp 00000000 08:06 1706796    /usr/lib/i386-linux-gnu/libX11.so.6.3.0
6a2e8000-6a2e9000 r--p 00132000 08:06 1706796    /usr/lib/i386-linux-gnu/libX11.so.6.3.0
6a2e9000-6a2ec000 rw-p 00133000 08:06 1706796    /usr/lib/i386-linux-gnu/libX11.so.6.3.0
6a2ec000-6a33e000 r-xp 00000000 08:06 1708686    /usr/lib/jvm/java-7-openjdk-i386/jre/lib/i386/xawt/libmawt.so
6a33e000-6a33f000 r--p 00051000 08:06 1708686    /usr/lib/jvm/java-7-openjdk-i386/jre/lib/i386/xawt/libmawt.so
6a33f000-6a341000 rw-p 00052000 08:06 1708686    /usr/lib/jvm/java-7-openjdk-i386/jre/lib/i386/xawt/libmawt.so
6a341000-6a342000 rw-p 00000000 00:00 0 
6a342000-6a3d4000 r-xp 00000000 08:06 1708643    /usr/lib/jvm/java-7-openjdk-i386/jre/lib/i386/libawt.so
6a3d4000-6a3d5000 r--p 00091000 08:06 1708643    /usr/lib/jvm/java-7-openjdk-i386/jre/lib/i386/libawt.so
6a3d5000-6a3dc000 rw-p 00092000 08:06 1708643    /usr/lib/jvm/java-7-openjdk-i386/jre/lib/i386/libawt.so
6a3dc000-6a400000 rw-p 00000000 00:00 0 
6a400000-6a4fb000 rw-p 00000000 00:00 0 
6a4fb000-6a500000 ---p 00000000 00:00 0 
6a500000-6a501000 r--s 00000000 08:06 936119     /var/cache/fontconfig/4b14b093aebc79c320de5e86ae1d3314-le32d4.cache-3
6a501000-6a503000 r--s 00000000 08:06 938726     /var/cache/fontconfig/65f976e5259cbe6dc7697b8648396239-le32d4.cache-3
6a503000-6a50e000 r-xp 00000000 08:06 1706551    /usr/lib/i386-linux-gnu/libpangocairo-1.0.so.0.3200.5
6a50e000-6a50f000 r--p 0000a000 08:06 1706551    /usr/lib/i386-linux-gnu/libpangocairo-1.0.so.0.3200.5
6a50f000-6a510000 rw-p 0000b000 08:06 1706551    /usr/lib/i386-linux-gnu/libpangocairo-1.0.so.0.3200.5
6a510000-6a513000 r-xp 00000000 08:06 1706237    /usr/lib/i386-linux-gnu/libgmodule-2.0.so.0.3600.0
6a513000-6a514000 r--p 00002000 08:06 1706237    /usr/lib/i386-linux-gnu/libgmodule-2.0.so.0.3600.0
6a514000-6a515000 rw-p 00003000 08:06 1706237    /usr/lib/i386-linux-gnu/libgmodule-2.0.so.0.3600.0
6a515000-6a523000 r-xp 00000000 08:06 1705906    /usr/lib/i386-linux-gnu/libXi.so.6.1.0
6a523000-6a524000 r--p 0000d000 08:06 1705906    /usr/lib/i386-linux-gnu/libXi.so.6.1.0
6a524000-6a525000 rw-p 0000e000 08:06 1705906    /usr/lib/i386-linux-gnu/libXi.so.6.1.0
6a525000-6a52a000 r-xp 00000000 08:06 1705926    /usr/lib/i386-linux-gnu/libXtst.so.6.1.0
6a52a000-6a52b000 r--p 00004000 08:06 1705926    /usr/lib/i386-linux-gnu/libXtst.so.6.1.0
6a52b000-6a52c000 rw-p 00005000 08:06 1705926    /usr/lib/i386-linux-gnu/libXtst.so.6.1.0
6a52c000-6a52d000 ---p 00000000 00:00 0 
6a52d000-6a5ad000 rw-p 00000000 00:00 0          [stack:11455]
6a5ad000-6a5b0000 ---p 00000000 00:00 0 
6a5b0000-6a5fe000 rw-p 00000000 00:00 0          [stack:11454]
6a5fe000-6a601000 ---p 00000000 00:00 0 
6a601000-6a67f000 rw-p 00000000 00:00 0          [stack:11453]
6a67f000-6a682000 ---p 00000000 00:00 0 
6a682000-6a700000 rw-p 00000000 00:00 0          [stack:11452]
6a700000-6a900000 r--p 00000000 08:06 1709808    /usr/lib/locale/locale-archive
6a900000-6aa00000 rw-p 00000000 00:00 0 
6aa00000-6aaff000 rw-p 00000000 00:00 0 
6aaff000-6ab00000 ---p 00000000 00:00 0 
6ab00000-6abfc000 rw-p 00000000 00:00 0 
6abfc000-6ac00000 ---p 00000000 00:00 0 
6ac00000-6ac01000 r--s 00000000 08:06 938725     /var/cache/fontconfig/94f7fe9bd33aadfac165873bd010d595-le32d4.cache-3
6ac01000-6ac03000 r--s 00000000 08:06 936655     /var/cache/fontconfig/67709b7835c0f764c1135060c9575660-le32d4.cache-3
6ac03000-6ac13000 r-xp 00000000 08:06 1705900    /usr/lib/i386-linux-gnu/libXext.so.6.4.0
6ac13000-6ac14000 r--p 0000f000 08:06 1705900    /usr/lib/i386-linux-gnu/libXext.so.6.4.0
6ac14000-6ac15000 rw-p 00010000 08:06 1705900    /usr/lib/i386-linux-gnu/libXext.so.6.4.0
6ac15000-6ac16000 r--s 00000000 08:06 938724     /var/cache/fontconfig/423767150eb258c59035de29db6fca84-le32d4.cache-3
6ac16000-6ac2c000 r-xp 00000000 08:06 1708664    /usr/lib/jvm/java-7-openjdk-i386/jre/lib/i386/libnet.so
6ac2c000-6ac2d000 r--p 00015000 08:06 1708664    /usr/lib/jvm/java-7-openjdk-i386/jre/lib/i386/libnet.so
6ac2d000-6ac2e000 rw-p 00016000 08:06 1708664    /usr/lib/jvm/java-7-openjdk-i386/jre/lib/i386/libnet.so
6ac2e000-6ac31000 ---p 00000000 00:00 0 
6ac31000-6ac7f000 rw-p 00000000 00:00 0          [stack:11451]
6ac7f000-6ac80000 ---p 00000000 00:00 0 
6ac80000-6ad00000 rw-p 00000000 00:00 0          [stack:11448]
6ad00000-6adff000 rw-p 00000000 00:00 0 
6adff000-6ae00000 ---p 00000000 00:00 0 
6ae00000-6ae02000 r-xp 00000000 08:06 1705908    /usr/lib/i386-linux-gnu/libXinerama.so.1.0.0
6ae02000-6ae03000 r--p 00001000 08:06 1705908    /usr/lib/i386-linux-gnu/libXinerama.so.1.0.0
6ae03000-6ae04000 rw-p 00002000 08:06 1705908    /usr/lib/i386-linux-gnu/libXinerama.so.1.0.0
6ae04000-6ae0c000 r-xp 00000000 08:06 1705920    /usr/lib/i386-linux-gnu/libXrender.so.1.3.0
6ae0c000-6ae0d000 r--p 00007000 08:06 1705920    /usr/lib/i386-linux-gnu/libXrender.so.1.3.0
6ae0d000-6ae0e000 rw-p 00008000 08:06 1705920    /usr/lib/i386-linux-gnu/libXrender.so.1.3.0
6ae0e000-6ae19000 r--s 001fb000 08:06 1708529    /usr/lib/jvm/java-7-openjdk-common/jre/lib/charsets.jar
6ae19000-6ae22000 r--s 000bc000 08:06 1708538    /usr/lib/jvm/java-7-openjdk-common/jre/lib/resources.jar
6ae22000-6ae35000 r--s 00179000 08:06 1724490    /home/gene/Downloads/ll/vlcj-2.4.1/vlcj-2.4.1-javadoc.jar
6ae35000-6afe2000 r--s 01cde000 08:06 1708621    /usr/lib/jvm/java-7-openjdk-i386/jre/lib/rt.jar
6afe2000-6dd00000 rw-p 00000000 00:00 0 
6dd00000-6ddfe000 rw-p 00000000 00:00 0 
6ddfe000-6de00000 ---p 00000000 00:00 0 
6de00000-6de0b000 r--s 001fb000 08:06 1708529    /usr/lib/jvm/java-7-openjdk-common/jre/lib/charsets.jar
6de0b000-6de15000 r--s 00053000 08:06 1724519    /home/gene/Downloads/ll/vlcj-2.4.1/vlcj-2.4.1-tests.jar
6de15000-6de24000 r--s 00115000 08:06 1724216    /home/gene/Downloads/ll/vlcj-2.4.1/platform-3.5.2.jar
6de24000-6de2e000 r--s 0004b000 08:06 1724492    /home/gene/Downloads/ll/vlcj-2.4.1/vlcj-2.4.1.jar
6de2e000-6de31000 ---p 00000000 00:00 0 
6de31000-6de7f000 rw-p 00000000 00:00 0          [stack:11450]
6de7f000-6de80000 ---p 00000000 00:00 0 
6de80000-6df00000 rw-p 00000000 00:00 0          [stack:11447]
6df00000-6df21000 rw-p 00000000 00:00 0 
6df21000-6e000000 ---p 00000000 00:00 0 
6e000000-6e021000 rw-p 00000000 00:00 0 
6e021000-6e100000 ---p 00000000 00:00 0 
6e100000-6e107000 r--s 00094000 08:06 1784822    /home/gene/netbeans-7.3.1/java/modules/ext/beansbinding-1.2.1.jar
6e107000-6e116000 r--s 000d3000 08:06 1786959    /home/gene/Downloads/jaudiotagger-2.2.0-20130321.142353-1.jar
6e116000-6e12e000 r--s 001b9000 08:06 1779640    /home/gene/lab/music/playmp3/jmf.jar
6e12e000-6e131000 ---p 00000000 00:00 0 
6e131000-6e17f000 rw-p 00000000 00:00 0          [stack:11449]
6e17f000-6e180000 ---p 00000000 00:00 0 
6e180000-6e200000 rw-p 00000000 00:00 0          [stack:11446]
6e200000-6e243000 rw-p 00000000 00:00 0 
6e243000-6e300000 ---p 00000000 00:00 0 
6e300000-6e301000 r--s 00000000 08:06 938723     /var/cache/fontconfig/406a1d2d2bf3ed7664fbadefac0b2f66-le32d4.cache-3
6e301000-6e302000 r--s 00000000 08:06 936109     /var/cache/fontconfig/0c9eb80ebd1c36541ebe2852d3bb0c49-le32d4.cache-3
6e302000-6e303000 r-xp 00000000 08:06 1706360    /usr/lib/i386-linux-gnu/libgthread-2.0.so.0.3600.0
6e303000-6e304000 r--p 00000000 08:06 1706360    /usr/lib/i386-linux-gnu/libgthread-2.0.so.0.3600.0
6e304000-6e305000 rw-p 00001000 08:06 1706360    /usr/lib/i386-linux-gnu/libgthread-2.0.so.0.3600.0
6e305000-6e308000 r--s 000a6000 08:06 1724183    /home/gene/Downloads/ll/vlcj-2.4.1/jna-3.5.2.jar
6e308000-6e30b000 r--s 00027000 08:06 1798650    /home/gene/Downloads/rs2xml.jar
6e30b000-6e353000 rw-p 00000000 00:00 0 
6e353000-6e354000 ---p 00000000 00:00 0 
6e354000-6e3d4000 rw-p 00000000 00:00 0          [stack:11445]
6e3d4000-6e3d5000 ---p 00000000 00:00 0 
6e3d5000-6e45d000 rw-p 00000000 00:00 0          [stack:11444]
6e45d000-6e495000 rw-p 00000000 00:00 0 
6e495000-6e4aa000 rw-p 00000000 00:00 0 
6e4aa000-6e5d9000 rw-p 00000000 00:00 0 
6e5d9000-6e5e1000 rw-p 00000000 00:00 0 
6e5e1000-6e619000 rw-p 00000000 00:00 0 
6e619000-6e62e000 rw-p 00000000 00:00 0 
6e62e000-6e75d000 rw-p 00000000 00:00 0 
6e75d000-6e768000 rw-p 00000000 00:00 0 
6e768000-6e76f000 ---p 00000000 00:00 0 
6e76f000-6e7ff000 rw-p 00000000 00:00 0 
6e7ff000-6f800000 rw-p 00000000 00:00 0 
6f800000-76800000 rw-p 00000000 00:00 0 
76800000-79080000 rw-p 00000000 00:00 0 
79080000-9f000000 rw-p 00000000 00:00 0 
9f000000-a0430000 rw-p 00000000 00:00 0 
a0430000-a1360000 ---p 00000000 00:00 0 
a1360000-b3400000 rw-p 00000000 00:00 0 
b3400000-b3401000 r--s 00000000 08:06 936124     /var/cache/fontconfig/62f91419b9ebdb6975e7e41ab6412357-le32d4.cache-3
b3401000-b3402000 r--s 00000000 08:06 938994     /var/cache/fontconfig/e0aa53bcfa504e64f87823c16bc01eb6-le32d4.cache-3
b3402000-b3404000 r--s 00380000 08:06 1795454    /home/gene/Downloads/sqlite-jdbc-3.7.15-M1.jar
b3404000-b3405000 r--s 00014000 08:06 1795668    /home/gene/lab/music/playmp3/mp3plugin.jar
b3405000-b340e000 rw-p 00000000 00:00 0 
b340e000-b34c5000 rw-p 00000000 00:00 0 
b34c5000-b3705000 rwxp 00000000 00:00 0 
b3705000-b64c5000 rw-p 00000000 00:00 0 
b64c5000-b64d0000 r-xp 00000000 08:06 262543     /lib/i386-linux-gnu/libnss_files-2.17.so
b64d0000-b64d1000 r--p 0000a000 08:06 262543     /lib/i386-linux-gnu/libnss_files-2.17.so
b64d1000-b64d2000 rw-p 0000b000 08:06 262543     /lib/i386-linux-gnu/libnss_files-2.17.so
b64d2000-b64dc000 r-xp 00000000 08:06 262548     /lib/i386-linux-gnu/libnss_nis-2.17.so
b64dc000-b64dd000 r--p 00009000 08:06 262548     /lib/i386-linux-gnu/libnss_nis-2.17.so
b64dd000-b64de000 rw-p 0000a000 08:06 262548     /lib/i386-linux-gnu/libnss_nis-2.17.so
b64de000-b64f3000 r-xp 00000000 08:06 262537     /lib/i386-linux-gnu/libnsl-2.17.so
b64f3000-b64f4000 r--p 00014000 08:06 262537     /lib/i386-linux-gnu/libnsl-2.17.so
b64f4000-b64f5000 rw-p 00015000 08:06 262537     /lib/i386-linux-gnu/libnsl-2.17.so
b64f5000-b64f7000 rw-p 00000000 00:00 0 
b64f7000-b64fe000 r-xp 00000000 08:06 262539     /lib/i386-linux-gnu/libnss_compat-2.17.so
b64fe000-b64ff000 r--p 00006000 08:06 262539     /lib/i386-linux-gnu/libnss_compat-2.17.so
b64ff000-b6500000 rw-p 00007000 08:06 262539     /lib/i386-linux-gnu/libnss_compat-2.17.so
b6500000-b65fc000 rw-p 00000000 00:00 0 
b65fc000-b6600000 ---p 00000000 00:00 0 
b6600000-b6602000 r--s 00006000 08:06 137009     /usr/share/java/java-atk-wrapper.jar
b6602000-b6603000 r--s 00002000 08:06 1708545    /usr/lib/jvm/java-7-openjdk-common/jre/lib/ext/dnsns.jar
b6603000-b6606000 r--s 0000f000 08:06 1708547    /usr/lib/jvm/java-7-openjdk-common/jre/lib/ext/pulse-java.jar
b6606000-b660a000 r--s 00085000 08:06 1708546    /usr/lib/jvm/java-7-openjdk-common/jre/lib/ext/localedata.jar
b660a000-b660c000 r--s 00012000 08:06 1708550    /usr/lib/jvm/java-7-openjdk-common/jre/lib/ext/zipfs.jar
b660c000-b660f000 r--s 00032000 08:06 1708548    /usr/lib/jvm/java-7-openjdk-common/jre/lib/ext/sunjce_provider.jar
b660f000-b6612000 r--s 0003c000 08:06 1708549    /usr/lib/jvm/java-7-openjdk-common/jre/lib/ext/sunpkcs11.jar
b6612000-b6613000 r--p 005db000 08:06 1709808    /usr/lib/locale/locale-archive
b6613000-b661b000 r-xp 00000000 08:06 1708674    /usr/lib/jvm/java-7-openjdk-i386/jre/lib/i386/libzip.so
b661b000-b661c000 r--p 00007000 08:06 1708674    /usr/lib/jvm/java-7-openjdk-i386/jre/lib/i386/libzip.so
b661c000-b661d000 rw-p 00008000 08:06 1708674    /usr/lib/jvm/java-7-openjdk-i386/jre/lib/i386/libzip.so
b661d000-b6644000 r-xp 00000000 08:06 1708652    /usr/lib/jvm/java-7-openjdk-i386/jre/lib/i386/libjava.so
b6644000-b6645000 r--p 00026000 08:06 1708652    /usr/lib/jvm/java-7-openjdk-i386/jre/lib/i386/libjava.so
b6645000-b6646000 rw-p 00027000 08:06 1708652    /usr/lib/jvm/java-7-openjdk-i386/jre/lib/i386/libjava.so
b6646000-b664d000 r-xp 00000000 08:06 262591     /lib/i386-linux-gnu/librt-2.17.so
b664d000-b664e000 r--p 00006000 08:06 262591     /lib/i386-linux-gnu/librt-2.17.so
b664e000-b664f000 rw-p 00007000 08:06 262591     /lib/i386-linux-gnu/librt-2.17.so
b664f000-b6652000 ---p 00000000 00:00 0 
b6652000-b66a0000 rw-p 00000000 00:00 0          [stack:11443]
b66a0000-b66bb000 r-xp 00000000 08:06 262495     /lib/i386-linux-gnu/libgcc_s.so.1
b66bb000-b66bc000 r--p 0001a000 08:06 262495     /lib/i386-linux-gnu/libgcc_s.so.1
b66bc000-b66bd000 rw-p 0001b000 08:06 262495     /lib/i386-linux-gnu/libgcc_s.so.1
b66bd000-b66fe000 r-xp 00000000 08:06 262518     /lib/i386-linux-gnu/libm-2.17.so
b66fe000-b66ff000 r--p 00040000 08:06 262518     /lib/i386-linux-gnu/libm-2.17.so
b66ff000-b6700000 rw-p 00041000 08:06 262518     /lib/i386-linux-gnu/libm-2.17.so
b6700000-b67dc000 r-xp 00000000 08:06 1706691    /usr/lib/i386-linux-gnu/libstdc++.so.6.0.17
b67dc000-b67dd000 ---p 000dc000 08:06 1706691    /usr/lib/i386-linux-gnu/libstdc++.so.6.0.17
b67dd000-b67e1000 r--p 000dc000 08:06 1706691    /usr/lib/i386-linux-gnu/libstdc++.so.6.0.17
b67e1000-b67e2000 rw-p 000e0000 08:06 1706691    /usr/lib/i386-linux-gnu/libstdc++.so.6.0.17
b67e2000-b67e9000 rw-p 00000000 00:00 0 
b67e9000-b70de000 r-xp 00000000 08:06 1708685    /usr/lib/jvm/java-7-openjdk-i386/jre/lib/i386/server/libjvm.so
b70de000-b7125000 r--p 008f4000 08:06 1708685    /usr/lib/jvm/java-7-openjdk-i386/jre/lib/i386/server/libjvm.so
b7125000-b7139000 rw-p 0093b000 08:06 1708685    /usr/lib/jvm/java-7-openjdk-i386/jre/lib/i386/server/libjvm.so
b7139000-b7557000 rw-p 00000000 00:00 0 
b7557000-b756e000 r-xp 00000000 08:06 262624     /lib/i386-linux-gnu/libz.so.1.2.7
b756e000-b756f000 r--p 00016000 08:06 262624     /lib/i386-linux-gnu/libz.so.1.2.7
b756f000-b7570000 rw-p 00017000 08:06 262624     /lib/i386-linux-gnu/libz.so.1.2.7
b7570000-b7587000 r-xp 00000000 08:06 262583     /lib/i386-linux-gnu/libpthread-2.17.so
b7587000-b7588000 r--p 00016000 08:06 262583     /lib/i386-linux-gnu/libpthread-2.17.so
b7588000-b7589000 rw-p 00017000 08:06 262583     /lib/i386-linux-gnu/libpthread-2.17.so
b7589000-b758b000 rw-p 00000000 00:00 0 
b758b000-b758e000 r-xp 00000000 08:06 262485     /lib/i386-linux-gnu/libdl-2.17.so
b758e000-b758f000 r--p 00002000 08:06 262485     /lib/i386-linux-gnu/libdl-2.17.so
b758f000-b7590000 rw-p 00003000 08:06 262485     /lib/i386-linux-gnu/libdl-2.17.so
b7590000-b773d000 r-xp 00000000 08:06 262470     /lib/i386-linux-gnu/libc-2.17.so
b773d000-b773f000 r--p 001ad000 08:06 262470     /lib/i386-linux-gnu/libc-2.17.so
b773f000-b7740000 rw-p 001af000 08:06 262470     /lib/i386-linux-gnu/libc-2.17.so
b7740000-b7743000 rw-p 00000000 00:00 0 
b7743000-b774b000 rw-s 00000000 08:06 1441575    /tmp/hsperfdata_gene/11439
b774b000-b774c000 rw-p 00000000 00:00 0 
b774c000-b774d000 r--p 00000000 00:00 0 
b774d000-b775a000 r-xp 00000000 08:06 1708673    /usr/lib/jvm/java-7-openjdk-i386/jre/lib/i386/libverify.so
b775a000-b775b000 r--p 0000d000 08:06 1708673    /usr/lib/jvm/java-7-openjdk-i386/jre/lib/i386/libverify.so
b775b000-b775c000 rw-p 0000e000 08:06 1708673    /usr/lib/jvm/java-7-openjdk-i386/jre/lib/i386/libverify.so
b775c000-b7769000 r-xp 00000000 08:06 1708681    /usr/lib/jvm/java-7-openjdk-i386/jre/lib/i386/jli/libjli.so
b7769000-b776a000 r--p 0000c000 08:06 1708681    /usr/lib/jvm/java-7-openjdk-i386/jre/lib/i386/jli/libjli.so
b776a000-b776b000 rw-p 0000d000 08:06 1708681    /usr/lib/jvm/java-7-openjdk-i386/jre/lib/i386/jli/libjli.so
b776b000-b776e000 rw-p 00000000 00:00 0 
b776e000-b776f000 r-xp 00000000 00:00 0          [vdso]
b776f000-b778f000 r-xp 00000000 08:06 262446     /lib/i386-linux-gnu/ld-2.17.so
b778f000-b7790000 r--p 0001f000 08:06 262446     /lib/i386-linux-gnu/ld-2.17.so
b7790000-b7791000 rw-p 00020000 08:06 262446     /lib/i386-linux-gnu/ld-2.17.so
bfddf000-bfe00000 rw-p 00000000 00:00 0          [stack]

VM Arguments:
jvm_args: -Dfile.encoding=UTF-8 
java_command: musicplayer.Musicplayer
Launcher Type: SUN_STANDARD

Environment Variables:
PATH=/usr/local/sbin:/usr/local/bin:/usr/sbin:/usr/bin:/sbin:/bin:/usr/games:/usr/local/games
USERNAME=gene
LD_LIBRARY_PATH=/usr/lib/jvm/default-java/jre/lib/amd64:/usr/lib/jvm/default-java/jre/lib/i386:
SHELL=/bin/bash
DISPLAY=:0

Signal Handlers:
SIGSEGV: [libjvm.so+0x7598c0], sa_mask[0]=0x7ffbfeff, sa_flags=0x10000004
SIGBUS: [libjvm.so+0x7598c0], sa_mask[0]=0x7ffbfeff, sa_flags=0x10000004
SIGFPE: [libjvm.so+0x5f54f0], sa_mask[0]=0x7ffbfeff, sa_flags=0x10000004
SIGPIPE: [libjvm.so+0x5f54f0], sa_mask[0]=0x7ffbfeff, sa_flags=0x10000004
SIGXFSZ: [libjvm.so+0x5f54f0], sa_mask[0]=0x7ffbfeff, sa_flags=0x10000004
SIGILL: [libjvm.so+0x5f54f0], sa_mask[0]=0x7ffbfeff, sa_flags=0x10000004
SIGUSR1: SIG_DFL, sa_mask[0]=0x00000000, sa_flags=0x00000000
SIGUSR2: [libjvm.so+0x5f53a0], sa_mask[0]=0x00000004, sa_flags=0x10000004
SIGHUP: [libjvm.so+0x5f5930], sa_mask[0]=0x7ffbfeff, sa_flags=0x10000004
SIGINT: SIG_IGN, sa_mask[0]=0x00000000, sa_flags=0x00000000
SIGTERM: [libjvm.so+0x5f5930], sa_mask[0]=0x7ffbfeff, sa_flags=0x10000004
SIGQUIT: [libjvm.so+0x5f5930], sa_mask[0]=0x7ffbfeff, sa_flags=0x10000004


---------------  S Y S T E M  ---------------

OS:Ubuntu 13.04 (raring)
uname:Linux 3.8.0-19-generic #29-Ubuntu SMP Wed Apr 17 18:19:42 UTC 2013 i686
libc:glibc 2.17 NPTL 2.17 
rlimit: STACK 8192k, CORE 0k, NPROC 30928, NOFILE 4096, AS infinity
load average:0.46 0.40 0.33

/proc/meminfo:
MemTotal:        3975340 kB
MemFree:          334796 kB
Buffers:          660240 kB
Cached:          1825684 kB
SwapCached:            0 kB
Active:          1597568 kB
Inactive:        1903576 kB
Active(anon):     987588 kB
Inactive(anon):   222508 kB
Active(file):     609980 kB
Inactive(file):  1681068 kB
Unevictable:           0 kB
Mlocked:               0 kB
HighTotal:       3125056 kB
HighFree:         264968 kB
LowTotal:         850284 kB
LowFree:           69828 kB
SwapTotal:       2047996 kB
SwapFree:        2047996 kB
Dirty:               240 kB
Writeback:             0 kB
AnonPages:       1015096 kB
Mapped:           146004 kB
Shmem:            194804 kB
Slab:             103572 kB
SReclaimable:      80508 kB
SUnreclaim:        23064 kB
KernelStack:        3680 kB
PageTables:         8400 kB
NFS_Unstable:          0 kB
Bounce:                0 kB
WritebackTmp:          0 kB
CommitLimit:     4035664 kB
Committed_AS:    3056004 kB
VmallocTotal:     122880 kB
VmallocUsed:       20008 kB
VmallocChunk:      89160 kB
HardwareCorrupted:     0 kB
AnonHugePages:         0 kB
HugePages_Total:       0
HugePages_Free:        0
HugePages_Rsvd:        0
HugePages_Surp:        0
Hugepagesize:       2048 kB
DirectMap4k:       10232 kB
DirectMap2M:      903168 kB


CPU:total 4 (2 cores per cpu, 2 threads per core) family 6 model 42 stepping 7, cmov, cx8, fxsr, mmx, sse, sse2, sse3, ssse3, sse4.1, sse4.2, popcnt, avx, ht, tsc, tscinvbit

/proc/cpuinfo:
processor	: 0
vendor_id	: GenuineIntel
cpu family	: 6
model		: 42
model name	: Intel(R) Core(TM) i3-2370M CPU @ 2.40GHz
stepping	: 7
microcode	: 0x25
cpu MHz		: 800.000
cache size	: 3072 KB
physical id	: 0
siblings	: 4
core id		: 0
cpu cores	: 2
apicid		: 0
initial apicid	: 0
fdiv_bug	: no
hlt_bug		: no
f00f_bug	: no
coma_bug	: no
fpu		: yes
fpu_exception	: yes
cpuid level	: 13
wp		: yes
flags		: fpu vme de pse tsc msr pae mce cx8 apic sep mtrr pge mca cmov pat pse36 clflush dts acpi mmx fxsr sse sse2 ss ht tm pbe nx rdtscp lm constant_tsc arch_perfmon pebs bts xtopology nonstop_tsc aperfmperf eagerfpu pni pclmulqdq dtes64 monitor ds_cpl vmx est tm2 ssse3 cx16 xtpr pdcm pcid sse4_1 sse4_2 x2apic popcnt tsc_deadline_timer xsave avx lahf_lm arat epb xsaveopt pln pts dtherm tpr_shadow vnmi flexpriority ept vpid
bogomips	: 4788.77
clflush size	: 64
cache_alignment	: 64
address sizes	: 36 bits physical, 48 bits virtual
power management:

processor	: 1
vendor_id	: GenuineIntel
cpu family	: 6
model		: 42
model name	: Intel(R) Core(TM) i3-2370M CPU @ 2.40GHz
stepping	: 7
microcode	: 0x25
cpu MHz		: 2400.000
cache size	: 3072 KB
physical id	: 0
siblings	: 4
core id		: 0
cpu cores	: 2
apicid		: 1
initial apicid	: 1
fdiv_bug	: no
hlt_bug		: no
f00f_bug	: no
coma_bug	: no
fpu		: yes
fpu_exception	: yes
cpuid level	: 13
wp		: yes
flags		: fpu vme de pse tsc msr pae mce cx8 apic sep mtrr pge mca cmov pat pse36 clflush dts acpi mmx fxsr sse sse2 ss ht tm pbe nx rdtscp lm constant_tsc arch_perfmon pebs bts xtopology nonstop_tsc aperfmperf eagerfpu pni pclmulqdq dtes64 monitor ds_cpl vmx est tm2 ssse3 cx16 xtpr pdcm pcid sse4_1 sse4_2 x2apic popcnt tsc_deadline_timer xsave avx lahf_lm arat epb xsaveopt pln pts dtherm tpr_shadow vnmi flexpriority ept vpid
bogomips	: 4788.77
clflush size	: 64
cache_alignment	: 64
address sizes	: 36 bits physical, 48 bits virtual
power management:

processor	: 2
vendor_id	: GenuineIntel
cpu family	: 6
model		: 42
model name	: Intel(R) Core(TM) i3-2370M CPU @ 2.40GHz
stepping	: 7
microcode	: 0x25
cpu MHz		: 2400.000
cache size	: 3072 KB
physical id	: 0
siblings	: 4
core id		: 1
cpu cores	: 2
apicid		: 2
initial apicid	: 2
fdiv_bug	: no
hlt_bug		: no
f00f_bug	: no
coma_bug	: no
fpu		: yes
fpu_exception	: yes
cpuid level	: 13
wp		: yes
flags		: fpu vme de pse tsc msr pae mce cx8 apic sep mtrr pge mca cmov pat pse36 clflush dts acpi mmx fxsr sse sse2 ss ht tm pbe nx rdtscp lm constant_tsc arch_perfmon pebs bts xtopology nonstop_tsc aperfmperf eagerfpu pni pclmulqdq dtes64 monitor ds_cpl vmx est tm2 ssse3 cx16 xtpr pdcm pcid sse4_1 sse4_2 x2apic popcnt tsc_deadline_timer xsave avx lahf_lm arat epb xsaveopt pln pts dtherm tpr_shadow vnmi flexpriority ept vpid
bogomips	: 4788.77
clflush size	: 64
cache_alignment	: 64
address sizes	: 36 bits physical, 48 bits virtual
power management:

processor	: 3
vendor_id	: GenuineIntel
cpu family	: 6
model		: 42
model name	: Intel(R) Core(TM) i3-2370M CPU @ 2.40GHz
stepping	: 7
microcode	: 0x25
cpu MHz		: 2400.000
cache size	: 3072 KB
physical id	: 0
siblings	: 4
core id		: 1
cpu cores	: 2
apicid		: 3
initial apicid	: 3
fdiv_bug	: no
hlt_bug		: no
f00f_bug	: no
coma_bug	: no
fpu		: yes
fpu_exception	: yes
cpuid level	: 13
wp		: yes
flags		: fpu vme de pse tsc msr pae mce cx8 apic sep mtrr pge mca cmov pat pse36 clflush dts acpi mmx fxsr sse sse2 ss ht tm pbe nx rdtscp lm constant_tsc arch_perfmon pebs bts xtopology nonstop_tsc aperfmperf eagerfpu pni pclmulqdq dtes64 monitor ds_cpl vmx est tm2 ssse3 cx16 xtpr pdcm pcid sse4_1 sse4_2 x2apic popcnt tsc_deadline_timer xsave avx lahf_lm arat epb xsaveopt pln pts dtherm tpr_shadow vnmi flexpriority ept vpid
bogomips	: 4788.77
clflush size	: 64
cache_alignment	: 64
address sizes	: 36 bits physical, 48 bits virtual
power management:



Memory: 4k page, physical 3975340k(334796k free), swap 2047996k(2047996k free)

vm_info: OpenJDK Server VM (23.7-b01) for linux-x86 JRE (1.7.0_21-b02), built on Apr 22 2013 07:41:32 by "buildd" with gcc 4.7.3

time: Thu Oct 31 17:24:08 2013
elapsed time: 13 seconds

