#
# A fatal error has been detected by the Java Runtime Environment:
#
#  SIGSEGV (0xb) at pc=0xb76b4f98, pid=32457, tid=1726585664
#
# JRE version: 7.0_21-b02
# Java VM: OpenJDK Server VM (23.7-b01 mixed mode linux-x86 )
# Problematic frame:
# C  [libc.so.6+0x12ef98]  _IO_file_underflow+0x68
#
# Failed to write core dump. Core dumps have been disabled. To enable core dumping, try "ulimit -c unlimited" before starting Java again
#
# If you would like to submit a bug report, please include
# instructions on how to reproduce the bug and visit:
#   https://bugs.launchpad.net/ubuntu/+source/openjdk-7/
#

---------------  T H R E A D  ---------------

Current thread is native thread

siginfo:si_signo=SIGSEGV: si_errno=0, si_code=1 (SEGV_MAPERR), si_addr=0x00000037

Registers:
EAX=0x67b23000, EBX=0xb7735000, ECX=0xffffffff, EDX=0x00001000
ESP=0x66e96da0, EBP=0x00000001, ESI=0x6e23c0f8, EDI=0x66e99b40
EIP=0xb76b4f98, EFLAGS=0x00210206, CR2=0x00000037

Top of Stack: (sp=0x66e96da0)
0x66e96da0:   6e23c0f8 67b23000 00001000 b7735000
0x66e96db0:   6e23c0f8 b7735000 6e23c0f8 b75f9da9
0x66e96dc0:   6e23c0f8 b75ec57a b7735000 b7735000
0x66e96dd0:   6e23c0f8 66e99b40 6e23c0f8 b75f9bdb
0x66e96de0:   6e23c0f8 ffffffff 63002649 63021000
0x66e96df0:   b75ec5d7 b7735000 6e23c0f8 b75efebc
0x66e96e00:   6e23c0f8 6301822a 00000001 63021000
0x66e96e10:   63021000 6e2ac798 6e237fd0 6300bd8c 

Instructions: (pc=0xb76b4f98)
0xb76b4f78:   4c 89 46 04 29 c2 89 46 0c 89 46 08 89 46 18 89
0xb76b4f88:   46 14 89 46 10 89 54 24 08 89 44 24 04 89 34 24
0xb76b4f98:   ff 51 38 83 f8 00 7e 38 8b 56 40 01 46 08 83 fa
0xb76b4fa8:   ff 74 05 01 d0 89 46 40 8b 46 04 0f b6 00 83 c4 

Register to memory mapping:

EAX=0x67b23000 is an unknown value
EBX=0xb7735000: <offset 0x1af000> in /lib/i386-linux-gnu/libc.so.6 at 0xb7586000
ECX=0xffffffff is an unknown value
EDX=0x00001000 is an unknown value
ESP=0x66e96da0 is an unknown value
EBP=0x00000001 is an unknown value
ESI=0x6e23c0f8 is an unknown value
EDI=0x66e99b40 is an unknown value


Stack: [0x66e19000,0x66e9a000],  sp=0x66e96da0,  free space=503k
Native frames: (J=compiled Java code, j=interpreted, Vv=VM code, C=native code)
C  [libc.so.6+0x12ef98]  _IO_file_underflow+0x68


---------------  P R O C E S S  ---------------

VM state:not at safepoint (normal execution)

VM Mutex/Monitor currently owned by a thread: None

Heap
 PSYoungGen      total 20544K, used 2518K [0x9eff0000, 0xa0aa0000, 0xb33f0000)
  eden space 14528K, 14% used [0x9eff0000,0x9f2038f0,0x9fe20000)
  from space 6016K, 6% used [0x9fe70000,0x9fed21d8,0xa0450000)
  to   space 6400K, 0% used [0xa0460000,0xa0460000,0xa0aa0000)
 ParOldGen       total 41472K, used 8911K [0x767f0000, 0x79070000, 0x9eff0000)
  object space 41472K, 21% used [0x767f0000,0x770a3e50,0x79070000)
 PSPermGen       total 16384K, used 14925K [0x6e7f0000, 0x6f7f0000, 0x767f0000)
  object space 16384K, 91% used [0x6e7f0000,0x6f683618,0x6f7f0000)

Card table byte_map: [0x6e5c9000,0x6e7f0000] byte_map_base: 0x6e255080

Polling page: 0xb7742000

Code Cache  [0xb34b5000, 0xb36f5000, 0xb64b5000)
 total_blobs=757 nmethods=488 adapters=221 free_code_cache=47863Kb largest_free_block=48977984

Compilation events (10 events):
Event: 36.831 Thread 0x6adfe800 nmethod 515 0xb35f4248 code [0xb35f4340, 0xb35f4450]
Event: 36.831 Thread 0x6adfc800 nmethod 516 0xb35f3f88 code [0xb35f4080, 0xb35f4170]
Event: 36.874 Thread 0x6adfe800  517             java.awt.image.SinglePixelPackedSampleModel::<init> (277 bytes)
Event: 36.878 Thread 0x6adfc800  518             java.util.concurrent.locks.AbstractQueuedSynchronizer::compareAndSetWaitStatus (13 bytes)
Event: 36.879 Thread 0x6adfc800 nmethod 518 0xb35fdcc8 code [0xb35fdda0, 0xb35fddf0]
Event: 36.887 Thread 0x6adfe800 nmethod 517 0xb35cdd48 code [0xb35cde80, 0xb35ce3dc]
Event: 36.984 Thread 0x6adfc800  519             javax.swing.GroupLayout::access$600 (6 bytes)
Event: 36.992 Thread 0x6adfc800 nmethod 519 0xb35ff088 code [0xb35ff1a0, 0xb35ff3fc]
Event: 37.180 Thread 0x6adfe800  520             java.awt.Component::isVisible_NoClientCode (5 bytes)
Event: 37.180 Thread 0x6adfe800 nmethod 520 0xb35f5688 code [0xb35f5760, 0xb35f57b0]

GC Heap History (10 events):
Event: 7.336 GC heap before
{Heap before GC invocations=3 (full 0):
 PSYoungGen      total 18112K, used 18107K [0x9eff0000, 0xa0420000, 0xb33f0000)
  eden space 15552K, 100% used [0x9eff0000,0x9ff20000,0x9ff20000)
  from space 2560K, 99% used [0xa01a0000,0xa041edd0,0xa0420000)
  to   space 2560K, 0% used [0x9ff20000,0x9ff20000,0xa01a0000)
 ParOldGen       total 41472K, used 4511K [0x767f0000, 0x79070000, 0x9eff0000)
  object space 41472K, 10% used [0x767f0000,0x76c57eb0,0x79070000)
 PSPermGen       total 16384K, used 14794K [0x6e7f0000, 0x6f7f0000, 0x767f0000)
  object space 16384K, 90% used [0x6e7f0000,0x6f662b80,0x6f7f0000)
Event: 7.344 GC heap after
Heap after GC invocations=3 (full 0):
 PSYoungGen      total 18112K, used 2555K [0x9eff0000, 0xa0420000, 0xb33f0000)
  eden space 15552K, 0% used [0x9eff0000,0x9eff0000,0x9ff20000)
  from space 2560K, 99% used [0x9ff20000,0xa019edd0,0xa01a0000)
  to   space 2560K, 0% used [0xa01a0000,0xa01a0000,0xa0420000)
 ParOldGen       total 41472K, used 5602K [0x767f0000, 0x79070000, 0x9eff0000)
  object space 41472K, 13% used [0x767f0000,0x76d68a50,0x79070000)
 PSPermGen       total 16384K, used 14794K [0x6e7f0000, 0x6f7f0000, 0x767f0000)
  object space 16384K, 90% used [0x6e7f0000,0x6f662b80,0x6f7f0000)
}
Event: 14.821 GC heap before
{Heap before GC invocations=4 (full 0):
 PSYoungGen      total 18112K, used 18107K [0x9eff0000, 0xa0420000, 0xb33f0000)
  eden space 15552K, 100% used [0x9eff0000,0x9ff20000,0x9ff20000)
  from space 2560K, 99% used [0x9ff20000,0xa019edd0,0xa01a0000)
  to   space 2560K, 0% used [0xa01a0000,0xa01a0000,0xa0420000)
 ParOldGen       total 41472K, used 5602K [0x767f0000, 0x79070000, 0x9eff0000)
  object space 41472K, 13% used [0x767f0000,0x76d68a50,0x79070000)
 PSPermGen       total 16384K, used 14854K [0x6e7f0000, 0x6f7f0000, 0x767f0000)
  object space 16384K, 90% used [0x6e7f0000,0x6f6719b0,0x6f7f0000)
Event: 14.836 GC heap after
Heap after GC invocations=4 (full 0):
 PSYoungGen      total 18112K, used 2558K [0x9eff0000, 0xa0420000, 0xb33f0000)
  eden space 15552K, 0% used [0x9eff0000,0x9eff0000,0x9ff20000)
  from space 2560K, 99% used [0xa01a0000,0xa041f840,0xa0420000)
  to   space 2560K, 0% used [0x9ff20000,0x9ff20000,0xa01a0000)
 ParOldGen       total 41472K, used 6161K [0x767f0000, 0x79070000, 0x9eff0000)
  object space 41472K, 14% used [0x767f0000,0x76df46a0,0x79070000)
 PSPermGen       total 16384K, used 14854K [0x6e7f0000, 0x6f7f0000, 0x767f0000)
  object space 16384K, 90% used [0x6e7f0000,0x6f6719b0,0x6f7f0000)
}
Event: 20.300 GC heap before
{Heap before GC invocations=5 (full 0):
 PSYoungGen      total 18112K, used 18110K [0x9eff0000, 0xa0420000, 0xb33f0000)
  eden space 15552K, 100% used [0x9eff0000,0x9ff20000,0x9ff20000)
  from space 2560K, 99% used [0xa01a0000,0xa041f840,0xa0420000)
  to   space 2560K, 0% used [0x9ff20000,0x9ff20000,0xa01a0000)
 ParOldGen       total 41472K, used 6161K [0x767f0000, 0x79070000, 0x9eff0000)
  object space 41472K, 14% used [0x767f0000,0x76df46a0,0x79070000)
 PSPermGen       total 16384K, used 14873K [0x6e7f0000, 0x6f7f0000, 0x767f0000)
  object space 16384K, 90% used [0x6e7f0000,0x6f6766e8,0x6f7f0000)
Event: 20.307 GC heap after
Heap after GC invocations=5 (full 0):
 PSYoungGen      total 17728K, used 2555K [0x9eff0000, 0xa0aa0000, 0xb33f0000)
  eden space 15168K, 0% used [0x9eff0000,0x9eff0000,0x9fec0000)
  from space 2560K, 99% used [0x9ff20000,0xa019edd0,0xa01a0000)
  to   space 6080K, 0% used [0xa04b0000,0xa04b0000,0xa0aa0000)
 ParOldGen       total 41472K, used 6499K [0x767f0000, 0x79070000, 0x9eff0000)
  object space 41472K, 15% used [0x767f0000,0x76e48f68,0x79070000)
 PSPermGen       total 16384K, used 14873K [0x6e7f0000, 0x6f7f0000, 0x767f0000)
  object space 16384K, 90% used [0x6e7f0000,0x6f6766e8,0x6f7f0000)
}
Event: 29.131 GC heap before
{Heap before GC invocations=6 (full 0):
 PSYoungGen      total 17728K, used 17723K [0x9eff0000, 0xa0aa0000, 0xb33f0000)
  eden space 15168K, 100% used [0x9eff0000,0x9fec0000,0x9fec0000)
  from space 2560K, 99% used [0x9ff20000,0xa019edd0,0xa01a0000)
  to   space 6080K, 0% used [0xa04b0000,0xa04b0000,0xa0aa0000)
 ParOldGen       total 41472K, used 6499K [0x767f0000, 0x79070000, 0x9eff0000)
  object space 41472K, 15% used [0x767f0000,0x76e48f68,0x79070000)
 PSPermGen       total 16384K, used 14898K [0x6e7f0000, 0x6f7f0000, 0x767f0000)
  object space 16384K, 90% used [0x6e7f0000,0x6f67ca60,0x6f7f0000)
Event: 29.141 GC heap after
Heap after GC invocations=6 (full 0):
 PSYoungGen      total 20480K, used 2707K [0x9eff0000, 0xa0a30000, 0xb33f0000)
  eden space 14848K, 0% used [0x9eff0000,0x9eff0000,0x9fe70000)
  from space 5632K, 48% used [0xa04b0000,0xa0754ee0,0xa0a30000)
  to   space 6016K, 0% used [0x9fe70000,0x9fe70000,0xa0450000)
 ParOldGen       total 41472K, used 6499K [0x767f0000, 0x79070000, 0x9eff0000)
  object space 41472K, 15% used [0x767f0000,0x76e48f68,0x79070000)
 PSPermGen       total 16384K, used 14898K [0x6e7f0000, 0x6f7f0000, 0x767f0000)
  object space 16384K, 90% used [0x6e7f0000,0x6f67ca60,0x6f7f0000)
}
Event: 36.456 GC heap before
{Heap before GC invocations=7 (full 0):
 PSYoungGen      total 20480K, used 17555K [0x9eff0000, 0xa0a30000, 0xb33f0000)
  eden space 14848K, 100% used [0x9eff0000,0x9fe70000,0x9fe70000)
  from space 5632K, 48% used [0xa04b0000,0xa0754ee0,0xa0a30000)
  to   space 6016K, 0% used [0x9fe70000,0x9fe70000,0xa0450000)
 ParOldGen       total 41472K, used 6499K [0x767f0000, 0x79070000, 0x9eff0000)
  object space 41472K, 15% used [0x767f0000,0x76e48f68,0x79070000)
 PSPermGen       total 16384K, used 14922K [0x6e7f0000, 0x6f7f0000, 0x767f0000)
  object space 16384K, 91% used [0x6e7f0000,0x6f682bd0,0x6f7f0000)
Event: 36.472 GC heap after
Heap after GC invocations=7 (full 0):
 PSYoungGen      total 20544K, used 392K [0x9eff0000, 0xa0aa0000, 0xb33f0000)
  eden space 14528K, 0% used [0x9eff0000,0x9eff0000,0x9fe20000)
  from space 6016K, 6% used [0x9fe70000,0x9fed21d8,0xa0450000)
  to   space 6400K, 0% used [0xa0460000,0xa0460000,0xa0aa0000)
 ParOldGen       total 41472K, used 8911K [0x767f0000, 0x79070000, 0x9eff0000)
  object space 41472K, 21% used [0x767f0000,0x770a3e50,0x79070000)
 PSPermGen       total 16384K, used 14922K [0x6e7f0000, 0x6f7f0000, 0x767f0000)
  object space 16384K, 91% used [0x6e7f0000,0x6f682bd0,0x6f7f0000)
}

Deoptimization events (10 events):
Event: 19.145 Thread 0x67dfa400 Uncommon trap -34 fr.pc 0xb3593cdc
Event: 20.854 Thread 0x67dfa400 Uncommon trap -12 fr.pc 0xb35ce654
Event: 21.970 Thread 0x6e235800 Uncommon trap -12 fr.pc 0xb35d11d0
Event: 21.970 Thread 0x6e235800 Uncommon trap -12 fr.pc 0xb35dcb6c
Event: 21.971 Thread 0x6e235800 Uncommon trap -12 fr.pc 0xb35d4640
Event: 21.973 Thread 0x6e235800 Uncommon trap -12 fr.pc 0xb35d7834
Event: 21.975 Thread 0x6e235800 Uncommon trap -12 fr.pc 0xb35da780
Event: 22.283 Thread 0x6e235800 Uncommon trap -12 fr.pc 0xb35cb430
Event: 22.860 Thread 0x67dfa400 Uncommon trap -12 fr.pc 0xb35e30e8
Event: 32.112 Thread 0x67dfa400 Uncommon trap -83 fr.pc 0xb35e0d58

Internal exceptions (10 events):
Event: 4.345 Thread 0x6e210c00 Threw 0x9f703448 at /build/buildd/openjdk-7-7u21-2.3.9/build/openjdk/hotspot/src/share/vm/prims/jvm.cpp:1166
Event: 4.348 Thread 0x6e210c00 Threw 0x9f744468 at /build/buildd/openjdk-7-7u21-2.3.9/build/openjdk/hotspot/src/share/vm/prims/jvm.cpp:1166
Event: 7.348 Thread 0x6adb8c00 Threw 0x9f031a00 at /build/buildd/openjdk-7-7u21-2.3.9/build/openjdk/hotspot/src/share/vm/prims/jvm.cpp:1166
Event: 20.560 Thread 0x6e235800 Threw 0x9f09f1e8 at /build/buildd/openjdk-7-7u21-2.3.9/build/openjdk/hotspot/src/share/vm/prims/jvm.cpp:1166
Event: 21.970 Thread 0x6e235800 Implicit null exception at 0xb35d0b60 to 0xb35d11c5
Event: 21.970 Thread 0x6e235800 Implicit null exception at 0xb35dc80a to 0xb35dcb61
Event: 21.971 Thread 0x6e235800 Implicit null exception at 0xb35d3ef4 to 0xb35d4635
Event: 21.973 Thread 0x6e235800 Implicit null exception at 0xb35d70c0 to 0xb35d7821
Event: 21.975 Thread 0x6e235800 Implicit null exception at 0xb35da000 to 0xb35da76d
Event: 22.283 Thread 0x6e235800 Implicit null exception at 0xb35cb0c2 to 0xb35cb425

Events (10 events):
Event: 37.239 Thread 0x6e237800 Thread added: 0x6e237800
Event: 37.241 Thread 0x6e237800 Thread exited: 0x6e237800
Event: 37.241 Thread 0x6e237800 Thread added: 0x6e237800
Event: 37.243 Thread 0x6e237800 Thread exited: 0x6e237800
Event: 37.457 Thread 0x6e234c00 Thread added: 0x6e234c00
Event: 37.458 Thread 0x6e234c00 Thread exited: 0x6e234c00
Event: 37.458 Thread 0x6e234c00 Thread added: 0x6e234c00
Event: 37.458 Thread 0x6e234c00 Thread exited: 0x6e234c00
Event: 37.458 Thread 0x6e234c00 Thread added: 0x6e234c00
Event: 37.459 Thread 0x6e234c00 Thread exited: 0x6e234c00


Dynamic libraries:
08048000-08049000 r-xp 00000000 08:06 1708580    /usr/lib/jvm/java-7-openjdk-i386/jre/bin/java
08049000-0804a000 r--p 00000000 08:06 1708580    /usr/lib/jvm/java-7-openjdk-i386/jre/bin/java
0804a000-0804b000 rw-p 00001000 08:06 1708580    /usr/lib/jvm/java-7-openjdk-i386/jre/bin/java
09403000-09484000 rw-p 00000000 00:00 0          [heap]
5f000000-5f085000 rw-p 00000000 00:00 0 
5f085000-5f100000 ---p 00000000 00:00 0 
5f1a6000-5f310000 r-xp 00000000 08:06 1706644    /usr/lib/i386-linux-gnu/libsamplerate.so.0.1.8
5f310000-5f311000 r--p 00169000 08:06 1706644    /usr/lib/i386-linux-gnu/libsamplerate.so.0.1.8
5f311000-5f312000 rw-p 0016a000 08:06 1706644    /usr/lib/i386-linux-gnu/libsamplerate.so.0.1.8
62ff5000-63020000 r-xp 00000000 08:06 1706469    /usr/lib/i386-linux-gnu/liblua5.1.so.0.0.0
63020000-63021000 r--p 0002b000 08:06 1706469    /usr/lib/i386-linux-gnu/liblua5.1.so.0.0.0
63021000-63022000 rw-p 0002c000 08:06 1706469    /usr/lib/i386-linux-gnu/liblua5.1.so.0.0.0
63022000-6304c000 r-xp 00000000 08:06 405608     /usr/lib/vlc/plugins/lua/liblua_plugin.so
6304c000-6304d000 r--p 0002a000 08:06 405608     /usr/lib/vlc/plugins/lua/liblua_plugin.so
6304d000-6304e000 rw-p 0002b000 08:06 405608     /usr/lib/vlc/plugins/lua/liblua_plugin.so
6304e000-63060000 r-xp 00000000 08:06 1720553    /usr/lib/libdvbpsi.so.7.0.0
63060000-63061000 r--p 00011000 08:06 1720553    /usr/lib/libdvbpsi.so.7.0.0
63061000-63062000 rw-p 00012000 08:06 1720553    /usr/lib/libdvbpsi.so.7.0.0
6307b000-630c6000 r-xp 00000000 08:06 1703839    /usr/lib/libmodplug.so.1.0.0
630c6000-630c7000 ---p 0004b000 08:06 1703839    /usr/lib/libmodplug.so.1.0.0
630c7000-630c8000 r--p 0004b000 08:06 1703839    /usr/lib/libmodplug.so.1.0.0
630c8000-630c9000 rw-p 0004c000 08:06 1703839    /usr/lib/libmodplug.so.1.0.0
630c9000-6314d000 rw-p 00000000 00:00 0 
6314d000-631ab000 r-xp 00000000 08:06 280623     /usr/lib/vlc/plugins/demux/liblive555_plugin.so
631ab000-631ac000 ---p 0005e000 08:06 280623     /usr/lib/vlc/plugins/demux/liblive555_plugin.so
631ac000-631af000 r--p 0005e000 08:06 280623     /usr/lib/vlc/plugins/demux/liblive555_plugin.so
631af000-631b4000 rw-p 00061000 08:06 280623     /usr/lib/vlc/plugins/demux/liblive555_plugin.so
631b4000-631b5000 rw-p 00000000 00:00 0 
631b5000-631d3000 r-xp 00000000 08:06 1720529    /usr/lib/i386-linux-gnu/libebml.so.3
631d3000-631d4000 r--p 0001d000 08:06 1720529    /usr/lib/i386-linux-gnu/libebml.so.3
631d4000-631d5000 rw-p 0001e000 08:06 1720529    /usr/lib/i386-linux-gnu/libebml.so.3
631d5000-631d6000 rw-p 00000000 00:00 0 
631d6000-6325b000 r-xp 00000000 08:06 1720530    /usr/lib/i386-linux-gnu/libmatroska.so.5
6325b000-63261000 r--p 00085000 08:06 1720530    /usr/lib/i386-linux-gnu/libmatroska.so.5
63261000-63262000 rw-p 0008b000 08:06 1720530    /usr/lib/i386-linux-gnu/libmatroska.so.5
63262000-63264000 rw-p 00000000 00:00 0 
63264000-632a7000 r-xp 00000000 08:06 280645     /usr/lib/vlc/plugins/demux/libmkv_plugin.so
632a7000-632a9000 r--p 00042000 08:06 280645     /usr/lib/vlc/plugins/demux/libmkv_plugin.so
632a9000-632aa000 rw-p 00044000 08:06 280645     /usr/lib/vlc/plugins/demux/libmkv_plugin.so
632aa000-632b6000 r-xp 00000000 08:06 1720560    /usr/lib/libresid-builder.so.0.0.1
632b6000-632b7000 r--p 0000b000 08:06 1720560    /usr/lib/libresid-builder.so.0.0.1
632b7000-632d8000 rw-p 0000c000 08:06 1720560    /usr/lib/libresid-builder.so.0.0.1
632d8000-63310000 r-xp 00000000 08:06 1720563    /usr/lib/libsidplay2.so.1.0.1
63310000-63311000 ---p 00038000 08:06 1720563    /usr/lib/libsidplay2.so.1.0.1
63311000-63312000 r--p 00038000 08:06 1720563    /usr/lib/libsidplay2.so.1.0.1
63312000-63313000 rw-p 00039000 08:06 1720563    /usr/lib/libsidplay2.so.1.0.1
63313000-63314000 ---p 00000000 00:00 0 
63314000-63b14000 rw-p 00000000 00:00 0 
63b14000-63bcb000 r-xp 00000000 08:06 1706695    /usr/lib/i386-linux-gnu/libtag.so.1.12.0
63bcb000-63bcd000 r--p 000b7000 08:06 1706695    /usr/lib/i386-linux-gnu/libtag.so.1.12.0
63bcd000-63bce000 rw-p 000b9000 08:06 1706695    /usr/lib/i386-linux-gnu/libtag.so.1.12.0
63bce000-63c5c000 r-xp 00000000 08:06 1706537    /usr/lib/i386-linux-gnu/liborc-0.4.so.0.17.0
63c5c000-63c5d000 r--p 0008e000 08:06 1706537    /usr/lib/i386-linux-gnu/liborc-0.4.so.0.17.0
63c5d000-63c61000 rw-p 0008f000 08:06 1706537    /usr/lib/i386-linux-gnu/liborc-0.4.so.0.17.0
63c61000-64862000 rw-p 00000000 00:00 0 
64862000-64b00000 rw-s 00000000 00:04 248316019  /SYSV00000000 (deleted)
64b00000-64b4a000 rw-p 00000000 00:00 0 
64b4a000-64c00000 ---p 00000000 00:00 0 
64c09000-64c1e000 r-xp 00000000 08:06 280622     /usr/lib/vlc/plugins/demux/libts_plugin.so
64c1e000-64c1f000 r--p 00014000 08:06 280622     /usr/lib/vlc/plugins/demux/libts_plugin.so
64c1f000-64c20000 rw-p 00015000 08:06 280622     /usr/lib/vlc/plugins/demux/libts_plugin.so
64c20000-64ced000 r-xp 00000000 08:06 1706653    /usr/lib/i386-linux-gnu/libschroedinger-1.0.so.0.11.0
64ced000-64cef000 r--p 000cc000 08:06 1706653    /usr/lib/i386-linux-gnu/libschroedinger-1.0.so.0.11.0
64cef000-64cf0000 rw-p 000ce000 08:06 1706653    /usr/lib/i386-linux-gnu/libschroedinger-1.0.so.0.11.0
64cf0000-64fcf000 r-xp 00000000 08:06 1705842    /usr/lib/i386-linux-gnu/libQtCore.so.4.8.4
64fcf000-64fd6000 r--p 002de000 08:06 1705842    /usr/lib/i386-linux-gnu/libQtCore.so.4.8.4
64fd6000-64fd7000 rw-p 002e5000 08:06 1705842    /usr/lib/i386-linux-gnu/libQtCore.so.4.8.4
64fd7000-64fd8000 rw-p 00000000 00:00 0 
64fd8000-65a80000 r-xp 00000000 08:06 1705851    /usr/lib/i386-linux-gnu/libQtGui.so.4.8.4
65a80000-65aa2000 r--p 00aa7000 08:06 1705851    /usr/lib/i386-linux-gnu/libQtGui.so.4.8.4
65aa2000-65aa6000 rw-p 00ac9000 08:06 1705851    /usr/lib/i386-linux-gnu/libQtGui.so.4.8.4
65aa6000-65aa9000 rw-p 00000000 00:00 0 
65aa9000-65cbe000 r-xp 00000000 08:06 407152     /usr/lib/vlc/plugins/gui/libqt4_plugin.so
65cbe000-65cbf000 ---p 00215000 08:06 407152     /usr/lib/vlc/plugins/gui/libqt4_plugin.so
65cbf000-65ccb000 r--p 00215000 08:06 407152     /usr/lib/vlc/plugins/gui/libqt4_plugin.so
65ccb000-65ccd000 rw-p 00221000 08:06 407152     /usr/lib/vlc/plugins/gui/libqt4_plugin.so
65ccd000-65cce000 rw-p 00000000 00:00 0 
65cce000-65cd4000 r-xp 00000000 08:06 1706531    /usr/lib/i386-linux-gnu/libogg.so.0.8.0
65cd4000-65cd5000 r--p 00005000 08:06 1706531    /usr/lib/i386-linux-gnu/libogg.so.0.8.0
65cd5000-65cd6000 rw-p 00006000 08:06 1706531    /usr/lib/i386-linux-gnu/libogg.so.0.8.0
65cd6000-65cff000 r-xp 00000000 08:06 1706753    /usr/lib/i386-linux-gnu/libvorbis.so.0.4.5
65cff000-65d00000 ---p 00029000 08:06 1706753    /usr/lib/i386-linux-gnu/libvorbis.so.0.4.5
65d00000-65d01000 r--p 00029000 08:06 1706753    /usr/lib/i386-linux-gnu/libvorbis.so.0.4.5
65d01000-65d02000 rw-p 0002a000 08:06 1706753    /usr/lib/i386-linux-gnu/libvorbis.so.0.4.5
65d02000-65e68000 r-xp 00000000 08:06 1706755    /usr/lib/i386-linux-gnu/libvorbisenc.so.2.0.8
65e68000-65e79000 r--p 00165000 08:06 1706755    /usr/lib/i386-linux-gnu/libvorbisenc.so.2.0.8
65e79000-65e7a000 rw-p 00176000 08:06 1706755    /usr/lib/i386-linux-gnu/libvorbisenc.so.2.0.8
65e7a000-65ec8000 r-xp 00000000 08:06 1705817    /usr/lib/i386-linux-gnu/libFLAC.so.8.2.0
65ec8000-65ec9000 r--p 0004e000 08:06 1705817    /usr/lib/i386-linux-gnu/libFLAC.so.8.2.0
65ec9000-65eca000 rw-p 0004f000 08:06 1705817    /usr/lib/i386-linux-gnu/libFLAC.so.8.2.0
65eca000-65ecf000 r-xp 00000000 08:06 1705965    /usr/lib/i386-linux-gnu/libasyncns.so.0.3.1
65ecf000-65ed0000 r--p 00004000 08:06 1705965    /usr/lib/i386-linux-gnu/libasyncns.so.0.3.1
65ed0000-65ed1000 rw-p 00005000 08:06 1705965    /usr/lib/i386-linux-gnu/libasyncns.so.0.3.1
65ed1000-65f3e000 r-xp 00000000 08:06 1706669    /usr/lib/i386-linux-gnu/libsndfile.so.1.0.25
65f3e000-65f40000 r--p 0006c000 08:06 1706669    /usr/lib/i386-linux-gnu/libsndfile.so.1.0.25
65f40000-65f41000 rw-p 0006e000 08:06 1706669    /usr/lib/i386-linux-gnu/libsndfile.so.1.0.25
65f41000-65f45000 rw-p 00000000 00:00 0 
65f45000-65f4d000 r-xp 00000000 08:06 262621     /lib/i386-linux-gnu/libwrap.so.0.7.6
65f4d000-65f4e000 r--p 00007000 08:06 262621     /lib/i386-linux-gnu/libwrap.so.0.7.6
65f4e000-65f4f000 rw-p 00008000 08:06 262621     /lib/i386-linux-gnu/libwrap.so.0.7.6
65f5b000-65f5c000 ---p 00000000 00:00 0 
65f5c000-65fdc000 rw-p 00000000 00:00 0 
65fdc000-660c9000 r-xp 00000000 08:06 1771845    /usr/lib/i386-linux-gnu/libasound.so.2.0.0
660c9000-660cd000 r--p 000ec000 08:06 1771845    /usr/lib/i386-linux-gnu/libasound.so.2.0.0
660cd000-660ce000 rw-p 000f0000 08:06 1771845    /usr/lib/i386-linux-gnu/libasound.so.2.0.0
660ce000-66137000 r-xp 00000000 08:06 1708139    /usr/lib/i386-linux-gnu/pulseaudio/libpulsecommon-3.0.so
66137000-66138000 r--p 00068000 08:06 1708139    /usr/lib/i386-linux-gnu/pulseaudio/libpulsecommon-3.0.so
66138000-66139000 rw-p 00069000 08:06 1708139    /usr/lib/i386-linux-gnu/pulseaudio/libpulsecommon-3.0.so
6613e000-66140000 r-xp 00000000 08:06 280628     /usr/lib/vlc/plugins/demux/libnsc_plugin.so
66140000-66141000 r--p 00001000 08:06 280628     /usr/lib/vlc/plugins/demux/libnsc_plugin.so
66141000-66142000 rw-p 00002000 08:06 280628     /usr/lib/vlc/plugins/demux/libnsc_plugin.so
66142000-66145000 ---p 00000000 00:00 0 
66145000-66193000 rw-p 00000000 00:00 0          [stack:32512]
66193000-66194000 ---p 00000000 00:00 0 
66194000-66214000 rw-p 00000000 00:00 0          [stack:32507]
66214000-66260000 r-xp 00000000 08:06 1706602    /usr/lib/i386-linux-gnu/libpulse.so.0.15.3
66260000-66261000 ---p 0004c000 08:06 1706602    /usr/lib/i386-linux-gnu/libpulse.so.0.15.3
66261000-66262000 r--p 0004c000 08:06 1706602    /usr/lib/i386-linux-gnu/libpulse.so.0.15.3
66262000-66263000 rw-p 0004d000 08:06 1706602    /usr/lib/i386-linux-gnu/libpulse.so.0.15.3
66263000-6629f000 r-xp 00000000 08:06 1706135    /usr/lib/i386-linux-gnu/libfaad.so.2.0.0
6629f000-662a0000 ---p 0003c000 08:06 1706135    /usr/lib/i386-linux-gnu/libfaad.so.2.0.0
662a0000-662a1000 r--p 0003c000 08:06 1706135    /usr/lib/i386-linux-gnu/libfaad.so.2.0.0
662a1000-662a4000 rw-p 0003d000 08:06 1706135    /usr/lib/i386-linux-gnu/libfaad.so.2.0.0
662a4000-662fc000 r-xp 00000000 08:06 1722219    /usr/lib/i386-linux-gnu/libXt.so.6.0.0
662fc000-662fd000 r--p 00058000 08:06 1722219    /usr/lib/i386-linux-gnu/libXt.so.6.0.0
662fd000-66300000 rw-p 00059000 08:06 1722219    /usr/lib/i386-linux-gnu/libXt.so.6.0.0
66300000-66400000 rw-p 00000000 00:00 0 
66401000-66403000 r-xp 00000000 08:06 280611     /usr/lib/vlc/plugins/demux/libdemux_cdg_plugin.so
66403000-66404000 r--p 00001000 08:06 280611     /usr/lib/vlc/plugins/demux/libdemux_cdg_plugin.so
66404000-66405000 rw-p 00002000 08:06 280611     /usr/lib/vlc/plugins/demux/libdemux_cdg_plugin.so
66405000-6640d000 r-xp 00000000 08:06 280637     /usr/lib/vlc/plugins/demux/libty_plugin.so
6640d000-6640e000 r--p 00007000 08:06 280637     /usr/lib/vlc/plugins/demux/libty_plugin.so
6640e000-6640f000 rw-p 00008000 08:06 280637     /usr/lib/vlc/plugins/demux/libty_plugin.so
6640f000-66425000 r-xp 00000000 08:06 1705827    /usr/lib/i386-linux-gnu/libICE.so.6.3.0
66425000-66426000 r--p 00015000 08:06 1705827    /usr/lib/i386-linux-gnu/libICE.so.6.3.0
66426000-66427000 rw-p 00016000 08:06 1705827    /usr/lib/i386-linux-gnu/libICE.so.6.3.0
66427000-66429000 rw-p 00000000 00:00 0 
66429000-6646c000 r-xp 00000000 08:06 1706494    /usr/lib/i386-linux-gnu/libmtp.so.9.0.5
6646c000-6646f000 r--p 00043000 08:06 1706494    /usr/lib/i386-linux-gnu/libmtp.so.9.0.5
6646f000-66476000 rw-p 00046000 08:06 1706494    /usr/lib/i386-linux-gnu/libmtp.so.9.0.5
66476000-664fc000 r-xp 00000000 08:06 1720486    /usr/lib/i386-linux-gnu/libdirac_encoder.so.0.1.0
664fc000-664fe000 r--p 00085000 08:06 1720486    /usr/lib/i386-linux-gnu/libdirac_encoder.so.0.1.0
664fe000-664ff000 rw-p 00087000 08:06 1720486    /usr/lib/i386-linux-gnu/libdirac_encoder.so.0.1.0
664ff000-66500000 rw-p 00000000 00:00 0 
66500000-66600000 rw-p 00000000 00:00 0 
66601000-66603000 r-xp 00000000 08:06 280631     /usr/lib/vlc/plugins/demux/librawdv_plugin.so
66603000-66604000 r--p 00001000 08:06 280631     /usr/lib/vlc/plugins/demux/librawdv_plugin.so
66604000-66605000 rw-p 00002000 08:06 280631     /usr/lib/vlc/plugins/demux/librawdv_plugin.so
66605000-666fa000 r-xp 00000000 08:06 1720541    /usr/lib/libvlccore.so.5.1.1
666fa000-666ff000 r--p 000f5000 08:06 1720541    /usr/lib/libvlccore.so.5.1.1
666ff000-66700000 rw-p 000fa000 08:06 1720541    /usr/lib/libvlccore.so.5.1.1
66700000-667f8000 rw-p 00000000 00:00 0 
667f8000-66800000 ---p 00000000 00:00 0 
66800000-668f8000 rw-p 00000000 00:00 0 
668f8000-66900000 ---p 00000000 00:00 0 
66900000-669ed000 rw-p 00000000 00:00 0 
669ed000-66a00000 ---p 00000000 00:00 0 
66a02000-66a16000 r-xp 00000000 08:06 1441576    /tmp/jna-gene/jna4950198385803536678.tmp (deleted)
66a16000-66a17000 rw-p 00014000 08:06 1441576    /tmp/jna-gene/jna4950198385803536678.tmp (deleted)
66a19000-66a21000 r-xp 00000000 08:06 262510     /lib/i386-linux-gnu/libjson.so.0.1.0
66a21000-66a22000 r--p 00007000 08:06 262510     /lib/i386-linux-gnu/libjson.so.0.1.0
66a22000-66a23000 rw-p 00008000 08:06 262510     /lib/i386-linux-gnu/libjson.so.0.1.0
66a24000-66a27000 r-xp 00000000 08:06 280615     /usr/lib/vlc/plugins/demux/libmjpeg_plugin.so
66a27000-66a28000 r--p 00002000 08:06 280615     /usr/lib/vlc/plugins/demux/libmjpeg_plugin.so
66a28000-66a29000 rw-p 00003000 08:06 280615     /usr/lib/vlc/plugins/demux/libmjpeg_plugin.so
66a29000-66a31000 r-xp 00000000 08:06 280651     /usr/lib/vlc/plugins/demux/libps_plugin.so
66a31000-66a32000 r--p 00007000 08:06 280651     /usr/lib/vlc/plugins/demux/libps_plugin.so
66a32000-66a33000 rw-p 00008000 08:06 280651     /usr/lib/vlc/plugins/demux/libps_plugin.so
66a33000-66a3a000 r-xp 00000000 08:06 1705877    /usr/lib/i386-linux-gnu/libSM.so.6.0.1
66a3a000-66a3b000 r--p 00006000 08:06 1705877    /usr/lib/i386-linux-gnu/libSM.so.6.0.1
66a3b000-66a3c000 rw-p 00007000 08:06 1705877    /usr/lib/i386-linux-gnu/libSM.so.6.0.1
66a3c000-66a53000 r-xp 00000000 08:06 1705975    /usr/lib/i386-linux-gnu/libaudio.so.2.4
66a53000-66a54000 r--p 00016000 08:06 1705975    /usr/lib/i386-linux-gnu/libaudio.so.2.4
66a54000-66a55000 rw-p 00017000 08:06 1705975    /usr/lib/i386-linux-gnu/libaudio.so.2.4
66a55000-66a66000 r-xp 00000000 08:06 262615     /lib/i386-linux-gnu/libusb-1.0.so.0.1.0
66a66000-66a67000 r--p 00010000 08:06 262615     /lib/i386-linux-gnu/libusb-1.0.so.0.1.0
66a67000-66a68000 rw-p 00011000 08:06 262615     /lib/i386-linux-gnu/libusb-1.0.so.0.1.0
66a6a000-66a6c000 r-xp 00000000 08:06 280629     /usr/lib/vlc/plugins/demux/libmpgv_plugin.so
66a6c000-66a6d000 r--p 00001000 08:06 280629     /usr/lib/vlc/plugins/demux/libmpgv_plugin.so
66a6d000-66a6e000 rw-p 00002000 08:06 280629     /usr/lib/vlc/plugins/demux/libmpgv_plugin.so
66a6e000-66a70000 r-xp 00000000 08:06 280658     /usr/lib/vlc/plugins/misc/libinhibit_plugin.so
66a70000-66a71000 r--p 00001000 08:06 280658     /usr/lib/vlc/plugins/misc/libinhibit_plugin.so
66a71000-66a72000 rw-p 00002000 08:06 280658     /usr/lib/vlc/plugins/misc/libinhibit_plugin.so
66a72000-66a78000 r-xp 00000000 08:06 405627     /usr/lib/vlc/plugins/control/libhotkeys_plugin.so
66a78000-66a79000 r--p 00005000 08:06 405627     /usr/lib/vlc/plugins/control/libhotkeys_plugin.so
66a79000-66a7a000 rw-p 00006000 08:06 405627     /usr/lib/vlc/plugins/control/libhotkeys_plugin.so
66a7a000-66a7f000 r-xp 00000000 08:06 405519     /usr/lib/vlc/plugins/audio_output/libalsa_plugin.so
66a7f000-66a80000 r--p 00004000 08:06 405519     /usr/lib/vlc/plugins/audio_output/libalsa_plugin.so
66a80000-66a81000 rw-p 00005000 08:06 405519     /usr/lib/vlc/plugins/audio_output/libalsa_plugin.so
66a81000-66a9b000 r-xp 00000000 08:06 1720543    /usr/lib/libvlc.so.5.3.2
66a9b000-66a9c000 r--p 00019000 08:06 1720543    /usr/lib/libvlc.so.5.3.2
66a9c000-66a9d000 rw-p 0001a000 08:06 1720543    /usr/lib/libvlc.so.5.3.2
66a9d000-66aa0000 ---p 00000000 00:00 0 
66aa0000-66aee000 rw-p 00000000 00:00 0 
66aee000-66b06000 r--s 00000000 08:06 656549     /usr/share/fonts/type1/gsfonts/c059033l.pfb
66b06000-66b18000 r--s 00000000 08:06 656570     /usr/share/fonts/type1/gsfonts/n019043l.pfb
66b1b000-66b1e000 r-xp 00000000 08:06 280643     /usr/lib/vlc/plugins/demux/librawvid_plugin.so
66b1e000-66b1f000 r--p 00002000 08:06 280643     /usr/lib/vlc/plugins/demux/librawvid_plugin.so
66b1f000-66b20000 rw-p 00003000 08:06 280643     /usr/lib/vlc/plugins/demux/librawvid_plugin.so
66b20000-66b22000 r-xp 00000000 08:06 280612     /usr/lib/vlc/plugins/demux/libau_plugin.so
66b22000-66b23000 r--p 00001000 08:06 280612     /usr/lib/vlc/plugins/demux/libau_plugin.so
66b23000-66b24000 rw-p 00002000 08:06 280612     /usr/lib/vlc/plugins/demux/libau_plugin.so
66b24000-66b3f000 r--s 00000000 08:06 656606     /usr/share/fonts/type1/gsfonts/p052003l.pfb
66b3f000-66b44000 r-xp 00000000 08:06 280642     /usr/lib/vlc/plugins/demux/libmod_plugin.so
66b44000-66b45000 r--p 00004000 08:06 280642     /usr/lib/vlc/plugins/demux/libmod_plugin.so
66b45000-66b46000 rw-p 00005000 08:06 280642     /usr/lib/vlc/plugins/demux/libmod_plugin.so
66b46000-66b48000 r-xp 00000000 08:06 280616     /usr/lib/vlc/plugins/demux/libaiff_plugin.so
66b48000-66b49000 r--p 00001000 08:06 280616     /usr/lib/vlc/plugins/demux/libaiff_plugin.so
66b49000-66b4a000 rw-p 00002000 08:06 280616     /usr/lib/vlc/plugins/demux/libaiff_plugin.so
66b4a000-66b4d000 r-xp 00000000 08:06 280627     /usr/lib/vlc/plugins/demux/libpva_plugin.so
66b4d000-66b4e000 r--p 00002000 08:06 280627     /usr/lib/vlc/plugins/demux/libpva_plugin.so
66b4e000-66b4f000 rw-p 00003000 08:06 280627     /usr/lib/vlc/plugins/demux/libpva_plugin.so
66b4f000-66b53000 r-xp 00000000 08:06 280634     /usr/lib/vlc/plugins/demux/libimage_plugin.so
66b53000-66b54000 r--p 00003000 08:06 280634     /usr/lib/vlc/plugins/demux/libimage_plugin.so
66b54000-66b55000 rw-p 00004000 08:06 280634     /usr/lib/vlc/plugins/demux/libimage_plugin.so
66b55000-66b58000 r-xp 00000000 08:06 280630     /usr/lib/vlc/plugins/demux/libnsv_plugin.so
66b58000-66b59000 r--p 00002000 08:06 280630     /usr/lib/vlc/plugins/demux/libnsv_plugin.so
66b59000-66b5a000 rw-p 00003000 08:06 280630     /usr/lib/vlc/plugins/demux/libnsv_plugin.so
66b5a000-66b5c000 r-xp 00000000 08:06 280648     /usr/lib/vlc/plugins/demux/libxa_plugin.so
66b5c000-66b5d000 r--p 00001000 08:06 280648     /usr/lib/vlc/plugins/demux/libxa_plugin.so
66b5d000-66b5e000 rw-p 00002000 08:06 280648     /usr/lib/vlc/plugins/demux/libxa_plugin.so
66b5e000-66b73000 r-xp 00000000 08:06 280613     /usr/lib/vlc/plugins/demux/libplaylist_plugin.so
66b73000-66b74000 r--p 00014000 08:06 280613     /usr/lib/vlc/plugins/demux/libplaylist_plugin.so
66b74000-66b75000 rw-p 00015000 08:06 280613     /usr/lib/vlc/plugins/demux/libplaylist_plugin.so
66b75000-66b86000 r--s 00000000 08:06 656528     /usr/share/fonts/type1/gsfonts/a010035l.pfb
66b87000-66b9a000 r-xp 00000000 08:06 280625     /usr/lib/vlc/plugins/demux/libogg_plugin.so
66b9a000-66b9b000 r--p 00012000 08:06 280625     /usr/lib/vlc/plugins/demux/libogg_plugin.so
66b9b000-66b9c000 rw-p 00013000 08:06 280625     /usr/lib/vlc/plugins/demux/libogg_plugin.so
66b9c000-66bb2000 r-xp 00000000 08:06 1720189    /usr/lib/i386-linux-gnu/libmad.so.0.2.1
66bb2000-66bb3000 r--p 00015000 08:06 1720189    /usr/lib/i386-linux-gnu/libmad.so.0.2.1
66bb3000-66bb4000 rw-p 00016000 08:06 1720189    /usr/lib/i386-linux-gnu/libmad.so.0.2.1
66bb4000-66bc7000 r--s 00000000 08:06 656534     /usr/share/fonts/type1/gsfonts/b018015l.pfb
66bc7000-66bd8000 r--s 00000000 08:06 656576     /usr/share/fonts/type1/gsfonts/n019063l.pfb
66bd9000-66c1e000 r-xp 00000000 08:06 1706715    /usr/lib/i386-linux-gnu/libtheoraenc.so.1.1.2
66c1e000-66c1f000 r--p 00044000 08:06 1706715    /usr/lib/i386-linux-gnu/libtheoraenc.so.1.1.2
66c1f000-66c20000 rw-p 00045000 08:06 1706715    /usr/lib/i386-linux-gnu/libtheoraenc.so.1.1.2
66c20000-66c30000 r--s 00000000 08:06 656525     /usr/share/fonts/type1/gsfonts/a010033l.pfb
66c30000-66c39000 r--s 00000000 08:06 656618     /usr/share/fonts/type1/gsfonts/s050000l.pfb
66c39000-66c3c000 r-xp 00000000 08:06 280636     /usr/lib/vlc/plugins/demux/libvoc_plugin.so
66c3c000-66c3d000 r--p 00002000 08:06 280636     /usr/lib/vlc/plugins/demux/libvoc_plugin.so
66c3d000-66c3e000 rw-p 00003000 08:06 280636     /usr/lib/vlc/plugins/demux/libvoc_plugin.so
66c3e000-66c41000 r-xp 00000000 08:06 280646     /usr/lib/vlc/plugins/demux/libsmf_plugin.so
66c41000-66c42000 r--p 00002000 08:06 280646     /usr/lib/vlc/plugins/demux/libsmf_plugin.so
66c42000-66c43000 rw-p 00003000 08:06 280646     /usr/lib/vlc/plugins/demux/libsmf_plugin.so
66c43000-66c4b000 r-xp 00000000 08:06 405597     /usr/lib/vlc/plugins/services_discovery/libsap_plugin.so
66c4b000-66c4c000 r--p 00007000 08:06 405597     /usr/lib/vlc/plugins/services_discovery/libsap_plugin.so
66c4c000-66c4d000 rw-p 00008000 08:06 405597     /usr/lib/vlc/plugins/services_discovery/libsap_plugin.so
66c4d000-66c72000 r-xp 00000000 08:06 1703665    /usr/lib/libdca.so.0.0.0
66c72000-66c73000 r--p 00024000 08:06 1703665    /usr/lib/libdca.so.0.0.0
66c73000-66c74000 rw-p 00025000 08:06 1703665    /usr/lib/libdca.so.0.0.0
66c74000-66c8b000 r--s 00000000 08:06 656621     /usr/share/fonts/type1/gsfonts/z003034l.pfb
66c8b000-66c9d000 r--s 00000000 08:06 656540     /usr/share/fonts/type1/gsfonts/b018035l.pfb
66c9d000-66cb0000 r--s 00000000 08:06 656579     /usr/share/fonts/type1/gsfonts/n019064l.pfb
66cb1000-66cbe000 r-xp 00000000 08:06 1720465    /usr/lib/libmpcdec.so.6.1.0
66cbe000-66cbf000 r--p 0000c000 08:06 1720465    /usr/lib/libmpcdec.so.6.1.0
66cbf000-66cc1000 rw-p 0000d000 08:06 1720465    /usr/lib/libmpcdec.so.6.1.0
66cc1000-66ccb000 r-xp 00000000 08:06 1720240    /usr/lib/liba52-0.7.4.so
66ccb000-66ccc000 r--p 00009000 08:06 1720240    /usr/lib/liba52-0.7.4.so
66ccc000-66ccd000 rw-p 0000a000 08:06 1720240    /usr/lib/liba52-0.7.4.so
66ccd000-66cce000 rw-p 00000000 00:00 0 
66ccf000-66cd1000 r-xp 00000000 08:06 280619     /usr/lib/vlc/plugins/demux/libdirac_plugin.so
66cd1000-66cd2000 r--p 00001000 08:06 280619     /usr/lib/vlc/plugins/demux/libdirac_plugin.so
66cd2000-66cd3000 rw-p 00002000 08:06 280619     /usr/lib/vlc/plugins/demux/libdirac_plugin.so
66cd3000-66cd6000 r-xp 00000000 08:06 280641     /usr/lib/vlc/plugins/demux/libsid_plugin.so
66cd6000-66cd7000 r--p 00002000 08:06 280641     /usr/lib/vlc/plugins/demux/libsid_plugin.so
66cd7000-66cd8000 rw-p 00003000 08:06 280641     /usr/lib/vlc/plugins/demux/libsid_plugin.so
66cd8000-66cdb000 r-xp 00000000 08:06 280618     /usr/lib/vlc/plugins/demux/libwav_plugin.so
66cdb000-66cdc000 r--p 00003000 08:06 280618     /usr/lib/vlc/plugins/demux/libwav_plugin.so
66cdc000-66cdd000 rw-p 00004000 08:06 280618     /usr/lib/vlc/plugins/demux/libwav_plugin.so
66cdd000-66cdf000 r-xp 00000000 08:06 280650     /usr/lib/vlc/plugins/demux/libtta_plugin.so
66cdf000-66ce0000 r--p 00001000 08:06 280650     /usr/lib/vlc/plugins/demux/libtta_plugin.so
66ce0000-66ce1000 rw-p 00002000 08:06 280650     /usr/lib/vlc/plugins/demux/libtta_plugin.so
66ce1000-66ce5000 r-xp 00000000 08:06 280638     /usr/lib/vlc/plugins/demux/libnuv_plugin.so
66ce5000-66ce6000 r--p 00003000 08:06 280638     /usr/lib/vlc/plugins/demux/libnuv_plugin.so
66ce6000-66ce7000 rw-p 00004000 08:06 280638     /usr/lib/vlc/plugins/demux/libnuv_plugin.so
66ce7000-66d00000 r--s 00000000 08:06 669836     /usr/share/texmf/fonts/type1/public/lm/lmtti10.pfb
66d00000-66df9000 rw-p 00000000 00:00 0 
66df9000-66e00000 ---p 00000000 00:00 0 
66e00000-66e02000 r-xp 00000000 08:06 280620     /usr/lib/vlc/plugins/demux/libmpc_plugin.so
66e02000-66e03000 r--p 00001000 08:06 280620     /usr/lib/vlc/plugins/demux/libmpc_plugin.so
66e03000-66e04000 rw-p 00002000 08:06 280620     /usr/lib/vlc/plugins/demux/libmpc_plugin.so
66e04000-66e06000 r-xp 00000000 08:06 405491     /usr/lib/vlc/plugins/audio_filter/libsamplerate_plugin.so
66e06000-66e07000 r--p 00001000 08:06 405491     /usr/lib/vlc/plugins/audio_filter/libsamplerate_plugin.so
66e07000-66e08000 rw-p 00002000 08:06 405491     /usr/lib/vlc/plugins/audio_filter/libsamplerate_plugin.so
66e08000-66e0a000 r-xp 00000000 08:06 405501     /usr/lib/vlc/plugins/audio_filter/libmpgatofixed32_plugin.so
66e0a000-66e0b000 r--p 00001000 08:06 405501     /usr/lib/vlc/plugins/audio_filter/libmpgatofixed32_plugin.so
66e0b000-66e0c000 rw-p 00002000 08:06 405501     /usr/lib/vlc/plugins/audio_filter/libmpgatofixed32_plugin.so
66e0c000-66e0e000 r-xp 00000000 08:06 405496     /usr/lib/vlc/plugins/audio_filter/liba52tofloat32_plugin.so
66e0e000-66e0f000 r--p 00001000 08:06 405496     /usr/lib/vlc/plugins/audio_filter/liba52tofloat32_plugin.so
66e0f000-66e10000 rw-p 00002000 08:06 405496     /usr/lib/vlc/plugins/audio_filter/liba52tofloat32_plugin.so
66e10000-66e17000 r-xp 00000000 08:06 407155     /usr/lib/vlc/plugins/audio_output/libpulse_plugin.so
66e17000-66e18000 r--p 00006000 08:06 407155     /usr/lib/vlc/plugins/audio_output/libpulse_plugin.so
66e18000-66e19000 rw-p 00007000 08:06 407155     /usr/lib/vlc/plugins/audio_output/libpulse_plugin.so
66e19000-66e1c000 ---p 00000000 00:00 0 
66e1c000-66e9a000 rw-p 00000000 00:00 0          [stack:500]
66e9a000-66eba000 r--s 00000000 08:06 669861     /usr/share/texmf/fonts/type1/public/lm/lmtcso10.pfb
66ebd000-66ebf000 r-xp 00000000 08:06 405511     /usr/lib/vlc/plugins/audio_filter/libdtstofloat32_plugin.so
66ebf000-66ec0000 r--p 00001000 08:06 405511     /usr/lib/vlc/plugins/audio_filter/libdtstofloat32_plugin.so
66ec0000-66ec1000 rw-p 00002000 08:06 405511     /usr/lib/vlc/plugins/audio_filter/libdtstofloat32_plugin.so
66ec1000-66efe000 r-xp 00000000 08:06 1706535    /usr/lib/i386-linux-gnu/libopus.so.0.2.0
66efe000-66eff000 r--p 0003c000 08:06 1706535    /usr/lib/i386-linux-gnu/libopus.so.0.2.0
66eff000-66f00000 rw-p 0003d000 08:06 1706535    /usr/lib/i386-linux-gnu/libopus.so.0.2.0
66f00000-66fef000 rw-p 00000000 00:00 0 
66fef000-67000000 ---p 00000000 00:00 0 
67003000-67006000 r-xp 00000000 08:06 405510     /usr/lib/vlc/plugins/audio_filter/libscaletempo_plugin.so
67006000-67007000 r--p 00002000 08:06 405510     /usr/lib/vlc/plugins/audio_filter/libscaletempo_plugin.so
67007000-67008000 rw-p 00003000 08:06 405510     /usr/lib/vlc/plugins/audio_filter/libscaletempo_plugin.so
67008000-67015000 r-xp 00000000 08:06 405488     /usr/lib/vlc/plugins/meta_engine/libtaglib_plugin.so
67015000-67016000 r--p 0000c000 08:06 405488     /usr/lib/vlc/plugins/meta_engine/libtaglib_plugin.so
67016000-67017000 rw-p 0000d000 08:06 405488     /usr/lib/vlc/plugins/meta_engine/libtaglib_plugin.so
67017000-6701a000 r-xp 00000000 08:06 405456     /usr/lib/vlc/plugins/codec/libfaad_plugin.so
6701a000-6701b000 r--p 00002000 08:06 405456     /usr/lib/vlc/plugins/codec/libfaad_plugin.so
6701b000-6701c000 rw-p 00003000 08:06 405456     /usr/lib/vlc/plugins/codec/libfaad_plugin.so
6701c000-67026000 r--s 00000000 08:06 272340     /usr/share/fonts/X11/Type1/c0583bt_.pfb
67026000-67048000 r--s 00000000 08:06 669801     /usr/share/texmf/fonts/type1/public/lm/lmbo10.pfb
6704b000-6704f000 r-xp 00000000 08:06 405477     /usr/lib/vlc/plugins/codec/libopus_plugin.so
6704f000-67050000 r--p 00003000 08:06 405477     /usr/lib/vlc/plugins/codec/libopus_plugin.so
67050000-67051000 rw-p 00004000 08:06 405477     /usr/lib/vlc/plugins/codec/libopus_plugin.so
67051000-6705a000 r-xp 00000000 08:06 405450     /usr/lib/vlc/plugins/codec/libschroedinger_plugin.so
6705a000-6705b000 r--p 00008000 08:06 405450     /usr/lib/vlc/plugins/codec/libschroedinger_plugin.so
6705b000-6705c000 rw-p 00009000 08:06 405450     /usr/lib/vlc/plugins/codec/libschroedinger_plugin.so
6705c000-6705f000 r-xp 00000000 08:06 405482     /usr/lib/vlc/plugins/codec/libcdg_plugin.so
6705f000-67060000 r--p 00002000 08:06 405482     /usr/lib/vlc/plugins/codec/libcdg_plugin.so
67060000-67061000 rw-p 00003000 08:06 405482     /usr/lib/vlc/plugins/codec/libcdg_plugin.so
67061000-67063000 r-xp 00000000 08:06 405481     /usr/lib/vlc/plugins/codec/libpng_plugin.so
67063000-67064000 r--p 00001000 08:06 405481     /usr/lib/vlc/plugins/codec/libpng_plugin.so
67064000-67065000 rw-p 00002000 08:06 405481     /usr/lib/vlc/plugins/codec/libpng_plugin.so
67065000-67084000 r--s 00000000 08:06 669854     /usr/share/texmf/fonts/type1/public/lm/lmtlo10.pfb
67086000-67089000 r-xp 00000000 08:06 405449     /usr/lib/vlc/plugins/codec/libmpeg_audio_plugin.so
67089000-6708a000 r--p 00002000 08:06 405449     /usr/lib/vlc/plugins/codec/libmpeg_audio_plugin.so
6708a000-6708b000 rw-p 00003000 08:06 405449     /usr/lib/vlc/plugins/codec/libmpeg_audio_plugin.so
6708b000-6708e000 r-xp 00000000 08:06 405473     /usr/lib/vlc/plugins/codec/libsvcdsub_plugin.so
6708e000-6708f000 r--p 00002000 08:06 405473     /usr/lib/vlc/plugins/codec/libsvcdsub_plugin.so
6708f000-67090000 rw-p 00003000 08:06 405473     /usr/lib/vlc/plugins/codec/libsvcdsub_plugin.so
67090000-67093000 r-xp 00000000 08:06 405455     /usr/lib/vlc/plugins/codec/libcvdsub_plugin.so
67093000-67094000 r--p 00002000 08:06 405455     /usr/lib/vlc/plugins/codec/libcvdsub_plugin.so
67094000-67095000 rw-p 00003000 08:06 405455     /usr/lib/vlc/plugins/codec/libcvdsub_plugin.so
67095000-670a4000 r-xp 00000000 08:06 405635     /usr/lib/vlc/plugins/packetizer/libpacketizer_h264_plugin.so
670a4000-670a5000 r--p 0000e000 08:06 405635     /usr/lib/vlc/plugins/packetizer/libpacketizer_h264_plugin.so
670a5000-670a6000 rw-p 0000f000 08:06 405635     /usr/lib/vlc/plugins/packetizer/libpacketizer_h264_plugin.so
670a6000-670c1000 r-xp 00000000 08:06 1706713    /usr/lib/i386-linux-gnu/libtheoradec.so.1.1.4
670c1000-670c2000 r--p 0001a000 08:06 1706713    /usr/lib/i386-linux-gnu/libtheoradec.so.1.1.4
670c2000-670c3000 rw-p 0001b000 08:06 1706713    /usr/lib/i386-linux-gnu/libtheoradec.so.1.1.4
670c3000-670e2000 r-xp 00000000 08:06 1708460    /usr/lib/i386-linux-gnu/sse2/libspeex.so.1.5.0
670e2000-670e3000 r--p 0001e000 08:06 1708460    /usr/lib/i386-linux-gnu/sse2/libspeex.so.1.5.0
670e3000-670e4000 rw-p 0001f000 08:06 1708460    /usr/lib/i386-linux-gnu/sse2/libspeex.so.1.5.0
670e4000-67100000 r--s 00000000 08:06 669782     /usr/share/texmf/fonts/type1/public/lm/lmtt10.pfb
67100000-67109000 r--s 00000000 08:06 272344     /usr/share/fonts/X11/Type1/c0632bt_.pfb
6710c000-67110000 r-xp 00000000 08:06 405634     /usr/lib/vlc/plugins/packetizer/libpacketizer_flac_plugin.so
67110000-67111000 r--p 00003000 08:06 405634     /usr/lib/vlc/plugins/packetizer/libpacketizer_flac_plugin.so
67111000-67112000 rw-p 00004000 08:06 405634     /usr/lib/vlc/plugins/packetizer/libpacketizer_flac_plugin.so
67112000-67117000 r-xp 00000000 08:06 405638     /usr/lib/vlc/plugins/packetizer/libpacketizer_mpegvideo_plugin.so
67117000-67118000 r--p 00004000 08:06 405638     /usr/lib/vlc/plugins/packetizer/libpacketizer_mpegvideo_plugin.so
67118000-67119000 rw-p 00005000 08:06 405638     /usr/lib/vlc/plugins/packetizer/libpacketizer_mpegvideo_plugin.so
67119000-6711d000 r-xp 00000000 08:06 405636     /usr/lib/vlc/plugins/packetizer/libpacketizer_mlp_plugin.so
6711d000-6711e000 r--p 00003000 08:06 405636     /usr/lib/vlc/plugins/packetizer/libpacketizer_mlp_plugin.so
6711e000-6711f000 rw-p 00004000 08:06 405636     /usr/lib/vlc/plugins/packetizer/libpacketizer_mlp_plugin.so
6711f000-67124000 r-xp 00000000 08:06 405637     /usr/lib/vlc/plugins/packetizer/libpacketizer_mpeg4video_plugin.so
67124000-67125000 r--p 00004000 08:06 405637     /usr/lib/vlc/plugins/packetizer/libpacketizer_mpeg4video_plugin.so
67125000-67126000 rw-p 00005000 08:06 405637     /usr/lib/vlc/plugins/packetizer/libpacketizer_mpeg4video_plugin.so
67126000-67144000 r--s 00000000 08:06 669826     /usr/share/texmf/fonts/type1/public/lm/lmbx10.pfb
67147000-6714d000 r-xp 00000000 08:06 405640     /usr/lib/vlc/plugins/packetizer/libpacketizer_mpeg4audio_plugin.so
6714d000-6714e000 r--p 00005000 08:06 405640     /usr/lib/vlc/plugins/packetizer/libpacketizer_mpeg4audio_plugin.so
6714e000-6714f000 rw-p 00006000 08:06 405640     /usr/lib/vlc/plugins/packetizer/libpacketizer_mpeg4audio_plugin.so
6714f000-67157000 r-xp 00000000 08:06 405633     /usr/lib/vlc/plugins/packetizer/libpacketizer_vc1_plugin.so
67157000-67158000 r--p 00007000 08:06 405633     /usr/lib/vlc/plugins/packetizer/libpacketizer_vc1_plugin.so
67158000-67159000 rw-p 00008000 08:06 405633     /usr/lib/vlc/plugins/packetizer/libpacketizer_vc1_plugin.so
67159000-6715f000 r-xp 00000000 08:06 405451     /usr/lib/vlc/plugins/codec/libtheora_plugin.so
6715f000-67160000 r--p 00005000 08:06 405451     /usr/lib/vlc/plugins/codec/libtheora_plugin.so
67160000-67161000 rw-p 00006000 08:06 405451     /usr/lib/vlc/plugins/codec/libtheora_plugin.so
67161000-67167000 r-xp 00000000 08:06 405479     /usr/lib/vlc/plugins/codec/libvorbis_plugin.so
67167000-67168000 r--p 00005000 08:06 405479     /usr/lib/vlc/plugins/codec/libvorbis_plugin.so
67168000-67169000 rw-p 00006000 08:06 405479     /usr/lib/vlc/plugins/codec/libvorbis_plugin.so
67169000-6716f000 r-xp 00000000 08:06 405478     /usr/lib/vlc/plugins/codec/libspeex_plugin.so
6716f000-67170000 r--p 00005000 08:06 405478     /usr/lib/vlc/plugins/codec/libspeex_plugin.so
67170000-67171000 rw-p 00006000 08:06 405478     /usr/lib/vlc/plugins/codec/libspeex_plugin.so
67171000-6717d000 r-xp 00000000 08:06 280632     /usr/lib/vlc/plugins/demux/libasf_plugin.so
6717d000-6717e000 r--p 0000b000 08:06 280632     /usr/lib/vlc/plugins/demux/libasf_plugin.so
6717e000-6717f000 rw-p 0000c000 08:06 280632     /usr/lib/vlc/plugins/demux/libasf_plugin.so
6717f000-671a4000 r--s 00000000 08:06 669819     /usr/share/texmf/fonts/type1/public/lm/lmvtko10.pfb
671a4000-671a9000 r-xp 00000000 08:06 405641     /usr/lib/vlc/plugins/packetizer/libpacketizer_dirac_plugin.so
671a9000-671aa000 r--p 00005000 08:06 405641     /usr/lib/vlc/plugins/packetizer/libpacketizer_dirac_plugin.so
671aa000-671ab000 rw-p 00006000 08:06 405641     /usr/lib/vlc/plugins/packetizer/libpacketizer_dirac_plugin.so
671ab000-671bb000 r-xp 00000000 08:06 280639     /usr/lib/vlc/plugins/demux/libavi_plugin.so
671bb000-671bc000 r--p 00010000 08:06 280639     /usr/lib/vlc/plugins/demux/libavi_plugin.so
671bc000-671bd000 rw-p 00011000 08:06 280639     /usr/lib/vlc/plugins/demux/libavi_plugin.so
671bd000-671e1000 r-xp 00000000 08:06 280624     /usr/lib/vlc/plugins/demux/libmp4_plugin.so
671e1000-671e2000 r--p 00024000 08:06 280624     /usr/lib/vlc/plugins/demux/libmp4_plugin.so
671e2000-671e3000 rw-p 00025000 08:06 280624     /usr/lib/vlc/plugins/demux/libmp4_plugin.so
671e3000-671fe000 r-xp 00000000 08:06 405646     /usr/lib/vlc/plugins/stream_filter/libstream_filter_dash_plugin.so
671fe000-671ff000 r--p 0001b000 08:06 405646     /usr/lib/vlc/plugins/stream_filter/libstream_filter_dash_plugin.so
671ff000-67200000 rw-p 0001c000 08:06 405646     /usr/lib/vlc/plugins/stream_filter/libstream_filter_dash_plugin.so
67200000-672fd000 rw-p 00000000 00:00 0 
672fd000-67300000 ---p 00000000 00:00 0 
67300000-67304000 r-xp 00000000 08:06 262619     /lib/i386-linux-gnu/libuuid.so.1.3.0
67304000-67305000 r--p 00003000 08:06 262619     /lib/i386-linux-gnu/libuuid.so.1.3.0
67305000-67306000 rw-p 00004000 08:06 262619     /lib/i386-linux-gnu/libuuid.so.1.3.0
67306000-67309000 r-xp 00000000 08:06 405458     /usr/lib/vlc/plugins/codec/libspudec_plugin.so
67309000-6730a000 r--p 00003000 08:06 405458     /usr/lib/vlc/plugins/codec/libspudec_plugin.so
6730a000-6730b000 rw-p 00004000 08:06 405458     /usr/lib/vlc/plugins/codec/libspudec_plugin.so
6730b000-6730d000 r-xp 00000000 08:06 405483     /usr/lib/vlc/plugins/codec/libaes3_plugin.so
6730d000-6730e000 r--p 00001000 08:06 405483     /usr/lib/vlc/plugins/codec/libaes3_plugin.so
6730e000-6730f000 rw-p 00002000 08:06 405483     /usr/lib/vlc/plugins/codec/libaes3_plugin.so
6730f000-6732d000 r-xp 00000000 08:06 1706115    /usr/lib/i386-linux-gnu/libdvdread.so.4.1.2
6732d000-6732e000 r--p 0001d000 08:06 1706115    /usr/lib/i386-linux-gnu/libdvdread.so.4.1.2
6732e000-6732f000 rw-p 0001e000 08:06 1706115    /usr/lib/i386-linux-gnu/libdvdread.so.4.1.2
6732f000-67363000 r-xp 00000000 08:06 1720482    /usr/lib/i386-linux-gnu/libbluray.so.1.2.0
67363000-67364000 ---p 00034000 08:06 1720482    /usr/lib/i386-linux-gnu/libbluray.so.1.2.0
67364000-67365000 r--p 00034000 08:06 1720482    /usr/lib/i386-linux-gnu/libbluray.so.1.2.0
67365000-67366000 rw-p 00035000 08:06 1720482    /usr/lib/i386-linux-gnu/libbluray.so.1.2.0
67366000-67381000 r--s 00000000 08:06 669806     /usr/share/texmf/fonts/type1/public/lm/lmtcsc10.pfb
67381000-67383000 r-xp 00000000 08:06 405480     /usr/lib/vlc/plugins/codec/librawvideo_plugin.so
67383000-67384000 r--p 00001000 08:06 405480     /usr/lib/vlc/plugins/codec/librawvideo_plugin.so
67384000-67385000 rw-p 00002000 08:06 405480     /usr/lib/vlc/plugins/codec/librawvideo_plugin.so
67385000-67389000 r-xp 00000000 08:06 405462     /usr/lib/vlc/plugins/codec/liblpcm_plugin.so
67389000-6738a000 r--p 00003000 08:06 405462     /usr/lib/vlc/plugins/codec/liblpcm_plugin.so
6738a000-6738b000 rw-p 00004000 08:06 405462     /usr/lib/vlc/plugins/codec/liblpcm_plugin.so
6738b000-673a7000 r--s 00000000 08:06 669856     /usr/share/texmf/fonts/type1/public/lm/lmri10.pfb
673a7000-673c6000 r--s 00000000 08:06 669867     /usr/share/texmf/fonts/type1/public/lm/lmssqbo8.pfb
673c6000-673cb000 r-xp 00000000 08:06 280640     /usr/lib/vlc/plugins/demux/libes_plugin.so
673cb000-673cc000 r--p 00004000 08:06 280640     /usr/lib/vlc/plugins/demux/libes_plugin.so
673cc000-673cd000 rw-p 00005000 08:06 280640     /usr/lib/vlc/plugins/demux/libes_plugin.so
673cd000-673e1000 r-xp 00000000 08:06 1706111    /usr/lib/i386-linux-gnu/libdvdnav.so.4.1.2
673e1000-673e2000 r--p 00013000 08:06 1706111    /usr/lib/i386-linux-gnu/libdvdnav.so.4.1.2
673e2000-673e3000 rw-p 00014000 08:06 1706111    /usr/lib/i386-linux-gnu/libdvdnav.so.4.1.2
673e3000-67400000 r--s 00000000 08:06 669835     /usr/share/texmf/fonts/type1/public/lm/lmssqbx8.pfb
67400000-674ff000 rw-p 00000000 00:00 0 
674ff000-67500000 ---p 00000000 00:00 0 
67501000-67502000 rwxp 00000000 00:00 0 
67502000-67505000 r-xp 00000000 08:06 1706600    /usr/lib/i386-linux-gnu/libpulse-simple.so.0.0.3
67505000-67506000 r--p 00002000 08:06 1706600    /usr/lib/i386-linux-gnu/libpulse-simple.so.0.0.3
67506000-67507000 rw-p 00003000 08:06 1706600    /usr/lib/i386-linux-gnu/libpulse-simple.so.0.0.3
67507000-67510000 r--s 00000000 08:06 272346     /usr/share/fonts/X11/Type1/c0633bt_.pfb
67511000-67515000 r-xp 00000000 08:06 280647     /usr/lib/vlc/plugins/demux/libflacsys_plugin.so
67515000-67516000 r--p 00004000 08:06 280647     /usr/lib/vlc/plugins/demux/libflacsys_plugin.so
67516000-67517000 rw-p 00005000 08:06 280647     /usr/lib/vlc/plugins/demux/libflacsys_plugin.so
67517000-67519000 r-xp 00000000 08:06 405645     /usr/lib/vlc/plugins/stream_filter/libstream_filter_record_plugin.so
67519000-6751a000 r--p 00001000 08:06 405645     /usr/lib/vlc/plugins/stream_filter/libstream_filter_record_plugin.so
6751a000-6751b000 rw-p 00002000 08:06 405645     /usr/lib/vlc/plugins/stream_filter/libstream_filter_record_plugin.so
6751b000-6751e000 r-xp 00000000 08:06 1720599    /usr/lib/vlc/plugins/access/libstream_filter_rar_plugin.so
6751e000-6751f000 r--p 00002000 08:06 1720599    /usr/lib/vlc/plugins/access/libstream_filter_rar_plugin.so
6751f000-67520000 rw-p 00003000 08:06 1720599    /usr/lib/vlc/plugins/access/libstream_filter_rar_plugin.so
67520000-67528000 r-xp 00000000 08:06 1720591    /usr/lib/vlc/plugins/access/libzip_plugin.so
67528000-67529000 r--p 00007000 08:06 1720591    /usr/lib/vlc/plugins/access/libzip_plugin.so
67529000-6752a000 rw-p 00008000 08:06 1720591    /usr/lib/vlc/plugins/access/libzip_plugin.so
6752a000-67534000 r-xp 00000000 08:06 405643     /usr/lib/vlc/plugins/stream_filter/libstream_filter_httplive_plugin.so
67534000-67535000 r--p 00009000 08:06 405643     /usr/lib/vlc/plugins/stream_filter/libstream_filter_httplive_plugin.so
67535000-67536000 rw-p 0000a000 08:06 405643     /usr/lib/vlc/plugins/stream_filter/libstream_filter_httplive_plugin.so
67536000-67558000 r--s 00000000 08:06 669781     /usr/share/texmf/fonts/type1/public/lm/lmssdo10.pfb
67558000-67559000 r-xp 00000000 08:06 405592     /usr/lib/vlc/plugins/audio_mixer/libfloat32_mixer_plugin.so
67559000-6755a000 r--p 00000000 08:06 405592     /usr/lib/vlc/plugins/audio_mixer/libfloat32_mixer_plugin.so
6755a000-6755b000 rw-p 00001000 08:06 405592     /usr/lib/vlc/plugins/audio_mixer/libfloat32_mixer_plugin.so
6755b000-6755e000 r-xp 00000000 08:06 405644     /usr/lib/vlc/plugins/stream_filter/libdecomp_plugin.so
6755e000-6755f000 r--p 00002000 08:06 405644     /usr/lib/vlc/plugins/stream_filter/libdecomp_plugin.so
6755f000-67560000 rw-p 00003000 08:06 405644     /usr/lib/vlc/plugins/stream_filter/libdecomp_plugin.so
67560000-67565000 r-xp 00000000 08:06 1720610    /usr/lib/vlc/plugins/access/libaccess_vdr_plugin.so
67565000-67566000 r--p 00004000 08:06 1720610    /usr/lib/vlc/plugins/access/libaccess_vdr_plugin.so
67566000-67567000 rw-p 00005000 08:06 1720610    /usr/lib/vlc/plugins/access/libaccess_vdr_plugin.so
67567000-6757a000 r-xp 00000000 08:06 1720590    /usr/lib/vlc/plugins/access/libaccess_bd_plugin.so
6757a000-6757b000 r--p 00012000 08:06 1720590    /usr/lib/vlc/plugins/access/libaccess_bd_plugin.so
6757b000-6757c000 rw-p 00013000 08:06 1720590    /usr/lib/vlc/plugins/access/libaccess_bd_plugin.so
6757c000-675af000 rw-s 00000000 00:04 248348786  /SYSV00000000 (deleted)
675af000-675b2000 ---p 00000000 00:00 0 
675b2000-67600000 rw-p 00000000 00:00 0          [stack:32495]
67600000-67700000 rw-p 00000000 00:00 0 
67700000-67800000 rw-p 00000000 00:00 0 
67800000-678f5000 rw-p 00000000 00:00 0 
678f5000-67900000 ---p 00000000 00:00 0 
67900000-67902000 r-xp 00000000 08:06 405485     /usr/lib/vlc/plugins/mmxext/libmemcpymmxext_plugin.so
67902000-67903000 r--p 00001000 08:06 405485     /usr/lib/vlc/plugins/mmxext/libmemcpymmxext_plugin.so
67903000-67904000 rw-p 00002000 08:06 405485     /usr/lib/vlc/plugins/mmxext/libmemcpymmxext_plugin.so
67904000-67906000 r-xp 00000000 08:06 405602     /usr/lib/vlc/plugins/services_discovery/libmtp_plugin.so
67906000-67907000 r--p 00001000 08:06 405602     /usr/lib/vlc/plugins/services_discovery/libmtp_plugin.so
67907000-67908000 rw-p 00002000 08:06 405602     /usr/lib/vlc/plugins/services_discovery/libmtp_plugin.so
67908000-679ac000 r-xp 00000000 08:06 1439034    /tmp/sqlite-3.7.151-i386-libsqlitejdbc.so
679ac000-679ad000 r--p 000a4000 08:06 1439034    /tmp/sqlite-3.7.151-i386-libsqlitejdbc.so
679ad000-679ae000 rw-p 000a5000 08:06 1439034    /tmp/sqlite-3.7.151-i386-libsqlitejdbc.so
679ae000-679af000 rw-p 00000000 00:00 0 
679af000-679b2000 ---p 00000000 00:00 0 
679b2000-67a00000 rw-p 00000000 00:00 0          [stack:32477]
67a00000-67a33000 rw-p 00000000 00:00 0 
67a33000-67b00000 ---p 00000000 00:00 0 
67b00000-67b01000 r-xp 00000000 08:06 1708656    /usr/lib/jvm/java-7-openjdk-i386/jre/lib/i386/libjawt.so
67b01000-67b02000 r--p 00000000 08:06 1708656    /usr/lib/jvm/java-7-openjdk-i386/jre/lib/i386/libjawt.so
67b02000-67b03000 rw-p 00001000 08:06 1708656    /usr/lib/jvm/java-7-openjdk-i386/jre/lib/i386/libjawt.so
67b03000-67b07000 r-xp 00000000 08:06 1720609    /usr/lib/vlc/plugins/access/libfilesystem_plugin.so
67b07000-67b08000 r--p 00003000 08:06 1720609    /usr/lib/vlc/plugins/access/libfilesystem_plugin.so
67b08000-67b09000 rw-p 00004000 08:06 1720609    /usr/lib/vlc/plugins/access/libfilesystem_plugin.so
67b09000-67b13000 r-xp 00000000 08:06 1720582    /usr/lib/vlc/plugins/access/libdvdnav_plugin.so
67b13000-67b14000 r--p 0000a000 08:06 1720582    /usr/lib/vlc/plugins/access/libdvdnav_plugin.so
67b14000-67b15000 rw-p 0000b000 08:06 1720582    /usr/lib/vlc/plugins/access/libdvdnav_plugin.so
67b15000-67b1a000 r-xp 00000000 08:06 1720612    /usr/lib/vlc/plugins/access/liblibbluray_plugin.so
67b1a000-67b1b000 r--p 00004000 08:06 1720612    /usr/lib/vlc/plugins/access/liblibbluray_plugin.so
67b1b000-67b1c000 rw-p 00005000 08:06 1720612    /usr/lib/vlc/plugins/access/liblibbluray_plugin.so
67b1c000-67b23000 r--s 00000000 08:06 1707538    /usr/lib/i386-linux-gnu/gconv/gconv-modules.cache
67b23000-67b24000 rw-p 00000000 00:00 0 
67b24000-67b46000 r--s 00000000 08:06 669849     /usr/share/texmf/fonts/type1/public/lm/lmssbo10.pfb
67b46000-67b4b000 r--s 0004c000 08:06 1708535    /usr/lib/jvm/java-7-openjdk-common/jre/lib/jsse.jar
67b4b000-67b4e000 ---p 00000000 00:00 0 
67b4e000-67b9c000 rw-p 00000000 00:00 0          [stack:32476]
67b9c000-67bad000 r-xp 00000000 08:06 1708665    /usr/lib/jvm/java-7-openjdk-i386/jre/lib/i386/libnio.so
67bad000-67bae000 r--p 00010000 08:06 1708665    /usr/lib/jvm/java-7-openjdk-i386/jre/lib/i386/libnio.so
67bae000-67baf000 rw-p 00011000 08:06 1708665    /usr/lib/jvm/java-7-openjdk-i386/jre/lib/i386/libnio.so
67baf000-67bb0000 r--s 00000000 08:06 936139     /var/cache/fontconfig/c05880de57d1f5e948fdfacc138775d9-le32d4.cache-3
67bb0000-67bb6000 r--s 00000000 08:06 936131     /var/cache/fontconfig/945677eb7aeaf62f1d50efc3fb3ec7d8-le32d4.cache-3
67bb6000-67bb9000 r--s 00000000 08:06 938992     /var/cache/fontconfig/99e8ed0e538f840c565b6ed5dad60d56-le32d4.cache-3
67bb9000-67bbf000 r--s 00000000 08:06 936659     /var/cache/fontconfig/a6d8cf8e4ec09cdbc8633c31745a07dd-le32d4.cache-3
67bbf000-67bc2000 r--s 00000000 08:06 936113     /var/cache/fontconfig/2cd17615ca594fa2959ae173292e504c-le32d4.cache-3
67bc2000-67bc3000 r--s 00000000 08:06 936148     /var/cache/fontconfig/e7071f4a29fa870f4323321c154eba04-le32d4.cache-3
67bc3000-67bc7000 r--s 00000000 08:06 936658     /var/cache/fontconfig/6eb3985aa4124903f6ff08ba781cd364-le32d4.cache-3
67bc7000-67bc8000 r--s 00000000 08:06 936110     /var/cache/fontconfig/0d8c3b2ac0904cb8a57a757ad11a4a08-le32d4.cache-3
67bc8000-67bcc000 r--s 00000000 08:06 936135     /var/cache/fontconfig/a755afe4a08bf5b97852ceb7400b47bc-le32d4.cache-3
67bcc000-67bd3000 r--s 00000000 08:06 936126     /var/cache/fontconfig/6d41288fd70b0be22e8c3a91e032eec0-le32d4.cache-3
67bd3000-67bde000 r--s 00000000 08:06 936108     /var/cache/fontconfig/04aabc0a78ac019cf9454389977116d2-le32d4.cache-3
67bde000-67bdf000 r--s 00000000 08:06 936112     /var/cache/fontconfig/1ac9eb803944fde146138c791f5cc56a-le32d4.cache-3
67bdf000-67be2000 r--s 00000000 08:06 936117     /var/cache/fontconfig/385c0604a188198f04d133e54aba7fe7-le32d4.cache-3
67be2000-67be3000 r--s 00000000 08:06 938732     /var/cache/fontconfig/9c956a7723ca69a44b382d9179c9802f-le32d4.cache-3
67be3000-67be4000 r--s 00000000 08:06 936145     /var/cache/fontconfig/dc05db6664285cc2f12bf69c139ae4c3-le32d4.cache-3
67be4000-67be6000 r--s 00000000 08:06 936128     /var/cache/fontconfig/767a8244fc0220cfb567a839d0392e0b-le32d4.cache-3
67be6000-67be7000 r--s 00000000 08:06 936118     /var/cache/fontconfig/4794a0821666d79190d59a36cb4f44b5-le32d4.cache-3
67be7000-67be8000 r--s 00000000 08:06 938731     /var/cache/fontconfig/9eae20f1ff8cc0a7d125749e875856bd-le32d4.cache-3
67be8000-67bea000 r--s 00000000 08:06 938730     /var/cache/fontconfig/bf2c1853a9e9b00bb02fe2e9bcf1e201-le32d4.cache-3
67bea000-67bed000 r--s 00000000 08:06 936130     /var/cache/fontconfig/8801497958630a81b71ace7c5f9b32a8-le32d4.cache-3
67bed000-67c10000 r--s 00000000 08:06 938729     /var/cache/fontconfig/365b55f210c0a22e9a19e35191240f32-le32d4.cache-3
67c10000-67c12000 r--s 00000000 08:06 938722     /var/cache/fontconfig/c57959a16110560c8d0fcea73374aeeb-le32d4.cache-3
67c12000-67c16000 r--s 00000000 08:06 936114     /var/cache/fontconfig/3047814df9a2f067bd2d96a2b9c36e5a-le32d4.cache-3
67c16000-67c17000 r--s 00000000 08:06 936121     /var/cache/fontconfig/56cf4f4769d0f4abc89a4895d7bd3ae1-le32d4.cache-3
67c17000-67c18000 r--s 00000000 08:06 936138     /var/cache/fontconfig/b9d506c9ac06c20b433354fa67a72993-le32d4.cache-3
67c18000-67c1c000 r--s 00000000 08:06 936137     /var/cache/fontconfig/b47c4e1ecd0709278f4910c18777a504-le32d4.cache-3
67c1c000-67c1e000 r--s 00000000 08:06 938728     /var/cache/fontconfig/14d493b97896515cad3840ba4896e372-le32d4.cache-3
67c1e000-67c1f000 r--s 00000000 08:06 938727     /var/cache/fontconfig/89034621ae2a8922916bb6bfa5799546-le32d4.cache-3
67c1f000-67c25000 r--s 00000000 08:06 936657     /var/cache/fontconfig/52f7bdb7ce746bfd7eaa1985bd9cfa93-le32d4.cache-3
67c25000-67c27000 r--s 00000000 08:06 936147     /var/cache/fontconfig/e49e89034d371f0f9de17aab02136486-le32d4.cache-3
67c27000-67c34000 r--s 00000000 08:06 936143     /var/cache/fontconfig/d52a8644073d54c13679302ca1180695-le32d4.cache-3
67c34000-67c3a000 r--s 00000000 08:06 936656     /var/cache/fontconfig/3f7329c5293ffd510edef78f73874cfd-le32d4.cache-3
67c3a000-67c3c000 r--s 00000000 08:06 938726     /var/cache/fontconfig/65f976e5259cbe6dc7697b8648396239-le32d4.cache-3
67c3c000-67c43000 r--s 00000000 08:06 938721     /var/cache/fontconfig/83bf95040141907cd45bb53cf7c1c148-le32d4.cache-3
67c43000-67c4c000 r--s 00000000 08:06 938720     /var/cache/fontconfig/53d14c92082a93e67d5078324eb314ca-le32d4.cache-3
67c4c000-67c59000 r--s 00000000 08:06 938717     /var/cache/fontconfig/4ac51e5cfbc76fc3f983e470323a16d3-le32d4.cache-3
67c59000-67c6a000 r--s 00000000 08:06 938993     /var/cache/fontconfig/467c019e582ee353435ea5c21d137ef6-le32d4.cache-3
67c6a000-67cad000 r-xp 00000000 08:06 1708645    /usr/lib/jvm/java-7-openjdk-i386/jre/lib/i386/libfontmanager.so
67cad000-67cae000 r--p 00043000 08:06 1708645    /usr/lib/jvm/java-7-openjdk-i386/jre/lib/i386/libfontmanager.so
67cae000-67caf000 rw-p 00044000 08:06 1708645    /usr/lib/jvm/java-7-openjdk-i386/jre/lib/i386/libfontmanager.so
67caf000-67cb2000 ---p 00000000 00:00 0 
67cb2000-67d00000 rw-p 00000000 00:00 0          [stack:32475]
67d00000-67e00000 rw-p 00000000 00:00 0 
67e00000-67e01000 r--s 00000000 08:06 936119     /var/cache/fontconfig/4b14b093aebc79c320de5e86ae1d3314-le32d4.cache-3
67e01000-67e02000 r--s 00000000 08:06 938725     /var/cache/fontconfig/94f7fe9bd33aadfac165873bd010d595-le32d4.cache-3
67e02000-67e03000 r--s 00000000 08:06 938724     /var/cache/fontconfig/423767150eb258c59035de29db6fca84-le32d4.cache-3
67e03000-67e0b000 r--s 00000000 08:06 938718     /var/cache/fontconfig/e13b20fdb08344e0e664864cc2ede53d-le32d4.cache-3
67e0b000-67e0f000 r--s 00000000 08:06 940648     /var/cache/fontconfig/7ef2298fde41cc6eeb7af42e48b7d293-le32d4.cache-3
67e0f000-67e13000 r--s 00000000 08:06 394128     /home/gene/.cache/fontconfig/3ecda6abc85ff6f54114f03ae3c1fe72-le32d4.cache-3
67e13000-67e16000 ---p 00000000 00:00 0 
67e16000-67e64000 rw-p 00000000 00:00 0          [stack:32474]
67e64000-68fd3000 r-xp 00000000 08:06 1706398    /usr/lib/i386-linux-gnu/libicudata.so.48.1.1
68fd3000-68fd4000 r--p 0116e000 08:06 1706398    /usr/lib/i386-linux-gnu/libicudata.so.48.1.1
68fd4000-68fd5000 rw-p 0116f000 08:06 1706398    /usr/lib/i386-linux-gnu/libicudata.so.48.1.1
68fd5000-68fd8000 r-xp 00000000 08:06 262501     /lib/i386-linux-gnu/libgpg-error.so.0.8.0
68fd8000-68fd9000 r--p 00002000 08:06 262501     /lib/i386-linux-gnu/libgpg-error.so.0.8.0
68fd9000-68fda000 rw-p 00003000 08:06 262501     /lib/i386-linux-gnu/libgpg-error.so.0.8.0
68fda000-68fdc000 r-xp 00000000 08:06 262512     /lib/i386-linux-gnu/libkeyutils.so.1.4
68fdc000-68fdd000 r--p 00002000 08:06 262512     /lib/i386-linux-gnu/libkeyutils.so.1.4
68fdd000-68fde000 rw-p 00003000 08:06 262512     /lib/i386-linux-gnu/libkeyutils.so.1.4
68fde000-69134000 r-xp 00000000 08:06 1706412    /usr/lib/i386-linux-gnu/libicuuc.so.48.1.1
69134000-6913e000 r--p 00155000 08:06 1706412    /usr/lib/i386-linux-gnu/libicuuc.so.48.1.1
6913e000-6913f000 rw-p 0015f000 08:06 1706412    /usr/lib/i386-linux-gnu/libicuuc.so.48.1.1
6913f000-69143000 rw-p 00000000 00:00 0 
69143000-69176000 r-xp 00000000 08:06 1706404    /usr/lib/i386-linux-gnu/libicule.so.48.1.1
69176000-69177000 ---p 00033000 08:06 1706404    /usr/lib/i386-linux-gnu/libicule.so.48.1.1
69177000-69178000 r--p 00033000 08:06 1706404    /usr/lib/i386-linux-gnu/libicule.so.48.1.1
69178000-69179000 rw-p 00034000 08:06 1706404    /usr/lib/i386-linux-gnu/libicule.so.48.1.1
69179000-691c1000 r-xp 00000000 08:06 262482     /lib/i386-linux-gnu/libdbus-1.so.3.7.2
691c1000-691c2000 r--p 00047000 08:06 262482     /lib/i386-linux-gnu/libdbus-1.so.3.7.2
691c2000-691c3000 rw-p 00048000 08:06 262482     /lib/i386-linux-gnu/libdbus-1.so.3.7.2
691c3000-691d5000 r-xp 00000000 08:06 1706541    /usr/lib/i386-linux-gnu/libp11-kit.so.0.0.0
691d5000-691d6000 r--p 00011000 08:06 1706541    /usr/lib/i386-linux-gnu/libp11-kit.so.0.0.0
691d6000-691d7000 rw-p 00012000 08:06 1706541    /usr/lib/i386-linux-gnu/libp11-kit.so.0.0.0
691d7000-691e7000 r-xp 00000000 08:06 1706699    /usr/lib/i386-linux-gnu/libtasn1.so.3.2.0
691e7000-691e8000 r--p 0000f000 08:06 1706699    /usr/lib/i386-linux-gnu/libtasn1.so.3.2.0
691e8000-691e9000 rw-p 00010000 08:06 1706699    /usr/lib/i386-linux-gnu/libtasn1.so.3.2.0
691e9000-6926a000 r-xp 00000000 08:06 262497     /lib/i386-linux-gnu/libgcrypt.so.11.7.0
6926a000-6926b000 r--p 00080000 08:06 262497     /lib/i386-linux-gnu/libgcrypt.so.11.7.0
6926b000-6926d000 rw-p 00081000 08:06 262497     /lib/i386-linux-gnu/libgcrypt.so.11.7.0
6926d000-69274000 r-xp 00000000 08:06 1706449    /usr/lib/i386-linux-gnu/libkrb5support.so.0.1
69274000-69275000 r--p 00006000 08:06 1706449    /usr/lib/i386-linux-gnu/libkrb5support.so.0.1
69275000-69276000 rw-p 00007000 08:06 1706449    /usr/lib/i386-linux-gnu/libkrb5support.so.0.1
69276000-69279000 r-xp 00000000 08:06 262477     /lib/i386-linux-gnu/libcom_err.so.2.1
69279000-6927a000 r--p 00002000 08:06 262477     /lib/i386-linux-gnu/libcom_err.so.2.1
6927a000-6927b000 rw-p 00003000 08:06 262477     /lib/i386-linux-gnu/libcom_err.so.2.1
6927b000-692a1000 r-xp 00000000 08:06 1706443    /usr/lib/i386-linux-gnu/libk5crypto.so.3.1
692a1000-692a2000 r--p 00026000 08:06 1706443    /usr/lib/i386-linux-gnu/libk5crypto.so.3.1
692a2000-692a3000 rw-p 00027000 08:06 1706443    /usr/lib/i386-linux-gnu/libk5crypto.so.3.1
692a3000-6936a000 r-xp 00000000 08:06 1706447    /usr/lib/i386-linux-gnu/libkrb5.so.3.3
6936a000-69370000 r--p 000c6000 08:06 1706447    /usr/lib/i386-linux-gnu/libkrb5.so.3.3
69370000-69371000 rw-p 000cc000 08:06 1706447    /usr/lib/i386-linux-gnu/libkrb5.so.3.3
69371000-69409000 r-xp 00000000 08:06 1706380    /usr/lib/i386-linux-gnu/libharfbuzz.so.0.913.0
69409000-6940a000 ---p 00098000 08:06 1706380    /usr/lib/i386-linux-gnu/libharfbuzz.so.0.913.0
6940a000-6940b000 r--p 00098000 08:06 1706380    /usr/lib/i386-linux-gnu/libharfbuzz.so.0.913.0
6940b000-6940c000 rw-p 00099000 08:06 1706380    /usr/lib/i386-linux-gnu/libharfbuzz.so.0.913.0
6940c000-69414000 r-xp 00000000 08:06 1706787    /usr/lib/i386-linux-gnu/libxcb-render.so.0.0.0
69414000-69415000 r--p 00008000 08:06 1706787    /usr/lib/i386-linux-gnu/libxcb-render.so.0.0.0
69415000-69416000 rw-p 00009000 08:06 1706787    /usr/lib/i386-linux-gnu/libxcb-render.so.0.0.0
69416000-69418000 r-xp 00000000 08:06 1706791    /usr/lib/i386-linux-gnu/libxcb-shm.so.0.0.0
69418000-69419000 r--p 00001000 08:06 1706791    /usr/lib/i386-linux-gnu/libxcb-shm.so.0.0.0
69419000-6941a000 rw-p 00002000 08:06 1706791    /usr/lib/i386-linux-gnu/libxcb-shm.so.0.0.0
6941a000-69441000 r-xp 00000000 08:06 262578     /lib/i386-linux-gnu/libpng12.so.0.49.0
69441000-69442000 r--p 00026000 08:06 262578     /lib/i386-linux-gnu/libpng12.so.0.49.0
69442000-69443000 rw-p 00027000 08:06 262578     /lib/i386-linux-gnu/libpng12.so.0.49.0
69443000-694d7000 r-xp 00000000 08:06 1706571    /usr/lib/i386-linux-gnu/libpixman-1.so.0.28.2
694d7000-694dc000 r--p 00093000 08:06 1706571    /usr/lib/i386-linux-gnu/libpixman-1.so.0.28.2
694dc000-694dd000 rw-p 00098000 08:06 1706571    /usr/lib/i386-linux-gnu/libpixman-1.so.0.28.2
694dd000-694e2000 r-xp 00000000 08:06 1705898    /usr/lib/i386-linux-gnu/libXdmcp.so.6.0.0
694e2000-694e3000 r--p 00004000 08:06 1705898    /usr/lib/i386-linux-gnu/libXdmcp.so.6.0.0
694e3000-694e4000 rw-p 00005000 08:06 1705898    /usr/lib/i386-linux-gnu/libXdmcp.so.6.0.0
694e4000-694e6000 r-xp 00000000 08:06 1705887    /usr/lib/i386-linux-gnu/libXau.so.6.0.0
694e6000-694e7000 r--p 00001000 08:06 1705887    /usr/lib/i386-linux-gnu/libXau.so.6.0.0
694e7000-694e8000 rw-p 00002000 08:06 1705887    /usr/lib/i386-linux-gnu/libXau.so.6.0.0
694e8000-694f8000 r-xp 00000000 08:06 1705977    /usr/lib/i386-linux-gnu/libavahi-client.so.3.2.9
694f8000-694f9000 r--p 0000f000 08:06 1705977    /usr/lib/i386-linux-gnu/libavahi-client.so.3.2.9
694f9000-694fa000 rw-p 00010000 08:06 1705977    /usr/lib/i386-linux-gnu/libavahi-client.so.3.2.9
694fa000-69506000 r-xp 00000000 08:06 1705979    /usr/lib/i386-linux-gnu/libavahi-common.so.3.5.3
69506000-69507000 r--p 0000b000 08:06 1705979    /usr/lib/i386-linux-gnu/libavahi-common.so.3.5.3
69507000-69508000 rw-p 0000c000 08:06 1705979    /usr/lib/i386-linux-gnu/libavahi-common.so.3.5.3
69508000-695c8000 r-xp 00000000 08:06 1706251    /usr/lib/i386-linux-gnu/libgnutls.so.26.22.6
695c8000-695cc000 r--p 000bf000 08:06 1706251    /usr/lib/i386-linux-gnu/libgnutls.so.26.22.6
695cc000-695cd000 rw-p 000c3000 08:06 1706251    /usr/lib/i386-linux-gnu/libgnutls.so.26.22.6
695cd000-69608000 r-xp 00000000 08:06 1706276    /usr/lib/i386-linux-gnu/libgssapi_krb5.so.2.2
69608000-69609000 r--p 0003a000 08:06 1706276    /usr/lib/i386-linux-gnu/libgssapi_krb5.so.2.2
69609000-6960a000 rw-p 0003b000 08:06 1706276    /usr/lib/i386-linux-gnu/libgssapi_krb5.so.2.2
6960a000-69649000 r-xp 00000000 08:06 262566     /lib/i386-linux-gnu/libpcre.so.3.13.1
69649000-6964a000 r--p 0003f000 08:06 262566     /lib/i386-linux-gnu/libpcre.so.3.13.1
6964a000-6964b000 rw-p 00040000 08:06 262566     /lib/i386-linux-gnu/libpcre.so.3.13.1
6964b000-69650000 r-xp 00000000 08:06 1706141    /usr/lib/i386-linux-gnu/libffi.so.6.0.1
69650000-69651000 r--p 00005000 08:06 1706141    /usr/lib/i386-linux-gnu/libffi.so.6.0.1
69651000-69652000 rw-p 00006000 08:06 1706141    /usr/lib/i386-linux-gnu/libffi.so.6.0.1
69652000-69677000 r-xp 00000000 08:06 262490     /lib/i386-linux-gnu/libexpat.so.1.6.0
69677000-69679000 r--p 00025000 08:06 262490     /lib/i386-linux-gnu/libexpat.so.1.6.0
69679000-6967a000 rw-p 00027000 08:06 262490     /lib/i386-linux-gnu/libexpat.so.1.6.0
6967a000-69710000 r-xp 00000000 08:06 1706179    /usr/lib/i386-linux-gnu/libfreetype.so.6.10.0
69710000-69714000 r--p 00095000 08:06 1706179    /usr/lib/i386-linux-gnu/libfreetype.so.6.10.0
69714000-69715000 rw-p 00099000 08:06 1706179    /usr/lib/i386-linux-gnu/libfreetype.so.6.10.0
69715000-69728000 r-xp 00000000 08:06 262589     /lib/i386-linux-gnu/libresolv-2.17.so
69728000-69729000 r--p 00013000 08:06 262589     /lib/i386-linux-gnu/libresolv-2.17.so
69729000-6972a000 rw-p 00014000 08:06 262589     /lib/i386-linux-gnu/libresolv-2.17.so
6972a000-6972c000 rw-p 00000000 00:00 0 
6972c000-69749000 r-xp 00000000 08:06 262593     /lib/i386-linux-gnu/libselinux.so.1
69749000-6974a000 r--p 0001c000 08:06 262593     /lib/i386-linux-gnu/libselinux.so.1
6974a000-6974b000 rw-p 0001d000 08:06 262593     /lib/i386-linux-gnu/libselinux.so.1
6974b000-69754000 r-xp 00000000 08:06 1705894    /usr/lib/i386-linux-gnu/libXcursor.so.1.0.2
69754000-69755000 r--p 00008000 08:06 1705894    /usr/lib/i386-linux-gnu/libXcursor.so.1.0.2
69755000-69756000 rw-p 00009000 08:06 1705894    /usr/lib/i386-linux-gnu/libXcursor.so.1.0.2
69756000-69768000 r-xp 00000000 08:06 1706553    /usr/lib/i386-linux-gnu/libpangoft2-1.0.so.0.3200.5
69768000-69769000 r--p 00011000 08:06 1706553    /usr/lib/i386-linux-gnu/libpangoft2-1.0.so.0.3200.5
69769000-6976a000 rw-p 00012000 08:06 1706553    /usr/lib/i386-linux-gnu/libpangoft2-1.0.so.0.3200.5
6976a000-6987d000 r-xp 00000000 08:06 1706005    /usr/lib/i386-linux-gnu/libcairo.so.2.11200.14
6987d000-6987f000 r--p 00113000 08:06 1706005    /usr/lib/i386-linux-gnu/libcairo.so.2.11200.14
6987f000-69880000 rw-p 00115000 08:06 1706005    /usr/lib/i386-linux-gnu/libcairo.so.2.11200.14
69880000-69881000 rw-p 00000000 00:00 0 
69881000-6989f000 r-xp 00000000 08:06 1705967    /usr/lib/i386-linux-gnu/libatk-1.0.so.0.20809.1
6989f000-698a1000 r--p 0001d000 08:06 1705967    /usr/lib/i386-linux-gnu/libatk-1.0.so.0.20809.1
698a1000-698a2000 rw-p 0001f000 08:06 1705967    /usr/lib/i386-linux-gnu/libatk-1.0.so.0.20809.1
698a2000-698c2000 r-xp 00000000 08:06 1720908    /usr/lib/i386-linux-gnu/libxcb.so.1.1.0
698c2000-698c3000 r--p 0001f000 08:06 1720908    /usr/lib/i386-linux-gnu/libxcb.so.1.1.0
698c3000-698c4000 rw-p 00020000 08:06 1720908    /usr/lib/i386-linux-gnu/libxcb.so.1.1.0
698c4000-6991e000 r-xp 00000000 08:06 1706064    /usr/lib/i386-linux-gnu/libcups.so.2
6991e000-6991f000 ---p 0005a000 08:06 1706064    /usr/lib/i386-linux-gnu/libcups.so.2
6991f000-69922000 r--p 0005a000 08:06 1706064    /usr/lib/i386-linux-gnu/libcups.so.2
69922000-69923000 rw-p 0005d000 08:06 1706064    /usr/lib/i386-linux-gnu/libcups.so.2
69923000-69a22000 r-xp 00000000 08:06 262499     /lib/i386-linux-gnu/libglib-2.0.so.0.3600.0
69a22000-69a23000 r--p 000fe000 08:06 262499     /lib/i386-linux-gnu/libglib-2.0.so.0.3600.0
69a23000-69a24000 rw-p 000ff000 08:06 262499     /lib/i386-linux-gnu/libglib-2.0.so.0.3600.0
69a24000-69a72000 r-xp 00000000 08:06 1706257    /usr/lib/i386-linux-gnu/libgobject-2.0.so.0.3600.0
69a72000-69a73000 r--p 0004d000 08:06 1706257    /usr/lib/i386-linux-gnu/libgobject-2.0.so.0.3600.0
69a73000-69a74000 rw-p 0004e000 08:06 1706257    /usr/lib/i386-linux-gnu/libgobject-2.0.so.0.3600.0
69a74000-69aab000 r-xp 00000000 08:06 1706167    /usr/lib/i386-linux-gnu/libfontconfig.so.1.6.2
69aab000-69aac000 r--p 00036000 08:06 1706167    /usr/lib/i386-linux-gnu/libfontconfig.so.1.6.2
69aac000-69aad000 rw-p 00037000 08:06 1706167    /usr/lib/i386-linux-gnu/libfontconfig.so.1.6.2
69aad000-69af6000 r-xp 00000000 08:06 1706549    /usr/lib/i386-linux-gnu/libpango-1.0.so.0.3200.5
69af6000-69af7000 r--p 00049000 08:06 1706549    /usr/lib/i386-linux-gnu/libpango-1.0.so.0.3200.5
69af7000-69af8000 rw-p 0004a000 08:06 1706549    /usr/lib/i386-linux-gnu/libpango-1.0.so.0.3200.5
69af8000-69c58000 r-xp 00000000 08:06 1706227    /usr/lib/i386-linux-gnu/libgio-2.0.so.0.3600.0
69c58000-69c5a000 r--p 00160000 08:06 1706227    /usr/lib/i386-linux-gnu/libgio-2.0.so.0.3600.0
69c5a000-69c5b000 rw-p 00162000 08:06 1706227    /usr/lib/i386-linux-gnu/libgio-2.0.so.0.3600.0
69c5b000-69c5c000 rw-p 00000000 00:00 0 
69c5c000-69d07000 r-xp 00000000 08:06 1706206    /usr/lib/i386-linux-gnu/libgdk-x11-2.0.so.0.2400.17
69d07000-69d09000 r--p 000ab000 08:06 1706206    /usr/lib/i386-linux-gnu/libgdk-x11-2.0.so.0.2400.17
69d09000-69d0a000 rw-p 000ad000 08:06 1706206    /usr/lib/i386-linux-gnu/libgdk-x11-2.0.so.0.2400.17
69d0a000-6a16b000 r-xp 00000000 08:06 1706364    /usr/lib/i386-linux-gnu/libgtk-x11-2.0.so.0.2400.17
6a16b000-6a16f000 r--p 00461000 08:06 1706364    /usr/lib/i386-linux-gnu/libgtk-x11-2.0.so.0.2400.17
6a16f000-6a171000 rw-p 00465000 08:06 1706364    /usr/lib/i386-linux-gnu/libgtk-x11-2.0.so.0.2400.17
6a171000-6a173000 rw-p 00000000 00:00 0 
6a173000-6a2a6000 r-xp 00000000 08:06 1706796    /usr/lib/i386-linux-gnu/libX11.so.6.3.0
6a2a6000-6a2a7000 r--p 00132000 08:06 1706796    /usr/lib/i386-linux-gnu/libX11.so.6.3.0
6a2a7000-6a2aa000 rw-p 00133000 08:06 1706796    /usr/lib/i386-linux-gnu/libX11.so.6.3.0
6a2aa000-6a2fc000 r-xp 00000000 08:06 1708686    /usr/lib/jvm/java-7-openjdk-i386/jre/lib/i386/xawt/libmawt.so
6a2fc000-6a2fd000 r--p 00051000 08:06 1708686    /usr/lib/jvm/java-7-openjdk-i386/jre/lib/i386/xawt/libmawt.so
6a2fd000-6a2ff000 rw-p 00052000 08:06 1708686    /usr/lib/jvm/java-7-openjdk-i386/jre/lib/i386/xawt/libmawt.so
6a2ff000-6a300000 rw-p 00000000 00:00 0 
6a300000-6a400000 rw-p 00000000 00:00 0 
6a400000-6a401000 r--s 00000000 08:06 938723     /var/cache/fontconfig/406a1d2d2bf3ed7664fbadefac0b2f66-le32d4.cache-3
6a401000-6a403000 r-xp 00000000 08:06 1705896    /usr/lib/i386-linux-gnu/libXdamage.so.1.1.0
6a403000-6a404000 r--p 00001000 08:06 1705896    /usr/lib/i386-linux-gnu/libXdamage.so.1.1.0
6a404000-6a405000 rw-p 00002000 08:06 1705896    /usr/lib/i386-linux-gnu/libXdamage.so.1.1.0
6a405000-6a40e000 r-xp 00000000 08:06 1705918    /usr/lib/i386-linux-gnu/libXrandr.so.2.2.0
6a40e000-6a40f000 r--p 00008000 08:06 1705918    /usr/lib/i386-linux-gnu/libXrandr.so.2.2.0
6a40f000-6a410000 rw-p 00009000 08:06 1705918    /usr/lib/i386-linux-gnu/libXrandr.so.2.2.0
6a410000-6a41b000 r-xp 00000000 08:06 1706551    /usr/lib/i386-linux-gnu/libpangocairo-1.0.so.0.3200.5
6a41b000-6a41c000 r--p 0000a000 08:06 1706551    /usr/lib/i386-linux-gnu/libpangocairo-1.0.so.0.3200.5
6a41c000-6a41d000 rw-p 0000b000 08:06 1706551    /usr/lib/i386-linux-gnu/libpangocairo-1.0.so.0.3200.5
6a41d000-6a4af000 r-xp 00000000 08:06 1708643    /usr/lib/jvm/java-7-openjdk-i386/jre/lib/i386/libawt.so
6a4af000-6a4b0000 r--p 00091000 08:06 1708643    /usr/lib/jvm/java-7-openjdk-i386/jre/lib/i386/libawt.so
6a4b0000-6a4b7000 rw-p 00092000 08:06 1708643    /usr/lib/jvm/java-7-openjdk-i386/jre/lib/i386/libawt.so
6a4b7000-6a4db000 rw-p 00000000 00:00 0 
6a4db000-6a4dc000 ---p 00000000 00:00 0 
6a4dc000-6a55c000 rw-p 00000000 00:00 0          [stack:32473]
6a55c000-6a55f000 ---p 00000000 00:00 0 
6a55f000-6a5ad000 rw-p 00000000 00:00 0          [stack:32472]
6a5ad000-6a5b0000 ---p 00000000 00:00 0 
6a5b0000-6a62e000 rw-p 00000000 00:00 0          [stack:32471]
6a62e000-6a631000 ---p 00000000 00:00 0 
6a631000-6a6af000 rw-p 00000000 00:00 0          [stack:32470]
6a6af000-6a6b2000 ---p 00000000 00:00 0 
6a6b2000-6a700000 rw-p 00000000 00:00 0          [stack:32469]
6a700000-6a900000 r--p 00000000 08:06 1709808    /usr/lib/locale/locale-archive
6a900000-6aa00000 rw-p 00000000 00:00 0 
6aa00000-6ab00000 rw-p 00000000 00:00 0 
6ab00000-6abfd000 rw-p 00000000 00:00 0 
6abfd000-6ac00000 ---p 00000000 00:00 0 
6ac00000-6ac02000 r-xp 00000000 08:06 1705892    /usr/lib/i386-linux-gnu/libXcomposite.so.1.0.0
6ac02000-6ac03000 r--p 00001000 08:06 1705892    /usr/lib/i386-linux-gnu/libXcomposite.so.1.0.0
6ac03000-6ac04000 rw-p 00002000 08:06 1705892    /usr/lib/i386-linux-gnu/libXcomposite.so.1.0.0
6ac04000-6ac09000 r-xp 00000000 08:06 1705902    /usr/lib/i386-linux-gnu/libXfixes.so.3.1.0
6ac09000-6ac0a000 r--p 00004000 08:06 1705902    /usr/lib/i386-linux-gnu/libXfixes.so.3.1.0
6ac0a000-6ac0b000 rw-p 00005000 08:06 1705902    /usr/lib/i386-linux-gnu/libXfixes.so.3.1.0
6ac0b000-6ac2b000 r-xp 00000000 08:06 1706208    /usr/lib/i386-linux-gnu/libgdk_pixbuf-2.0.so.0.2800.0
6ac2b000-6ac2c000 ---p 00020000 08:06 1706208    /usr/lib/i386-linux-gnu/libgdk_pixbuf-2.0.so.0.2800.0
6ac2c000-6ac2d000 r--p 00020000 08:06 1706208    /usr/lib/i386-linux-gnu/libgdk_pixbuf-2.0.so.0.2800.0
6ac2d000-6ac2e000 rw-p 00021000 08:06 1706208    /usr/lib/i386-linux-gnu/libgdk_pixbuf-2.0.so.0.2800.0
6ac2e000-6ac31000 ---p 00000000 00:00 0 
6ac31000-6ac7f000 rw-p 00000000 00:00 0          [stack:32468]
6ac7f000-6ac80000 ---p 00000000 00:00 0 
6ac80000-6ad00000 rw-p 00000000 00:00 0          [stack:32466]
6ad00000-6adff000 rw-p 00000000 00:00 0 
6adff000-6ae00000 ---p 00000000 00:00 0 
6ae00000-6ae02000 r-xp 00000000 08:06 1705908    /usr/lib/i386-linux-gnu/libXinerama.so.1.0.0
6ae02000-6ae03000 r--p 00001000 08:06 1705908    /usr/lib/i386-linux-gnu/libXinerama.so.1.0.0
6ae03000-6ae04000 rw-p 00002000 08:06 1705908    /usr/lib/i386-linux-gnu/libXinerama.so.1.0.0
6ae04000-6ae07000 r-xp 00000000 08:06 1706237    /usr/lib/i386-linux-gnu/libgmodule-2.0.so.0.3600.0
6ae07000-6ae08000 r--p 00002000 08:06 1706237    /usr/lib/i386-linux-gnu/libgmodule-2.0.so.0.3600.0
6ae08000-6ae09000 rw-p 00003000 08:06 1706237    /usr/lib/i386-linux-gnu/libgmodule-2.0.so.0.3600.0
6ae09000-6ae17000 r-xp 00000000 08:06 1705906    /usr/lib/i386-linux-gnu/libXi.so.6.1.0
6ae17000-6ae18000 r--p 0000d000 08:06 1705906    /usr/lib/i386-linux-gnu/libXi.so.6.1.0
6ae18000-6ae19000 rw-p 0000e000 08:06 1705906    /usr/lib/i386-linux-gnu/libXi.so.6.1.0
6ae19000-6ae21000 r-xp 00000000 08:06 1705920    /usr/lib/i386-linux-gnu/libXrender.so.1.3.0
6ae21000-6ae22000 r--p 00007000 08:06 1705920    /usr/lib/i386-linux-gnu/libXrender.so.1.3.0
6ae22000-6ae23000 rw-p 00008000 08:06 1705920    /usr/lib/i386-linux-gnu/libXrender.so.1.3.0
6ae23000-6ae33000 r-xp 00000000 08:06 1705900    /usr/lib/i386-linux-gnu/libXext.so.6.4.0
6ae33000-6ae34000 r--p 0000f000 08:06 1705900    /usr/lib/i386-linux-gnu/libXext.so.6.4.0
6ae34000-6ae35000 rw-p 00010000 08:06 1705900    /usr/lib/i386-linux-gnu/libXext.so.6.4.0
6ae35000-6afe2000 r--s 01cde000 08:06 1708621    /usr/lib/jvm/java-7-openjdk-i386/jre/lib/rt.jar
6afe2000-6dd00000 rw-p 00000000 00:00 0 
6dd00000-6ddfc000 rw-p 00000000 00:00 0 
6ddfc000-6de00000 ---p 00000000 00:00 0 
6de00000-6de02000 r--s 00000000 08:06 936655     /var/cache/fontconfig/67709b7835c0f764c1135060c9575660-le32d4.cache-3
6de02000-6de18000 r-xp 00000000 08:06 1708664    /usr/lib/jvm/java-7-openjdk-i386/jre/lib/i386/libnet.so
6de18000-6de19000 r--p 00015000 08:06 1708664    /usr/lib/jvm/java-7-openjdk-i386/jre/lib/i386/libnet.so
6de19000-6de1a000 rw-p 00016000 08:06 1708664    /usr/lib/jvm/java-7-openjdk-i386/jre/lib/i386/libnet.so
6de1a000-6de25000 r--s 001fb000 08:06 1708529    /usr/lib/jvm/java-7-openjdk-common/jre/lib/charsets.jar
6de25000-6de2e000 r--s 000bc000 08:06 1708538    /usr/lib/jvm/java-7-openjdk-common/jre/lib/resources.jar
6de2e000-6de31000 ---p 00000000 00:00 0 
6de31000-6de7f000 rw-p 00000000 00:00 0          [stack:32467]
6de7f000-6de80000 ---p 00000000 00:00 0 
6de80000-6df00000 rw-p 00000000 00:00 0          [stack:32465]
6df00000-6df21000 rw-p 00000000 00:00 0 
6df21000-6e000000 ---p 00000000 00:00 0 
6e000000-6e021000 rw-p 00000000 00:00 0 
6e021000-6e100000 ---p 00000000 00:00 0 
6e100000-6e101000 r--s 00000000 08:06 936109     /var/cache/fontconfig/0c9eb80ebd1c36541ebe2852d3bb0c49-le32d4.cache-3
6e101000-6e106000 r-xp 00000000 08:06 1705926    /usr/lib/i386-linux-gnu/libXtst.so.6.1.0
6e106000-6e107000 r--p 00004000 08:06 1705926    /usr/lib/i386-linux-gnu/libXtst.so.6.1.0
6e107000-6e108000 rw-p 00005000 08:06 1705926    /usr/lib/i386-linux-gnu/libXtst.so.6.1.0
6e108000-6e113000 r--s 001fb000 08:06 1708529    /usr/lib/jvm/java-7-openjdk-common/jre/lib/charsets.jar
6e113000-6e126000 r--s 00179000 08:06 1724490    /home/gene/Downloads/ll/vlcj-2.4.1/vlcj-2.4.1-javadoc.jar
6e126000-6e130000 r--s 00053000 08:06 1724519    /home/gene/Downloads/ll/vlcj-2.4.1/vlcj-2.4.1-tests.jar
6e130000-6e137000 r--s 00094000 08:06 1784822    /home/gene/netbeans-7.3.1/java/modules/ext/beansbinding-1.2.1.jar
6e137000-6e17f000 rw-p 00000000 00:00 0 
6e17f000-6e180000 ---p 00000000 00:00 0 
6e180000-6e200000 rw-p 00000000 00:00 0          [stack:32464]
6e200000-6e2f0000 rw-p 00000000 00:00 0 
6e2f0000-6e300000 ---p 00000000 00:00 0 
6e300000-6e301000 r-xp 00000000 08:06 1706360    /usr/lib/i386-linux-gnu/libgthread-2.0.so.0.3600.0
6e301000-6e302000 r--p 00000000 08:06 1706360    /usr/lib/i386-linux-gnu/libgthread-2.0.so.0.3600.0
6e302000-6e303000 rw-p 00001000 08:06 1706360    /usr/lib/i386-linux-gnu/libgthread-2.0.so.0.3600.0
6e303000-6e312000 r--s 00115000 08:06 1724216    /home/gene/Downloads/ll/vlcj-2.4.1/platform-3.5.2.jar
6e312000-6e31c000 r--s 0004b000 08:06 1724492    /home/gene/Downloads/ll/vlcj-2.4.1/vlcj-2.4.1.jar
6e31c000-6e32b000 r--s 000d3000 08:06 1786959    /home/gene/Downloads/jaudiotagger-2.2.0-20130321.142353-1.jar
6e32b000-6e343000 r--s 001b9000 08:06 1779640    /home/gene/lab/music/playmp3/jmf.jar
6e343000-6e344000 ---p 00000000 00:00 0 
6e344000-6e3c4000 rw-p 00000000 00:00 0          [stack:32463]
6e3c4000-6e3c5000 ---p 00000000 00:00 0 
6e3c5000-6e44d000 rw-p 00000000 00:00 0          [stack:32462]
6e44d000-6e485000 rw-p 00000000 00:00 0 
6e485000-6e49a000 rw-p 00000000 00:00 0 
6e49a000-6e5c9000 rw-p 00000000 00:00 0 
6e5c9000-6e5d1000 rw-p 00000000 00:00 0 
6e5d1000-6e609000 rw-p 00000000 00:00 0 
6e609000-6e61e000 rw-p 00000000 00:00 0 
6e61e000-6e74d000 rw-p 00000000 00:00 0 
6e74d000-6e75b000 rw-p 00000000 00:00 0 
6e75b000-6e7ef000 rw-p 00000000 00:00 0 
6e7ef000-6f7f0000 rw-p 00000000 00:00 0 
6f7f0000-767f0000 rw-p 00000000 00:00 0 
767f0000-79070000 rw-p 00000000 00:00 0 
79070000-9eff0000 rw-p 00000000 00:00 0 
9eff0000-a0aa0000 rw-p 00000000 00:00 0 
a0aa0000-b33f0000 rw-p 00000000 00:00 0 
b33f0000-b33f1000 r--s 00000000 08:06 936124     /var/cache/fontconfig/62f91419b9ebdb6975e7e41ab6412357-le32d4.cache-3
b33f1000-b33f2000 r--s 00000000 08:06 938994     /var/cache/fontconfig/e0aa53bcfa504e64f87823c16bc01eb6-le32d4.cache-3
b33f2000-b33f5000 r--s 000a6000 08:06 1724183    /home/gene/Downloads/ll/vlcj-2.4.1/jna-3.5.2.jar
b33f5000-b33fe000 rw-p 00000000 00:00 0 
b33fe000-b34b5000 rw-p 00000000 00:00 0 
b34b5000-b36f5000 rwxp 00000000 00:00 0 
b36f5000-b64b5000 rw-p 00000000 00:00 0 
b64b5000-b64c0000 r-xp 00000000 08:06 262543     /lib/i386-linux-gnu/libnss_files-2.17.so
b64c0000-b64c1000 r--p 0000a000 08:06 262543     /lib/i386-linux-gnu/libnss_files-2.17.so
b64c1000-b64c2000 rw-p 0000b000 08:06 262543     /lib/i386-linux-gnu/libnss_files-2.17.so
b64c2000-b64cc000 r-xp 00000000 08:06 262548     /lib/i386-linux-gnu/libnss_nis-2.17.so
b64cc000-b64cd000 r--p 00009000 08:06 262548     /lib/i386-linux-gnu/libnss_nis-2.17.so
b64cd000-b64ce000 rw-p 0000a000 08:06 262548     /lib/i386-linux-gnu/libnss_nis-2.17.so
b64ce000-b64e3000 r-xp 00000000 08:06 262537     /lib/i386-linux-gnu/libnsl-2.17.so
b64e3000-b64e4000 r--p 00014000 08:06 262537     /lib/i386-linux-gnu/libnsl-2.17.so
b64e4000-b64e5000 rw-p 00015000 08:06 262537     /lib/i386-linux-gnu/libnsl-2.17.so
b64e5000-b64e7000 rw-p 00000000 00:00 0 
b64e7000-b64ea000 r--s 00027000 08:06 1798650    /home/gene/Downloads/rs2xml.jar
b64ea000-b64ec000 r--s 00380000 08:06 1795454    /home/gene/Downloads/sqlite-jdbc-3.7.15-M1.jar
b64ec000-b64ed000 r--s 00014000 08:06 1795668    /home/gene/lab/music/playmp3/mp3plugin.jar
b64ed000-b64ef000 r--s 00006000 08:06 137009     /usr/share/java/java-atk-wrapper.jar
b64ef000-b64f0000 r--s 00002000 08:06 1708545    /usr/lib/jvm/java-7-openjdk-common/jre/lib/ext/dnsns.jar
b64f0000-b64f3000 r--s 0000f000 08:06 1708547    /usr/lib/jvm/java-7-openjdk-common/jre/lib/ext/pulse-java.jar
b64f3000-b64f7000 r--s 00085000 08:06 1708546    /usr/lib/jvm/java-7-openjdk-common/jre/lib/ext/localedata.jar
b64f7000-b64f9000 r--s 00012000 08:06 1708550    /usr/lib/jvm/java-7-openjdk-common/jre/lib/ext/zipfs.jar
b64f9000-b64fc000 r--s 00032000 08:06 1708548    /usr/lib/jvm/java-7-openjdk-common/jre/lib/ext/sunjce_provider.jar
b64fc000-b64ff000 r--s 0003c000 08:06 1708549    /usr/lib/jvm/java-7-openjdk-common/jre/lib/ext/sunpkcs11.jar
b64ff000-b6500000 r--p 005db000 08:06 1709808    /usr/lib/locale/locale-archive
b6500000-b65fc000 rw-p 00000000 00:00 0 
b65fc000-b6600000 ---p 00000000 00:00 0 
b6600000-b6608000 r-xp 00000000 08:06 1708674    /usr/lib/jvm/java-7-openjdk-i386/jre/lib/i386/libzip.so
b6608000-b6609000 r--p 00007000 08:06 1708674    /usr/lib/jvm/java-7-openjdk-i386/jre/lib/i386/libzip.so
b6609000-b660a000 rw-p 00008000 08:06 1708674    /usr/lib/jvm/java-7-openjdk-i386/jre/lib/i386/libzip.so
b660a000-b6611000 r-xp 00000000 08:06 262539     /lib/i386-linux-gnu/libnss_compat-2.17.so
b6611000-b6612000 r--p 00006000 08:06 262539     /lib/i386-linux-gnu/libnss_compat-2.17.so
b6612000-b6613000 rw-p 00007000 08:06 262539     /lib/i386-linux-gnu/libnss_compat-2.17.so
b6613000-b663a000 r-xp 00000000 08:06 1708652    /usr/lib/jvm/java-7-openjdk-i386/jre/lib/i386/libjava.so
b663a000-b663b000 r--p 00026000 08:06 1708652    /usr/lib/jvm/java-7-openjdk-i386/jre/lib/i386/libjava.so
b663b000-b663c000 rw-p 00027000 08:06 1708652    /usr/lib/jvm/java-7-openjdk-i386/jre/lib/i386/libjava.so
b663c000-b6643000 r-xp 00000000 08:06 262591     /lib/i386-linux-gnu/librt-2.17.so
b6643000-b6644000 r--p 00006000 08:06 262591     /lib/i386-linux-gnu/librt-2.17.so
b6644000-b6645000 rw-p 00007000 08:06 262591     /lib/i386-linux-gnu/librt-2.17.so
b6645000-b6648000 ---p 00000000 00:00 0 
b6648000-b6696000 rw-p 00000000 00:00 0          [stack:32461]
b6696000-b66b1000 r-xp 00000000 08:06 262495     /lib/i386-linux-gnu/libgcc_s.so.1
b66b1000-b66b2000 r--p 0001a000 08:06 262495     /lib/i386-linux-gnu/libgcc_s.so.1
b66b2000-b66b3000 rw-p 0001b000 08:06 262495     /lib/i386-linux-gnu/libgcc_s.so.1
b66b3000-b66f4000 r-xp 00000000 08:06 262518     /lib/i386-linux-gnu/libm-2.17.so
b66f4000-b66f5000 r--p 00040000 08:06 262518     /lib/i386-linux-gnu/libm-2.17.so
b66f5000-b66f6000 rw-p 00041000 08:06 262518     /lib/i386-linux-gnu/libm-2.17.so
b66f6000-b67d2000 r-xp 00000000 08:06 1706691    /usr/lib/i386-linux-gnu/libstdc++.so.6.0.17
b67d2000-b67d3000 ---p 000dc000 08:06 1706691    /usr/lib/i386-linux-gnu/libstdc++.so.6.0.17
b67d3000-b67d7000 r--p 000dc000 08:06 1706691    /usr/lib/i386-linux-gnu/libstdc++.so.6.0.17
b67d7000-b67d8000 rw-p 000e0000 08:06 1706691    /usr/lib/i386-linux-gnu/libstdc++.so.6.0.17
b67d8000-b67df000 rw-p 00000000 00:00 0 
b67df000-b70d4000 r-xp 00000000 08:06 1708685    /usr/lib/jvm/java-7-openjdk-i386/jre/lib/i386/server/libjvm.so
b70d4000-b711b000 r--p 008f4000 08:06 1708685    /usr/lib/jvm/java-7-openjdk-i386/jre/lib/i386/server/libjvm.so
b711b000-b712f000 rw-p 0093b000 08:06 1708685    /usr/lib/jvm/java-7-openjdk-i386/jre/lib/i386/server/libjvm.so
b712f000-b754d000 rw-p 00000000 00:00 0 
b754d000-b7564000 r-xp 00000000 08:06 262624     /lib/i386-linux-gnu/libz.so.1.2.7
b7564000-b7565000 r--p 00016000 08:06 262624     /lib/i386-linux-gnu/libz.so.1.2.7
b7565000-b7566000 rw-p 00017000 08:06 262624     /lib/i386-linux-gnu/libz.so.1.2.7
b7566000-b757d000 r-xp 00000000 08:06 262583     /lib/i386-linux-gnu/libpthread-2.17.so
b757d000-b757e000 r--p 00016000 08:06 262583     /lib/i386-linux-gnu/libpthread-2.17.so
b757e000-b757f000 rw-p 00017000 08:06 262583     /lib/i386-linux-gnu/libpthread-2.17.so
b757f000-b7581000 rw-p 00000000 00:00 0 
b7581000-b7584000 r-xp 00000000 08:06 262485     /lib/i386-linux-gnu/libdl-2.17.so
b7584000-b7585000 r--p 00002000 08:06 262485     /lib/i386-linux-gnu/libdl-2.17.so
b7585000-b7586000 rw-p 00003000 08:06 262485     /lib/i386-linux-gnu/libdl-2.17.so
b7586000-b7733000 r-xp 00000000 08:06 262470     /lib/i386-linux-gnu/libc-2.17.so
b7733000-b7735000 r--p 001ad000 08:06 262470     /lib/i386-linux-gnu/libc-2.17.so
b7735000-b7736000 rw-p 001af000 08:06 262470     /lib/i386-linux-gnu/libc-2.17.so
b7736000-b7739000 rw-p 00000000 00:00 0 
b7739000-b7741000 rw-s 00000000 08:06 1441574    /tmp/hsperfdata_gene/32457
b7741000-b7742000 rw-p 00000000 00:00 0 
b7742000-b7743000 r--p 00000000 00:00 0 
b7743000-b7750000 r-xp 00000000 08:06 1708673    /usr/lib/jvm/java-7-openjdk-i386/jre/lib/i386/libverify.so
b7750000-b7751000 r--p 0000d000 08:06 1708673    /usr/lib/jvm/java-7-openjdk-i386/jre/lib/i386/libverify.so
b7751000-b7752000 rw-p 0000e000 08:06 1708673    /usr/lib/jvm/java-7-openjdk-i386/jre/lib/i386/libverify.so
b7752000-b775f000 r-xp 00000000 08:06 1708681    /usr/lib/jvm/java-7-openjdk-i386/jre/lib/i386/jli/libjli.so
b775f000-b7760000 r--p 0000c000 08:06 1708681    /usr/lib/jvm/java-7-openjdk-i386/jre/lib/i386/jli/libjli.so
b7760000-b7761000 rw-p 0000d000 08:06 1708681    /usr/lib/jvm/java-7-openjdk-i386/jre/lib/i386/jli/libjli.so
b7761000-b7764000 rw-p 00000000 00:00 0 
b7764000-b7765000 r-xp 00000000 00:00 0          [vdso]
b7765000-b7785000 r-xp 00000000 08:06 262446     /lib/i386-linux-gnu/ld-2.17.so
b7785000-b7786000 r--p 0001f000 08:06 262446     /lib/i386-linux-gnu/ld-2.17.so
b7786000-b7787000 rw-p 00020000 08:06 262446     /lib/i386-linux-gnu/ld-2.17.so
bff93000-bffb4000 rw-p 00000000 00:00 0          [stack]

VM Arguments:
jvm_args: -Dfile.encoding=UTF-8 
java_command: musicplayer.Musicplayer
Launcher Type: SUN_STANDARD

Environment Variables:
PATH=/usr/local/sbin:/usr/local/bin:/usr/sbin:/usr/bin:/sbin:/bin:/usr/games:/usr/local/games
USERNAME=gene
LD_LIBRARY_PATH=/usr/lib/jvm/default-java/jre/lib/amd64:/usr/lib/jvm/default-java/jre/lib/i386:
SHELL=/bin/bash
DISPLAY=:0

Signal Handlers:
SIGSEGV: [libjvm.so+0x7598c0], sa_mask[0]=0x7ffbfeff, sa_flags=0x10000004
SIGBUS: [libjvm.so+0x7598c0], sa_mask[0]=0x7ffbfeff, sa_flags=0x10000004
SIGFPE: [libjvm.so+0x5f54f0], sa_mask[0]=0x7ffbfeff, sa_flags=0x10000004
SIGPIPE: [libjvm.so+0x5f54f0], sa_mask[0]=0x7ffbfeff, sa_flags=0x10000004
SIGXFSZ: [libjvm.so+0x5f54f0], sa_mask[0]=0x7ffbfeff, sa_flags=0x10000004
SIGILL: [libjvm.so+0x5f54f0], sa_mask[0]=0x7ffbfeff, sa_flags=0x10000004
SIGUSR1: SIG_DFL, sa_mask[0]=0x00000000, sa_flags=0x00000000
SIGUSR2: [libjvm.so+0x5f53a0], sa_mask[0]=0x00000004, sa_flags=0x10000004
SIGHUP: [libjvm.so+0x5f5930], sa_mask[0]=0x7ffbfeff, sa_flags=0x10000004
SIGINT: SIG_IGN, sa_mask[0]=0x00000000, sa_flags=0x00000000
SIGTERM: [libjvm.so+0x5f5930], sa_mask[0]=0x7ffbfeff, sa_flags=0x10000004
SIGQUIT: [libjvm.so+0x5f5930], sa_mask[0]=0x7ffbfeff, sa_flags=0x10000004


---------------  S Y S T E M  ---------------

OS:Ubuntu 13.04 (raring)
uname:Linux 3.8.0-19-generic #29-Ubuntu SMP Wed Apr 17 18:19:42 UTC 2013 i686
libc:glibc 2.17 NPTL 2.17 
rlimit: STACK 8192k, CORE 0k, NPROC 30928, NOFILE 4096, AS infinity
load average:0.38 0.37 0.41

/proc/meminfo:
MemTotal:        3975340 kB
MemFree:         1195416 kB
Buffers:          665612 kB
Cached:           860176 kB
SwapCached:            0 kB
Active:          1473788 kB
Inactive:        1173548 kB
Active(anon):     960488 kB
Inactive(anon):   344360 kB
Active(file):     513300 kB
Inactive(file):   829188 kB
Unevictable:           0 kB
Mlocked:               0 kB
HighTotal:       3125056 kB
HighFree:        1123816 kB
LowTotal:         850284 kB
LowFree:           71600 kB
SwapTotal:       2047996 kB
SwapFree:        2047996 kB
Dirty:               304 kB
Writeback:             0 kB
AnonPages:       1121476 kB
Mapped:           161500 kB
Shmem:            183300 kB
Slab:              96616 kB
SReclaimable:      46236 kB
SUnreclaim:        50380 kB
KernelStack:        3528 kB
PageTables:         8268 kB
NFS_Unstable:          0 kB
Bounce:                0 kB
WritebackTmp:          0 kB
CommitLimit:     4035664 kB
Committed_AS:    2997164 kB
VmallocTotal:     122880 kB
VmallocUsed:       20008 kB
VmallocChunk:      89160 kB
HardwareCorrupted:     0 kB
AnonHugePages:         0 kB
HugePages_Total:       0
HugePages_Free:        0
HugePages_Rsvd:        0
HugePages_Surp:        0
Hugepagesize:       2048 kB
DirectMap4k:       10232 kB
DirectMap2M:      903168 kB


CPU:total 4 (2 cores per cpu, 2 threads per core) family 6 model 42 stepping 7, cmov, cx8, fxsr, mmx, sse, sse2, sse3, ssse3, sse4.1, sse4.2, popcnt, avx, ht, tsc, tscinvbit

/proc/cpuinfo:
processor	: 0
vendor_id	: GenuineIntel
cpu family	: 6
model		: 42
model name	: Intel(R) Core(TM) i3-2370M CPU @ 2.40GHz
stepping	: 7
microcode	: 0x25
cpu MHz		: 2400.000
cache size	: 3072 KB
physical id	: 0
siblings	: 4
core id		: 0
cpu cores	: 2
apicid		: 0
initial apicid	: 0
fdiv_bug	: no
hlt_bug		: no
f00f_bug	: no
coma_bug	: no
fpu		: yes
fpu_exception	: yes
cpuid level	: 13
wp		: yes
flags		: fpu vme de pse tsc msr pae mce cx8 apic sep mtrr pge mca cmov pat pse36 clflush dts acpi mmx fxsr sse sse2 ss ht tm pbe nx rdtscp lm constant_tsc arch_perfmon pebs bts xtopology nonstop_tsc aperfmperf eagerfpu pni pclmulqdq dtes64 monitor ds_cpl vmx est tm2 ssse3 cx16 xtpr pdcm pcid sse4_1 sse4_2 x2apic popcnt tsc_deadline_timer xsave avx lahf_lm arat epb xsaveopt pln pts dtherm tpr_shadow vnmi flexpriority ept vpid
bogomips	: 4788.77
clflush size	: 64
cache_alignment	: 64
address sizes	: 36 bits physical, 48 bits virtual
power management:

processor	: 1
vendor_id	: GenuineIntel
cpu family	: 6
model		: 42
model name	: Intel(R) Core(TM) i3-2370M CPU @ 2.40GHz
stepping	: 7
microcode	: 0x25
cpu MHz		: 800.000
cache size	: 3072 KB
physical id	: 0
siblings	: 4
core id		: 0
cpu cores	: 2
apicid		: 1
initial apicid	: 1
fdiv_bug	: no
hlt_bug		: no
f00f_bug	: no
coma_bug	: no
fpu		: yes
fpu_exception	: yes
cpuid level	: 13
wp		: yes
flags		: fpu vme de pse tsc msr pae mce cx8 apic sep mtrr pge mca cmov pat pse36 clflush dts acpi mmx fxsr sse sse2 ss ht tm pbe nx rdtscp lm constant_tsc arch_perfmon pebs bts xtopology nonstop_tsc aperfmperf eagerfpu pni pclmulqdq dtes64 monitor ds_cpl vmx est tm2 ssse3 cx16 xtpr pdcm pcid sse4_1 sse4_2 x2apic popcnt tsc_deadline_timer xsave avx lahf_lm arat epb xsaveopt pln pts dtherm tpr_shadow vnmi flexpriority ept vpid
bogomips	: 4788.77
clflush size	: 64
cache_alignment	: 64
address sizes	: 36 bits physical, 48 bits virtual
power management:

processor	: 2
vendor_id	: GenuineIntel
cpu family	: 6
model		: 42
model name	: Intel(R) Core(TM) i3-2370M CPU @ 2.40GHz
stepping	: 7
microcode	: 0x25
cpu MHz		: 2400.000
cache size	: 3072 KB
physical id	: 0
siblings	: 4
core id		: 1
cpu cores	: 2
apicid		: 2
initial apicid	: 2
fdiv_bug	: no
hlt_bug		: no
f00f_bug	: no
coma_bug	: no
fpu		: yes
fpu_exception	: yes
cpuid level	: 13
wp		: yes
flags		: fpu vme de pse tsc msr pae mce cx8 apic sep mtrr pge mca cmov pat pse36 clflush dts acpi mmx fxsr sse sse2 ss ht tm pbe nx rdtscp lm constant_tsc arch_perfmon pebs bts xtopology nonstop_tsc aperfmperf eagerfpu pni pclmulqdq dtes64 monitor ds_cpl vmx est tm2 ssse3 cx16 xtpr pdcm pcid sse4_1 sse4_2 x2apic popcnt tsc_deadline_timer xsave avx lahf_lm arat epb xsaveopt pln pts dtherm tpr_shadow vnmi flexpriority ept vpid
bogomips	: 4788.77
clflush size	: 64
cache_alignment	: 64
address sizes	: 36 bits physical, 48 bits virtual
power management:

processor	: 3
vendor_id	: GenuineIntel
cpu family	: 6
model		: 42
model name	: Intel(R) Core(TM) i3-2370M CPU @ 2.40GHz
stepping	: 7
microcode	: 0x25
cpu MHz		: 800.000
cache size	: 3072 KB
physical id	: 0
siblings	: 4
core id		: 1
cpu cores	: 2
apicid		: 3
initial apicid	: 3
fdiv_bug	: no
hlt_bug		: no
f00f_bug	: no
coma_bug	: no
fpu		: yes
fpu_exception	: yes
cpuid level	: 13
wp		: yes
flags		: fpu vme de pse tsc msr pae mce cx8 apic sep mtrr pge mca cmov pat pse36 clflush dts acpi mmx fxsr sse sse2 ss ht tm pbe nx rdtscp lm constant_tsc arch_perfmon pebs bts xtopology nonstop_tsc aperfmperf eagerfpu pni pclmulqdq dtes64 monitor ds_cpl vmx est tm2 ssse3 cx16 xtpr pdcm pcid sse4_1 sse4_2 x2apic popcnt tsc_deadline_timer xsave avx lahf_lm arat epb xsaveopt pln pts dtherm tpr_shadow vnmi flexpriority ept vpid
bogomips	: 4788.77
clflush size	: 64
cache_alignment	: 64
address sizes	: 36 bits physical, 48 bits virtual
power management:



Memory: 4k page, physical 3975340k(1195416k free), swap 2047996k(2047996k free)

vm_info: OpenJDK Server VM (23.7-b01) for linux-x86 JRE (1.7.0_21-b02), built on Apr 22 2013 07:41:32 by "buildd" with gcc 4.7.3

time: Thu Oct 31 19:29:30 2013
elapsed time: 37 seconds

