#
# A fatal error has been detected by the Java Runtime Environment:
#
#  SIGSEGV (0xb) at pc=0xb76f7f98, pid=26924, tid=1734224704
#
# JRE version: 7.0_21-b02
# Java VM: OpenJDK Server VM (23.7-b01 mixed mode linux-x86 )
# Problematic frame:
# C  [libc.so.6+0x12ef98]  _IO_file_underflow+0x68
#
# Failed to write core dump. Core dumps have been disabled. To enable core dumping, try "ulimit -c unlimited" before starting Java again
#
# If you would like to submit a bug report, please include
# instructions on how to reproduce the bug and visit:
#   https://bugs.launchpad.net/ubuntu/+source/openjdk-7/
#

---------------  T H R E A D  ---------------

Current thread is native thread

siginfo:si_signo=SIGSEGV: si_errno=0, si_code=1 (SEGV_MAPERR), si_addr=0x00000037

Registers:
EAX=0x6ae00000, EBX=0xb7778000, ECX=0xffffffff, EDX=0x00001000
ESP=0x675dfee0, EBP=0x00000002, ESI=0x67a79a98, EDI=0x675e2b40
EIP=0xb76f7f98, EFLAGS=0x00210206, CR2=0x00000037

Top of Stack: (sp=0x675dfee0)
0x675dfee0:   67a79a98 6ae00000 00001000 b7778000
0x675dfef0:   67a79a98 b7778000 67a79a98 b763cda9
0x675dff00:   67a79a98 b762f57a b7778000 b7778000
0x675dff10:   67a79a98 675e2b40 67a79a98 b763cbdb
0x675dff20:   67a79a98 ffffffff 63111649 63130000
0x675dff30:   b762f5d7 b7778000 67a79a98 b7632ebc
0x675dff40:   67a79a98 6312722a 00000001 63130000
0x675dff50:   63130000 6abda8f8 6abd69d8 6311ad8c 

Instructions: (pc=0xb76f7f98)
0xb76f7f78:   4c 89 46 04 29 c2 89 46 0c 89 46 08 89 46 18 89
0xb76f7f88:   46 14 89 46 10 89 54 24 08 89 44 24 04 89 34 24
0xb76f7f98:   ff 51 38 83 f8 00 7e 38 8b 56 40 01 46 08 83 fa
0xb76f7fa8:   ff 74 05 01 d0 89 46 40 8b 46 04 0f b6 00 83 c4 

Register to memory mapping:

EAX=0x6ae00000 is an unknown value
EBX=0xb7778000: <offset 0x1af000> in /lib/i386-linux-gnu/libc.so.6 at 0xb75c9000
ECX=0xffffffff is an unknown value
EDX=0x00001000 is an unknown value
ESP=0x675dfee0 is an unknown value
EBP=0x00000002 is an unknown value
ESI=0x67a79a98 is an unknown value
EDI=0x675e2b40 is an unknown value


Stack: [0x67562000,0x675e3000],  sp=0x675dfee0,  free space=503k
Native frames: (J=compiled Java code, j=interpreted, Vv=VM code, C=native code)
C  [libc.so.6+0x12ef98]  _IO_file_underflow+0x68


---------------  P R O C E S S  ---------------

VM state:not at safepoint (normal execution)

VM Mutex/Monitor currently owned by a thread: None

Heap
 PSYoungGen      total 18112K, used 13105K [0x9f040000, 0xa0470000, 0xb3440000)
  eden space 15552K, 84% used [0x9f040000,0x9fd0c5c8,0x9ff70000)
  from space 2560K, 0% used [0xa01f0000,0xa01f0000,0xa0470000)
  to   space 2560K, 0% used [0x9ff70000,0x9ff70000,0xa01f0000)
 ParOldGen       total 41472K, used 0K [0x76840000, 0x790c0000, 0x9f040000)
  object space 41472K, 0% used [0x76840000,0x76840000,0x790c0000)
 PSPermGen       total 16384K, used 5081K [0x6e840000, 0x6f840000, 0x76840000)
  object space 16384K, 31% used [0x6e840000,0x6ed365f0,0x6f840000)

Card table byte_map: [0x6e619000,0x6e840000] byte_map_base: 0x6e2a4e00

Polling page: 0xb7785000

Code Cache  [0xb3500000, 0xb3740000, 0xb6500000)
 total_blobs=245 nmethods=47 adapters=150 free_code_cache=48741Kb largest_free_block=49894656

Compilation events (10 events):
Event: 0.626 Thread 0x6adfc800   42             sun.reflect.ClassFileAssembler::emitByte (11 bytes)
Event: 0.626 Thread 0x6adfe800   43             sun.reflect.ByteVectorImpl::add (38 bytes)
Event: 0.628 Thread 0x6adfe800 nmethod 43 0xb3559088 code [0xb3559180, 0xb355923c]
Event: 0.628 Thread 0x6adfc800 nmethod 42 0xb3558d08 code [0xb3558e20, 0xb3558f1c]
Event: 0.629 Thread 0x6adfe800   44             sun.reflect.ClassFileAssembler::emitConstantPoolUTF8 (50 bytes)
Event: 0.629 Thread 0x6adfc800   45   !         sun.reflect.UTF8::encode (189 bytes)
Event: 0.647 Thread 0x6adfc800 nmethod 45 0xb3568608 code [0xb3568720, 0xb3568f10]
Event: 0.647 Thread 0x6adfc800   46             sun.reflect.UTF8::utf8Length (81 bytes)
Event: 0.652 Thread 0x6adfc800 nmethod 46 0xb3561408 code [0xb3561500, 0xb35616f0]
Event: 0.656 Thread 0x6adfe800 nmethod 44 0xb3569208 code [0xb35693c0, 0xb356a038]

GC Heap History (0 events):
No events

Deoptimization events (8 events):
Event: 0.192 Thread 0xb6506c00 Uncommon trap -34 fr.pc 0xb354d2c8
Event: 0.266 Thread 0xb6506c00 Uncommon trap -34 fr.pc 0xb354d2c8
Event: 0.266 Thread 0xb6506c00 Uncommon trap -34 fr.pc 0xb354d2c8
Event: 0.389 Thread 0xb6506c00 Uncommon trap -58 fr.pc 0xb3556e58
Event: 0.389 Thread 0xb6506c00 Uncommon trap -58 fr.pc 0xb3556e58
Event: 0.392 Thread 0xb6506c00 Uncommon trap -58 fr.pc 0xb3556e58
Event: 0.392 Thread 0xb6506c00 Uncommon trap -58 fr.pc 0xb3556e58
Event: 0.393 Thread 0xb6506c00 Uncommon trap -58 fr.pc 0xb3557560

Internal exceptions (10 events):
Event: 0.580 Thread 0xb6506c00 Threw 0x9f82a1b8 at /build/buildd/openjdk-7-7u21-2.3.9/build/openjdk/hotspot/src/share/vm/prims/jvm.cpp:1166
Event: 0.587 Thread 0xb6506c00 Threw 0x9f842d10 at /build/buildd/openjdk-7-7u21-2.3.9/build/openjdk/hotspot/src/share/vm/prims/jvm.cpp:1166
Event: 0.589 Thread 0x67178800 Threw 0x9f87e908 at /build/buildd/openjdk-7-7u21-2.3.9/build/openjdk/hotspot/src/share/vm/prims/jvm.cpp:1166
Event: 0.593 Thread 0x6ab93800 Threw 0x9f8dd218 at /build/buildd/openjdk-7-7u21-2.3.9/build/openjdk/hotspot/src/share/vm/prims/jvm.cpp:1166
Event: 0.597 Thread 0x6ab93800 Threw 0x9f92ae80 at /build/buildd/openjdk-7-7u21-2.3.9/build/openjdk/hotspot/src/share/vm/prims/jvm.cpp:1166
Event: 0.601 Thread 0x6ab93800 Threw 0x9f978b88 at /build/buildd/openjdk-7-7u21-2.3.9/build/openjdk/hotspot/src/share/vm/prims/jvm.cpp:1166
Event: 0.606 Thread 0x6abe0400 Threw 0x9f9c6950 at /build/buildd/openjdk-7-7u21-2.3.9/build/openjdk/hotspot/src/share/vm/prims/jvm.cpp:1166
Event: 0.608 Thread 0x6abe0400 Threw 0x9fa145e0 at /build/buildd/openjdk-7-7u21-2.3.9/build/openjdk/hotspot/src/share/vm/prims/jvm.cpp:1166
Event: 0.622 Thread 0x6ab80400 Threw 0x9fb4b6d8 at /build/buildd/openjdk-7-7u21-2.3.9/build/openjdk/hotspot/src/share/vm/prims/jvm.cpp:1166
Event: 0.636 Thread 0x6ab80400 Threw 0x9fbc7fe8 at /build/buildd/openjdk-7-7u21-2.3.9/build/openjdk/hotspot/src/share/vm/prims/jvm.cpp:1166

Events (10 events):
Event: 0.636 loading class 0x67d8efb8 done
Event: 0.637 Thread 0x6ab80400 Thread exited: 0x6ab80400
Event: 0.638 Thread 0x6abdcc00 Thread added: 0x6abdcc00
Event: 0.641 Thread 0x6abdcc00 Thread exited: 0x6abdcc00
Event: 0.641 Thread 0x6abdcc00 Thread added: 0x6abdcc00
Event: 0.644 Thread 0x6abdcc00 Thread exited: 0x6abdcc00
Event: 0.650 Thread 0x6abdd400 Thread added: 0x6abdd400
Event: 0.653 Thread 0x6abdd400 Thread exited: 0x6abdd400
Event: 0.653 Thread 0x6abdd400 Thread added: 0x6abdd400
Event: 0.655 Thread 0x6abdd400 Thread exited: 0x6abdd400


Dynamic libraries:
08048000-08049000 r-xp 00000000 08:06 1708580    /usr/lib/jvm/java-7-openjdk-i386/jre/bin/java
08049000-0804a000 r--p 00000000 08:06 1708580    /usr/lib/jvm/java-7-openjdk-i386/jre/bin/java
0804a000-0804b000 rw-p 00001000 08:06 1708580    /usr/lib/jvm/java-7-openjdk-i386/jre/bin/java
084af000-084d0000 rw-p 00000000 00:00 0          [heap]
63104000-6312f000 r-xp 00000000 08:06 1706469    /usr/lib/i386-linux-gnu/liblua5.1.so.0.0.0
6312f000-63130000 r--p 0002b000 08:06 1706469    /usr/lib/i386-linux-gnu/liblua5.1.so.0.0.0
63130000-63131000 rw-p 0002c000 08:06 1706469    /usr/lib/i386-linux-gnu/liblua5.1.so.0.0.0
63131000-6315b000 r-xp 00000000 08:06 405608     /usr/lib/vlc/plugins/lua/liblua_plugin.so
6315b000-6315c000 r--p 0002a000 08:06 405608     /usr/lib/vlc/plugins/lua/liblua_plugin.so
6315c000-6315d000 rw-p 0002b000 08:06 405608     /usr/lib/vlc/plugins/lua/liblua_plugin.so
6315d000-63214000 r-xp 00000000 08:06 1706695    /usr/lib/i386-linux-gnu/libtag.so.1.12.0
63214000-63216000 r--p 000b7000 08:06 1706695    /usr/lib/i386-linux-gnu/libtag.so.1.12.0
63216000-63217000 rw-p 000b9000 08:06 1706695    /usr/lib/i386-linux-gnu/libtag.so.1.12.0
63230000-63231000 ---p 00000000 00:00 0 
63231000-632b1000 rw-p 00000000 00:00 0          [stack:26953]
632b1000-632d2000 r-xp 00000000 08:06 405474     /usr/lib/vlc/plugins/codec/libdvbsub_plugin.so
632d2000-632d3000 r--p 00020000 08:06 405474     /usr/lib/vlc/plugins/codec/libdvbsub_plugin.so
632d3000-632d4000 rw-p 00021000 08:06 405474     /usr/lib/vlc/plugins/codec/libdvbsub_plugin.so
632d4000-632e8000 r-xp 00000000 08:06 1720555    /usr/lib/libkate.so.1.3.0
632e8000-632e9000 r--p 00013000 08:06 1720555    /usr/lib/libkate.so.1.3.0
632e9000-632ea000 rw-p 00014000 08:06 1720555    /usr/lib/libkate.so.1.3.0
632ea000-63307000 r-xp 00000000 08:06 1720229    /usr/lib/i386-linux-gnu/libmpeg2.so.0.1.0
63307000-63308000 r--p 0001c000 08:06 1720229    /usr/lib/i386-linux-gnu/libmpeg2.so.0.1.0
63308000-63309000 rw-p 0001d000 08:06 1720229    /usr/lib/i386-linux-gnu/libmpeg2.so.0.1.0
63309000-6330b000 rw-p 00000000 00:00 0 
63315000-63322000 r-xp 00000000 08:06 405488     /usr/lib/vlc/plugins/meta_engine/libtaglib_plugin.so
63322000-63323000 r--p 0000c000 08:06 405488     /usr/lib/vlc/plugins/meta_engine/libtaglib_plugin.so
63323000-63324000 rw-p 0000d000 08:06 405488     /usr/lib/vlc/plugins/meta_engine/libtaglib_plugin.so
63324000-63340000 r-xp 00000000 08:06 262607     /lib/i386-linux-gnu/libtinfo.so.5.9
63340000-63342000 r--p 0001b000 08:06 262607     /lib/i386-linux-gnu/libtinfo.so.5.9
63342000-63343000 rw-p 0001d000 08:06 262607     /lib/i386-linux-gnu/libtinfo.so.5.9
63343000-63372000 r-xp 00000000 08:06 262526     /lib/i386-linux-gnu/libncursesw.so.5.9
63372000-63373000 r--p 0002e000 08:06 262526     /lib/i386-linux-gnu/libncursesw.so.5.9
63373000-63374000 rw-p 0002f000 08:06 262526     /lib/i386-linux-gnu/libncursesw.so.5.9
63374000-63458000 r-xp 00000000 08:06 262596     /lib/i386-linux-gnu/libslang.so.2.2.4
63458000-6345a000 r--p 000e3000 08:06 262596     /lib/i386-linux-gnu/libslang.so.2.2.4
6345a000-63468000 rw-p 000e5000 08:06 262596     /lib/i386-linux-gnu/libslang.so.2.2.4
63468000-634a3000 rw-p 00000000 00:00 0 
634a3000-634c8000 r-xp 00000000 08:06 262517     /lib/i386-linux-gnu/liblzma.so.5.0.0
634c8000-634c9000 r--p 00024000 08:06 262517     /lib/i386-linux-gnu/liblzma.so.5.0.0
634c9000-634ca000 rw-p 00025000 08:06 262517     /lib/i386-linux-gnu/liblzma.so.5.0.0
634ca000-63590000 r-xp 00000000 08:06 1706001    /usr/lib/i386-linux-gnu/libcaca.so.0.99.18
63590000-63591000 r--p 000c5000 08:06 1706001    /usr/lib/i386-linux-gnu/libcaca.so.0.99.18
63591000-63592000 rw-p 000c6000 08:06 1706001    /usr/lib/i386-linux-gnu/libcaca.so.0.99.18
63592000-63596000 rw-p 00000000 00:00 0 
63596000-635d9000 r-xp 00000000 08:06 1721418    /usr/lib/i386-linux-gnu/libwebp.so.4.0.1
635d9000-635da000 r--p 00042000 08:06 1721418    /usr/lib/i386-linux-gnu/libwebp.so.4.0.1
635da000-635db000 rw-p 00043000 08:06 1721418    /usr/lib/i386-linux-gnu/libwebp.so.4.0.1
635db000-635de000 rw-p 00000000 00:00 0 
635de000-6364d000 r-xp 00000000 08:06 1706720    /usr/lib/i386-linux-gnu/libtiff.so.5.1.0
6364d000-6364e000 ---p 0006f000 08:06 1706720    /usr/lib/i386-linux-gnu/libtiff.so.5.1.0
6364e000-6364f000 r--p 0006f000 08:06 1706720    /usr/lib/i386-linux-gnu/libtiff.so.5.1.0
6364f000-63651000 rw-p 00070000 08:06 1706720    /usr/lib/i386-linux-gnu/libtiff.so.5.1.0
63651000-63696000 r-xp 00000000 08:06 1706439    /usr/lib/i386-linux-gnu/libjpeg.so.8.0.2
63696000-63697000 r--p 00044000 08:06 1706439    /usr/lib/i386-linux-gnu/libjpeg.so.8.0.2
63697000-63698000 rw-p 00045000 08:06 1706439    /usr/lib/i386-linux-gnu/libjpeg.so.8.0.2
63698000-636a8000 rw-p 00000000 00:00 0 
636a8000-63714000 r-xp 00000000 08:06 1719412    /usr/lib/i386-linux-gnu/libSDL-1.2.so.0.11.4
63714000-63715000 ---p 0006c000 08:06 1719412    /usr/lib/i386-linux-gnu/libSDL-1.2.so.0.11.4
63715000-63716000 r--p 0006c000 08:06 1719412    /usr/lib/i386-linux-gnu/libSDL-1.2.so.0.11.4
63716000-63717000 rw-p 0006d000 08:06 1719412    /usr/lib/i386-linux-gnu/libSDL-1.2.so.0.11.4
63717000-63741000 rw-p 00000000 00:00 0 
63741000-6374d000 r-xp 00000000 08:06 1721420    /usr/lib/i386-linux-gnu/libSDL_image-1.2.so.0.8.4
6374d000-6374e000 r--p 0000b000 08:06 1721420    /usr/lib/i386-linux-gnu/libSDL_image-1.2.so.0.8.4
6374e000-6374f000 rw-p 0000c000 08:06 1721420    /usr/lib/i386-linux-gnu/libSDL_image-1.2.so.0.8.4
6374f000-6375f000 rw-p 00000000 00:00 0 
63769000-6376e000 r-xp 00000000 08:06 405466     /usr/lib/vlc/plugins/codec/libsubsdec_plugin.so
6376e000-6376f000 r--p 00004000 08:06 405466     /usr/lib/vlc/plugins/codec/libsubsdec_plugin.so
6376f000-63770000 rw-p 00005000 08:06 405466     /usr/lib/vlc/plugins/codec/libsubsdec_plugin.so
63770000-63776000 r-xp 00000000 08:06 405476     /usr/lib/vlc/plugins/codec/liblibmpeg2_plugin.so
63776000-63777000 r--p 00005000 08:06 405476     /usr/lib/vlc/plugins/codec/liblibmpeg2_plugin.so
63777000-63778000 rw-p 00006000 08:06 405476     /usr/lib/vlc/plugins/codec/liblibmpeg2_plugin.so
63778000-63787000 r-xp 00000000 08:06 1706272    /usr/lib/i386-linux-gnu/libgsm.so.1.0.12
63787000-63788000 r--p 0000e000 08:06 1706272    /usr/lib/i386-linux-gnu/libgsm.so.1.0.12
63788000-63789000 rw-p 0000f000 08:06 1706272    /usr/lib/i386-linux-gnu/libgsm.so.1.0.12
63789000-6382b000 r-xp 00000000 08:06 1706760    /usr/lib/i386-linux-gnu/libvpx.so.1.1.0
6382b000-6382c000 r--p 000a1000 08:06 1706760    /usr/lib/i386-linux-gnu/libvpx.so.1.1.0
6382c000-6382d000 rw-p 000a2000 08:06 1706760    /usr/lib/i386-linux-gnu/libvpx.so.1.1.0
6382d000-6382f000 rw-p 00000000 00:00 0 
6382f000-6383a000 r-xp 00000000 08:06 1706099    /usr/lib/i386-linux-gnu/libdrm.so.2.4.0
6383a000-6383b000 r--p 0000a000 08:06 1706099    /usr/lib/i386-linux-gnu/libdrm.so.2.4.0
6383b000-6383c000 rw-p 0000b000 08:06 1706099    /usr/lib/i386-linux-gnu/libdrm.so.2.4.0
6383c000-6385a000 r-xp 00000000 08:06 1720467    /usr/lib/i386-linux-gnu/i686/cmov/libavutil.so.51.22.1
6385a000-6385b000 r--p 0001d000 08:06 1720467    /usr/lib/i386-linux-gnu/i686/cmov/libavutil.so.51.22.1
6385b000-6385c000 rw-p 0001e000 08:06 1720467    /usr/lib/i386-linux-gnu/i686/cmov/libavutil.so.51.22.1
6385c000-6385f000 rw-p 00000000 00:00 0 
6385f000-63faa000 r-xp 00000000 08:06 1720474    /usr/lib/i386-linux-gnu/i686/cmov/libavcodec.so.53.35.0
63faa000-63fab000 r--p 0074a000 08:06 1720474    /usr/lib/i386-linux-gnu/i686/cmov/libavcodec.so.53.35.0
63fab000-63fba000 rw-p 0074b000 08:06 1720474    /usr/lib/i386-linux-gnu/i686/cmov/libavcodec.so.53.35.0
63fba000-64528000 rw-p 00000000 00:00 0 
64528000-64539000 r-xp 00000000 08:06 1720472    /usr/lib/i386-linux-gnu/libva.so.1.3200.0
64539000-6453a000 r--p 00010000 08:06 1720472    /usr/lib/i386-linux-gnu/libva.so.1.3200.0
6453a000-6453b000 rw-p 00011000 08:06 1720472    /usr/lib/i386-linux-gnu/libva.so.1.3200.0
6453b000-6453f000 rw-p 00000000 00:00 0 
6453f000-64543000 r-xp 00000000 08:06 405459     /usr/lib/vlc/plugins/codec/libkate_plugin.so
64543000-64544000 r--p 00003000 08:06 405459     /usr/lib/vlc/plugins/codec/libkate_plugin.so
64544000-64545000 rw-p 00004000 08:06 405459     /usr/lib/vlc/plugins/codec/libkate_plugin.so
64545000-64550000 r-xp 00000000 08:06 1706437    /usr/lib/i386-linux-gnu/libjbig.so.0.0.0
64550000-64551000 r--p 0000a000 08:06 1706437    /usr/lib/i386-linux-gnu/libjbig.so.0.0.0
64551000-64554000 rw-p 0000b000 08:06 1706437    /usr/lib/i386-linux-gnu/libjbig.so.0.0.0
64554000-64556000 r-xp 00000000 08:06 405125     /usr/lib/vlc/plugins/codec/libsdl_image_plugin.so
64556000-64557000 r--p 00001000 08:06 405125     /usr/lib/vlc/plugins/codec/libsdl_image_plugin.so
64557000-64558000 rw-p 00002000 08:06 405125     /usr/lib/vlc/plugins/codec/libsdl_image_plugin.so
64558000-64570000 r-xp 00000000 08:06 407149     /usr/lib/vlc/plugins/codec/libavcodec_plugin.so
64570000-64571000 r--p 00017000 08:06 407149     /usr/lib/vlc/plugins/codec/libavcodec_plugin.so
64571000-64572000 rw-p 00018000 08:06 407149     /usr/lib/vlc/plugins/codec/libavcodec_plugin.so
64572000-6457e000 r-xp 00000000 08:06 405465     /usr/lib/vlc/plugins/codec/libomxil_plugin.so
6457e000-6457f000 r--p 0000b000 08:06 405465     /usr/lib/vlc/plugins/codec/libomxil_plugin.so
6457f000-64580000 rw-p 0000c000 08:06 405465     /usr/lib/vlc/plugins/codec/libomxil_plugin.so
64580000-645a5000 r-xp 00000000 08:06 1703695    /usr/lib/libenca.so.0.5.1
645a5000-645a6000 r--p 00025000 08:06 1703695    /usr/lib/libenca.so.0.5.1
645a6000-645a8000 rw-p 00026000 08:06 1703695    /usr/lib/libenca.so.0.5.1
645a8000-645be000 r-xp 00000000 08:06 1706181    /usr/lib/i386-linux-gnu/libfribidi.so.0.3.4
645be000-645bf000 r--p 00015000 08:06 1706181    /usr/lib/i386-linux-gnu/libfribidi.so.0.3.4
645bf000-645c0000 rw-p 00016000 08:06 1706181    /usr/lib/i386-linux-gnu/libfribidi.so.0.3.4
645c0000-645e0000 r-xp 00000000 08:06 1705963    /usr/lib/i386-linux-gnu/libass.so.4.1.0
645e0000-645e1000 r--p 0001f000 08:06 1705963    /usr/lib/i386-linux-gnu/libass.so.4.1.0
645e1000-645e2000 rw-p 00020000 08:06 1705963    /usr/lib/i386-linux-gnu/libass.so.4.1.0
645e2000-645e3000 ---p 00000000 00:00 0 
645e3000-64663000 rw-p 00000000 00:00 0          [stack:26952]
64663000-6469f000 r-xp 00000000 08:06 1706135    /usr/lib/i386-linux-gnu/libfaad.so.2.0.0
6469f000-646a0000 ---p 0003c000 08:06 1706135    /usr/lib/i386-linux-gnu/libfaad.so.2.0.0
646a0000-646a1000 r--p 0003c000 08:06 1706135    /usr/lib/i386-linux-gnu/libfaad.so.2.0.0
646a1000-646a4000 rw-p 0003d000 08:06 1706135    /usr/lib/i386-linux-gnu/libfaad.so.2.0.0
646a4000-646e1000 r-xp 00000000 08:06 1706535    /usr/lib/i386-linux-gnu/libopus.so.0.2.0
646e1000-646e2000 r--p 0003c000 08:06 1706535    /usr/lib/i386-linux-gnu/libopus.so.0.2.0
646e2000-646e3000 rw-p 0003d000 08:06 1706535    /usr/lib/i386-linux-gnu/libopus.so.0.2.0
646e4000-646ea000 r-xp 00000000 08:06 1721422    /usr/lib/i386-linux-gnu/libva-x11.so.1.3200.0
646ea000-646eb000 r--p 00005000 08:06 1721422    /usr/lib/i386-linux-gnu/libva-x11.so.1.3200.0
646eb000-646ec000 rw-p 00006000 08:06 1721422    /usr/lib/i386-linux-gnu/libva-x11.so.1.3200.0
646ec000-646ef000 r-xp 00000000 08:06 405470     /usr/lib/vlc/plugins/codec/libdts_plugin.so
646ef000-646f0000 r--p 00002000 08:06 405470     /usr/lib/vlc/plugins/codec/libdts_plugin.so
646f0000-646f1000 rw-p 00003000 08:06 405470     /usr/lib/vlc/plugins/codec/libdts_plugin.so
646f1000-646f5000 r-xp 00000000 08:06 405464     /usr/lib/vlc/plugins/codec/libflac_plugin.so
646f5000-646f6000 r--p 00003000 08:06 405464     /usr/lib/vlc/plugins/codec/libflac_plugin.so
646f6000-646f7000 rw-p 00004000 08:06 405464     /usr/lib/vlc/plugins/codec/libflac_plugin.so
646f7000-646fa000 r-xp 00000000 08:06 405460     /usr/lib/vlc/plugins/codec/liba52_plugin.so
646fa000-646fb000 r--p 00002000 08:06 405460     /usr/lib/vlc/plugins/codec/liba52_plugin.so
646fb000-646fc000 rw-p 00003000 08:06 405460     /usr/lib/vlc/plugins/codec/liba52_plugin.so
646fc000-6478a000 r-xp 00000000 08:06 1706537    /usr/lib/i386-linux-gnu/liborc-0.4.so.0.17.0
6478a000-6478b000 r--p 0008e000 08:06 1706537    /usr/lib/i386-linux-gnu/liborc-0.4.so.0.17.0
6478b000-6478f000 rw-p 0008f000 08:06 1706537    /usr/lib/i386-linux-gnu/liborc-0.4.so.0.17.0
6478f000-6485c000 r-xp 00000000 08:06 1706653    /usr/lib/i386-linux-gnu/libschroedinger-1.0.so.0.11.0
6485c000-6485e000 r--p 000cc000 08:06 1706653    /usr/lib/i386-linux-gnu/libschroedinger-1.0.so.0.11.0
6485e000-6485f000 rw-p 000ce000 08:06 1706653    /usr/lib/i386-linux-gnu/libschroedinger-1.0.so.0.11.0
6485f000-64865000 r-xp 00000000 08:06 405453     /usr/lib/vlc/plugins/codec/libaraw_plugin.so
64865000-64866000 r--p 00005000 08:06 405453     /usr/lib/vlc/plugins/codec/libaraw_plugin.so
64866000-64867000 rw-p 00006000 08:06 405453     /usr/lib/vlc/plugins/codec/libaraw_plugin.so
64867000-6486b000 r-xp 00000000 08:06 405468     /usr/lib/vlc/plugins/codec/liblibass_plugin.so
6486b000-6486c000 r--p 00003000 08:06 405468     /usr/lib/vlc/plugins/codec/liblibass_plugin.so
6486c000-6486d000 rw-p 00004000 08:06 405468     /usr/lib/vlc/plugins/codec/liblibass_plugin.so
6486d000-64870000 r-xp 00000000 08:06 405456     /usr/lib/vlc/plugins/codec/libfaad_plugin.so
64870000-64871000 r--p 00002000 08:06 405456     /usr/lib/vlc/plugins/codec/libfaad_plugin.so
64871000-64872000 rw-p 00003000 08:06 405456     /usr/lib/vlc/plugins/codec/libfaad_plugin.so
64872000-64876000 r-xp 00000000 08:06 405477     /usr/lib/vlc/plugins/codec/libopus_plugin.so
64876000-64877000 r--p 00003000 08:06 405477     /usr/lib/vlc/plugins/codec/libopus_plugin.so
64877000-64878000 rw-p 00004000 08:06 405477     /usr/lib/vlc/plugins/codec/libopus_plugin.so
64878000-64881000 r-xp 00000000 08:06 405450     /usr/lib/vlc/plugins/codec/libschroedinger_plugin.so
64881000-64882000 r--p 00008000 08:06 405450     /usr/lib/vlc/plugins/codec/libschroedinger_plugin.so
64882000-64883000 rw-p 00009000 08:06 405450     /usr/lib/vlc/plugins/codec/libschroedinger_plugin.so
64883000-64886000 r-xp 00000000 08:06 405482     /usr/lib/vlc/plugins/codec/libcdg_plugin.so
64886000-64887000 r--p 00002000 08:06 405482     /usr/lib/vlc/plugins/codec/libcdg_plugin.so
64887000-64888000 rw-p 00003000 08:06 405482     /usr/lib/vlc/plugins/codec/libcdg_plugin.so
64888000-6488a000 r-xp 00000000 08:06 405481     /usr/lib/vlc/plugins/codec/libpng_plugin.so
6488a000-6488b000 r--p 00001000 08:06 405481     /usr/lib/vlc/plugins/codec/libpng_plugin.so
6488b000-6488c000 rw-p 00002000 08:06 405481     /usr/lib/vlc/plugins/codec/libpng_plugin.so
6488c000-64894000 r-xp 00000000 08:06 280621     /usr/lib/vlc/plugins/demux/libsubtitle_plugin.so
64894000-64895000 r--p 00007000 08:06 280621     /usr/lib/vlc/plugins/demux/libsubtitle_plugin.so
64895000-64896000 rw-p 00008000 08:06 280621     /usr/lib/vlc/plugins/demux/libsubtitle_plugin.so
64896000-64899000 r-xp 00000000 08:06 280635     /usr/lib/vlc/plugins/demux/libdemux_stl_plugin.so
64899000-6489a000 r--p 00002000 08:06 280635     /usr/lib/vlc/plugins/demux/libdemux_stl_plugin.so
6489a000-6489b000 rw-p 00003000 08:06 280635     /usr/lib/vlc/plugins/demux/libdemux_stl_plugin.so
6489b000-648a0000 r-xp 00000000 08:06 280644     /usr/lib/vlc/plugins/demux/libvobsub_plugin.so
648a0000-648a1000 r--p 00004000 08:06 280644     /usr/lib/vlc/plugins/demux/libvobsub_plugin.so
648a1000-648a2000 rw-p 00005000 08:06 280644     /usr/lib/vlc/plugins/demux/libvobsub_plugin.so
648a2000-648a4000 r-xp 00000000 08:06 280611     /usr/lib/vlc/plugins/demux/libdemux_cdg_plugin.so
648a4000-648a5000 r--p 00001000 08:06 280611     /usr/lib/vlc/plugins/demux/libdemux_cdg_plugin.so
648a5000-648a6000 rw-p 00002000 08:06 280611     /usr/lib/vlc/plugins/demux/libdemux_cdg_plugin.so
648a6000-654a7000 rw-p 00000000 00:00 0 
654a7000-654aa000 r-xp 00000000 08:06 405449     /usr/lib/vlc/plugins/codec/libmpeg_audio_plugin.so
654aa000-654ab000 r--p 00002000 08:06 405449     /usr/lib/vlc/plugins/codec/libmpeg_audio_plugin.so
654ab000-654ac000 rw-p 00003000 08:06 405449     /usr/lib/vlc/plugins/codec/libmpeg_audio_plugin.so
654ac000-654af000 r-xp 00000000 08:06 405473     /usr/lib/vlc/plugins/codec/libsvcdsub_plugin.so
654af000-654b0000 r--p 00002000 08:06 405473     /usr/lib/vlc/plugins/codec/libsvcdsub_plugin.so
654b0000-654b1000 rw-p 00003000 08:06 405473     /usr/lib/vlc/plugins/codec/libsvcdsub_plugin.so
654b1000-654b4000 r-xp 00000000 08:06 405455     /usr/lib/vlc/plugins/codec/libcvdsub_plugin.so
654b4000-654b5000 r--p 00002000 08:06 405455     /usr/lib/vlc/plugins/codec/libcvdsub_plugin.so
654b5000-654b6000 rw-p 00003000 08:06 405455     /usr/lib/vlc/plugins/codec/libcvdsub_plugin.so
654b6000-654bb000 r-xp 00000000 08:06 405638     /usr/lib/vlc/plugins/packetizer/libpacketizer_mpegvideo_plugin.so
654bb000-654bc000 r--p 00004000 08:06 405638     /usr/lib/vlc/plugins/packetizer/libpacketizer_mpegvideo_plugin.so
654bc000-654bd000 rw-p 00005000 08:06 405638     /usr/lib/vlc/plugins/packetizer/libpacketizer_mpegvideo_plugin.so
654bd000-654d8000 r-xp 00000000 08:06 1706713    /usr/lib/i386-linux-gnu/libtheoradec.so.1.1.4
654d8000-654d9000 r--p 0001a000 08:06 1706713    /usr/lib/i386-linux-gnu/libtheoradec.so.1.1.4
654d9000-654da000 rw-p 0001b000 08:06 1706713    /usr/lib/i386-linux-gnu/libtheoradec.so.1.1.4
654da000-6551f000 r-xp 00000000 08:06 1706715    /usr/lib/i386-linux-gnu/libtheoraenc.so.1.1.2
6551f000-65520000 r--p 00044000 08:06 1706715    /usr/lib/i386-linux-gnu/libtheoraenc.so.1.1.2
65520000-65521000 rw-p 00045000 08:06 1706715    /usr/lib/i386-linux-gnu/libtheoraenc.so.1.1.2
65521000-66122000 rw-p 00000000 00:00 0 
66122000-66401000 r-xp 00000000 08:06 1705842    /usr/lib/i386-linux-gnu/libQtCore.so.4.8.4
66401000-66408000 r--p 002de000 08:06 1705842    /usr/lib/i386-linux-gnu/libQtCore.so.4.8.4
66408000-66409000 rw-p 002e5000 08:06 1705842    /usr/lib/i386-linux-gnu/libQtCore.so.4.8.4
66409000-6640a000 rw-p 00000000 00:00 0 
6640a000-66eb2000 r-xp 00000000 08:06 1705851    /usr/lib/i386-linux-gnu/libQtGui.so.4.8.4
66eb2000-66ed4000 r--p 00aa7000 08:06 1705851    /usr/lib/i386-linux-gnu/libQtGui.so.4.8.4
66ed4000-66ed8000 rw-p 00ac9000 08:06 1705851    /usr/lib/i386-linux-gnu/libQtGui.so.4.8.4
66ed8000-66edb000 rw-p 00000000 00:00 0 
66edb000-670f0000 r-xp 00000000 08:06 407152     /usr/lib/vlc/plugins/gui/libqt4_plugin.so
670f0000-670f1000 ---p 00215000 08:06 407152     /usr/lib/vlc/plugins/gui/libqt4_plugin.so
670f1000-670fd000 r--p 00215000 08:06 407152     /usr/lib/vlc/plugins/gui/libqt4_plugin.so
670fd000-670ff000 rw-p 00221000 08:06 407152     /usr/lib/vlc/plugins/gui/libqt4_plugin.so
670ff000-67100000 rw-p 00000000 00:00 0 
67100000-67183000 rw-p 00000000 00:00 0 
67183000-67200000 ---p 00000000 00:00 0 
67200000-67204000 r-xp 00000000 08:06 405634     /usr/lib/vlc/plugins/packetizer/libpacketizer_flac_plugin.so
67204000-67205000 r--p 00003000 08:06 405634     /usr/lib/vlc/plugins/packetizer/libpacketizer_flac_plugin.so
67205000-67206000 rw-p 00004000 08:06 405634     /usr/lib/vlc/plugins/packetizer/libpacketizer_flac_plugin.so
67206000-67215000 r-xp 00000000 08:06 405635     /usr/lib/vlc/plugins/packetizer/libpacketizer_h264_plugin.so
67215000-67216000 r--p 0000e000 08:06 405635     /usr/lib/vlc/plugins/packetizer/libpacketizer_h264_plugin.so
67216000-67217000 rw-p 0000f000 08:06 405635     /usr/lib/vlc/plugins/packetizer/libpacketizer_h264_plugin.so
67217000-6721b000 r-xp 00000000 08:06 405636     /usr/lib/vlc/plugins/packetizer/libpacketizer_mlp_plugin.so
6721b000-6721c000 r--p 00003000 08:06 405636     /usr/lib/vlc/plugins/packetizer/libpacketizer_mlp_plugin.so
6721c000-6721d000 rw-p 00004000 08:06 405636     /usr/lib/vlc/plugins/packetizer/libpacketizer_mlp_plugin.so
6721d000-67222000 r-xp 00000000 08:06 405637     /usr/lib/vlc/plugins/packetizer/libpacketizer_mpeg4video_plugin.so
67222000-67223000 r--p 00004000 08:06 405637     /usr/lib/vlc/plugins/packetizer/libpacketizer_mpeg4video_plugin.so
67223000-67224000 rw-p 00005000 08:06 405637     /usr/lib/vlc/plugins/packetizer/libpacketizer_mpeg4video_plugin.so
67224000-6722a000 r-xp 00000000 08:06 405640     /usr/lib/vlc/plugins/packetizer/libpacketizer_mpeg4audio_plugin.so
6722a000-6722b000 r--p 00005000 08:06 405640     /usr/lib/vlc/plugins/packetizer/libpacketizer_mpeg4audio_plugin.so
6722b000-6722c000 rw-p 00006000 08:06 405640     /usr/lib/vlc/plugins/packetizer/libpacketizer_mpeg4audio_plugin.so
6722c000-6724b000 r-xp 00000000 08:06 1708460    /usr/lib/i386-linux-gnu/sse2/libspeex.so.1.5.0
6724b000-6724c000 r--p 0001e000 08:06 1708460    /usr/lib/i386-linux-gnu/sse2/libspeex.so.1.5.0
6724c000-6724d000 rw-p 0001f000 08:06 1708460    /usr/lib/i386-linux-gnu/sse2/libspeex.so.1.5.0
6724d000-67276000 r-xp 00000000 08:06 1706753    /usr/lib/i386-linux-gnu/libvorbis.so.0.4.5
67276000-67277000 ---p 00029000 08:06 1706753    /usr/lib/i386-linux-gnu/libvorbis.so.0.4.5
67277000-67278000 r--p 00029000 08:06 1706753    /usr/lib/i386-linux-gnu/libvorbis.so.0.4.5
67278000-67279000 rw-p 0002a000 08:06 1706753    /usr/lib/i386-linux-gnu/libvorbis.so.0.4.5
67279000-673df000 r-xp 00000000 08:06 1706755    /usr/lib/i386-linux-gnu/libvorbisenc.so.2.0.8
673df000-673f0000 r--p 00165000 08:06 1706755    /usr/lib/i386-linux-gnu/libvorbisenc.so.2.0.8
673f0000-673f1000 rw-p 00176000 08:06 1706755    /usr/lib/i386-linux-gnu/libvorbisenc.so.2.0.8
673f1000-6743f000 r-xp 00000000 08:06 1705817    /usr/lib/i386-linux-gnu/libFLAC.so.8.2.0
6743f000-67440000 r--p 0004e000 08:06 1705817    /usr/lib/i386-linux-gnu/libFLAC.so.8.2.0
67440000-67441000 rw-p 0004f000 08:06 1705817    /usr/lib/i386-linux-gnu/libFLAC.so.8.2.0
67441000-674ae000 r-xp 00000000 08:06 1706669    /usr/lib/i386-linux-gnu/libsndfile.so.1.0.25
674ae000-674b0000 r--p 0006c000 08:06 1706669    /usr/lib/i386-linux-gnu/libsndfile.so.1.0.25
674b0000-674b1000 rw-p 0006e000 08:06 1706669    /usr/lib/i386-linux-gnu/libsndfile.so.1.0.25
674b1000-674b5000 rw-p 00000000 00:00 0 
674b5000-674bd000 r-xp 00000000 08:06 405633     /usr/lib/vlc/plugins/packetizer/libpacketizer_vc1_plugin.so
674bd000-674be000 r--p 00007000 08:06 405633     /usr/lib/vlc/plugins/packetizer/libpacketizer_vc1_plugin.so
674be000-674bf000 rw-p 00008000 08:06 405633     /usr/lib/vlc/plugins/packetizer/libpacketizer_vc1_plugin.so
674bf000-674c4000 r-xp 00000000 08:06 405641     /usr/lib/vlc/plugins/packetizer/libpacketizer_dirac_plugin.so
674c4000-674c5000 r--p 00005000 08:06 405641     /usr/lib/vlc/plugins/packetizer/libpacketizer_dirac_plugin.so
674c5000-674c6000 rw-p 00006000 08:06 405641     /usr/lib/vlc/plugins/packetizer/libpacketizer_dirac_plugin.so
674c6000-674cc000 r-xp 00000000 08:06 405451     /usr/lib/vlc/plugins/codec/libtheora_plugin.so
674cc000-674cd000 r--p 00005000 08:06 405451     /usr/lib/vlc/plugins/codec/libtheora_plugin.so
674cd000-674ce000 rw-p 00006000 08:06 405451     /usr/lib/vlc/plugins/codec/libtheora_plugin.so
674ce000-674d4000 r-xp 00000000 08:06 405479     /usr/lib/vlc/plugins/codec/libvorbis_plugin.so
674d4000-674d5000 r--p 00005000 08:06 405479     /usr/lib/vlc/plugins/codec/libvorbis_plugin.so
674d5000-674d6000 rw-p 00006000 08:06 405479     /usr/lib/vlc/plugins/codec/libvorbis_plugin.so
674d6000-674dc000 r-xp 00000000 08:06 405478     /usr/lib/vlc/plugins/codec/libspeex_plugin.so
674dc000-674dd000 r--p 00005000 08:06 405478     /usr/lib/vlc/plugins/codec/libspeex_plugin.so
674dd000-674de000 rw-p 00006000 08:06 405478     /usr/lib/vlc/plugins/codec/libspeex_plugin.so
674de000-674e2000 r-xp 00000000 08:06 405462     /usr/lib/vlc/plugins/codec/liblpcm_plugin.so
674e2000-674e3000 r--p 00003000 08:06 405462     /usr/lib/vlc/plugins/codec/liblpcm_plugin.so
674e3000-674e4000 rw-p 00004000 08:06 405462     /usr/lib/vlc/plugins/codec/liblpcm_plugin.so
674e4000-674e9000 r-xp 00000000 08:06 280640     /usr/lib/vlc/plugins/demux/libes_plugin.so
674e9000-674ea000 r--p 00004000 08:06 280640     /usr/lib/vlc/plugins/demux/libes_plugin.so
674ea000-674eb000 rw-p 00005000 08:06 280640     /usr/lib/vlc/plugins/demux/libes_plugin.so
674eb000-674ef000 r-xp 00000000 08:06 280647     /usr/lib/vlc/plugins/demux/libflacsys_plugin.so
674ef000-674f0000 r--p 00004000 08:06 280647     /usr/lib/vlc/plugins/demux/libflacsys_plugin.so
674f0000-674f1000 rw-p 00005000 08:06 280647     /usr/lib/vlc/plugins/demux/libflacsys_plugin.so
674f1000-674fd000 r-xp 00000000 08:06 280632     /usr/lib/vlc/plugins/demux/libasf_plugin.so
674fd000-674fe000 r--p 0000b000 08:06 280632     /usr/lib/vlc/plugins/demux/libasf_plugin.so
674fe000-674ff000 rw-p 0000c000 08:06 280632     /usr/lib/vlc/plugins/demux/libasf_plugin.so
674ff000-67523000 r-xp 00000000 08:06 280624     /usr/lib/vlc/plugins/demux/libmp4_plugin.so
67523000-67524000 r--p 00024000 08:06 280624     /usr/lib/vlc/plugins/demux/libmp4_plugin.so
67524000-67525000 rw-p 00025000 08:06 280624     /usr/lib/vlc/plugins/demux/libmp4_plugin.so
67525000-67540000 r-xp 00000000 08:06 405646     /usr/lib/vlc/plugins/stream_filter/libstream_filter_dash_plugin.so
67540000-67541000 r--p 0001b000 08:06 405646     /usr/lib/vlc/plugins/stream_filter/libstream_filter_dash_plugin.so
67541000-67542000 rw-p 0001c000 08:06 405646     /usr/lib/vlc/plugins/stream_filter/libstream_filter_dash_plugin.so
67542000-67560000 r-xp 00000000 08:06 1706115    /usr/lib/i386-linux-gnu/libdvdread.so.4.1.2
67560000-67561000 r--p 0001d000 08:06 1706115    /usr/lib/i386-linux-gnu/libdvdread.so.4.1.2
67561000-67562000 rw-p 0001e000 08:06 1706115    /usr/lib/i386-linux-gnu/libdvdread.so.4.1.2
67562000-67565000 ---p 00000000 00:00 0 
67565000-675e3000 rw-p 00000000 00:00 0          [stack:26951]
675e3000-675e6000 ---p 00000000 00:00 0 
675e6000-67634000 rw-p 00000000 00:00 0          [stack:26950]
67634000-6769d000 r-xp 00000000 08:06 1708139    /usr/lib/i386-linux-gnu/pulseaudio/libpulsecommon-3.0.so
6769d000-6769e000 r--p 00068000 08:06 1708139    /usr/lib/i386-linux-gnu/pulseaudio/libpulsecommon-3.0.so
6769e000-6769f000 rw-p 00069000 08:06 1708139    /usr/lib/i386-linux-gnu/pulseaudio/libpulsecommon-3.0.so
6769f000-676a2000 r-xp 00000000 08:06 405458     /usr/lib/vlc/plugins/codec/libspudec_plugin.so
676a2000-676a3000 r--p 00003000 08:06 405458     /usr/lib/vlc/plugins/codec/libspudec_plugin.so
676a3000-676a4000 rw-p 00004000 08:06 405458     /usr/lib/vlc/plugins/codec/libspudec_plugin.so
676a4000-676b4000 r-xp 00000000 08:06 280639     /usr/lib/vlc/plugins/demux/libavi_plugin.so
676b4000-676b5000 r--p 00010000 08:06 280639     /usr/lib/vlc/plugins/demux/libavi_plugin.so
676b5000-676b6000 rw-p 00011000 08:06 280639     /usr/lib/vlc/plugins/demux/libavi_plugin.so
676b6000-676b9000 r-xp 00000000 08:06 1720599    /usr/lib/vlc/plugins/access/libstream_filter_rar_plugin.so
676b9000-676ba000 r--p 00002000 08:06 1720599    /usr/lib/vlc/plugins/access/libstream_filter_rar_plugin.so
676ba000-676bb000 rw-p 00003000 08:06 1720599    /usr/lib/vlc/plugins/access/libstream_filter_rar_plugin.so
676bb000-676cf000 r-xp 00000000 08:06 1706111    /usr/lib/i386-linux-gnu/libdvdnav.so.4.1.2
676cf000-676d0000 r--p 00013000 08:06 1706111    /usr/lib/i386-linux-gnu/libdvdnav.so.4.1.2
676d0000-676d1000 rw-p 00014000 08:06 1706111    /usr/lib/i386-linux-gnu/libdvdnav.so.4.1.2
676d4000-676dc000 r-xp 00000000 08:06 1720591    /usr/lib/vlc/plugins/access/libzip_plugin.so
676dc000-676dd000 r--p 00007000 08:06 1720591    /usr/lib/vlc/plugins/access/libzip_plugin.so
676dd000-676de000 rw-p 00008000 08:06 1720591    /usr/lib/vlc/plugins/access/libzip_plugin.so
676de000-676e8000 r-xp 00000000 08:06 405643     /usr/lib/vlc/plugins/stream_filter/libstream_filter_httplive_plugin.so
676e8000-676e9000 r--p 00009000 08:06 405643     /usr/lib/vlc/plugins/stream_filter/libstream_filter_httplive_plugin.so
676e9000-676ea000 rw-p 0000a000 08:06 405643     /usr/lib/vlc/plugins/stream_filter/libstream_filter_httplive_plugin.so
676ea000-676eb000 ---p 00000000 00:00 0 
676eb000-6776b000 rw-p 00000000 00:00 0          [stack:26949]
6776b000-677b7000 r-xp 00000000 08:06 1706602    /usr/lib/i386-linux-gnu/libpulse.so.0.15.3
677b7000-677b8000 ---p 0004c000 08:06 1706602    /usr/lib/i386-linux-gnu/libpulse.so.0.15.3
677b8000-677b9000 r--p 0004c000 08:06 1706602    /usr/lib/i386-linux-gnu/libpulse.so.0.15.3
677b9000-677ba000 rw-p 0004d000 08:06 1706602    /usr/lib/i386-linux-gnu/libpulse.so.0.15.3
677ba000-677bc000 r-xp 00000000 08:06 405483     /usr/lib/vlc/plugins/codec/libaes3_plugin.so
677bc000-677bd000 r--p 00001000 08:06 405483     /usr/lib/vlc/plugins/codec/libaes3_plugin.so
677bd000-677be000 rw-p 00002000 08:06 405483     /usr/lib/vlc/plugins/codec/libaes3_plugin.so
677be000-677c1000 r-xp 00000000 08:06 405644     /usr/lib/vlc/plugins/stream_filter/libdecomp_plugin.so
677c1000-677c2000 r--p 00002000 08:06 405644     /usr/lib/vlc/plugins/stream_filter/libdecomp_plugin.so
677c2000-677c3000 rw-p 00003000 08:06 405644     /usr/lib/vlc/plugins/stream_filter/libdecomp_plugin.so
677c3000-677cd000 r-xp 00000000 08:06 1720582    /usr/lib/vlc/plugins/access/libdvdnav_plugin.so
677cd000-677ce000 r--p 0000a000 08:06 1720582    /usr/lib/vlc/plugins/access/libdvdnav_plugin.so
677ce000-677cf000 rw-p 0000b000 08:06 1720582    /usr/lib/vlc/plugins/access/libdvdnav_plugin.so
677cf000-67803000 r-xp 00000000 08:06 1720482    /usr/lib/i386-linux-gnu/libbluray.so.1.2.0
67803000-67804000 ---p 00034000 08:06 1720482    /usr/lib/i386-linux-gnu/libbluray.so.1.2.0
67804000-67805000 r--p 00034000 08:06 1720482    /usr/lib/i386-linux-gnu/libbluray.so.1.2.0
67805000-67806000 rw-p 00035000 08:06 1720482    /usr/lib/i386-linux-gnu/libbluray.so.1.2.0
67806000-678f3000 r-xp 00000000 08:06 1771845    /usr/lib/i386-linux-gnu/libasound.so.2.0.0
678f3000-678f7000 r--p 000ec000 08:06 1771845    /usr/lib/i386-linux-gnu/libasound.so.2.0.0
678f7000-678f8000 rw-p 000f0000 08:06 1771845    /usr/lib/i386-linux-gnu/libasound.so.2.0.0
678f8000-678fa000 r-xp 00000000 08:06 405480     /usr/lib/vlc/plugins/codec/librawvideo_plugin.so
678fa000-678fb000 r--p 00001000 08:06 405480     /usr/lib/vlc/plugins/codec/librawvideo_plugin.so
678fb000-678fc000 rw-p 00002000 08:06 405480     /usr/lib/vlc/plugins/codec/librawvideo_plugin.so
678fc000-6790f000 r-xp 00000000 08:06 1720590    /usr/lib/vlc/plugins/access/libaccess_bd_plugin.so
6790f000-67910000 r--p 00012000 08:06 1720590    /usr/lib/vlc/plugins/access/libaccess_bd_plugin.so
67910000-67911000 rw-p 00013000 08:06 1720590    /usr/lib/vlc/plugins/access/libaccess_bd_plugin.so
67911000-67969000 r-xp 00000000 08:06 1722219    /usr/lib/i386-linux-gnu/libXt.so.6.0.0
67969000-6796a000 r--p 00058000 08:06 1722219    /usr/lib/i386-linux-gnu/libXt.so.6.0.0
6796a000-6796d000 rw-p 00059000 08:06 1722219    /usr/lib/i386-linux-gnu/libXt.so.6.0.0
6796d000-67983000 r-xp 00000000 08:06 1705827    /usr/lib/i386-linux-gnu/libICE.so.6.3.0
67983000-67984000 r--p 00015000 08:06 1705827    /usr/lib/i386-linux-gnu/libICE.so.6.3.0
67984000-67985000 rw-p 00016000 08:06 1705827    /usr/lib/i386-linux-gnu/libICE.so.6.3.0
67985000-67987000 rw-p 00000000 00:00 0 
67987000-6799e000 r-xp 00000000 08:06 1705975    /usr/lib/i386-linux-gnu/libaudio.so.2.4
6799e000-6799f000 r--p 00016000 08:06 1705975    /usr/lib/i386-linux-gnu/libaudio.so.2.4
6799f000-679a0000 rw-p 00017000 08:06 1705975    /usr/lib/i386-linux-gnu/libaudio.so.2.4
679a0000-679b1000 r-xp 00000000 08:06 262615     /lib/i386-linux-gnu/libusb-1.0.so.0.1.0
679b1000-679b2000 r--p 00010000 08:06 262615     /lib/i386-linux-gnu/libusb-1.0.so.0.1.0
679b2000-679b3000 rw-p 00011000 08:06 262615     /lib/i386-linux-gnu/libusb-1.0.so.0.1.0
679b3000-679f6000 r-xp 00000000 08:06 1706494    /usr/lib/i386-linux-gnu/libmtp.so.9.0.5
679f6000-679f9000 r--p 00043000 08:06 1706494    /usr/lib/i386-linux-gnu/libmtp.so.9.0.5
679f9000-67a00000 rw-p 00046000 08:06 1706494    /usr/lib/i386-linux-gnu/libmtp.so.9.0.5
67a00000-67ae3000 rw-p 00000000 00:00 0 
67ae3000-67b00000 ---p 00000000 00:00 0 
67b03000-67b07000 r-xp 00000000 08:06 1720609    /usr/lib/vlc/plugins/access/libfilesystem_plugin.so
67b07000-67b08000 r--p 00003000 08:06 1720609    /usr/lib/vlc/plugins/access/libfilesystem_plugin.so
67b08000-67b09000 rw-p 00004000 08:06 1720609    /usr/lib/vlc/plugins/access/libfilesystem_plugin.so
67b09000-67b0f000 r-xp 00000000 08:06 1706531    /usr/lib/i386-linux-gnu/libogg.so.0.8.0
67b0f000-67b10000 r--p 00005000 08:06 1706531    /usr/lib/i386-linux-gnu/libogg.so.0.8.0
67b10000-67b11000 rw-p 00006000 08:06 1706531    /usr/lib/i386-linux-gnu/libogg.so.0.8.0
67b11000-67b16000 r-xp 00000000 08:06 1705965    /usr/lib/i386-linux-gnu/libasyncns.so.0.3.1
67b16000-67b17000 r--p 00004000 08:06 1705965    /usr/lib/i386-linux-gnu/libasyncns.so.0.3.1
67b17000-67b18000 rw-p 00005000 08:06 1705965    /usr/lib/i386-linux-gnu/libasyncns.so.0.3.1
67b18000-67b1a000 r-xp 00000000 08:06 405645     /usr/lib/vlc/plugins/stream_filter/libstream_filter_record_plugin.so
67b1a000-67b1b000 r--p 00001000 08:06 405645     /usr/lib/vlc/plugins/stream_filter/libstream_filter_record_plugin.so
67b1b000-67b1c000 rw-p 00002000 08:06 405645     /usr/lib/vlc/plugins/stream_filter/libstream_filter_record_plugin.so
67b1c000-67b21000 r-xp 00000000 08:06 1720610    /usr/lib/vlc/plugins/access/libaccess_vdr_plugin.so
67b21000-67b22000 r--p 00004000 08:06 1720610    /usr/lib/vlc/plugins/access/libaccess_vdr_plugin.so
67b22000-67b23000 rw-p 00005000 08:06 1720610    /usr/lib/vlc/plugins/access/libaccess_vdr_plugin.so
67b23000-67b28000 r-xp 00000000 08:06 1720612    /usr/lib/vlc/plugins/access/liblibbluray_plugin.so
67b28000-67b29000 r--p 00004000 08:06 1720612    /usr/lib/vlc/plugins/access/liblibbluray_plugin.so
67b29000-67b2a000 rw-p 00005000 08:06 1720612    /usr/lib/vlc/plugins/access/liblibbluray_plugin.so
67b2a000-67bb0000 r-xp 00000000 08:06 1720486    /usr/lib/i386-linux-gnu/libdirac_encoder.so.0.1.0
67bb0000-67bb2000 r--p 00085000 08:06 1720486    /usr/lib/i386-linux-gnu/libdirac_encoder.so.0.1.0
67bb2000-67bb3000 rw-p 00087000 08:06 1720486    /usr/lib/i386-linux-gnu/libdirac_encoder.so.0.1.0
67bb3000-67bb4000 rw-p 00000000 00:00 0 
67bb4000-67ca9000 r-xp 00000000 08:06 1720541    /usr/lib/libvlccore.so.5.1.1
67ca9000-67cae000 r--p 000f5000 08:06 1720541    /usr/lib/libvlccore.so.5.1.1
67cae000-67caf000 rw-p 000fa000 08:06 1720541    /usr/lib/libvlccore.so.5.1.1
67caf000-67cb2000 ---p 00000000 00:00 0 
67cb2000-67d00000 rw-p 00000000 00:00 0          [stack:26942]
67d00000-67e00000 rw-p 00000000 00:00 0 
67e03000-67e0b000 r-xp 00000000 08:06 262621     /lib/i386-linux-gnu/libwrap.so.0.7.6
67e0b000-67e0c000 r--p 00007000 08:06 262621     /lib/i386-linux-gnu/libwrap.so.0.7.6
67e0c000-67e0d000 rw-p 00008000 08:06 262621     /lib/i386-linux-gnu/libwrap.so.0.7.6
67e0d000-67e15000 r-xp 00000000 08:06 262510     /lib/i386-linux-gnu/libjson.so.0.1.0
67e15000-67e16000 r--p 00007000 08:06 262510     /lib/i386-linux-gnu/libjson.so.0.1.0
67e16000-67e17000 rw-p 00008000 08:06 262510     /lib/i386-linux-gnu/libjson.so.0.1.0
67e19000-67e1b000 r-xp 00000000 08:06 280658     /usr/lib/vlc/plugins/misc/libinhibit_plugin.so
67e1b000-67e1c000 r--p 00001000 08:06 280658     /usr/lib/vlc/plugins/misc/libinhibit_plugin.so
67e1c000-67e1d000 rw-p 00002000 08:06 280658     /usr/lib/vlc/plugins/misc/libinhibit_plugin.so
67e1d000-67e23000 r-xp 00000000 08:06 405627     /usr/lib/vlc/plugins/control/libhotkeys_plugin.so
67e23000-67e24000 r--p 00005000 08:06 405627     /usr/lib/vlc/plugins/control/libhotkeys_plugin.so
67e24000-67e25000 rw-p 00006000 08:06 405627     /usr/lib/vlc/plugins/control/libhotkeys_plugin.so
67e25000-67e27000 r-xp 00000000 08:06 405485     /usr/lib/vlc/plugins/mmxext/libmemcpymmxext_plugin.so
67e27000-67e28000 r--p 00001000 08:06 405485     /usr/lib/vlc/plugins/mmxext/libmemcpymmxext_plugin.so
67e28000-67e29000 rw-p 00002000 08:06 405485     /usr/lib/vlc/plugins/mmxext/libmemcpymmxext_plugin.so
67e29000-67e2e000 r-xp 00000000 08:06 405519     /usr/lib/vlc/plugins/audio_output/libalsa_plugin.so
67e2e000-67e2f000 r--p 00004000 08:06 405519     /usr/lib/vlc/plugins/audio_output/libalsa_plugin.so
67e2f000-67e30000 rw-p 00005000 08:06 405519     /usr/lib/vlc/plugins/audio_output/libalsa_plugin.so
67e30000-67e4a000 r-xp 00000000 08:06 1720543    /usr/lib/libvlc.so.5.3.2
67e4a000-67e4b000 r--p 00019000 08:06 1720543    /usr/lib/libvlc.so.5.3.2
67e4b000-67e4c000 rw-p 0001a000 08:06 1720543    /usr/lib/libvlc.so.5.3.2
67e4c000-67e4f000 ---p 00000000 00:00 0 
67e4f000-67e9d000 rw-p 00000000 00:00 0          [stack:26941]
67e9d000-6900c000 r-xp 00000000 08:06 1706398    /usr/lib/i386-linux-gnu/libicudata.so.48.1.1
6900c000-6900d000 r--p 0116e000 08:06 1706398    /usr/lib/i386-linux-gnu/libicudata.so.48.1.1
6900d000-6900e000 rw-p 0116f000 08:06 1706398    /usr/lib/i386-linux-gnu/libicudata.so.48.1.1
6900e000-69011000 r-xp 00000000 08:06 262501     /lib/i386-linux-gnu/libgpg-error.so.0.8.0
69011000-69012000 r--p 00002000 08:06 262501     /lib/i386-linux-gnu/libgpg-error.so.0.8.0
69012000-69013000 rw-p 00003000 08:06 262501     /lib/i386-linux-gnu/libgpg-error.so.0.8.0
69013000-69015000 r-xp 00000000 08:06 262512     /lib/i386-linux-gnu/libkeyutils.so.1.4
69015000-69016000 r--p 00002000 08:06 262512     /lib/i386-linux-gnu/libkeyutils.so.1.4
69016000-69017000 rw-p 00003000 08:06 262512     /lib/i386-linux-gnu/libkeyutils.so.1.4
69017000-6916d000 r-xp 00000000 08:06 1706412    /usr/lib/i386-linux-gnu/libicuuc.so.48.1.1
6916d000-69177000 r--p 00155000 08:06 1706412    /usr/lib/i386-linux-gnu/libicuuc.so.48.1.1
69177000-69178000 rw-p 0015f000 08:06 1706412    /usr/lib/i386-linux-gnu/libicuuc.so.48.1.1
69178000-6917c000 rw-p 00000000 00:00 0 
6917c000-691af000 r-xp 00000000 08:06 1706404    /usr/lib/i386-linux-gnu/libicule.so.48.1.1
691af000-691b0000 ---p 00033000 08:06 1706404    /usr/lib/i386-linux-gnu/libicule.so.48.1.1
691b0000-691b1000 r--p 00033000 08:06 1706404    /usr/lib/i386-linux-gnu/libicule.so.48.1.1
691b1000-691b2000 rw-p 00034000 08:06 1706404    /usr/lib/i386-linux-gnu/libicule.so.48.1.1
691b2000-691fa000 r-xp 00000000 08:06 262482     /lib/i386-linux-gnu/libdbus-1.so.3.7.2
691fa000-691fb000 r--p 00047000 08:06 262482     /lib/i386-linux-gnu/libdbus-1.so.3.7.2
691fb000-691fc000 rw-p 00048000 08:06 262482     /lib/i386-linux-gnu/libdbus-1.so.3.7.2
691fc000-6920e000 r-xp 00000000 08:06 1706541    /usr/lib/i386-linux-gnu/libp11-kit.so.0.0.0
6920e000-6920f000 r--p 00011000 08:06 1706541    /usr/lib/i386-linux-gnu/libp11-kit.so.0.0.0
6920f000-69210000 rw-p 00012000 08:06 1706541    /usr/lib/i386-linux-gnu/libp11-kit.so.0.0.0
69210000-69220000 r-xp 00000000 08:06 1706699    /usr/lib/i386-linux-gnu/libtasn1.so.3.2.0
69220000-69221000 r--p 0000f000 08:06 1706699    /usr/lib/i386-linux-gnu/libtasn1.so.3.2.0
69221000-69222000 rw-p 00010000 08:06 1706699    /usr/lib/i386-linux-gnu/libtasn1.so.3.2.0
69222000-692a3000 r-xp 00000000 08:06 262497     /lib/i386-linux-gnu/libgcrypt.so.11.7.0
692a3000-692a4000 r--p 00080000 08:06 262497     /lib/i386-linux-gnu/libgcrypt.so.11.7.0
692a4000-692a6000 rw-p 00081000 08:06 262497     /lib/i386-linux-gnu/libgcrypt.so.11.7.0
692a6000-692ad000 r-xp 00000000 08:06 1706449    /usr/lib/i386-linux-gnu/libkrb5support.so.0.1
692ad000-692ae000 r--p 00006000 08:06 1706449    /usr/lib/i386-linux-gnu/libkrb5support.so.0.1
692ae000-692af000 rw-p 00007000 08:06 1706449    /usr/lib/i386-linux-gnu/libkrb5support.so.0.1
692af000-692b2000 r-xp 00000000 08:06 262477     /lib/i386-linux-gnu/libcom_err.so.2.1
692b2000-692b3000 r--p 00002000 08:06 262477     /lib/i386-linux-gnu/libcom_err.so.2.1
692b3000-692b4000 rw-p 00003000 08:06 262477     /lib/i386-linux-gnu/libcom_err.so.2.1
692b4000-692da000 r-xp 00000000 08:06 1706443    /usr/lib/i386-linux-gnu/libk5crypto.so.3.1
692da000-692db000 r--p 00026000 08:06 1706443    /usr/lib/i386-linux-gnu/libk5crypto.so.3.1
692db000-692dc000 rw-p 00027000 08:06 1706443    /usr/lib/i386-linux-gnu/libk5crypto.so.3.1
692dc000-693a3000 r-xp 00000000 08:06 1706447    /usr/lib/i386-linux-gnu/libkrb5.so.3.3
693a3000-693a9000 r--p 000c6000 08:06 1706447    /usr/lib/i386-linux-gnu/libkrb5.so.3.3
693a9000-693aa000 rw-p 000cc000 08:06 1706447    /usr/lib/i386-linux-gnu/libkrb5.so.3.3
693aa000-69442000 r-xp 00000000 08:06 1706380    /usr/lib/i386-linux-gnu/libharfbuzz.so.0.913.0
69442000-69443000 ---p 00098000 08:06 1706380    /usr/lib/i386-linux-gnu/libharfbuzz.so.0.913.0
69443000-69444000 r--p 00098000 08:06 1706380    /usr/lib/i386-linux-gnu/libharfbuzz.so.0.913.0
69444000-69445000 rw-p 00099000 08:06 1706380    /usr/lib/i386-linux-gnu/libharfbuzz.so.0.913.0
69445000-6944d000 r-xp 00000000 08:06 1706787    /usr/lib/i386-linux-gnu/libxcb-render.so.0.0.0
6944d000-6944e000 r--p 00008000 08:06 1706787    /usr/lib/i386-linux-gnu/libxcb-render.so.0.0.0
6944e000-6944f000 rw-p 00009000 08:06 1706787    /usr/lib/i386-linux-gnu/libxcb-render.so.0.0.0
6944f000-69451000 r-xp 00000000 08:06 1706791    /usr/lib/i386-linux-gnu/libxcb-shm.so.0.0.0
69451000-69452000 r--p 00001000 08:06 1706791    /usr/lib/i386-linux-gnu/libxcb-shm.so.0.0.0
69452000-69453000 rw-p 00002000 08:06 1706791    /usr/lib/i386-linux-gnu/libxcb-shm.so.0.0.0
69453000-6947a000 r-xp 00000000 08:06 262578     /lib/i386-linux-gnu/libpng12.so.0.49.0
6947a000-6947b000 r--p 00026000 08:06 262578     /lib/i386-linux-gnu/libpng12.so.0.49.0
6947b000-6947c000 rw-p 00027000 08:06 262578     /lib/i386-linux-gnu/libpng12.so.0.49.0
6947c000-69510000 r-xp 00000000 08:06 1706571    /usr/lib/i386-linux-gnu/libpixman-1.so.0.28.2
69510000-69515000 r--p 00093000 08:06 1706571    /usr/lib/i386-linux-gnu/libpixman-1.so.0.28.2
69515000-69516000 rw-p 00098000 08:06 1706571    /usr/lib/i386-linux-gnu/libpixman-1.so.0.28.2
69516000-69526000 r-xp 00000000 08:06 1705977    /usr/lib/i386-linux-gnu/libavahi-client.so.3.2.9
69526000-69527000 r--p 0000f000 08:06 1705977    /usr/lib/i386-linux-gnu/libavahi-client.so.3.2.9
69527000-69528000 rw-p 00010000 08:06 1705977    /usr/lib/i386-linux-gnu/libavahi-client.so.3.2.9
69528000-69534000 r-xp 00000000 08:06 1705979    /usr/lib/i386-linux-gnu/libavahi-common.so.3.5.3
69534000-69535000 r--p 0000b000 08:06 1705979    /usr/lib/i386-linux-gnu/libavahi-common.so.3.5.3
69535000-69536000 rw-p 0000c000 08:06 1705979    /usr/lib/i386-linux-gnu/libavahi-common.so.3.5.3
69536000-695f6000 r-xp 00000000 08:06 1706251    /usr/lib/i386-linux-gnu/libgnutls.so.26.22.6
695f6000-695fa000 r--p 000bf000 08:06 1706251    /usr/lib/i386-linux-gnu/libgnutls.so.26.22.6
695fa000-695fb000 rw-p 000c3000 08:06 1706251    /usr/lib/i386-linux-gnu/libgnutls.so.26.22.6
695fb000-69636000 r-xp 00000000 08:06 1706276    /usr/lib/i386-linux-gnu/libgssapi_krb5.so.2.2
69636000-69637000 r--p 0003a000 08:06 1706276    /usr/lib/i386-linux-gnu/libgssapi_krb5.so.2.2
69637000-69638000 rw-p 0003b000 08:06 1706276    /usr/lib/i386-linux-gnu/libgssapi_krb5.so.2.2
69638000-69677000 r-xp 00000000 08:06 262566     /lib/i386-linux-gnu/libpcre.so.3.13.1
69677000-69678000 r--p 0003f000 08:06 262566     /lib/i386-linux-gnu/libpcre.so.3.13.1
69678000-69679000 rw-p 00040000 08:06 262566     /lib/i386-linux-gnu/libpcre.so.3.13.1
69679000-6967e000 r-xp 00000000 08:06 1706141    /usr/lib/i386-linux-gnu/libffi.so.6.0.1
6967e000-6967f000 r--p 00005000 08:06 1706141    /usr/lib/i386-linux-gnu/libffi.so.6.0.1
6967f000-69680000 rw-p 00006000 08:06 1706141    /usr/lib/i386-linux-gnu/libffi.so.6.0.1
69680000-696a5000 r-xp 00000000 08:06 262490     /lib/i386-linux-gnu/libexpat.so.1.6.0
696a5000-696a7000 r--p 00025000 08:06 262490     /lib/i386-linux-gnu/libexpat.so.1.6.0
696a7000-696a8000 rw-p 00027000 08:06 262490     /lib/i386-linux-gnu/libexpat.so.1.6.0
696a8000-6973e000 r-xp 00000000 08:06 1706179    /usr/lib/i386-linux-gnu/libfreetype.so.6.10.0
6973e000-69742000 r--p 00095000 08:06 1706179    /usr/lib/i386-linux-gnu/libfreetype.so.6.10.0
69742000-69743000 rw-p 00099000 08:06 1706179    /usr/lib/i386-linux-gnu/libfreetype.so.6.10.0
69743000-69756000 r-xp 00000000 08:06 262589     /lib/i386-linux-gnu/libresolv-2.17.so
69756000-69757000 r--p 00013000 08:06 262589     /lib/i386-linux-gnu/libresolv-2.17.so
69757000-69758000 rw-p 00014000 08:06 262589     /lib/i386-linux-gnu/libresolv-2.17.so
69758000-6975a000 rw-p 00000000 00:00 0 
6975a000-69777000 r-xp 00000000 08:06 262593     /lib/i386-linux-gnu/libselinux.so.1
69777000-69778000 r--p 0001c000 08:06 262593     /lib/i386-linux-gnu/libselinux.so.1
69778000-69779000 rw-p 0001d000 08:06 262593     /lib/i386-linux-gnu/libselinux.so.1
69779000-6977b000 r-xp 00000000 08:06 1705896    /usr/lib/i386-linux-gnu/libXdamage.so.1.1.0
6977b000-6977c000 r--p 00001000 08:06 1705896    /usr/lib/i386-linux-gnu/libXdamage.so.1.1.0
6977c000-6977d000 rw-p 00002000 08:06 1705896    /usr/lib/i386-linux-gnu/libXdamage.so.1.1.0
6977d000-6977f000 r-xp 00000000 08:06 1705892    /usr/lib/i386-linux-gnu/libXcomposite.so.1.0.0
6977f000-69780000 r--p 00001000 08:06 1705892    /usr/lib/i386-linux-gnu/libXcomposite.so.1.0.0
69780000-69781000 rw-p 00002000 08:06 1705892    /usr/lib/i386-linux-gnu/libXcomposite.so.1.0.0
69781000-6978a000 r-xp 00000000 08:06 1705894    /usr/lib/i386-linux-gnu/libXcursor.so.1.0.2
6978a000-6978b000 r--p 00008000 08:06 1705894    /usr/lib/i386-linux-gnu/libXcursor.so.1.0.2
6978b000-6978c000 rw-p 00009000 08:06 1705894    /usr/lib/i386-linux-gnu/libXcursor.so.1.0.2
6978c000-69795000 r-xp 00000000 08:06 1705918    /usr/lib/i386-linux-gnu/libXrandr.so.2.2.0
69795000-69796000 r--p 00008000 08:06 1705918    /usr/lib/i386-linux-gnu/libXrandr.so.2.2.0
69796000-69797000 rw-p 00009000 08:06 1705918    /usr/lib/i386-linux-gnu/libXrandr.so.2.2.0
69797000-697a9000 r-xp 00000000 08:06 1706553    /usr/lib/i386-linux-gnu/libpangoft2-1.0.so.0.3200.5
697a9000-697aa000 r--p 00011000 08:06 1706553    /usr/lib/i386-linux-gnu/libpangoft2-1.0.so.0.3200.5
697aa000-697ab000 rw-p 00012000 08:06 1706553    /usr/lib/i386-linux-gnu/libpangoft2-1.0.so.0.3200.5
697ab000-698be000 r-xp 00000000 08:06 1706005    /usr/lib/i386-linux-gnu/libcairo.so.2.11200.14
698be000-698c0000 r--p 00113000 08:06 1706005    /usr/lib/i386-linux-gnu/libcairo.so.2.11200.14
698c0000-698c1000 rw-p 00115000 08:06 1706005    /usr/lib/i386-linux-gnu/libcairo.so.2.11200.14
698c1000-698c2000 rw-p 00000000 00:00 0 
698c2000-698e0000 r-xp 00000000 08:06 1705967    /usr/lib/i386-linux-gnu/libatk-1.0.so.0.20809.1
698e0000-698e2000 r--p 0001d000 08:06 1705967    /usr/lib/i386-linux-gnu/libatk-1.0.so.0.20809.1
698e2000-698e3000 rw-p 0001f000 08:06 1705967    /usr/lib/i386-linux-gnu/libatk-1.0.so.0.20809.1
698e3000-6993d000 r-xp 00000000 08:06 1706064    /usr/lib/i386-linux-gnu/libcups.so.2
6993d000-6993e000 ---p 0005a000 08:06 1706064    /usr/lib/i386-linux-gnu/libcups.so.2
6993e000-69941000 r--p 0005a000 08:06 1706064    /usr/lib/i386-linux-gnu/libcups.so.2
69941000-69942000 rw-p 0005d000 08:06 1706064    /usr/lib/i386-linux-gnu/libcups.so.2
69942000-69a41000 r-xp 00000000 08:06 262499     /lib/i386-linux-gnu/libglib-2.0.so.0.3600.0
69a41000-69a42000 r--p 000fe000 08:06 262499     /lib/i386-linux-gnu/libglib-2.0.so.0.3600.0
69a42000-69a43000 rw-p 000ff000 08:06 262499     /lib/i386-linux-gnu/libglib-2.0.so.0.3600.0
69a43000-69a91000 r-xp 00000000 08:06 1706257    /usr/lib/i386-linux-gnu/libgobject-2.0.so.0.3600.0
69a91000-69a92000 r--p 0004d000 08:06 1706257    /usr/lib/i386-linux-gnu/libgobject-2.0.so.0.3600.0
69a92000-69a93000 rw-p 0004e000 08:06 1706257    /usr/lib/i386-linux-gnu/libgobject-2.0.so.0.3600.0
69a93000-69aca000 r-xp 00000000 08:06 1706167    /usr/lib/i386-linux-gnu/libfontconfig.so.1.6.2
69aca000-69acb000 r--p 00036000 08:06 1706167    /usr/lib/i386-linux-gnu/libfontconfig.so.1.6.2
69acb000-69acc000 rw-p 00037000 08:06 1706167    /usr/lib/i386-linux-gnu/libfontconfig.so.1.6.2
69acc000-69b15000 r-xp 00000000 08:06 1706549    /usr/lib/i386-linux-gnu/libpango-1.0.so.0.3200.5
69b15000-69b16000 r--p 00049000 08:06 1706549    /usr/lib/i386-linux-gnu/libpango-1.0.so.0.3200.5
69b16000-69b17000 rw-p 0004a000 08:06 1706549    /usr/lib/i386-linux-gnu/libpango-1.0.so.0.3200.5
69b17000-69b37000 r-xp 00000000 08:06 1706208    /usr/lib/i386-linux-gnu/libgdk_pixbuf-2.0.so.0.2800.0
69b37000-69b38000 ---p 00020000 08:06 1706208    /usr/lib/i386-linux-gnu/libgdk_pixbuf-2.0.so.0.2800.0
69b38000-69b39000 r--p 00020000 08:06 1706208    /usr/lib/i386-linux-gnu/libgdk_pixbuf-2.0.so.0.2800.0
69b39000-69b3a000 rw-p 00021000 08:06 1706208    /usr/lib/i386-linux-gnu/libgdk_pixbuf-2.0.so.0.2800.0
69b3a000-69c9a000 r-xp 00000000 08:06 1706227    /usr/lib/i386-linux-gnu/libgio-2.0.so.0.3600.0
69c9a000-69c9c000 r--p 00160000 08:06 1706227    /usr/lib/i386-linux-gnu/libgio-2.0.so.0.3600.0
69c9c000-69c9d000 rw-p 00162000 08:06 1706227    /usr/lib/i386-linux-gnu/libgio-2.0.so.0.3600.0
69c9d000-69c9e000 rw-p 00000000 00:00 0 
69c9e000-69d49000 r-xp 00000000 08:06 1706206    /usr/lib/i386-linux-gnu/libgdk-x11-2.0.so.0.2400.17
69d49000-69d4b000 r--p 000ab000 08:06 1706206    /usr/lib/i386-linux-gnu/libgdk-x11-2.0.so.0.2400.17
69d4b000-69d4c000 rw-p 000ad000 08:06 1706206    /usr/lib/i386-linux-gnu/libgdk-x11-2.0.so.0.2400.17
69d4c000-6a1ad000 r-xp 00000000 08:06 1706364    /usr/lib/i386-linux-gnu/libgtk-x11-2.0.so.0.2400.17
6a1ad000-6a1b1000 r--p 00461000 08:06 1706364    /usr/lib/i386-linux-gnu/libgtk-x11-2.0.so.0.2400.17
6a1b1000-6a1b3000 rw-p 00465000 08:06 1706364    /usr/lib/i386-linux-gnu/libgtk-x11-2.0.so.0.2400.17
6a1b3000-6a1b5000 rw-p 00000000 00:00 0 
6a1b5000-6a207000 r-xp 00000000 08:06 1708686    /usr/lib/jvm/java-7-openjdk-i386/jre/lib/i386/xawt/libmawt.so
6a207000-6a208000 r--p 00051000 08:06 1708686    /usr/lib/jvm/java-7-openjdk-i386/jre/lib/i386/xawt/libmawt.so
6a208000-6a20a000 rw-p 00052000 08:06 1708686    /usr/lib/jvm/java-7-openjdk-i386/jre/lib/i386/xawt/libmawt.so
6a20a000-6a20b000 rw-p 00000000 00:00 0 
6a20b000-6a29d000 r-xp 00000000 08:06 1708643    /usr/lib/jvm/java-7-openjdk-i386/jre/lib/i386/libawt.so
6a29d000-6a29e000 r--p 00091000 08:06 1708643    /usr/lib/jvm/java-7-openjdk-i386/jre/lib/i386/libawt.so
6a29e000-6a2a5000 rw-p 00092000 08:06 1708643    /usr/lib/jvm/java-7-openjdk-i386/jre/lib/i386/libawt.so
6a2a5000-6a2c9000 rw-p 00000000 00:00 0 
6a2c9000-6a3fc000 r-xp 00000000 08:06 1706796    /usr/lib/i386-linux-gnu/libX11.so.6.3.0
6a3fc000-6a3fd000 r--p 00132000 08:06 1706796    /usr/lib/i386-linux-gnu/libX11.so.6.3.0
6a3fd000-6a400000 rw-p 00133000 08:06 1706796    /usr/lib/i386-linux-gnu/libX11.so.6.3.0
6a400000-6a4ff000 rw-p 00000000 00:00 0 
6a4ff000-6a500000 ---p 00000000 00:00 0 
6a503000-6a508000 r-xp 00000000 08:06 1705902    /usr/lib/i386-linux-gnu/libXfixes.so.3.1.0
6a508000-6a509000 r--p 00004000 08:06 1705902    /usr/lib/i386-linux-gnu/libXfixes.so.3.1.0
6a509000-6a50a000 rw-p 00005000 08:06 1705902    /usr/lib/i386-linux-gnu/libXfixes.so.3.1.0
6a50a000-6a515000 r-xp 00000000 08:06 1706551    /usr/lib/i386-linux-gnu/libpangocairo-1.0.so.0.3200.5
6a515000-6a516000 r--p 0000a000 08:06 1706551    /usr/lib/i386-linux-gnu/libpangocairo-1.0.so.0.3200.5
6a516000-6a517000 rw-p 0000b000 08:06 1706551    /usr/lib/i386-linux-gnu/libpangocairo-1.0.so.0.3200.5
6a517000-6a51a000 r-xp 00000000 08:06 1706237    /usr/lib/i386-linux-gnu/libgmodule-2.0.so.0.3600.0
6a51a000-6a51b000 r--p 00002000 08:06 1706237    /usr/lib/i386-linux-gnu/libgmodule-2.0.so.0.3600.0
6a51b000-6a51c000 rw-p 00003000 08:06 1706237    /usr/lib/i386-linux-gnu/libgmodule-2.0.so.0.3600.0
6a51c000-6a52a000 r-xp 00000000 08:06 1705906    /usr/lib/i386-linux-gnu/libXi.so.6.1.0
6a52a000-6a52b000 r--p 0000d000 08:06 1705906    /usr/lib/i386-linux-gnu/libXi.so.6.1.0
6a52b000-6a52c000 rw-p 0000e000 08:06 1705906    /usr/lib/i386-linux-gnu/libXi.so.6.1.0
6a52c000-6a52d000 ---p 00000000 00:00 0 
6a52d000-6a5ad000 rw-p 00000000 00:00 0          [stack:26940]
6a5ad000-6a5b0000 ---p 00000000 00:00 0 
6a5b0000-6a5fe000 rw-p 00000000 00:00 0          [stack:26939]
6a5fe000-6a601000 ---p 00000000 00:00 0 
6a601000-6a67f000 rw-p 00000000 00:00 0          [stack:26938]
6a67f000-6a682000 ---p 00000000 00:00 0 
6a682000-6a700000 rw-p 00000000 00:00 0          [stack:26937]
6a700000-6a900000 r--p 00000000 08:06 1709808    /usr/lib/locale/locale-archive
6a900000-6a921000 rw-p 00000000 00:00 0 
6a921000-6aa00000 ---p 00000000 00:00 0 
6aa00000-6aafb000 rw-p 00000000 00:00 0 
6aafb000-6ab00000 ---p 00000000 00:00 0 
6ab00000-6abfa000 rw-p 00000000 00:00 0 
6abfa000-6ac00000 ---p 00000000 00:00 0 
6ac00000-6ac02000 r-xp 00000000 08:06 1705908    /usr/lib/i386-linux-gnu/libXinerama.so.1.0.0
6ac02000-6ac03000 r--p 00001000 08:06 1705908    /usr/lib/i386-linux-gnu/libXinerama.so.1.0.0
6ac03000-6ac04000 rw-p 00002000 08:06 1705908    /usr/lib/i386-linux-gnu/libXinerama.so.1.0.0
6ac04000-6ac09000 r-xp 00000000 08:06 1705926    /usr/lib/i386-linux-gnu/libXtst.so.6.1.0
6ac09000-6ac0a000 r--p 00004000 08:06 1705926    /usr/lib/i386-linux-gnu/libXtst.so.6.1.0
6ac0a000-6ac0b000 rw-p 00005000 08:06 1705926    /usr/lib/i386-linux-gnu/libXtst.so.6.1.0
6ac0b000-6ac13000 r-xp 00000000 08:06 1705920    /usr/lib/i386-linux-gnu/libXrender.so.1.3.0
6ac13000-6ac14000 r--p 00007000 08:06 1705920    /usr/lib/i386-linux-gnu/libXrender.so.1.3.0
6ac14000-6ac15000 rw-p 00008000 08:06 1705920    /usr/lib/i386-linux-gnu/libXrender.so.1.3.0
6ac16000-6ac1a000 r-xp 00000000 08:06 262619     /lib/i386-linux-gnu/libuuid.so.1.3.0
6ac1a000-6ac1b000 r--p 00003000 08:06 262619     /lib/i386-linux-gnu/libuuid.so.1.3.0
6ac1b000-6ac1c000 rw-p 00004000 08:06 262619     /lib/i386-linux-gnu/libuuid.so.1.3.0
6ac1c000-6ac23000 r-xp 00000000 08:06 1705877    /usr/lib/i386-linux-gnu/libSM.so.6.0.1
6ac23000-6ac24000 r--p 00006000 08:06 1705877    /usr/lib/i386-linux-gnu/libSM.so.6.0.1
6ac24000-6ac25000 rw-p 00007000 08:06 1705877    /usr/lib/i386-linux-gnu/libSM.so.6.0.1
6ac25000-6ac28000 r-xp 00000000 08:06 1706600    /usr/lib/i386-linux-gnu/libpulse-simple.so.0.0.3
6ac28000-6ac29000 r--p 00002000 08:06 1706600    /usr/lib/i386-linux-gnu/libpulse-simple.so.0.0.3
6ac29000-6ac2a000 rw-p 00003000 08:06 1706600    /usr/lib/i386-linux-gnu/libpulse-simple.so.0.0.3
6ac2a000-6ac2c000 r-xp 00000000 08:06 405602     /usr/lib/vlc/plugins/services_discovery/libmtp_plugin.so
6ac2c000-6ac2d000 r--p 00001000 08:06 405602     /usr/lib/vlc/plugins/services_discovery/libmtp_plugin.so
6ac2d000-6ac2e000 rw-p 00002000 08:06 405602     /usr/lib/vlc/plugins/services_discovery/libmtp_plugin.so
6ac2e000-6ac31000 ---p 00000000 00:00 0 
6ac31000-6ac7f000 rw-p 00000000 00:00 0          [stack:26936]
6ac7f000-6ac80000 ---p 00000000 00:00 0 
6ac80000-6ad00000 rw-p 00000000 00:00 0          [stack:26933]
6ad00000-6adff000 rw-p 00000000 00:00 0 
6adff000-6ae00000 ---p 00000000 00:00 0 
6ae00000-6ae01000 rw-p 00000000 00:00 0 
6ae01000-6ae11000 r-xp 00000000 08:06 1705900    /usr/lib/i386-linux-gnu/libXext.so.6.4.0
6ae11000-6ae12000 r--p 0000f000 08:06 1705900    /usr/lib/i386-linux-gnu/libXext.so.6.4.0
6ae12000-6ae13000 rw-p 00010000 08:06 1705900    /usr/lib/i386-linux-gnu/libXext.so.6.4.0
6ae13000-6ae33000 r-xp 00000000 08:06 1720908    /usr/lib/i386-linux-gnu/libxcb.so.1.1.0
6ae33000-6ae34000 r--p 0001f000 08:06 1720908    /usr/lib/i386-linux-gnu/libxcb.so.1.1.0
6ae34000-6ae35000 rw-p 00020000 08:06 1720908    /usr/lib/i386-linux-gnu/libxcb.so.1.1.0
6ae35000-6afe2000 r--s 01cde000 08:06 1708621    /usr/lib/jvm/java-7-openjdk-i386/jre/lib/rt.jar
6afe2000-6dd00000 rw-p 00000000 00:00 0 
6dd00000-6ddfb000 rw-p 00000000 00:00 0 
6ddfb000-6de00000 ---p 00000000 00:00 0 
6de00000-6de01000 r-xp 00000000 08:06 1708656    /usr/lib/jvm/java-7-openjdk-i386/jre/lib/i386/libjawt.so
6de01000-6de02000 r--p 00000000 08:06 1708656    /usr/lib/jvm/java-7-openjdk-i386/jre/lib/i386/libjawt.so
6de02000-6de03000 rw-p 00001000 08:06 1708656    /usr/lib/jvm/java-7-openjdk-i386/jre/lib/i386/libjawt.so
6de03000-6de0e000 r--s 001fb000 08:06 1708529    /usr/lib/jvm/java-7-openjdk-common/jre/lib/charsets.jar
6de0e000-6de19000 r--s 001fb000 08:06 1708529    /usr/lib/jvm/java-7-openjdk-common/jre/lib/charsets.jar
6de19000-6de2d000 r-xp 00000000 08:06 1441572    /tmp/jna-gene/jna5491680385765932961.tmp (deleted)
6de2d000-6de2e000 rw-p 00014000 08:06 1441572    /tmp/jna-gene/jna5491680385765932961.tmp (deleted)
6de2e000-6de31000 ---p 00000000 00:00 0 
6de31000-6de7f000 rw-p 00000000 00:00 0          [stack:26935]
6de7f000-6de80000 ---p 00000000 00:00 0 
6de80000-6df00000 rw-p 00000000 00:00 0          [stack:26932]
6df00000-6df21000 rw-p 00000000 00:00 0 
6df21000-6e000000 ---p 00000000 00:00 0 
6e000000-6e001000 rwxp 00000000 00:00 0 
6e001000-6e002000 r-xp 00000000 08:06 1706360    /usr/lib/i386-linux-gnu/libgthread-2.0.so.0.3600.0
6e002000-6e003000 r--p 00000000 08:06 1706360    /usr/lib/i386-linux-gnu/libgthread-2.0.so.0.3600.0
6e003000-6e004000 rw-p 00001000 08:06 1706360    /usr/lib/i386-linux-gnu/libgthread-2.0.so.0.3600.0
6e004000-6e009000 r-xp 00000000 08:06 1705898    /usr/lib/i386-linux-gnu/libXdmcp.so.6.0.0
6e009000-6e00a000 r--p 00004000 08:06 1705898    /usr/lib/i386-linux-gnu/libXdmcp.so.6.0.0
6e00a000-6e00b000 rw-p 00005000 08:06 1705898    /usr/lib/i386-linux-gnu/libXdmcp.so.6.0.0
6e00b000-6e00d000 r-xp 00000000 08:06 1705887    /usr/lib/i386-linux-gnu/libXau.so.6.0.0
6e00d000-6e00e000 r--p 00001000 08:06 1705887    /usr/lib/i386-linux-gnu/libXau.so.6.0.0
6e00e000-6e00f000 rw-p 00002000 08:06 1705887    /usr/lib/i386-linux-gnu/libXau.so.6.0.0
6e00f000-6e014000 r--s 0004c000 08:06 1708535    /usr/lib/jvm/java-7-openjdk-common/jre/lib/jsse.jar
6e014000-6e01d000 r--s 000bc000 08:06 1708538    /usr/lib/jvm/java-7-openjdk-common/jre/lib/resources.jar
6e01d000-6e027000 r--s 00053000 08:06 1724519    /home/gene/Downloads/ll/vlcj-2.4.1/vlcj-2.4.1-tests.jar
6e027000-6e02e000 r--s 00094000 08:06 1784822    /home/gene/netbeans-7.3.1/java/modules/ext/beansbinding-1.2.1.jar
6e02e000-6e031000 ---p 00000000 00:00 0 
6e031000-6e07f000 rw-p 00000000 00:00 0          [stack:26934]
6e07f000-6e080000 ---p 00000000 00:00 0 
6e080000-6e100000 rw-p 00000000 00:00 0          [stack:26931]
6e100000-6e121000 rw-p 00000000 00:00 0 
6e121000-6e200000 ---p 00000000 00:00 0 
6e200000-6e20f000 r--s 00115000 08:06 1724216    /home/gene/Downloads/ll/vlcj-2.4.1/platform-3.5.2.jar
6e20f000-6e212000 r--s 000a6000 08:06 1724183    /home/gene/Downloads/ll/vlcj-2.4.1/jna-3.5.2.jar
6e212000-6e21c000 r--s 0004b000 08:06 1724492    /home/gene/Downloads/ll/vlcj-2.4.1/vlcj-2.4.1.jar
6e21c000-6e21f000 r--s 00027000 08:06 1798650    /home/gene/Downloads/rs2xml.jar
6e21f000-6e237000 r--s 001b9000 08:06 1779640    /home/gene/lab/music/playmp3/jmf.jar
6e237000-6e27f000 rw-p 00000000 00:00 0 
6e27f000-6e280000 ---p 00000000 00:00 0 
6e280000-6e300000 rw-p 00000000 00:00 0          [stack:26930]
6e300000-6e321000 rw-p 00000000 00:00 0 
6e321000-6e400000 ---p 00000000 00:00 0 
6e400000-6e40f000 r--s 000d3000 08:06 1786959    /home/gene/Downloads/jaudiotagger-2.2.0-20130321.142353-1.jar
6e40f000-6e411000 r--s 00380000 08:06 1795454    /home/gene/Downloads/sqlite-jdbc-3.7.15-M1.jar
6e411000-6e414000 r--s 0000f000 08:06 1708547    /usr/lib/jvm/java-7-openjdk-common/jre/lib/ext/pulse-java.jar
6e414000-6e415000 ---p 00000000 00:00 0 
6e415000-6e49d000 rw-p 00000000 00:00 0          [stack:26929]
6e49d000-6e4d5000 rw-p 00000000 00:00 0 
6e4d5000-6e4ea000 rw-p 00000000 00:00 0 
6e4ea000-6e619000 rw-p 00000000 00:00 0 
6e619000-6e621000 rw-p 00000000 00:00 0 
6e621000-6e659000 rw-p 00000000 00:00 0 
6e659000-6e66e000 rw-p 00000000 00:00 0 
6e66e000-6e79d000 rw-p 00000000 00:00 0 
6e79d000-6e7a8000 rw-p 00000000 00:00 0 
6e7a8000-6e83f000 rw-p 00000000 00:00 0 
6e83f000-6f840000 rw-p 00000000 00:00 0 
6f840000-76840000 rw-p 00000000 00:00 0 
76840000-790c0000 rw-p 00000000 00:00 0 
790c0000-9f040000 rw-p 00000000 00:00 0 
9f040000-a0470000 rw-p 00000000 00:00 0 
a0470000-b3440000 rw-p 00000000 00:00 0 
b3440000-b3449000 rw-p 00000000 00:00 0 
b3449000-b3500000 rw-p 00000000 00:00 0 
b3500000-b3740000 rwxp 00000000 00:00 0 
b3740000-b65fc000 rw-p 00000000 00:00 0 
b65fc000-b6600000 ---p 00000000 00:00 0 
b6600000-b6602000 r--s 00006000 08:06 137009     /usr/share/java/java-atk-wrapper.jar
b6602000-b660d000 r-xp 00000000 08:06 262543     /lib/i386-linux-gnu/libnss_files-2.17.so
b660d000-b660e000 r--p 0000a000 08:06 262543     /lib/i386-linux-gnu/libnss_files-2.17.so
b660e000-b660f000 rw-p 0000b000 08:06 262543     /lib/i386-linux-gnu/libnss_files-2.17.so
b660f000-b6619000 r-xp 00000000 08:06 262548     /lib/i386-linux-gnu/libnss_nis-2.17.so
b6619000-b661a000 r--p 00009000 08:06 262548     /lib/i386-linux-gnu/libnss_nis-2.17.so
b661a000-b661b000 rw-p 0000a000 08:06 262548     /lib/i386-linux-gnu/libnss_nis-2.17.so
b661b000-b6630000 r-xp 00000000 08:06 262537     /lib/i386-linux-gnu/libnsl-2.17.so
b6630000-b6631000 r--p 00014000 08:06 262537     /lib/i386-linux-gnu/libnsl-2.17.so
b6631000-b6632000 rw-p 00015000 08:06 262537     /lib/i386-linux-gnu/libnsl-2.17.so
b6632000-b6634000 rw-p 00000000 00:00 0 
b6634000-b663b000 r-xp 00000000 08:06 262539     /lib/i386-linux-gnu/libnss_compat-2.17.so
b663b000-b663c000 r--p 00006000 08:06 262539     /lib/i386-linux-gnu/libnss_compat-2.17.so
b663c000-b663d000 rw-p 00007000 08:06 262539     /lib/i386-linux-gnu/libnss_compat-2.17.so
b663d000-b663e000 r--s 00014000 08:06 1795668    /home/gene/lab/music/playmp3/mp3plugin.jar
b663e000-b663f000 r--s 00002000 08:06 1708545    /usr/lib/jvm/java-7-openjdk-common/jre/lib/ext/dnsns.jar
b663f000-b6643000 r--s 00085000 08:06 1708546    /usr/lib/jvm/java-7-openjdk-common/jre/lib/ext/localedata.jar
b6643000-b6645000 r--s 00012000 08:06 1708550    /usr/lib/jvm/java-7-openjdk-common/jre/lib/ext/zipfs.jar
b6645000-b6648000 r--s 00032000 08:06 1708548    /usr/lib/jvm/java-7-openjdk-common/jre/lib/ext/sunjce_provider.jar
b6648000-b664b000 r--s 0003c000 08:06 1708549    /usr/lib/jvm/java-7-openjdk-common/jre/lib/ext/sunpkcs11.jar
b664b000-b664c000 r--p 005db000 08:06 1709808    /usr/lib/locale/locale-archive
b664c000-b6654000 r-xp 00000000 08:06 1708674    /usr/lib/jvm/java-7-openjdk-i386/jre/lib/i386/libzip.so
b6654000-b6655000 r--p 00007000 08:06 1708674    /usr/lib/jvm/java-7-openjdk-i386/jre/lib/i386/libzip.so
b6655000-b6656000 rw-p 00008000 08:06 1708674    /usr/lib/jvm/java-7-openjdk-i386/jre/lib/i386/libzip.so
b6656000-b667d000 r-xp 00000000 08:06 1708652    /usr/lib/jvm/java-7-openjdk-i386/jre/lib/i386/libjava.so
b667d000-b667e000 r--p 00026000 08:06 1708652    /usr/lib/jvm/java-7-openjdk-i386/jre/lib/i386/libjava.so
b667e000-b667f000 rw-p 00027000 08:06 1708652    /usr/lib/jvm/java-7-openjdk-i386/jre/lib/i386/libjava.so
b667f000-b6686000 r-xp 00000000 08:06 262591     /lib/i386-linux-gnu/librt-2.17.so
b6686000-b6687000 r--p 00006000 08:06 262591     /lib/i386-linux-gnu/librt-2.17.so
b6687000-b6688000 rw-p 00007000 08:06 262591     /lib/i386-linux-gnu/librt-2.17.so
b6688000-b668b000 ---p 00000000 00:00 0 
b668b000-b66d9000 rw-p 00000000 00:00 0          [stack:26928]
b66d9000-b66f4000 r-xp 00000000 08:06 262495     /lib/i386-linux-gnu/libgcc_s.so.1
b66f4000-b66f5000 r--p 0001a000 08:06 262495     /lib/i386-linux-gnu/libgcc_s.so.1
b66f5000-b66f6000 rw-p 0001b000 08:06 262495     /lib/i386-linux-gnu/libgcc_s.so.1
b66f6000-b6737000 r-xp 00000000 08:06 262518     /lib/i386-linux-gnu/libm-2.17.so
b6737000-b6738000 r--p 00040000 08:06 262518     /lib/i386-linux-gnu/libm-2.17.so
b6738000-b6739000 rw-p 00041000 08:06 262518     /lib/i386-linux-gnu/libm-2.17.so
b6739000-b6815000 r-xp 00000000 08:06 1706691    /usr/lib/i386-linux-gnu/libstdc++.so.6.0.17
b6815000-b6816000 ---p 000dc000 08:06 1706691    /usr/lib/i386-linux-gnu/libstdc++.so.6.0.17
b6816000-b681a000 r--p 000dc000 08:06 1706691    /usr/lib/i386-linux-gnu/libstdc++.so.6.0.17
b681a000-b681b000 rw-p 000e0000 08:06 1706691    /usr/lib/i386-linux-gnu/libstdc++.so.6.0.17
b681b000-b6822000 rw-p 00000000 00:00 0 
b6822000-b7117000 r-xp 00000000 08:06 1708685    /usr/lib/jvm/java-7-openjdk-i386/jre/lib/i386/server/libjvm.so
b7117000-b715e000 r--p 008f4000 08:06 1708685    /usr/lib/jvm/java-7-openjdk-i386/jre/lib/i386/server/libjvm.so
b715e000-b7172000 rw-p 0093b000 08:06 1708685    /usr/lib/jvm/java-7-openjdk-i386/jre/lib/i386/server/libjvm.so
b7172000-b7590000 rw-p 00000000 00:00 0 
b7590000-b75a7000 r-xp 00000000 08:06 262624     /lib/i386-linux-gnu/libz.so.1.2.7
b75a7000-b75a8000 r--p 00016000 08:06 262624     /lib/i386-linux-gnu/libz.so.1.2.7
b75a8000-b75a9000 rw-p 00017000 08:06 262624     /lib/i386-linux-gnu/libz.so.1.2.7
b75a9000-b75c0000 r-xp 00000000 08:06 262583     /lib/i386-linux-gnu/libpthread-2.17.so
b75c0000-b75c1000 r--p 00016000 08:06 262583     /lib/i386-linux-gnu/libpthread-2.17.so
b75c1000-b75c2000 rw-p 00017000 08:06 262583     /lib/i386-linux-gnu/libpthread-2.17.so
b75c2000-b75c4000 rw-p 00000000 00:00 0 
b75c4000-b75c7000 r-xp 00000000 08:06 262485     /lib/i386-linux-gnu/libdl-2.17.so
b75c7000-b75c8000 r--p 00002000 08:06 262485     /lib/i386-linux-gnu/libdl-2.17.so
b75c8000-b75c9000 rw-p 00003000 08:06 262485     /lib/i386-linux-gnu/libdl-2.17.so
b75c9000-b7776000 r-xp 00000000 08:06 262470     /lib/i386-linux-gnu/libc-2.17.so
b7776000-b7778000 r--p 001ad000 08:06 262470     /lib/i386-linux-gnu/libc-2.17.so
b7778000-b7779000 rw-p 001af000 08:06 262470     /lib/i386-linux-gnu/libc-2.17.so
b7779000-b777c000 rw-p 00000000 00:00 0 
b777c000-b7784000 rw-s 00000000 08:06 1441568    /tmp/hsperfdata_gene/26924
b7784000-b7785000 rw-p 00000000 00:00 0 
b7785000-b7786000 r--p 00000000 00:00 0 
b7786000-b7793000 r-xp 00000000 08:06 1708673    /usr/lib/jvm/java-7-openjdk-i386/jre/lib/i386/libverify.so
b7793000-b7794000 r--p 0000d000 08:06 1708673    /usr/lib/jvm/java-7-openjdk-i386/jre/lib/i386/libverify.so
b7794000-b7795000 rw-p 0000e000 08:06 1708673    /usr/lib/jvm/java-7-openjdk-i386/jre/lib/i386/libverify.so
b7795000-b77a2000 r-xp 00000000 08:06 1708681    /usr/lib/jvm/java-7-openjdk-i386/jre/lib/i386/jli/libjli.so
b77a2000-b77a3000 r--p 0000c000 08:06 1708681    /usr/lib/jvm/java-7-openjdk-i386/jre/lib/i386/jli/libjli.so
b77a3000-b77a4000 rw-p 0000d000 08:06 1708681    /usr/lib/jvm/java-7-openjdk-i386/jre/lib/i386/jli/libjli.so
b77a4000-b77a7000 rw-p 00000000 00:00 0 
b77a7000-b77a8000 r-xp 00000000 00:00 0          [vdso]
b77a8000-b77c8000 r-xp 00000000 08:06 262446     /lib/i386-linux-gnu/ld-2.17.so
b77c8000-b77c9000 r--p 0001f000 08:06 262446     /lib/i386-linux-gnu/ld-2.17.so
b77c9000-b77ca000 rw-p 00020000 08:06 262446     /lib/i386-linux-gnu/ld-2.17.so
bfad0000-bfaf1000 rw-p 00000000 00:00 0          [stack]

VM Arguments:
jvm_args: -Dfile.encoding=UTF-8 
java_command: Tutorial2B
Launcher Type: SUN_STANDARD

Environment Variables:
PATH=/usr/local/sbin:/usr/local/bin:/usr/sbin:/usr/bin:/sbin:/bin:/usr/games:/usr/local/games
USERNAME=gene
LD_LIBRARY_PATH=/usr/lib/jvm/default-java/jre/lib/amd64:/usr/lib/jvm/default-java/jre/lib/i386:
SHELL=/bin/bash
DISPLAY=:0

Signal Handlers:
SIGSEGV: [libjvm.so+0x7598c0], sa_mask[0]=0x7ffbfeff, sa_flags=0x10000004
SIGBUS: [libjvm.so+0x7598c0], sa_mask[0]=0x7ffbfeff, sa_flags=0x10000004
SIGFPE: [libjvm.so+0x5f54f0], sa_mask[0]=0x7ffbfeff, sa_flags=0x10000004
SIGPIPE: [libjvm.so+0x5f54f0], sa_mask[0]=0x7ffbfeff, sa_flags=0x10000004
SIGXFSZ: [libjvm.so+0x5f54f0], sa_mask[0]=0x7ffbfeff, sa_flags=0x10000004
SIGILL: [libjvm.so+0x5f54f0], sa_mask[0]=0x7ffbfeff, sa_flags=0x10000004
SIGUSR1: SIG_DFL, sa_mask[0]=0x00000000, sa_flags=0x00000000
SIGUSR2: [libjvm.so+0x5f53a0], sa_mask[0]=0x00000004, sa_flags=0x10000004
SIGHUP: [libjvm.so+0x5f5930], sa_mask[0]=0x7ffbfeff, sa_flags=0x10000004
SIGINT: SIG_IGN, sa_mask[0]=0x00000000, sa_flags=0x00000000
SIGTERM: [libjvm.so+0x5f5930], sa_mask[0]=0x7ffbfeff, sa_flags=0x10000004
SIGQUIT: [libjvm.so+0x5f5930], sa_mask[0]=0x7ffbfeff, sa_flags=0x10000004


---------------  S Y S T E M  ---------------

OS:Ubuntu 13.04 (raring)
uname:Linux 3.8.0-19-generic #29-Ubuntu SMP Wed Apr 17 18:19:42 UTC 2013 i686
libc:glibc 2.17 NPTL 2.17 
rlimit: STACK 8192k, CORE 0k, NPROC 30928, NOFILE 4096, AS infinity
load average:0.15 0.31 0.39

/proc/meminfo:
MemTotal:        3975340 kB
MemFree:          423984 kB
Buffers:          662056 kB
Cached:          1774076 kB
SwapCached:            0 kB
Active:          1548240 kB
Inactive:        1860024 kB
Active(anon):     965820 kB
Inactive(anon):   190080 kB
Active(file):     582420 kB
Inactive(file):  1669944 kB
Unevictable:          16 kB
Mlocked:              16 kB
HighTotal:       3125056 kB
HighFree:         355780 kB
LowTotal:         850284 kB
LowFree:           68204 kB
SwapTotal:       2047996 kB
SwapFree:        2047996 kB
Dirty:               648 kB
Writeback:             0 kB
AnonPages:        972280 kB
Mapped:           179004 kB
Shmem:            183912 kB
Slab:             101904 kB
SReclaimable:      77520 kB
SUnreclaim:        24384 kB
KernelStack:        4104 kB
PageTables:        12212 kB
NFS_Unstable:          0 kB
Bounce:                0 kB
WritebackTmp:          0 kB
CommitLimit:     4035664 kB
Committed_AS:    3768712 kB
VmallocTotal:     122880 kB
VmallocUsed:       19576 kB
VmallocChunk:      84384 kB
HardwareCorrupted:     0 kB
AnonHugePages:         0 kB
HugePages_Total:       0
HugePages_Free:        0
HugePages_Rsvd:        0
HugePages_Surp:        0
Hugepagesize:       2048 kB
DirectMap4k:       10232 kB
DirectMap2M:      903168 kB


CPU:total 4 (2 cores per cpu, 2 threads per core) family 6 model 42 stepping 7, cmov, cx8, fxsr, mmx, sse, sse2, sse3, ssse3, sse4.1, sse4.2, popcnt, avx, ht, tsc, tscinvbit

/proc/cpuinfo:
processor	: 0
vendor_id	: GenuineIntel
cpu family	: 6
model		: 42
model name	: Intel(R) Core(TM) i3-2370M CPU @ 2.40GHz
stepping	: 7
microcode	: 0x25
cpu MHz		: 800.000
cache size	: 3072 KB
physical id	: 0
siblings	: 4
core id		: 0
cpu cores	: 2
apicid		: 0
initial apicid	: 0
fdiv_bug	: no
hlt_bug		: no
f00f_bug	: no
coma_bug	: no
fpu		: yes
fpu_exception	: yes
cpuid level	: 13
wp		: yes
flags		: fpu vme de pse tsc msr pae mce cx8 apic sep mtrr pge mca cmov pat pse36 clflush dts acpi mmx fxsr sse sse2 ss ht tm pbe nx rdtscp lm constant_tsc arch_perfmon pebs bts xtopology nonstop_tsc aperfmperf eagerfpu pni pclmulqdq dtes64 monitor ds_cpl vmx est tm2 ssse3 cx16 xtpr pdcm pcid sse4_1 sse4_2 x2apic popcnt tsc_deadline_timer xsave avx lahf_lm arat epb xsaveopt pln pts dtherm tpr_shadow vnmi flexpriority ept vpid
bogomips	: 4788.77
clflush size	: 64
cache_alignment	: 64
address sizes	: 36 bits physical, 48 bits virtual
power management:

processor	: 1
vendor_id	: GenuineIntel
cpu family	: 6
model		: 42
model name	: Intel(R) Core(TM) i3-2370M CPU @ 2.40GHz
stepping	: 7
microcode	: 0x25
cpu MHz		: 800.000
cache size	: 3072 KB
physical id	: 0
siblings	: 4
core id		: 0
cpu cores	: 2
apicid		: 1
initial apicid	: 1
fdiv_bug	: no
hlt_bug		: no
f00f_bug	: no
coma_bug	: no
fpu		: yes
fpu_exception	: yes
cpuid level	: 13
wp		: yes
flags		: fpu vme de pse tsc msr pae mce cx8 apic sep mtrr pge mca cmov pat pse36 clflush dts acpi mmx fxsr sse sse2 ss ht tm pbe nx rdtscp lm constant_tsc arch_perfmon pebs bts xtopology nonstop_tsc aperfmperf eagerfpu pni pclmulqdq dtes64 monitor ds_cpl vmx est tm2 ssse3 cx16 xtpr pdcm pcid sse4_1 sse4_2 x2apic popcnt tsc_deadline_timer xsave avx lahf_lm arat epb xsaveopt pln pts dtherm tpr_shadow vnmi flexpriority ept vpid
bogomips	: 4788.77
clflush size	: 64
cache_alignment	: 64
address sizes	: 36 bits physical, 48 bits virtual
power management:

processor	: 2
vendor_id	: GenuineIntel
cpu family	: 6
model		: 42
model name	: Intel(R) Core(TM) i3-2370M CPU @ 2.40GHz
stepping	: 7
microcode	: 0x25
cpu MHz		: 2400.000
cache size	: 3072 KB
physical id	: 0
siblings	: 4
core id		: 1
cpu cores	: 2
apicid		: 2
initial apicid	: 2
fdiv_bug	: no
hlt_bug		: no
f00f_bug	: no
coma_bug	: no
fpu		: yes
fpu_exception	: yes
cpuid level	: 13
wp		: yes
flags		: fpu vme de pse tsc msr pae mce cx8 apic sep mtrr pge mca cmov pat pse36 clflush dts acpi mmx fxsr sse sse2 ss ht tm pbe nx rdtscp lm constant_tsc arch_perfmon pebs bts xtopology nonstop_tsc aperfmperf eagerfpu pni pclmulqdq dtes64 monitor ds_cpl vmx est tm2 ssse3 cx16 xtpr pdcm pcid sse4_1 sse4_2 x2apic popcnt tsc_deadline_timer xsave avx lahf_lm arat epb xsaveopt pln pts dtherm tpr_shadow vnmi flexpriority ept vpid
bogomips	: 4788.77
clflush size	: 64
cache_alignment	: 64
address sizes	: 36 bits physical, 48 bits virtual
power management:

processor	: 3
vendor_id	: GenuineIntel
cpu family	: 6
model		: 42
model name	: Intel(R) Core(TM) i3-2370M CPU @ 2.40GHz
stepping	: 7
microcode	: 0x25
cpu MHz		: 2400.000
cache size	: 3072 KB
physical id	: 0
siblings	: 4
core id		: 1
cpu cores	: 2
apicid		: 3
initial apicid	: 3
fdiv_bug	: no
hlt_bug		: no
f00f_bug	: no
coma_bug	: no
fpu		: yes
fpu_exception	: yes
cpuid level	: 13
wp		: yes
flags		: fpu vme de pse tsc msr pae mce cx8 apic sep mtrr pge mca cmov pat pse36 clflush dts acpi mmx fxsr sse sse2 ss ht tm pbe nx rdtscp lm constant_tsc arch_perfmon pebs bts xtopology nonstop_tsc aperfmperf eagerfpu pni pclmulqdq dtes64 monitor ds_cpl vmx est tm2 ssse3 cx16 xtpr pdcm pcid sse4_1 sse4_2 x2apic popcnt tsc_deadline_timer xsave avx lahf_lm arat epb xsaveopt pln pts dtherm tpr_shadow vnmi flexpriority ept vpid
bogomips	: 4788.77
clflush size	: 64
cache_alignment	: 64
address sizes	: 36 bits physical, 48 bits virtual
power management:



Memory: 4k page, physical 3975340k(423984k free), swap 2047996k(2047996k free)

vm_info: OpenJDK Server VM (23.7-b01) for linux-x86 JRE (1.7.0_21-b02), built on Apr 22 2013 07:41:32 by "buildd" with gcc 4.7.3

time: Thu Oct 31 16:21:25 2013
elapsed time: 0 seconds

