#
# A fatal error has been detected by the Java Runtime Environment:
#
#  SIGSEGV (0xb) at pc=0x67964d60, pid=18551, tid=1740270400
#
# JRE version: 7.0_21-b02
# Java VM: OpenJDK Server VM (23.7-b01 mixed mode linux-x86 )
# Problematic frame:
# C  [sqlite-3.7.151-i386-libsqlitejdbc.so+0xbd60]  Java_org_sqlite_NativeDB_shared_1cache+0x5c60
#
# Failed to write core dump. Core dumps have been disabled. To enable core dumping, try "ulimit -c unlimited" before starting Java again
#
# If you would like to submit a bug report, please include
# instructions on how to reproduce the bug and visit:
#   https://bugs.launchpad.net/ubuntu/+source/openjdk-7/
# The crash happened outside the Java Virtual Machine in native code.
# See problematic frame for where to report the bug.
#

---------------  T H R E A D  ---------------

Current thread (0x67dd7400):  JavaThread "AWT-EventQueue-0" [_thread_in_native, id=18581, stack(0x67b56000,0x67ba7000)]

siginfo:si_signo=SIGSEGV: si_errno=0, si_code=1 (SEGV_MAPERR), si_addr=0x0000002c

Registers:
EAX=0x00000000, EBX=0x679fdff4, ECX=0x6797e7b0, EDX=0x00000000
ESP=0x67ba5070, EBP=0x67ba5088, ESI=0x00000000, EDI=0x00000000
EIP=0x67964d60, EFLAGS=0x00210202, CR2=0x0000002c

Top of Stack: (sp=0x67ba5070)
0x67ba5070:   6e811bc0 00000001 0000000a 67dd7400
0x67ba5080:   6eec14a8 67dd7528 67ba50a8 6795eaa9
0x67ba5090:   6797e7b0 00000000 67dd7400 6eec14a8
0x67ba50a0:   6eec14a8 67dd7400 67ba50f8 b34e5653
0x67ba50b0:   67dd7528 67ba5114 00000000 00000000
0x67ba50c0:   00000000 67dd7400 67ba5108 67ba50d0
0x67ba50d0:   67dd7405 9f6ca6c0 67ba50d0 00000000
0x67ba50e0:   67ba5114 6ef55288 00000000 6eec14a8 

Instructions: (pc=0x67964d60)
0x67964d40:   07 0f b7 40 2c 5d c3 90 31 c0 5d c3 8d 74 26 00
0x67964d50:   55 89 e5 83 ec 18 89 7d fc 89 c7 89 75 f8 89 d6
0x67964d60:   0f b7 57 2c 8b 00 39 d6 89 45 f4 89 55 f0 7d 58
0x67964d70:   85 f6 78 54 8b 55 f4 8b 42 0c 89 04 24 e8 ce b2 

Register to memory mapping:

EAX=0x00000000 is an unknown value
EBX=0x679fdff4: <offset 0xa4ff4> in /tmp/sqlite-3.7.151-i386-libsqlitejdbc.so at 0x67959000
ECX=0x6797e7b0: <offset 0x257b0> in /tmp/sqlite-3.7.151-i386-libsqlitejdbc.so at 0x67959000
EDX=0x00000000 is an unknown value
ESP=0x67ba5070 is pointing into the stack for thread: 0x67dd7400
EBP=0x67ba5088 is pointing into the stack for thread: 0x67dd7400
ESI=0x00000000 is an unknown value
EDI=0x00000000 is an unknown value


Stack: [0x67b56000,0x67ba7000],  sp=0x67ba5070,  free space=316k
Native frames: (J=compiled Java code, j=interpreted, Vv=VM code, C=native code)
C  [sqlite-3.7.151-i386-libsqlitejdbc.so+0xbd60]  Java_org_sqlite_NativeDB_shared_1cache+0x5c60
C  [sqlite-3.7.151-i386-libsqlitejdbc.so+0x5aa9]  Java_org_sqlite_NativeDB_column_1name+0x29
j  org.sqlite.NativeDB.column_name(JI)Ljava/lang/String;+0
j  org.sqlite.RS.getColumnName(I)Ljava/lang/String;+16
j  org.sqlite.RS.getColumnLabel(I)Ljava/lang/String;+2
j  net.proteanit.sql.DbUtils.resultSetToTableModel(Ljava/sql/ResultSet;)Ljavax/swing/table/TableModel;+37
j  musicplayer.UI.searchTextFieldKeyReleased(Ljava/awt/event/KeyEvent;)V+38
j  musicplayer.UI.access$1700(Lmusicplayer/UI;Ljava/awt/event/KeyEvent;)V+2
j  musicplayer.UI$12.keyReleased(Ljava/awt/event/KeyEvent;)V+5
j  java.awt.AWTEventMulticaster.keyReleased(Ljava/awt/event/KeyEvent;)V+21
j  java.awt.Component.processKeyEvent(Ljava/awt/event/KeyEvent;)V+62
j  javax.swing.JComponent.processKeyEvent(Ljava/awt/event/KeyEvent;)V+2
j  java.awt.Component.processEvent(Ljava/awt/AWTEvent;)V+121
j  java.awt.Container.processEvent(Ljava/awt/AWTEvent;)V+18
j  java.awt.Component.dispatchEventImpl(Ljava/awt/AWTEvent;)V+581
j  java.awt.Container.dispatchEventImpl(Ljava/awt/AWTEvent;)V+42
j  java.awt.Component.dispatchEvent(Ljava/awt/AWTEvent;)V+2
j  java.awt.KeyboardFocusManager.redispatchEvent(Ljava/awt/Component;Ljava/awt/AWTEvent;)V+7
j  java.awt.DefaultKeyboardFocusManager.dispatchKeyEvent(Ljava/awt/event/KeyEvent;)Z+63
j  java.awt.DefaultKeyboardFocusManager.preDispatchKeyEvent(Ljava/awt/event/KeyEvent;)Z+140
j  java.awt.DefaultKeyboardFocusManager.typeAheadAssertions(Ljava/awt/Component;Ljava/awt/AWTEvent;)Z+154
j  java.awt.DefaultKeyboardFocusManager.dispatchEvent(Ljava/awt/AWTEvent;)Z+1548
j  java.awt.Component.dispatchEventImpl(Ljava/awt/AWTEvent;)V+144
j  java.awt.Container.dispatchEventImpl(Ljava/awt/AWTEvent;)V+42
j  java.awt.Window.dispatchEventImpl(Ljava/awt/AWTEvent;)V+19
j  java.awt.Component.dispatchEvent(Ljava/awt/AWTEvent;)V+2
j  java.awt.EventQueue.dispatchEventImpl(Ljava/awt/AWTEvent;Ljava/lang/Object;)V+41
j  java.awt.EventQueue.access$200(Ljava/awt/EventQueue;Ljava/awt/AWTEvent;Ljava/lang/Object;)V+3
j  java.awt.EventQueue$3.run()Ljava/lang/Void;+12
j  java.awt.EventQueue$3.run()Ljava/lang/Object;+1
v  ~StubRoutines::call_stub
V  [libjvm.so+0x42b06c]  JavaCalls::call_helper(JavaValue*, methodHandle*, JavaCallArguments*, Thread*)+0x39c

Java frames: (J=compiled Java code, j=interpreted, Vv=VM code)
j  org.sqlite.NativeDB.column_name(JI)Ljava/lang/String;+0
j  org.sqlite.RS.getColumnName(I)Ljava/lang/String;+16
j  org.sqlite.RS.getColumnLabel(I)Ljava/lang/String;+2
j  net.proteanit.sql.DbUtils.resultSetToTableModel(Ljava/sql/ResultSet;)Ljavax/swing/table/TableModel;+37
j  musicplayer.UI.searchTextFieldKeyReleased(Ljava/awt/event/KeyEvent;)V+38
j  musicplayer.UI.access$1700(Lmusicplayer/UI;Ljava/awt/event/KeyEvent;)V+2
j  musicplayer.UI$12.keyReleased(Ljava/awt/event/KeyEvent;)V+5
j  java.awt.AWTEventMulticaster.keyReleased(Ljava/awt/event/KeyEvent;)V+21
j  java.awt.Component.processKeyEvent(Ljava/awt/event/KeyEvent;)V+62
j  javax.swing.JComponent.processKeyEvent(Ljava/awt/event/KeyEvent;)V+2
j  java.awt.Component.processEvent(Ljava/awt/AWTEvent;)V+121
j  java.awt.Container.processEvent(Ljava/awt/AWTEvent;)V+18
j  java.awt.Component.dispatchEventImpl(Ljava/awt/AWTEvent;)V+581
j  java.awt.Container.dispatchEventImpl(Ljava/awt/AWTEvent;)V+42
j  java.awt.Component.dispatchEvent(Ljava/awt/AWTEvent;)V+2
j  java.awt.KeyboardFocusManager.redispatchEvent(Ljava/awt/Component;Ljava/awt/AWTEvent;)V+7
j  java.awt.DefaultKeyboardFocusManager.dispatchKeyEvent(Ljava/awt/event/KeyEvent;)Z+63
j  java.awt.DefaultKeyboardFocusManager.preDispatchKeyEvent(Ljava/awt/event/KeyEvent;)Z+140
j  java.awt.DefaultKeyboardFocusManager.typeAheadAssertions(Ljava/awt/Component;Ljava/awt/AWTEvent;)Z+154
j  java.awt.DefaultKeyboardFocusManager.dispatchEvent(Ljava/awt/AWTEvent;)Z+1548
j  java.awt.Component.dispatchEventImpl(Ljava/awt/AWTEvent;)V+144
j  java.awt.Container.dispatchEventImpl(Ljava/awt/AWTEvent;)V+42
j  java.awt.Window.dispatchEventImpl(Ljava/awt/AWTEvent;)V+19
j  java.awt.Component.dispatchEvent(Ljava/awt/AWTEvent;)V+2
j  java.awt.EventQueue.dispatchEventImpl(Ljava/awt/AWTEvent;Ljava/lang/Object;)V+41
j  java.awt.EventQueue.access$200(Ljava/awt/EventQueue;Ljava/awt/AWTEvent;Ljava/lang/Object;)V+3
j  java.awt.EventQueue$3.run()Ljava/lang/Void;+12
j  java.awt.EventQueue$3.run()Ljava/lang/Object;+1
v  ~StubRoutines::call_stub
j  java.security.AccessController.doPrivileged(Ljava/security/PrivilegedAction;Ljava/security/AccessControlContext;)Ljava/lang/Object;+0
j  java.security.ProtectionDomain$1.doIntersectionPrivilege(Ljava/security/PrivilegedAction;Ljava/security/AccessControlContext;Ljava/security/AccessControlContext;)Ljava/lang/Object;+28
j  java.security.ProtectionDomain$1.doIntersectionPrivilege(Ljava/security/PrivilegedAction;Ljava/security/AccessControlContext;)Ljava/lang/Object;+6
j  java.awt.EventQueue$4.run()Ljava/lang/Void;+11
j  java.awt.EventQueue$4.run()Ljava/lang/Object;+1
v  ~StubRoutines::call_stub
j  java.security.AccessController.doPrivileged(Ljava/security/PrivilegedAction;Ljava/security/AccessControlContext;)Ljava/lang/Object;+0
j  java.security.ProtectionDomain$1.doIntersectionPrivilege(Ljava/security/PrivilegedAction;Ljava/security/AccessControlContext;Ljava/security/AccessControlContext;)Ljava/lang/Object;+28
j  java.awt.EventQueue.dispatchEvent(Ljava/awt/AWTEvent;)V+73
j  java.awt.EventDispatchThread.pumpOneEventForFilters(I)V+245
j  java.awt.EventDispatchThread.pumpEventsForFilter(ILjava/awt/Conditional;Ljava/awt/EventFilter;)V+35
j  java.awt.EventDispatchThread.pumpEventsForHierarchy(ILjava/awt/Conditional;Ljava/awt/Component;)V+11
j  java.awt.EventDispatchThread.pumpEvents(ILjava/awt/Conditional;)V+4
j  java.awt.EventDispatchThread.pumpEvents(Ljava/awt/Conditional;)V+3
j  java.awt.EventDispatchThread.run()V+9
v  ~StubRoutines::call_stub

---------------  P R O C E S S  ---------------

Java Threads: ( => current thread )
  0x6dda7c00 JavaThread "Loop thread: com.ibm.media.parser.video.MpegParser$MediaTrack@354c44" [_thread_blocked, id=18644, stack(0x6191d000,0x6196e000)]
  0x6dda6400 JavaThread "Loop thread: com.sun.media.renderer.audio.JavaSoundRenderer@1b95cf5" [_thread_blocked, id=18643, stack(0x6765e000,0x676af000)]
  0x6dda1400 JavaThread "PulseAudio Eventloop Thread" daemon [_thread_in_native, id=18642, stack(0x676af000,0x67700000)]
  0x0832cc00 JavaThread "Loop thread" [_thread_blocked, id=18634, stack(0x665a9000,0x665fa000)]
  0x66c57c00 JavaThread "JMF thread: SendEventQueue: com.sun.media.PlaybackEngine" [_thread_blocked, id=18630, stack(0x66b0d000,0x66b5e000)]
  0x66c57400 JavaThread "JMF thread: SendEventQueue: com.sun.media.content.unknown.Handler" [_thread_blocked, id=18629, stack(0x66b5e000,0x66baf000)]
  0x6e001800 JavaThread "Loop thread" [_thread_blocked, id=18591, stack(0x66abc000,0x66b0d000)]
  0x66c0ec00 JavaThread "JMF thread: SendEventQueue: com.sun.media.PlaybackEngine" [_thread_blocked, id=18584, stack(0x66baf000,0x66c00000)]
  0x66c0d800 JavaThread "JMF thread: SendEventQueue: com.sun.media.content.unknown.Handler" [_thread_blocked, id=18583, stack(0x66d73000,0x66dc4000)]
  0x67721800 JavaThread "TimerQueue" daemon [_thread_blocked, id=18582, stack(0x67b00000,0x67b51000)]
  0xb6506800 JavaThread "DestroyJavaVM" [_thread_blocked, id=18555, stack(0xb6668000,0xb66b9000)]
=>0x67dd7400 JavaThread "AWT-EventQueue-0" [_thread_in_native, id=18581, stack(0x67b56000,0x67ba7000)]
  0x67dd6400 JavaThread "AWT-Shutdown" [_thread_blocked, id=18580, stack(0x67ba7000,0x67bf8000)]
  0x67d13400 JavaThread "AWT-XAWT" daemon [_thread_in_native, id=18569, stack(0x67e1b000,0x67e6c000)]
  0x6a4ea400 JavaThread "Java2D Disposer" daemon [_thread_blocked, id=18568, stack(0x67e6c000,0x67ebd000)]
  0x6aa01400 JavaThread "Service Thread" daemon [_thread_blocked, id=18566, stack(0x6a5ad000,0x6a5fe000)]
  0x6adfe800 JavaThread "C2 CompilerThread1" daemon [_thread_blocked, id=18565, stack(0x6a5fe000,0x6a67f000)]
  0x6adfc800 JavaThread "C2 CompilerThread0" daemon [_thread_blocked, id=18564, stack(0x6a67f000,0x6a700000)]
  0x6adfac00 JavaThread "Signal Dispatcher" daemon [_thread_blocked, id=18563, stack(0x6ac2e000,0x6ac7f000)]
  0x6adb8c00 JavaThread "Finalizer" daemon [_thread_blocked, id=18562, stack(0x6de2e000,0x6de7f000)]
  0x6adb7000 JavaThread "Reference Handler" daemon [_thread_blocked, id=18561, stack(0x6e12e000,0x6e17f000)]

Other Threads:
  0x6adb0800 VMThread [stack: 0x6ac7f000,0x6ad00000] [id=18560]
  0x6aa03400 WatcherThread [stack: 0x6a52c000,0x6a5ad000] [id=18567]

VM state:not at safepoint (normal execution)

VM Mutex/Monitor currently owned by a thread: None

Heap
 PSYoungGen      total 18112K, used 9685K [0x9f010000, 0xa0440000, 0xb3410000)
  eden space 15552K, 45% used [0x9f010000,0x9f708408,0x9ff40000)
  from space 2560K, 99% used [0xa01c0000,0xa043d348,0xa0440000)
  to   space 2560K, 0% used [0x9ff40000,0x9ff40000,0xa01c0000)
 ParOldGen       total 41472K, used 4054K [0x76810000, 0x79090000, 0x9f010000)
  object space 41472K, 9% used [0x76810000,0x76c05a08,0x79090000)
 PSPermGen       total 16384K, used 14863K [0x6e810000, 0x6f810000, 0x76810000)
  object space 16384K, 90% used [0x6e810000,0x6f693e20,0x6f810000)

Card table byte_map: [0x6e5e9000,0x6e810000] byte_map_base: 0x6e274f80

Polling page: 0xb7765000

Code Cache  [0xb34da000, 0xb371a000, 0xb64da000)
 total_blobs=525 nmethods=246 adapters=231 free_code_cache=48357Kb largest_free_block=49455360

Compilation events (10 events):
Event: 9.435 Thread 0x6adfe800  248             codecLib.mp3.i::char (2537 bytes)
Event: 9.636 Thread 0x6adfc800  249             codecLib.mp3.b::a (59 bytes)
Event: 9.640 Thread 0x6adfe800 nmethod 248 0xb35a27c8 code [0xb35a2ee0, 0xb35a7dac]
Event: 9.645 Thread 0x6adfc800 nmethod 249 0xb3578c88 code [0xb3578d80, 0xb3579070]
Event: 9.834 Thread 0x6adfe800  250             codecLib.mp3.n::do (268 bytes)
Event: 9.843 Thread 0x6adfe800 nmethod 250 0xb357a308 code [0xb357a440, 0xb357a870]
Event: 10.047 Thread 0x6adfc800  251             codecLib.mp3.n::byte (152 bytes)
Event: 10.057 Thread 0x6adfc800 nmethod 251 0xb3579c88 code [0xb3579da0, 0xb357a0b0]
Event: 10.642 Thread 0x6adfe800  252             codecLib.mp3.PolySynthesis::do (2797 bytes)
Event: 10.660 Thread 0x6adfe800 nmethod 252 0xb3572fc8 code [0xb35730e0, 0xb3574310]

GC Heap History (4 events):
Event: 1.376 GC heap before
{Heap before GC invocations=1 (full 0):
 PSYoungGen      total 18112K, used 15552K [0x9f010000, 0xa0440000, 0xb3410000)
  eden space 15552K, 100% used [0x9f010000,0x9ff40000,0x9ff40000)
  from space 2560K, 0% used [0xa01c0000,0xa01c0000,0xa0440000)
  to   space 2560K, 0% used [0x9ff40000,0x9ff40000,0xa01c0000)
 ParOldGen       total 41472K, used 0K [0x76810000, 0x79090000, 0x9f010000)
  object space 41472K, 0% used [0x76810000,0x76810000,0x79090000)
 PSPermGen       total 16384K, used 11078K [0x6e810000, 0x6f810000, 0x76810000)
  object space 16384K, 67% used [0x6e810000,0x6f2e1b98,0x6f810000)
Event: 1.386 GC heap after
Heap after GC invocations=1 (full 0):
 PSYoungGen      total 18112K, used 2547K [0x9f010000, 0xa0440000, 0xb3410000)
  eden space 15552K, 0% used [0x9f010000,0x9f010000,0x9ff40000)
  from space 2560K, 99% used [0x9ff40000,0xa01bcf40,0xa01c0000)
  to   space 2560K, 0% used [0xa01c0000,0xa01c0000,0xa0440000)
 ParOldGen       total 41472K, used 1192K [0x76810000, 0x79090000, 0x9f010000)
  object space 41472K, 2% used [0x76810000,0x7693a290,0x79090000)
 PSPermGen       total 16384K, used 11078K [0x6e810000, 0x6f810000, 0x76810000)
  object space 16384K, 67% used [0x6e810000,0x6f2e1b98,0x6f810000)
}
Event: 7.288 GC heap before
{Heap before GC invocations=2 (full 0):
 PSYoungGen      total 18112K, used 18099K [0x9f010000, 0xa0440000, 0xb3410000)
  eden space 15552K, 100% used [0x9f010000,0x9ff40000,0x9ff40000)
  from space 2560K, 99% used [0x9ff40000,0xa01bcf40,0xa01c0000)
  to   space 2560K, 0% used [0xa01c0000,0xa01c0000,0xa0440000)
 ParOldGen       total 41472K, used 1192K [0x76810000, 0x79090000, 0x9f010000)
  object space 41472K, 2% used [0x76810000,0x7693a290,0x79090000)
 PSPermGen       total 16384K, used 14518K [0x6e810000, 0x6f810000, 0x76810000)
  object space 16384K, 88% used [0x6e810000,0x6f63d830,0x6f810000)
Event: 7.298 GC heap after
Heap after GC invocations=2 (full 0):
 PSYoungGen      total 18112K, used 2548K [0x9f010000, 0xa0440000, 0xb3410000)
  eden space 15552K, 0% used [0x9f010000,0x9f010000,0x9ff40000)
  from space 2560K, 99% used [0xa01c0000,0xa043d348,0xa0440000)
  to   space 2560K, 0% used [0x9ff40000,0x9ff40000,0xa01c0000)
 ParOldGen       total 41472K, used 4054K [0x76810000, 0x79090000, 0x9f010000)
  object space 41472K, 9% used [0x76810000,0x76c05a08,0x79090000)
 PSPermGen       total 16384K, used 14518K [0x6e810000, 0x6f810000, 0x76810000)
  object space 16384K, 88% used [0x6e810000,0x6f63d830,0x6f810000)
}

Deoptimization events (10 events):
Event: 1.717 Thread 0x6e20a400 Uncommon trap -83 fr.pc 0xb3570f80
Event: 1.728 Thread 0x6e20a400 Uncommon trap -83 fr.pc 0xb3570c78
Event: 1.779 Thread 0x6e20a400 Uncommon trap -34 fr.pc 0xb356a074
Event: 1.846 Thread 0x67dd7400 Uncommon trap -83 fr.pc 0xb3552604
Event: 2.263 Thread 0x67dd7400 Uncommon trap -83 fr.pc 0xb3532bcc
Event: 3.861 Thread 0x67dd7400 Uncommon trap -83 fr.pc 0xb3554980
Event: 3.861 Thread 0x67dd7400 Uncommon trap -83 fr.pc 0xb35561cc
Event: 3.861 Thread 0x67dd7400 Uncommon trap -83 fr.pc 0xb3555eb4
Event: 6.635 Thread 0x67dd7400 Uncommon trap -83 fr.pc 0xb358e790
Event: 8.832 Thread 0x67dd7400 Uncommon trap -83 fr.pc 0xb354e980

Internal exceptions (10 events):
Event: 7.248 Thread 0x66c6a800 Threw 0x9fe8d1d0 at /build/buildd/openjdk-7-7u21-2.3.9/build/openjdk/hotspot/src/share/vm/prims/jvm.cpp:1166
Event: 7.300 Thread 0x6adb8c00 Threw 0x9f06c830 at /build/buildd/openjdk-7-7u21-2.3.9/build/openjdk/hotspot/src/share/vm/prims/jvm.cpp:1166
Event: 7.305 Thread 0x6adb8c00 Threw 0x9f0763c8 at /build/buildd/openjdk-7-7u21-2.3.9/build/openjdk/hotspot/src/share/vm/interpreter/linkResolver.cpp:891
Event: 7.327 Thread 0x6dda7c00 Threw 0x9f1016a0 at /build/buildd/openjdk-7-7u21-2.3.9/build/openjdk/hotspot/src/share/vm/prims/jvm.cpp:1166
Event: 7.328 Thread 0x6dda7c00 Threw 0x9f104a00 at /build/buildd/openjdk-7-7u21-2.3.9/build/openjdk/hotspot/src/share/vm/prims/jvm.cpp:1166
Event: 7.334 Thread 0x6dda7c00 Threw 0x9f116de8 at /build/buildd/openjdk-7-7u21-2.3.9/build/openjdk/hotspot/src/share/vm/prims/jvm.cpp:1166
Event: 7.336 Thread 0x6dda7c00 Threw 0x9f11d100 at /build/buildd/openjdk-7-7u21-2.3.9/build/openjdk/hotspot/src/share/vm/prims/jvm.cpp:1166
Event: 7.341 Thread 0x6dda7c00 Threw 0x9f130070 at /build/buildd/openjdk-7-7u21-2.3.9/build/openjdk/hotspot/src/share/vm/prims/jvm.cpp:1166
Event: 7.341 Thread 0x6dda7c00 Threw 0x9f1331e0 at /build/buildd/openjdk-7-7u21-2.3.9/build/openjdk/hotspot/src/share/vm/prims/jvm.cpp:1166
Event: 7.357 Thread 0x6dda7c00 Threw 0x9f1c5560 at /build/buildd/openjdk-7-7u21-2.3.9/build/openjdk/hotspot/src/share/vm/prims/jvm.cpp:1166

Events (10 events):
Event: 11.211 loading class 0x6779a1b8
Event: 11.211 loading class 0x6779a1b8 done
Event: 11.217 loading class 0x67d29f50
Event: 11.217 loading class 0x67d29f50 done
Event: 11.218 loading class 0x6aaa4dc0
Event: 11.218 loading class 0x6aaa4dc0 done
Event: 11.219 loading class 0x6aaa4df8
Event: 11.219 loading class 0x6aaa4df8 done
Event: 11.221 loading class 0x6aaa4748
Event: 11.221 loading class 0x6aaa4748 done


Dynamic libraries:
08048000-08049000 r-xp 00000000 08:06 1708580    /usr/lib/jvm/java-7-openjdk-i386/jre/bin/java
08049000-0804a000 r--p 00000000 08:06 1708580    /usr/lib/jvm/java-7-openjdk-i386/jre/bin/java
0804a000-0804b000 rw-p 00001000 08:06 1708580    /usr/lib/jvm/java-7-openjdk-i386/jre/bin/java
0832a000-0834b000 rw-p 00000000 00:00 0          [heap]
611b7000-61300000 rw-p 00000000 00:00 0 
61300000-613f8000 rw-p 00000000 00:00 0 
613f8000-61400000 ---p 00000000 00:00 0 
61500000-615ea000 rw-p 00000000 00:00 0 
615ea000-61600000 ---p 00000000 00:00 0 
61600000-616fd000 rw-p 00000000 00:00 0 
616fd000-61700000 ---p 00000000 00:00 0 
61700000-617fe000 rw-p 00000000 00:00 0 
617fe000-61800000 ---p 00000000 00:00 0 
61882000-6191d000 rw-p 00000000 00:00 0 
6191d000-61920000 ---p 00000000 00:00 0 
61920000-6196e000 rw-p 00000000 00:00 0          [stack:18644]
6196e000-6196f000 ---p 00000000 00:00 0 
6196f000-6216f000 rw-p 00000000 00:00 0 
6216f000-66170000 rw-s 00000000 00:14 6856829    /run/shm/pulse-shm-2491571717
66170000-662d6000 r-xp 00000000 08:06 1706755    /usr/lib/i386-linux-gnu/libvorbisenc.so.2.0.8
662d6000-662e7000 r--p 00165000 08:06 1706755    /usr/lib/i386-linux-gnu/libvorbisenc.so.2.0.8
662e7000-662e8000 rw-p 00176000 08:06 1706755    /usr/lib/i386-linux-gnu/libvorbisenc.so.2.0.8
662e8000-66336000 r-xp 00000000 08:06 1705817    /usr/lib/i386-linux-gnu/libFLAC.so.8.2.0
66336000-66337000 r--p 0004e000 08:06 1705817    /usr/lib/i386-linux-gnu/libFLAC.so.8.2.0
66337000-66338000 rw-p 0004f000 08:06 1705817    /usr/lib/i386-linux-gnu/libFLAC.so.8.2.0
66338000-663a5000 r-xp 00000000 08:06 1706669    /usr/lib/i386-linux-gnu/libsndfile.so.1.0.25
663a5000-663a7000 r--p 0006c000 08:06 1706669    /usr/lib/i386-linux-gnu/libsndfile.so.1.0.25
663a7000-663a8000 rw-p 0006e000 08:06 1706669    /usr/lib/i386-linux-gnu/libsndfile.so.1.0.25
663a8000-663ac000 rw-p 00000000 00:00 0 
663ac000-66415000 r-xp 00000000 08:06 1708139    /usr/lib/i386-linux-gnu/pulseaudio/libpulsecommon-3.0.so
66415000-66416000 r--p 00068000 08:06 1708139    /usr/lib/i386-linux-gnu/pulseaudio/libpulsecommon-3.0.so
66416000-66417000 rw-p 00069000 08:06 1708139    /usr/lib/i386-linux-gnu/pulseaudio/libpulsecommon-3.0.so
66417000-66463000 r-xp 00000000 08:06 1706602    /usr/lib/i386-linux-gnu/libpulse.so.0.15.3
66463000-66464000 ---p 0004c000 08:06 1706602    /usr/lib/i386-linux-gnu/libpulse.so.0.15.3
66464000-66465000 r--p 0004c000 08:06 1706602    /usr/lib/i386-linux-gnu/libpulse.so.0.15.3
66465000-66466000 rw-p 0004d000 08:06 1706602    /usr/lib/i386-linux-gnu/libpulse.so.0.15.3
66466000-66553000 r-xp 00000000 08:06 1771845    /usr/lib/i386-linux-gnu/libasound.so.2.0.0
66553000-66557000 r--p 000ec000 08:06 1771845    /usr/lib/i386-linux-gnu/libasound.so.2.0.0
66557000-66558000 rw-p 000f0000 08:06 1771845    /usr/lib/i386-linux-gnu/libasound.so.2.0.0
66558000-6655b000 ---p 00000000 00:00 0 
6655b000-665a9000 rw-p 00000000 00:00 0 
665a9000-665ac000 ---p 00000000 00:00 0 
665ac000-665fa000 rw-p 00000000 00:00 0          [stack:18634]
665fa000-66900000 rw-s 00000000 00:04 309493770  /SYSV00000000 (deleted)
66900000-669aa000 rw-p 00000000 00:00 0 
669aa000-66a00000 ---p 00000000 00:00 0 
66a1a000-66a1d000 ---p 00000000 00:00 0 
66a1d000-66a6b000 rw-p 00000000 00:00 0 
66a6b000-66a6e000 ---p 00000000 00:00 0 
66a6e000-66abc000 rw-p 00000000 00:00 0 
66abc000-66abf000 ---p 00000000 00:00 0 
66abf000-66b0d000 rw-p 00000000 00:00 0          [stack:18591]
66b0d000-66b10000 ---p 00000000 00:00 0 
66b10000-66b5e000 rw-p 00000000 00:00 0          [stack:18630]
66b5e000-66b61000 ---p 00000000 00:00 0 
66b61000-66baf000 rw-p 00000000 00:00 0          [stack:18629]
66baf000-66bb2000 ---p 00000000 00:00 0 
66bb2000-66c00000 rw-p 00000000 00:00 0          [stack:18584]
66c00000-66c7c000 rw-p 00000000 00:00 0 
66c7c000-66d00000 ---p 00000000 00:00 0 
66d06000-66d2f000 r-xp 00000000 08:06 1706753    /usr/lib/i386-linux-gnu/libvorbis.so.0.4.5
66d2f000-66d30000 ---p 00029000 08:06 1706753    /usr/lib/i386-linux-gnu/libvorbis.so.0.4.5
66d30000-66d31000 r--p 00029000 08:06 1706753    /usr/lib/i386-linux-gnu/libvorbis.so.0.4.5
66d31000-66d32000 rw-p 0002a000 08:06 1706753    /usr/lib/i386-linux-gnu/libvorbis.so.0.4.5
66d32000-66d4b000 r--s 00000000 08:06 669836     /usr/share/texmf/fonts/type1/public/lm/lmtti10.pfb
66d73000-66d76000 ---p 00000000 00:00 0 
66d76000-66dc4000 rw-p 00000000 00:00 0          [stack:18583]
66dc4000-66de3000 r--s 00000000 08:06 669783     /usr/share/texmf/fonts/type1/public/lm/lmtto10.pfb
66de3000-66dec000 r--s 00000000 08:06 272344     /usr/share/fonts/X11/Type1/c0632bt_.pfb
66e0a000-66e2a000 r--s 00000000 08:06 669861     /usr/share/texmf/fonts/type1/public/lm/lmtcso10.pfb
66e2a000-66e4c000 r--s 00000000 08:06 669844     /usr/share/texmf/fonts/type1/public/lm/lmbxo10.pfb
66e70000-66e7a000 r--s 00000000 08:06 272340     /usr/share/fonts/X11/Type1/c0583bt_.pfb
66e7a000-66e9c000 r--s 00000000 08:06 669801     /usr/share/texmf/fonts/type1/public/lm/lmbo10.pfb
66e9c000-66ea6000 r--s 00000000 08:06 272342     /usr/share/fonts/X11/Type1/c0611bt_.pfb
66ec3000-66ee2000 r--s 00000000 08:06 669854     /usr/share/texmf/fonts/type1/public/lm/lmtlo10.pfb
66f00000-66f73000 rw-p 00000000 00:00 0 
66f73000-67000000 ---p 00000000 00:00 0 
6700e000-67017000 r--s 00000000 08:06 272350     /usr/share/fonts/X11/Type1/c0649bt_.pfb
67035000-67052000 r--s 00000000 08:06 669845     /usr/share/texmf/fonts/type1/public/lm/lmcsc10.pfb
67058000-6705e000 r-xp 00000000 08:06 1706531    /usr/lib/i386-linux-gnu/libogg.so.0.8.0
6705e000-6705f000 r--p 00005000 08:06 1706531    /usr/lib/i386-linux-gnu/libogg.so.0.8.0
6705f000-67060000 rw-p 00006000 08:06 1706531    /usr/lib/i386-linux-gnu/libogg.so.0.8.0
67060000-67068000 r-xp 00000000 08:06 262621     /lib/i386-linux-gnu/libwrap.so.0.7.6
67068000-67069000 r--p 00007000 08:06 262621     /lib/i386-linux-gnu/libwrap.so.0.7.6
67069000-6706a000 rw-p 00008000 08:06 262621     /lib/i386-linux-gnu/libwrap.so.0.7.6
6706a000-6707a000 r-xp 00000000 08:06 1708661    /usr/lib/jvm/java-7-openjdk-i386/jre/lib/i386/libjsoundalsa.so
6707a000-6707b000 r--p 0000f000 08:06 1708661    /usr/lib/jvm/java-7-openjdk-i386/jre/lib/i386/libjsoundalsa.so
6707b000-6707c000 rw-p 00010000 08:06 1708661    /usr/lib/jvm/java-7-openjdk-i386/jre/lib/i386/libjsoundalsa.so
67094000-670b3000 r--s 00000000 08:06 669809     /usr/share/texmf/fonts/type1/public/lm/lmvtk10.pfb
67100000-671fa000 rw-p 00000000 00:00 0 
671fa000-67200000 ---p 00000000 00:00 0 
67207000-67222000 r--s 00000000 08:06 669832     /usr/share/texmf/fonts/type1/public/lm/lmsso10.pfb
67244000-67260000 r--s 00000000 08:06 669782     /usr/share/texmf/fonts/type1/public/lm/lmtt10.pfb
6727b000-6729c000 r--s 00000000 08:06 669805     /usr/share/texmf/fonts/type1/public/lm/lmro10.pfb
6729c000-672b6000 r--s 00000000 08:06 669797     /usr/share/texmf/fonts/type1/public/lm/lmtl10.pfb
672b6000-672d1000 r--s 00000000 08:06 669806     /usr/share/texmf/fonts/type1/public/lm/lmtcsc10.pfb
672d1000-672d9000 r-xp 00000000 08:06 262510     /lib/i386-linux-gnu/libjson.so.0.1.0
672d9000-672da000 r--p 00007000 08:06 262510     /lib/i386-linux-gnu/libjson.so.0.1.0
672da000-672db000 rw-p 00008000 08:06 262510     /lib/i386-linux-gnu/libjson.so.0.1.0
672db000-672e4000 r--s 00000000 08:06 272346     /usr/share/fonts/X11/Type1/c0633bt_.pfb
672e4000-67300000 r--s 00000000 08:06 669856     /usr/share/texmf/fonts/type1/public/lm/lmri10.pfb
67300000-67400000 rw-p 00000000 00:00 0 
67401000-67406000 r-xp 00000000 08:06 1705965    /usr/lib/i386-linux-gnu/libasyncns.so.0.3.1
67406000-67407000 r--p 00004000 08:06 1705965    /usr/lib/i386-linux-gnu/libasyncns.so.0.3.1
67407000-67408000 rw-p 00005000 08:06 1705965    /usr/lib/i386-linux-gnu/libasyncns.so.0.3.1
67408000-67427000 r--s 00000000 08:06 669867     /usr/share/texmf/fonts/type1/public/lm/lmssqbo8.pfb
6744d000-6746a000 r--s 00000000 08:06 669835     /usr/share/texmf/fonts/type1/public/lm/lmssqbx8.pfb
6746a000-67487000 r--s 00000000 08:06 669858     /usr/share/texmf/fonts/type1/public/lm/lmssdc10.pfb
67487000-674a9000 r--s 00000000 08:06 669781     /usr/share/texmf/fonts/type1/public/lm/lmssdo10.pfb
674a9000-674c7000 r--s 00000000 08:06 669802     /usr/share/texmf/fonts/type1/public/lm/lmvtl10.pfb
674c7000-674df000 r--s 00000000 08:06 669823     /usr/share/texmf/fonts/type1/public/lm/lmss10.pfb
67500000-675fb000 rw-p 00000000 00:00 0 
675fb000-67600000 ---p 00000000 00:00 0 
67600000-67605000 r-xp 00000000 08:06 1706911    /usr/lib/i386-linux-gnu/alsa-lib/libasound_module_pcm_pulse.so
67605000-67606000 r--p 00004000 08:06 1706911    /usr/lib/i386-linux-gnu/alsa-lib/libasound_module_pcm_pulse.so
67606000-67607000 rw-p 00005000 08:06 1706911    /usr/lib/i386-linux-gnu/alsa-lib/libasound_module_pcm_pulse.so
67607000-67628000 r--s 00000000 08:06 669824     /usr/share/texmf/fonts/type1/public/lm/lmcsco10.pfb
67628000-6764a000 r--s 00000000 08:06 669849     /usr/share/texmf/fonts/type1/public/lm/lmssbo10.pfb
6764c000-67653000 r--s 00000000 08:06 1707538    /usr/lib/i386-linux-gnu/gconv/gconv-modules.cache
6765e000-67661000 ---p 00000000 00:00 0 
67661000-676af000 rw-p 00000000 00:00 0          [stack:18643]
676af000-676b2000 ---p 00000000 00:00 0 
676b2000-67700000 rw-p 00000000 00:00 0          [stack:18642]
67700000-67800000 rw-p 00000000 00:00 0 
67800000-678ff000 rw-p 00000000 00:00 0 
678ff000-67900000 ---p 00000000 00:00 0 
67902000-67903000 r-xp 00000000 08:06 1708660    /usr/lib/jvm/java-7-openjdk-i386/jre/lib/i386/libjsound.so
67903000-67904000 r--p 00000000 08:06 1708660    /usr/lib/jvm/java-7-openjdk-i386/jre/lib/i386/libjsound.so
67904000-67905000 rw-p 00001000 08:06 1708660    /usr/lib/jvm/java-7-openjdk-i386/jre/lib/i386/libjsound.so
67948000-6794a000 rw-p 00000000 00:00 0 
6794a000-67957000 r-xp 00000000 08:06 1708667    /usr/lib/jvm/java-7-openjdk-i386/jre/lib/i386/libpulse-java.so
67957000-67958000 r--p 0000c000 08:06 1708667    /usr/lib/jvm/java-7-openjdk-i386/jre/lib/i386/libpulse-java.so
67958000-67959000 rw-p 0000d000 08:06 1708667    /usr/lib/jvm/java-7-openjdk-i386/jre/lib/i386/libpulse-java.so
67959000-679fd000 r-xp 00000000 08:06 1439244    /tmp/sqlite-3.7.151-i386-libsqlitejdbc.so
679fd000-679fe000 r--p 000a4000 08:06 1439244    /tmp/sqlite-3.7.151-i386-libsqlitejdbc.so
679fe000-679ff000 rw-p 000a5000 08:06 1439244    /tmp/sqlite-3.7.151-i386-libsqlitejdbc.so
679ff000-67a00000 rw-p 00000000 00:00 0 
67a00000-67aff000 rw-p 00000000 00:00 0 
67aff000-67b00000 ---p 00000000 00:00 0 
67b00000-67b03000 ---p 00000000 00:00 0 
67b03000-67b51000 rw-p 00000000 00:00 0          [stack:18582]
67b51000-67b56000 r--s 0004c000 08:06 1708535    /usr/lib/jvm/java-7-openjdk-common/jre/lib/jsse.jar
67b56000-67b59000 ---p 00000000 00:00 0 
67b59000-67ba7000 rw-p 00000000 00:00 0          [stack:18581]
67ba7000-67baa000 ---p 00000000 00:00 0 
67baa000-67bf8000 rw-p 00000000 00:00 0          [stack:18580]
67bf8000-67c09000 r-xp 00000000 08:06 1708665    /usr/lib/jvm/java-7-openjdk-i386/jre/lib/i386/libnio.so
67c09000-67c0a000 r--p 00010000 08:06 1708665    /usr/lib/jvm/java-7-openjdk-i386/jre/lib/i386/libnio.so
67c0a000-67c0b000 rw-p 00011000 08:06 1708665    /usr/lib/jvm/java-7-openjdk-i386/jre/lib/i386/libnio.so
67c0b000-67c0c000 r--s 00000000 08:06 936139     /var/cache/fontconfig/c05880de57d1f5e948fdfacc138775d9-le32d4.cache-3
67c0c000-67c12000 r--s 00000000 08:06 936131     /var/cache/fontconfig/945677eb7aeaf62f1d50efc3fb3ec7d8-le32d4.cache-3
67c12000-67c15000 r--s 00000000 08:06 938992     /var/cache/fontconfig/99e8ed0e538f840c565b6ed5dad60d56-le32d4.cache-3
67c15000-67c1b000 r--s 00000000 08:06 936659     /var/cache/fontconfig/a6d8cf8e4ec09cdbc8633c31745a07dd-le32d4.cache-3
67c1b000-67c1e000 r--s 00000000 08:06 936113     /var/cache/fontconfig/2cd17615ca594fa2959ae173292e504c-le32d4.cache-3
67c1e000-67c1f000 r--s 00000000 08:06 936148     /var/cache/fontconfig/e7071f4a29fa870f4323321c154eba04-le32d4.cache-3
67c1f000-67c23000 r--s 00000000 08:06 936658     /var/cache/fontconfig/6eb3985aa4124903f6ff08ba781cd364-le32d4.cache-3
67c23000-67c24000 r--s 00000000 08:06 936110     /var/cache/fontconfig/0d8c3b2ac0904cb8a57a757ad11a4a08-le32d4.cache-3
67c24000-67c28000 r--s 00000000 08:06 936135     /var/cache/fontconfig/a755afe4a08bf5b97852ceb7400b47bc-le32d4.cache-3
67c28000-67c2f000 r--s 00000000 08:06 936126     /var/cache/fontconfig/6d41288fd70b0be22e8c3a91e032eec0-le32d4.cache-3
67c2f000-67c3a000 r--s 00000000 08:06 936108     /var/cache/fontconfig/04aabc0a78ac019cf9454389977116d2-le32d4.cache-3
67c3a000-67c3b000 r--s 00000000 08:06 936112     /var/cache/fontconfig/1ac9eb803944fde146138c791f5cc56a-le32d4.cache-3
67c3b000-67c3e000 r--s 00000000 08:06 936117     /var/cache/fontconfig/385c0604a188198f04d133e54aba7fe7-le32d4.cache-3
67c3e000-67c3f000 r--s 00000000 08:06 938732     /var/cache/fontconfig/9c956a7723ca69a44b382d9179c9802f-le32d4.cache-3
67c3f000-67c40000 r--s 00000000 08:06 936145     /var/cache/fontconfig/dc05db6664285cc2f12bf69c139ae4c3-le32d4.cache-3
67c40000-67c42000 r--s 00000000 08:06 936128     /var/cache/fontconfig/767a8244fc0220cfb567a839d0392e0b-le32d4.cache-3
67c42000-67c43000 r--s 00000000 08:06 936118     /var/cache/fontconfig/4794a0821666d79190d59a36cb4f44b5-le32d4.cache-3
67c43000-67c44000 r--s 00000000 08:06 938731     /var/cache/fontconfig/9eae20f1ff8cc0a7d125749e875856bd-le32d4.cache-3
67c44000-67c46000 r--s 00000000 08:06 938730     /var/cache/fontconfig/bf2c1853a9e9b00bb02fe2e9bcf1e201-le32d4.cache-3
67c46000-67c49000 r--s 00000000 08:06 936130     /var/cache/fontconfig/8801497958630a81b71ace7c5f9b32a8-le32d4.cache-3
67c49000-67c6c000 r--s 00000000 08:06 938729     /var/cache/fontconfig/365b55f210c0a22e9a19e35191240f32-le32d4.cache-3
67c6c000-67c6e000 r--s 00000000 08:06 938722     /var/cache/fontconfig/c57959a16110560c8d0fcea73374aeeb-le32d4.cache-3
67c6e000-67c72000 r--s 00000000 08:06 936114     /var/cache/fontconfig/3047814df9a2f067bd2d96a2b9c36e5a-le32d4.cache-3
67c72000-67c73000 r--s 00000000 08:06 936121     /var/cache/fontconfig/56cf4f4769d0f4abc89a4895d7bd3ae1-le32d4.cache-3
67c73000-67c74000 r--s 00000000 08:06 936138     /var/cache/fontconfig/b9d506c9ac06c20b433354fa67a72993-le32d4.cache-3
67c74000-67c78000 r--s 00000000 08:06 936137     /var/cache/fontconfig/b47c4e1ecd0709278f4910c18777a504-le32d4.cache-3
67c78000-67c7a000 r--s 00000000 08:06 938728     /var/cache/fontconfig/14d493b97896515cad3840ba4896e372-le32d4.cache-3
67c7a000-67c7b000 r--s 00000000 08:06 938727     /var/cache/fontconfig/89034621ae2a8922916bb6bfa5799546-le32d4.cache-3
67c7b000-67c81000 r--s 00000000 08:06 936657     /var/cache/fontconfig/52f7bdb7ce746bfd7eaa1985bd9cfa93-le32d4.cache-3
67c81000-67c83000 r--s 00000000 08:06 936147     /var/cache/fontconfig/e49e89034d371f0f9de17aab02136486-le32d4.cache-3
67c83000-67c90000 r--s 00000000 08:06 936143     /var/cache/fontconfig/d52a8644073d54c13679302ca1180695-le32d4.cache-3
67c90000-67c96000 r--s 00000000 08:06 936656     /var/cache/fontconfig/3f7329c5293ffd510edef78f73874cfd-le32d4.cache-3
67c96000-67c9d000 r--s 00000000 08:06 938721     /var/cache/fontconfig/83bf95040141907cd45bb53cf7c1c148-le32d4.cache-3
67c9d000-67ca6000 r--s 00000000 08:06 938720     /var/cache/fontconfig/53d14c92082a93e67d5078324eb314ca-le32d4.cache-3
67ca6000-67cb3000 r--s 00000000 08:06 938717     /var/cache/fontconfig/4ac51e5cfbc76fc3f983e470323a16d3-le32d4.cache-3
67cb3000-67cbb000 r--s 00000000 08:06 938718     /var/cache/fontconfig/e13b20fdb08344e0e664864cc2ede53d-le32d4.cache-3
67cbb000-67cfe000 r-xp 00000000 08:06 1708645    /usr/lib/jvm/java-7-openjdk-i386/jre/lib/i386/libfontmanager.so
67cfe000-67cff000 r--p 00043000 08:06 1708645    /usr/lib/jvm/java-7-openjdk-i386/jre/lib/i386/libfontmanager.so
67cff000-67d00000 rw-p 00044000 08:06 1708645    /usr/lib/jvm/java-7-openjdk-i386/jre/lib/i386/libfontmanager.so
67d00000-67e00000 rw-p 00000000 00:00 0 
67e00000-67e02000 r--s 00000000 08:06 938726     /var/cache/fontconfig/65f976e5259cbe6dc7697b8648396239-le32d4.cache-3
67e02000-67e06000 r--s 00000000 08:06 940648     /var/cache/fontconfig/7ef2298fde41cc6eeb7af42e48b7d293-le32d4.cache-3
67e06000-67e17000 r--s 00000000 08:06 938993     /var/cache/fontconfig/467c019e582ee353435ea5c21d137ef6-le32d4.cache-3
67e17000-67e1b000 r--s 00000000 08:06 395863     /home/gene/.cache/fontconfig/3ecda6abc85ff6f54114f03ae3c1fe72-le32d4.cache-3
67e1b000-67e1e000 ---p 00000000 00:00 0 
67e1e000-67e6c000 rw-p 00000000 00:00 0          [stack:18569]
67e6c000-67e6f000 ---p 00000000 00:00 0 
67e6f000-67ebd000 rw-p 00000000 00:00 0          [stack:18568]
67ebd000-6902c000 r-xp 00000000 08:06 1706398    /usr/lib/i386-linux-gnu/libicudata.so.48.1.1
6902c000-6902d000 r--p 0116e000 08:06 1706398    /usr/lib/i386-linux-gnu/libicudata.so.48.1.1
6902d000-6902e000 rw-p 0116f000 08:06 1706398    /usr/lib/i386-linux-gnu/libicudata.so.48.1.1
6902e000-69031000 r-xp 00000000 08:06 262501     /lib/i386-linux-gnu/libgpg-error.so.0.8.0
69031000-69032000 r--p 00002000 08:06 262501     /lib/i386-linux-gnu/libgpg-error.so.0.8.0
69032000-69033000 rw-p 00003000 08:06 262501     /lib/i386-linux-gnu/libgpg-error.so.0.8.0
69033000-69035000 r-xp 00000000 08:06 262512     /lib/i386-linux-gnu/libkeyutils.so.1.4
69035000-69036000 r--p 00002000 08:06 262512     /lib/i386-linux-gnu/libkeyutils.so.1.4
69036000-69037000 rw-p 00003000 08:06 262512     /lib/i386-linux-gnu/libkeyutils.so.1.4
69037000-6918d000 r-xp 00000000 08:06 1706412    /usr/lib/i386-linux-gnu/libicuuc.so.48.1.1
6918d000-69197000 r--p 00155000 08:06 1706412    /usr/lib/i386-linux-gnu/libicuuc.so.48.1.1
69197000-69198000 rw-p 0015f000 08:06 1706412    /usr/lib/i386-linux-gnu/libicuuc.so.48.1.1
69198000-6919c000 rw-p 00000000 00:00 0 
6919c000-691cf000 r-xp 00000000 08:06 1706404    /usr/lib/i386-linux-gnu/libicule.so.48.1.1
691cf000-691d0000 ---p 00033000 08:06 1706404    /usr/lib/i386-linux-gnu/libicule.so.48.1.1
691d0000-691d1000 r--p 00033000 08:06 1706404    /usr/lib/i386-linux-gnu/libicule.so.48.1.1
691d1000-691d2000 rw-p 00034000 08:06 1706404    /usr/lib/i386-linux-gnu/libicule.so.48.1.1
691d2000-6921a000 r-xp 00000000 08:06 262482     /lib/i386-linux-gnu/libdbus-1.so.3.7.2
6921a000-6921b000 r--p 00047000 08:06 262482     /lib/i386-linux-gnu/libdbus-1.so.3.7.2
6921b000-6921c000 rw-p 00048000 08:06 262482     /lib/i386-linux-gnu/libdbus-1.so.3.7.2
6921c000-6922e000 r-xp 00000000 08:06 1706541    /usr/lib/i386-linux-gnu/libp11-kit.so.0.0.0
6922e000-6922f000 r--p 00011000 08:06 1706541    /usr/lib/i386-linux-gnu/libp11-kit.so.0.0.0
6922f000-69230000 rw-p 00012000 08:06 1706541    /usr/lib/i386-linux-gnu/libp11-kit.so.0.0.0
69230000-69240000 r-xp 00000000 08:06 1706699    /usr/lib/i386-linux-gnu/libtasn1.so.3.2.0
69240000-69241000 r--p 0000f000 08:06 1706699    /usr/lib/i386-linux-gnu/libtasn1.so.3.2.0
69241000-69242000 rw-p 00010000 08:06 1706699    /usr/lib/i386-linux-gnu/libtasn1.so.3.2.0
69242000-692c3000 r-xp 00000000 08:06 262497     /lib/i386-linux-gnu/libgcrypt.so.11.7.0
692c3000-692c4000 r--p 00080000 08:06 262497     /lib/i386-linux-gnu/libgcrypt.so.11.7.0
692c4000-692c6000 rw-p 00081000 08:06 262497     /lib/i386-linux-gnu/libgcrypt.so.11.7.0
692c6000-692cd000 r-xp 00000000 08:06 1706449    /usr/lib/i386-linux-gnu/libkrb5support.so.0.1
692cd000-692ce000 r--p 00006000 08:06 1706449    /usr/lib/i386-linux-gnu/libkrb5support.so.0.1
692ce000-692cf000 rw-p 00007000 08:06 1706449    /usr/lib/i386-linux-gnu/libkrb5support.so.0.1
692cf000-692d2000 r-xp 00000000 08:06 262477     /lib/i386-linux-gnu/libcom_err.so.2.1
692d2000-692d3000 r--p 00002000 08:06 262477     /lib/i386-linux-gnu/libcom_err.so.2.1
692d3000-692d4000 rw-p 00003000 08:06 262477     /lib/i386-linux-gnu/libcom_err.so.2.1
692d4000-692fa000 r-xp 00000000 08:06 1706443    /usr/lib/i386-linux-gnu/libk5crypto.so.3.1
692fa000-692fb000 r--p 00026000 08:06 1706443    /usr/lib/i386-linux-gnu/libk5crypto.so.3.1
692fb000-692fc000 rw-p 00027000 08:06 1706443    /usr/lib/i386-linux-gnu/libk5crypto.so.3.1
692fc000-693c3000 r-xp 00000000 08:06 1706447    /usr/lib/i386-linux-gnu/libkrb5.so.3.3
693c3000-693c9000 r--p 000c6000 08:06 1706447    /usr/lib/i386-linux-gnu/libkrb5.so.3.3
693c9000-693ca000 rw-p 000cc000 08:06 1706447    /usr/lib/i386-linux-gnu/libkrb5.so.3.3
693ca000-69462000 r-xp 00000000 08:06 1706380    /usr/lib/i386-linux-gnu/libharfbuzz.so.0.913.0
69462000-69463000 ---p 00098000 08:06 1706380    /usr/lib/i386-linux-gnu/libharfbuzz.so.0.913.0
69463000-69464000 r--p 00098000 08:06 1706380    /usr/lib/i386-linux-gnu/libharfbuzz.so.0.913.0
69464000-69465000 rw-p 00099000 08:06 1706380    /usr/lib/i386-linux-gnu/libharfbuzz.so.0.913.0
69465000-6946d000 r-xp 00000000 08:06 1706787    /usr/lib/i386-linux-gnu/libxcb-render.so.0.0.0
6946d000-6946e000 r--p 00008000 08:06 1706787    /usr/lib/i386-linux-gnu/libxcb-render.so.0.0.0
6946e000-6946f000 rw-p 00009000 08:06 1706787    /usr/lib/i386-linux-gnu/libxcb-render.so.0.0.0
6946f000-69471000 r-xp 00000000 08:06 1706791    /usr/lib/i386-linux-gnu/libxcb-shm.so.0.0.0
69471000-69472000 r--p 00001000 08:06 1706791    /usr/lib/i386-linux-gnu/libxcb-shm.so.0.0.0
69472000-69473000 rw-p 00002000 08:06 1706791    /usr/lib/i386-linux-gnu/libxcb-shm.so.0.0.0
69473000-6949a000 r-xp 00000000 08:06 262578     /lib/i386-linux-gnu/libpng12.so.0.49.0
6949a000-6949b000 r--p 00026000 08:06 262578     /lib/i386-linux-gnu/libpng12.so.0.49.0
6949b000-6949c000 rw-p 00027000 08:06 262578     /lib/i386-linux-gnu/libpng12.so.0.49.0
6949c000-69530000 r-xp 00000000 08:06 1706571    /usr/lib/i386-linux-gnu/libpixman-1.so.0.28.2
69530000-69535000 r--p 00093000 08:06 1706571    /usr/lib/i386-linux-gnu/libpixman-1.so.0.28.2
69535000-69536000 rw-p 00098000 08:06 1706571    /usr/lib/i386-linux-gnu/libpixman-1.so.0.28.2
69536000-6953b000 r-xp 00000000 08:06 1705898    /usr/lib/i386-linux-gnu/libXdmcp.so.6.0.0
6953b000-6953c000 r--p 00004000 08:06 1705898    /usr/lib/i386-linux-gnu/libXdmcp.so.6.0.0
6953c000-6953d000 rw-p 00005000 08:06 1705898    /usr/lib/i386-linux-gnu/libXdmcp.so.6.0.0
6953d000-6953f000 r-xp 00000000 08:06 1705887    /usr/lib/i386-linux-gnu/libXau.so.6.0.0
6953f000-69540000 r--p 00001000 08:06 1705887    /usr/lib/i386-linux-gnu/libXau.so.6.0.0
69540000-69541000 rw-p 00002000 08:06 1705887    /usr/lib/i386-linux-gnu/libXau.so.6.0.0
69541000-69551000 r-xp 00000000 08:06 1705977    /usr/lib/i386-linux-gnu/libavahi-client.so.3.2.9
69551000-69552000 r--p 0000f000 08:06 1705977    /usr/lib/i386-linux-gnu/libavahi-client.so.3.2.9
69552000-69553000 rw-p 00010000 08:06 1705977    /usr/lib/i386-linux-gnu/libavahi-client.so.3.2.9
69553000-6955f000 r-xp 00000000 08:06 1705979    /usr/lib/i386-linux-gnu/libavahi-common.so.3.5.3
6955f000-69560000 r--p 0000b000 08:06 1705979    /usr/lib/i386-linux-gnu/libavahi-common.so.3.5.3
69560000-69561000 rw-p 0000c000 08:06 1705979    /usr/lib/i386-linux-gnu/libavahi-common.so.3.5.3
69561000-69621000 r-xp 00000000 08:06 1706251    /usr/lib/i386-linux-gnu/libgnutls.so.26.22.6
69621000-69625000 r--p 000bf000 08:06 1706251    /usr/lib/i386-linux-gnu/libgnutls.so.26.22.6
69625000-69626000 rw-p 000c3000 08:06 1706251    /usr/lib/i386-linux-gnu/libgnutls.so.26.22.6
69626000-69661000 r-xp 00000000 08:06 1706276    /usr/lib/i386-linux-gnu/libgssapi_krb5.so.2.2
69661000-69662000 r--p 0003a000 08:06 1706276    /usr/lib/i386-linux-gnu/libgssapi_krb5.so.2.2
69662000-69663000 rw-p 0003b000 08:06 1706276    /usr/lib/i386-linux-gnu/libgssapi_krb5.so.2.2
69663000-696a2000 r-xp 00000000 08:06 262566     /lib/i386-linux-gnu/libpcre.so.3.13.1
696a2000-696a3000 r--p 0003f000 08:06 262566     /lib/i386-linux-gnu/libpcre.so.3.13.1
696a3000-696a4000 rw-p 00040000 08:06 262566     /lib/i386-linux-gnu/libpcre.so.3.13.1
696a4000-696a9000 r-xp 00000000 08:06 1706141    /usr/lib/i386-linux-gnu/libffi.so.6.0.1
696a9000-696aa000 r--p 00005000 08:06 1706141    /usr/lib/i386-linux-gnu/libffi.so.6.0.1
696aa000-696ab000 rw-p 00006000 08:06 1706141    /usr/lib/i386-linux-gnu/libffi.so.6.0.1
696ab000-696d0000 r-xp 00000000 08:06 262490     /lib/i386-linux-gnu/libexpat.so.1.6.0
696d0000-696d2000 r--p 00025000 08:06 262490     /lib/i386-linux-gnu/libexpat.so.1.6.0
696d2000-696d3000 rw-p 00027000 08:06 262490     /lib/i386-linux-gnu/libexpat.so.1.6.0
696d3000-69769000 r-xp 00000000 08:06 1706179    /usr/lib/i386-linux-gnu/libfreetype.so.6.10.0
69769000-6976d000 r--p 00095000 08:06 1706179    /usr/lib/i386-linux-gnu/libfreetype.so.6.10.0
6976d000-6976e000 rw-p 00099000 08:06 1706179    /usr/lib/i386-linux-gnu/libfreetype.so.6.10.0
6976e000-69781000 r-xp 00000000 08:06 262589     /lib/i386-linux-gnu/libresolv-2.17.so
69781000-69782000 r--p 00013000 08:06 262589     /lib/i386-linux-gnu/libresolv-2.17.so
69782000-69783000 rw-p 00014000 08:06 262589     /lib/i386-linux-gnu/libresolv-2.17.so
69783000-69785000 rw-p 00000000 00:00 0 
69785000-697a2000 r-xp 00000000 08:06 262593     /lib/i386-linux-gnu/libselinux.so.1
697a2000-697a3000 r--p 0001c000 08:06 262593     /lib/i386-linux-gnu/libselinux.so.1
697a3000-697a4000 rw-p 0001d000 08:06 262593     /lib/i386-linux-gnu/libselinux.so.1
697a4000-697ad000 r-xp 00000000 08:06 1705894    /usr/lib/i386-linux-gnu/libXcursor.so.1.0.2
697ad000-697ae000 r--p 00008000 08:06 1705894    /usr/lib/i386-linux-gnu/libXcursor.so.1.0.2
697ae000-697af000 rw-p 00009000 08:06 1705894    /usr/lib/i386-linux-gnu/libXcursor.so.1.0.2
697af000-697b8000 r-xp 00000000 08:06 1705918    /usr/lib/i386-linux-gnu/libXrandr.so.2.2.0
697b8000-697b9000 r--p 00008000 08:06 1705918    /usr/lib/i386-linux-gnu/libXrandr.so.2.2.0
697b9000-697ba000 rw-p 00009000 08:06 1705918    /usr/lib/i386-linux-gnu/libXrandr.so.2.2.0
697ba000-697cc000 r-xp 00000000 08:06 1706553    /usr/lib/i386-linux-gnu/libpangoft2-1.0.so.0.3200.5
697cc000-697cd000 r--p 00011000 08:06 1706553    /usr/lib/i386-linux-gnu/libpangoft2-1.0.so.0.3200.5
697cd000-697ce000 rw-p 00012000 08:06 1706553    /usr/lib/i386-linux-gnu/libpangoft2-1.0.so.0.3200.5
697ce000-698e1000 r-xp 00000000 08:06 1706005    /usr/lib/i386-linux-gnu/libcairo.so.2.11200.14
698e1000-698e3000 r--p 00113000 08:06 1706005    /usr/lib/i386-linux-gnu/libcairo.so.2.11200.14
698e3000-698e4000 rw-p 00115000 08:06 1706005    /usr/lib/i386-linux-gnu/libcairo.so.2.11200.14
698e4000-698e5000 rw-p 00000000 00:00 0 
698e5000-69903000 r-xp 00000000 08:06 1705967    /usr/lib/i386-linux-gnu/libatk-1.0.so.0.20809.1
69903000-69905000 r--p 0001d000 08:06 1705967    /usr/lib/i386-linux-gnu/libatk-1.0.so.0.20809.1
69905000-69906000 rw-p 0001f000 08:06 1705967    /usr/lib/i386-linux-gnu/libatk-1.0.so.0.20809.1
69906000-69960000 r-xp 00000000 08:06 1706064    /usr/lib/i386-linux-gnu/libcups.so.2
69960000-69961000 ---p 0005a000 08:06 1706064    /usr/lib/i386-linux-gnu/libcups.so.2
69961000-69964000 r--p 0005a000 08:06 1706064    /usr/lib/i386-linux-gnu/libcups.so.2
69964000-69965000 rw-p 0005d000 08:06 1706064    /usr/lib/i386-linux-gnu/libcups.so.2
69965000-69a64000 r-xp 00000000 08:06 262499     /lib/i386-linux-gnu/libglib-2.0.so.0.3600.0
69a64000-69a65000 r--p 000fe000 08:06 262499     /lib/i386-linux-gnu/libglib-2.0.so.0.3600.0
69a65000-69a66000 rw-p 000ff000 08:06 262499     /lib/i386-linux-gnu/libglib-2.0.so.0.3600.0
69a66000-69ab4000 r-xp 00000000 08:06 1706257    /usr/lib/i386-linux-gnu/libgobject-2.0.so.0.3600.0
69ab4000-69ab5000 r--p 0004d000 08:06 1706257    /usr/lib/i386-linux-gnu/libgobject-2.0.so.0.3600.0
69ab5000-69ab6000 rw-p 0004e000 08:06 1706257    /usr/lib/i386-linux-gnu/libgobject-2.0.so.0.3600.0
69ab6000-69aed000 r-xp 00000000 08:06 1706167    /usr/lib/i386-linux-gnu/libfontconfig.so.1.6.2
69aed000-69aee000 r--p 00036000 08:06 1706167    /usr/lib/i386-linux-gnu/libfontconfig.so.1.6.2
69aee000-69aef000 rw-p 00037000 08:06 1706167    /usr/lib/i386-linux-gnu/libfontconfig.so.1.6.2
69aef000-69b38000 r-xp 00000000 08:06 1706549    /usr/lib/i386-linux-gnu/libpango-1.0.so.0.3200.5
69b38000-69b39000 r--p 00049000 08:06 1706549    /usr/lib/i386-linux-gnu/libpango-1.0.so.0.3200.5
69b39000-69b3a000 rw-p 0004a000 08:06 1706549    /usr/lib/i386-linux-gnu/libpango-1.0.so.0.3200.5
69b3a000-69c9a000 r-xp 00000000 08:06 1706227    /usr/lib/i386-linux-gnu/libgio-2.0.so.0.3600.0
69c9a000-69c9c000 r--p 00160000 08:06 1706227    /usr/lib/i386-linux-gnu/libgio-2.0.so.0.3600.0
69c9c000-69c9d000 rw-p 00162000 08:06 1706227    /usr/lib/i386-linux-gnu/libgio-2.0.so.0.3600.0
69c9d000-69c9e000 rw-p 00000000 00:00 0 
69c9e000-69d49000 r-xp 00000000 08:06 1706206    /usr/lib/i386-linux-gnu/libgdk-x11-2.0.so.0.2400.17
69d49000-69d4b000 r--p 000ab000 08:06 1706206    /usr/lib/i386-linux-gnu/libgdk-x11-2.0.so.0.2400.17
69d4b000-69d4c000 rw-p 000ad000 08:06 1706206    /usr/lib/i386-linux-gnu/libgdk-x11-2.0.so.0.2400.17
69d4c000-6a1ad000 r-xp 00000000 08:06 1706364    /usr/lib/i386-linux-gnu/libgtk-x11-2.0.so.0.2400.17
6a1ad000-6a1b1000 r--p 00461000 08:06 1706364    /usr/lib/i386-linux-gnu/libgtk-x11-2.0.so.0.2400.17
6a1b1000-6a1b3000 rw-p 00465000 08:06 1706364    /usr/lib/i386-linux-gnu/libgtk-x11-2.0.so.0.2400.17
6a1b3000-6a1b5000 rw-p 00000000 00:00 0 
6a1b5000-6a2e8000 r-xp 00000000 08:06 1706796    /usr/lib/i386-linux-gnu/libX11.so.6.3.0
6a2e8000-6a2e9000 r--p 00132000 08:06 1706796    /usr/lib/i386-linux-gnu/libX11.so.6.3.0
6a2e9000-6a2ec000 rw-p 00133000 08:06 1706796    /usr/lib/i386-linux-gnu/libX11.so.6.3.0
6a2ec000-6a33e000 r-xp 00000000 08:06 1708686    /usr/lib/jvm/java-7-openjdk-i386/jre/lib/i386/xawt/libmawt.so
6a33e000-6a33f000 r--p 00051000 08:06 1708686    /usr/lib/jvm/java-7-openjdk-i386/jre/lib/i386/xawt/libmawt.so
6a33f000-6a341000 rw-p 00052000 08:06 1708686    /usr/lib/jvm/java-7-openjdk-i386/jre/lib/i386/xawt/libmawt.so
6a341000-6a342000 rw-p 00000000 00:00 0 
6a342000-6a3d4000 r-xp 00000000 08:06 1708643    /usr/lib/jvm/java-7-openjdk-i386/jre/lib/i386/libawt.so
6a3d4000-6a3d5000 r--p 00091000 08:06 1708643    /usr/lib/jvm/java-7-openjdk-i386/jre/lib/i386/libawt.so
6a3d5000-6a3dc000 rw-p 00092000 08:06 1708643    /usr/lib/jvm/java-7-openjdk-i386/jre/lib/i386/libawt.so
6a3dc000-6a400000 rw-p 00000000 00:00 0 
6a400000-6a500000 rw-p 00000000 00:00 0 
6a500000-6a501000 r--s 00000000 08:06 936119     /var/cache/fontconfig/4b14b093aebc79c320de5e86ae1d3314-le32d4.cache-3
6a501000-6a502000 r--s 00000000 08:06 938725     /var/cache/fontconfig/94f7fe9bd33aadfac165873bd010d595-le32d4.cache-3
6a502000-6a504000 r-xp 00000000 08:06 1705896    /usr/lib/i386-linux-gnu/libXdamage.so.1.1.0
6a504000-6a505000 r--p 00001000 08:06 1705896    /usr/lib/i386-linux-gnu/libXdamage.so.1.1.0
6a505000-6a506000 rw-p 00002000 08:06 1705896    /usr/lib/i386-linux-gnu/libXdamage.so.1.1.0
6a506000-6a508000 r-xp 00000000 08:06 1705892    /usr/lib/i386-linux-gnu/libXcomposite.so.1.0.0
6a508000-6a509000 r--p 00001000 08:06 1705892    /usr/lib/i386-linux-gnu/libXcomposite.so.1.0.0
6a509000-6a50a000 rw-p 00002000 08:06 1705892    /usr/lib/i386-linux-gnu/libXcomposite.so.1.0.0
6a50a000-6a52a000 r-xp 00000000 08:06 1720908    /usr/lib/i386-linux-gnu/libxcb.so.1.1.0
6a52a000-6a52b000 r--p 0001f000 08:06 1720908    /usr/lib/i386-linux-gnu/libxcb.so.1.1.0
6a52b000-6a52c000 rw-p 00020000 08:06 1720908    /usr/lib/i386-linux-gnu/libxcb.so.1.1.0
6a52c000-6a52d000 ---p 00000000 00:00 0 
6a52d000-6a5ad000 rw-p 00000000 00:00 0          [stack:18567]
6a5ad000-6a5b0000 ---p 00000000 00:00 0 
6a5b0000-6a5fe000 rw-p 00000000 00:00 0          [stack:18566]
6a5fe000-6a601000 ---p 00000000 00:00 0 
6a601000-6a67f000 rw-p 00000000 00:00 0          [stack:18565]
6a67f000-6a682000 ---p 00000000 00:00 0 
6a682000-6a700000 rw-p 00000000 00:00 0          [stack:18564]
6a700000-6a900000 r--p 00000000 08:06 1709808    /usr/lib/locale/locale-archive
6a900000-6aa00000 rw-p 00000000 00:00 0 
6aa00000-6aafb000 rw-p 00000000 00:00 0 
6aafb000-6ab00000 ---p 00000000 00:00 0 
6ab00000-6abf5000 rw-p 00000000 00:00 0 
6abf5000-6ac00000 ---p 00000000 00:00 0 
6ac00000-6ac02000 r-xp 00000000 08:06 1705908    /usr/lib/i386-linux-gnu/libXinerama.so.1.0.0
6ac02000-6ac03000 r--p 00001000 08:06 1705908    /usr/lib/i386-linux-gnu/libXinerama.so.1.0.0
6ac03000-6ac04000 rw-p 00002000 08:06 1705908    /usr/lib/i386-linux-gnu/libXinerama.so.1.0.0
6ac04000-6ac09000 r-xp 00000000 08:06 1705902    /usr/lib/i386-linux-gnu/libXfixes.so.3.1.0
6ac09000-6ac0a000 r--p 00004000 08:06 1705902    /usr/lib/i386-linux-gnu/libXfixes.so.3.1.0
6ac0a000-6ac0b000 rw-p 00005000 08:06 1705902    /usr/lib/i386-linux-gnu/libXfixes.so.3.1.0
6ac0b000-6ac2b000 r-xp 00000000 08:06 1706208    /usr/lib/i386-linux-gnu/libgdk_pixbuf-2.0.so.0.2800.0
6ac2b000-6ac2c000 ---p 00020000 08:06 1706208    /usr/lib/i386-linux-gnu/libgdk_pixbuf-2.0.so.0.2800.0
6ac2c000-6ac2d000 r--p 00020000 08:06 1706208    /usr/lib/i386-linux-gnu/libgdk_pixbuf-2.0.so.0.2800.0
6ac2d000-6ac2e000 rw-p 00021000 08:06 1706208    /usr/lib/i386-linux-gnu/libgdk_pixbuf-2.0.so.0.2800.0
6ac2e000-6ac31000 ---p 00000000 00:00 0 
6ac31000-6ac7f000 rw-p 00000000 00:00 0          [stack:18563]
6ac7f000-6ac80000 ---p 00000000 00:00 0 
6ac80000-6ad00000 rw-p 00000000 00:00 0          [stack:18560]
6ad00000-6adff000 rw-p 00000000 00:00 0 
6adff000-6ae00000 ---p 00000000 00:00 0 
6ae00000-6ae01000 r--s 00000000 08:06 938724     /var/cache/fontconfig/423767150eb258c59035de29db6fca84-le32d4.cache-3
6ae01000-6ae02000 r--s 00000000 08:06 938723     /var/cache/fontconfig/406a1d2d2bf3ed7664fbadefac0b2f66-le32d4.cache-3
6ae02000-6ae0d000 r-xp 00000000 08:06 1706551    /usr/lib/i386-linux-gnu/libpangocairo-1.0.so.0.3200.5
6ae0d000-6ae0e000 r--p 0000a000 08:06 1706551    /usr/lib/i386-linux-gnu/libpangocairo-1.0.so.0.3200.5
6ae0e000-6ae0f000 rw-p 0000b000 08:06 1706551    /usr/lib/i386-linux-gnu/libpangocairo-1.0.so.0.3200.5
6ae0f000-6ae12000 r-xp 00000000 08:06 1706237    /usr/lib/i386-linux-gnu/libgmodule-2.0.so.0.3600.0
6ae12000-6ae13000 r--p 00002000 08:06 1706237    /usr/lib/i386-linux-gnu/libgmodule-2.0.so.0.3600.0
6ae13000-6ae14000 rw-p 00003000 08:06 1706237    /usr/lib/i386-linux-gnu/libgmodule-2.0.so.0.3600.0
6ae14000-6ae22000 r-xp 00000000 08:06 1705906    /usr/lib/i386-linux-gnu/libXi.so.6.1.0
6ae22000-6ae23000 r--p 0000d000 08:06 1705906    /usr/lib/i386-linux-gnu/libXi.so.6.1.0
6ae23000-6ae24000 rw-p 0000e000 08:06 1705906    /usr/lib/i386-linux-gnu/libXi.so.6.1.0
6ae24000-6ae29000 r-xp 00000000 08:06 1705926    /usr/lib/i386-linux-gnu/libXtst.so.6.1.0
6ae29000-6ae2a000 r--p 00004000 08:06 1705926    /usr/lib/i386-linux-gnu/libXtst.so.6.1.0
6ae2a000-6ae2b000 rw-p 00005000 08:06 1705926    /usr/lib/i386-linux-gnu/libXtst.so.6.1.0
6ae2b000-6ae33000 r-xp 00000000 08:06 1705920    /usr/lib/i386-linux-gnu/libXrender.so.1.3.0
6ae33000-6ae34000 r--p 00007000 08:06 1705920    /usr/lib/i386-linux-gnu/libXrender.so.1.3.0
6ae34000-6ae35000 rw-p 00008000 08:06 1705920    /usr/lib/i386-linux-gnu/libXrender.so.1.3.0
6ae35000-6afe2000 r--s 01cde000 08:06 1708621    /usr/lib/jvm/java-7-openjdk-i386/jre/lib/rt.jar
6afe2000-6dd00000 rw-p 00000000 00:00 0 
6dd00000-6ddfa000 rw-p 00000000 00:00 0 
6ddfa000-6de00000 ---p 00000000 00:00 0 
6de00000-6de02000 r--s 00000000 08:06 936655     /var/cache/fontconfig/67709b7835c0f764c1135060c9575660-le32d4.cache-3
6de02000-6de03000 r--s 00000000 08:06 936109     /var/cache/fontconfig/0c9eb80ebd1c36541ebe2852d3bb0c49-le32d4.cache-3
6de03000-6de13000 r-xp 00000000 08:06 1705900    /usr/lib/i386-linux-gnu/libXext.so.6.4.0
6de13000-6de14000 r--p 0000f000 08:06 1705900    /usr/lib/i386-linux-gnu/libXext.so.6.4.0
6de14000-6de15000 rw-p 00010000 08:06 1705900    /usr/lib/i386-linux-gnu/libXext.so.6.4.0
6de15000-6de16000 r--s 00000000 08:06 936124     /var/cache/fontconfig/62f91419b9ebdb6975e7e41ab6412357-le32d4.cache-3
6de16000-6de2c000 r-xp 00000000 08:06 1708664    /usr/lib/jvm/java-7-openjdk-i386/jre/lib/i386/libnet.so
6de2c000-6de2d000 r--p 00015000 08:06 1708664    /usr/lib/jvm/java-7-openjdk-i386/jre/lib/i386/libnet.so
6de2d000-6de2e000 rw-p 00016000 08:06 1708664    /usr/lib/jvm/java-7-openjdk-i386/jre/lib/i386/libnet.so
6de2e000-6de31000 ---p 00000000 00:00 0 
6de31000-6de7f000 rw-p 00000000 00:00 0          [stack:18562]
6de7f000-6de80000 ---p 00000000 00:00 0 
6de80000-6df00000 rw-p 00000000 00:00 0          [stack:18559]
6df00000-6df21000 rw-p 00000000 00:00 0 
6df21000-6e000000 ---p 00000000 00:00 0 
6e000000-6e021000 rw-p 00000000 00:00 0 
6e021000-6e100000 ---p 00000000 00:00 0 
6e100000-6e10b000 r--s 001fb000 08:06 1708529    /usr/lib/jvm/java-7-openjdk-common/jre/lib/charsets.jar
6e10b000-6e114000 r--s 000bc000 08:06 1708538    /usr/lib/jvm/java-7-openjdk-common/jre/lib/resources.jar
6e114000-6e11f000 r--s 001fb000 08:06 1708529    /usr/lib/jvm/java-7-openjdk-common/jre/lib/charsets.jar
6e11f000-6e12e000 r--s 000d3000 08:06 1786959    /home/gene/Downloads/jaudiotagger-2.2.0-20130321.142353-1.jar
6e12e000-6e131000 ---p 00000000 00:00 0 
6e131000-6e17f000 rw-p 00000000 00:00 0          [stack:18561]
6e17f000-6e180000 ---p 00000000 00:00 0 
6e180000-6e200000 rw-p 00000000 00:00 0          [stack:18558]
6e200000-6e27f000 rw-p 00000000 00:00 0 
6e27f000-6e300000 ---p 00000000 00:00 0 
6e300000-6e301000 r-xp 00000000 08:06 1706360    /usr/lib/i386-linux-gnu/libgthread-2.0.so.0.3600.0
6e301000-6e302000 r--p 00000000 08:06 1706360    /usr/lib/i386-linux-gnu/libgthread-2.0.so.0.3600.0
6e302000-6e303000 rw-p 00001000 08:06 1706360    /usr/lib/i386-linux-gnu/libgthread-2.0.so.0.3600.0
6e303000-6e31b000 r--s 001b9000 08:06 1779640    /home/gene/lab/music/playmp3/jmf.jar
6e31b000-6e363000 rw-p 00000000 00:00 0 
6e363000-6e364000 ---p 00000000 00:00 0 
6e364000-6e3e4000 rw-p 00000000 00:00 0          [stack:18557]
6e3e4000-6e3e5000 ---p 00000000 00:00 0 
6e3e5000-6e46d000 rw-p 00000000 00:00 0          [stack:18556]
6e46d000-6e4a5000 rw-p 00000000 00:00 0 
6e4a5000-6e4ba000 rw-p 00000000 00:00 0 
6e4ba000-6e5e9000 rw-p 00000000 00:00 0 
6e5e9000-6e5f1000 rw-p 00000000 00:00 0 
6e5f1000-6e629000 rw-p 00000000 00:00 0 
6e629000-6e63e000 rw-p 00000000 00:00 0 
6e63e000-6e76d000 rw-p 00000000 00:00 0 
6e76d000-6e778000 rw-p 00000000 00:00 0 
6e778000-6e80f000 rw-p 00000000 00:00 0 
6e80f000-6f810000 rw-p 00000000 00:00 0 
6f810000-76810000 rw-p 00000000 00:00 0 
76810000-79090000 rw-p 00000000 00:00 0 
79090000-9f010000 rw-p 00000000 00:00 0 
9f010000-a0440000 rw-p 00000000 00:00 0 
a0440000-b3410000 rw-p 00000000 00:00 0 
b3410000-b3417000 r--s 00094000 08:06 1784822    /home/gene/netbeans-7.3.1/java/modules/ext/beansbinding-1.2.1.jar
b3417000-b341a000 r--s 00027000 08:06 1798650    /home/gene/Downloads/rs2xml.jar
b341a000-b3423000 rw-p 00000000 00:00 0 
b3423000-b34da000 rw-p 00000000 00:00 0 
b34da000-b371a000 rwxp 00000000 00:00 0 
b371a000-b64da000 rw-p 00000000 00:00 0 
b64da000-b64e5000 r-xp 00000000 08:06 262543     /lib/i386-linux-gnu/libnss_files-2.17.so
b64e5000-b64e6000 r--p 0000a000 08:06 262543     /lib/i386-linux-gnu/libnss_files-2.17.so
b64e6000-b64e7000 rw-p 0000b000 08:06 262543     /lib/i386-linux-gnu/libnss_files-2.17.so
b64e7000-b64fc000 r-xp 00000000 08:06 262537     /lib/i386-linux-gnu/libnsl-2.17.so
b64fc000-b64fd000 r--p 00014000 08:06 262537     /lib/i386-linux-gnu/libnsl-2.17.so
b64fd000-b64fe000 rw-p 00015000 08:06 262537     /lib/i386-linux-gnu/libnsl-2.17.so
b64fe000-b6500000 rw-p 00000000 00:00 0 
b6500000-b65fc000 rw-p 00000000 00:00 0 
b65fc000-b6600000 ---p 00000000 00:00 0 
b6600000-b6601000 r--s 00000000 08:06 938994     /var/cache/fontconfig/e0aa53bcfa504e64f87823c16bc01eb6-le32d4.cache-3
b6601000-b6603000 r--s 00380000 08:06 1795454    /home/gene/Downloads/sqlite-jdbc-3.7.15-M1.jar
b6603000-b6605000 r--s 00006000 08:06 137009     /usr/share/java/java-atk-wrapper.jar
b6605000-b6608000 r--s 0000f000 08:06 1708547    /usr/lib/jvm/java-7-openjdk-common/jre/lib/ext/pulse-java.jar
b6608000-b6612000 r-xp 00000000 08:06 262548     /lib/i386-linux-gnu/libnss_nis-2.17.so
b6612000-b6613000 r--p 00009000 08:06 262548     /lib/i386-linux-gnu/libnss_nis-2.17.so
b6613000-b6614000 rw-p 0000a000 08:06 262548     /lib/i386-linux-gnu/libnss_nis-2.17.so
b6614000-b661b000 r-xp 00000000 08:06 262539     /lib/i386-linux-gnu/libnss_compat-2.17.so
b661b000-b661c000 r--p 00006000 08:06 262539     /lib/i386-linux-gnu/libnss_compat-2.17.so
b661c000-b661d000 rw-p 00007000 08:06 262539     /lib/i386-linux-gnu/libnss_compat-2.17.so
b661d000-b661e000 r--s 00014000 08:06 1795668    /home/gene/lab/music/playmp3/mp3plugin.jar
b661e000-b661f000 r--s 00002000 08:06 1708545    /usr/lib/jvm/java-7-openjdk-common/jre/lib/ext/dnsns.jar
b661f000-b6623000 r--s 00085000 08:06 1708546    /usr/lib/jvm/java-7-openjdk-common/jre/lib/ext/localedata.jar
b6623000-b6625000 r--s 00012000 08:06 1708550    /usr/lib/jvm/java-7-openjdk-common/jre/lib/ext/zipfs.jar
b6625000-b6628000 r--s 00032000 08:06 1708548    /usr/lib/jvm/java-7-openjdk-common/jre/lib/ext/sunjce_provider.jar
b6628000-b662b000 r--s 0003c000 08:06 1708549    /usr/lib/jvm/java-7-openjdk-common/jre/lib/ext/sunpkcs11.jar
b662b000-b662c000 r--p 005db000 08:06 1709808    /usr/lib/locale/locale-archive
b662c000-b6634000 r-xp 00000000 08:06 1708674    /usr/lib/jvm/java-7-openjdk-i386/jre/lib/i386/libzip.so
b6634000-b6635000 r--p 00007000 08:06 1708674    /usr/lib/jvm/java-7-openjdk-i386/jre/lib/i386/libzip.so
b6635000-b6636000 rw-p 00008000 08:06 1708674    /usr/lib/jvm/java-7-openjdk-i386/jre/lib/i386/libzip.so
b6636000-b665d000 r-xp 00000000 08:06 1708652    /usr/lib/jvm/java-7-openjdk-i386/jre/lib/i386/libjava.so
b665d000-b665e000 r--p 00026000 08:06 1708652    /usr/lib/jvm/java-7-openjdk-i386/jre/lib/i386/libjava.so
b665e000-b665f000 rw-p 00027000 08:06 1708652    /usr/lib/jvm/java-7-openjdk-i386/jre/lib/i386/libjava.so
b665f000-b6666000 r-xp 00000000 08:06 262591     /lib/i386-linux-gnu/librt-2.17.so
b6666000-b6667000 r--p 00006000 08:06 262591     /lib/i386-linux-gnu/librt-2.17.so
b6667000-b6668000 rw-p 00007000 08:06 262591     /lib/i386-linux-gnu/librt-2.17.so
b6668000-b666b000 ---p 00000000 00:00 0 
b666b000-b66b9000 rw-p 00000000 00:00 0          [stack:18555]
b66b9000-b66d4000 r-xp 00000000 08:06 262495     /lib/i386-linux-gnu/libgcc_s.so.1
b66d4000-b66d5000 r--p 0001a000 08:06 262495     /lib/i386-linux-gnu/libgcc_s.so.1
b66d5000-b66d6000 rw-p 0001b000 08:06 262495     /lib/i386-linux-gnu/libgcc_s.so.1
b66d6000-b6717000 r-xp 00000000 08:06 262518     /lib/i386-linux-gnu/libm-2.17.so
b6717000-b6718000 r--p 00040000 08:06 262518     /lib/i386-linux-gnu/libm-2.17.so
b6718000-b6719000 rw-p 00041000 08:06 262518     /lib/i386-linux-gnu/libm-2.17.so
b6719000-b67f5000 r-xp 00000000 08:06 1706691    /usr/lib/i386-linux-gnu/libstdc++.so.6.0.17
b67f5000-b67f6000 ---p 000dc000 08:06 1706691    /usr/lib/i386-linux-gnu/libstdc++.so.6.0.17
b67f6000-b67fa000 r--p 000dc000 08:06 1706691    /usr/lib/i386-linux-gnu/libstdc++.so.6.0.17
b67fa000-b67fb000 rw-p 000e0000 08:06 1706691    /usr/lib/i386-linux-gnu/libstdc++.so.6.0.17
b67fb000-b6802000 rw-p 00000000 00:00 0 
b6802000-b70f7000 r-xp 00000000 08:06 1708685    /usr/lib/jvm/java-7-openjdk-i386/jre/lib/i386/server/libjvm.so
b70f7000-b713e000 r--p 008f4000 08:06 1708685    /usr/lib/jvm/java-7-openjdk-i386/jre/lib/i386/server/libjvm.so
b713e000-b7152000 rw-p 0093b000 08:06 1708685    /usr/lib/jvm/java-7-openjdk-i386/jre/lib/i386/server/libjvm.so
b7152000-b7570000 rw-p 00000000 00:00 0 
b7570000-b7587000 r-xp 00000000 08:06 262624     /lib/i386-linux-gnu/libz.so.1.2.7
b7587000-b7588000 r--p 00016000 08:06 262624     /lib/i386-linux-gnu/libz.so.1.2.7
b7588000-b7589000 rw-p 00017000 08:06 262624     /lib/i386-linux-gnu/libz.so.1.2.7
b7589000-b75a0000 r-xp 00000000 08:06 262583     /lib/i386-linux-gnu/libpthread-2.17.so
b75a0000-b75a1000 r--p 00016000 08:06 262583     /lib/i386-linux-gnu/libpthread-2.17.so
b75a1000-b75a2000 rw-p 00017000 08:06 262583     /lib/i386-linux-gnu/libpthread-2.17.so
b75a2000-b75a4000 rw-p 00000000 00:00 0 
b75a4000-b75a7000 r-xp 00000000 08:06 262485     /lib/i386-linux-gnu/libdl-2.17.so
b75a7000-b75a8000 r--p 00002000 08:06 262485     /lib/i386-linux-gnu/libdl-2.17.so
b75a8000-b75a9000 rw-p 00003000 08:06 262485     /lib/i386-linux-gnu/libdl-2.17.so
b75a9000-b7756000 r-xp 00000000 08:06 262470     /lib/i386-linux-gnu/libc-2.17.so
b7756000-b7758000 r--p 001ad000 08:06 262470     /lib/i386-linux-gnu/libc-2.17.so
b7758000-b7759000 rw-p 001af000 08:06 262470     /lib/i386-linux-gnu/libc-2.17.so
b7759000-b775c000 rw-p 00000000 00:00 0 
b775c000-b7764000 rw-s 00000000 08:06 1439245    /tmp/hsperfdata_gene/18551
b7764000-b7765000 rw-p 00000000 00:00 0 
b7765000-b7766000 r--p 00000000 00:00 0 
b7766000-b7773000 r-xp 00000000 08:06 1708673    /usr/lib/jvm/java-7-openjdk-i386/jre/lib/i386/libverify.so
b7773000-b7774000 r--p 0000d000 08:06 1708673    /usr/lib/jvm/java-7-openjdk-i386/jre/lib/i386/libverify.so
b7774000-b7775000 rw-p 0000e000 08:06 1708673    /usr/lib/jvm/java-7-openjdk-i386/jre/lib/i386/libverify.so
b7775000-b7782000 r-xp 00000000 08:06 1708681    /usr/lib/jvm/java-7-openjdk-i386/jre/lib/i386/jli/libjli.so
b7782000-b7783000 r--p 0000c000 08:06 1708681    /usr/lib/jvm/java-7-openjdk-i386/jre/lib/i386/jli/libjli.so
b7783000-b7784000 rw-p 0000d000 08:06 1708681    /usr/lib/jvm/java-7-openjdk-i386/jre/lib/i386/jli/libjli.so
b7784000-b7787000 rw-p 00000000 00:00 0 
b7787000-b7788000 r-xp 00000000 00:00 0          [vdso]
b7788000-b77a8000 r-xp 00000000 08:06 262446     /lib/i386-linux-gnu/ld-2.17.so
b77a8000-b77a9000 r--p 0001f000 08:06 262446     /lib/i386-linux-gnu/ld-2.17.so
b77a9000-b77aa000 rw-p 00020000 08:06 262446     /lib/i386-linux-gnu/ld-2.17.so
bfb9c000-bfbbd000 rw-p 00000000 00:00 0          [stack]

VM Arguments:
jvm_args: -Dfile.encoding=UTF-8 
java_command: musicplayer.Musicplayer
Launcher Type: SUN_STANDARD

Environment Variables:
PATH=/usr/local/sbin:/usr/local/bin:/usr/sbin:/usr/bin:/sbin:/bin:/usr/games:/usr/local/games
USERNAME=gene
LD_LIBRARY_PATH=/usr/lib/jvm/default-java/jre/lib/amd64:/usr/lib/jvm/default-java/jre/lib/i386:
SHELL=/bin/bash
DISPLAY=:1

Signal Handlers:
SIGSEGV: [libjvm.so+0x7598c0], sa_mask[0]=0x7ffbfeff, sa_flags=0x10000004
SIGBUS: [libjvm.so+0x7598c0], sa_mask[0]=0x7ffbfeff, sa_flags=0x10000004
SIGFPE: [libjvm.so+0x5f54f0], sa_mask[0]=0x7ffbfeff, sa_flags=0x10000004
SIGPIPE: [libjvm.so+0x5f54f0], sa_mask[0]=0x7ffbfeff, sa_flags=0x10000004
SIGXFSZ: [libjvm.so+0x5f54f0], sa_mask[0]=0x7ffbfeff, sa_flags=0x10000004
SIGILL: [libjvm.so+0x5f54f0], sa_mask[0]=0x7ffbfeff, sa_flags=0x10000004
SIGUSR1: SIG_DFL, sa_mask[0]=0x00000000, sa_flags=0x00000000
SIGUSR2: [libjvm.so+0x5f53a0], sa_mask[0]=0x00000004, sa_flags=0x10000004
SIGHUP: [libjvm.so+0x5f5930], sa_mask[0]=0x7ffbfeff, sa_flags=0x10000004
SIGINT: SIG_IGN, sa_mask[0]=0x00000000, sa_flags=0x00000000
SIGTERM: [libjvm.so+0x5f5930], sa_mask[0]=0x7ffbfeff, sa_flags=0x10000004
SIGQUIT: [libjvm.so+0x5f5930], sa_mask[0]=0x7ffbfeff, sa_flags=0x10000004


---------------  S Y S T E M  ---------------

OS:Ubuntu 13.04 (raring)
uname:Linux 3.8.0-19-generic #29-Ubuntu SMP Wed Apr 17 18:19:42 UTC 2013 i686
libc:glibc 2.17 NPTL 2.17 
rlimit: STACK 8192k, CORE 0k, NPROC 30928, NOFILE 4096, AS infinity
load average:0.97 1.00 0.96

/proc/meminfo:
MemTotal:        3975340 kB
MemFree:         1869436 kB
Buffers:           29804 kB
Cached:           853732 kB
SwapCached:          304 kB
Active:           715300 kB
Inactive:         759636 kB
Active(anon):     606300 kB
Inactive(anon):    88232 kB
Active(file):     109000 kB
Inactive(file):   671404 kB
Unevictable:           0 kB
Mlocked:               0 kB
HighTotal:       3125056 kB
HighFree:        1149284 kB
LowTotal:         850284 kB
LowFree:          720152 kB
SwapTotal:       2047996 kB
SwapFree:        1945352 kB
Dirty:               256 kB
Writeback:             0 kB
AnonPages:        591316 kB
Mapped:           640556 kB
Shmem:            103132 kB
Slab:              44716 kB
SReclaimable:      20620 kB
SUnreclaim:        24096 kB
KernelStack:        3864 kB
PageTables:         8752 kB
NFS_Unstable:          0 kB
Bounce:                0 kB
WritebackTmp:          0 kB
CommitLimit:     4035664 kB
Committed_AS:    3211556 kB
VmallocTotal:     122880 kB
VmallocUsed:       21884 kB
VmallocChunk:      55272 kB
HardwareCorrupted:     0 kB
AnonHugePages:         0 kB
HugePages_Total:       0
HugePages_Free:        0
HugePages_Rsvd:        0
HugePages_Surp:        0
Hugepagesize:       2048 kB
DirectMap4k:       10232 kB
DirectMap2M:      903168 kB


CPU:total 4 (2 cores per cpu, 2 threads per core) family 6 model 42 stepping 7, cmov, cx8, fxsr, mmx, sse, sse2, sse3, ssse3, sse4.1, sse4.2, popcnt, avx, ht, tsc, tscinvbit

/proc/cpuinfo:
processor	: 0
vendor_id	: GenuineIntel
cpu family	: 6
model		: 42
model name	: Intel(R) Core(TM) i3-2370M CPU @ 2.40GHz
stepping	: 7
microcode	: 0x25
cpu MHz		: 2400.000
cache size	: 3072 KB
physical id	: 0
siblings	: 4
core id		: 0
cpu cores	: 2
apicid		: 0
initial apicid	: 0
fdiv_bug	: no
hlt_bug		: no
f00f_bug	: no
coma_bug	: no
fpu		: yes
fpu_exception	: yes
cpuid level	: 13
wp		: yes
flags		: fpu vme de pse tsc msr pae mce cx8 apic sep mtrr pge mca cmov pat pse36 clflush dts acpi mmx fxsr sse sse2 ss ht tm pbe nx rdtscp lm constant_tsc arch_perfmon pebs bts xtopology nonstop_tsc aperfmperf eagerfpu pni pclmulqdq dtes64 monitor ds_cpl vmx est tm2 ssse3 cx16 xtpr pdcm pcid sse4_1 sse4_2 x2apic popcnt tsc_deadline_timer xsave avx lahf_lm arat epb xsaveopt pln pts dtherm tpr_shadow vnmi flexpriority ept vpid
bogomips	: 4789.07
clflush size	: 64
cache_alignment	: 64
address sizes	: 36 bits physical, 48 bits virtual
power management:

processor	: 1
vendor_id	: GenuineIntel
cpu family	: 6
model		: 42
model name	: Intel(R) Core(TM) i3-2370M CPU @ 2.40GHz
stepping	: 7
microcode	: 0x25
cpu MHz		: 2400.000
cache size	: 3072 KB
physical id	: 0
siblings	: 4
core id		: 0
cpu cores	: 2
apicid		: 1
initial apicid	: 1
fdiv_bug	: no
hlt_bug		: no
f00f_bug	: no
coma_bug	: no
fpu		: yes
fpu_exception	: yes
cpuid level	: 13
wp		: yes
flags		: fpu vme de pse tsc msr pae mce cx8 apic sep mtrr pge mca cmov pat pse36 clflush dts acpi mmx fxsr sse sse2 ss ht tm pbe nx rdtscp lm constant_tsc arch_perfmon pebs bts xtopology nonstop_tsc aperfmperf eagerfpu pni pclmulqdq dtes64 monitor ds_cpl vmx est tm2 ssse3 cx16 xtpr pdcm pcid sse4_1 sse4_2 x2apic popcnt tsc_deadline_timer xsave avx lahf_lm arat epb xsaveopt pln pts dtherm tpr_shadow vnmi flexpriority ept vpid
bogomips	: 4789.07
clflush size	: 64
cache_alignment	: 64
address sizes	: 36 bits physical, 48 bits virtual
power management:

processor	: 2
vendor_id	: GenuineIntel
cpu family	: 6
model		: 42
model name	: Intel(R) Core(TM) i3-2370M CPU @ 2.40GHz
stepping	: 7
microcode	: 0x25
cpu MHz		: 2400.000
cache size	: 3072 KB
physical id	: 0
siblings	: 4
core id		: 1
cpu cores	: 2
apicid		: 2
initial apicid	: 2
fdiv_bug	: no
hlt_bug		: no
f00f_bug	: no
coma_bug	: no
fpu		: yes
fpu_exception	: yes
cpuid level	: 13
wp		: yes
flags		: fpu vme de pse tsc msr pae mce cx8 apic sep mtrr pge mca cmov pat pse36 clflush dts acpi mmx fxsr sse sse2 ss ht tm pbe nx rdtscp lm constant_tsc arch_perfmon pebs bts xtopology nonstop_tsc aperfmperf eagerfpu pni pclmulqdq dtes64 monitor ds_cpl vmx est tm2 ssse3 cx16 xtpr pdcm pcid sse4_1 sse4_2 x2apic popcnt tsc_deadline_timer xsave avx lahf_lm arat epb xsaveopt pln pts dtherm tpr_shadow vnmi flexpriority ept vpid
bogomips	: 4789.07
clflush size	: 64
cache_alignment	: 64
address sizes	: 36 bits physical, 48 bits virtual
power management:

processor	: 3
vendor_id	: GenuineIntel
cpu family	: 6
model		: 42
model name	: Intel(R) Core(TM) i3-2370M CPU @ 2.40GHz
stepping	: 7
microcode	: 0x25
cpu MHz		: 800.000
cache size	: 3072 KB
physical id	: 0
siblings	: 4
core id		: 1
cpu cores	: 2
apicid		: 3
initial apicid	: 3
fdiv_bug	: no
hlt_bug		: no
f00f_bug	: no
coma_bug	: no
fpu		: yes
fpu_exception	: yes
cpuid level	: 13
wp		: yes
flags		: fpu vme de pse tsc msr pae mce cx8 apic sep mtrr pge mca cmov pat pse36 clflush dts acpi mmx fxsr sse sse2 ss ht tm pbe nx rdtscp lm constant_tsc arch_perfmon pebs bts xtopology nonstop_tsc aperfmperf eagerfpu pni pclmulqdq dtes64 monitor ds_cpl vmx est tm2 ssse3 cx16 xtpr pdcm pcid sse4_1 sse4_2 x2apic popcnt tsc_deadline_timer xsave avx lahf_lm arat epb xsaveopt pln pts dtherm tpr_shadow vnmi flexpriority ept vpid
bogomips	: 4789.07
clflush size	: 64
cache_alignment	: 64
address sizes	: 36 bits physical, 48 bits virtual
power management:



Memory: 4k page, physical 3975340k(1869188k free), swap 2047996k(1945352k free)

vm_info: OpenJDK Server VM (23.7-b01) for linux-x86 JRE (1.7.0_21-b02), built on Apr 22 2013 07:41:32 by "buildd" with gcc 4.7.3

time: Sun Oct 27 23:36:32 2013
elapsed time: 11 seconds

