#
# A fatal error has been detected by the Java Runtime Environment:
#
#  SIGSEGV (0xb) at pc=0xb76a7f98, pid=17298, tid=1733163840
#
# JRE version: 7.0_21-b02
# Java VM: OpenJDK Server VM (23.7-b01 mixed mode linux-x86 )
# Problematic frame:
# C  [libc.so.6+0x12ef98]  _IO_file_underflow+0x68
#
# Failed to write core dump. Core dumps have been disabled. To enable core dumping, try "ulimit -c unlimited" before starting Java again
#
# If you would like to submit a bug report, please include
# instructions on how to reproduce the bug and visit:
#   https://bugs.launchpad.net/ubuntu/+source/openjdk-7/
#

---------------  T H R E A D  ---------------

Current thread is native thread

siginfo:si_signo=SIGSEGV: si_errno=0, si_code=1 (SEGV_MAPERR), si_addr=0x00000037

Registers:
EAX=0x67b05000, EBX=0xb7728000, ECX=0xffffffff, EDX=0x00001000
ESP=0x674dcda0, EBP=0x00000001, ESI=0x6e25fcb0, EDI=0x674dfb40
EIP=0xb76a7f98, EFLAGS=0x00210206, CR2=0x00000037

Top of Stack: (sp=0x674dcda0)
0x674dcda0:   6e25fcb0 67b05000 00001000 b7728000
0x674dcdb0:   6e25fcb0 b7728000 6e25fcb0 b75ecda9
0x674dcdc0:   6e25fcb0 b75df57a b7728000 b7728000
0x674dcdd0:   6e25fcb0 674dfb40 6e25fcb0 b75ecbdb
0x674dcde0:   6e25fcb0 ffffffff 63340649 6335f000
0x674dcdf0:   b75df5d7 b7728000 6e25fcb0 b75e2ebc
0x674dce00:   6e25fcb0 6335622a 00000001 6335f000
0x674dce10:   6335f000 6e259310 6e259d30 63349d8c 

Instructions: (pc=0xb76a7f98)
0xb76a7f78:   4c 89 46 04 29 c2 89 46 0c 89 46 08 89 46 18 89
0xb76a7f88:   46 14 89 46 10 89 54 24 08 89 44 24 04 89 34 24
0xb76a7f98:   ff 51 38 83 f8 00 7e 38 8b 56 40 01 46 08 83 fa
0xb76a7fa8:   ff 74 05 01 d0 89 46 40 8b 46 04 0f b6 00 83 c4 

Register to memory mapping:

EAX=0x67b05000 is an unknown value
EBX=0xb7728000: <offset 0x1af000> in /lib/i386-linux-gnu/libc.so.6 at 0xb7579000
ECX=0xffffffff is an unknown value
EDX=0x00001000 is an unknown value
ESP=0x674dcda0 is an unknown value
EBP=0x00000001 is an unknown value
ESI=0x6e25fcb0 is an unknown value
EDI=0x674dfb40 is an unknown value


Stack: [0x6745f000,0x674e0000],  sp=0x674dcda0,  free space=503k
Native frames: (J=compiled Java code, j=interpreted, Vv=VM code, C=native code)
C  [libc.so.6+0x12ef98]  _IO_file_underflow+0x68


---------------  P R O C E S S  ---------------

VM state:not at safepoint (normal execution)

VM Mutex/Monitor currently owned by a thread: None

Heap
 PSYoungGen      total 19392K, used 7616K [0x9efe0000, 0xa0890000, 0xb33e0000)
  eden space 14528K, 48% used [0x9efe0000,0x9f6d27e8,0x9fe10000)
  from space 4864K, 10% used [0x9fe60000,0x9fedd8e0,0xa0320000)
  to   space 5376K, 0% used [0xa0350000,0xa0350000,0xa0890000)
 ParOldGen       total 41472K, used 7704K [0x767e0000, 0x79060000, 0x9efe0000)
  object space 41472K, 18% used [0x767e0000,0x76f66100,0x79060000)
 PSPermGen       total 16384K, used 14916K [0x6e7e0000, 0x6f7e0000, 0x767e0000)
  object space 16384K, 91% used [0x6e7e0000,0x6f6710e8,0x6f7e0000)

Card table byte_map: [0x6e5b9000,0x6e7e0000] byte_map_base: 0x6e245100

Polling page: 0xb7735000

Code Cache  [0xb34ac000, 0xb36ec000, 0xb64ac000)
 total_blobs=681 nmethods=413 adapters=220 free_code_cache=47924Kb largest_free_block=49040704

Compilation events (10 events):
Event: 30.489 Thread 0x6adfc800 nmethod 442 0xb35d3348 code [0xb35d3460, 0xb35d36b0]
Event: 30.499 Thread 0x6adfc800  443   !         com.sun.jna.Structure::ensureAllocated (75 bytes)
Event: 30.504 Thread 0x6adfc800 nmethod 443 0xb35d9c88 code [0xb35d9d80, 0xb35d9e90]
Event: 30.504 Thread 0x6adfe800 nmethod 440 0xb35e4448 code [0xb35e46a0, 0xb35e5c40]
Event: 30.603 Thread 0x6adfc800  444             sun.reflect.UnsafeIntegerFieldAccessorImpl::get (13 bytes)
Event: 30.603 Thread 0x6adfe800  445             sun.reflect.UnsafeIntegerFieldAccessorImpl::getInt (17 bytes)
Event: 30.605 Thread 0x6adfe800 nmethod 445 0xb35e2908 code [0xb35e2a00, 0xb35e2afc]
Event: 30.606 Thread 0x6adfc800 nmethod 444 0xb35e3fc8 code [0xb35e40e0, 0xb35e423c]
Event: 30.726 Thread 0x6adfe800  446             java.util.concurrent.atomic.AtomicInteger::get (5 bytes)
Event: 30.727 Thread 0x6adfe800 nmethod 446 0xb35e3e48 code [0xb35e3f20, 0xb35e3f70]

GC Heap History (10 events):
Event: 11.286 GC heap before
{Heap before GC invocations=3 (full 0):
 PSYoungGen      total 18112K, used 18105K [0x9efe0000, 0xa0410000, 0xb33e0000)
  eden space 15552K, 100% used [0x9efe0000,0x9ff10000,0x9ff10000)
  from space 2560K, 99% used [0xa0190000,0xa040e498,0xa0410000)
  to   space 2560K, 0% used [0x9ff10000,0x9ff10000,0xa0190000)
 ParOldGen       total 41472K, used 3374K [0x767e0000, 0x79060000, 0x9efe0000)
  object space 41472K, 8% used [0x767e0000,0x76b2bba0,0x79060000)
 PSPermGen       total 16384K, used 14853K [0x6e7e0000, 0x6f7e0000, 0x767e0000)
  object space 16384K, 90% used [0x6e7e0000,0x6f661758,0x6f7e0000)
Event: 11.297 GC heap after
Heap after GC invocations=3 (full 0):
 PSYoungGen      total 18112K, used 2553K [0x9efe0000, 0xa0410000, 0xb33e0000)
  eden space 15552K, 0% used [0x9efe0000,0x9efe0000,0x9ff10000)
  from space 2560K, 99% used [0x9ff10000,0xa018e498,0xa0190000)
  to   space 2560K, 0% used [0xa0190000,0xa0190000,0xa0410000)
 ParOldGen       total 41472K, used 4170K [0x767e0000, 0x79060000, 0x9efe0000)
  object space 41472K, 10% used [0x767e0000,0x76bf2a90,0x79060000)
 PSPermGen       total 16384K, used 14853K [0x6e7e0000, 0x6f7e0000, 0x767e0000)
  object space 16384K, 90% used [0x6e7e0000,0x6f661758,0x6f7e0000)
}
Event: 20.376 GC heap before
{Heap before GC invocations=4 (full 0):
 PSYoungGen      total 18112K, used 18105K [0x9efe0000, 0xa0410000, 0xb33e0000)
  eden space 15552K, 100% used [0x9efe0000,0x9ff10000,0x9ff10000)
  from space 2560K, 99% used [0x9ff10000,0xa018e498,0xa0190000)
  to   space 2560K, 0% used [0xa0190000,0xa0190000,0xa0410000)
 ParOldGen       total 41472K, used 4170K [0x767e0000, 0x79060000, 0x9efe0000)
  object space 41472K, 10% used [0x767e0000,0x76bf2a90,0x79060000)
 PSPermGen       total 16384K, used 14871K [0x6e7e0000, 0x6f7e0000, 0x767e0000)
  object space 16384K, 90% used [0x6e7e0000,0x6f665c10,0x6f7e0000)
Event: 20.383 GC heap after
Heap after GC invocations=4 (full 0):
 PSYoungGen      total 18112K, used 2557K [0x9efe0000, 0xa0410000, 0xb33e0000)
  eden space 15552K, 0% used [0x9efe0000,0x9efe0000,0x9ff10000)
  from space 2560K, 99% used [0xa0190000,0xa040f630,0xa0410000)
  to   space 2560K, 0% used [0x9ff10000,0x9ff10000,0xa0190000)
 ParOldGen       total 41472K, used 4716K [0x767e0000, 0x79060000, 0x9efe0000)
  object space 41472K, 11% used [0x767e0000,0x76c7b090,0x79060000)
 PSPermGen       total 16384K, used 14871K [0x6e7e0000, 0x6f7e0000, 0x767e0000)
  object space 16384K, 90% used [0x6e7e0000,0x6f665c10,0x6f7e0000)
}
Event: 25.272 GC heap before
{Heap before GC invocations=5 (full 0):
 PSYoungGen      total 18112K, used 18109K [0x9efe0000, 0xa0410000, 0xb33e0000)
  eden space 15552K, 100% used [0x9efe0000,0x9ff10000,0x9ff10000)
  from space 2560K, 99% used [0xa0190000,0xa040f630,0xa0410000)
  to   space 2560K, 0% used [0x9ff10000,0x9ff10000,0xa0190000)
 ParOldGen       total 41472K, used 4716K [0x767e0000, 0x79060000, 0x9efe0000)
  object space 41472K, 11% used [0x767e0000,0x76c7b090,0x79060000)
 PSPermGen       total 16384K, used 14887K [0x6e7e0000, 0x6f7e0000, 0x767e0000)
  object space 16384K, 90% used [0x6e7e0000,0x6f669cb0,0x6f7e0000)
Event: 25.285 GC heap after
Heap after GC invocations=5 (full 0):
 PSYoungGen      total 17728K, used 2557K [0x9efe0000, 0xa0850000, 0xb33e0000)
  eden space 15168K, 0% used [0x9efe0000,0x9efe0000,0x9feb0000)
  from space 2560K, 99% used [0x9ff10000,0xa018f730,0xa0190000)
  to   space 4928K, 0% used [0xa0380000,0xa0380000,0xa0850000)
 ParOldGen       total 41472K, used 5239K [0x767e0000, 0x79060000, 0x9efe0000)
  object space 41472K, 12% used [0x767e0000,0x76cfddb0,0x79060000)
 PSPermGen       total 16384K, used 14887K [0x6e7e0000, 0x6f7e0000, 0x767e0000)
  object space 16384K, 90% used [0x6e7e0000,0x6f669cb0,0x6f7e0000)
}
Event: 28.944 GC heap before
{Heap before GC invocations=6 (full 0):
 PSYoungGen      total 17728K, used 17725K [0x9efe0000, 0xa0850000, 0xb33e0000)
  eden space 15168K, 100% used [0x9efe0000,0x9feb0000,0x9feb0000)
  from space 2560K, 99% used [0x9ff10000,0xa018f730,0xa0190000)
  to   space 4928K, 0% used [0xa0380000,0xa0380000,0xa0850000)
 ParOldGen       total 41472K, used 5239K [0x767e0000, 0x79060000, 0x9efe0000)
  object space 41472K, 12% used [0x767e0000,0x76cfddb0,0x79060000)
 PSPermGen       total 16384K, used 14891K [0x6e7e0000, 0x6f7e0000, 0x767e0000)
  object space 16384K, 90% used [0x6e7e0000,0x6f66acb0,0x6f7e0000)
Event: 28.958 GC heap after
Heap after GC invocations=6 (full 0):
 PSYoungGen      total 19328K, used 2871K [0x9efe0000, 0xa07e0000, 0xb33e0000)
  eden space 14848K, 0% used [0x9efe0000,0x9efe0000,0x9fe60000)
  from space 4480K, 64% used [0xa0380000,0xa064dc68,0xa07e0000)
  to   space 4864K, 0% used [0x9fe60000,0x9fe60000,0xa0320000)
 ParOldGen       total 41472K, used 5239K [0x767e0000, 0x79060000, 0x9efe0000)
  object space 41472K, 12% used [0x767e0000,0x76cfddb0,0x79060000)
 PSPermGen       total 16384K, used 14891K [0x6e7e0000, 0x6f7e0000, 0x767e0000)
  object space 16384K, 90% used [0x6e7e0000,0x6f66acb0,0x6f7e0000)
}
Event: 30.462 GC heap before
{Heap before GC invocations=7 (full 0):
 PSYoungGen      total 19328K, used 17719K [0x9efe0000, 0xa07e0000, 0xb33e0000)
  eden space 14848K, 100% used [0x9efe0000,0x9fe60000,0x9fe60000)
  from space 4480K, 64% used [0xa0380000,0xa064dc68,0xa07e0000)
  to   space 4864K, 0% used [0x9fe60000,0x9fe60000,0xa0320000)
 ParOldGen       total 41472K, used 5239K [0x767e0000, 0x79060000, 0x9efe0000)
  object space 41472K, 12% used [0x767e0000,0x76cfddb0,0x79060000)
 PSPermGen       total 16384K, used 14911K [0x6e7e0000, 0x6f7e0000, 0x767e0000)
  object space 16384K, 91% used [0x6e7e0000,0x6f66fdd8,0x6f7e0000)
Event: 30.475 GC heap after
Heap after GC invocations=7 (full 0):
 PSYoungGen      total 19392K, used 502K [0x9efe0000, 0xa0890000, 0xb33e0000)
  eden space 14528K, 0% used [0x9efe0000,0x9efe0000,0x9fe10000)
  from space 4864K, 10% used [0x9fe60000,0x9fedd8e0,0xa0320000)
  to   space 5376K, 0% used [0xa0350000,0xa0350000,0xa0890000)
 ParOldGen       total 41472K, used 7704K [0x767e0000, 0x79060000, 0x9efe0000)
  object space 41472K, 18% used [0x767e0000,0x76f66100,0x79060000)
 PSPermGen       total 16384K, used 14911K [0x6e7e0000, 0x6f7e0000, 0x767e0000)
  object space 16384K, 91% used [0x6e7e0000,0x6f66fdd8,0x6f7e0000)
}

Deoptimization events (10 events):
Event: 25.268 Thread 0x6e249800 Uncommon trap -12 fr.pc 0xb35bdca8
Event: 25.269 Thread 0x6e249800 Uncommon trap -12 fr.pc 0xb35b366c
Event: 25.271 Thread 0x6e249800 Uncommon trap -12 fr.pc 0xb35c10f8
Event: 25.287 Thread 0x6e249800 Uncommon trap -12 fr.pc 0xb35c42f4
Event: 25.288 Thread 0x6e249800 Uncommon trap -12 fr.pc 0xb35ca080
Event: 25.530 Thread 0x6e24cc00 Uncommon trap -12 fr.pc 0xb35c87f0
Event: 26.634 Thread 0x67a0b800 Uncommon trap -83 fr.pc 0xb353c4a4
Event: 26.634 Thread 0x67a0b800 Uncommon trap -83 fr.pc 0xb35a147c
Event: 26.634 Thread 0x67a0b800 Uncommon trap -83 fr.pc 0xb3520394
Event: 30.342 Thread 0x67a0b800 Uncommon trap -12 fr.pc 0xb35d5194

Internal exceptions (10 events):
Event: 5.026 Thread 0x6e21d800 Threw 0x9f56f608 at /build/buildd/openjdk-7-7u21-2.3.9/build/openjdk/hotspot/src/share/vm/prims/jvm.cpp:1166
Event: 5.034 Thread 0x6e21d800 Threw 0x9f597678 at /build/buildd/openjdk-7-7u21-2.3.9/build/openjdk/hotspot/src/share/vm/prims/jvm.cpp:1166
Event: 23.670 Thread 0x6e248800 Threw 0x9fc4fb38 at /build/buildd/openjdk-7-7u21-2.3.9/build/openjdk/hotspot/src/share/vm/prims/jvm.cpp:1166
Event: 25.268 Thread 0x6e249800 Implicit null exception at 0xb35bd598 to 0xb35bdc9d
Event: 25.269 Thread 0x6e249800 Implicit null exception at 0xb35b330a to 0xb35b3661
Event: 25.271 Thread 0x6e249800 Implicit null exception at 0xb35c09b4 to 0xb35c10ed
Event: 25.287 Thread 0x6e249800 Implicit null exception at 0xb35c3b80 to 0xb35c42e1
Event: 25.288 Thread 0x6e249800 Implicit null exception at 0xb35c9900 to 0xb35ca06d
Event: 25.530 Thread 0x6e24cc00 Implicit null exception at 0xb35c8482 to 0xb35c87e5
Event: 26.634 Thread 0x67a0b800 Implicit null exception at 0xb35202c7 to 0xb3520389

Events (10 events):
Event: 30.725 Thread 0x6e249800 Thread added: 0x6e249800
Event: 30.726 Thread 0x6e249800 Thread exited: 0x6e249800
Event: 30.738 Thread 0x6e249800 Thread added: 0x6e249800
Event: 30.740 Thread 0x6e249800 Thread exited: 0x6e249800
Event: 30.740 Thread 0x6e249800 Thread added: 0x6e249800
Event: 30.741 Thread 0x6e249800 Thread exited: 0x6e249800
Event: 30.742 Thread 0x6e249800 Thread added: 0x6e249800
Event: 30.743 Thread 0x6e249800 Thread exited: 0x6e249800
Event: 30.743 Thread 0x6e249800 Thread added: 0x6e249800
Event: 30.743 Thread 0x6e249800 Thread exited: 0x6e249800


Dynamic libraries:
08048000-08049000 r-xp 00000000 08:06 1708580    /usr/lib/jvm/java-7-openjdk-i386/jre/bin/java
08049000-0804a000 r--p 00000000 08:06 1708580    /usr/lib/jvm/java-7-openjdk-i386/jre/bin/java
0804a000-0804b000 rw-p 00001000 08:06 1708580    /usr/lib/jvm/java-7-openjdk-i386/jre/bin/java
080f5000-081cd000 rw-p 00000000 00:00 0          [heap]
5efa6000-5f35f000 rw-s 00000000 00:04 198377635  /SYSV00000000 (deleted)
63333000-6335e000 r-xp 00000000 08:06 1706469    /usr/lib/i386-linux-gnu/liblua5.1.so.0.0.0
6335e000-6335f000 r--p 0002b000 08:06 1706469    /usr/lib/i386-linux-gnu/liblua5.1.so.0.0.0
6335f000-63360000 rw-p 0002c000 08:06 1706469    /usr/lib/i386-linux-gnu/liblua5.1.so.0.0.0
63360000-63361000 ---p 00000000 00:00 0 
63361000-63b61000 rw-p 00000000 00:00 0 
63b9c000-63bc6000 r-xp 00000000 08:06 405608     /usr/lib/vlc/plugins/lua/liblua_plugin.so
63bc6000-63bc7000 r--p 0002a000 08:06 405608     /usr/lib/vlc/plugins/lua/liblua_plugin.so
63bc7000-63bc8000 rw-p 0002b000 08:06 405608     /usr/lib/vlc/plugins/lua/liblua_plugin.so
63bc8000-63bca000 r-xp 00000000 08:06 280628     /usr/lib/vlc/plugins/demux/libnsc_plugin.so
63bca000-63bcb000 r--p 00001000 08:06 280628     /usr/lib/vlc/plugins/demux/libnsc_plugin.so
63bcb000-63bcc000 rw-p 00002000 08:06 280628     /usr/lib/vlc/plugins/demux/libnsc_plugin.so
63bcc000-63bce000 r-xp 00000000 08:06 280611     /usr/lib/vlc/plugins/demux/libdemux_cdg_plugin.so
63bce000-63bcf000 r--p 00001000 08:06 280611     /usr/lib/vlc/plugins/demux/libdemux_cdg_plugin.so
63bcf000-63bd0000 rw-p 00002000 08:06 280611     /usr/lib/vlc/plugins/demux/libdemux_cdg_plugin.so
63bd0000-63be2000 r-xp 00000000 08:06 1720553    /usr/lib/libdvbpsi.so.7.0.0
63be2000-63be3000 r--p 00011000 08:06 1720553    /usr/lib/libdvbpsi.so.7.0.0
63be3000-63be4000 rw-p 00012000 08:06 1720553    /usr/lib/libdvbpsi.so.7.0.0
63be5000-63be7000 r-xp 00000000 08:06 280631     /usr/lib/vlc/plugins/demux/librawdv_plugin.so
63be7000-63be8000 r--p 00001000 08:06 280631     /usr/lib/vlc/plugins/demux/librawdv_plugin.so
63be8000-63be9000 rw-p 00002000 08:06 280631     /usr/lib/vlc/plugins/demux/librawdv_plugin.so
63be9000-63bf1000 r-xp 00000000 08:06 280637     /usr/lib/vlc/plugins/demux/libty_plugin.so
63bf1000-63bf2000 r--p 00007000 08:06 280637     /usr/lib/vlc/plugins/demux/libty_plugin.so
63bf2000-63bf3000 rw-p 00008000 08:06 280637     /usr/lib/vlc/plugins/demux/libty_plugin.so
63bf3000-63bfb000 r-xp 00000000 08:06 280651     /usr/lib/vlc/plugins/demux/libps_plugin.so
63bfb000-63bfc000 r--p 00007000 08:06 280651     /usr/lib/vlc/plugins/demux/libps_plugin.so
63bfc000-63bfd000 rw-p 00008000 08:06 280651     /usr/lib/vlc/plugins/demux/libps_plugin.so
63bfd000-63c48000 r-xp 00000000 08:06 1703839    /usr/lib/libmodplug.so.1.0.0
63c48000-63c49000 ---p 0004b000 08:06 1703839    /usr/lib/libmodplug.so.1.0.0
63c49000-63c4a000 r--p 0004b000 08:06 1703839    /usr/lib/libmodplug.so.1.0.0
63c4a000-63c4b000 rw-p 0004c000 08:06 1703839    /usr/lib/libmodplug.so.1.0.0
63c4b000-63ccf000 rw-p 00000000 00:00 0 
63cd1000-63ce6000 r-xp 00000000 08:06 280622     /usr/lib/vlc/plugins/demux/libts_plugin.so
63ce6000-63ce7000 r--p 00014000 08:06 280622     /usr/lib/vlc/plugins/demux/libts_plugin.so
63ce7000-63ce8000 rw-p 00015000 08:06 280622     /usr/lib/vlc/plugins/demux/libts_plugin.so
63ce8000-63d46000 r-xp 00000000 08:06 280623     /usr/lib/vlc/plugins/demux/liblive555_plugin.so
63d46000-63d47000 ---p 0005e000 08:06 280623     /usr/lib/vlc/plugins/demux/liblive555_plugin.so
63d47000-63d4a000 r--p 0005e000 08:06 280623     /usr/lib/vlc/plugins/demux/liblive555_plugin.so
63d4a000-63d4f000 rw-p 00061000 08:06 280623     /usr/lib/vlc/plugins/demux/liblive555_plugin.so
63d4f000-63d50000 rw-p 00000000 00:00 0 
63d50000-63d6e000 r-xp 00000000 08:06 1720529    /usr/lib/i386-linux-gnu/libebml.so.3
63d6e000-63d6f000 r--p 0001d000 08:06 1720529    /usr/lib/i386-linux-gnu/libebml.so.3
63d6f000-63d70000 rw-p 0001e000 08:06 1720529    /usr/lib/i386-linux-gnu/libebml.so.3
63d70000-63d71000 rw-p 00000000 00:00 0 
63d71000-63df6000 r-xp 00000000 08:06 1720530    /usr/lib/i386-linux-gnu/libmatroska.so.5
63df6000-63dfc000 r--p 00085000 08:06 1720530    /usr/lib/i386-linux-gnu/libmatroska.so.5
63dfc000-63dfd000 rw-p 0008b000 08:06 1720530    /usr/lib/i386-linux-gnu/libmatroska.so.5
63dfd000-64a00000 rw-p 00000000 00:00 0 
64a00000-64a49000 rw-p 00000000 00:00 0 
64a49000-64b00000 ---p 00000000 00:00 0 
64b03000-64b06000 r-xp 00000000 08:06 280615     /usr/lib/vlc/plugins/demux/libmjpeg_plugin.so
64b06000-64b07000 r--p 00002000 08:06 280615     /usr/lib/vlc/plugins/demux/libmjpeg_plugin.so
64b07000-64b08000 rw-p 00003000 08:06 280615     /usr/lib/vlc/plugins/demux/libmjpeg_plugin.so
64b08000-64b1d000 r-xp 00000000 08:06 280613     /usr/lib/vlc/plugins/demux/libplaylist_plugin.so
64b1d000-64b1e000 r--p 00014000 08:06 280613     /usr/lib/vlc/plugins/demux/libplaylist_plugin.so
64b1e000-64b1f000 rw-p 00015000 08:06 280613     /usr/lib/vlc/plugins/demux/libplaylist_plugin.so
64b1f000-64b62000 r-xp 00000000 08:06 280645     /usr/lib/vlc/plugins/demux/libmkv_plugin.so
64b62000-64b64000 r--p 00042000 08:06 280645     /usr/lib/vlc/plugins/demux/libmkv_plugin.so
64b64000-64b65000 rw-p 00044000 08:06 280645     /usr/lib/vlc/plugins/demux/libmkv_plugin.so
64b65000-64b9d000 r-xp 00000000 08:06 1720563    /usr/lib/libsidplay2.so.1.0.1
64b9d000-64b9e000 ---p 00038000 08:06 1720563    /usr/lib/libsidplay2.so.1.0.1
64b9e000-64b9f000 r--p 00038000 08:06 1720563    /usr/lib/libsidplay2.so.1.0.1
64b9f000-64ba0000 rw-p 00039000 08:06 1720563    /usr/lib/libsidplay2.so.1.0.1
64ba0000-64e7f000 r-xp 00000000 08:06 1705842    /usr/lib/i386-linux-gnu/libQtCore.so.4.8.4
64e7f000-64e86000 r--p 002de000 08:06 1705842    /usr/lib/i386-linux-gnu/libQtCore.so.4.8.4
64e86000-64e87000 rw-p 002e5000 08:06 1705842    /usr/lib/i386-linux-gnu/libQtCore.so.4.8.4
64e87000-64e88000 rw-p 00000000 00:00 0 
64e88000-65930000 r-xp 00000000 08:06 1705851    /usr/lib/i386-linux-gnu/libQtGui.so.4.8.4
65930000-65952000 r--p 00aa7000 08:06 1705851    /usr/lib/i386-linux-gnu/libQtGui.so.4.8.4
65952000-65956000 rw-p 00ac9000 08:06 1705851    /usr/lib/i386-linux-gnu/libQtGui.so.4.8.4
65956000-65959000 rw-p 00000000 00:00 0 
65959000-65b6e000 r-xp 00000000 08:06 407152     /usr/lib/vlc/plugins/gui/libqt4_plugin.so
65b6e000-65b6f000 ---p 00215000 08:06 407152     /usr/lib/vlc/plugins/gui/libqt4_plugin.so
65b6f000-65b7b000 r--p 00215000 08:06 407152     /usr/lib/vlc/plugins/gui/libqt4_plugin.so
65b7b000-65b7d000 rw-p 00221000 08:06 407152     /usr/lib/vlc/plugins/gui/libqt4_plugin.so
65b7d000-65b7e000 rw-p 00000000 00:00 0 
65b7e000-65b84000 r-xp 00000000 08:06 1706531    /usr/lib/i386-linux-gnu/libogg.so.0.8.0
65b84000-65b85000 r--p 00005000 08:06 1706531    /usr/lib/i386-linux-gnu/libogg.so.0.8.0
65b85000-65b86000 rw-p 00006000 08:06 1706531    /usr/lib/i386-linux-gnu/libogg.so.0.8.0
65b86000-65baf000 r-xp 00000000 08:06 1706753    /usr/lib/i386-linux-gnu/libvorbis.so.0.4.5
65baf000-65bb0000 ---p 00029000 08:06 1706753    /usr/lib/i386-linux-gnu/libvorbis.so.0.4.5
65bb0000-65bb1000 r--p 00029000 08:06 1706753    /usr/lib/i386-linux-gnu/libvorbis.so.0.4.5
65bb1000-65bb2000 rw-p 0002a000 08:06 1706753    /usr/lib/i386-linux-gnu/libvorbis.so.0.4.5
65bb2000-65d18000 r-xp 00000000 08:06 1706755    /usr/lib/i386-linux-gnu/libvorbisenc.so.2.0.8
65d18000-65d29000 r--p 00165000 08:06 1706755    /usr/lib/i386-linux-gnu/libvorbisenc.so.2.0.8
65d29000-65d2a000 rw-p 00176000 08:06 1706755    /usr/lib/i386-linux-gnu/libvorbisenc.so.2.0.8
65d2a000-65d78000 r-xp 00000000 08:06 1705817    /usr/lib/i386-linux-gnu/libFLAC.so.8.2.0
65d78000-65d79000 r--p 0004e000 08:06 1705817    /usr/lib/i386-linux-gnu/libFLAC.so.8.2.0
65d79000-65d7a000 rw-p 0004f000 08:06 1705817    /usr/lib/i386-linux-gnu/libFLAC.so.8.2.0
65d7a000-65d7f000 r-xp 00000000 08:06 1705965    /usr/lib/i386-linux-gnu/libasyncns.so.0.3.1
65d7f000-65d80000 r--p 00004000 08:06 1705965    /usr/lib/i386-linux-gnu/libasyncns.so.0.3.1
65d80000-65d81000 rw-p 00005000 08:06 1705965    /usr/lib/i386-linux-gnu/libasyncns.so.0.3.1
65d81000-65dee000 r-xp 00000000 08:06 1706669    /usr/lib/i386-linux-gnu/libsndfile.so.1.0.25
65dee000-65df0000 r--p 0006c000 08:06 1706669    /usr/lib/i386-linux-gnu/libsndfile.so.1.0.25
65df0000-65df1000 rw-p 0006e000 08:06 1706669    /usr/lib/i386-linux-gnu/libsndfile.so.1.0.25
65df1000-65df5000 rw-p 00000000 00:00 0 
65df5000-65dfd000 r-xp 00000000 08:06 262621     /lib/i386-linux-gnu/libwrap.so.0.7.6
65dfd000-65dfe000 r--p 00007000 08:06 262621     /lib/i386-linux-gnu/libwrap.so.0.7.6
65dfe000-65dff000 rw-p 00008000 08:06 262621     /lib/i386-linux-gnu/libwrap.so.0.7.6
65e02000-65e04000 r-xp 00000000 08:06 280629     /usr/lib/vlc/plugins/demux/libmpgv_plugin.so
65e04000-65e05000 r--p 00001000 08:06 280629     /usr/lib/vlc/plugins/demux/libmpgv_plugin.so
65e05000-65e06000 rw-p 00002000 08:06 280629     /usr/lib/vlc/plugins/demux/libmpgv_plugin.so
65e06000-65e09000 r-xp 00000000 08:06 280643     /usr/lib/vlc/plugins/demux/librawvid_plugin.so
65e09000-65e0a000 r--p 00002000 08:06 280643     /usr/lib/vlc/plugins/demux/librawvid_plugin.so
65e0a000-65e0b000 rw-p 00003000 08:06 280643     /usr/lib/vlc/plugins/demux/librawvid_plugin.so
65e0b000-65e10000 r-xp 00000000 08:06 280642     /usr/lib/vlc/plugins/demux/libmod_plugin.so
65e10000-65e11000 r--p 00004000 08:06 280642     /usr/lib/vlc/plugins/demux/libmod_plugin.so
65e11000-65e12000 rw-p 00005000 08:06 280642     /usr/lib/vlc/plugins/demux/libmod_plugin.so
65e12000-65f7c000 r-xp 00000000 08:06 1706644    /usr/lib/i386-linux-gnu/libsamplerate.so.0.1.8
65f7c000-65f7d000 r--p 00169000 08:06 1706644    /usr/lib/i386-linux-gnu/libsamplerate.so.0.1.8
65f7d000-65f7e000 rw-p 0016a000 08:06 1706644    /usr/lib/i386-linux-gnu/libsamplerate.so.0.1.8
65f7e000-65f86000 r-xp 00000000 08:06 262510     /lib/i386-linux-gnu/libjson.so.0.1.0
65f86000-65f87000 r--p 00007000 08:06 262510     /lib/i386-linux-gnu/libjson.so.0.1.0
65f87000-65f88000 rw-p 00008000 08:06 262510     /lib/i386-linux-gnu/libjson.so.0.1.0
65f88000-65ff1000 r-xp 00000000 08:06 1708139    /usr/lib/i386-linux-gnu/pulseaudio/libpulsecommon-3.0.so
65ff1000-65ff2000 r--p 00068000 08:06 1708139    /usr/lib/i386-linux-gnu/pulseaudio/libpulsecommon-3.0.so
65ff2000-65ff3000 rw-p 00069000 08:06 1708139    /usr/lib/i386-linux-gnu/pulseaudio/libpulsecommon-3.0.so
65ff3000-65ff5000 r-xp 00000000 08:06 280612     /usr/lib/vlc/plugins/demux/libau_plugin.so
65ff5000-65ff6000 r--p 00001000 08:06 280612     /usr/lib/vlc/plugins/demux/libau_plugin.so
65ff6000-65ff7000 rw-p 00002000 08:06 280612     /usr/lib/vlc/plugins/demux/libau_plugin.so
65ff7000-66003000 r-xp 00000000 08:06 1720560    /usr/lib/libresid-builder.so.0.0.1
66003000-66004000 r--p 0000b000 08:06 1720560    /usr/lib/libresid-builder.so.0.0.1
66004000-66025000 rw-p 0000c000 08:06 1720560    /usr/lib/libresid-builder.so.0.0.1
66025000-66027000 r-xp 00000000 08:06 280616     /usr/lib/vlc/plugins/demux/libaiff_plugin.so
66027000-66028000 r--p 00001000 08:06 280616     /usr/lib/vlc/plugins/demux/libaiff_plugin.so
66028000-66029000 rw-p 00002000 08:06 280616     /usr/lib/vlc/plugins/demux/libaiff_plugin.so
66029000-6603c000 r-xp 00000000 08:06 280625     /usr/lib/vlc/plugins/demux/libogg_plugin.so
6603c000-6603d000 r--p 00012000 08:06 280625     /usr/lib/vlc/plugins/demux/libogg_plugin.so
6603d000-6603e000 rw-p 00013000 08:06 280625     /usr/lib/vlc/plugins/demux/libogg_plugin.so
6603e000-6603f000 ---p 00000000 00:00 0 
6603f000-660bf000 rw-p 00000000 00:00 0          [stack:17335]
660bf000-6610b000 r-xp 00000000 08:06 1706602    /usr/lib/i386-linux-gnu/libpulse.so.0.15.3
6610b000-6610c000 ---p 0004c000 08:06 1706602    /usr/lib/i386-linux-gnu/libpulse.so.0.15.3
6610c000-6610d000 r--p 0004c000 08:06 1706602    /usr/lib/i386-linux-gnu/libpulse.so.0.15.3
6610d000-6610e000 rw-p 0004d000 08:06 1706602    /usr/lib/i386-linux-gnu/libpulse.so.0.15.3
6610e000-661fb000 r-xp 00000000 08:06 1771845    /usr/lib/i386-linux-gnu/libasound.so.2.0.0
661fb000-661ff000 r--p 000ec000 08:06 1771845    /usr/lib/i386-linux-gnu/libasound.so.2.0.0
661ff000-66200000 rw-p 000f0000 08:06 1771845    /usr/lib/i386-linux-gnu/libasound.so.2.0.0
66200000-662f7000 rw-p 00000000 00:00 0 
662f7000-66300000 ---p 00000000 00:00 0 
66303000-66306000 r-xp 00000000 08:06 280627     /usr/lib/vlc/plugins/demux/libpva_plugin.so
66306000-66307000 r--p 00002000 08:06 280627     /usr/lib/vlc/plugins/demux/libpva_plugin.so
66307000-66308000 rw-p 00003000 08:06 280627     /usr/lib/vlc/plugins/demux/libpva_plugin.so
66308000-6631e000 r-xp 00000000 08:06 1720189    /usr/lib/i386-linux-gnu/libmad.so.0.2.1
6631e000-6631f000 r--p 00015000 08:06 1720189    /usr/lib/i386-linux-gnu/libmad.so.0.2.1
6631f000-66320000 rw-p 00016000 08:06 1720189    /usr/lib/i386-linux-gnu/libmad.so.0.2.1
66320000-66323000 ---p 00000000 00:00 0 
66323000-66371000 rw-p 00000000 00:00 0          [stack:17336]
66371000-663c9000 r-xp 00000000 08:06 1722219    /usr/lib/i386-linux-gnu/libXt.so.6.0.0
663c9000-663ca000 r--p 00058000 08:06 1722219    /usr/lib/i386-linux-gnu/libXt.so.6.0.0
663ca000-663cd000 rw-p 00059000 08:06 1722219    /usr/lib/i386-linux-gnu/libXt.so.6.0.0
663cd000-663e3000 r-xp 00000000 08:06 1705827    /usr/lib/i386-linux-gnu/libICE.so.6.3.0
663e3000-663e4000 r--p 00015000 08:06 1705827    /usr/lib/i386-linux-gnu/libICE.so.6.3.0
663e4000-663e5000 rw-p 00016000 08:06 1705827    /usr/lib/i386-linux-gnu/libICE.so.6.3.0
663e5000-663e7000 rw-p 00000000 00:00 0 
663e7000-663fe000 r-xp 00000000 08:06 1705975    /usr/lib/i386-linux-gnu/libaudio.so.2.4
663fe000-663ff000 r--p 00016000 08:06 1705975    /usr/lib/i386-linux-gnu/libaudio.so.2.4
663ff000-66400000 rw-p 00017000 08:06 1705975    /usr/lib/i386-linux-gnu/libaudio.so.2.4
66400000-664a0000 rw-p 00000000 00:00 0 
664a0000-66500000 ---p 00000000 00:00 0 
66501000-66505000 r-xp 00000000 08:06 280634     /usr/lib/vlc/plugins/demux/libimage_plugin.so
66505000-66506000 r--p 00003000 08:06 280634     /usr/lib/vlc/plugins/demux/libimage_plugin.so
66506000-66507000 rw-p 00004000 08:06 280634     /usr/lib/vlc/plugins/demux/libimage_plugin.so
66507000-6650b000 r-xp 00000000 08:06 262619     /lib/i386-linux-gnu/libuuid.so.1.3.0
6650b000-6650c000 r--p 00003000 08:06 262619     /lib/i386-linux-gnu/libuuid.so.1.3.0
6650c000-6650d000 rw-p 00004000 08:06 262619     /lib/i386-linux-gnu/libuuid.so.1.3.0
6650d000-66514000 r-xp 00000000 08:06 1705877    /usr/lib/i386-linux-gnu/libSM.so.6.0.1
66514000-66515000 r--p 00006000 08:06 1705877    /usr/lib/i386-linux-gnu/libSM.so.6.0.1
66515000-66516000 rw-p 00007000 08:06 1705877    /usr/lib/i386-linux-gnu/libSM.so.6.0.1
66516000-66527000 r-xp 00000000 08:06 262615     /lib/i386-linux-gnu/libusb-1.0.so.0.1.0
66527000-66528000 r--p 00010000 08:06 262615     /lib/i386-linux-gnu/libusb-1.0.so.0.1.0
66528000-66529000 rw-p 00011000 08:06 262615     /lib/i386-linux-gnu/libusb-1.0.so.0.1.0
66529000-6656c000 r-xp 00000000 08:06 1706494    /usr/lib/i386-linux-gnu/libmtp.so.9.0.5
6656c000-6656f000 r--p 00043000 08:06 1706494    /usr/lib/i386-linux-gnu/libmtp.so.9.0.5
6656f000-66576000 rw-p 00046000 08:06 1706494    /usr/lib/i386-linux-gnu/libmtp.so.9.0.5
66576000-665fc000 r-xp 00000000 08:06 1720486    /usr/lib/i386-linux-gnu/libdirac_encoder.so.0.1.0
665fc000-665fe000 r--p 00085000 08:06 1720486    /usr/lib/i386-linux-gnu/libdirac_encoder.so.0.1.0
665fe000-665ff000 rw-p 00087000 08:06 1720486    /usr/lib/i386-linux-gnu/libdirac_encoder.so.0.1.0
665ff000-66600000 rw-p 00000000 00:00 0 
66600000-666ec000 rw-p 00000000 00:00 0 
666ec000-66700000 ---p 00000000 00:00 0 
66700000-66703000 r-xp 00000000 08:06 280630     /usr/lib/vlc/plugins/demux/libnsv_plugin.so
66703000-66704000 r--p 00002000 08:06 280630     /usr/lib/vlc/plugins/demux/libnsv_plugin.so
66704000-66705000 rw-p 00003000 08:06 280630     /usr/lib/vlc/plugins/demux/libnsv_plugin.so
66705000-667fa000 r-xp 00000000 08:06 1720541    /usr/lib/libvlccore.so.5.1.1
667fa000-667ff000 r--p 000f5000 08:06 1720541    /usr/lib/libvlccore.so.5.1.1
667ff000-66800000 rw-p 000fa000 08:06 1720541    /usr/lib/libvlccore.so.5.1.1
66800000-668fc000 rw-p 00000000 00:00 0 
668fc000-66900000 ---p 00000000 00:00 0 
66900000-669f0000 rw-p 00000000 00:00 0 
669f0000-66a00000 ---p 00000000 00:00 0 
66a02000-66a05000 r-xp 00000000 08:06 280636     /usr/lib/vlc/plugins/demux/libvoc_plugin.so
66a05000-66a06000 r--p 00002000 08:06 280636     /usr/lib/vlc/plugins/demux/libvoc_plugin.so
66a06000-66a07000 rw-p 00003000 08:06 280636     /usr/lib/vlc/plugins/demux/libvoc_plugin.so
66a07000-66a0a000 r-xp 00000000 08:06 280646     /usr/lib/vlc/plugins/demux/libsmf_plugin.so
66a0a000-66a0b000 r--p 00002000 08:06 280646     /usr/lib/vlc/plugins/demux/libsmf_plugin.so
66a0b000-66a0c000 rw-p 00003000 08:06 280646     /usr/lib/vlc/plugins/demux/libsmf_plugin.so
66a0c000-66a12000 r-xp 00000000 08:06 405627     /usr/lib/vlc/plugins/control/libhotkeys_plugin.so
66a12000-66a13000 r--p 00005000 08:06 405627     /usr/lib/vlc/plugins/control/libhotkeys_plugin.so
66a13000-66a14000 rw-p 00006000 08:06 405627     /usr/lib/vlc/plugins/control/libhotkeys_plugin.so
66a14000-66a19000 r-xp 00000000 08:06 405519     /usr/lib/vlc/plugins/audio_output/libalsa_plugin.so
66a19000-66a1a000 r--p 00004000 08:06 405519     /usr/lib/vlc/plugins/audio_output/libalsa_plugin.so
66a1a000-66a1b000 rw-p 00005000 08:06 405519     /usr/lib/vlc/plugins/audio_output/libalsa_plugin.so
66a1b000-66a35000 r-xp 00000000 08:06 1720543    /usr/lib/libvlc.so.5.3.2
66a35000-66a36000 r--p 00019000 08:06 1720543    /usr/lib/libvlc.so.5.3.2
66a36000-66a37000 rw-p 0001a000 08:06 1720543    /usr/lib/libvlc.so.5.3.2
66a37000-66a4b000 r-xp 00000000 08:06 1441576    /tmp/jna-gene/jna3424759318602921462.tmp (deleted)
66a4b000-66a4c000 rw-p 00014000 08:06 1441576    /tmp/jna-gene/jna3424759318602921462.tmp (deleted)
66a4c000-66a4f000 ---p 00000000 00:00 0 
66a4f000-66a9d000 rw-p 00000000 00:00 0 
66a9d000-66a9f000 r-xp 00000000 08:06 280648     /usr/lib/vlc/plugins/demux/libxa_plugin.so
66a9f000-66aa0000 r--p 00001000 08:06 280648     /usr/lib/vlc/plugins/demux/libxa_plugin.so
66aa0000-66aa1000 rw-p 00002000 08:06 280648     /usr/lib/vlc/plugins/demux/libxa_plugin.so
66aa1000-66aae000 r-xp 00000000 08:06 1720465    /usr/lib/libmpcdec.so.6.1.0
66aae000-66aaf000 r--p 0000c000 08:06 1720465    /usr/lib/libmpcdec.so.6.1.0
66aaf000-66ab1000 rw-p 0000d000 08:06 1720465    /usr/lib/libmpcdec.so.6.1.0
66ab2000-66ab4000 r-xp 00000000 08:06 280619     /usr/lib/vlc/plugins/demux/libdirac_plugin.so
66ab4000-66ab5000 r--p 00001000 08:06 280619     /usr/lib/vlc/plugins/demux/libdirac_plugin.so
66ab5000-66ab6000 rw-p 00002000 08:06 280619     /usr/lib/vlc/plugins/demux/libdirac_plugin.so
66ab6000-66abe000 r-xp 00000000 08:06 405597     /usr/lib/vlc/plugins/services_discovery/libsap_plugin.so
66abe000-66abf000 r--p 00007000 08:06 405597     /usr/lib/vlc/plugins/services_discovery/libsap_plugin.so
66abf000-66ac0000 rw-p 00008000 08:06 405597     /usr/lib/vlc/plugins/services_discovery/libsap_plugin.so
66ac0000-66ac3000 r-xp 00000000 08:06 280641     /usr/lib/vlc/plugins/demux/libsid_plugin.so
66ac3000-66ac4000 r--p 00002000 08:06 280641     /usr/lib/vlc/plugins/demux/libsid_plugin.so
66ac4000-66ac5000 rw-p 00003000 08:06 280641     /usr/lib/vlc/plugins/demux/libsid_plugin.so
66ac5000-66ac8000 r-xp 00000000 08:06 280618     /usr/lib/vlc/plugins/demux/libwav_plugin.so
66ac8000-66ac9000 r--p 00003000 08:06 280618     /usr/lib/vlc/plugins/demux/libwav_plugin.so
66ac9000-66aca000 rw-p 00004000 08:06 280618     /usr/lib/vlc/plugins/demux/libwav_plugin.so
66aca000-66ad4000 r-xp 00000000 08:06 1720240    /usr/lib/liba52-0.7.4.so
66ad4000-66ad5000 r--p 00009000 08:06 1720240    /usr/lib/liba52-0.7.4.so
66ad5000-66ad6000 rw-p 0000a000 08:06 1720240    /usr/lib/liba52-0.7.4.so
66ad6000-66ad7000 rw-p 00000000 00:00 0 
66ad7000-66afc000 r-xp 00000000 08:06 1703665    /usr/lib/libdca.so.0.0.0
66afc000-66afd000 r--p 00024000 08:06 1703665    /usr/lib/libdca.so.0.0.0
66afd000-66afe000 rw-p 00025000 08:06 1703665    /usr/lib/libdca.so.0.0.0
66afe000-66bb5000 r-xp 00000000 08:06 1706695    /usr/lib/i386-linux-gnu/libtag.so.1.12.0
66bb5000-66bb7000 r--p 000b7000 08:06 1706695    /usr/lib/i386-linux-gnu/libtag.so.1.12.0
66bb7000-66bb8000 rw-p 000b9000 08:06 1706695    /usr/lib/i386-linux-gnu/libtag.so.1.12.0
66bbb000-66bbd000 r-xp 00000000 08:06 280650     /usr/lib/vlc/plugins/demux/libtta_plugin.so
66bbd000-66bbe000 r--p 00001000 08:06 280650     /usr/lib/vlc/plugins/demux/libtta_plugin.so
66bbe000-66bbf000 rw-p 00002000 08:06 280650     /usr/lib/vlc/plugins/demux/libtta_plugin.so
66bbf000-66bc3000 r-xp 00000000 08:06 280638     /usr/lib/vlc/plugins/demux/libnuv_plugin.so
66bc3000-66bc4000 r--p 00003000 08:06 280638     /usr/lib/vlc/plugins/demux/libnuv_plugin.so
66bc4000-66bc5000 rw-p 00004000 08:06 280638     /usr/lib/vlc/plugins/demux/libnuv_plugin.so
66bc5000-66bc7000 r-xp 00000000 08:06 280620     /usr/lib/vlc/plugins/demux/libmpc_plugin.so
66bc7000-66bc8000 r--p 00001000 08:06 280620     /usr/lib/vlc/plugins/demux/libmpc_plugin.so
66bc8000-66bc9000 rw-p 00002000 08:06 280620     /usr/lib/vlc/plugins/demux/libmpc_plugin.so
66bc9000-66bcb000 r-xp 00000000 08:06 405491     /usr/lib/vlc/plugins/audio_filter/libsamplerate_plugin.so
66bcb000-66bcc000 r--p 00001000 08:06 405491     /usr/lib/vlc/plugins/audio_filter/libsamplerate_plugin.so
66bcc000-66bcd000 rw-p 00002000 08:06 405491     /usr/lib/vlc/plugins/audio_filter/libsamplerate_plugin.so
66bcd000-66bcf000 r-xp 00000000 08:06 405501     /usr/lib/vlc/plugins/audio_filter/libmpgatofixed32_plugin.so
66bcf000-66bd0000 r--p 00001000 08:06 405501     /usr/lib/vlc/plugins/audio_filter/libmpgatofixed32_plugin.so
66bd0000-66bd1000 rw-p 00002000 08:06 405501     /usr/lib/vlc/plugins/audio_filter/libmpgatofixed32_plugin.so
66bd1000-66bd2000 ---p 00000000 00:00 0 
66bd2000-66c52000 rw-p 00000000 00:00 0 
66c52000-66c8e000 r-xp 00000000 08:06 1706135    /usr/lib/i386-linux-gnu/libfaad.so.2.0.0
66c8e000-66c8f000 ---p 0003c000 08:06 1706135    /usr/lib/i386-linux-gnu/libfaad.so.2.0.0
66c8f000-66c90000 r--p 0003c000 08:06 1706135    /usr/lib/i386-linux-gnu/libfaad.so.2.0.0
66c90000-66c93000 rw-p 0003d000 08:06 1706135    /usr/lib/i386-linux-gnu/libfaad.so.2.0.0
66c93000-66cd0000 r-xp 00000000 08:06 1706535    /usr/lib/i386-linux-gnu/libopus.so.0.2.0
66cd0000-66cd1000 r--p 0003c000 08:06 1706535    /usr/lib/i386-linux-gnu/libopus.so.0.2.0
66cd1000-66cd2000 rw-p 0003d000 08:06 1706535    /usr/lib/i386-linux-gnu/libopus.so.0.2.0
66cd4000-66cd6000 r-xp 00000000 08:06 405496     /usr/lib/vlc/plugins/audio_filter/liba52tofloat32_plugin.so
66cd6000-66cd7000 r--p 00001000 08:06 405496     /usr/lib/vlc/plugins/audio_filter/liba52tofloat32_plugin.so
66cd7000-66cd8000 rw-p 00002000 08:06 405496     /usr/lib/vlc/plugins/audio_filter/liba52tofloat32_plugin.so
66cd8000-66cda000 r-xp 00000000 08:06 405511     /usr/lib/vlc/plugins/audio_filter/libdtstofloat32_plugin.so
66cda000-66cdb000 r--p 00001000 08:06 405511     /usr/lib/vlc/plugins/audio_filter/libdtstofloat32_plugin.so
66cdb000-66cdc000 rw-p 00002000 08:06 405511     /usr/lib/vlc/plugins/audio_filter/libdtstofloat32_plugin.so
66cdc000-66ce9000 r-xp 00000000 08:06 405488     /usr/lib/vlc/plugins/meta_engine/libtaglib_plugin.so
66ce9000-66cea000 r--p 0000c000 08:06 405488     /usr/lib/vlc/plugins/meta_engine/libtaglib_plugin.so
66cea000-66ceb000 rw-p 0000d000 08:06 405488     /usr/lib/vlc/plugins/meta_engine/libtaglib_plugin.so
66ceb000-66d79000 r-xp 00000000 08:06 1706537    /usr/lib/i386-linux-gnu/liborc-0.4.so.0.17.0
66d79000-66d7a000 r--p 0008e000 08:06 1706537    /usr/lib/i386-linux-gnu/liborc-0.4.so.0.17.0
66d7a000-66d7e000 rw-p 0008f000 08:06 1706537    /usr/lib/i386-linux-gnu/liborc-0.4.so.0.17.0
66d7e000-66e4b000 r-xp 00000000 08:06 1706653    /usr/lib/i386-linux-gnu/libschroedinger-1.0.so.0.11.0
66e4b000-66e4d000 r--p 000cc000 08:06 1706653    /usr/lib/i386-linux-gnu/libschroedinger-1.0.so.0.11.0
66e4d000-66e4e000 rw-p 000ce000 08:06 1706653    /usr/lib/i386-linux-gnu/libschroedinger-1.0.so.0.11.0
66e4e000-66e51000 r-xp 00000000 08:06 405510     /usr/lib/vlc/plugins/audio_filter/libscaletempo_plugin.so
66e51000-66e52000 r--p 00002000 08:06 405510     /usr/lib/vlc/plugins/audio_filter/libscaletempo_plugin.so
66e52000-66e53000 rw-p 00003000 08:06 405510     /usr/lib/vlc/plugins/audio_filter/libscaletempo_plugin.so
66e53000-66e5a000 r-xp 00000000 08:06 407155     /usr/lib/vlc/plugins/audio_output/libpulse_plugin.so
66e5a000-66e5b000 r--p 00006000 08:06 407155     /usr/lib/vlc/plugins/audio_output/libpulse_plugin.so
66e5b000-66e5c000 rw-p 00007000 08:06 407155     /usr/lib/vlc/plugins/audio_output/libpulse_plugin.so
66e5c000-66e5f000 r-xp 00000000 08:06 405456     /usr/lib/vlc/plugins/codec/libfaad_plugin.so
66e5f000-66e60000 r--p 00002000 08:06 405456     /usr/lib/vlc/plugins/codec/libfaad_plugin.so
66e60000-66e61000 rw-p 00003000 08:06 405456     /usr/lib/vlc/plugins/codec/libfaad_plugin.so
66e61000-66e65000 r-xp 00000000 08:06 405477     /usr/lib/vlc/plugins/codec/libopus_plugin.so
66e65000-66e66000 r--p 00003000 08:06 405477     /usr/lib/vlc/plugins/codec/libopus_plugin.so
66e66000-66e67000 rw-p 00004000 08:06 405477     /usr/lib/vlc/plugins/codec/libopus_plugin.so
66e67000-66e70000 r-xp 00000000 08:06 405450     /usr/lib/vlc/plugins/codec/libschroedinger_plugin.so
66e70000-66e71000 r--p 00008000 08:06 405450     /usr/lib/vlc/plugins/codec/libschroedinger_plugin.so
66e71000-66e72000 rw-p 00009000 08:06 405450     /usr/lib/vlc/plugins/codec/libschroedinger_plugin.so
66e72000-66e75000 r-xp 00000000 08:06 405482     /usr/lib/vlc/plugins/codec/libcdg_plugin.so
66e75000-66e76000 r--p 00002000 08:06 405482     /usr/lib/vlc/plugins/codec/libcdg_plugin.so
66e76000-66e77000 rw-p 00003000 08:06 405482     /usr/lib/vlc/plugins/codec/libcdg_plugin.so
66e77000-66e79000 r-xp 00000000 08:06 405481     /usr/lib/vlc/plugins/codec/libpng_plugin.so
66e79000-66e7a000 r--p 00001000 08:06 405481     /usr/lib/vlc/plugins/codec/libpng_plugin.so
66e7a000-66e7b000 rw-p 00002000 08:06 405481     /usr/lib/vlc/plugins/codec/libpng_plugin.so
66e7b000-66e7e000 r-xp 00000000 08:06 405449     /usr/lib/vlc/plugins/codec/libmpeg_audio_plugin.so
66e7e000-66e7f000 r--p 00002000 08:06 405449     /usr/lib/vlc/plugins/codec/libmpeg_audio_plugin.so
66e7f000-66e80000 rw-p 00003000 08:06 405449     /usr/lib/vlc/plugins/codec/libmpeg_audio_plugin.so
66e80000-66e83000 r-xp 00000000 08:06 405473     /usr/lib/vlc/plugins/codec/libsvcdsub_plugin.so
66e83000-66e84000 r--p 00002000 08:06 405473     /usr/lib/vlc/plugins/codec/libsvcdsub_plugin.so
66e84000-66e85000 rw-p 00003000 08:06 405473     /usr/lib/vlc/plugins/codec/libsvcdsub_plugin.so
66e85000-66e88000 r-xp 00000000 08:06 405455     /usr/lib/vlc/plugins/codec/libcvdsub_plugin.so
66e88000-66e89000 r--p 00002000 08:06 405455     /usr/lib/vlc/plugins/codec/libcvdsub_plugin.so
66e89000-66e8a000 rw-p 00003000 08:06 405455     /usr/lib/vlc/plugins/codec/libcvdsub_plugin.so
66e8a000-66e8d000 r-xp 00000000 08:06 405458     /usr/lib/vlc/plugins/codec/libspudec_plugin.so
66e8d000-66e8e000 r--p 00003000 08:06 405458     /usr/lib/vlc/plugins/codec/libspudec_plugin.so
66e8e000-66e8f000 rw-p 00004000 08:06 405458     /usr/lib/vlc/plugins/codec/libspudec_plugin.so
66e8f000-66e93000 r-xp 00000000 08:06 405634     /usr/lib/vlc/plugins/packetizer/libpacketizer_flac_plugin.so
66e93000-66e94000 r--p 00003000 08:06 405634     /usr/lib/vlc/plugins/packetizer/libpacketizer_flac_plugin.so
66e94000-66e95000 rw-p 00004000 08:06 405634     /usr/lib/vlc/plugins/packetizer/libpacketizer_flac_plugin.so
66e95000-66e9a000 r-xp 00000000 08:06 405638     /usr/lib/vlc/plugins/packetizer/libpacketizer_mpegvideo_plugin.so
66e9a000-66e9b000 r--p 00004000 08:06 405638     /usr/lib/vlc/plugins/packetizer/libpacketizer_mpegvideo_plugin.so
66e9b000-66e9c000 rw-p 00005000 08:06 405638     /usr/lib/vlc/plugins/packetizer/libpacketizer_mpegvideo_plugin.so
66e9c000-66eb7000 r-xp 00000000 08:06 1706713    /usr/lib/i386-linux-gnu/libtheoradec.so.1.1.4
66eb7000-66eb8000 r--p 0001a000 08:06 1706713    /usr/lib/i386-linux-gnu/libtheoradec.so.1.1.4
66eb8000-66eb9000 rw-p 0001b000 08:06 1706713    /usr/lib/i386-linux-gnu/libtheoradec.so.1.1.4
66eb9000-66efe000 r-xp 00000000 08:06 1706715    /usr/lib/i386-linux-gnu/libtheoraenc.so.1.1.2
66efe000-66eff000 r--p 00044000 08:06 1706715    /usr/lib/i386-linux-gnu/libtheoraenc.so.1.1.2
66eff000-66f00000 rw-p 00045000 08:06 1706715    /usr/lib/i386-linux-gnu/libtheoraenc.so.1.1.2
66f00000-67000000 rw-p 00000000 00:00 0 
67000000-67002000 r-xp 00000000 08:06 280658     /usr/lib/vlc/plugins/misc/libinhibit_plugin.so
67002000-67003000 r--p 00001000 08:06 280658     /usr/lib/vlc/plugins/misc/libinhibit_plugin.so
67003000-67004000 rw-p 00002000 08:06 280658     /usr/lib/vlc/plugins/misc/libinhibit_plugin.so
67006000-67015000 r-xp 00000000 08:06 405635     /usr/lib/vlc/plugins/packetizer/libpacketizer_h264_plugin.so
67015000-67016000 r--p 0000e000 08:06 405635     /usr/lib/vlc/plugins/packetizer/libpacketizer_h264_plugin.so
67016000-67017000 rw-p 0000f000 08:06 405635     /usr/lib/vlc/plugins/packetizer/libpacketizer_h264_plugin.so
67017000-6701b000 r-xp 00000000 08:06 405636     /usr/lib/vlc/plugins/packetizer/libpacketizer_mlp_plugin.so
6701b000-6701c000 r--p 00003000 08:06 405636     /usr/lib/vlc/plugins/packetizer/libpacketizer_mlp_plugin.so
6701c000-6701d000 rw-p 00004000 08:06 405636     /usr/lib/vlc/plugins/packetizer/libpacketizer_mlp_plugin.so
6701d000-67022000 r-xp 00000000 08:06 405637     /usr/lib/vlc/plugins/packetizer/libpacketizer_mpeg4video_plugin.so
67022000-67023000 r--p 00004000 08:06 405637     /usr/lib/vlc/plugins/packetizer/libpacketizer_mpeg4video_plugin.so
67023000-67024000 rw-p 00005000 08:06 405637     /usr/lib/vlc/plugins/packetizer/libpacketizer_mpeg4video_plugin.so
67024000-6702a000 r-xp 00000000 08:06 405640     /usr/lib/vlc/plugins/packetizer/libpacketizer_mpeg4audio_plugin.so
6702a000-6702b000 r--p 00005000 08:06 405640     /usr/lib/vlc/plugins/packetizer/libpacketizer_mpeg4audio_plugin.so
6702b000-6702c000 rw-p 00006000 08:06 405640     /usr/lib/vlc/plugins/packetizer/libpacketizer_mpeg4audio_plugin.so
6702c000-67034000 r-xp 00000000 08:06 405633     /usr/lib/vlc/plugins/packetizer/libpacketizer_vc1_plugin.so
67034000-67035000 r--p 00007000 08:06 405633     /usr/lib/vlc/plugins/packetizer/libpacketizer_vc1_plugin.so
67035000-67036000 rw-p 00008000 08:06 405633     /usr/lib/vlc/plugins/packetizer/libpacketizer_vc1_plugin.so
67036000-67055000 r-xp 00000000 08:06 1708460    /usr/lib/i386-linux-gnu/sse2/libspeex.so.1.5.0
67055000-67056000 r--p 0001e000 08:06 1708460    /usr/lib/i386-linux-gnu/sse2/libspeex.so.1.5.0
67056000-67057000 rw-p 0001f000 08:06 1708460    /usr/lib/i386-linux-gnu/sse2/libspeex.so.1.5.0
67059000-6705e000 r-xp 00000000 08:06 405641     /usr/lib/vlc/plugins/packetizer/libpacketizer_dirac_plugin.so
6705e000-6705f000 r--p 00005000 08:06 405641     /usr/lib/vlc/plugins/packetizer/libpacketizer_dirac_plugin.so
6705f000-67060000 rw-p 00006000 08:06 405641     /usr/lib/vlc/plugins/packetizer/libpacketizer_dirac_plugin.so
67060000-67066000 r-xp 00000000 08:06 405451     /usr/lib/vlc/plugins/codec/libtheora_plugin.so
67066000-67067000 r--p 00005000 08:06 405451     /usr/lib/vlc/plugins/codec/libtheora_plugin.so
67067000-67068000 rw-p 00006000 08:06 405451     /usr/lib/vlc/plugins/codec/libtheora_plugin.so
67068000-6706e000 r-xp 00000000 08:06 405479     /usr/lib/vlc/plugins/codec/libvorbis_plugin.so
6706e000-6706f000 r--p 00005000 08:06 405479     /usr/lib/vlc/plugins/codec/libvorbis_plugin.so
6706f000-67070000 rw-p 00006000 08:06 405479     /usr/lib/vlc/plugins/codec/libvorbis_plugin.so
67070000-67076000 r-xp 00000000 08:06 405478     /usr/lib/vlc/plugins/codec/libspeex_plugin.so
67076000-67077000 r--p 00005000 08:06 405478     /usr/lib/vlc/plugins/codec/libspeex_plugin.so
67077000-67078000 rw-p 00006000 08:06 405478     /usr/lib/vlc/plugins/codec/libspeex_plugin.so
67078000-6707a000 r-xp 00000000 08:06 405483     /usr/lib/vlc/plugins/codec/libaes3_plugin.so
6707a000-6707b000 r--p 00001000 08:06 405483     /usr/lib/vlc/plugins/codec/libaes3_plugin.so
6707b000-6707c000 rw-p 00002000 08:06 405483     /usr/lib/vlc/plugins/codec/libaes3_plugin.so
6707c000-6707e000 r-xp 00000000 08:06 405480     /usr/lib/vlc/plugins/codec/librawvideo_plugin.so
6707e000-6707f000 r--p 00001000 08:06 405480     /usr/lib/vlc/plugins/codec/librawvideo_plugin.so
6707f000-67080000 rw-p 00002000 08:06 405480     /usr/lib/vlc/plugins/codec/librawvideo_plugin.so
67080000-67084000 r-xp 00000000 08:06 405462     /usr/lib/vlc/plugins/codec/liblpcm_plugin.so
67084000-67085000 r--p 00003000 08:06 405462     /usr/lib/vlc/plugins/codec/liblpcm_plugin.so
67085000-67086000 rw-p 00004000 08:06 405462     /usr/lib/vlc/plugins/codec/liblpcm_plugin.so
67086000-6708b000 r-xp 00000000 08:06 280640     /usr/lib/vlc/plugins/demux/libes_plugin.so
6708b000-6708c000 r--p 00004000 08:06 280640     /usr/lib/vlc/plugins/demux/libes_plugin.so
6708c000-6708d000 rw-p 00005000 08:06 280640     /usr/lib/vlc/plugins/demux/libes_plugin.so
6708d000-67091000 r-xp 00000000 08:06 280647     /usr/lib/vlc/plugins/demux/libflacsys_plugin.so
67091000-67092000 r--p 00004000 08:06 280647     /usr/lib/vlc/plugins/demux/libflacsys_plugin.so
67092000-67093000 rw-p 00005000 08:06 280647     /usr/lib/vlc/plugins/demux/libflacsys_plugin.so
67093000-6709f000 r-xp 00000000 08:06 280632     /usr/lib/vlc/plugins/demux/libasf_plugin.so
6709f000-670a0000 r--p 0000b000 08:06 280632     /usr/lib/vlc/plugins/demux/libasf_plugin.so
670a0000-670a1000 rw-p 0000c000 08:06 280632     /usr/lib/vlc/plugins/demux/libasf_plugin.so
670a1000-670b1000 r-xp 00000000 08:06 280639     /usr/lib/vlc/plugins/demux/libavi_plugin.so
670b1000-670b2000 r--p 00010000 08:06 280639     /usr/lib/vlc/plugins/demux/libavi_plugin.so
670b2000-670b3000 rw-p 00011000 08:06 280639     /usr/lib/vlc/plugins/demux/libavi_plugin.so
670b3000-670d7000 r-xp 00000000 08:06 280624     /usr/lib/vlc/plugins/demux/libmp4_plugin.so
670d7000-670d8000 r--p 00024000 08:06 280624     /usr/lib/vlc/plugins/demux/libmp4_plugin.so
670d8000-670d9000 rw-p 00025000 08:06 280624     /usr/lib/vlc/plugins/demux/libmp4_plugin.so
670d9000-670e1000 r-xp 00000000 08:06 1720591    /usr/lib/vlc/plugins/access/libzip_plugin.so
670e1000-670e2000 r--p 00007000 08:06 1720591    /usr/lib/vlc/plugins/access/libzip_plugin.so
670e2000-670e3000 rw-p 00008000 08:06 1720591    /usr/lib/vlc/plugins/access/libzip_plugin.so
670e3000-670fe000 r-xp 00000000 08:06 405646     /usr/lib/vlc/plugins/stream_filter/libstream_filter_dash_plugin.so
670fe000-670ff000 r--p 0001b000 08:06 405646     /usr/lib/vlc/plugins/stream_filter/libstream_filter_dash_plugin.so
670ff000-67100000 rw-p 0001c000 08:06 405646     /usr/lib/vlc/plugins/stream_filter/libstream_filter_dash_plugin.so
67100000-671fa000 rw-p 00000000 00:00 0 
671fa000-67200000 ---p 00000000 00:00 0 
67200000-672f7000 rw-p 00000000 00:00 0 
672f7000-67300000 ---p 00000000 00:00 0 
67300000-673f9000 rw-p 00000000 00:00 0 
673f9000-67400000 ---p 00000000 00:00 0 
67403000-67406000 r-xp 00000000 08:06 1706600    /usr/lib/i386-linux-gnu/libpulse-simple.so.0.0.3
67406000-67407000 r--p 00002000 08:06 1706600    /usr/lib/i386-linux-gnu/libpulse-simple.so.0.0.3
67407000-67408000 rw-p 00003000 08:06 1706600    /usr/lib/i386-linux-gnu/libpulse-simple.so.0.0.3
67408000-67409000 r-xp 00000000 08:06 405592     /usr/lib/vlc/plugins/audio_mixer/libfloat32_mixer_plugin.so
67409000-6740a000 r--p 00000000 08:06 405592     /usr/lib/vlc/plugins/audio_mixer/libfloat32_mixer_plugin.so
6740a000-6740b000 rw-p 00001000 08:06 405592     /usr/lib/vlc/plugins/audio_mixer/libfloat32_mixer_plugin.so
6740b000-6740e000 r-xp 00000000 08:06 1720599    /usr/lib/vlc/plugins/access/libstream_filter_rar_plugin.so
6740e000-6740f000 r--p 00002000 08:06 1720599    /usr/lib/vlc/plugins/access/libstream_filter_rar_plugin.so
6740f000-67410000 rw-p 00003000 08:06 1720599    /usr/lib/vlc/plugins/access/libstream_filter_rar_plugin.so
67410000-6742e000 r-xp 00000000 08:06 1706115    /usr/lib/i386-linux-gnu/libdvdread.so.4.1.2
6742e000-6742f000 r--p 0001d000 08:06 1706115    /usr/lib/i386-linux-gnu/libdvdread.so.4.1.2
6742f000-67430000 rw-p 0001e000 08:06 1706115    /usr/lib/i386-linux-gnu/libdvdread.so.4.1.2
67430000-67444000 r-xp 00000000 08:06 1706111    /usr/lib/i386-linux-gnu/libdvdnav.so.4.1.2
67444000-67445000 r--p 00013000 08:06 1706111    /usr/lib/i386-linux-gnu/libdvdnav.so.4.1.2
67445000-67446000 rw-p 00014000 08:06 1706111    /usr/lib/i386-linux-gnu/libdvdnav.so.4.1.2
67447000-6744a000 r-xp 00000000 08:06 405644     /usr/lib/vlc/plugins/stream_filter/libdecomp_plugin.so
6744a000-6744b000 r--p 00002000 08:06 405644     /usr/lib/vlc/plugins/stream_filter/libdecomp_plugin.so
6744b000-6744c000 rw-p 00003000 08:06 405644     /usr/lib/vlc/plugins/stream_filter/libdecomp_plugin.so
6744c000-67456000 r-xp 00000000 08:06 405643     /usr/lib/vlc/plugins/stream_filter/libstream_filter_httplive_plugin.so
67456000-67457000 r--p 00009000 08:06 405643     /usr/lib/vlc/plugins/stream_filter/libstream_filter_httplive_plugin.so
67457000-67458000 rw-p 0000a000 08:06 405643     /usr/lib/vlc/plugins/stream_filter/libstream_filter_httplive_plugin.so
67458000-6745d000 r-xp 00000000 08:06 1720610    /usr/lib/vlc/plugins/access/libaccess_vdr_plugin.so
6745d000-6745e000 r--p 00004000 08:06 1720610    /usr/lib/vlc/plugins/access/libaccess_vdr_plugin.so
6745e000-6745f000 rw-p 00005000 08:06 1720610    /usr/lib/vlc/plugins/access/libaccess_vdr_plugin.so
6745f000-67462000 ---p 00000000 00:00 0 
67462000-674e0000 rw-p 00000000 00:00 0          [stack:17521]
674e0000-674fe000 r--s 00000000 08:06 669802     /usr/share/texmf/fonts/type1/public/lm/lmvtl10.pfb
674fe000-6750f000 r--s 00000000 08:06 656567     /usr/share/fonts/type1/gsfonts/n019024l.pfb
6750f000-67528000 r--s 00000000 08:06 656585     /usr/share/fonts/type1/gsfonts/n021004l.pfb
67528000-6752c000 r-xp 00000000 08:06 1720609    /usr/lib/vlc/plugins/access/libfilesystem_plugin.so
6752c000-6752d000 r--p 00003000 08:06 1720609    /usr/lib/vlc/plugins/access/libfilesystem_plugin.so
6752d000-6752e000 rw-p 00004000 08:06 1720609    /usr/lib/vlc/plugins/access/libfilesystem_plugin.so
6752e000-67538000 r-xp 00000000 08:06 1720582    /usr/lib/vlc/plugins/access/libdvdnav_plugin.so
67538000-67539000 r--p 0000a000 08:06 1720582    /usr/lib/vlc/plugins/access/libdvdnav_plugin.so
67539000-6753a000 rw-p 0000b000 08:06 1720582    /usr/lib/vlc/plugins/access/libdvdnav_plugin.so
6753a000-6756e000 r-xp 00000000 08:06 1720482    /usr/lib/i386-linux-gnu/libbluray.so.1.2.0
6756e000-6756f000 ---p 00034000 08:06 1720482    /usr/lib/i386-linux-gnu/libbluray.so.1.2.0
6756f000-67570000 r--p 00034000 08:06 1720482    /usr/lib/i386-linux-gnu/libbluray.so.1.2.0
67570000-67571000 rw-p 00035000 08:06 1720482    /usr/lib/i386-linux-gnu/libbluray.so.1.2.0
67571000-67573000 r-xp 00000000 08:06 405645     /usr/lib/vlc/plugins/stream_filter/libstream_filter_record_plugin.so
67573000-67574000 r--p 00001000 08:06 405645     /usr/lib/vlc/plugins/stream_filter/libstream_filter_record_plugin.so
67574000-67575000 rw-p 00002000 08:06 405645     /usr/lib/vlc/plugins/stream_filter/libstream_filter_record_plugin.so
67575000-67588000 r-xp 00000000 08:06 1720590    /usr/lib/vlc/plugins/access/libaccess_bd_plugin.so
67588000-67589000 r--p 00012000 08:06 1720590    /usr/lib/vlc/plugins/access/libaccess_bd_plugin.so
67589000-6758a000 rw-p 00013000 08:06 1720590    /usr/lib/vlc/plugins/access/libaccess_bd_plugin.so
6758a000-6758f000 r-xp 00000000 08:06 1720612    /usr/lib/vlc/plugins/access/liblibbluray_plugin.so
6758f000-67590000 r--p 00004000 08:06 1720612    /usr/lib/vlc/plugins/access/liblibbluray_plugin.so
67590000-67591000 rw-p 00005000 08:06 1720612    /usr/lib/vlc/plugins/access/liblibbluray_plugin.so
67591000-67598000 r--s 00000000 08:06 1707538    /usr/lib/i386-linux-gnu/gconv/gconv-modules.cache
67598000-675af000 r--s 00000000 08:06 656588     /usr/share/fonts/type1/gsfonts/n021023l.pfb
675af000-675b2000 ---p 00000000 00:00 0 
675b2000-67600000 rw-p 00000000 00:00 0          [stack:17321]
67600000-676f1000 rw-p 00000000 00:00 0 
676f1000-67700000 ---p 00000000 00:00 0 
67700000-677fb000 rw-p 00000000 00:00 0 
677fb000-67800000 ---p 00000000 00:00 0 
67800000-678cf000 rw-p 00000000 00:00 0 
678cf000-67900000 ---p 00000000 00:00 0 
67900000-67902000 r-xp 00000000 08:06 405485     /usr/lib/vlc/plugins/mmxext/libmemcpymmxext_plugin.so
67902000-67903000 r--p 00001000 08:06 405485     /usr/lib/vlc/plugins/mmxext/libmemcpymmxext_plugin.so
67903000-67904000 rw-p 00002000 08:06 405485     /usr/lib/vlc/plugins/mmxext/libmemcpymmxext_plugin.so
67904000-67906000 r-xp 00000000 08:06 405602     /usr/lib/vlc/plugins/services_discovery/libmtp_plugin.so
67906000-67907000 r--p 00001000 08:06 405602     /usr/lib/vlc/plugins/services_discovery/libmtp_plugin.so
67907000-67908000 rw-p 00002000 08:06 405602     /usr/lib/vlc/plugins/services_discovery/libmtp_plugin.so
67908000-679ac000 r-xp 00000000 08:06 1439034    /tmp/sqlite-3.7.151-i386-libsqlitejdbc.so
679ac000-679ad000 r--p 000a4000 08:06 1439034    /tmp/sqlite-3.7.151-i386-libsqlitejdbc.so
679ad000-679ae000 rw-p 000a5000 08:06 1439034    /tmp/sqlite-3.7.151-i386-libsqlitejdbc.so
679ae000-679af000 rw-p 00000000 00:00 0 
679af000-679b2000 ---p 00000000 00:00 0 
679b2000-67a00000 rw-p 00000000 00:00 0          [stack:17319]
67a00000-67a44000 rw-p 00000000 00:00 0 
67a44000-67b00000 ---p 00000000 00:00 0 
67b01000-67b02000 rwxp 00000000 00:00 0 
67b02000-67b03000 r-xp 00000000 08:06 1708656    /usr/lib/jvm/java-7-openjdk-i386/jre/lib/i386/libjawt.so
67b03000-67b04000 r--p 00000000 08:06 1708656    /usr/lib/jvm/java-7-openjdk-i386/jre/lib/i386/libjawt.so
67b04000-67b05000 rw-p 00001000 08:06 1708656    /usr/lib/jvm/java-7-openjdk-i386/jre/lib/i386/libjawt.so
67b05000-67b06000 rw-p 00000000 00:00 0 
67b06000-67b39000 rw-s 00000000 00:04 198344866  /SYSV00000000 (deleted)
67b39000-67b3e000 r--s 0004c000 08:06 1708535    /usr/lib/jvm/java-7-openjdk-common/jre/lib/jsse.jar
67b3e000-67b41000 ---p 00000000 00:00 0 
67b41000-67b8f000 rw-p 00000000 00:00 0          [stack:17318]
67b8f000-67ba0000 r-xp 00000000 08:06 1708665    /usr/lib/jvm/java-7-openjdk-i386/jre/lib/i386/libnio.so
67ba0000-67ba1000 r--p 00010000 08:06 1708665    /usr/lib/jvm/java-7-openjdk-i386/jre/lib/i386/libnio.so
67ba1000-67ba2000 rw-p 00011000 08:06 1708665    /usr/lib/jvm/java-7-openjdk-i386/jre/lib/i386/libnio.so
67ba2000-67ba3000 r--s 00000000 08:06 936139     /var/cache/fontconfig/c05880de57d1f5e948fdfacc138775d9-le32d4.cache-3
67ba3000-67ba9000 r--s 00000000 08:06 936131     /var/cache/fontconfig/945677eb7aeaf62f1d50efc3fb3ec7d8-le32d4.cache-3
67ba9000-67bac000 r--s 00000000 08:06 938992     /var/cache/fontconfig/99e8ed0e538f840c565b6ed5dad60d56-le32d4.cache-3
67bac000-67bb2000 r--s 00000000 08:06 936659     /var/cache/fontconfig/a6d8cf8e4ec09cdbc8633c31745a07dd-le32d4.cache-3
67bb2000-67bb5000 r--s 00000000 08:06 936113     /var/cache/fontconfig/2cd17615ca594fa2959ae173292e504c-le32d4.cache-3
67bb5000-67bb6000 r--s 00000000 08:06 936148     /var/cache/fontconfig/e7071f4a29fa870f4323321c154eba04-le32d4.cache-3
67bb6000-67bba000 r--s 00000000 08:06 936658     /var/cache/fontconfig/6eb3985aa4124903f6ff08ba781cd364-le32d4.cache-3
67bba000-67bbb000 r--s 00000000 08:06 936110     /var/cache/fontconfig/0d8c3b2ac0904cb8a57a757ad11a4a08-le32d4.cache-3
67bbb000-67bbf000 r--s 00000000 08:06 936135     /var/cache/fontconfig/a755afe4a08bf5b97852ceb7400b47bc-le32d4.cache-3
67bbf000-67bc6000 r--s 00000000 08:06 936126     /var/cache/fontconfig/6d41288fd70b0be22e8c3a91e032eec0-le32d4.cache-3
67bc6000-67bd1000 r--s 00000000 08:06 936108     /var/cache/fontconfig/04aabc0a78ac019cf9454389977116d2-le32d4.cache-3
67bd1000-67bd2000 r--s 00000000 08:06 936112     /var/cache/fontconfig/1ac9eb803944fde146138c791f5cc56a-le32d4.cache-3
67bd2000-67bd5000 r--s 00000000 08:06 936117     /var/cache/fontconfig/385c0604a188198f04d133e54aba7fe7-le32d4.cache-3
67bd5000-67bd6000 r--s 00000000 08:06 938732     /var/cache/fontconfig/9c956a7723ca69a44b382d9179c9802f-le32d4.cache-3
67bd6000-67bd7000 r--s 00000000 08:06 936145     /var/cache/fontconfig/dc05db6664285cc2f12bf69c139ae4c3-le32d4.cache-3
67bd7000-67bd9000 r--s 00000000 08:06 936128     /var/cache/fontconfig/767a8244fc0220cfb567a839d0392e0b-le32d4.cache-3
67bd9000-67bda000 r--s 00000000 08:06 936118     /var/cache/fontconfig/4794a0821666d79190d59a36cb4f44b5-le32d4.cache-3
67bda000-67bdb000 r--s 00000000 08:06 938731     /var/cache/fontconfig/9eae20f1ff8cc0a7d125749e875856bd-le32d4.cache-3
67bdb000-67bdd000 r--s 00000000 08:06 938730     /var/cache/fontconfig/bf2c1853a9e9b00bb02fe2e9bcf1e201-le32d4.cache-3
67bdd000-67be0000 r--s 00000000 08:06 936130     /var/cache/fontconfig/8801497958630a81b71ace7c5f9b32a8-le32d4.cache-3
67be0000-67c03000 r--s 00000000 08:06 938729     /var/cache/fontconfig/365b55f210c0a22e9a19e35191240f32-le32d4.cache-3
67c03000-67c05000 r--s 00000000 08:06 938722     /var/cache/fontconfig/c57959a16110560c8d0fcea73374aeeb-le32d4.cache-3
67c05000-67c09000 r--s 00000000 08:06 936114     /var/cache/fontconfig/3047814df9a2f067bd2d96a2b9c36e5a-le32d4.cache-3
67c09000-67c0a000 r--s 00000000 08:06 936121     /var/cache/fontconfig/56cf4f4769d0f4abc89a4895d7bd3ae1-le32d4.cache-3
67c0a000-67c0b000 r--s 00000000 08:06 936138     /var/cache/fontconfig/b9d506c9ac06c20b433354fa67a72993-le32d4.cache-3
67c0b000-67c0f000 r--s 00000000 08:06 936137     /var/cache/fontconfig/b47c4e1ecd0709278f4910c18777a504-le32d4.cache-3
67c0f000-67c11000 r--s 00000000 08:06 938728     /var/cache/fontconfig/14d493b97896515cad3840ba4896e372-le32d4.cache-3
67c11000-67c17000 r--s 00000000 08:06 936657     /var/cache/fontconfig/52f7bdb7ce746bfd7eaa1985bd9cfa93-le32d4.cache-3
67c17000-67c19000 r--s 00000000 08:06 936147     /var/cache/fontconfig/e49e89034d371f0f9de17aab02136486-le32d4.cache-3
67c19000-67c26000 r--s 00000000 08:06 936143     /var/cache/fontconfig/d52a8644073d54c13679302ca1180695-le32d4.cache-3
67c26000-67c2c000 r--s 00000000 08:06 936656     /var/cache/fontconfig/3f7329c5293ffd510edef78f73874cfd-le32d4.cache-3
67c2c000-67c33000 r--s 00000000 08:06 938721     /var/cache/fontconfig/83bf95040141907cd45bb53cf7c1c148-le32d4.cache-3
67c33000-67c3c000 r--s 00000000 08:06 938720     /var/cache/fontconfig/53d14c92082a93e67d5078324eb314ca-le32d4.cache-3
67c3c000-67c49000 r--s 00000000 08:06 938717     /var/cache/fontconfig/4ac51e5cfbc76fc3f983e470323a16d3-le32d4.cache-3
67c49000-67c51000 r--s 00000000 08:06 938718     /var/cache/fontconfig/e13b20fdb08344e0e664864cc2ede53d-le32d4.cache-3
67c51000-67c55000 r--s 00000000 08:06 940648     /var/cache/fontconfig/7ef2298fde41cc6eeb7af42e48b7d293-le32d4.cache-3
67c55000-67c66000 r--s 00000000 08:06 938993     /var/cache/fontconfig/467c019e582ee353435ea5c21d137ef6-le32d4.cache-3
67c66000-67c6a000 r--s 00000000 08:06 394128     /home/gene/.cache/fontconfig/3ecda6abc85ff6f54114f03ae3c1fe72-le32d4.cache-3
67c6a000-67cad000 r-xp 00000000 08:06 1708645    /usr/lib/jvm/java-7-openjdk-i386/jre/lib/i386/libfontmanager.so
67cad000-67cae000 r--p 00043000 08:06 1708645    /usr/lib/jvm/java-7-openjdk-i386/jre/lib/i386/libfontmanager.so
67cae000-67caf000 rw-p 00044000 08:06 1708645    /usr/lib/jvm/java-7-openjdk-i386/jre/lib/i386/libfontmanager.so
67caf000-67cb2000 ---p 00000000 00:00 0 
67cb2000-67d00000 rw-p 00000000 00:00 0          [stack:17317]
67d00000-67e00000 rw-p 00000000 00:00 0 
67e00000-67e03000 ---p 00000000 00:00 0 
67e03000-67e51000 rw-p 00000000 00:00 0          [stack:17316]
67e51000-68fc0000 r-xp 00000000 08:06 1706398    /usr/lib/i386-linux-gnu/libicudata.so.48.1.1
68fc0000-68fc1000 r--p 0116e000 08:06 1706398    /usr/lib/i386-linux-gnu/libicudata.so.48.1.1
68fc1000-68fc2000 rw-p 0116f000 08:06 1706398    /usr/lib/i386-linux-gnu/libicudata.so.48.1.1
68fc2000-68fc5000 r-xp 00000000 08:06 262501     /lib/i386-linux-gnu/libgpg-error.so.0.8.0
68fc5000-68fc6000 r--p 00002000 08:06 262501     /lib/i386-linux-gnu/libgpg-error.so.0.8.0
68fc6000-68fc7000 rw-p 00003000 08:06 262501     /lib/i386-linux-gnu/libgpg-error.so.0.8.0
68fc7000-68fc9000 r-xp 00000000 08:06 262512     /lib/i386-linux-gnu/libkeyutils.so.1.4
68fc9000-68fca000 r--p 00002000 08:06 262512     /lib/i386-linux-gnu/libkeyutils.so.1.4
68fca000-68fcb000 rw-p 00003000 08:06 262512     /lib/i386-linux-gnu/libkeyutils.so.1.4
68fcb000-69121000 r-xp 00000000 08:06 1706412    /usr/lib/i386-linux-gnu/libicuuc.so.48.1.1
69121000-6912b000 r--p 00155000 08:06 1706412    /usr/lib/i386-linux-gnu/libicuuc.so.48.1.1
6912b000-6912c000 rw-p 0015f000 08:06 1706412    /usr/lib/i386-linux-gnu/libicuuc.so.48.1.1
6912c000-69130000 rw-p 00000000 00:00 0 
69130000-69163000 r-xp 00000000 08:06 1706404    /usr/lib/i386-linux-gnu/libicule.so.48.1.1
69163000-69164000 ---p 00033000 08:06 1706404    /usr/lib/i386-linux-gnu/libicule.so.48.1.1
69164000-69165000 r--p 00033000 08:06 1706404    /usr/lib/i386-linux-gnu/libicule.so.48.1.1
69165000-69166000 rw-p 00034000 08:06 1706404    /usr/lib/i386-linux-gnu/libicule.so.48.1.1
69166000-691ae000 r-xp 00000000 08:06 262482     /lib/i386-linux-gnu/libdbus-1.so.3.7.2
691ae000-691af000 r--p 00047000 08:06 262482     /lib/i386-linux-gnu/libdbus-1.so.3.7.2
691af000-691b0000 rw-p 00048000 08:06 262482     /lib/i386-linux-gnu/libdbus-1.so.3.7.2
691b0000-691c2000 r-xp 00000000 08:06 1706541    /usr/lib/i386-linux-gnu/libp11-kit.so.0.0.0
691c2000-691c3000 r--p 00011000 08:06 1706541    /usr/lib/i386-linux-gnu/libp11-kit.so.0.0.0
691c3000-691c4000 rw-p 00012000 08:06 1706541    /usr/lib/i386-linux-gnu/libp11-kit.so.0.0.0
691c4000-691d4000 r-xp 00000000 08:06 1706699    /usr/lib/i386-linux-gnu/libtasn1.so.3.2.0
691d4000-691d5000 r--p 0000f000 08:06 1706699    /usr/lib/i386-linux-gnu/libtasn1.so.3.2.0
691d5000-691d6000 rw-p 00010000 08:06 1706699    /usr/lib/i386-linux-gnu/libtasn1.so.3.2.0
691d6000-69257000 r-xp 00000000 08:06 262497     /lib/i386-linux-gnu/libgcrypt.so.11.7.0
69257000-69258000 r--p 00080000 08:06 262497     /lib/i386-linux-gnu/libgcrypt.so.11.7.0
69258000-6925a000 rw-p 00081000 08:06 262497     /lib/i386-linux-gnu/libgcrypt.so.11.7.0
6925a000-69261000 r-xp 00000000 08:06 1706449    /usr/lib/i386-linux-gnu/libkrb5support.so.0.1
69261000-69262000 r--p 00006000 08:06 1706449    /usr/lib/i386-linux-gnu/libkrb5support.so.0.1
69262000-69263000 rw-p 00007000 08:06 1706449    /usr/lib/i386-linux-gnu/libkrb5support.so.0.1
69263000-69266000 r-xp 00000000 08:06 262477     /lib/i386-linux-gnu/libcom_err.so.2.1
69266000-69267000 r--p 00002000 08:06 262477     /lib/i386-linux-gnu/libcom_err.so.2.1
69267000-69268000 rw-p 00003000 08:06 262477     /lib/i386-linux-gnu/libcom_err.so.2.1
69268000-6928e000 r-xp 00000000 08:06 1706443    /usr/lib/i386-linux-gnu/libk5crypto.so.3.1
6928e000-6928f000 r--p 00026000 08:06 1706443    /usr/lib/i386-linux-gnu/libk5crypto.so.3.1
6928f000-69290000 rw-p 00027000 08:06 1706443    /usr/lib/i386-linux-gnu/libk5crypto.so.3.1
69290000-69357000 r-xp 00000000 08:06 1706447    /usr/lib/i386-linux-gnu/libkrb5.so.3.3
69357000-6935d000 r--p 000c6000 08:06 1706447    /usr/lib/i386-linux-gnu/libkrb5.so.3.3
6935d000-6935e000 rw-p 000cc000 08:06 1706447    /usr/lib/i386-linux-gnu/libkrb5.so.3.3
6935e000-693f6000 r-xp 00000000 08:06 1706380    /usr/lib/i386-linux-gnu/libharfbuzz.so.0.913.0
693f6000-693f7000 ---p 00098000 08:06 1706380    /usr/lib/i386-linux-gnu/libharfbuzz.so.0.913.0
693f7000-693f8000 r--p 00098000 08:06 1706380    /usr/lib/i386-linux-gnu/libharfbuzz.so.0.913.0
693f8000-693f9000 rw-p 00099000 08:06 1706380    /usr/lib/i386-linux-gnu/libharfbuzz.so.0.913.0
693f9000-69401000 r-xp 00000000 08:06 1706787    /usr/lib/i386-linux-gnu/libxcb-render.so.0.0.0
69401000-69402000 r--p 00008000 08:06 1706787    /usr/lib/i386-linux-gnu/libxcb-render.so.0.0.0
69402000-69403000 rw-p 00009000 08:06 1706787    /usr/lib/i386-linux-gnu/libxcb-render.so.0.0.0
69403000-69405000 r-xp 00000000 08:06 1706791    /usr/lib/i386-linux-gnu/libxcb-shm.so.0.0.0
69405000-69406000 r--p 00001000 08:06 1706791    /usr/lib/i386-linux-gnu/libxcb-shm.so.0.0.0
69406000-69407000 rw-p 00002000 08:06 1706791    /usr/lib/i386-linux-gnu/libxcb-shm.so.0.0.0
69407000-6942e000 r-xp 00000000 08:06 262578     /lib/i386-linux-gnu/libpng12.so.0.49.0
6942e000-6942f000 r--p 00026000 08:06 262578     /lib/i386-linux-gnu/libpng12.so.0.49.0
6942f000-69430000 rw-p 00027000 08:06 262578     /lib/i386-linux-gnu/libpng12.so.0.49.0
69430000-694c4000 r-xp 00000000 08:06 1706571    /usr/lib/i386-linux-gnu/libpixman-1.so.0.28.2
694c4000-694c9000 r--p 00093000 08:06 1706571    /usr/lib/i386-linux-gnu/libpixman-1.so.0.28.2
694c9000-694ca000 rw-p 00098000 08:06 1706571    /usr/lib/i386-linux-gnu/libpixman-1.so.0.28.2
694ca000-694cf000 r-xp 00000000 08:06 1705898    /usr/lib/i386-linux-gnu/libXdmcp.so.6.0.0
694cf000-694d0000 r--p 00004000 08:06 1705898    /usr/lib/i386-linux-gnu/libXdmcp.so.6.0.0
694d0000-694d1000 rw-p 00005000 08:06 1705898    /usr/lib/i386-linux-gnu/libXdmcp.so.6.0.0
694d1000-694d3000 r-xp 00000000 08:06 1705887    /usr/lib/i386-linux-gnu/libXau.so.6.0.0
694d3000-694d4000 r--p 00001000 08:06 1705887    /usr/lib/i386-linux-gnu/libXau.so.6.0.0
694d4000-694d5000 rw-p 00002000 08:06 1705887    /usr/lib/i386-linux-gnu/libXau.so.6.0.0
694d5000-694e5000 r-xp 00000000 08:06 1705977    /usr/lib/i386-linux-gnu/libavahi-client.so.3.2.9
694e5000-694e6000 r--p 0000f000 08:06 1705977    /usr/lib/i386-linux-gnu/libavahi-client.so.3.2.9
694e6000-694e7000 rw-p 00010000 08:06 1705977    /usr/lib/i386-linux-gnu/libavahi-client.so.3.2.9
694e7000-694f3000 r-xp 00000000 08:06 1705979    /usr/lib/i386-linux-gnu/libavahi-common.so.3.5.3
694f3000-694f4000 r--p 0000b000 08:06 1705979    /usr/lib/i386-linux-gnu/libavahi-common.so.3.5.3
694f4000-694f5000 rw-p 0000c000 08:06 1705979    /usr/lib/i386-linux-gnu/libavahi-common.so.3.5.3
694f5000-695b5000 r-xp 00000000 08:06 1706251    /usr/lib/i386-linux-gnu/libgnutls.so.26.22.6
695b5000-695b9000 r--p 000bf000 08:06 1706251    /usr/lib/i386-linux-gnu/libgnutls.so.26.22.6
695b9000-695ba000 rw-p 000c3000 08:06 1706251    /usr/lib/i386-linux-gnu/libgnutls.so.26.22.6
695ba000-695f5000 r-xp 00000000 08:06 1706276    /usr/lib/i386-linux-gnu/libgssapi_krb5.so.2.2
695f5000-695f6000 r--p 0003a000 08:06 1706276    /usr/lib/i386-linux-gnu/libgssapi_krb5.so.2.2
695f6000-695f7000 rw-p 0003b000 08:06 1706276    /usr/lib/i386-linux-gnu/libgssapi_krb5.so.2.2
695f7000-69636000 r-xp 00000000 08:06 262566     /lib/i386-linux-gnu/libpcre.so.3.13.1
69636000-69637000 r--p 0003f000 08:06 262566     /lib/i386-linux-gnu/libpcre.so.3.13.1
69637000-69638000 rw-p 00040000 08:06 262566     /lib/i386-linux-gnu/libpcre.so.3.13.1
69638000-6965d000 r-xp 00000000 08:06 262490     /lib/i386-linux-gnu/libexpat.so.1.6.0
6965d000-6965f000 r--p 00025000 08:06 262490     /lib/i386-linux-gnu/libexpat.so.1.6.0
6965f000-69660000 rw-p 00027000 08:06 262490     /lib/i386-linux-gnu/libexpat.so.1.6.0
69660000-696f6000 r-xp 00000000 08:06 1706179    /usr/lib/i386-linux-gnu/libfreetype.so.6.10.0
696f6000-696fa000 r--p 00095000 08:06 1706179    /usr/lib/i386-linux-gnu/libfreetype.so.6.10.0
696fa000-696fb000 rw-p 00099000 08:06 1706179    /usr/lib/i386-linux-gnu/libfreetype.so.6.10.0
696fb000-6970e000 r-xp 00000000 08:06 262589     /lib/i386-linux-gnu/libresolv-2.17.so
6970e000-6970f000 r--p 00013000 08:06 262589     /lib/i386-linux-gnu/libresolv-2.17.so
6970f000-69710000 rw-p 00014000 08:06 262589     /lib/i386-linux-gnu/libresolv-2.17.so
69710000-69712000 rw-p 00000000 00:00 0 
69712000-6972f000 r-xp 00000000 08:06 262593     /lib/i386-linux-gnu/libselinux.so.1
6972f000-69730000 r--p 0001c000 08:06 262593     /lib/i386-linux-gnu/libselinux.so.1
69730000-69731000 rw-p 0001d000 08:06 262593     /lib/i386-linux-gnu/libselinux.so.1
69731000-6973a000 r-xp 00000000 08:06 1705894    /usr/lib/i386-linux-gnu/libXcursor.so.1.0.2
6973a000-6973b000 r--p 00008000 08:06 1705894    /usr/lib/i386-linux-gnu/libXcursor.so.1.0.2
6973b000-6973c000 rw-p 00009000 08:06 1705894    /usr/lib/i386-linux-gnu/libXcursor.so.1.0.2
6973c000-69745000 r-xp 00000000 08:06 1705918    /usr/lib/i386-linux-gnu/libXrandr.so.2.2.0
69745000-69746000 r--p 00008000 08:06 1705918    /usr/lib/i386-linux-gnu/libXrandr.so.2.2.0
69746000-69747000 rw-p 00009000 08:06 1705918    /usr/lib/i386-linux-gnu/libXrandr.so.2.2.0
69747000-6985a000 r-xp 00000000 08:06 1706005    /usr/lib/i386-linux-gnu/libcairo.so.2.11200.14
6985a000-6985c000 r--p 00113000 08:06 1706005    /usr/lib/i386-linux-gnu/libcairo.so.2.11200.14
6985c000-6985d000 rw-p 00115000 08:06 1706005    /usr/lib/i386-linux-gnu/libcairo.so.2.11200.14
6985d000-6985e000 rw-p 00000000 00:00 0 
6985e000-6987c000 r-xp 00000000 08:06 1705967    /usr/lib/i386-linux-gnu/libatk-1.0.so.0.20809.1
6987c000-6987e000 r--p 0001d000 08:06 1705967    /usr/lib/i386-linux-gnu/libatk-1.0.so.0.20809.1
6987e000-6987f000 rw-p 0001f000 08:06 1705967    /usr/lib/i386-linux-gnu/libatk-1.0.so.0.20809.1
6987f000-6989f000 r-xp 00000000 08:06 1720908    /usr/lib/i386-linux-gnu/libxcb.so.1.1.0
6989f000-698a0000 r--p 0001f000 08:06 1720908    /usr/lib/i386-linux-gnu/libxcb.so.1.1.0
698a0000-698a1000 rw-p 00020000 08:06 1720908    /usr/lib/i386-linux-gnu/libxcb.so.1.1.0
698a1000-698fb000 r-xp 00000000 08:06 1706064    /usr/lib/i386-linux-gnu/libcups.so.2
698fb000-698fc000 ---p 0005a000 08:06 1706064    /usr/lib/i386-linux-gnu/libcups.so.2
698fc000-698ff000 r--p 0005a000 08:06 1706064    /usr/lib/i386-linux-gnu/libcups.so.2
698ff000-69900000 rw-p 0005d000 08:06 1706064    /usr/lib/i386-linux-gnu/libcups.so.2
69900000-699ff000 r-xp 00000000 08:06 262499     /lib/i386-linux-gnu/libglib-2.0.so.0.3600.0
699ff000-69a00000 r--p 000fe000 08:06 262499     /lib/i386-linux-gnu/libglib-2.0.so.0.3600.0
69a00000-69a01000 rw-p 000ff000 08:06 262499     /lib/i386-linux-gnu/libglib-2.0.so.0.3600.0
69a01000-69a4f000 r-xp 00000000 08:06 1706257    /usr/lib/i386-linux-gnu/libgobject-2.0.so.0.3600.0
69a4f000-69a50000 r--p 0004d000 08:06 1706257    /usr/lib/i386-linux-gnu/libgobject-2.0.so.0.3600.0
69a50000-69a51000 rw-p 0004e000 08:06 1706257    /usr/lib/i386-linux-gnu/libgobject-2.0.so.0.3600.0
69a51000-69a88000 r-xp 00000000 08:06 1706167    /usr/lib/i386-linux-gnu/libfontconfig.so.1.6.2
69a88000-69a89000 r--p 00036000 08:06 1706167    /usr/lib/i386-linux-gnu/libfontconfig.so.1.6.2
69a89000-69a8a000 rw-p 00037000 08:06 1706167    /usr/lib/i386-linux-gnu/libfontconfig.so.1.6.2
69a8a000-69ad3000 r-xp 00000000 08:06 1706549    /usr/lib/i386-linux-gnu/libpango-1.0.so.0.3200.5
69ad3000-69ad4000 r--p 00049000 08:06 1706549    /usr/lib/i386-linux-gnu/libpango-1.0.so.0.3200.5
69ad4000-69ad5000 rw-p 0004a000 08:06 1706549    /usr/lib/i386-linux-gnu/libpango-1.0.so.0.3200.5
69ad5000-69af5000 r-xp 00000000 08:06 1706208    /usr/lib/i386-linux-gnu/libgdk_pixbuf-2.0.so.0.2800.0
69af5000-69af6000 ---p 00020000 08:06 1706208    /usr/lib/i386-linux-gnu/libgdk_pixbuf-2.0.so.0.2800.0
69af6000-69af7000 r--p 00020000 08:06 1706208    /usr/lib/i386-linux-gnu/libgdk_pixbuf-2.0.so.0.2800.0
69af7000-69af8000 rw-p 00021000 08:06 1706208    /usr/lib/i386-linux-gnu/libgdk_pixbuf-2.0.so.0.2800.0
69af8000-69c58000 r-xp 00000000 08:06 1706227    /usr/lib/i386-linux-gnu/libgio-2.0.so.0.3600.0
69c58000-69c5a000 r--p 00160000 08:06 1706227    /usr/lib/i386-linux-gnu/libgio-2.0.so.0.3600.0
69c5a000-69c5b000 rw-p 00162000 08:06 1706227    /usr/lib/i386-linux-gnu/libgio-2.0.so.0.3600.0
69c5b000-69c5c000 rw-p 00000000 00:00 0 
69c5c000-69d07000 r-xp 00000000 08:06 1706206    /usr/lib/i386-linux-gnu/libgdk-x11-2.0.so.0.2400.17
69d07000-69d09000 r--p 000ab000 08:06 1706206    /usr/lib/i386-linux-gnu/libgdk-x11-2.0.so.0.2400.17
69d09000-69d0a000 rw-p 000ad000 08:06 1706206    /usr/lib/i386-linux-gnu/libgdk-x11-2.0.so.0.2400.17
69d0a000-6a16b000 r-xp 00000000 08:06 1706364    /usr/lib/i386-linux-gnu/libgtk-x11-2.0.so.0.2400.17
6a16b000-6a16f000 r--p 00461000 08:06 1706364    /usr/lib/i386-linux-gnu/libgtk-x11-2.0.so.0.2400.17
6a16f000-6a171000 rw-p 00465000 08:06 1706364    /usr/lib/i386-linux-gnu/libgtk-x11-2.0.so.0.2400.17
6a171000-6a173000 rw-p 00000000 00:00 0 
6a173000-6a2a6000 r-xp 00000000 08:06 1706796    /usr/lib/i386-linux-gnu/libX11.so.6.3.0
6a2a6000-6a2a7000 r--p 00132000 08:06 1706796    /usr/lib/i386-linux-gnu/libX11.so.6.3.0
6a2a7000-6a2aa000 rw-p 00133000 08:06 1706796    /usr/lib/i386-linux-gnu/libX11.so.6.3.0
6a2aa000-6a2fc000 r-xp 00000000 08:06 1708686    /usr/lib/jvm/java-7-openjdk-i386/jre/lib/i386/xawt/libmawt.so
6a2fc000-6a2fd000 r--p 00051000 08:06 1708686    /usr/lib/jvm/java-7-openjdk-i386/jre/lib/i386/xawt/libmawt.so
6a2fd000-6a2ff000 rw-p 00052000 08:06 1708686    /usr/lib/jvm/java-7-openjdk-i386/jre/lib/i386/xawt/libmawt.so
6a2ff000-6a300000 rw-p 00000000 00:00 0 
6a300000-6a400000 rw-p 00000000 00:00 0 
6a400000-6a401000 r--s 00000000 08:06 938727     /var/cache/fontconfig/89034621ae2a8922916bb6bfa5799546-le32d4.cache-3
6a401000-6a402000 r--s 00000000 08:06 936119     /var/cache/fontconfig/4b14b093aebc79c320de5e86ae1d3314-le32d4.cache-3
6a402000-6a407000 r-xp 00000000 08:06 1706141    /usr/lib/i386-linux-gnu/libffi.so.6.0.1
6a407000-6a408000 r--p 00005000 08:06 1706141    /usr/lib/i386-linux-gnu/libffi.so.6.0.1
6a408000-6a409000 rw-p 00006000 08:06 1706141    /usr/lib/i386-linux-gnu/libffi.so.6.0.1
6a409000-6a41b000 r-xp 00000000 08:06 1706553    /usr/lib/i386-linux-gnu/libpangoft2-1.0.so.0.3200.5
6a41b000-6a41c000 r--p 00011000 08:06 1706553    /usr/lib/i386-linux-gnu/libpangoft2-1.0.so.0.3200.5
6a41c000-6a41d000 rw-p 00012000 08:06 1706553    /usr/lib/i386-linux-gnu/libpangoft2-1.0.so.0.3200.5
6a41d000-6a4af000 r-xp 00000000 08:06 1708643    /usr/lib/jvm/java-7-openjdk-i386/jre/lib/i386/libawt.so
6a4af000-6a4b0000 r--p 00091000 08:06 1708643    /usr/lib/jvm/java-7-openjdk-i386/jre/lib/i386/libawt.so
6a4b0000-6a4b7000 rw-p 00092000 08:06 1708643    /usr/lib/jvm/java-7-openjdk-i386/jre/lib/i386/libawt.so
6a4b7000-6a4db000 rw-p 00000000 00:00 0 
6a4db000-6a4dc000 ---p 00000000 00:00 0 
6a4dc000-6a55c000 rw-p 00000000 00:00 0          [stack:17315]
6a55c000-6a55f000 ---p 00000000 00:00 0 
6a55f000-6a5ad000 rw-p 00000000 00:00 0          [stack:17314]
6a5ad000-6a5b0000 ---p 00000000 00:00 0 
6a5b0000-6a62e000 rw-p 00000000 00:00 0          [stack:17313]
6a62e000-6a631000 ---p 00000000 00:00 0 
6a631000-6a6af000 rw-p 00000000 00:00 0          [stack:17312]
6a6af000-6a6b2000 ---p 00000000 00:00 0 
6a6b2000-6a700000 rw-p 00000000 00:00 0          [stack:17311]
6a700000-6a900000 r--p 00000000 08:06 1709808    /usr/lib/locale/locale-archive
6a900000-6aa00000 rw-p 00000000 00:00 0 
6aa00000-6aaff000 rw-p 00000000 00:00 0 
6aaff000-6ab00000 ---p 00000000 00:00 0 
6ab00000-6abfa000 rw-p 00000000 00:00 0 
6abfa000-6ac00000 ---p 00000000 00:00 0 
6ac00000-6ac02000 r--s 00000000 08:06 938726     /var/cache/fontconfig/65f976e5259cbe6dc7697b8648396239-le32d4.cache-3
6ac02000-6ac04000 r-xp 00000000 08:06 1705896    /usr/lib/i386-linux-gnu/libXdamage.so.1.1.0
6ac04000-6ac05000 r--p 00001000 08:06 1705896    /usr/lib/i386-linux-gnu/libXdamage.so.1.1.0
6ac05000-6ac06000 rw-p 00002000 08:06 1705896    /usr/lib/i386-linux-gnu/libXdamage.so.1.1.0
6ac06000-6ac08000 r-xp 00000000 08:06 1705892    /usr/lib/i386-linux-gnu/libXcomposite.so.1.0.0
6ac08000-6ac09000 r--p 00001000 08:06 1705892    /usr/lib/i386-linux-gnu/libXcomposite.so.1.0.0
6ac09000-6ac0a000 rw-p 00002000 08:06 1705892    /usr/lib/i386-linux-gnu/libXcomposite.so.1.0.0
6ac0a000-6ac0f000 r-xp 00000000 08:06 1705902    /usr/lib/i386-linux-gnu/libXfixes.so.3.1.0
6ac0f000-6ac10000 r--p 00004000 08:06 1705902    /usr/lib/i386-linux-gnu/libXfixes.so.3.1.0
6ac10000-6ac11000 rw-p 00005000 08:06 1705902    /usr/lib/i386-linux-gnu/libXfixes.so.3.1.0
6ac11000-6ac1c000 r-xp 00000000 08:06 1706551    /usr/lib/i386-linux-gnu/libpangocairo-1.0.so.0.3200.5
6ac1c000-6ac1d000 r--p 0000a000 08:06 1706551    /usr/lib/i386-linux-gnu/libpangocairo-1.0.so.0.3200.5
6ac1d000-6ac1e000 rw-p 0000b000 08:06 1706551    /usr/lib/i386-linux-gnu/libpangocairo-1.0.so.0.3200.5
6ac1e000-6ac2c000 r-xp 00000000 08:06 1705906    /usr/lib/i386-linux-gnu/libXi.so.6.1.0
6ac2c000-6ac2d000 r--p 0000d000 08:06 1705906    /usr/lib/i386-linux-gnu/libXi.so.6.1.0
6ac2d000-6ac2e000 rw-p 0000e000 08:06 1705906    /usr/lib/i386-linux-gnu/libXi.so.6.1.0
6ac2e000-6ac31000 ---p 00000000 00:00 0 
6ac31000-6ac7f000 rw-p 00000000 00:00 0          [stack:17310]
6ac7f000-6ac80000 ---p 00000000 00:00 0 
6ac80000-6ad00000 rw-p 00000000 00:00 0          [stack:17308]
6ad00000-6adff000 rw-p 00000000 00:00 0 
6adff000-6ae00000 ---p 00000000 00:00 0 
6ae00000-6ae01000 r--s 00000000 08:06 938725     /var/cache/fontconfig/94f7fe9bd33aadfac165873bd010d595-le32d4.cache-3
6ae01000-6ae03000 r--s 00000000 08:06 936655     /var/cache/fontconfig/67709b7835c0f764c1135060c9575660-le32d4.cache-3
6ae03000-6ae08000 r-xp 00000000 08:06 1705926    /usr/lib/i386-linux-gnu/libXtst.so.6.1.0
6ae08000-6ae09000 r--p 00004000 08:06 1705926    /usr/lib/i386-linux-gnu/libXtst.so.6.1.0
6ae09000-6ae0a000 rw-p 00005000 08:06 1705926    /usr/lib/i386-linux-gnu/libXtst.so.6.1.0
6ae0a000-6ae1a000 r-xp 00000000 08:06 1705900    /usr/lib/i386-linux-gnu/libXext.so.6.4.0
6ae1a000-6ae1b000 r--p 0000f000 08:06 1705900    /usr/lib/i386-linux-gnu/libXext.so.6.4.0
6ae1b000-6ae1c000 rw-p 00010000 08:06 1705900    /usr/lib/i386-linux-gnu/libXext.so.6.4.0
6ae1c000-6ae1d000 r--s 00000000 08:06 938724     /var/cache/fontconfig/423767150eb258c59035de29db6fca84-le32d4.cache-3
6ae1d000-6ae33000 r-xp 00000000 08:06 1708664    /usr/lib/jvm/java-7-openjdk-i386/jre/lib/i386/libnet.so
6ae33000-6ae34000 r--p 00015000 08:06 1708664    /usr/lib/jvm/java-7-openjdk-i386/jre/lib/i386/libnet.so
6ae34000-6ae35000 rw-p 00016000 08:06 1708664    /usr/lib/jvm/java-7-openjdk-i386/jre/lib/i386/libnet.so
6ae35000-6afe2000 r--s 01cde000 08:06 1708621    /usr/lib/jvm/java-7-openjdk-i386/jre/lib/rt.jar
6afe2000-6dd00000 rw-p 00000000 00:00 0 
6dd00000-6ddf6000 rw-p 00000000 00:00 0 
6ddf6000-6de00000 ---p 00000000 00:00 0 
6de00000-6de03000 r-xp 00000000 08:06 1706237    /usr/lib/i386-linux-gnu/libgmodule-2.0.so.0.3600.0
6de03000-6de04000 r--p 00002000 08:06 1706237    /usr/lib/i386-linux-gnu/libgmodule-2.0.so.0.3600.0
6de04000-6de05000 rw-p 00003000 08:06 1706237    /usr/lib/i386-linux-gnu/libgmodule-2.0.so.0.3600.0
6de05000-6de0d000 r-xp 00000000 08:06 1705920    /usr/lib/i386-linux-gnu/libXrender.so.1.3.0
6de0d000-6de0e000 r--p 00007000 08:06 1705920    /usr/lib/i386-linux-gnu/libXrender.so.1.3.0
6de0e000-6de0f000 rw-p 00008000 08:06 1705920    /usr/lib/i386-linux-gnu/libXrender.so.1.3.0
6de0f000-6de1a000 r--s 001fb000 08:06 1708529    /usr/lib/jvm/java-7-openjdk-common/jre/lib/charsets.jar
6de1a000-6de23000 r--s 000bc000 08:06 1708538    /usr/lib/jvm/java-7-openjdk-common/jre/lib/resources.jar
6de23000-6de2e000 r--s 001fb000 08:06 1708529    /usr/lib/jvm/java-7-openjdk-common/jre/lib/charsets.jar
6de2e000-6de31000 ---p 00000000 00:00 0 
6de31000-6de7f000 rw-p 00000000 00:00 0          [stack:17309]
6de7f000-6de80000 ---p 00000000 00:00 0 
6de80000-6df00000 rw-p 00000000 00:00 0          [stack:17307]
6df00000-6df21000 rw-p 00000000 00:00 0 
6df21000-6e000000 ---p 00000000 00:00 0 
6e000000-6e021000 rw-p 00000000 00:00 0 
6e021000-6e100000 ---p 00000000 00:00 0 
6e100000-6e102000 r-xp 00000000 08:06 1705908    /usr/lib/i386-linux-gnu/libXinerama.so.1.0.0
6e102000-6e103000 r--p 00001000 08:06 1705908    /usr/lib/i386-linux-gnu/libXinerama.so.1.0.0
6e103000-6e104000 rw-p 00002000 08:06 1705908    /usr/lib/i386-linux-gnu/libXinerama.so.1.0.0
6e104000-6e117000 r--s 00179000 08:06 1724490    /home/gene/Downloads/ll/vlcj-2.4.1/vlcj-2.4.1-javadoc.jar
6e117000-6e121000 r--s 00053000 08:06 1724519    /home/gene/Downloads/ll/vlcj-2.4.1/vlcj-2.4.1-tests.jar
6e121000-6e128000 r--s 00094000 08:06 1784822    /home/gene/netbeans-7.3.1/java/modules/ext/beansbinding-1.2.1.jar
6e128000-6e137000 r--s 00115000 08:06 1724216    /home/gene/Downloads/ll/vlcj-2.4.1/platform-3.5.2.jar
6e137000-6e17f000 rw-p 00000000 00:00 0 
6e17f000-6e180000 ---p 00000000 00:00 0 
6e180000-6e200000 rw-p 00000000 00:00 0          [stack:17306]
6e200000-6e263000 rw-p 00000000 00:00 0 
6e263000-6e300000 ---p 00000000 00:00 0 
6e300000-6e301000 r--s 00000000 08:06 938723     /var/cache/fontconfig/406a1d2d2bf3ed7664fbadefac0b2f66-le32d4.cache-3
6e301000-6e302000 r--s 00000000 08:06 936109     /var/cache/fontconfig/0c9eb80ebd1c36541ebe2852d3bb0c49-le32d4.cache-3
6e302000-6e30c000 r--s 0004b000 08:06 1724492    /home/gene/Downloads/ll/vlcj-2.4.1/vlcj-2.4.1.jar
6e30c000-6e31b000 r--s 000d3000 08:06 1786959    /home/gene/Downloads/jaudiotagger-2.2.0-20130321.142353-1.jar
6e31b000-6e333000 r--s 001b9000 08:06 1779640    /home/gene/lab/music/playmp3/jmf.jar
6e333000-6e334000 ---p 00000000 00:00 0 
6e334000-6e3b4000 rw-p 00000000 00:00 0          [stack:17305]
6e3b4000-6e3b5000 ---p 00000000 00:00 0 
6e3b5000-6e43d000 rw-p 00000000 00:00 0          [stack:17304]
6e43d000-6e475000 rw-p 00000000 00:00 0 
6e475000-6e48a000 rw-p 00000000 00:00 0 
6e48a000-6e5b9000 rw-p 00000000 00:00 0 
6e5b9000-6e5c1000 rw-p 00000000 00:00 0 
6e5c1000-6e5f9000 rw-p 00000000 00:00 0 
6e5f9000-6e60e000 rw-p 00000000 00:00 0 
6e60e000-6e73d000 rw-p 00000000 00:00 0 
6e73d000-6e74a000 rw-p 00000000 00:00 0 
6e74a000-6e7df000 rw-p 00000000 00:00 0 
6e7df000-6f7e0000 rw-p 00000000 00:00 0 
6f7e0000-767e0000 rw-p 00000000 00:00 0 
767e0000-79060000 rw-p 00000000 00:00 0 
79060000-9efe0000 rw-p 00000000 00:00 0 
9efe0000-a0890000 rw-p 00000000 00:00 0 
a0890000-b33e0000 rw-p 00000000 00:00 0 
b33e0000-b33e1000 r--s 00000000 08:06 936124     /var/cache/fontconfig/62f91419b9ebdb6975e7e41ab6412357-le32d4.cache-3
b33e1000-b33e2000 r-xp 00000000 08:06 1706360    /usr/lib/i386-linux-gnu/libgthread-2.0.so.0.3600.0
b33e2000-b33e3000 r--p 00000000 08:06 1706360    /usr/lib/i386-linux-gnu/libgthread-2.0.so.0.3600.0
b33e3000-b33e4000 rw-p 00001000 08:06 1706360    /usr/lib/i386-linux-gnu/libgthread-2.0.so.0.3600.0
b33e4000-b33e7000 r--s 000a6000 08:06 1724183    /home/gene/Downloads/ll/vlcj-2.4.1/jna-3.5.2.jar
b33e7000-b33ea000 r--s 00027000 08:06 1798650    /home/gene/Downloads/rs2xml.jar
b33ea000-b33ec000 r--s 00380000 08:06 1795454    /home/gene/Downloads/sqlite-jdbc-3.7.15-M1.jar
b33ec000-b33f5000 rw-p 00000000 00:00 0 
b33f5000-b34ac000 rw-p 00000000 00:00 0 
b34ac000-b36ec000 rwxp 00000000 00:00 0 
b36ec000-b64ac000 rw-p 00000000 00:00 0 
b64ac000-b64b7000 r-xp 00000000 08:06 262543     /lib/i386-linux-gnu/libnss_files-2.17.so
b64b7000-b64b8000 r--p 0000a000 08:06 262543     /lib/i386-linux-gnu/libnss_files-2.17.so
b64b8000-b64b9000 rw-p 0000b000 08:06 262543     /lib/i386-linux-gnu/libnss_files-2.17.so
b64b9000-b64c3000 r-xp 00000000 08:06 262548     /lib/i386-linux-gnu/libnss_nis-2.17.so
b64c3000-b64c4000 r--p 00009000 08:06 262548     /lib/i386-linux-gnu/libnss_nis-2.17.so
b64c4000-b64c5000 rw-p 0000a000 08:06 262548     /lib/i386-linux-gnu/libnss_nis-2.17.so
b64c5000-b64da000 r-xp 00000000 08:06 262537     /lib/i386-linux-gnu/libnsl-2.17.so
b64da000-b64db000 r--p 00014000 08:06 262537     /lib/i386-linux-gnu/libnsl-2.17.so
b64db000-b64dc000 rw-p 00015000 08:06 262537     /lib/i386-linux-gnu/libnsl-2.17.so
b64dc000-b64de000 rw-p 00000000 00:00 0 
b64de000-b64e5000 r-xp 00000000 08:06 262539     /lib/i386-linux-gnu/libnss_compat-2.17.so
b64e5000-b64e6000 r--p 00006000 08:06 262539     /lib/i386-linux-gnu/libnss_compat-2.17.so
b64e6000-b64e7000 rw-p 00007000 08:06 262539     /lib/i386-linux-gnu/libnss_compat-2.17.so
b64e7000-b64e8000 r--s 00000000 08:06 938994     /var/cache/fontconfig/e0aa53bcfa504e64f87823c16bc01eb6-le32d4.cache-3
b64e8000-b64e9000 r--s 00014000 08:06 1795668    /home/gene/lab/music/playmp3/mp3plugin.jar
b64e9000-b64eb000 r--s 00006000 08:06 137009     /usr/share/java/java-atk-wrapper.jar
b64eb000-b64ec000 r--s 00002000 08:06 1708545    /usr/lib/jvm/java-7-openjdk-common/jre/lib/ext/dnsns.jar
b64ec000-b64ef000 r--s 0000f000 08:06 1708547    /usr/lib/jvm/java-7-openjdk-common/jre/lib/ext/pulse-java.jar
b64ef000-b64f3000 r--s 00085000 08:06 1708546    /usr/lib/jvm/java-7-openjdk-common/jre/lib/ext/localedata.jar
b64f3000-b64f6000 r--s 00032000 08:06 1708548    /usr/lib/jvm/java-7-openjdk-common/jre/lib/ext/sunjce_provider.jar
b64f6000-b64fe000 r-xp 00000000 08:06 1708674    /usr/lib/jvm/java-7-openjdk-i386/jre/lib/i386/libzip.so
b64fe000-b64ff000 r--p 00007000 08:06 1708674    /usr/lib/jvm/java-7-openjdk-i386/jre/lib/i386/libzip.so
b64ff000-b6500000 rw-p 00008000 08:06 1708674    /usr/lib/jvm/java-7-openjdk-i386/jre/lib/i386/libzip.so
b6500000-b65fc000 rw-p 00000000 00:00 0 
b65fc000-b6600000 ---p 00000000 00:00 0 
b6600000-b6602000 r--s 00012000 08:06 1708550    /usr/lib/jvm/java-7-openjdk-common/jre/lib/ext/zipfs.jar
b6602000-b6605000 r--s 0003c000 08:06 1708549    /usr/lib/jvm/java-7-openjdk-common/jre/lib/ext/sunpkcs11.jar
b6605000-b6606000 r--p 005db000 08:06 1709808    /usr/lib/locale/locale-archive
b6606000-b662d000 r-xp 00000000 08:06 1708652    /usr/lib/jvm/java-7-openjdk-i386/jre/lib/i386/libjava.so
b662d000-b662e000 r--p 00026000 08:06 1708652    /usr/lib/jvm/java-7-openjdk-i386/jre/lib/i386/libjava.so
b662e000-b662f000 rw-p 00027000 08:06 1708652    /usr/lib/jvm/java-7-openjdk-i386/jre/lib/i386/libjava.so
b662f000-b6636000 r-xp 00000000 08:06 262591     /lib/i386-linux-gnu/librt-2.17.so
b6636000-b6637000 r--p 00006000 08:06 262591     /lib/i386-linux-gnu/librt-2.17.so
b6637000-b6638000 rw-p 00007000 08:06 262591     /lib/i386-linux-gnu/librt-2.17.so
b6638000-b663b000 ---p 00000000 00:00 0 
b663b000-b6689000 rw-p 00000000 00:00 0          [stack:17303]
b6689000-b66a4000 r-xp 00000000 08:06 262495     /lib/i386-linux-gnu/libgcc_s.so.1
b66a4000-b66a5000 r--p 0001a000 08:06 262495     /lib/i386-linux-gnu/libgcc_s.so.1
b66a5000-b66a6000 rw-p 0001b000 08:06 262495     /lib/i386-linux-gnu/libgcc_s.so.1
b66a6000-b66e7000 r-xp 00000000 08:06 262518     /lib/i386-linux-gnu/libm-2.17.so
b66e7000-b66e8000 r--p 00040000 08:06 262518     /lib/i386-linux-gnu/libm-2.17.so
b66e8000-b66e9000 rw-p 00041000 08:06 262518     /lib/i386-linux-gnu/libm-2.17.so
b66e9000-b67c5000 r-xp 00000000 08:06 1706691    /usr/lib/i386-linux-gnu/libstdc++.so.6.0.17
b67c5000-b67c6000 ---p 000dc000 08:06 1706691    /usr/lib/i386-linux-gnu/libstdc++.so.6.0.17
b67c6000-b67ca000 r--p 000dc000 08:06 1706691    /usr/lib/i386-linux-gnu/libstdc++.so.6.0.17
b67ca000-b67cb000 rw-p 000e0000 08:06 1706691    /usr/lib/i386-linux-gnu/libstdc++.so.6.0.17
b67cb000-b67d2000 rw-p 00000000 00:00 0 
b67d2000-b70c7000 r-xp 00000000 08:06 1708685    /usr/lib/jvm/java-7-openjdk-i386/jre/lib/i386/server/libjvm.so
b70c7000-b710e000 r--p 008f4000 08:06 1708685    /usr/lib/jvm/java-7-openjdk-i386/jre/lib/i386/server/libjvm.so
b710e000-b7122000 rw-p 0093b000 08:06 1708685    /usr/lib/jvm/java-7-openjdk-i386/jre/lib/i386/server/libjvm.so
b7122000-b7540000 rw-p 00000000 00:00 0 
b7540000-b7557000 r-xp 00000000 08:06 262624     /lib/i386-linux-gnu/libz.so.1.2.7
b7557000-b7558000 r--p 00016000 08:06 262624     /lib/i386-linux-gnu/libz.so.1.2.7
b7558000-b7559000 rw-p 00017000 08:06 262624     /lib/i386-linux-gnu/libz.so.1.2.7
b7559000-b7570000 r-xp 00000000 08:06 262583     /lib/i386-linux-gnu/libpthread-2.17.so
b7570000-b7571000 r--p 00016000 08:06 262583     /lib/i386-linux-gnu/libpthread-2.17.so
b7571000-b7572000 rw-p 00017000 08:06 262583     /lib/i386-linux-gnu/libpthread-2.17.so
b7572000-b7574000 rw-p 00000000 00:00 0 
b7574000-b7577000 r-xp 00000000 08:06 262485     /lib/i386-linux-gnu/libdl-2.17.so
b7577000-b7578000 r--p 00002000 08:06 262485     /lib/i386-linux-gnu/libdl-2.17.so
b7578000-b7579000 rw-p 00003000 08:06 262485     /lib/i386-linux-gnu/libdl-2.17.so
b7579000-b7726000 r-xp 00000000 08:06 262470     /lib/i386-linux-gnu/libc-2.17.so
b7726000-b7728000 r--p 001ad000 08:06 262470     /lib/i386-linux-gnu/libc-2.17.so
b7728000-b7729000 rw-p 001af000 08:06 262470     /lib/i386-linux-gnu/libc-2.17.so
b7729000-b772c000 rw-p 00000000 00:00 0 
b772c000-b7734000 rw-s 00000000 08:06 1441575    /tmp/hsperfdata_gene/17298
b7734000-b7735000 rw-p 00000000 00:00 0 
b7735000-b7736000 r--p 00000000 00:00 0 
b7736000-b7743000 r-xp 00000000 08:06 1708673    /usr/lib/jvm/java-7-openjdk-i386/jre/lib/i386/libverify.so
b7743000-b7744000 r--p 0000d000 08:06 1708673    /usr/lib/jvm/java-7-openjdk-i386/jre/lib/i386/libverify.so
b7744000-b7745000 rw-p 0000e000 08:06 1708673    /usr/lib/jvm/java-7-openjdk-i386/jre/lib/i386/libverify.so
b7745000-b7752000 r-xp 00000000 08:06 1708681    /usr/lib/jvm/java-7-openjdk-i386/jre/lib/i386/jli/libjli.so
b7752000-b7753000 r--p 0000c000 08:06 1708681    /usr/lib/jvm/java-7-openjdk-i386/jre/lib/i386/jli/libjli.so
b7753000-b7754000 rw-p 0000d000 08:06 1708681    /usr/lib/jvm/java-7-openjdk-i386/jre/lib/i386/jli/libjli.so
b7754000-b7757000 rw-p 00000000 00:00 0 
b7757000-b7758000 r-xp 00000000 00:00 0          [vdso]
b7758000-b7778000 r-xp 00000000 08:06 262446     /lib/i386-linux-gnu/ld-2.17.so
b7778000-b7779000 r--p 0001f000 08:06 262446     /lib/i386-linux-gnu/ld-2.17.so
b7779000-b777a000 rw-p 00020000 08:06 262446     /lib/i386-linux-gnu/ld-2.17.so
bf8a5000-bf8c6000 rw-p 00000000 00:00 0          [stack]

VM Arguments:
jvm_args: -Dfile.encoding=UTF-8 
java_command: musicplayer.Musicplayer
Launcher Type: SUN_STANDARD

Environment Variables:
PATH=/usr/local/sbin:/usr/local/bin:/usr/sbin:/usr/bin:/sbin:/bin:/usr/games:/usr/local/games
USERNAME=gene
LD_LIBRARY_PATH=/usr/lib/jvm/default-java/jre/lib/amd64:/usr/lib/jvm/default-java/jre/lib/i386:
SHELL=/bin/bash
DISPLAY=:0

Signal Handlers:
SIGSEGV: [libjvm.so+0x7598c0], sa_mask[0]=0x7ffbfeff, sa_flags=0x10000004
SIGBUS: [libjvm.so+0x7598c0], sa_mask[0]=0x7ffbfeff, sa_flags=0x10000004
SIGFPE: [libjvm.so+0x5f54f0], sa_mask[0]=0x7ffbfeff, sa_flags=0x10000004
SIGPIPE: [libjvm.so+0x5f54f0], sa_mask[0]=0x7ffbfeff, sa_flags=0x10000004
SIGXFSZ: [libjvm.so+0x5f54f0], sa_mask[0]=0x7ffbfeff, sa_flags=0x10000004
SIGILL: [libjvm.so+0x5f54f0], sa_mask[0]=0x7ffbfeff, sa_flags=0x10000004
SIGUSR1: SIG_DFL, sa_mask[0]=0x00000000, sa_flags=0x00000000
SIGUSR2: [libjvm.so+0x5f53a0], sa_mask[0]=0x00000004, sa_flags=0x10000004
SIGHUP: [libjvm.so+0x5f5930], sa_mask[0]=0x7ffbfeff, sa_flags=0x10000004
SIGINT: SIG_IGN, sa_mask[0]=0x00000000, sa_flags=0x00000000
SIGTERM: [libjvm.so+0x5f5930], sa_mask[0]=0x7ffbfeff, sa_flags=0x10000004
SIGQUIT: [libjvm.so+0x5f5930], sa_mask[0]=0x7ffbfeff, sa_flags=0x10000004


---------------  S Y S T E M  ---------------

OS:Ubuntu 13.04 (raring)
uname:Linux 3.8.0-19-generic #29-Ubuntu SMP Wed Apr 17 18:19:42 UTC 2013 i686
libc:glibc 2.17 NPTL 2.17 
rlimit: STACK 8192k, CORE 0k, NPROC 30928, NOFILE 4096, AS infinity
load average:0.43 0.69 0.60

/proc/meminfo:
MemTotal:        3975340 kB
MemFree:          303344 kB
Buffers:          662892 kB
Cached:          1819996 kB
SwapCached:            0 kB
Active:          1634872 kB
Inactive:        1898052 kB
Active(anon):    1020668 kB
Inactive(anon):   207948 kB
Active(file):     614204 kB
Inactive(file):  1690104 kB
Unevictable:           0 kB
Mlocked:               0 kB
HighTotal:       3125056 kB
HighFree:         235856 kB
LowTotal:         850284 kB
LowFree:           67488 kB
SwapTotal:       2047996 kB
SwapFree:        2047996 kB
Dirty:                60 kB
Writeback:             0 kB
AnonPages:       1050092 kB
Mapped:           154396 kB
Shmem:            178580 kB
Slab:             103472 kB
SReclaimable:      80500 kB
SUnreclaim:        22972 kB
KernelStack:        3656 kB
PageTables:         8132 kB
NFS_Unstable:          0 kB
Bounce:                0 kB
WritebackTmp:          0 kB
CommitLimit:     4035664 kB
Committed_AS:    3038064 kB
VmallocTotal:     122880 kB
VmallocUsed:       20008 kB
VmallocChunk:      89160 kB
HardwareCorrupted:     0 kB
AnonHugePages:         0 kB
HugePages_Total:       0
HugePages_Free:        0
HugePages_Rsvd:        0
HugePages_Surp:        0
Hugepagesize:       2048 kB
DirectMap4k:       10232 kB
DirectMap2M:      903168 kB


CPU:total 4 (2 cores per cpu, 2 threads per core) family 6 model 42 stepping 7, cmov, cx8, fxsr, mmx, sse, sse2, sse3, ssse3, sse4.1, sse4.2, popcnt, avx, ht, tsc, tscinvbit

/proc/cpuinfo:
processor	: 0
vendor_id	: GenuineIntel
cpu family	: 6
model		: 42
model name	: Intel(R) Core(TM) i3-2370M CPU @ 2.40GHz
stepping	: 7
microcode	: 0x25
cpu MHz		: 800.000
cache size	: 3072 KB
physical id	: 0
siblings	: 4
core id		: 0
cpu cores	: 2
apicid		: 0
initial apicid	: 0
fdiv_bug	: no
hlt_bug		: no
f00f_bug	: no
coma_bug	: no
fpu		: yes
fpu_exception	: yes
cpuid level	: 13
wp		: yes
flags		: fpu vme de pse tsc msr pae mce cx8 apic sep mtrr pge mca cmov pat pse36 clflush dts acpi mmx fxsr sse sse2 ss ht tm pbe nx rdtscp lm constant_tsc arch_perfmon pebs bts xtopology nonstop_tsc aperfmperf eagerfpu pni pclmulqdq dtes64 monitor ds_cpl vmx est tm2 ssse3 cx16 xtpr pdcm pcid sse4_1 sse4_2 x2apic popcnt tsc_deadline_timer xsave avx lahf_lm arat epb xsaveopt pln pts dtherm tpr_shadow vnmi flexpriority ept vpid
bogomips	: 4788.77
clflush size	: 64
cache_alignment	: 64
address sizes	: 36 bits physical, 48 bits virtual
power management:

processor	: 1
vendor_id	: GenuineIntel
cpu family	: 6
model		: 42
model name	: Intel(R) Core(TM) i3-2370M CPU @ 2.40GHz
stepping	: 7
microcode	: 0x25
cpu MHz		: 2400.000
cache size	: 3072 KB
physical id	: 0
siblings	: 4
core id		: 0
cpu cores	: 2
apicid		: 1
initial apicid	: 1
fdiv_bug	: no
hlt_bug		: no
f00f_bug	: no
coma_bug	: no
fpu		: yes
fpu_exception	: yes
cpuid level	: 13
wp		: yes
flags		: fpu vme de pse tsc msr pae mce cx8 apic sep mtrr pge mca cmov pat pse36 clflush dts acpi mmx fxsr sse sse2 ss ht tm pbe nx rdtscp lm constant_tsc arch_perfmon pebs bts xtopology nonstop_tsc aperfmperf eagerfpu pni pclmulqdq dtes64 monitor ds_cpl vmx est tm2 ssse3 cx16 xtpr pdcm pcid sse4_1 sse4_2 x2apic popcnt tsc_deadline_timer xsave avx lahf_lm arat epb xsaveopt pln pts dtherm tpr_shadow vnmi flexpriority ept vpid
bogomips	: 4788.77
clflush size	: 64
cache_alignment	: 64
address sizes	: 36 bits physical, 48 bits virtual
power management:

processor	: 2
vendor_id	: GenuineIntel
cpu family	: 6
model		: 42
model name	: Intel(R) Core(TM) i3-2370M CPU @ 2.40GHz
stepping	: 7
microcode	: 0x25
cpu MHz		: 800.000
cache size	: 3072 KB
physical id	: 0
siblings	: 4
core id		: 1
cpu cores	: 2
apicid		: 2
initial apicid	: 2
fdiv_bug	: no
hlt_bug		: no
f00f_bug	: no
coma_bug	: no
fpu		: yes
fpu_exception	: yes
cpuid level	: 13
wp		: yes
flags		: fpu vme de pse tsc msr pae mce cx8 apic sep mtrr pge mca cmov pat pse36 clflush dts acpi mmx fxsr sse sse2 ss ht tm pbe nx rdtscp lm constant_tsc arch_perfmon pebs bts xtopology nonstop_tsc aperfmperf eagerfpu pni pclmulqdq dtes64 monitor ds_cpl vmx est tm2 ssse3 cx16 xtpr pdcm pcid sse4_1 sse4_2 x2apic popcnt tsc_deadline_timer xsave avx lahf_lm arat epb xsaveopt pln pts dtherm tpr_shadow vnmi flexpriority ept vpid
bogomips	: 4788.77
clflush size	: 64
cache_alignment	: 64
address sizes	: 36 bits physical, 48 bits virtual
power management:

processor	: 3
vendor_id	: GenuineIntel
cpu family	: 6
model		: 42
model name	: Intel(R) Core(TM) i3-2370M CPU @ 2.40GHz
stepping	: 7
microcode	: 0x25
cpu MHz		: 2400.000
cache size	: 3072 KB
physical id	: 0
siblings	: 4
core id		: 1
cpu cores	: 2
apicid		: 3
initial apicid	: 3
fdiv_bug	: no
hlt_bug		: no
f00f_bug	: no
coma_bug	: no
fpu		: yes
fpu_exception	: yes
cpuid level	: 13
wp		: yes
flags		: fpu vme de pse tsc msr pae mce cx8 apic sep mtrr pge mca cmov pat pse36 clflush dts acpi mmx fxsr sse sse2 ss ht tm pbe nx rdtscp lm constant_tsc arch_perfmon pebs bts xtopology nonstop_tsc aperfmperf eagerfpu pni pclmulqdq dtes64 monitor ds_cpl vmx est tm2 ssse3 cx16 xtpr pdcm pcid sse4_1 sse4_2 x2apic popcnt tsc_deadline_timer xsave avx lahf_lm arat epb xsaveopt pln pts dtherm tpr_shadow vnmi flexpriority ept vpid
bogomips	: 4788.77
clflush size	: 64
cache_alignment	: 64
address sizes	: 36 bits physical, 48 bits virtual
power management:



Memory: 4k page, physical 3975340k(303344k free), swap 2047996k(2047996k free)

vm_info: OpenJDK Server VM (23.7-b01) for linux-x86 JRE (1.7.0_21-b02), built on Apr 22 2013 07:41:32 by "buildd" with gcc 4.7.3

time: Thu Oct 31 17:44:07 2013
elapsed time: 30 seconds

