#
# A fatal error has been detected by the Java Runtime Environment:
#
#  SIGSEGV (0xb) at pc=0x67a47d60, pid=18284, tid=1739819840
#
# JRE version: 7.0_21-b02
# Java VM: OpenJDK Server VM (23.7-b01 mixed mode linux-x86 )
# Problematic frame:
# C  [sqlite-3.7.151-i386-libsqlitejdbc.so+0xbd60]  Java_org_sqlite_NativeDB_shared_1cache+0x5c60
#
# Failed to write core dump. Core dumps have been disabled. To enable core dumping, try "ulimit -c unlimited" before starting Java again
#
# If you would like to submit a bug report, please include
# instructions on how to reproduce the bug and visit:
#   https://bugs.launchpad.net/ubuntu/+source/openjdk-7/
# The crash happened outside the Java Virtual Machine in native code.
# See problematic frame for where to report the bug.
#

---------------  T H R E A D  ---------------

Current thread (0x67ccc400):  JavaThread "AWT-EventQueue-0" [_thread_in_native, id=18304, stack(0x67ae8000,0x67b39000)]

siginfo:si_signo=SIGSEGV: si_errno=0, si_code=1 (SEGV_MAPERR), si_addr=0x0000002c

Registers:
EAX=0x00000000, EBX=0x67ae0ff4, ECX=0x67a617b0, EDX=0x00000000
ESP=0x67b37070, EBP=0x67b37088, ESI=0x00000000, EDI=0x00000000
EIP=0x67a47d60, EFLAGS=0x00210202, CR2=0x0000002c

Top of Stack: (sp=0x67b37070)
0x67b37070:   6e741bc0 00000001 0000000a 67ccc400
0x67b37080:   6edf1498 67ccc528 67b370a8 67a41aa9
0x67b37090:   67a617b0 00000000 67ccc400 6edf1498
0x67b370a0:   6edf1498 67ccc400 67b370f8 b340b653
0x67b370b0:   67ccc528 67b37114 00000000 00000000
0x67b370c0:   00000000 67ccc400 67b37108 67b370d0
0x67b370d0:   67ccc405 9f7d65f0 67b370d0 00000000
0x67b370e0:   67b37114 6ee85278 00000000 6edf1498 

Instructions: (pc=0x67a47d60)
0x67a47d40:   07 0f b7 40 2c 5d c3 90 31 c0 5d c3 8d 74 26 00
0x67a47d50:   55 89 e5 83 ec 18 89 7d fc 89 c7 89 75 f8 89 d6
0x67a47d60:   0f b7 57 2c 8b 00 39 d6 89 45 f4 89 55 f0 7d 58
0x67a47d70:   85 f6 78 54 8b 55 f4 8b 42 0c 89 04 24 e8 ce b2 

Register to memory mapping:

EAX=0x00000000 is an unknown value
EBX=0x67ae0ff4: <offset 0xa4ff4> in /tmp/sqlite-3.7.151-i386-libsqlitejdbc.so at 0x67a3c000
ECX=0x67a617b0: <offset 0x257b0> in /tmp/sqlite-3.7.151-i386-libsqlitejdbc.so at 0x67a3c000
EDX=0x00000000 is an unknown value
ESP=0x67b37070 is pointing into the stack for thread: 0x67ccc400
EBP=0x67b37088 is pointing into the stack for thread: 0x67ccc400
ESI=0x00000000 is an unknown value
EDI=0x00000000 is an unknown value


Stack: [0x67ae8000,0x67b39000],  sp=0x67b37070,  free space=316k
Native frames: (J=compiled Java code, j=interpreted, Vv=VM code, C=native code)
C  [sqlite-3.7.151-i386-libsqlitejdbc.so+0xbd60]  Java_org_sqlite_NativeDB_shared_1cache+0x5c60
C  [sqlite-3.7.151-i386-libsqlitejdbc.so+0x5aa9]  Java_org_sqlite_NativeDB_column_1name+0x29
j  org.sqlite.NativeDB.column_name(JI)Ljava/lang/String;+0
j  org.sqlite.RS.getColumnName(I)Ljava/lang/String;+16
j  org.sqlite.RS.getColumnLabel(I)Ljava/lang/String;+2
j  net.proteanit.sql.DbUtils.resultSetToTableModel(Ljava/sql/ResultSet;)Ljavax/swing/table/TableModel;+37
j  musicplayer.UI.searchTextFieldKeyReleased(Ljava/awt/event/KeyEvent;)V+38
j  musicplayer.UI.access$1700(Lmusicplayer/UI;Ljava/awt/event/KeyEvent;)V+2
j  musicplayer.UI$12.keyReleased(Ljava/awt/event/KeyEvent;)V+5
j  java.awt.AWTEventMulticaster.keyReleased(Ljava/awt/event/KeyEvent;)V+21
j  java.awt.Component.processKeyEvent(Ljava/awt/event/KeyEvent;)V+62
j  javax.swing.JComponent.processKeyEvent(Ljava/awt/event/KeyEvent;)V+2
j  java.awt.Component.processEvent(Ljava/awt/AWTEvent;)V+121
j  java.awt.Container.processEvent(Ljava/awt/AWTEvent;)V+18
j  java.awt.Component.dispatchEventImpl(Ljava/awt/AWTEvent;)V+581
j  java.awt.Container.dispatchEventImpl(Ljava/awt/AWTEvent;)V+42
j  java.awt.Component.dispatchEvent(Ljava/awt/AWTEvent;)V+2
j  java.awt.KeyboardFocusManager.redispatchEvent(Ljava/awt/Component;Ljava/awt/AWTEvent;)V+7
j  java.awt.DefaultKeyboardFocusManager.dispatchKeyEvent(Ljava/awt/event/KeyEvent;)Z+63
j  java.awt.DefaultKeyboardFocusManager.preDispatchKeyEvent(Ljava/awt/event/KeyEvent;)Z+140
j  java.awt.DefaultKeyboardFocusManager.typeAheadAssertions(Ljava/awt/Component;Ljava/awt/AWTEvent;)Z+154
j  java.awt.DefaultKeyboardFocusManager.dispatchEvent(Ljava/awt/AWTEvent;)Z+1548
j  java.awt.Component.dispatchEventImpl(Ljava/awt/AWTEvent;)V+144
j  java.awt.Container.dispatchEventImpl(Ljava/awt/AWTEvent;)V+42
j  java.awt.Window.dispatchEventImpl(Ljava/awt/AWTEvent;)V+19
j  java.awt.Component.dispatchEvent(Ljava/awt/AWTEvent;)V+2
j  java.awt.EventQueue.dispatchEventImpl(Ljava/awt/AWTEvent;Ljava/lang/Object;)V+41
j  java.awt.EventQueue.access$200(Ljava/awt/EventQueue;Ljava/awt/AWTEvent;Ljava/lang/Object;)V+3
j  java.awt.EventQueue$3.run()Ljava/lang/Void;+12
j  java.awt.EventQueue$3.run()Ljava/lang/Object;+1
v  ~StubRoutines::call_stub
V  [libjvm.so+0x42b06c]  JavaCalls::call_helper(JavaValue*, methodHandle*, JavaCallArguments*, Thread*)+0x39c

Java frames: (J=compiled Java code, j=interpreted, Vv=VM code)
j  org.sqlite.NativeDB.column_name(JI)Ljava/lang/String;+0
j  org.sqlite.RS.getColumnName(I)Ljava/lang/String;+16
j  org.sqlite.RS.getColumnLabel(I)Ljava/lang/String;+2
j  net.proteanit.sql.DbUtils.resultSetToTableModel(Ljava/sql/ResultSet;)Ljavax/swing/table/TableModel;+37
j  musicplayer.UI.searchTextFieldKeyReleased(Ljava/awt/event/KeyEvent;)V+38
j  musicplayer.UI.access$1700(Lmusicplayer/UI;Ljava/awt/event/KeyEvent;)V+2
j  musicplayer.UI$12.keyReleased(Ljava/awt/event/KeyEvent;)V+5
j  java.awt.AWTEventMulticaster.keyReleased(Ljava/awt/event/KeyEvent;)V+21
j  java.awt.Component.processKeyEvent(Ljava/awt/event/KeyEvent;)V+62
j  javax.swing.JComponent.processKeyEvent(Ljava/awt/event/KeyEvent;)V+2
j  java.awt.Component.processEvent(Ljava/awt/AWTEvent;)V+121
j  java.awt.Container.processEvent(Ljava/awt/AWTEvent;)V+18
j  java.awt.Component.dispatchEventImpl(Ljava/awt/AWTEvent;)V+581
j  java.awt.Container.dispatchEventImpl(Ljava/awt/AWTEvent;)V+42
j  java.awt.Component.dispatchEvent(Ljava/awt/AWTEvent;)V+2
j  java.awt.KeyboardFocusManager.redispatchEvent(Ljava/awt/Component;Ljava/awt/AWTEvent;)V+7
j  java.awt.DefaultKeyboardFocusManager.dispatchKeyEvent(Ljava/awt/event/KeyEvent;)Z+63
j  java.awt.DefaultKeyboardFocusManager.preDispatchKeyEvent(Ljava/awt/event/KeyEvent;)Z+140
j  java.awt.DefaultKeyboardFocusManager.typeAheadAssertions(Ljava/awt/Component;Ljava/awt/AWTEvent;)Z+154
j  java.awt.DefaultKeyboardFocusManager.dispatchEvent(Ljava/awt/AWTEvent;)Z+1548
j  java.awt.Component.dispatchEventImpl(Ljava/awt/AWTEvent;)V+144
j  java.awt.Container.dispatchEventImpl(Ljava/awt/AWTEvent;)V+42
j  java.awt.Window.dispatchEventImpl(Ljava/awt/AWTEvent;)V+19
j  java.awt.Component.dispatchEvent(Ljava/awt/AWTEvent;)V+2
j  java.awt.EventQueue.dispatchEventImpl(Ljava/awt/AWTEvent;Ljava/lang/Object;)V+41
j  java.awt.EventQueue.access$200(Ljava/awt/EventQueue;Ljava/awt/AWTEvent;Ljava/lang/Object;)V+3
j  java.awt.EventQueue$3.run()Ljava/lang/Void;+12
j  java.awt.EventQueue$3.run()Ljava/lang/Object;+1
v  ~StubRoutines::call_stub
j  java.security.AccessController.doPrivileged(Ljava/security/PrivilegedAction;Ljava/security/AccessControlContext;)Ljava/lang/Object;+0
j  java.security.ProtectionDomain$1.doIntersectionPrivilege(Ljava/security/PrivilegedAction;Ljava/security/AccessControlContext;Ljava/security/AccessControlContext;)Ljava/lang/Object;+28
j  java.security.ProtectionDomain$1.doIntersectionPrivilege(Ljava/security/PrivilegedAction;Ljava/security/AccessControlContext;)Ljava/lang/Object;+6
j  java.awt.EventQueue$4.run()Ljava/lang/Void;+11
j  java.awt.EventQueue$4.run()Ljava/lang/Object;+1
v  ~StubRoutines::call_stub
j  java.security.AccessController.doPrivileged(Ljava/security/PrivilegedAction;Ljava/security/AccessControlContext;)Ljava/lang/Object;+0
j  java.security.ProtectionDomain$1.doIntersectionPrivilege(Ljava/security/PrivilegedAction;Ljava/security/AccessControlContext;Ljava/security/AccessControlContext;)Ljava/lang/Object;+28
j  java.awt.EventQueue.dispatchEvent(Ljava/awt/AWTEvent;)V+73
j  java.awt.EventDispatchThread.pumpOneEventForFilters(I)V+245
j  java.awt.EventDispatchThread.pumpEventsForFilter(ILjava/awt/Conditional;Ljava/awt/EventFilter;)V+35
j  java.awt.EventDispatchThread.pumpEventsForHierarchy(ILjava/awt/Conditional;Ljava/awt/Component;)V+11
j  java.awt.EventDispatchThread.pumpEvents(ILjava/awt/Conditional;)V+4
j  java.awt.EventDispatchThread.pumpEvents(Ljava/awt/Conditional;)V+3
j  java.awt.EventDispatchThread.run()V+9
v  ~StubRoutines::call_stub

---------------  P R O C E S S  ---------------

Java Threads: ( => current thread )
  0x6dcb8800 JavaThread "Loop thread: com.ibm.media.parser.video.MpegParser$MediaTrack@16d286" [_thread_blocked, id=18387, stack(0x6760d000,0x6765e000)]
  0x6dcb7400 JavaThread "Loop thread: com.sun.media.renderer.audio.JavaSoundRenderer@3413bb" [_thread_blocked, id=18386, stack(0x6765e000,0x676af000)]
  0x6dca5800 JavaThread "PulseAudio Eventloop Thread" daemon [_thread_in_native, id=18385, stack(0x6644f000,0x664a0000)]
  0x0932e800 JavaThread "Loop thread" [_thread_blocked, id=18377, stack(0x66d5e000,0x66daf000)]
  0x67058800 JavaThread "JMF thread: SendEventQueue: com.sun.media.PlaybackEngine" [_thread_blocked, id=18373, stack(0x66faf000,0x67000000)]
  0x67057c00 JavaThread "JMF thread: SendEventQueue: com.sun.media.content.unknown.Handler" [_thread_blocked, id=18372, stack(0x6710d000,0x6715e000)]
  0x6e000800 JavaThread "Loop thread" [_thread_blocked, id=18321, stack(0x66f5e000,0x66faf000)]
  0x6700ec00 JavaThread "JMF thread: SendEventQueue: com.sun.media.PlaybackEngine" [_thread_blocked, id=18317, stack(0x6715e000,0x671af000)]
  0x6700d800 JavaThread "JMF thread: SendEventQueue: com.sun.media.content.unknown.Handler" [_thread_blocked, id=18316, stack(0x671af000,0x67200000)]
  0x67821800 JavaThread "TimerQueue" daemon [_thread_blocked, id=18315, stack(0x676af000,0x67700000)]
  0xb6406800 JavaThread "DestroyJavaVM" [_thread_blocked, id=18288, stack(0xb65fa000,0xb664b000)]
=>0x67ccc400 JavaThread "AWT-EventQueue-0" [_thread_in_native, id=18304, stack(0x67ae8000,0x67b39000)]
  0x67ccb000 JavaThread "AWT-Shutdown" [_thread_blocked, id=18303, stack(0x67b39000,0x67b8a000)]
  0x67c0b400 JavaThread "AWT-XAWT" daemon [_thread_in_native, id=18302, stack(0x67da8000,0x67df9000)]
  0x6a3e9c00 JavaThread "Java2D Disposer" daemon [_thread_blocked, id=18301, stack(0x67df9000,0x67e4a000)]
  0x6a901400 JavaThread "Service Thread" daemon [_thread_blocked, id=18299, stack(0x6ab2e000,0x6ab7f000)]
  0x6acfe800 JavaThread "C2 CompilerThread1" daemon [_thread_blocked, id=18298, stack(0x6a4fe000,0x6a57f000)]
  0x6acfc800 JavaThread "C2 CompilerThread0" daemon [_thread_blocked, id=18297, stack(0x6a57f000,0x6a600000)]
  0x6acfac00 JavaThread "Signal Dispatcher" daemon [_thread_blocked, id=18296, stack(0x6dd2e000,0x6dd7f000)]
  0x6acb8c00 JavaThread "Finalizer" daemon [_thread_blocked, id=18295, stack(0x6df2e000,0x6df7f000)]
  0x6acb7000 JavaThread "Reference Handler" daemon [_thread_blocked, id=18294, stack(0x6e12e000,0x6e17f000)]

Other Threads:
  0x6acb0800 VMThread [stack: 0x6ab7f000,0x6ac00000] [id=18293]
  0x6a903400 WatcherThread [stack: 0x6a47d000,0x6a4fe000] [id=18300]

VM state:not at safepoint (normal execution)

VM Mutex/Monitor currently owned by a thread: None

Heap
 PSYoungGen      total 18112K, used 11621K [0x9ef40000, 0xa0370000, 0xb3340000)
  eden space 15552K, 58% used [0x9ef40000,0x9f81b998,0x9fe70000)
  from space 2560K, 99% used [0x9fe70000,0xa00eddc8,0xa00f0000)
  to   space 2560K, 0% used [0xa00f0000,0xa00f0000,0xa0370000)
 ParOldGen       total 41472K, used 4477K [0x76740000, 0x78fc0000, 0x9ef40000)
  object space 41472K, 10% used [0x76740000,0x76b9f4b8,0x78fc0000)
 PSPermGen       total 16384K, used 14895K [0x6e740000, 0x6f740000, 0x76740000)
  object space 16384K, 90% used [0x6e740000,0x6f5cbdc0,0x6f740000)

Card table byte_map: [0x6e519000,0x6e740000] byte_map_base: 0x6e1a5600

Polling page: 0xb76f7000

Code Cache  [0xb3400000, 0xb3640000, 0xb6400000)
 total_blobs=537 nmethods=258 adapters=231 free_code_cache=48325Kb largest_free_block=49444416

Compilation events (10 events):
Event: 20.728 Thread 0x6acfc800  269             codecLib.mp3.n::a (831 bytes)
Event: 20.783 Thread 0x6acfc800 nmethod 269 0xb3495c48 code [0xb3496120, 0xb3497f40]
Event: 22.821 Thread 0x6acfe800  270             javax.swing.GroupLayout$Group::getSpringSize (62 bytes)
Event: 22.823 Thread 0x6acfc800  271   !         sun.font.FontDesignMetrics::getMetrics (266 bytes)
Event: 22.826 Thread 0x6acfe800 nmethod 270 0xb345bc08 code [0xb345bd00, 0xb345be50]
Event: 22.863 Thread 0x6acfc800 nmethod 271 0xb349a988 code [0xb349ad00, 0xb349be38]
Event: 23.679 Thread 0x6acfe800  272             java.lang.Math::getExponent (5 bytes)
Event: 23.680 Thread 0x6acfe800 nmethod 272 0xb34c3408 code [0xb34c34e0, 0xb34c3530]
Event: 23.681 Thread 0x6acfc800  273             java.lang.StrictMath::floorOrCeil (128 bytes)
Event: 23.683 Thread 0x6acfc800 nmethod 273 0xb345ba08 code [0xb345bae0, 0xb345bbd0]

GC Heap History (6 events):
Event: 1.401 GC heap before
{Heap before GC invocations=1 (full 0):
 PSYoungGen      total 18112K, used 15552K [0x9ef40000, 0xa0370000, 0xb3340000)
  eden space 15552K, 100% used [0x9ef40000,0x9fe70000,0x9fe70000)
  from space 2560K, 0% used [0xa00f0000,0xa00f0000,0xa0370000)
  to   space 2560K, 0% used [0x9fe70000,0x9fe70000,0xa00f0000)
 ParOldGen       total 41472K, used 0K [0x76740000, 0x78fc0000, 0x9ef40000)
  object space 41472K, 0% used [0x76740000,0x76740000,0x78fc0000)
 PSPermGen       total 16384K, used 11078K [0x6e740000, 0x6f740000, 0x76740000)
  object space 16384K, 67% used [0x6e740000,0x6f211b98,0x6f740000)
Event: 1.410 GC heap after
Heap after GC invocations=1 (full 0):
 PSYoungGen      total 18112K, used 2547K [0x9ef40000, 0xa0370000, 0xb3340000)
  eden space 15552K, 0% used [0x9ef40000,0x9ef40000,0x9fe70000)
  from space 2560K, 99% used [0x9fe70000,0xa00ecf40,0xa00f0000)
  to   space 2560K, 0% used [0xa00f0000,0xa00f0000,0xa0370000)
 ParOldGen       total 41472K, used 1203K [0x76740000, 0x78fc0000, 0x9ef40000)
  object space 41472K, 2% used [0x76740000,0x7686cdc8,0x78fc0000)
 PSPermGen       total 16384K, used 11078K [0x6e740000, 0x6f740000, 0x76740000)
  object space 16384K, 67% used [0x6e740000,0x6f211b98,0x6f740000)
}
Event: 9.237 GC heap before
{Heap before GC invocations=2 (full 0):
 PSYoungGen      total 18112K, used 18099K [0x9ef40000, 0xa0370000, 0xb3340000)
  eden space 15552K, 100% used [0x9ef40000,0x9fe70000,0x9fe70000)
  from space 2560K, 99% used [0x9fe70000,0xa00ecf40,0xa00f0000)
  to   space 2560K, 0% used [0xa00f0000,0xa00f0000,0xa0370000)
 ParOldGen       total 41472K, used 1203K [0x76740000, 0x78fc0000, 0x9ef40000)
  object space 41472K, 2% used [0x76740000,0x7686cdc8,0x78fc0000)
 PSPermGen       total 16384K, used 14557K [0x6e740000, 0x6f740000, 0x76740000)
  object space 16384K, 88% used [0x6e740000,0x6f577458,0x6f740000)
Event: 9.245 GC heap after
Heap after GC invocations=2 (full 0):
 PSYoungGen      total 18112K, used 2544K [0x9ef40000, 0xa0370000, 0xb3340000)
  eden space 15552K, 0% used [0x9ef40000,0x9ef40000,0x9fe70000)
  from space 2560K, 99% used [0xa00f0000,0xa036c340,0xa0370000)
  to   space 2560K, 0% used [0x9fe70000,0x9fe70000,0xa00f0000)
 ParOldGen       total 41472K, used 4073K [0x76740000, 0x78fc0000, 0x9ef40000)
  object space 41472K, 9% used [0x76740000,0x76b3a550,0x78fc0000)
 PSPermGen       total 16384K, used 14557K [0x6e740000, 0x6f740000, 0x76740000)
  object space 16384K, 88% used [0x6e740000,0x6f577458,0x6f740000)
}
Event: 16.085 GC heap before
{Heap before GC invocations=3 (full 0):
 PSYoungGen      total 18112K, used 18096K [0x9ef40000, 0xa0370000, 0xb3340000)
  eden space 15552K, 100% used [0x9ef40000,0x9fe70000,0x9fe70000)
  from space 2560K, 99% used [0xa00f0000,0xa036c340,0xa0370000)
  to   space 2560K, 0% used [0x9fe70000,0x9fe70000,0xa00f0000)
 ParOldGen       total 41472K, used 4073K [0x76740000, 0x78fc0000, 0x9ef40000)
  object space 41472K, 9% used [0x76740000,0x76b3a550,0x78fc0000)
 PSPermGen       total 16384K, used 14799K [0x6e740000, 0x6f740000, 0x76740000)
  object space 16384K, 90% used [0x6e740000,0x6f5b3d78,0x6f740000)
Event: 16.092 GC heap after
Heap after GC invocations=3 (full 0):
 PSYoungGen      total 18112K, used 2551K [0x9ef40000, 0xa0370000, 0xb3340000)
  eden space 15552K, 0% used [0x9ef40000,0x9ef40000,0x9fe70000)
  from space 2560K, 99% used [0x9fe70000,0xa00eddc8,0xa00f0000)
  to   space 2560K, 0% used [0xa00f0000,0xa00f0000,0xa0370000)
 ParOldGen       total 41472K, used 4477K [0x76740000, 0x78fc0000, 0x9ef40000)
  object space 41472K, 10% used [0x76740000,0x76b9f4b8,0x78fc0000)
 PSPermGen       total 16384K, used 14799K [0x6e740000, 0x6f740000, 0x76740000)
  object space 16384K, 90% used [0x6e740000,0x6f5b3d78,0x6f740000)
}

Deoptimization events (10 events):
Event: 1.716 Thread 0x6e000800 Uncommon trap -83 fr.pc 0xb3489048
Event: 1.728 Thread 0x6e209000 Uncommon trap -83 fr.pc 0xb3488c80
Event: 1.737 Thread 0x6e209000 Uncommon trap -83 fr.pc 0xb3488978
Event: 1.848 Thread 0x67ccc400 Uncommon trap -83 fr.pc 0xb3477b04
Event: 2.220 Thread 0x67ccc400 Uncommon trap -83 fr.pc 0xb34aeb4c
Event: 4.118 Thread 0x67ccc400 Uncommon trap -83 fr.pc 0xb3477ec0
Event: 4.118 Thread 0x67ccc400 Uncommon trap -83 fr.pc 0xb3479b4c
Event: 4.118 Thread 0x67ccc400 Uncommon trap -83 fr.pc 0xb34a4634
Event: 6.931 Thread 0x67ccc400 Uncommon trap -83 fr.pc 0xb34ae410
Event: 10.282 Thread 0x67ccc400 Uncommon trap -83 fr.pc 0xb3475b80

Internal exceptions (10 events):
Event: 9.170 Thread 0x67ccc400 Threw 0x9fc64e58 at /build/buildd/openjdk-7-7u21-2.3.9/build/openjdk/hotspot/src/share/vm/interpreter/interpreterRuntime.cpp:362
Event: 9.179 Thread 0x0932f800 Threw 0x9fd78438 at /build/buildd/openjdk-7-7u21-2.3.9/build/openjdk/hotspot/src/share/vm/prims/jvm.cpp:1166
Event: 9.249 Thread 0x6acb8c00 Threw 0x9efa2708 at /build/buildd/openjdk-7-7u21-2.3.9/build/openjdk/hotspot/src/share/vm/prims/jvm.cpp:1166
Event: 9.261 Thread 0x6dcb8800 Threw 0x9f0004f8 at /build/buildd/openjdk-7-7u21-2.3.9/build/openjdk/hotspot/src/share/vm/prims/jvm.cpp:1166
Event: 9.263 Thread 0x6dcb8800 Threw 0x9f003858 at /build/buildd/openjdk-7-7u21-2.3.9/build/openjdk/hotspot/src/share/vm/prims/jvm.cpp:1166
Event: 9.271 Thread 0x6dcb8800 Threw 0x9f015c40 at /build/buildd/openjdk-7-7u21-2.3.9/build/openjdk/hotspot/src/share/vm/prims/jvm.cpp:1166
Event: 9.272 Thread 0x6dcb8800 Threw 0x9f01bf58 at /build/buildd/openjdk-7-7u21-2.3.9/build/openjdk/hotspot/src/share/vm/prims/jvm.cpp:1166
Event: 9.275 Thread 0x6dcb8800 Threw 0x9f02eec8 at /build/buildd/openjdk-7-7u21-2.3.9/build/openjdk/hotspot/src/share/vm/prims/jvm.cpp:1166
Event: 9.275 Thread 0x6dcb8800 Threw 0x9f032038 at /build/buildd/openjdk-7-7u21-2.3.9/build/openjdk/hotspot/src/share/vm/prims/jvm.cpp:1166
Event: 9.291 Thread 0x6dcb8800 Threw 0x9f0c3c38 at /build/buildd/openjdk-7-7u21-2.3.9/build/openjdk/hotspot/src/share/vm/prims/jvm.cpp:1166

Events (10 events):
Event: 23.669 loading class 0x6789a2a0
Event: 23.669 loading class 0x6789a2a0 done
Event: 23.672 loading class 0x67c1ede8
Event: 23.673 loading class 0x67c1ede8 done
Event: 23.674 loading class 0x6a9a4dc0
Event: 23.674 loading class 0x6a9a4dc0 done
Event: 23.674 loading class 0x6a9a4df8
Event: 23.674 loading class 0x6a9a4df8 done
Event: 23.676 loading class 0x6a9a4748
Event: 23.676 loading class 0x6a9a4748 done


Dynamic libraries:
08048000-08049000 r-xp 00000000 08:06 1708580    /usr/lib/jvm/java-7-openjdk-i386/jre/bin/java
08049000-0804a000 r--p 00000000 08:06 1708580    /usr/lib/jvm/java-7-openjdk-i386/jre/bin/java
0804a000-0804b000 rw-p 00001000 08:06 1708580    /usr/lib/jvm/java-7-openjdk-i386/jre/bin/java
0932c000-09358000 rw-p 00000000 00:00 0          [heap]
5dc9d000-61c9e000 rw-s 00000000 00:14 6849615    /run/shm/pulse-shm-2907881888
61c9e000-61c9f000 ---p 00000000 00:00 0 
61c9f000-6249f000 rw-p 00000000 00:00 0 
65bb7000-65d00000 rw-p 00000000 00:00 0 
65d00000-65e54000 rw-p 00000000 00:00 0 
65e54000-65f00000 ---p 00000000 00:00 0 
65f00000-65ffe000 rw-p 00000000 00:00 0 
65ffe000-66000000 ---p 00000000 00:00 0 
66100000-661ff000 rw-p 00000000 00:00 0 
661ff000-66200000 ---p 00000000 00:00 0 
66300000-663f4000 rw-p 00000000 00:00 0 
663f4000-66400000 ---p 00000000 00:00 0 
6644f000-66452000 ---p 00000000 00:00 0 
66452000-664a0000 rw-p 00000000 00:00 0          [stack:18385]
664a0000-664c9000 r-xp 00000000 08:06 1706753    /usr/lib/i386-linux-gnu/libvorbis.so.0.4.5
664c9000-664ca000 ---p 00029000 08:06 1706753    /usr/lib/i386-linux-gnu/libvorbis.so.0.4.5
664ca000-664cb000 r--p 00029000 08:06 1706753    /usr/lib/i386-linux-gnu/libvorbis.so.0.4.5
664cb000-664cc000 rw-p 0002a000 08:06 1706753    /usr/lib/i386-linux-gnu/libvorbis.so.0.4.5
664cc000-66632000 r-xp 00000000 08:06 1706755    /usr/lib/i386-linux-gnu/libvorbisenc.so.2.0.8
66632000-66643000 r--p 00165000 08:06 1706755    /usr/lib/i386-linux-gnu/libvorbisenc.so.2.0.8
66643000-66644000 rw-p 00176000 08:06 1706755    /usr/lib/i386-linux-gnu/libvorbisenc.so.2.0.8
66644000-66692000 r-xp 00000000 08:06 1705817    /usr/lib/i386-linux-gnu/libFLAC.so.8.2.0
66692000-66693000 r--p 0004e000 08:06 1705817    /usr/lib/i386-linux-gnu/libFLAC.so.8.2.0
66693000-66694000 rw-p 0004f000 08:06 1705817    /usr/lib/i386-linux-gnu/libFLAC.so.8.2.0
66694000-66701000 r-xp 00000000 08:06 1706669    /usr/lib/i386-linux-gnu/libsndfile.so.1.0.25
66701000-66703000 r--p 0006c000 08:06 1706669    /usr/lib/i386-linux-gnu/libsndfile.so.1.0.25
66703000-66704000 rw-p 0006e000 08:06 1706669    /usr/lib/i386-linux-gnu/libsndfile.so.1.0.25
66704000-66708000 rw-p 00000000 00:00 0 
66708000-667f5000 r-xp 00000000 08:06 1771845    /usr/lib/i386-linux-gnu/libasound.so.2.0.0
667f5000-667f9000 r--p 000ec000 08:06 1771845    /usr/lib/i386-linux-gnu/libasound.so.2.0.0
667f9000-667fa000 rw-p 000f0000 08:06 1771845    /usr/lib/i386-linux-gnu/libasound.so.2.0.0
667fa000-66b00000 rw-s 00000000 00:04 309395466  /SYSV00000000 (deleted)
66b00000-66bfc000 rw-p 00000000 00:00 0 
66bfc000-66c00000 ---p 00000000 00:00 0 
66c19000-66c1f000 r-xp 00000000 08:06 1706531    /usr/lib/i386-linux-gnu/libogg.so.0.8.0
66c1f000-66c20000 r--p 00005000 08:06 1706531    /usr/lib/i386-linux-gnu/libogg.so.0.8.0
66c20000-66c21000 rw-p 00006000 08:06 1706531    /usr/lib/i386-linux-gnu/libogg.so.0.8.0
66c21000-66c26000 r-xp 00000000 08:06 1705965    /usr/lib/i386-linux-gnu/libasyncns.so.0.3.1
66c26000-66c27000 r--p 00004000 08:06 1705965    /usr/lib/i386-linux-gnu/libasyncns.so.0.3.1
66c27000-66c28000 rw-p 00005000 08:06 1705965    /usr/lib/i386-linux-gnu/libasyncns.so.0.3.1
66c28000-66c91000 r-xp 00000000 08:06 1708139    /usr/lib/i386-linux-gnu/pulseaudio/libpulsecommon-3.0.so
66c91000-66c92000 r--p 00068000 08:06 1708139    /usr/lib/i386-linux-gnu/pulseaudio/libpulsecommon-3.0.so
66c92000-66c93000 rw-p 00069000 08:06 1708139    /usr/lib/i386-linux-gnu/pulseaudio/libpulsecommon-3.0.so
66c93000-66cdf000 r-xp 00000000 08:06 1706602    /usr/lib/i386-linux-gnu/libpulse.so.0.15.3
66cdf000-66ce0000 ---p 0004c000 08:06 1706602    /usr/lib/i386-linux-gnu/libpulse.so.0.15.3
66ce0000-66ce1000 r--p 0004c000 08:06 1706602    /usr/lib/i386-linux-gnu/libpulse.so.0.15.3
66ce1000-66ce2000 rw-p 0004d000 08:06 1706602    /usr/lib/i386-linux-gnu/libpulse.so.0.15.3
66ce5000-66cf2000 r-xp 00000000 08:06 1708667    /usr/lib/jvm/java-7-openjdk-i386/jre/lib/i386/libpulse-java.so
66cf2000-66cf3000 r--p 0000c000 08:06 1708667    /usr/lib/jvm/java-7-openjdk-i386/jre/lib/i386/libpulse-java.so
66cf3000-66cf4000 rw-p 0000d000 08:06 1708667    /usr/lib/jvm/java-7-openjdk-i386/jre/lib/i386/libpulse-java.so
66cf4000-66cf9000 r-xp 00000000 08:06 1706911    /usr/lib/i386-linux-gnu/alsa-lib/libasound_module_pcm_pulse.so
66cf9000-66cfa000 r--p 00004000 08:06 1706911    /usr/lib/i386-linux-gnu/alsa-lib/libasound_module_pcm_pulse.so
66cfa000-66cfb000 rw-p 00005000 08:06 1706911    /usr/lib/i386-linux-gnu/alsa-lib/libasound_module_pcm_pulse.so
66cfb000-66d0b000 r-xp 00000000 08:06 1708661    /usr/lib/jvm/java-7-openjdk-i386/jre/lib/i386/libjsoundalsa.so
66d0b000-66d0c000 r--p 0000f000 08:06 1708661    /usr/lib/jvm/java-7-openjdk-i386/jre/lib/i386/libjsoundalsa.so
66d0c000-66d0d000 rw-p 00010000 08:06 1708661    /usr/lib/jvm/java-7-openjdk-i386/jre/lib/i386/libjsoundalsa.so
66d0d000-66d10000 ---p 00000000 00:00 0 
66d10000-66d5e000 rw-p 00000000 00:00 0 
66d5e000-66d61000 ---p 00000000 00:00 0 
66d61000-66daf000 rw-p 00000000 00:00 0          [stack:18377]
66daf000-66db2000 ---p 00000000 00:00 0 
66db2000-66e00000 rw-p 00000000 00:00 0 
66e00000-66e9f000 rw-p 00000000 00:00 0 
66e9f000-66f00000 ---p 00000000 00:00 0 
66f03000-66f0b000 r-xp 00000000 08:06 262621     /lib/i386-linux-gnu/libwrap.so.0.7.6
66f0b000-66f0c000 r--p 00007000 08:06 262621     /lib/i386-linux-gnu/libwrap.so.0.7.6
66f0c000-66f0d000 rw-p 00008000 08:06 262621     /lib/i386-linux-gnu/libwrap.so.0.7.6
66f0d000-66f10000 ---p 00000000 00:00 0 
66f10000-66f5e000 rw-p 00000000 00:00 0 
66f5e000-66f61000 ---p 00000000 00:00 0 
66f61000-66faf000 rw-p 00000000 00:00 0          [stack:18321]
66faf000-66fb2000 ---p 00000000 00:00 0 
66fb2000-67000000 rw-p 00000000 00:00 0          [stack:18373]
67000000-67073000 rw-p 00000000 00:00 0 
67073000-67100000 ---p 00000000 00:00 0 
67103000-6710b000 r-xp 00000000 08:06 262510     /lib/i386-linux-gnu/libjson.so.0.1.0
6710b000-6710c000 r--p 00007000 08:06 262510     /lib/i386-linux-gnu/libjson.so.0.1.0
6710c000-6710d000 rw-p 00008000 08:06 262510     /lib/i386-linux-gnu/libjson.so.0.1.0
6710d000-67110000 ---p 00000000 00:00 0 
67110000-6715e000 rw-p 00000000 00:00 0          [stack:18372]
6715e000-67161000 ---p 00000000 00:00 0 
67161000-671af000 rw-p 00000000 00:00 0          [stack:18317]
671af000-671b2000 ---p 00000000 00:00 0 
671b2000-67200000 rw-p 00000000 00:00 0          [stack:18316]
67200000-672f6000 rw-p 00000000 00:00 0 
672f6000-67300000 ---p 00000000 00:00 0 
67300000-67400000 rw-p 00000000 00:00 0 
67400000-674fd000 rw-p 00000000 00:00 0 
674fd000-67500000 ---p 00000000 00:00 0 
67506000-67507000 r-xp 00000000 08:06 1708660    /usr/lib/jvm/java-7-openjdk-i386/jre/lib/i386/libjsound.so
67507000-67508000 r--p 00000000 08:06 1708660    /usr/lib/jvm/java-7-openjdk-i386/jre/lib/i386/libjsound.so
67508000-67509000 rw-p 00001000 08:06 1708660    /usr/lib/jvm/java-7-openjdk-i386/jre/lib/i386/libjsound.so
67509000-67510000 r--s 00000000 08:06 1707538    /usr/lib/i386-linux-gnu/gconv/gconv-modules.cache
67572000-6760d000 rw-p 00000000 00:00 0 
6760d000-67610000 ---p 00000000 00:00 0 
67610000-6765e000 rw-p 00000000 00:00 0          [stack:18387]
6765e000-67661000 ---p 00000000 00:00 0 
67661000-676af000 rw-p 00000000 00:00 0          [stack:18386]
676af000-676b2000 ---p 00000000 00:00 0 
676b2000-67700000 rw-p 00000000 00:00 0          [stack:18315]
67700000-677fd000 rw-p 00000000 00:00 0 
677fd000-67800000 ---p 00000000 00:00 0 
67800000-67900000 rw-p 00000000 00:00 0 
67900000-67a00000 rw-p 00000000 00:00 0 
67a3a000-67a3c000 rw-p 00000000 00:00 0 
67a3c000-67ae0000 r-xp 00000000 08:06 1439244    /tmp/sqlite-3.7.151-i386-libsqlitejdbc.so
67ae0000-67ae1000 r--p 000a4000 08:06 1439244    /tmp/sqlite-3.7.151-i386-libsqlitejdbc.so
67ae1000-67ae2000 rw-p 000a5000 08:06 1439244    /tmp/sqlite-3.7.151-i386-libsqlitejdbc.so
67ae2000-67ae3000 rw-p 00000000 00:00 0 
67ae3000-67ae8000 r--s 0004c000 08:06 1708535    /usr/lib/jvm/java-7-openjdk-common/jre/lib/jsse.jar
67ae8000-67aeb000 ---p 00000000 00:00 0 
67aeb000-67b39000 rw-p 00000000 00:00 0          [stack:18304]
67b39000-67b3c000 ---p 00000000 00:00 0 
67b3c000-67b8a000 rw-p 00000000 00:00 0          [stack:18303]
67b8a000-67b9b000 r-xp 00000000 08:06 1708665    /usr/lib/jvm/java-7-openjdk-i386/jre/lib/i386/libnio.so
67b9b000-67b9c000 r--p 00010000 08:06 1708665    /usr/lib/jvm/java-7-openjdk-i386/jre/lib/i386/libnio.so
67b9c000-67b9d000 rw-p 00011000 08:06 1708665    /usr/lib/jvm/java-7-openjdk-i386/jre/lib/i386/libnio.so
67b9d000-67b9e000 r--s 00000000 08:06 936139     /var/cache/fontconfig/c05880de57d1f5e948fdfacc138775d9-le32d4.cache-3
67b9e000-67ba4000 r--s 00000000 08:06 936131     /var/cache/fontconfig/945677eb7aeaf62f1d50efc3fb3ec7d8-le32d4.cache-3
67ba4000-67ba7000 r--s 00000000 08:06 938992     /var/cache/fontconfig/99e8ed0e538f840c565b6ed5dad60d56-le32d4.cache-3
67ba7000-67bad000 r--s 00000000 08:06 936659     /var/cache/fontconfig/a6d8cf8e4ec09cdbc8633c31745a07dd-le32d4.cache-3
67bad000-67bb0000 r--s 00000000 08:06 936113     /var/cache/fontconfig/2cd17615ca594fa2959ae173292e504c-le32d4.cache-3
67bb0000-67bb1000 r--s 00000000 08:06 936148     /var/cache/fontconfig/e7071f4a29fa870f4323321c154eba04-le32d4.cache-3
67bb1000-67bb5000 r--s 00000000 08:06 936658     /var/cache/fontconfig/6eb3985aa4124903f6ff08ba781cd364-le32d4.cache-3
67bb5000-67bb6000 r--s 00000000 08:06 936110     /var/cache/fontconfig/0d8c3b2ac0904cb8a57a757ad11a4a08-le32d4.cache-3
67bb6000-67bba000 r--s 00000000 08:06 936135     /var/cache/fontconfig/a755afe4a08bf5b97852ceb7400b47bc-le32d4.cache-3
67bba000-67bc1000 r--s 00000000 08:06 936126     /var/cache/fontconfig/6d41288fd70b0be22e8c3a91e032eec0-le32d4.cache-3
67bc1000-67bcc000 r--s 00000000 08:06 936108     /var/cache/fontconfig/04aabc0a78ac019cf9454389977116d2-le32d4.cache-3
67bcc000-67bcd000 r--s 00000000 08:06 936112     /var/cache/fontconfig/1ac9eb803944fde146138c791f5cc56a-le32d4.cache-3
67bcd000-67bd0000 r--s 00000000 08:06 936117     /var/cache/fontconfig/385c0604a188198f04d133e54aba7fe7-le32d4.cache-3
67bd0000-67bd1000 r--s 00000000 08:06 938732     /var/cache/fontconfig/9c956a7723ca69a44b382d9179c9802f-le32d4.cache-3
67bd1000-67bd2000 r--s 00000000 08:06 936145     /var/cache/fontconfig/dc05db6664285cc2f12bf69c139ae4c3-le32d4.cache-3
67bd2000-67bd4000 r--s 00000000 08:06 936128     /var/cache/fontconfig/767a8244fc0220cfb567a839d0392e0b-le32d4.cache-3
67bd4000-67bd5000 r--s 00000000 08:06 936118     /var/cache/fontconfig/4794a0821666d79190d59a36cb4f44b5-le32d4.cache-3
67bd5000-67bd6000 r--s 00000000 08:06 938731     /var/cache/fontconfig/9eae20f1ff8cc0a7d125749e875856bd-le32d4.cache-3
67bd6000-67bd8000 r--s 00000000 08:06 938730     /var/cache/fontconfig/bf2c1853a9e9b00bb02fe2e9bcf1e201-le32d4.cache-3
67bd8000-67bdb000 r--s 00000000 08:06 936130     /var/cache/fontconfig/8801497958630a81b71ace7c5f9b32a8-le32d4.cache-3
67bdb000-67bfe000 r--s 00000000 08:06 938729     /var/cache/fontconfig/365b55f210c0a22e9a19e35191240f32-le32d4.cache-3
67bfe000-67c00000 r--s 00000000 08:06 938722     /var/cache/fontconfig/c57959a16110560c8d0fcea73374aeeb-le32d4.cache-3
67c00000-67d00000 rw-p 00000000 00:00 0 
67d00000-67d04000 r--s 00000000 08:06 936114     /var/cache/fontconfig/3047814df9a2f067bd2d96a2b9c36e5a-le32d4.cache-3
67d04000-67d05000 r--s 00000000 08:06 936121     /var/cache/fontconfig/56cf4f4769d0f4abc89a4895d7bd3ae1-le32d4.cache-3
67d05000-67d06000 r--s 00000000 08:06 936138     /var/cache/fontconfig/b9d506c9ac06c20b433354fa67a72993-le32d4.cache-3
67d06000-67d0a000 r--s 00000000 08:06 936137     /var/cache/fontconfig/b47c4e1ecd0709278f4910c18777a504-le32d4.cache-3
67d0a000-67d0c000 r--s 00000000 08:06 938728     /var/cache/fontconfig/14d493b97896515cad3840ba4896e372-le32d4.cache-3
67d0c000-67d12000 r--s 00000000 08:06 936657     /var/cache/fontconfig/52f7bdb7ce746bfd7eaa1985bd9cfa93-le32d4.cache-3
67d12000-67d1f000 r--s 00000000 08:06 936143     /var/cache/fontconfig/d52a8644073d54c13679302ca1180695-le32d4.cache-3
67d1f000-67d25000 r--s 00000000 08:06 936656     /var/cache/fontconfig/3f7329c5293ffd510edef78f73874cfd-le32d4.cache-3
67d25000-67d2c000 r--s 00000000 08:06 938721     /var/cache/fontconfig/83bf95040141907cd45bb53cf7c1c148-le32d4.cache-3
67d2c000-67d35000 r--s 00000000 08:06 938720     /var/cache/fontconfig/53d14c92082a93e67d5078324eb314ca-le32d4.cache-3
67d35000-67d42000 r--s 00000000 08:06 938717     /var/cache/fontconfig/4ac51e5cfbc76fc3f983e470323a16d3-le32d4.cache-3
67d42000-67d4a000 r--s 00000000 08:06 938718     /var/cache/fontconfig/e13b20fdb08344e0e664864cc2ede53d-le32d4.cache-3
67d4a000-67d4e000 r--s 00000000 08:06 940648     /var/cache/fontconfig/7ef2298fde41cc6eeb7af42e48b7d293-le32d4.cache-3
67d4e000-67d5f000 r--s 00000000 08:06 938993     /var/cache/fontconfig/467c019e582ee353435ea5c21d137ef6-le32d4.cache-3
67d5f000-67d63000 r--s 00000000 08:06 395863     /home/gene/.cache/fontconfig/3ecda6abc85ff6f54114f03ae3c1fe72-le32d4.cache-3
67d63000-67da6000 r-xp 00000000 08:06 1708645    /usr/lib/jvm/java-7-openjdk-i386/jre/lib/i386/libfontmanager.so
67da6000-67da7000 r--p 00043000 08:06 1708645    /usr/lib/jvm/java-7-openjdk-i386/jre/lib/i386/libfontmanager.so
67da7000-67da8000 rw-p 00044000 08:06 1708645    /usr/lib/jvm/java-7-openjdk-i386/jre/lib/i386/libfontmanager.so
67da8000-67dab000 ---p 00000000 00:00 0 
67dab000-67df9000 rw-p 00000000 00:00 0          [stack:18302]
67df9000-67dfc000 ---p 00000000 00:00 0 
67dfc000-67e4a000 rw-p 00000000 00:00 0          [stack:18301]
67e4a000-68fb9000 r-xp 00000000 08:06 1706398    /usr/lib/i386-linux-gnu/libicudata.so.48.1.1
68fb9000-68fba000 r--p 0116e000 08:06 1706398    /usr/lib/i386-linux-gnu/libicudata.so.48.1.1
68fba000-68fbb000 rw-p 0116f000 08:06 1706398    /usr/lib/i386-linux-gnu/libicudata.so.48.1.1
68fbb000-68fbe000 r-xp 00000000 08:06 262501     /lib/i386-linux-gnu/libgpg-error.so.0.8.0
68fbe000-68fbf000 r--p 00002000 08:06 262501     /lib/i386-linux-gnu/libgpg-error.so.0.8.0
68fbf000-68fc0000 rw-p 00003000 08:06 262501     /lib/i386-linux-gnu/libgpg-error.so.0.8.0
68fc0000-68fc2000 r-xp 00000000 08:06 262512     /lib/i386-linux-gnu/libkeyutils.so.1.4
68fc2000-68fc3000 r--p 00002000 08:06 262512     /lib/i386-linux-gnu/libkeyutils.so.1.4
68fc3000-68fc4000 rw-p 00003000 08:06 262512     /lib/i386-linux-gnu/libkeyutils.so.1.4
68fc4000-6911a000 r-xp 00000000 08:06 1706412    /usr/lib/i386-linux-gnu/libicuuc.so.48.1.1
6911a000-69124000 r--p 00155000 08:06 1706412    /usr/lib/i386-linux-gnu/libicuuc.so.48.1.1
69124000-69125000 rw-p 0015f000 08:06 1706412    /usr/lib/i386-linux-gnu/libicuuc.so.48.1.1
69125000-69129000 rw-p 00000000 00:00 0 
69129000-6915c000 r-xp 00000000 08:06 1706404    /usr/lib/i386-linux-gnu/libicule.so.48.1.1
6915c000-6915d000 ---p 00033000 08:06 1706404    /usr/lib/i386-linux-gnu/libicule.so.48.1.1
6915d000-6915e000 r--p 00033000 08:06 1706404    /usr/lib/i386-linux-gnu/libicule.so.48.1.1
6915e000-6915f000 rw-p 00034000 08:06 1706404    /usr/lib/i386-linux-gnu/libicule.so.48.1.1
6915f000-691a7000 r-xp 00000000 08:06 262482     /lib/i386-linux-gnu/libdbus-1.so.3.7.2
691a7000-691a8000 r--p 00047000 08:06 262482     /lib/i386-linux-gnu/libdbus-1.so.3.7.2
691a8000-691a9000 rw-p 00048000 08:06 262482     /lib/i386-linux-gnu/libdbus-1.so.3.7.2
691a9000-691bb000 r-xp 00000000 08:06 1706541    /usr/lib/i386-linux-gnu/libp11-kit.so.0.0.0
691bb000-691bc000 r--p 00011000 08:06 1706541    /usr/lib/i386-linux-gnu/libp11-kit.so.0.0.0
691bc000-691bd000 rw-p 00012000 08:06 1706541    /usr/lib/i386-linux-gnu/libp11-kit.so.0.0.0
691bd000-691cd000 r-xp 00000000 08:06 1706699    /usr/lib/i386-linux-gnu/libtasn1.so.3.2.0
691cd000-691ce000 r--p 0000f000 08:06 1706699    /usr/lib/i386-linux-gnu/libtasn1.so.3.2.0
691ce000-691cf000 rw-p 00010000 08:06 1706699    /usr/lib/i386-linux-gnu/libtasn1.so.3.2.0
691cf000-69250000 r-xp 00000000 08:06 262497     /lib/i386-linux-gnu/libgcrypt.so.11.7.0
69250000-69251000 r--p 00080000 08:06 262497     /lib/i386-linux-gnu/libgcrypt.so.11.7.0
69251000-69253000 rw-p 00081000 08:06 262497     /lib/i386-linux-gnu/libgcrypt.so.11.7.0
69253000-6925a000 r-xp 00000000 08:06 1706449    /usr/lib/i386-linux-gnu/libkrb5support.so.0.1
6925a000-6925b000 r--p 00006000 08:06 1706449    /usr/lib/i386-linux-gnu/libkrb5support.so.0.1
6925b000-6925c000 rw-p 00007000 08:06 1706449    /usr/lib/i386-linux-gnu/libkrb5support.so.0.1
6925c000-6925f000 r-xp 00000000 08:06 262477     /lib/i386-linux-gnu/libcom_err.so.2.1
6925f000-69260000 r--p 00002000 08:06 262477     /lib/i386-linux-gnu/libcom_err.so.2.1
69260000-69261000 rw-p 00003000 08:06 262477     /lib/i386-linux-gnu/libcom_err.so.2.1
69261000-69287000 r-xp 00000000 08:06 1706443    /usr/lib/i386-linux-gnu/libk5crypto.so.3.1
69287000-69288000 r--p 00026000 08:06 1706443    /usr/lib/i386-linux-gnu/libk5crypto.so.3.1
69288000-69289000 rw-p 00027000 08:06 1706443    /usr/lib/i386-linux-gnu/libk5crypto.so.3.1
69289000-69350000 r-xp 00000000 08:06 1706447    /usr/lib/i386-linux-gnu/libkrb5.so.3.3
69350000-69356000 r--p 000c6000 08:06 1706447    /usr/lib/i386-linux-gnu/libkrb5.so.3.3
69356000-69357000 rw-p 000cc000 08:06 1706447    /usr/lib/i386-linux-gnu/libkrb5.so.3.3
69357000-693ef000 r-xp 00000000 08:06 1706380    /usr/lib/i386-linux-gnu/libharfbuzz.so.0.913.0
693ef000-693f0000 ---p 00098000 08:06 1706380    /usr/lib/i386-linux-gnu/libharfbuzz.so.0.913.0
693f0000-693f1000 r--p 00098000 08:06 1706380    /usr/lib/i386-linux-gnu/libharfbuzz.so.0.913.0
693f1000-693f2000 rw-p 00099000 08:06 1706380    /usr/lib/i386-linux-gnu/libharfbuzz.so.0.913.0
693f2000-693fa000 r-xp 00000000 08:06 1706787    /usr/lib/i386-linux-gnu/libxcb-render.so.0.0.0
693fa000-693fb000 r--p 00008000 08:06 1706787    /usr/lib/i386-linux-gnu/libxcb-render.so.0.0.0
693fb000-693fc000 rw-p 00009000 08:06 1706787    /usr/lib/i386-linux-gnu/libxcb-render.so.0.0.0
693fc000-693fe000 r-xp 00000000 08:06 1706791    /usr/lib/i386-linux-gnu/libxcb-shm.so.0.0.0
693fe000-693ff000 r--p 00001000 08:06 1706791    /usr/lib/i386-linux-gnu/libxcb-shm.so.0.0.0
693ff000-69400000 rw-p 00002000 08:06 1706791    /usr/lib/i386-linux-gnu/libxcb-shm.so.0.0.0
69400000-69427000 r-xp 00000000 08:06 262578     /lib/i386-linux-gnu/libpng12.so.0.49.0
69427000-69428000 r--p 00026000 08:06 262578     /lib/i386-linux-gnu/libpng12.so.0.49.0
69428000-69429000 rw-p 00027000 08:06 262578     /lib/i386-linux-gnu/libpng12.so.0.49.0
69429000-694bd000 r-xp 00000000 08:06 1706571    /usr/lib/i386-linux-gnu/libpixman-1.so.0.28.2
694bd000-694c2000 r--p 00093000 08:06 1706571    /usr/lib/i386-linux-gnu/libpixman-1.so.0.28.2
694c2000-694c3000 rw-p 00098000 08:06 1706571    /usr/lib/i386-linux-gnu/libpixman-1.so.0.28.2
694c3000-694c8000 r-xp 00000000 08:06 1705898    /usr/lib/i386-linux-gnu/libXdmcp.so.6.0.0
694c8000-694c9000 r--p 00004000 08:06 1705898    /usr/lib/i386-linux-gnu/libXdmcp.so.6.0.0
694c9000-694ca000 rw-p 00005000 08:06 1705898    /usr/lib/i386-linux-gnu/libXdmcp.so.6.0.0
694ca000-694cc000 r-xp 00000000 08:06 1705887    /usr/lib/i386-linux-gnu/libXau.so.6.0.0
694cc000-694cd000 r--p 00001000 08:06 1705887    /usr/lib/i386-linux-gnu/libXau.so.6.0.0
694cd000-694ce000 rw-p 00002000 08:06 1705887    /usr/lib/i386-linux-gnu/libXau.so.6.0.0
694ce000-694de000 r-xp 00000000 08:06 1705977    /usr/lib/i386-linux-gnu/libavahi-client.so.3.2.9
694de000-694df000 r--p 0000f000 08:06 1705977    /usr/lib/i386-linux-gnu/libavahi-client.so.3.2.9
694df000-694e0000 rw-p 00010000 08:06 1705977    /usr/lib/i386-linux-gnu/libavahi-client.so.3.2.9
694e0000-694ec000 r-xp 00000000 08:06 1705979    /usr/lib/i386-linux-gnu/libavahi-common.so.3.5.3
694ec000-694ed000 r--p 0000b000 08:06 1705979    /usr/lib/i386-linux-gnu/libavahi-common.so.3.5.3
694ed000-694ee000 rw-p 0000c000 08:06 1705979    /usr/lib/i386-linux-gnu/libavahi-common.so.3.5.3
694ee000-695ae000 r-xp 00000000 08:06 1706251    /usr/lib/i386-linux-gnu/libgnutls.so.26.22.6
695ae000-695b2000 r--p 000bf000 08:06 1706251    /usr/lib/i386-linux-gnu/libgnutls.so.26.22.6
695b2000-695b3000 rw-p 000c3000 08:06 1706251    /usr/lib/i386-linux-gnu/libgnutls.so.26.22.6
695b3000-695ee000 r-xp 00000000 08:06 1706276    /usr/lib/i386-linux-gnu/libgssapi_krb5.so.2.2
695ee000-695ef000 r--p 0003a000 08:06 1706276    /usr/lib/i386-linux-gnu/libgssapi_krb5.so.2.2
695ef000-695f0000 rw-p 0003b000 08:06 1706276    /usr/lib/i386-linux-gnu/libgssapi_krb5.so.2.2
695f0000-6962f000 r-xp 00000000 08:06 262566     /lib/i386-linux-gnu/libpcre.so.3.13.1
6962f000-69630000 r--p 0003f000 08:06 262566     /lib/i386-linux-gnu/libpcre.so.3.13.1
69630000-69631000 rw-p 00040000 08:06 262566     /lib/i386-linux-gnu/libpcre.so.3.13.1
69631000-69636000 r-xp 00000000 08:06 1706141    /usr/lib/i386-linux-gnu/libffi.so.6.0.1
69636000-69637000 r--p 00005000 08:06 1706141    /usr/lib/i386-linux-gnu/libffi.so.6.0.1
69637000-69638000 rw-p 00006000 08:06 1706141    /usr/lib/i386-linux-gnu/libffi.so.6.0.1
69638000-6965d000 r-xp 00000000 08:06 262490     /lib/i386-linux-gnu/libexpat.so.1.6.0
6965d000-6965f000 r--p 00025000 08:06 262490     /lib/i386-linux-gnu/libexpat.so.1.6.0
6965f000-69660000 rw-p 00027000 08:06 262490     /lib/i386-linux-gnu/libexpat.so.1.6.0
69660000-696f6000 r-xp 00000000 08:06 1706179    /usr/lib/i386-linux-gnu/libfreetype.so.6.10.0
696f6000-696fa000 r--p 00095000 08:06 1706179    /usr/lib/i386-linux-gnu/libfreetype.so.6.10.0
696fa000-696fb000 rw-p 00099000 08:06 1706179    /usr/lib/i386-linux-gnu/libfreetype.so.6.10.0
696fb000-6970e000 r-xp 00000000 08:06 262589     /lib/i386-linux-gnu/libresolv-2.17.so
6970e000-6970f000 r--p 00013000 08:06 262589     /lib/i386-linux-gnu/libresolv-2.17.so
6970f000-69710000 rw-p 00014000 08:06 262589     /lib/i386-linux-gnu/libresolv-2.17.so
69710000-69712000 rw-p 00000000 00:00 0 
69712000-6972f000 r-xp 00000000 08:06 262593     /lib/i386-linux-gnu/libselinux.so.1
6972f000-69730000 r--p 0001c000 08:06 262593     /lib/i386-linux-gnu/libselinux.so.1
69730000-69731000 rw-p 0001d000 08:06 262593     /lib/i386-linux-gnu/libselinux.so.1
69731000-69743000 r-xp 00000000 08:06 1706553    /usr/lib/i386-linux-gnu/libpangoft2-1.0.so.0.3200.5
69743000-69744000 r--p 00011000 08:06 1706553    /usr/lib/i386-linux-gnu/libpangoft2-1.0.so.0.3200.5
69744000-69745000 rw-p 00012000 08:06 1706553    /usr/lib/i386-linux-gnu/libpangoft2-1.0.so.0.3200.5
69745000-69858000 r-xp 00000000 08:06 1706005    /usr/lib/i386-linux-gnu/libcairo.so.2.11200.14
69858000-6985a000 r--p 00113000 08:06 1706005    /usr/lib/i386-linux-gnu/libcairo.so.2.11200.14
6985a000-6985b000 rw-p 00115000 08:06 1706005    /usr/lib/i386-linux-gnu/libcairo.so.2.11200.14
6985b000-6985c000 rw-p 00000000 00:00 0 
6985c000-698b6000 r-xp 00000000 08:06 1706064    /usr/lib/i386-linux-gnu/libcups.so.2
698b6000-698b7000 ---p 0005a000 08:06 1706064    /usr/lib/i386-linux-gnu/libcups.so.2
698b7000-698ba000 r--p 0005a000 08:06 1706064    /usr/lib/i386-linux-gnu/libcups.so.2
698ba000-698bb000 rw-p 0005d000 08:06 1706064    /usr/lib/i386-linux-gnu/libcups.so.2
698bb000-699ba000 r-xp 00000000 08:06 262499     /lib/i386-linux-gnu/libglib-2.0.so.0.3600.0
699ba000-699bb000 r--p 000fe000 08:06 262499     /lib/i386-linux-gnu/libglib-2.0.so.0.3600.0
699bb000-699bc000 rw-p 000ff000 08:06 262499     /lib/i386-linux-gnu/libglib-2.0.so.0.3600.0
699bc000-69a0a000 r-xp 00000000 08:06 1706257    /usr/lib/i386-linux-gnu/libgobject-2.0.so.0.3600.0
69a0a000-69a0b000 r--p 0004d000 08:06 1706257    /usr/lib/i386-linux-gnu/libgobject-2.0.so.0.3600.0
69a0b000-69a0c000 rw-p 0004e000 08:06 1706257    /usr/lib/i386-linux-gnu/libgobject-2.0.so.0.3600.0
69a0c000-69a43000 r-xp 00000000 08:06 1706167    /usr/lib/i386-linux-gnu/libfontconfig.so.1.6.2
69a43000-69a44000 r--p 00036000 08:06 1706167    /usr/lib/i386-linux-gnu/libfontconfig.so.1.6.2
69a44000-69a45000 rw-p 00037000 08:06 1706167    /usr/lib/i386-linux-gnu/libfontconfig.so.1.6.2
69a45000-69a8e000 r-xp 00000000 08:06 1706549    /usr/lib/i386-linux-gnu/libpango-1.0.so.0.3200.5
69a8e000-69a8f000 r--p 00049000 08:06 1706549    /usr/lib/i386-linux-gnu/libpango-1.0.so.0.3200.5
69a8f000-69a90000 rw-p 0004a000 08:06 1706549    /usr/lib/i386-linux-gnu/libpango-1.0.so.0.3200.5
69a90000-69bf0000 r-xp 00000000 08:06 1706227    /usr/lib/i386-linux-gnu/libgio-2.0.so.0.3600.0
69bf0000-69bf2000 r--p 00160000 08:06 1706227    /usr/lib/i386-linux-gnu/libgio-2.0.so.0.3600.0
69bf2000-69bf3000 rw-p 00162000 08:06 1706227    /usr/lib/i386-linux-gnu/libgio-2.0.so.0.3600.0
69bf3000-69bf4000 rw-p 00000000 00:00 0 
69bf4000-69c9f000 r-xp 00000000 08:06 1706206    /usr/lib/i386-linux-gnu/libgdk-x11-2.0.so.0.2400.17
69c9f000-69ca1000 r--p 000ab000 08:06 1706206    /usr/lib/i386-linux-gnu/libgdk-x11-2.0.so.0.2400.17
69ca1000-69ca2000 rw-p 000ad000 08:06 1706206    /usr/lib/i386-linux-gnu/libgdk-x11-2.0.so.0.2400.17
69ca2000-6a103000 r-xp 00000000 08:06 1706364    /usr/lib/i386-linux-gnu/libgtk-x11-2.0.so.0.2400.17
6a103000-6a107000 r--p 00461000 08:06 1706364    /usr/lib/i386-linux-gnu/libgtk-x11-2.0.so.0.2400.17
6a107000-6a109000 rw-p 00465000 08:06 1706364    /usr/lib/i386-linux-gnu/libgtk-x11-2.0.so.0.2400.17
6a109000-6a10b000 rw-p 00000000 00:00 0 
6a10b000-6a23e000 r-xp 00000000 08:06 1706796    /usr/lib/i386-linux-gnu/libX11.so.6.3.0
6a23e000-6a23f000 r--p 00132000 08:06 1706796    /usr/lib/i386-linux-gnu/libX11.so.6.3.0
6a23f000-6a242000 rw-p 00133000 08:06 1706796    /usr/lib/i386-linux-gnu/libX11.so.6.3.0
6a242000-6a2d4000 r-xp 00000000 08:06 1708643    /usr/lib/jvm/java-7-openjdk-i386/jre/lib/i386/libawt.so
6a2d4000-6a2d5000 r--p 00091000 08:06 1708643    /usr/lib/jvm/java-7-openjdk-i386/jre/lib/i386/libawt.so
6a2d5000-6a2dc000 rw-p 00092000 08:06 1708643    /usr/lib/jvm/java-7-openjdk-i386/jre/lib/i386/libawt.so
6a2dc000-6a300000 rw-p 00000000 00:00 0 
6a300000-6a400000 rw-p 00000000 00:00 0 
6a400000-6a402000 r--s 00000000 08:06 936147     /var/cache/fontconfig/e49e89034d371f0f9de17aab02136486-le32d4.cache-3
6a402000-6a404000 r-xp 00000000 08:06 1705896    /usr/lib/i386-linux-gnu/libXdamage.so.1.1.0
6a404000-6a405000 r--p 00001000 08:06 1705896    /usr/lib/i386-linux-gnu/libXdamage.so.1.1.0
6a405000-6a406000 rw-p 00002000 08:06 1705896    /usr/lib/i386-linux-gnu/libXdamage.so.1.1.0
6a406000-6a424000 r-xp 00000000 08:06 1705967    /usr/lib/i386-linux-gnu/libatk-1.0.so.0.20809.1
6a424000-6a426000 r--p 0001d000 08:06 1705967    /usr/lib/i386-linux-gnu/libatk-1.0.so.0.20809.1
6a426000-6a427000 rw-p 0001f000 08:06 1705967    /usr/lib/i386-linux-gnu/libatk-1.0.so.0.20809.1
6a427000-6a479000 r-xp 00000000 08:06 1708686    /usr/lib/jvm/java-7-openjdk-i386/jre/lib/i386/xawt/libmawt.so
6a479000-6a47a000 r--p 00051000 08:06 1708686    /usr/lib/jvm/java-7-openjdk-i386/jre/lib/i386/xawt/libmawt.so
6a47a000-6a47c000 rw-p 00052000 08:06 1708686    /usr/lib/jvm/java-7-openjdk-i386/jre/lib/i386/xawt/libmawt.so
6a47c000-6a47d000 rw-p 00000000 00:00 0 
6a47d000-6a47e000 ---p 00000000 00:00 0 
6a47e000-6a4fe000 rw-p 00000000 00:00 0          [stack:18300]
6a4fe000-6a501000 ---p 00000000 00:00 0 
6a501000-6a57f000 rw-p 00000000 00:00 0          [stack:18298]
6a57f000-6a582000 ---p 00000000 00:00 0 
6a582000-6a600000 rw-p 00000000 00:00 0          [stack:18297]
6a600000-6a800000 r--p 00000000 08:06 1709808    /usr/lib/locale/locale-archive
6a800000-6a900000 rw-p 00000000 00:00 0 
6a900000-6a9fb000 rw-p 00000000 00:00 0 
6a9fb000-6aa00000 ---p 00000000 00:00 0 
6aa00000-6aafa000 rw-p 00000000 00:00 0 
6aafa000-6ab00000 ---p 00000000 00:00 0 
6ab00000-6ab01000 r--s 00000000 08:06 938727     /var/cache/fontconfig/89034621ae2a8922916bb6bfa5799546-le32d4.cache-3
6ab01000-6ab0a000 r-xp 00000000 08:06 1705894    /usr/lib/i386-linux-gnu/libXcursor.so.1.0.2
6ab0a000-6ab0b000 r--p 00008000 08:06 1705894    /usr/lib/i386-linux-gnu/libXcursor.so.1.0.2
6ab0b000-6ab0c000 rw-p 00009000 08:06 1705894    /usr/lib/i386-linux-gnu/libXcursor.so.1.0.2
6ab0c000-6ab2c000 r-xp 00000000 08:06 1720908    /usr/lib/i386-linux-gnu/libxcb.so.1.1.0
6ab2c000-6ab2d000 r--p 0001f000 08:06 1720908    /usr/lib/i386-linux-gnu/libxcb.so.1.1.0
6ab2d000-6ab2e000 rw-p 00020000 08:06 1720908    /usr/lib/i386-linux-gnu/libxcb.so.1.1.0
6ab2e000-6ab31000 ---p 00000000 00:00 0 
6ab31000-6ab7f000 rw-p 00000000 00:00 0          [stack:18299]
6ab7f000-6ab80000 ---p 00000000 00:00 0 
6ab80000-6ac00000 rw-p 00000000 00:00 0          [stack:18293]
6ac00000-6acff000 rw-p 00000000 00:00 0 
6acff000-6ad00000 ---p 00000000 00:00 0 
6ad00000-6ad01000 r--s 00000000 08:06 936119     /var/cache/fontconfig/4b14b093aebc79c320de5e86ae1d3314-le32d4.cache-3
6ad01000-6ad03000 r--s 00000000 08:06 938726     /var/cache/fontconfig/65f976e5259cbe6dc7697b8648396239-le32d4.cache-3
6ad03000-6ad05000 r-xp 00000000 08:06 1705892    /usr/lib/i386-linux-gnu/libXcomposite.so.1.0.0
6ad05000-6ad06000 r--p 00001000 08:06 1705892    /usr/lib/i386-linux-gnu/libXcomposite.so.1.0.0
6ad06000-6ad07000 rw-p 00002000 08:06 1705892    /usr/lib/i386-linux-gnu/libXcomposite.so.1.0.0
6ad07000-6ad10000 r-xp 00000000 08:06 1705918    /usr/lib/i386-linux-gnu/libXrandr.so.2.2.0
6ad10000-6ad11000 r--p 00008000 08:06 1705918    /usr/lib/i386-linux-gnu/libXrandr.so.2.2.0
6ad11000-6ad12000 rw-p 00009000 08:06 1705918    /usr/lib/i386-linux-gnu/libXrandr.so.2.2.0
6ad12000-6ad32000 r-xp 00000000 08:06 1706208    /usr/lib/i386-linux-gnu/libgdk_pixbuf-2.0.so.0.2800.0
6ad32000-6ad33000 ---p 00020000 08:06 1706208    /usr/lib/i386-linux-gnu/libgdk_pixbuf-2.0.so.0.2800.0
6ad33000-6ad34000 r--p 00020000 08:06 1706208    /usr/lib/i386-linux-gnu/libgdk_pixbuf-2.0.so.0.2800.0
6ad34000-6ad35000 rw-p 00021000 08:06 1706208    /usr/lib/i386-linux-gnu/libgdk_pixbuf-2.0.so.0.2800.0
6ad35000-6aee2000 r--s 01cde000 08:06 1708621    /usr/lib/jvm/java-7-openjdk-i386/jre/lib/rt.jar
6aee2000-6dc00000 rw-p 00000000 00:00 0 
6dc00000-6dcfe000 rw-p 00000000 00:00 0 
6dcfe000-6dd00000 ---p 00000000 00:00 0 
6dd00000-6dd01000 r--s 00000000 08:06 938725     /var/cache/fontconfig/94f7fe9bd33aadfac165873bd010d595-le32d4.cache-3
6dd01000-6dd02000 r--s 00000000 08:06 938724     /var/cache/fontconfig/423767150eb258c59035de29db6fca84-le32d4.cache-3
6dd02000-6dd03000 r--s 00000000 08:06 938723     /var/cache/fontconfig/406a1d2d2bf3ed7664fbadefac0b2f66-le32d4.cache-3
6dd03000-6dd08000 r-xp 00000000 08:06 1705902    /usr/lib/i386-linux-gnu/libXfixes.so.3.1.0
6dd08000-6dd09000 r--p 00004000 08:06 1705902    /usr/lib/i386-linux-gnu/libXfixes.so.3.1.0
6dd09000-6dd0a000 rw-p 00005000 08:06 1705902    /usr/lib/i386-linux-gnu/libXfixes.so.3.1.0
6dd0a000-6dd15000 r-xp 00000000 08:06 1706551    /usr/lib/i386-linux-gnu/libpangocairo-1.0.so.0.3200.5
6dd15000-6dd16000 r--p 0000a000 08:06 1706551    /usr/lib/i386-linux-gnu/libpangocairo-1.0.so.0.3200.5
6dd16000-6dd17000 rw-p 0000b000 08:06 1706551    /usr/lib/i386-linux-gnu/libpangocairo-1.0.so.0.3200.5
6dd17000-6dd25000 r-xp 00000000 08:06 1705906    /usr/lib/i386-linux-gnu/libXi.so.6.1.0
6dd25000-6dd26000 r--p 0000d000 08:06 1705906    /usr/lib/i386-linux-gnu/libXi.so.6.1.0
6dd26000-6dd27000 rw-p 0000e000 08:06 1705906    /usr/lib/i386-linux-gnu/libXi.so.6.1.0
6dd27000-6dd2c000 r-xp 00000000 08:06 1705926    /usr/lib/i386-linux-gnu/libXtst.so.6.1.0
6dd2c000-6dd2d000 r--p 00004000 08:06 1705926    /usr/lib/i386-linux-gnu/libXtst.so.6.1.0
6dd2d000-6dd2e000 rw-p 00005000 08:06 1705926    /usr/lib/i386-linux-gnu/libXtst.so.6.1.0
6dd2e000-6dd31000 ---p 00000000 00:00 0 
6dd31000-6dd7f000 rw-p 00000000 00:00 0          [stack:18296]
6dd7f000-6dd80000 ---p 00000000 00:00 0 
6dd80000-6de00000 rw-p 00000000 00:00 0          [stack:18292]
6de00000-6de21000 rw-p 00000000 00:00 0 
6de21000-6df00000 ---p 00000000 00:00 0 
6df00000-6df02000 r--s 00000000 08:06 936655     /var/cache/fontconfig/67709b7835c0f764c1135060c9575660-le32d4.cache-3
6df02000-6df03000 r--s 00000000 08:06 936109     /var/cache/fontconfig/0c9eb80ebd1c36541ebe2852d3bb0c49-le32d4.cache-3
6df03000-6df13000 r-xp 00000000 08:06 1705900    /usr/lib/i386-linux-gnu/libXext.so.6.4.0
6df13000-6df14000 r--p 0000f000 08:06 1705900    /usr/lib/i386-linux-gnu/libXext.so.6.4.0
6df14000-6df15000 rw-p 00010000 08:06 1705900    /usr/lib/i386-linux-gnu/libXext.so.6.4.0
6df15000-6df16000 r--s 00000000 08:06 936124     /var/cache/fontconfig/62f91419b9ebdb6975e7e41ab6412357-le32d4.cache-3
6df16000-6df2c000 r-xp 00000000 08:06 1708664    /usr/lib/jvm/java-7-openjdk-i386/jre/lib/i386/libnet.so
6df2c000-6df2d000 r--p 00015000 08:06 1708664    /usr/lib/jvm/java-7-openjdk-i386/jre/lib/i386/libnet.so
6df2d000-6df2e000 rw-p 00016000 08:06 1708664    /usr/lib/jvm/java-7-openjdk-i386/jre/lib/i386/libnet.so
6df2e000-6df31000 ---p 00000000 00:00 0 
6df31000-6df7f000 rw-p 00000000 00:00 0          [stack:18295]
6df7f000-6df80000 ---p 00000000 00:00 0 
6df80000-6e000000 rw-p 00000000 00:00 0          [stack:18291]
6e000000-6e021000 rw-p 00000000 00:00 0 
6e021000-6e100000 ---p 00000000 00:00 0 
6e100000-6e101000 r--s 00000000 08:06 938994     /var/cache/fontconfig/e0aa53bcfa504e64f87823c16bc01eb6-le32d4.cache-3
6e101000-6e103000 r-xp 00000000 08:06 1705908    /usr/lib/i386-linux-gnu/libXinerama.so.1.0.0
6e103000-6e104000 r--p 00001000 08:06 1705908    /usr/lib/i386-linux-gnu/libXinerama.so.1.0.0
6e104000-6e105000 rw-p 00002000 08:06 1705908    /usr/lib/i386-linux-gnu/libXinerama.so.1.0.0
6e105000-6e10d000 r-xp 00000000 08:06 1705920    /usr/lib/i386-linux-gnu/libXrender.so.1.3.0
6e10d000-6e10e000 r--p 00007000 08:06 1705920    /usr/lib/i386-linux-gnu/libXrender.so.1.3.0
6e10e000-6e10f000 rw-p 00008000 08:06 1705920    /usr/lib/i386-linux-gnu/libXrender.so.1.3.0
6e10f000-6e11a000 r--s 001fb000 08:06 1708529    /usr/lib/jvm/java-7-openjdk-common/jre/lib/charsets.jar
6e11a000-6e123000 r--s 000bc000 08:06 1708538    /usr/lib/jvm/java-7-openjdk-common/jre/lib/resources.jar
6e123000-6e12e000 r--s 001fb000 08:06 1708529    /usr/lib/jvm/java-7-openjdk-common/jre/lib/charsets.jar
6e12e000-6e131000 ---p 00000000 00:00 0 
6e131000-6e17f000 rw-p 00000000 00:00 0          [stack:18294]
6e17f000-6e180000 ---p 00000000 00:00 0 
6e180000-6e200000 rw-p 00000000 00:00 0          [stack:18290]
6e200000-6e285000 rw-p 00000000 00:00 0 
6e285000-6e300000 ---p 00000000 00:00 0 
6e300000-6e303000 r-xp 00000000 08:06 1706237    /usr/lib/i386-linux-gnu/libgmodule-2.0.so.0.3600.0
6e303000-6e304000 r--p 00002000 08:06 1706237    /usr/lib/i386-linux-gnu/libgmodule-2.0.so.0.3600.0
6e304000-6e305000 rw-p 00003000 08:06 1706237    /usr/lib/i386-linux-gnu/libgmodule-2.0.so.0.3600.0
6e305000-6e30c000 r--s 00094000 08:06 1784822    /home/gene/netbeans-7.3.1/java/modules/ext/beansbinding-1.2.1.jar
6e30c000-6e354000 rw-p 00000000 00:00 0 
6e354000-6e355000 ---p 00000000 00:00 0 
6e355000-6e3ea000 rw-p 00000000 00:00 0          [stack:18289]
6e3ea000-6e519000 rw-p 00000000 00:00 0 
6e519000-6e521000 rw-p 00000000 00:00 0 
6e521000-6e559000 rw-p 00000000 00:00 0 
6e559000-6e56e000 rw-p 00000000 00:00 0 
6e56e000-6e69d000 rw-p 00000000 00:00 0 
6e69d000-6e6a8000 rw-p 00000000 00:00 0 
6e6a8000-6e73f000 rw-p 00000000 00:00 0 
6e73f000-6f740000 rw-p 00000000 00:00 0 
6f740000-76740000 rw-p 00000000 00:00 0 
76740000-78fc0000 rw-p 00000000 00:00 0 
78fc0000-9ef40000 rw-p 00000000 00:00 0 
9ef40000-a0370000 rw-p 00000000 00:00 0 
a0370000-b3340000 rw-p 00000000 00:00 0 
b3340000-b3349000 rw-p 00000000 00:00 0 
b3349000-b3400000 rw-p 00000000 00:00 0 
b3400000-b3640000 rwxp 00000000 00:00 0 
b3640000-b64fc000 rw-p 00000000 00:00 0 
b64fc000-b6500000 ---p 00000000 00:00 0 
b6500000-b6501000 r-xp 00000000 08:06 1706360    /usr/lib/i386-linux-gnu/libgthread-2.0.so.0.3600.0
b6501000-b6502000 r--p 00000000 08:06 1706360    /usr/lib/i386-linux-gnu/libgthread-2.0.so.0.3600.0
b6502000-b6503000 rw-p 00001000 08:06 1706360    /usr/lib/i386-linux-gnu/libgthread-2.0.so.0.3600.0
b6503000-b6506000 r--s 00027000 08:06 1798650    /home/gene/Downloads/rs2xml.jar
b6506000-b6515000 r--s 000d3000 08:06 1786959    /home/gene/Downloads/jaudiotagger-2.2.0-20130321.142353-1.jar
b6515000-b6517000 r--s 00380000 08:06 1795454    /home/gene/Downloads/sqlite-jdbc-3.7.15-M1.jar
b6517000-b652f000 r--s 001b9000 08:06 1779640    /home/gene/lab/music/playmp3/jmf.jar
b652f000-b6531000 r--s 00006000 08:06 137009     /usr/share/java/java-atk-wrapper.jar
b6531000-b6534000 r--s 0000f000 08:06 1708547    /usr/lib/jvm/java-7-openjdk-common/jre/lib/ext/pulse-java.jar
b6534000-b653c000 rw-p 00000000 00:00 0 
b653c000-b6574000 rw-p 00000000 00:00 0 
b6574000-b657f000 r-xp 00000000 08:06 262543     /lib/i386-linux-gnu/libnss_files-2.17.so
b657f000-b6580000 r--p 0000a000 08:06 262543     /lib/i386-linux-gnu/libnss_files-2.17.so
b6580000-b6581000 rw-p 0000b000 08:06 262543     /lib/i386-linux-gnu/libnss_files-2.17.so
b6581000-b658b000 r-xp 00000000 08:06 262548     /lib/i386-linux-gnu/libnss_nis-2.17.so
b658b000-b658c000 r--p 00009000 08:06 262548     /lib/i386-linux-gnu/libnss_nis-2.17.so
b658c000-b658d000 rw-p 0000a000 08:06 262548     /lib/i386-linux-gnu/libnss_nis-2.17.so
b658d000-b65a2000 r-xp 00000000 08:06 262537     /lib/i386-linux-gnu/libnsl-2.17.so
b65a2000-b65a3000 r--p 00014000 08:06 262537     /lib/i386-linux-gnu/libnsl-2.17.so
b65a3000-b65a4000 rw-p 00015000 08:06 262537     /lib/i386-linux-gnu/libnsl-2.17.so
b65a4000-b65a6000 rw-p 00000000 00:00 0 
b65a6000-b65ad000 r-xp 00000000 08:06 262539     /lib/i386-linux-gnu/libnss_compat-2.17.so
b65ad000-b65ae000 r--p 00006000 08:06 262539     /lib/i386-linux-gnu/libnss_compat-2.17.so
b65ae000-b65af000 rw-p 00007000 08:06 262539     /lib/i386-linux-gnu/libnss_compat-2.17.so
b65af000-b65b0000 r--s 00014000 08:06 1795668    /home/gene/lab/music/playmp3/mp3plugin.jar
b65b0000-b65b1000 r--s 00002000 08:06 1708545    /usr/lib/jvm/java-7-openjdk-common/jre/lib/ext/dnsns.jar
b65b1000-b65b5000 r--s 00085000 08:06 1708546    /usr/lib/jvm/java-7-openjdk-common/jre/lib/ext/localedata.jar
b65b5000-b65b7000 r--s 00012000 08:06 1708550    /usr/lib/jvm/java-7-openjdk-common/jre/lib/ext/zipfs.jar
b65b7000-b65ba000 r--s 00032000 08:06 1708548    /usr/lib/jvm/java-7-openjdk-common/jre/lib/ext/sunjce_provider.jar
b65ba000-b65bd000 r--s 0003c000 08:06 1708549    /usr/lib/jvm/java-7-openjdk-common/jre/lib/ext/sunpkcs11.jar
b65bd000-b65be000 r--p 005db000 08:06 1709808    /usr/lib/locale/locale-archive
b65be000-b65c6000 r-xp 00000000 08:06 1708674    /usr/lib/jvm/java-7-openjdk-i386/jre/lib/i386/libzip.so
b65c6000-b65c7000 r--p 00007000 08:06 1708674    /usr/lib/jvm/java-7-openjdk-i386/jre/lib/i386/libzip.so
b65c7000-b65c8000 rw-p 00008000 08:06 1708674    /usr/lib/jvm/java-7-openjdk-i386/jre/lib/i386/libzip.so
b65c8000-b65ef000 r-xp 00000000 08:06 1708652    /usr/lib/jvm/java-7-openjdk-i386/jre/lib/i386/libjava.so
b65ef000-b65f0000 r--p 00026000 08:06 1708652    /usr/lib/jvm/java-7-openjdk-i386/jre/lib/i386/libjava.so
b65f0000-b65f1000 rw-p 00027000 08:06 1708652    /usr/lib/jvm/java-7-openjdk-i386/jre/lib/i386/libjava.so
b65f1000-b65f8000 r-xp 00000000 08:06 262591     /lib/i386-linux-gnu/librt-2.17.so
b65f8000-b65f9000 r--p 00006000 08:06 262591     /lib/i386-linux-gnu/librt-2.17.so
b65f9000-b65fa000 rw-p 00007000 08:06 262591     /lib/i386-linux-gnu/librt-2.17.so
b65fa000-b65fd000 ---p 00000000 00:00 0 
b65fd000-b664b000 rw-p 00000000 00:00 0          [stack:18288]
b664b000-b6666000 r-xp 00000000 08:06 262495     /lib/i386-linux-gnu/libgcc_s.so.1
b6666000-b6667000 r--p 0001a000 08:06 262495     /lib/i386-linux-gnu/libgcc_s.so.1
b6667000-b6668000 rw-p 0001b000 08:06 262495     /lib/i386-linux-gnu/libgcc_s.so.1
b6668000-b66a9000 r-xp 00000000 08:06 262518     /lib/i386-linux-gnu/libm-2.17.so
b66a9000-b66aa000 r--p 00040000 08:06 262518     /lib/i386-linux-gnu/libm-2.17.so
b66aa000-b66ab000 rw-p 00041000 08:06 262518     /lib/i386-linux-gnu/libm-2.17.so
b66ab000-b6787000 r-xp 00000000 08:06 1706691    /usr/lib/i386-linux-gnu/libstdc++.so.6.0.17
b6787000-b6788000 ---p 000dc000 08:06 1706691    /usr/lib/i386-linux-gnu/libstdc++.so.6.0.17
b6788000-b678c000 r--p 000dc000 08:06 1706691    /usr/lib/i386-linux-gnu/libstdc++.so.6.0.17
b678c000-b678d000 rw-p 000e0000 08:06 1706691    /usr/lib/i386-linux-gnu/libstdc++.so.6.0.17
b678d000-b6794000 rw-p 00000000 00:00 0 
b6794000-b7089000 r-xp 00000000 08:06 1708685    /usr/lib/jvm/java-7-openjdk-i386/jre/lib/i386/server/libjvm.so
b7089000-b70d0000 r--p 008f4000 08:06 1708685    /usr/lib/jvm/java-7-openjdk-i386/jre/lib/i386/server/libjvm.so
b70d0000-b70e4000 rw-p 0093b000 08:06 1708685    /usr/lib/jvm/java-7-openjdk-i386/jre/lib/i386/server/libjvm.so
b70e4000-b7502000 rw-p 00000000 00:00 0 
b7502000-b7519000 r-xp 00000000 08:06 262624     /lib/i386-linux-gnu/libz.so.1.2.7
b7519000-b751a000 r--p 00016000 08:06 262624     /lib/i386-linux-gnu/libz.so.1.2.7
b751a000-b751b000 rw-p 00017000 08:06 262624     /lib/i386-linux-gnu/libz.so.1.2.7
b751b000-b7532000 r-xp 00000000 08:06 262583     /lib/i386-linux-gnu/libpthread-2.17.so
b7532000-b7533000 r--p 00016000 08:06 262583     /lib/i386-linux-gnu/libpthread-2.17.so
b7533000-b7534000 rw-p 00017000 08:06 262583     /lib/i386-linux-gnu/libpthread-2.17.so
b7534000-b7536000 rw-p 00000000 00:00 0 
b7536000-b7539000 r-xp 00000000 08:06 262485     /lib/i386-linux-gnu/libdl-2.17.so
b7539000-b753a000 r--p 00002000 08:06 262485     /lib/i386-linux-gnu/libdl-2.17.so
b753a000-b753b000 rw-p 00003000 08:06 262485     /lib/i386-linux-gnu/libdl-2.17.so
b753b000-b76e8000 r-xp 00000000 08:06 262470     /lib/i386-linux-gnu/libc-2.17.so
b76e8000-b76ea000 r--p 001ad000 08:06 262470     /lib/i386-linux-gnu/libc-2.17.so
b76ea000-b76eb000 rw-p 001af000 08:06 262470     /lib/i386-linux-gnu/libc-2.17.so
b76eb000-b76ee000 rw-p 00000000 00:00 0 
b76ee000-b76f6000 rw-s 00000000 08:06 1439241    /tmp/hsperfdata_gene/18284
b76f6000-b76f7000 rw-p 00000000 00:00 0 
b76f7000-b76f8000 r--p 00000000 00:00 0 
b76f8000-b7705000 r-xp 00000000 08:06 1708673    /usr/lib/jvm/java-7-openjdk-i386/jre/lib/i386/libverify.so
b7705000-b7706000 r--p 0000d000 08:06 1708673    /usr/lib/jvm/java-7-openjdk-i386/jre/lib/i386/libverify.so
b7706000-b7707000 rw-p 0000e000 08:06 1708673    /usr/lib/jvm/java-7-openjdk-i386/jre/lib/i386/libverify.so
b7707000-b7714000 r-xp 00000000 08:06 1708681    /usr/lib/jvm/java-7-openjdk-i386/jre/lib/i386/jli/libjli.so
b7714000-b7715000 r--p 0000c000 08:06 1708681    /usr/lib/jvm/java-7-openjdk-i386/jre/lib/i386/jli/libjli.so
b7715000-b7716000 rw-p 0000d000 08:06 1708681    /usr/lib/jvm/java-7-openjdk-i386/jre/lib/i386/jli/libjli.so
b7716000-b7719000 rw-p 00000000 00:00 0 
b7719000-b771a000 r-xp 00000000 00:00 0          [vdso]
b771a000-b773a000 r-xp 00000000 08:06 262446     /lib/i386-linux-gnu/ld-2.17.so
b773a000-b773b000 r--p 0001f000 08:06 262446     /lib/i386-linux-gnu/ld-2.17.so
b773b000-b773c000 rw-p 00020000 08:06 262446     /lib/i386-linux-gnu/ld-2.17.so
bfb37000-bfb58000 rw-p 00000000 00:00 0          [stack]

VM Arguments:
jvm_args: -Dfile.encoding=UTF-8 
java_command: musicplayer.Musicplayer
Launcher Type: SUN_STANDARD

Environment Variables:
PATH=/usr/local/sbin:/usr/local/bin:/usr/sbin:/usr/bin:/sbin:/bin:/usr/games:/usr/local/games
USERNAME=gene
LD_LIBRARY_PATH=/usr/lib/jvm/default-java/jre/lib/amd64:/usr/lib/jvm/default-java/jre/lib/i386:
SHELL=/bin/bash
DISPLAY=:1

Signal Handlers:
SIGSEGV: [libjvm.so+0x7598c0], sa_mask[0]=0x7ffbfeff, sa_flags=0x10000004
SIGBUS: [libjvm.so+0x7598c0], sa_mask[0]=0x7ffbfeff, sa_flags=0x10000004
SIGFPE: [libjvm.so+0x5f54f0], sa_mask[0]=0x7ffbfeff, sa_flags=0x10000004
SIGPIPE: [libjvm.so+0x5f54f0], sa_mask[0]=0x7ffbfeff, sa_flags=0x10000004
SIGXFSZ: [libjvm.so+0x5f54f0], sa_mask[0]=0x7ffbfeff, sa_flags=0x10000004
SIGILL: [libjvm.so+0x5f54f0], sa_mask[0]=0x7ffbfeff, sa_flags=0x10000004
SIGUSR1: SIG_DFL, sa_mask[0]=0x00000000, sa_flags=0x00000000
SIGUSR2: [libjvm.so+0x5f53a0], sa_mask[0]=0x00000004, sa_flags=0x10000004
SIGHUP: [libjvm.so+0x5f5930], sa_mask[0]=0x7ffbfeff, sa_flags=0x10000004
SIGINT: SIG_IGN, sa_mask[0]=0x00000000, sa_flags=0x00000000
SIGTERM: [libjvm.so+0x5f5930], sa_mask[0]=0x7ffbfeff, sa_flags=0x10000004
SIGQUIT: [libjvm.so+0x5f5930], sa_mask[0]=0x7ffbfeff, sa_flags=0x10000004


---------------  S Y S T E M  ---------------

OS:Ubuntu 13.04 (raring)
uname:Linux 3.8.0-19-generic #29-Ubuntu SMP Wed Apr 17 18:19:42 UTC 2013 i686
libc:glibc 2.17 NPTL 2.17 
rlimit: STACK 8192k, CORE 0k, NPROC 30928, NOFILE 4096, AS infinity
load average:1.07 1.01 0.97

/proc/meminfo:
MemTotal:        3975340 kB
MemFree:         1892196 kB
Buffers:           29508 kB
Cached:           829332 kB
SwapCached:          304 kB
Active:           712932 kB
Inactive:         738676 kB
Active(anon):     611176 kB
Inactive(anon):    77788 kB
Active(file):     101756 kB
Inactive(file):   660888 kB
Unevictable:           0 kB
Mlocked:               0 kB
HighTotal:       3125056 kB
HighFree:        1171704 kB
LowTotal:         850284 kB
LowFree:          720492 kB
SwapTotal:       2047996 kB
SwapFree:        1944396 kB
Dirty:                96 kB
Writeback:             0 kB
AnonPages:        592720 kB
Mapped:           637748 kB
Shmem:             95988 kB
Slab:              44736 kB
SReclaimable:      20632 kB
SUnreclaim:        24104 kB
KernelStack:        3864 kB
PageTables:         8768 kB
NFS_Unstable:          0 kB
Bounce:                0 kB
WritebackTmp:          0 kB
CommitLimit:     4035664 kB
Committed_AS:    3205316 kB
VmallocTotal:     122880 kB
VmallocUsed:       21884 kB
VmallocChunk:      55272 kB
HardwareCorrupted:     0 kB
AnonHugePages:         0 kB
HugePages_Total:       0
HugePages_Free:        0
HugePages_Rsvd:        0
HugePages_Surp:        0
Hugepagesize:       2048 kB
DirectMap4k:       10232 kB
DirectMap2M:      903168 kB


CPU:total 4 (2 cores per cpu, 2 threads per core) family 6 model 42 stepping 7, cmov, cx8, fxsr, mmx, sse, sse2, sse3, ssse3, sse4.1, sse4.2, popcnt, avx, ht, tsc, tscinvbit

/proc/cpuinfo:
processor	: 0
vendor_id	: GenuineIntel
cpu family	: 6
model		: 42
model name	: Intel(R) Core(TM) i3-2370M CPU @ 2.40GHz
stepping	: 7
microcode	: 0x25
cpu MHz		: 800.000
cache size	: 3072 KB
physical id	: 0
siblings	: 4
core id		: 0
cpu cores	: 2
apicid		: 0
initial apicid	: 0
fdiv_bug	: no
hlt_bug		: no
f00f_bug	: no
coma_bug	: no
fpu		: yes
fpu_exception	: yes
cpuid level	: 13
wp		: yes
flags		: fpu vme de pse tsc msr pae mce cx8 apic sep mtrr pge mca cmov pat pse36 clflush dts acpi mmx fxsr sse sse2 ss ht tm pbe nx rdtscp lm constant_tsc arch_perfmon pebs bts xtopology nonstop_tsc aperfmperf eagerfpu pni pclmulqdq dtes64 monitor ds_cpl vmx est tm2 ssse3 cx16 xtpr pdcm pcid sse4_1 sse4_2 x2apic popcnt tsc_deadline_timer xsave avx lahf_lm arat epb xsaveopt pln pts dtherm tpr_shadow vnmi flexpriority ept vpid
bogomips	: 4789.07
clflush size	: 64
cache_alignment	: 64
address sizes	: 36 bits physical, 48 bits virtual
power management:

processor	: 1
vendor_id	: GenuineIntel
cpu family	: 6
model		: 42
model name	: Intel(R) Core(TM) i3-2370M CPU @ 2.40GHz
stepping	: 7
microcode	: 0x25
cpu MHz		: 800.000
cache size	: 3072 KB
physical id	: 0
siblings	: 4
core id		: 0
cpu cores	: 2
apicid		: 1
initial apicid	: 1
fdiv_bug	: no
hlt_bug		: no
f00f_bug	: no
coma_bug	: no
fpu		: yes
fpu_exception	: yes
cpuid level	: 13
wp		: yes
flags		: fpu vme de pse tsc msr pae mce cx8 apic sep mtrr pge mca cmov pat pse36 clflush dts acpi mmx fxsr sse sse2 ss ht tm pbe nx rdtscp lm constant_tsc arch_perfmon pebs bts xtopology nonstop_tsc aperfmperf eagerfpu pni pclmulqdq dtes64 monitor ds_cpl vmx est tm2 ssse3 cx16 xtpr pdcm pcid sse4_1 sse4_2 x2apic popcnt tsc_deadline_timer xsave avx lahf_lm arat epb xsaveopt pln pts dtherm tpr_shadow vnmi flexpriority ept vpid
bogomips	: 4789.07
clflush size	: 64
cache_alignment	: 64
address sizes	: 36 bits physical, 48 bits virtual
power management:

processor	: 2
vendor_id	: GenuineIntel
cpu family	: 6
model		: 42
model name	: Intel(R) Core(TM) i3-2370M CPU @ 2.40GHz
stepping	: 7
microcode	: 0x25
cpu MHz		: 2400.000
cache size	: 3072 KB
physical id	: 0
siblings	: 4
core id		: 1
cpu cores	: 2
apicid		: 2
initial apicid	: 2
fdiv_bug	: no
hlt_bug		: no
f00f_bug	: no
coma_bug	: no
fpu		: yes
fpu_exception	: yes
cpuid level	: 13
wp		: yes
flags		: fpu vme de pse tsc msr pae mce cx8 apic sep mtrr pge mca cmov pat pse36 clflush dts acpi mmx fxsr sse sse2 ss ht tm pbe nx rdtscp lm constant_tsc arch_perfmon pebs bts xtopology nonstop_tsc aperfmperf eagerfpu pni pclmulqdq dtes64 monitor ds_cpl vmx est tm2 ssse3 cx16 xtpr pdcm pcid sse4_1 sse4_2 x2apic popcnt tsc_deadline_timer xsave avx lahf_lm arat epb xsaveopt pln pts dtherm tpr_shadow vnmi flexpriority ept vpid
bogomips	: 4789.07
clflush size	: 64
cache_alignment	: 64
address sizes	: 36 bits physical, 48 bits virtual
power management:

processor	: 3
vendor_id	: GenuineIntel
cpu family	: 6
model		: 42
model name	: Intel(R) Core(TM) i3-2370M CPU @ 2.40GHz
stepping	: 7
microcode	: 0x25
cpu MHz		: 800.000
cache size	: 3072 KB
physical id	: 0
siblings	: 4
core id		: 1
cpu cores	: 2
apicid		: 3
initial apicid	: 3
fdiv_bug	: no
hlt_bug		: no
f00f_bug	: no
coma_bug	: no
fpu		: yes
fpu_exception	: yes
cpuid level	: 13
wp		: yes
flags		: fpu vme de pse tsc msr pae mce cx8 apic sep mtrr pge mca cmov pat pse36 clflush dts acpi mmx fxsr sse sse2 ss ht tm pbe nx rdtscp lm constant_tsc arch_perfmon pebs bts xtopology nonstop_tsc aperfmperf eagerfpu pni pclmulqdq dtes64 monitor ds_cpl vmx est tm2 ssse3 cx16 xtpr pdcm pcid sse4_1 sse4_2 x2apic popcnt tsc_deadline_timer xsave avx lahf_lm arat epb xsaveopt pln pts dtherm tpr_shadow vnmi flexpriority ept vpid
bogomips	: 4789.07
clflush size	: 64
cache_alignment	: 64
address sizes	: 36 bits physical, 48 bits virtual
power management:



Memory: 4k page, physical 3975340k(1892196k free), swap 2047996k(1944396k free)

vm_info: OpenJDK Server VM (23.7-b01) for linux-x86 JRE (1.7.0_21-b02), built on Apr 22 2013 07:41:32 by "buildd" with gcc 4.7.3

time: Sun Oct 27 23:36:14 2013
elapsed time: 23 seconds

