#
# A fatal error has been detected by the Java Runtime Environment:
#
#  SIGSEGV (0xb) at pc=0xb7691f98, pid=18430, tid=1731078976
#
# JRE version: 7.0_21-b02
# Java VM: OpenJDK Server VM (23.7-b01 mixed mode linux-x86 )
# Problematic frame:
# C  [libc.so.6+0x12ef98]  _IO_file_underflow+0x68
#
# Failed to write core dump. Core dumps have been disabled. To enable core dumping, try "ulimit -c unlimited" before starting Java again
#
# If you would like to submit a bug report, please include
# instructions on how to reproduce the bug and visit:
#   https://bugs.launchpad.net/ubuntu/+source/openjdk-7/
#

---------------  T H R E A D  ---------------

Current thread is native thread

siginfo:si_signo=SIGSEGV: si_errno=0, si_code=1 (SEGV_MAPERR), si_addr=0x00000037

Registers:
EAX=0x67a22000, EBX=0xb7712000, ECX=0xffffffff, EDX=0x00001000
ESP=0x672dfda0, EBP=0x00000001, ESI=0x6e245fc8, EDI=0x672e2b40
EIP=0xb7691f98, EFLAGS=0x00210206, CR2=0x00000037

Top of Stack: (sp=0x672dfda0)
0x672dfda0:   6e245fc8 67a22000 00001000 b7712000
0x672dfdb0:   6e245fc8 b7712000 6e245fc8 b75d6da9
0x672dfdc0:   6e245fc8 b75c957a b7712000 b7712000
0x672dfdd0:   6e245fc8 672e2b40 6e245fc8 b75d6bdb
0x672dfde0:   6e245fc8 ffffffff 6430e649 6432d000
0x672dfdf0:   b75c95d7 b7712000 6e245fc8 b75ccebc
0x672dfe00:   6e245fc8 6432422a 00000001 6432d000
0x672dfe10:   6432d000 6e23f650 6e240070 64317d8c 

Instructions: (pc=0xb7691f98)
0xb7691f78:   4c 89 46 04 29 c2 89 46 0c 89 46 08 89 46 18 89
0xb7691f88:   46 14 89 46 10 89 54 24 08 89 44 24 04 89 34 24
0xb7691f98:   ff 51 38 83 f8 00 7e 38 8b 56 40 01 46 08 83 fa
0xb7691fa8:   ff 74 05 01 d0 89 46 40 8b 46 04 0f b6 00 83 c4 

Register to memory mapping:

EAX=0x67a22000 is an unknown value
EBX=0xb7712000: <offset 0x1af000> in /lib/i386-linux-gnu/libc.so.6 at 0xb7563000
ECX=0xffffffff is an unknown value
EDX=0x00001000 is an unknown value
ESP=0x672dfda0 is an unknown value
EBP=0x00000001 is an unknown value
ESI=0x6e245fc8 is an unknown value
EDI=0x672e2b40 is an unknown value


Stack: [0x67262000,0x672e3000],  sp=0x672dfda0,  free space=503k
Native frames: (J=compiled Java code, j=interpreted, Vv=VM code, C=native code)
C  [libc.so.6+0x12ef98]  _IO_file_underflow+0x68


---------------  P R O C E S S  ---------------

VM state:not at safepoint (normal execution)

VM Mutex/Monitor currently owned by a thread: None

Heap
 PSYoungGen      total 18112K, used 12671K [0x9efd0000, 0xa1330000, 0xb33d0000)
  eden space 15552K, 65% used [0x9efd0000,0x9f9b0798,0x9ff00000)
  from space 2560K, 99% used [0x9ff00000,0xa017f578,0xa0180000)
  to   space 2560K, 0% used [0xa10b0000,0xa10b0000,0xa1330000)
 ParOldGen       total 41472K, used 3937K [0x767d0000, 0x79050000, 0x9efd0000)
  object space 41472K, 9% used [0x767d0000,0x76ba8588,0x79050000)
 PSPermGen       total 16384K, used 14860K [0x6e7d0000, 0x6f7d0000, 0x767d0000)
  object space 16384K, 90% used [0x6e7d0000,0x6f6533f8,0x6f7d0000)

Card table byte_map: [0x6e5a9000,0x6e7d0000] byte_map_base: 0x6e235180

Polling page: 0xb771f000

Code Cache  [0xb349c000, 0xb36dc000, 0xb649c000)
 total_blobs=585 nmethods=317 adapters=220 free_code_cache=48248Kb largest_free_block=49385664

Compilation events (10 events):
Event: 12.171 Thread 0x6adfc800 nmethod 345 0xb3531588 code [0xb3531680, 0xb3531730]
Event: 12.182 Thread 0x6adfc800  346             com.sun.jna.Structure$3::share (2 bytes)
Event: 12.182 Thread 0x6adfc800 nmethod 346 0xb351aac8 code [0xb351aba0, 0xb351abf0]
Event: 12.189 Thread 0x6adfc800  347             com.sun.jna.Union::calculateSize (156 bytes)
Event: 12.194 Thread 0x6adfe800 nmethod 341 0xb357f948 code [0xb357fd80, 0xb3581190]
Event: 12.210 Thread 0x6adfe800  348             sun.awt.SunToolkit::isInstanceOf (71 bytes)
Event: 12.215 Thread 0x6adfc800 nmethod 347 0xb3542e48 code [0xb35430e0, 0xb3544014]
Event: 12.218 Thread 0x6adfc800  349             java.lang.Class::getField0 (92 bytes)
Event: 12.222 Thread 0x6adfe800 nmethod 348 0xb3530788 code [0xb3530900, 0xb3531038]
Event: 12.242 Thread 0x6adfe800  350             java.lang.Class::getConstructor0 (103 bytes)

GC Heap History (6 events):
Event: 1.311 GC heap before
{Heap before GC invocations=1 (full 0):
 PSYoungGen      total 18112K, used 15552K [0x9efd0000, 0xa0400000, 0xb33d0000)
  eden space 15552K, 100% used [0x9efd0000,0x9ff00000,0x9ff00000)
  from space 2560K, 0% used [0xa0180000,0xa0180000,0xa0400000)
  to   space 2560K, 0% used [0x9ff00000,0x9ff00000,0xa0180000)
 ParOldGen       total 41472K, used 0K [0x767d0000, 0x79050000, 0x9efd0000)
  object space 41472K, 0% used [0x767d0000,0x767d0000,0x79050000)
 PSPermGen       total 16384K, used 11902K [0x6e7d0000, 0x6f7d0000, 0x767d0000)
  object space 16384K, 72% used [0x6e7d0000,0x6f36fb10,0x6f7d0000)
Event: 1.322 GC heap after
Heap after GC invocations=1 (full 0):
 PSYoungGen      total 18112K, used 2549K [0x9efd0000, 0xa0400000, 0xb33d0000)
  eden space 15552K, 0% used [0x9efd0000,0x9efd0000,0x9ff00000)
  from space 2560K, 99% used [0x9ff00000,0xa017d5c0,0xa0180000)
  to   space 2560K, 0% used [0xa0180000,0xa0180000,0xa0400000)
 ParOldGen       total 41472K, used 1312K [0x767d0000, 0x79050000, 0x9efd0000)
  object space 41472K, 3% used [0x767d0000,0x769180e8,0x79050000)
 PSPermGen       total 16384K, used 11902K [0x6e7d0000, 0x6f7d0000, 0x767d0000)
  object space 16384K, 72% used [0x6e7d0000,0x6f36fb10,0x6f7d0000)
}
Event: 2.311 GC heap before
{Heap before GC invocations=2 (full 0):
 PSYoungGen      total 18112K, used 18101K [0x9efd0000, 0xa0400000, 0xb33d0000)
  eden space 15552K, 100% used [0x9efd0000,0x9ff00000,0x9ff00000)
  from space 2560K, 99% used [0x9ff00000,0xa017d5c0,0xa0180000)
  to   space 2560K, 0% used [0xa0180000,0xa0180000,0xa0400000)
 ParOldGen       total 41472K, used 1312K [0x767d0000, 0x79050000, 0x9efd0000)
  object space 41472K, 3% used [0x767d0000,0x769180e8,0x79050000)
 PSPermGen       total 16384K, used 14500K [0x6e7d0000, 0x6f7d0000, 0x767d0000)
  object space 16384K, 88% used [0x6e7d0000,0x6f5f93c8,0x6f7d0000)
Event: 2.335 GC heap after
Heap after GC invocations=2 (full 0):
 PSYoungGen      total 18112K, used 2558K [0x9efd0000, 0xa1330000, 0xb33d0000)
  eden space 15552K, 0% used [0x9efd0000,0x9efd0000,0x9ff00000)
  from space 2560K, 99% used [0xa0180000,0xa03ff9a8,0xa0400000)
  to   space 2560K, 0% used [0x9ff00000,0x9ff00000,0xa0180000)
 ParOldGen       total 41472K, used 3387K [0x767d0000, 0x79050000, 0x9efd0000)
  object space 41472K, 8% used [0x767d0000,0x76b1ed98,0x79050000)
 PSPermGen       total 16384K, used 14500K [0x6e7d0000, 0x6f7d0000, 0x767d0000)
  object space 16384K, 88% used [0x6e7d0000,0x6f5f93c8,0x6f7d0000)
}
Event: 10.340 GC heap before
{Heap before GC invocations=3 (full 0):
 PSYoungGen      total 18112K, used 18110K [0x9efd0000, 0xa1330000, 0xb33d0000)
  eden space 15552K, 100% used [0x9efd0000,0x9ff00000,0x9ff00000)
  from space 2560K, 99% used [0xa0180000,0xa03ff9a8,0xa0400000)
  to   space 2560K, 0% used [0x9ff00000,0x9ff00000,0xa0180000)
 ParOldGen       total 41472K, used 3387K [0x767d0000, 0x79050000, 0x9efd0000)
  object space 41472K, 8% used [0x767d0000,0x76b1ed98,0x79050000)
 PSPermGen       total 16384K, used 14852K [0x6e7d0000, 0x6f7d0000, 0x767d0000)
  object space 16384K, 90% used [0x6e7d0000,0x6f6512b8,0x6f7d0000)
Event: 10.347 GC heap after
Heap after GC invocations=3 (full 0):
 PSYoungGen      total 18112K, used 2557K [0x9efd0000, 0xa1330000, 0xb33d0000)
  eden space 15552K, 0% used [0x9efd0000,0x9efd0000,0x9ff00000)
  from space 2560K, 99% used [0x9ff00000,0xa017f578,0xa0180000)
  to   space 2560K, 0% used [0xa10b0000,0xa10b0000,0xa1330000)
 ParOldGen       total 41472K, used 3937K [0x767d0000, 0x79050000, 0x9efd0000)
  object space 41472K, 9% used [0x767d0000,0x76ba8588,0x79050000)
 PSPermGen       total 16384K, used 14852K [0x6e7d0000, 0x6f7d0000, 0x767d0000)
  object space 16384K, 90% used [0x6e7d0000,0x6f6512b8,0x6f7d0000)
}

Deoptimization events (10 events):
Event: 1.992 Thread 0x67dfe800 Uncommon trap -83 fr.pc 0xb352c940
Event: 2.009 Thread 0x67dfe800 Uncommon trap -83 fr.pc 0xb352a1f8
Event: 2.046 Thread 0x67dfe800 Uncommon trap -83 fr.pc 0xb3517f04
Event: 2.442 Thread 0x67dfe800 Uncommon trap -83 fr.pc 0xb35675c8
Event: 3.068 Thread 0x67dfe800 Uncommon trap -83 fr.pc 0xb3518140
Event: 3.068 Thread 0x67dfe800 Uncommon trap -83 fr.pc 0xb351868c
Event: 3.068 Thread 0x67dfe800 Uncommon trap -83 fr.pc 0xb352c6f4
Event: 3.070 Thread 0x67dfe800 Uncommon trap -42 fr.pc 0xb3550404
Event: 9.735 Thread 0x6e22c000 Uncommon trap -12 fr.pc 0xb350767c
Event: 12.094 Thread 0x67dfe800 Uncommon trap 38 fr.pc 0xb352c798

Internal exceptions (10 events):
Event: 3.859 Thread 0x6e205c00 Threw 0x9f1728d0 at /build/buildd/openjdk-7-7u21-2.3.9/build/openjdk/hotspot/src/share/vm/prims/jvm.cpp:1166
Event: 3.862 Thread 0x6e205c00 Threw 0x9f1dd6e8 at /build/buildd/openjdk-7-7u21-2.3.9/build/openjdk/hotspot/src/share/vm/prims/jvm.cpp:1166
Event: 3.867 Thread 0x6e209800 Threw 0x9f2048a8 at /build/buildd/openjdk-7-7u21-2.3.9/build/openjdk/hotspot/src/share/vm/prims/jvm.cpp:1166
Event: 3.871 Thread 0x6e209800 Threw 0x9f22b7b8 at /build/buildd/openjdk-7-7u21-2.3.9/build/openjdk/hotspot/src/share/vm/prims/jvm.cpp:1166
Event: 3.908 Thread 0x6e20bc00 Threw 0x9f30d5c8 at /build/buildd/openjdk-7-7u21-2.3.9/build/openjdk/hotspot/src/share/vm/prims/jvm.cpp:1166
Event: 3.912 Thread 0x6e20bc00 Threw 0x9f378ca8 at /build/buildd/openjdk-7-7u21-2.3.9/build/openjdk/hotspot/src/share/vm/prims/jvm.cpp:1166
Event: 3.931 Thread 0x6e217800 Threw 0x9f3b0578 at /build/buildd/openjdk-7-7u21-2.3.9/build/openjdk/hotspot/src/share/vm/prims/jvm.cpp:1166
Event: 3.939 Thread 0x6e217800 Threw 0x9f3fe758 at /build/buildd/openjdk-7-7u21-2.3.9/build/openjdk/hotspot/src/share/vm/prims/jvm.cpp:1166
Event: 4.242 Thread 0x6e21ec00 Threw 0x9f54b348 at /build/buildd/openjdk-7-7u21-2.3.9/build/openjdk/hotspot/src/share/vm/prims/jvm.cpp:1166
Event: 4.249 Thread 0x6e21ec00 Threw 0x9f570f90 at /build/buildd/openjdk-7-7u21-2.3.9/build/openjdk/hotspot/src/share/vm/prims/jvm.cpp:1166

Events (10 events):
Event: 12.254 Thread 0x6e236c00 Thread added: 0x6e236c00
Event: 12.256 Thread 0x6e236c00 Thread exited: 0x6e236c00
Event: 12.256 Thread 0x6e236c00 Thread added: 0x6e236c00
Event: 12.257 Thread 0x6e236c00 Thread exited: 0x6e236c00
Event: 12.257 Thread 0x6e236c00 Thread added: 0x6e236c00
Event: 12.259 Thread 0x6e236c00 Thread exited: 0x6e236c00
Event: 12.260 Thread 0x6e236c00 Thread added: 0x6e236c00
Event: 12.263 Thread 0x6e236c00 Thread exited: 0x6e236c00
Event: 12.263 Thread 0x6e236c00 Thread added: 0x6e236c00
Event: 12.268 Thread 0x6e236c00 Thread exited: 0x6e236c00


Dynamic libraries:
08048000-08049000 r-xp 00000000 08:06 1708580    /usr/lib/jvm/java-7-openjdk-i386/jre/bin/java
08049000-0804a000 r--p 00000000 08:06 1708580    /usr/lib/jvm/java-7-openjdk-i386/jre/bin/java
0804a000-0804b000 rw-p 00001000 08:06 1708580    /usr/lib/jvm/java-7-openjdk-i386/jre/bin/java
095a1000-09639000 rw-p 00000000 00:00 0          [heap]
5e891000-5e9fb000 r-xp 00000000 08:06 1706644    /usr/lib/i386-linux-gnu/libsamplerate.so.0.1.8
5e9fb000-5e9fc000 r--p 00169000 08:06 1706644    /usr/lib/i386-linux-gnu/libsamplerate.so.0.1.8
5e9fc000-5e9fd000 rw-p 0016a000 08:06 1706644    /usr/lib/i386-linux-gnu/libsamplerate.so.0.1.8
6289e000-628e9000 r-xp 00000000 08:06 1703839    /usr/lib/libmodplug.so.1.0.0
628e9000-628ea000 ---p 0004b000 08:06 1703839    /usr/lib/libmodplug.so.1.0.0
628ea000-628eb000 r--p 0004b000 08:06 1703839    /usr/lib/libmodplug.so.1.0.0
628eb000-628ec000 rw-p 0004c000 08:06 1703839    /usr/lib/libmodplug.so.1.0.0
628ec000-62970000 rw-p 00000000 00:00 0 
62970000-629f5000 r-xp 00000000 08:06 1720530    /usr/lib/i386-linux-gnu/libmatroska.so.5
629f5000-629fb000 r--p 00085000 08:06 1720530    /usr/lib/i386-linux-gnu/libmatroska.so.5
629fb000-629fc000 rw-p 0008b000 08:06 1720530    /usr/lib/i386-linux-gnu/libmatroska.so.5
629fc000-629fe000 rw-p 00000000 00:00 0 
629fe000-629ff000 ---p 00000000 00:00 0 
629ff000-63e00000 rw-p 00000000 00:00 0 
63e00000-63ea3000 rw-p 00000000 00:00 0 
63ea3000-63f00000 ---p 00000000 00:00 0 
63f00000-63f26000 rw-p 00000000 00:00 0 
63f26000-64000000 ---p 00000000 00:00 0 
64000000-64182000 rw-p 00000000 00:00 0 
64182000-64200000 ---p 00000000 00:00 0 
64200000-64300000 rw-p 00000000 00:00 0 
64301000-6432c000 r-xp 00000000 08:06 1706469    /usr/lib/i386-linux-gnu/liblua5.1.so.0.0.0
6432c000-6432d000 r--p 0002b000 08:06 1706469    /usr/lib/i386-linux-gnu/liblua5.1.so.0.0.0
6432d000-6432e000 rw-p 0002c000 08:06 1706469    /usr/lib/i386-linux-gnu/liblua5.1.so.0.0.0
64347000-64700000 rw-s 00000000 00:04 204046385  /SYSV00000000 (deleted)
64700000-64800000 rw-p 00000000 00:00 0 
64806000-64830000 r-xp 00000000 08:06 405608     /usr/lib/vlc/plugins/lua/liblua_plugin.so
64830000-64831000 r--p 0002a000 08:06 405608     /usr/lib/vlc/plugins/lua/liblua_plugin.so
64831000-64832000 rw-p 0002b000 08:06 405608     /usr/lib/vlc/plugins/lua/liblua_plugin.so
64832000-64844000 r-xp 00000000 08:06 1720553    /usr/lib/libdvbpsi.so.7.0.0
64844000-64845000 r--p 00011000 08:06 1720553    /usr/lib/libdvbpsi.so.7.0.0
64845000-64846000 rw-p 00012000 08:06 1720553    /usr/lib/libdvbpsi.so.7.0.0
64846000-648fd000 r-xp 00000000 08:06 1706695    /usr/lib/i386-linux-gnu/libtag.so.1.12.0
648fd000-648ff000 r--p 000b7000 08:06 1706695    /usr/lib/i386-linux-gnu/libtag.so.1.12.0
648ff000-64900000 rw-p 000b9000 08:06 1706695    /usr/lib/i386-linux-gnu/libtag.so.1.12.0
64900000-649ff000 rw-p 00000000 00:00 0 
649ff000-64a00000 ---p 00000000 00:00 0 
64a00000-64af9000 rw-p 00000000 00:00 0 
64af9000-64b00000 ---p 00000000 00:00 0 
64b00000-64bf9000 rw-p 00000000 00:00 0 
64bf9000-64c00000 ---p 00000000 00:00 0 
64c0b000-64c0d000 r-xp 00000000 08:06 280628     /usr/lib/vlc/plugins/demux/libnsc_plugin.so
64c0d000-64c0e000 r--p 00001000 08:06 280628     /usr/lib/vlc/plugins/demux/libnsc_plugin.so
64c0e000-64c0f000 rw-p 00002000 08:06 280628     /usr/lib/vlc/plugins/demux/libnsc_plugin.so
64c0f000-64c11000 r-xp 00000000 08:06 280611     /usr/lib/vlc/plugins/demux/libdemux_cdg_plugin.so
64c11000-64c12000 r--p 00001000 08:06 280611     /usr/lib/vlc/plugins/demux/libdemux_cdg_plugin.so
64c12000-64c13000 rw-p 00002000 08:06 280611     /usr/lib/vlc/plugins/demux/libdemux_cdg_plugin.so
64c13000-64c16000 r-xp 00000000 08:06 280615     /usr/lib/vlc/plugins/demux/libmjpeg_plugin.so
64c16000-64c17000 r--p 00002000 08:06 280615     /usr/lib/vlc/plugins/demux/libmjpeg_plugin.so
64c17000-64c18000 rw-p 00003000 08:06 280615     /usr/lib/vlc/plugins/demux/libmjpeg_plugin.so
64c18000-64c20000 r-xp 00000000 08:06 280637     /usr/lib/vlc/plugins/demux/libty_plugin.so
64c20000-64c21000 r--p 00007000 08:06 280637     /usr/lib/vlc/plugins/demux/libty_plugin.so
64c21000-64c22000 rw-p 00008000 08:06 280637     /usr/lib/vlc/plugins/demux/libty_plugin.so
64c22000-64f01000 r-xp 00000000 08:06 1705842    /usr/lib/i386-linux-gnu/libQtCore.so.4.8.4
64f01000-64f08000 r--p 002de000 08:06 1705842    /usr/lib/i386-linux-gnu/libQtCore.so.4.8.4
64f08000-64f09000 rw-p 002e5000 08:06 1705842    /usr/lib/i386-linux-gnu/libQtCore.so.4.8.4
64f09000-64f0a000 rw-p 00000000 00:00 0 
64f0a000-659b2000 r-xp 00000000 08:06 1705851    /usr/lib/i386-linux-gnu/libQtGui.so.4.8.4
659b2000-659d4000 r--p 00aa7000 08:06 1705851    /usr/lib/i386-linux-gnu/libQtGui.so.4.8.4
659d4000-659d8000 rw-p 00ac9000 08:06 1705851    /usr/lib/i386-linux-gnu/libQtGui.so.4.8.4
659d8000-659db000 rw-p 00000000 00:00 0 
659db000-65bf0000 r-xp 00000000 08:06 407152     /usr/lib/vlc/plugins/gui/libqt4_plugin.so
65bf0000-65bf1000 ---p 00215000 08:06 407152     /usr/lib/vlc/plugins/gui/libqt4_plugin.so
65bf1000-65bfd000 r--p 00215000 08:06 407152     /usr/lib/vlc/plugins/gui/libqt4_plugin.so
65bfd000-65bff000 rw-p 00221000 08:06 407152     /usr/lib/vlc/plugins/gui/libqt4_plugin.so
65bff000-65c00000 rw-p 00000000 00:00 0 
65c00000-65cff000 rw-p 00000000 00:00 0 
65cff000-65d00000 ---p 00000000 00:00 0 
65d03000-65d61000 r-xp 00000000 08:06 280623     /usr/lib/vlc/plugins/demux/liblive555_plugin.so
65d61000-65d62000 ---p 0005e000 08:06 280623     /usr/lib/vlc/plugins/demux/liblive555_plugin.so
65d62000-65d65000 r--p 0005e000 08:06 280623     /usr/lib/vlc/plugins/demux/liblive555_plugin.so
65d65000-65d6a000 rw-p 00061000 08:06 280623     /usr/lib/vlc/plugins/demux/liblive555_plugin.so
65d6a000-65d6b000 rw-p 00000000 00:00 0 
65d6b000-65dae000 r-xp 00000000 08:06 280645     /usr/lib/vlc/plugins/demux/libmkv_plugin.so
65dae000-65db0000 r--p 00042000 08:06 280645     /usr/lib/vlc/plugins/demux/libmkv_plugin.so
65db0000-65db1000 rw-p 00044000 08:06 280645     /usr/lib/vlc/plugins/demux/libmkv_plugin.so
65db1000-65db7000 r-xp 00000000 08:06 1706531    /usr/lib/i386-linux-gnu/libogg.so.0.8.0
65db7000-65db8000 r--p 00005000 08:06 1706531    /usr/lib/i386-linux-gnu/libogg.so.0.8.0
65db8000-65db9000 rw-p 00006000 08:06 1706531    /usr/lib/i386-linux-gnu/libogg.so.0.8.0
65db9000-65de2000 r-xp 00000000 08:06 1706753    /usr/lib/i386-linux-gnu/libvorbis.so.0.4.5
65de2000-65de3000 ---p 00029000 08:06 1706753    /usr/lib/i386-linux-gnu/libvorbis.so.0.4.5
65de3000-65de4000 r--p 00029000 08:06 1706753    /usr/lib/i386-linux-gnu/libvorbis.so.0.4.5
65de4000-65de5000 rw-p 0002a000 08:06 1706753    /usr/lib/i386-linux-gnu/libvorbis.so.0.4.5
65de5000-65f4b000 r-xp 00000000 08:06 1706755    /usr/lib/i386-linux-gnu/libvorbisenc.so.2.0.8
65f4b000-65f5c000 r--p 00165000 08:06 1706755    /usr/lib/i386-linux-gnu/libvorbisenc.so.2.0.8
65f5c000-65f5d000 rw-p 00176000 08:06 1706755    /usr/lib/i386-linux-gnu/libvorbisenc.so.2.0.8
65f5d000-65fab000 r-xp 00000000 08:06 1705817    /usr/lib/i386-linux-gnu/libFLAC.so.8.2.0
65fab000-65fac000 r--p 0004e000 08:06 1705817    /usr/lib/i386-linux-gnu/libFLAC.so.8.2.0
65fac000-65fad000 rw-p 0004f000 08:06 1705817    /usr/lib/i386-linux-gnu/libFLAC.so.8.2.0
65fad000-65fb2000 r-xp 00000000 08:06 1705965    /usr/lib/i386-linux-gnu/libasyncns.so.0.3.1
65fb2000-65fb3000 r--p 00004000 08:06 1705965    /usr/lib/i386-linux-gnu/libasyncns.so.0.3.1
65fb3000-65fb4000 rw-p 00005000 08:06 1705965    /usr/lib/i386-linux-gnu/libasyncns.so.0.3.1
65fb4000-66021000 r-xp 00000000 08:06 1706669    /usr/lib/i386-linux-gnu/libsndfile.so.1.0.25
66021000-66023000 r--p 0006c000 08:06 1706669    /usr/lib/i386-linux-gnu/libsndfile.so.1.0.25
66023000-66024000 rw-p 0006e000 08:06 1706669    /usr/lib/i386-linux-gnu/libsndfile.so.1.0.25
66024000-66028000 rw-p 00000000 00:00 0 
66028000-66030000 r-xp 00000000 08:06 262621     /lib/i386-linux-gnu/libwrap.so.0.7.6
66030000-66031000 r--p 00007000 08:06 262621     /lib/i386-linux-gnu/libwrap.so.0.7.6
66031000-66032000 rw-p 00008000 08:06 262621     /lib/i386-linux-gnu/libwrap.so.0.7.6
66032000-66034000 r-xp 00000000 08:06 280631     /usr/lib/vlc/plugins/demux/librawdv_plugin.so
66034000-66035000 r--p 00001000 08:06 280631     /usr/lib/vlc/plugins/demux/librawdv_plugin.so
66035000-66036000 rw-p 00002000 08:06 280631     /usr/lib/vlc/plugins/demux/librawdv_plugin.so
66036000-6604b000 r-xp 00000000 08:06 280622     /usr/lib/vlc/plugins/demux/libts_plugin.so
6604b000-6604c000 r--p 00014000 08:06 280622     /usr/lib/vlc/plugins/demux/libts_plugin.so
6604c000-6604d000 rw-p 00015000 08:06 280622     /usr/lib/vlc/plugins/demux/libts_plugin.so
6604d000-6606b000 r-xp 00000000 08:06 1720529    /usr/lib/i386-linux-gnu/libebml.so.3
6606b000-6606c000 r--p 0001d000 08:06 1720529    /usr/lib/i386-linux-gnu/libebml.so.3
6606c000-6606d000 rw-p 0001e000 08:06 1720529    /usr/lib/i386-linux-gnu/libebml.so.3
6606d000-6606e000 rw-p 00000000 00:00 0 
6606e000-6606f000 ---p 00000000 00:00 0 
6606f000-660ef000 rw-p 00000000 00:00 0 
660ef000-6612b000 r-xp 00000000 08:06 1706135    /usr/lib/i386-linux-gnu/libfaad.so.2.0.0
6612b000-6612c000 ---p 0003c000 08:06 1706135    /usr/lib/i386-linux-gnu/libfaad.so.2.0.0
6612c000-6612d000 r--p 0003c000 08:06 1706135    /usr/lib/i386-linux-gnu/libfaad.so.2.0.0
6612d000-66130000 rw-p 0003d000 08:06 1706135    /usr/lib/i386-linux-gnu/libfaad.so.2.0.0
66130000-66131000 ---p 00000000 00:00 0 
66131000-661b1000 rw-p 00000000 00:00 0          [stack:18466]
661b1000-661b9000 r-xp 00000000 08:06 262510     /lib/i386-linux-gnu/libjson.so.0.1.0
661b9000-661ba000 r--p 00007000 08:06 262510     /lib/i386-linux-gnu/libjson.so.0.1.0
661ba000-661bb000 rw-p 00008000 08:06 262510     /lib/i386-linux-gnu/libjson.so.0.1.0
661bb000-66224000 r-xp 00000000 08:06 1708139    /usr/lib/i386-linux-gnu/pulseaudio/libpulsecommon-3.0.so
66224000-66225000 r--p 00068000 08:06 1708139    /usr/lib/i386-linux-gnu/pulseaudio/libpulsecommon-3.0.so
66225000-66226000 rw-p 00069000 08:06 1708139    /usr/lib/i386-linux-gnu/pulseaudio/libpulsecommon-3.0.so
66227000-66229000 r-xp 00000000 08:06 280629     /usr/lib/vlc/plugins/demux/libmpgv_plugin.so
66229000-6622a000 r--p 00001000 08:06 280629     /usr/lib/vlc/plugins/demux/libmpgv_plugin.so
6622a000-6622b000 rw-p 00002000 08:06 280629     /usr/lib/vlc/plugins/demux/libmpgv_plugin.so
6622b000-66233000 r-xp 00000000 08:06 280651     /usr/lib/vlc/plugins/demux/libps_plugin.so
66233000-66234000 r--p 00007000 08:06 280651     /usr/lib/vlc/plugins/demux/libps_plugin.so
66234000-66235000 rw-p 00008000 08:06 280651     /usr/lib/vlc/plugins/demux/libps_plugin.so
66235000-662c3000 r-xp 00000000 08:06 1706537    /usr/lib/i386-linux-gnu/liborc-0.4.so.0.17.0
662c3000-662c4000 r--p 0008e000 08:06 1706537    /usr/lib/i386-linux-gnu/liborc-0.4.so.0.17.0
662c4000-662c8000 rw-p 0008f000 08:06 1706537    /usr/lib/i386-linux-gnu/liborc-0.4.so.0.17.0
662c8000-662cb000 ---p 00000000 00:00 0 
662cb000-66319000 rw-p 00000000 00:00 0          [stack:18467]
66319000-66365000 r-xp 00000000 08:06 1706602    /usr/lib/i386-linux-gnu/libpulse.so.0.15.3
66365000-66366000 ---p 0004c000 08:06 1706602    /usr/lib/i386-linux-gnu/libpulse.so.0.15.3
66366000-66367000 r--p 0004c000 08:06 1706602    /usr/lib/i386-linux-gnu/libpulse.so.0.15.3
66367000-66368000 rw-p 0004d000 08:06 1706602    /usr/lib/i386-linux-gnu/libpulse.so.0.15.3
6636a000-6636d000 r-xp 00000000 08:06 280643     /usr/lib/vlc/plugins/demux/librawvid_plugin.so
6636d000-6636e000 r--p 00002000 08:06 280643     /usr/lib/vlc/plugins/demux/librawvid_plugin.so
6636e000-6636f000 rw-p 00003000 08:06 280643     /usr/lib/vlc/plugins/demux/librawvid_plugin.so
6636f000-66374000 r-xp 00000000 08:06 280642     /usr/lib/vlc/plugins/demux/libmod_plugin.so
66374000-66375000 r--p 00004000 08:06 280642     /usr/lib/vlc/plugins/demux/libmod_plugin.so
66375000-66376000 rw-p 00005000 08:06 280642     /usr/lib/vlc/plugins/demux/libmod_plugin.so
66376000-66382000 r-xp 00000000 08:06 1720560    /usr/lib/libresid-builder.so.0.0.1
66382000-66383000 r--p 0000b000 08:06 1720560    /usr/lib/libresid-builder.so.0.0.1
66383000-663a4000 rw-p 0000c000 08:06 1720560    /usr/lib/libresid-builder.so.0.0.1
663a4000-66491000 r-xp 00000000 08:06 1771845    /usr/lib/i386-linux-gnu/libasound.so.2.0.0
66491000-66495000 r--p 000ec000 08:06 1771845    /usr/lib/i386-linux-gnu/libasound.so.2.0.0
66495000-66496000 rw-p 000f0000 08:06 1771845    /usr/lib/i386-linux-gnu/libasound.so.2.0.0
66498000-664ad000 r-xp 00000000 08:06 280613     /usr/lib/vlc/plugins/demux/libplaylist_plugin.so
664ad000-664ae000 r--p 00014000 08:06 280613     /usr/lib/vlc/plugins/demux/libplaylist_plugin.so
664ae000-664af000 rw-p 00015000 08:06 280613     /usr/lib/vlc/plugins/demux/libplaylist_plugin.so
664af000-66507000 r-xp 00000000 08:06 1722219    /usr/lib/i386-linux-gnu/libXt.so.6.0.0
66507000-66508000 r--p 00058000 08:06 1722219    /usr/lib/i386-linux-gnu/libXt.so.6.0.0
66508000-6650b000 rw-p 00059000 08:06 1722219    /usr/lib/i386-linux-gnu/libXt.so.6.0.0
6650b000-66521000 r-xp 00000000 08:06 1705827    /usr/lib/i386-linux-gnu/libICE.so.6.3.0
66521000-66522000 r--p 00015000 08:06 1705827    /usr/lib/i386-linux-gnu/libICE.so.6.3.0
66522000-66523000 rw-p 00016000 08:06 1705827    /usr/lib/i386-linux-gnu/libICE.so.6.3.0
66523000-66525000 rw-p 00000000 00:00 0 
66525000-6652c000 r-xp 00000000 08:06 1705877    /usr/lib/i386-linux-gnu/libSM.so.6.0.1
6652c000-6652d000 r--p 00006000 08:06 1705877    /usr/lib/i386-linux-gnu/libSM.so.6.0.1
6652d000-6652e000 rw-p 00007000 08:06 1705877    /usr/lib/i386-linux-gnu/libSM.so.6.0.1
6652e000-66571000 r-xp 00000000 08:06 1706494    /usr/lib/i386-linux-gnu/libmtp.so.9.0.5
66571000-66574000 r--p 00043000 08:06 1706494    /usr/lib/i386-linux-gnu/libmtp.so.9.0.5
66574000-6657b000 rw-p 00046000 08:06 1706494    /usr/lib/i386-linux-gnu/libmtp.so.9.0.5
6657b000-66601000 r-xp 00000000 08:06 1720486    /usr/lib/i386-linux-gnu/libdirac_encoder.so.0.1.0
66601000-66603000 r--p 00085000 08:06 1720486    /usr/lib/i386-linux-gnu/libdirac_encoder.so.0.1.0
66603000-66604000 rw-p 00087000 08:06 1720486    /usr/lib/i386-linux-gnu/libdirac_encoder.so.0.1.0
66604000-66605000 rw-p 00000000 00:00 0 
66605000-666fa000 r-xp 00000000 08:06 1720541    /usr/lib/libvlccore.so.5.1.1
666fa000-666ff000 r--p 000f5000 08:06 1720541    /usr/lib/libvlccore.so.5.1.1
666ff000-66700000 rw-p 000fa000 08:06 1720541    /usr/lib/libvlccore.so.5.1.1
66700000-667f3000 rw-p 00000000 00:00 0 
667f3000-66800000 ---p 00000000 00:00 0 
66800000-668fc000 rw-p 00000000 00:00 0 
668fc000-66900000 ---p 00000000 00:00 0 
66900000-669ff000 rw-p 00000000 00:00 0 
669ff000-66a00000 ---p 00000000 00:00 0 
66a01000-66a05000 r-xp 00000000 08:06 262619     /lib/i386-linux-gnu/libuuid.so.1.3.0
66a05000-66a06000 r--p 00003000 08:06 262619     /lib/i386-linux-gnu/libuuid.so.1.3.0
66a06000-66a07000 rw-p 00004000 08:06 262619     /lib/i386-linux-gnu/libuuid.so.1.3.0
66a07000-66a1e000 r-xp 00000000 08:06 1705975    /usr/lib/i386-linux-gnu/libaudio.so.2.4
66a1e000-66a1f000 r--p 00016000 08:06 1705975    /usr/lib/i386-linux-gnu/libaudio.so.2.4
66a1f000-66a20000 rw-p 00017000 08:06 1705975    /usr/lib/i386-linux-gnu/libaudio.so.2.4
66a20000-66a31000 r-xp 00000000 08:06 262615     /lib/i386-linux-gnu/libusb-1.0.so.0.1.0
66a31000-66a32000 r--p 00010000 08:06 262615     /lib/i386-linux-gnu/libusb-1.0.so.0.1.0
66a32000-66a33000 rw-p 00011000 08:06 262615     /lib/i386-linux-gnu/libusb-1.0.so.0.1.0
66a35000-66a37000 r-xp 00000000 08:06 280612     /usr/lib/vlc/plugins/demux/libau_plugin.so
66a37000-66a38000 r--p 00001000 08:06 280612     /usr/lib/vlc/plugins/demux/libau_plugin.so
66a38000-66a39000 rw-p 00002000 08:06 280612     /usr/lib/vlc/plugins/demux/libau_plugin.so
66a39000-66a3b000 r-xp 00000000 08:06 280658     /usr/lib/vlc/plugins/misc/libinhibit_plugin.so
66a3b000-66a3c000 r--p 00001000 08:06 280658     /usr/lib/vlc/plugins/misc/libinhibit_plugin.so
66a3c000-66a3d000 rw-p 00002000 08:06 280658     /usr/lib/vlc/plugins/misc/libinhibit_plugin.so
66a3d000-66a43000 r-xp 00000000 08:06 405627     /usr/lib/vlc/plugins/control/libhotkeys_plugin.so
66a43000-66a44000 r--p 00005000 08:06 405627     /usr/lib/vlc/plugins/control/libhotkeys_plugin.so
66a44000-66a45000 rw-p 00006000 08:06 405627     /usr/lib/vlc/plugins/control/libhotkeys_plugin.so
66a45000-66a4a000 r-xp 00000000 08:06 405519     /usr/lib/vlc/plugins/audio_output/libalsa_plugin.so
66a4a000-66a4b000 r--p 00004000 08:06 405519     /usr/lib/vlc/plugins/audio_output/libalsa_plugin.so
66a4b000-66a4c000 rw-p 00005000 08:06 405519     /usr/lib/vlc/plugins/audio_output/libalsa_plugin.so
66a4c000-66a66000 r-xp 00000000 08:06 1720543    /usr/lib/libvlc.so.5.3.2
66a66000-66a67000 r--p 00019000 08:06 1720543    /usr/lib/libvlc.so.5.3.2
66a67000-66a68000 rw-p 0001a000 08:06 1720543    /usr/lib/libvlc.so.5.3.2
66a68000-66a7c000 r-xp 00000000 08:06 1441576    /tmp/jna-gene/jna8036143038276523879.tmp (deleted)
66a7c000-66a7d000 rw-p 00014000 08:06 1441576    /tmp/jna-gene/jna8036143038276523879.tmp (deleted)
66a7d000-66a80000 ---p 00000000 00:00 0 
66a80000-66ace000 rw-p 00000000 00:00 0 
66acf000-66ad1000 r-xp 00000000 08:06 280616     /usr/lib/vlc/plugins/demux/libaiff_plugin.so
66ad1000-66ad2000 r--p 00001000 08:06 280616     /usr/lib/vlc/plugins/demux/libaiff_plugin.so
66ad2000-66ad3000 rw-p 00002000 08:06 280616     /usr/lib/vlc/plugins/demux/libaiff_plugin.so
66ad3000-66ad6000 r-xp 00000000 08:06 280627     /usr/lib/vlc/plugins/demux/libpva_plugin.so
66ad6000-66ad7000 r--p 00002000 08:06 280627     /usr/lib/vlc/plugins/demux/libpva_plugin.so
66ad7000-66ad8000 rw-p 00003000 08:06 280627     /usr/lib/vlc/plugins/demux/libpva_plugin.so
66ad8000-66adc000 r-xp 00000000 08:06 280634     /usr/lib/vlc/plugins/demux/libimage_plugin.so
66adc000-66add000 r--p 00003000 08:06 280634     /usr/lib/vlc/plugins/demux/libimage_plugin.so
66add000-66ade000 rw-p 00004000 08:06 280634     /usr/lib/vlc/plugins/demux/libimage_plugin.so
66ade000-66ae1000 r-xp 00000000 08:06 280630     /usr/lib/vlc/plugins/demux/libnsv_plugin.so
66ae1000-66ae2000 r--p 00002000 08:06 280630     /usr/lib/vlc/plugins/demux/libnsv_plugin.so
66ae2000-66ae3000 rw-p 00003000 08:06 280630     /usr/lib/vlc/plugins/demux/libnsv_plugin.so
66ae3000-66af6000 r-xp 00000000 08:06 280625     /usr/lib/vlc/plugins/demux/libogg_plugin.so
66af6000-66af7000 r--p 00012000 08:06 280625     /usr/lib/vlc/plugins/demux/libogg_plugin.so
66af7000-66af8000 rw-p 00013000 08:06 280625     /usr/lib/vlc/plugins/demux/libogg_plugin.so
66af8000-66b04000 r--s 00000000 08:06 656555     /usr/share/fonts/type1/gsfonts/d050000l.pfb
66b04000-66b06000 r-xp 00000000 08:06 280648     /usr/lib/vlc/plugins/demux/libxa_plugin.so
66b06000-66b07000 r--p 00001000 08:06 280648     /usr/lib/vlc/plugins/demux/libxa_plugin.so
66b07000-66b08000 rw-p 00002000 08:06 280648     /usr/lib/vlc/plugins/demux/libxa_plugin.so
66b08000-66b40000 r-xp 00000000 08:06 1720563    /usr/lib/libsidplay2.so.1.0.1
66b40000-66b41000 ---p 00038000 08:06 1720563    /usr/lib/libsidplay2.so.1.0.1
66b41000-66b42000 r--p 00038000 08:06 1720563    /usr/lib/libsidplay2.so.1.0.1
66b42000-66b43000 rw-p 00039000 08:06 1720563    /usr/lib/libsidplay2.so.1.0.1
66b43000-66b80000 r-xp 00000000 08:06 1706535    /usr/lib/i386-linux-gnu/libopus.so.0.2.0
66b80000-66b81000 r--p 0003c000 08:06 1706535    /usr/lib/i386-linux-gnu/libopus.so.0.2.0
66b81000-66b82000 rw-p 0003d000 08:06 1706535    /usr/lib/i386-linux-gnu/libopus.so.0.2.0
66b82000-66b94000 r--s 00000000 08:06 656573     /usr/share/fonts/type1/gsfonts/n019044l.pfb
66b96000-66b99000 r-xp 00000000 08:06 280636     /usr/lib/vlc/plugins/demux/libvoc_plugin.so
66b99000-66b9a000 r--p 00002000 08:06 280636     /usr/lib/vlc/plugins/demux/libvoc_plugin.so
66b9a000-66b9b000 rw-p 00003000 08:06 280636     /usr/lib/vlc/plugins/demux/libvoc_plugin.so
66b9b000-66b9e000 r-xp 00000000 08:06 280646     /usr/lib/vlc/plugins/demux/libsmf_plugin.so
66b9e000-66b9f000 r--p 00002000 08:06 280646     /usr/lib/vlc/plugins/demux/libsmf_plugin.so
66b9f000-66ba0000 rw-p 00003000 08:06 280646     /usr/lib/vlc/plugins/demux/libsmf_plugin.so
66ba0000-66ba2000 r-xp 00000000 08:06 280619     /usr/lib/vlc/plugins/demux/libdirac_plugin.so
66ba2000-66ba3000 r--p 00001000 08:06 280619     /usr/lib/vlc/plugins/demux/libdirac_plugin.so
66ba3000-66ba4000 rw-p 00002000 08:06 280619     /usr/lib/vlc/plugins/demux/libdirac_plugin.so
66ba4000-66bac000 r-xp 00000000 08:06 405597     /usr/lib/vlc/plugins/services_discovery/libsap_plugin.so
66bac000-66bad000 r--p 00007000 08:06 405597     /usr/lib/vlc/plugins/services_discovery/libsap_plugin.so
66bad000-66bae000 rw-p 00008000 08:06 405597     /usr/lib/vlc/plugins/services_discovery/libsap_plugin.so
66bae000-66bb1000 r-xp 00000000 08:06 280641     /usr/lib/vlc/plugins/demux/libsid_plugin.so
66bb1000-66bb2000 r--p 00002000 08:06 280641     /usr/lib/vlc/plugins/demux/libsid_plugin.so
66bb2000-66bb3000 rw-p 00003000 08:06 280641     /usr/lib/vlc/plugins/demux/libsid_plugin.so
66bb3000-66bb6000 r-xp 00000000 08:06 280618     /usr/lib/vlc/plugins/demux/libwav_plugin.so
66bb6000-66bb7000 r--p 00003000 08:06 280618     /usr/lib/vlc/plugins/demux/libwav_plugin.so
66bb7000-66bb8000 rw-p 00004000 08:06 280618     /usr/lib/vlc/plugins/demux/libwav_plugin.so
66bb8000-66bd2000 r--s 00000000 08:06 656543     /usr/share/fonts/type1/gsfonts/c059013l.pfb
66bd5000-66bd9000 r-xp 00000000 08:06 280638     /usr/lib/vlc/plugins/demux/libnuv_plugin.so
66bd9000-66bda000 r--p 00003000 08:06 280638     /usr/lib/vlc/plugins/demux/libnuv_plugin.so
66bda000-66bdb000 rw-p 00004000 08:06 280638     /usr/lib/vlc/plugins/demux/libnuv_plugin.so
66bdb000-66bf1000 r-xp 00000000 08:06 1720189    /usr/lib/i386-linux-gnu/libmad.so.0.2.1
66bf1000-66bf2000 r--p 00015000 08:06 1720189    /usr/lib/i386-linux-gnu/libmad.so.0.2.1
66bf2000-66bf3000 rw-p 00016000 08:06 1720189    /usr/lib/i386-linux-gnu/libmad.so.0.2.1
66bf3000-66bfd000 r-xp 00000000 08:06 1720240    /usr/lib/liba52-0.7.4.so
66bfd000-66bfe000 r--p 00009000 08:06 1720240    /usr/lib/liba52-0.7.4.so
66bfe000-66bff000 rw-p 0000a000 08:06 1720240    /usr/lib/liba52-0.7.4.so
66bff000-66c00000 rw-p 00000000 00:00 0 
66c00000-66cf4000 rw-p 00000000 00:00 0 
66cf4000-66d00000 ---p 00000000 00:00 0 
66d00000-66d02000 r-xp 00000000 08:06 405485     /usr/lib/vlc/plugins/mmxext/libmemcpymmxext_plugin.so
66d02000-66d03000 r--p 00001000 08:06 405485     /usr/lib/vlc/plugins/mmxext/libmemcpymmxext_plugin.so
66d03000-66d04000 rw-p 00002000 08:06 405485     /usr/lib/vlc/plugins/mmxext/libmemcpymmxext_plugin.so
66d05000-66d07000 r-xp 00000000 08:06 280650     /usr/lib/vlc/plugins/demux/libtta_plugin.so
66d07000-66d08000 r--p 00001000 08:06 280650     /usr/lib/vlc/plugins/demux/libtta_plugin.so
66d08000-66d09000 rw-p 00002000 08:06 280650     /usr/lib/vlc/plugins/demux/libtta_plugin.so
66d09000-66d2e000 r-xp 00000000 08:06 1703665    /usr/lib/libdca.so.0.0.0
66d2e000-66d2f000 r--p 00024000 08:06 1703665    /usr/lib/libdca.so.0.0.0
66d2f000-66d30000 rw-p 00025000 08:06 1703665    /usr/lib/libdca.so.0.0.0
66d30000-66dfd000 r-xp 00000000 08:06 1706653    /usr/lib/i386-linux-gnu/libschroedinger-1.0.so.0.11.0
66dfd000-66dff000 r--p 000cc000 08:06 1706653    /usr/lib/i386-linux-gnu/libschroedinger-1.0.so.0.11.0
66dff000-66e00000 rw-p 000ce000 08:06 1706653    /usr/lib/i386-linux-gnu/libschroedinger-1.0.so.0.11.0
66e00000-66eff000 rw-p 00000000 00:00 0 
66eff000-66f00000 ---p 00000000 00:00 0 
66f00000-66f03000 r-xp 00000000 08:06 1706600    /usr/lib/i386-linux-gnu/libpulse-simple.so.0.0.3
66f03000-66f04000 r--p 00002000 08:06 1706600    /usr/lib/i386-linux-gnu/libpulse-simple.so.0.0.3
66f04000-66f05000 rw-p 00003000 08:06 1706600    /usr/lib/i386-linux-gnu/libpulse-simple.so.0.0.3
66f05000-66f27000 r--s 00000000 08:06 669794     /usr/share/texmf/fonts/type1/public/lm/lmtlco10.pfb
66f27000-66f46000 r--s 00000000 08:06 669777     /usr/share/texmf/fonts/type1/public/lm/lmdunh10.pfb
66f49000-66f56000 r-xp 00000000 08:06 1720465    /usr/lib/libmpcdec.so.6.1.0
66f56000-66f57000 r--p 0000c000 08:06 1720465    /usr/lib/libmpcdec.so.6.1.0
66f57000-66f59000 rw-p 0000d000 08:06 1720465    /usr/lib/libmpcdec.so.6.1.0
66f59000-66f5b000 r-xp 00000000 08:06 280620     /usr/lib/vlc/plugins/demux/libmpc_plugin.so
66f5b000-66f5c000 r--p 00001000 08:06 280620     /usr/lib/vlc/plugins/demux/libmpc_plugin.so
66f5c000-66f5d000 rw-p 00002000 08:06 280620     /usr/lib/vlc/plugins/demux/libmpc_plugin.so
66f5d000-66f5f000 r-xp 00000000 08:06 405491     /usr/lib/vlc/plugins/audio_filter/libsamplerate_plugin.so
66f5f000-66f60000 r--p 00001000 08:06 405491     /usr/lib/vlc/plugins/audio_filter/libsamplerate_plugin.so
66f60000-66f61000 rw-p 00002000 08:06 405491     /usr/lib/vlc/plugins/audio_filter/libsamplerate_plugin.so
66f61000-66f63000 r-xp 00000000 08:06 405501     /usr/lib/vlc/plugins/audio_filter/libmpgatofixed32_plugin.so
66f63000-66f64000 r--p 00001000 08:06 405501     /usr/lib/vlc/plugins/audio_filter/libmpgatofixed32_plugin.so
66f64000-66f65000 rw-p 00002000 08:06 405501     /usr/lib/vlc/plugins/audio_filter/libmpgatofixed32_plugin.so
66f65000-66f67000 r-xp 00000000 08:06 405496     /usr/lib/vlc/plugins/audio_filter/liba52tofloat32_plugin.so
66f67000-66f68000 r--p 00001000 08:06 405496     /usr/lib/vlc/plugins/audio_filter/liba52tofloat32_plugin.so
66f68000-66f69000 rw-p 00002000 08:06 405496     /usr/lib/vlc/plugins/audio_filter/liba52tofloat32_plugin.so
66f69000-66f6c000 r-xp 00000000 08:06 405510     /usr/lib/vlc/plugins/audio_filter/libscaletempo_plugin.so
66f6c000-66f6d000 r--p 00002000 08:06 405510     /usr/lib/vlc/plugins/audio_filter/libscaletempo_plugin.so
66f6d000-66f6e000 rw-p 00003000 08:06 405510     /usr/lib/vlc/plugins/audio_filter/libscaletempo_plugin.so
66f6e000-66f75000 r-xp 00000000 08:06 407155     /usr/lib/vlc/plugins/audio_output/libpulse_plugin.so
66f75000-66f76000 r--p 00006000 08:06 407155     /usr/lib/vlc/plugins/audio_output/libpulse_plugin.so
66f76000-66f77000 rw-p 00007000 08:06 407155     /usr/lib/vlc/plugins/audio_output/libpulse_plugin.so
66f77000-66f84000 r-xp 00000000 08:06 405488     /usr/lib/vlc/plugins/meta_engine/libtaglib_plugin.so
66f84000-66f85000 r--p 0000c000 08:06 405488     /usr/lib/vlc/plugins/meta_engine/libtaglib_plugin.so
66f85000-66f86000 rw-p 0000d000 08:06 405488     /usr/lib/vlc/plugins/meta_engine/libtaglib_plugin.so
66f86000-66f89000 r-xp 00000000 08:06 405456     /usr/lib/vlc/plugins/codec/libfaad_plugin.so
66f89000-66f8a000 r--p 00002000 08:06 405456     /usr/lib/vlc/plugins/codec/libfaad_plugin.so
66f8a000-66f8b000 rw-p 00003000 08:06 405456     /usr/lib/vlc/plugins/codec/libfaad_plugin.so
66f8b000-66f8f000 r-xp 00000000 08:06 405477     /usr/lib/vlc/plugins/codec/libopus_plugin.so
66f8f000-66f90000 r--p 00003000 08:06 405477     /usr/lib/vlc/plugins/codec/libopus_plugin.so
66f90000-66f91000 rw-p 00004000 08:06 405477     /usr/lib/vlc/plugins/codec/libopus_plugin.so
66f91000-66f9a000 r-xp 00000000 08:06 405450     /usr/lib/vlc/plugins/codec/libschroedinger_plugin.so
66f9a000-66f9b000 r--p 00008000 08:06 405450     /usr/lib/vlc/plugins/codec/libschroedinger_plugin.so
66f9b000-66f9c000 rw-p 00009000 08:06 405450     /usr/lib/vlc/plugins/codec/libschroedinger_plugin.so
66f9c000-66f9f000 r-xp 00000000 08:06 405482     /usr/lib/vlc/plugins/codec/libcdg_plugin.so
66f9f000-66fa0000 r--p 00002000 08:06 405482     /usr/lib/vlc/plugins/codec/libcdg_plugin.so
66fa0000-66fa1000 rw-p 00003000 08:06 405482     /usr/lib/vlc/plugins/codec/libcdg_plugin.so
66fa1000-66fa4000 r-xp 00000000 08:06 405449     /usr/lib/vlc/plugins/codec/libmpeg_audio_plugin.so
66fa4000-66fa5000 r--p 00002000 08:06 405449     /usr/lib/vlc/plugins/codec/libmpeg_audio_plugin.so
66fa5000-66fa6000 rw-p 00003000 08:06 405449     /usr/lib/vlc/plugins/codec/libmpeg_audio_plugin.so
66fa6000-66fa9000 r-xp 00000000 08:06 405473     /usr/lib/vlc/plugins/codec/libsvcdsub_plugin.so
66fa9000-66faa000 r--p 00002000 08:06 405473     /usr/lib/vlc/plugins/codec/libsvcdsub_plugin.so
66faa000-66fab000 rw-p 00003000 08:06 405473     /usr/lib/vlc/plugins/codec/libsvcdsub_plugin.so
66fab000-66fae000 r-xp 00000000 08:06 405455     /usr/lib/vlc/plugins/codec/libcvdsub_plugin.so
66fae000-66faf000 r--p 00002000 08:06 405455     /usr/lib/vlc/plugins/codec/libcvdsub_plugin.so
66faf000-66fb0000 rw-p 00003000 08:06 405455     /usr/lib/vlc/plugins/codec/libcvdsub_plugin.so
66fb0000-66fb4000 r-xp 00000000 08:06 405634     /usr/lib/vlc/plugins/packetizer/libpacketizer_flac_plugin.so
66fb4000-66fb5000 r--p 00003000 08:06 405634     /usr/lib/vlc/plugins/packetizer/libpacketizer_flac_plugin.so
66fb5000-66fb6000 rw-p 00004000 08:06 405634     /usr/lib/vlc/plugins/packetizer/libpacketizer_flac_plugin.so
66fb6000-66fc5000 r-xp 00000000 08:06 405635     /usr/lib/vlc/plugins/packetizer/libpacketizer_h264_plugin.so
66fc5000-66fc6000 r--p 0000e000 08:06 405635     /usr/lib/vlc/plugins/packetizer/libpacketizer_h264_plugin.so
66fc6000-66fc7000 rw-p 0000f000 08:06 405635     /usr/lib/vlc/plugins/packetizer/libpacketizer_h264_plugin.so
66fc7000-66fe2000 r-xp 00000000 08:06 1706713    /usr/lib/i386-linux-gnu/libtheoradec.so.1.1.4
66fe2000-66fe3000 r--p 0001a000 08:06 1706713    /usr/lib/i386-linux-gnu/libtheoradec.so.1.1.4
66fe3000-66fe4000 rw-p 0001b000 08:06 1706713    /usr/lib/i386-linux-gnu/libtheoradec.so.1.1.4
66fe4000-67029000 r-xp 00000000 08:06 1706715    /usr/lib/i386-linux-gnu/libtheoraenc.so.1.1.2
67029000-6702a000 r--p 00044000 08:06 1706715    /usr/lib/i386-linux-gnu/libtheoraenc.so.1.1.2
6702a000-6702b000 rw-p 00045000 08:06 1706715    /usr/lib/i386-linux-gnu/libtheoraenc.so.1.1.2
6702b000-6702e000 r-xp 00000000 08:06 405458     /usr/lib/vlc/plugins/codec/libspudec_plugin.so
6702e000-6702f000 r--p 00003000 08:06 405458     /usr/lib/vlc/plugins/codec/libspudec_plugin.so
6702f000-67030000 rw-p 00004000 08:06 405458     /usr/lib/vlc/plugins/codec/libspudec_plugin.so
67030000-67035000 r-xp 00000000 08:06 405638     /usr/lib/vlc/plugins/packetizer/libpacketizer_mpegvideo_plugin.so
67035000-67036000 r--p 00004000 08:06 405638     /usr/lib/vlc/plugins/packetizer/libpacketizer_mpegvideo_plugin.so
67036000-67037000 rw-p 00005000 08:06 405638     /usr/lib/vlc/plugins/packetizer/libpacketizer_mpegvideo_plugin.so
67037000-6703b000 r-xp 00000000 08:06 405636     /usr/lib/vlc/plugins/packetizer/libpacketizer_mlp_plugin.so
6703b000-6703c000 r--p 00003000 08:06 405636     /usr/lib/vlc/plugins/packetizer/libpacketizer_mlp_plugin.so
6703c000-6703d000 rw-p 00004000 08:06 405636     /usr/lib/vlc/plugins/packetizer/libpacketizer_mlp_plugin.so
6703d000-67042000 r-xp 00000000 08:06 405637     /usr/lib/vlc/plugins/packetizer/libpacketizer_mpeg4video_plugin.so
67042000-67043000 r--p 00004000 08:06 405637     /usr/lib/vlc/plugins/packetizer/libpacketizer_mpeg4video_plugin.so
67043000-67044000 rw-p 00005000 08:06 405637     /usr/lib/vlc/plugins/packetizer/libpacketizer_mpeg4video_plugin.so
67044000-67061000 r--s 00000000 08:06 669825     /usr/share/texmf/fonts/type1/public/lm/lmvtt10.pfb
67061000-67080000 r--s 00000000 08:06 669854     /usr/share/texmf/fonts/type1/public/lm/lmtlo10.pfb
67080000-67086000 r-xp 00000000 08:06 405640     /usr/lib/vlc/plugins/packetizer/libpacketizer_mpeg4audio_plugin.so
67086000-67087000 r--p 00005000 08:06 405640     /usr/lib/vlc/plugins/packetizer/libpacketizer_mpeg4audio_plugin.so
67087000-67088000 rw-p 00006000 08:06 405640     /usr/lib/vlc/plugins/packetizer/libpacketizer_mpeg4audio_plugin.so
67088000-670a7000 r-xp 00000000 08:06 1708460    /usr/lib/i386-linux-gnu/sse2/libspeex.so.1.5.0
670a7000-670a8000 r--p 0001e000 08:06 1708460    /usr/lib/i386-linux-gnu/sse2/libspeex.so.1.5.0
670a8000-670a9000 rw-p 0001f000 08:06 1708460    /usr/lib/i386-linux-gnu/sse2/libspeex.so.1.5.0
670a9000-670cd000 r-xp 00000000 08:06 280624     /usr/lib/vlc/plugins/demux/libmp4_plugin.so
670cd000-670ce000 r--p 00024000 08:06 280624     /usr/lib/vlc/plugins/demux/libmp4_plugin.so
670ce000-670cf000 rw-p 00025000 08:06 280624     /usr/lib/vlc/plugins/demux/libmp4_plugin.so
670cf000-670ec000 r--s 00000000 08:06 669845     /usr/share/texmf/fonts/type1/public/lm/lmcsc10.pfb
670ec000-670ee000 r-xp 00000000 08:06 405511     /usr/lib/vlc/plugins/audio_filter/libdtstofloat32_plugin.so
670ee000-670ef000 r--p 00001000 08:06 405511     /usr/lib/vlc/plugins/audio_filter/libdtstofloat32_plugin.so
670ef000-670f0000 rw-p 00002000 08:06 405511     /usr/lib/vlc/plugins/audio_filter/libdtstofloat32_plugin.so
670f0000-670f8000 r-xp 00000000 08:06 405633     /usr/lib/vlc/plugins/packetizer/libpacketizer_vc1_plugin.so
670f8000-670f9000 r--p 00007000 08:06 405633     /usr/lib/vlc/plugins/packetizer/libpacketizer_vc1_plugin.so
670f9000-670fa000 rw-p 00008000 08:06 405633     /usr/lib/vlc/plugins/packetizer/libpacketizer_vc1_plugin.so
670fa000-670ff000 r-xp 00000000 08:06 405641     /usr/lib/vlc/plugins/packetizer/libpacketizer_dirac_plugin.so
670ff000-67100000 r--p 00005000 08:06 405641     /usr/lib/vlc/plugins/packetizer/libpacketizer_dirac_plugin.so
67100000-67101000 rw-p 00006000 08:06 405641     /usr/lib/vlc/plugins/packetizer/libpacketizer_dirac_plugin.so
67101000-67107000 r-xp 00000000 08:06 405451     /usr/lib/vlc/plugins/codec/libtheora_plugin.so
67107000-67108000 r--p 00005000 08:06 405451     /usr/lib/vlc/plugins/codec/libtheora_plugin.so
67108000-67109000 rw-p 00006000 08:06 405451     /usr/lib/vlc/plugins/codec/libtheora_plugin.so
67109000-6710f000 r-xp 00000000 08:06 405479     /usr/lib/vlc/plugins/codec/libvorbis_plugin.so
6710f000-67110000 r--p 00005000 08:06 405479     /usr/lib/vlc/plugins/codec/libvorbis_plugin.so
67110000-67111000 rw-p 00006000 08:06 405479     /usr/lib/vlc/plugins/codec/libvorbis_plugin.so
67111000-6712e000 r--s 00000000 08:06 669813     /usr/share/texmf/fonts/type1/public/lm/lmssq8.pfb
6712e000-67130000 r-xp 00000000 08:06 405481     /usr/lib/vlc/plugins/codec/libpng_plugin.so
67130000-67131000 r--p 00001000 08:06 405481     /usr/lib/vlc/plugins/codec/libpng_plugin.so
67131000-67132000 rw-p 00002000 08:06 405481     /usr/lib/vlc/plugins/codec/libpng_plugin.so
67132000-67138000 r-xp 00000000 08:06 405478     /usr/lib/vlc/plugins/codec/libspeex_plugin.so
67138000-67139000 r--p 00005000 08:06 405478     /usr/lib/vlc/plugins/codec/libspeex_plugin.so
67139000-6713a000 rw-p 00006000 08:06 405478     /usr/lib/vlc/plugins/codec/libspeex_plugin.so
6713a000-6713e000 r-xp 00000000 08:06 405462     /usr/lib/vlc/plugins/codec/liblpcm_plugin.so
6713e000-6713f000 r--p 00003000 08:06 405462     /usr/lib/vlc/plugins/codec/liblpcm_plugin.so
6713f000-67140000 rw-p 00004000 08:06 405462     /usr/lib/vlc/plugins/codec/liblpcm_plugin.so
67140000-67145000 r-xp 00000000 08:06 280640     /usr/lib/vlc/plugins/demux/libes_plugin.so
67145000-67146000 r--p 00004000 08:06 280640     /usr/lib/vlc/plugins/demux/libes_plugin.so
67146000-67147000 rw-p 00005000 08:06 280640     /usr/lib/vlc/plugins/demux/libes_plugin.so
67147000-6714b000 r-xp 00000000 08:06 280647     /usr/lib/vlc/plugins/demux/libflacsys_plugin.so
6714b000-6714c000 r--p 00004000 08:06 280647     /usr/lib/vlc/plugins/demux/libflacsys_plugin.so
6714c000-6714d000 rw-p 00005000 08:06 280647     /usr/lib/vlc/plugins/demux/libflacsys_plugin.so
6714d000-6716d000 r--s 00000000 08:06 669834     /usr/share/texmf/fonts/type1/public/lm/lmssqo8.pfb
6716f000-6717b000 r-xp 00000000 08:06 280632     /usr/lib/vlc/plugins/demux/libasf_plugin.so
6717b000-6717c000 r--p 0000b000 08:06 280632     /usr/lib/vlc/plugins/demux/libasf_plugin.so
6717c000-6717d000 rw-p 0000c000 08:06 280632     /usr/lib/vlc/plugins/demux/libasf_plugin.so
6717d000-67198000 r-xp 00000000 08:06 405646     /usr/lib/vlc/plugins/stream_filter/libstream_filter_dash_plugin.so
67198000-67199000 r--p 0001b000 08:06 405646     /usr/lib/vlc/plugins/stream_filter/libstream_filter_dash_plugin.so
67199000-6719a000 rw-p 0001c000 08:06 405646     /usr/lib/vlc/plugins/stream_filter/libstream_filter_dash_plugin.so
6719a000-671b5000 r--s 00000000 08:06 669832     /usr/share/texmf/fonts/type1/public/lm/lmsso10.pfb
671b7000-671d5000 r-xp 00000000 08:06 1706115    /usr/lib/i386-linux-gnu/libdvdread.so.4.1.2
671d5000-671d6000 r--p 0001d000 08:06 1706115    /usr/lib/i386-linux-gnu/libdvdread.so.4.1.2
671d6000-671d7000 rw-p 0001e000 08:06 1706115    /usr/lib/i386-linux-gnu/libdvdread.so.4.1.2
671d7000-671f3000 r--s 00000000 08:06 669782     /usr/share/texmf/fonts/type1/public/lm/lmtt10.pfb
671f3000-671f5000 r-xp 00000000 08:06 405483     /usr/lib/vlc/plugins/codec/libaes3_plugin.so
671f5000-671f6000 r--p 00001000 08:06 405483     /usr/lib/vlc/plugins/codec/libaes3_plugin.so
671f6000-671f7000 rw-p 00002000 08:06 405483     /usr/lib/vlc/plugins/codec/libaes3_plugin.so
671f7000-67207000 r-xp 00000000 08:06 280639     /usr/lib/vlc/plugins/demux/libavi_plugin.so
67207000-67208000 r--p 00010000 08:06 280639     /usr/lib/vlc/plugins/demux/libavi_plugin.so
67208000-67209000 rw-p 00011000 08:06 280639     /usr/lib/vlc/plugins/demux/libavi_plugin.so
67209000-6720c000 r-xp 00000000 08:06 1720599    /usr/lib/vlc/plugins/access/libstream_filter_rar_plugin.so
6720c000-6720d000 r--p 00002000 08:06 1720599    /usr/lib/vlc/plugins/access/libstream_filter_rar_plugin.so
6720d000-6720e000 rw-p 00003000 08:06 1720599    /usr/lib/vlc/plugins/access/libstream_filter_rar_plugin.so
6720e000-6722f000 r--s 00000000 08:06 669805     /usr/share/texmf/fonts/type1/public/lm/lmro10.pfb
6722f000-67231000 r-xp 00000000 08:06 405480     /usr/lib/vlc/plugins/codec/librawvideo_plugin.so
67231000-67232000 r--p 00001000 08:06 405480     /usr/lib/vlc/plugins/codec/librawvideo_plugin.so
67232000-67233000 rw-p 00002000 08:06 405480     /usr/lib/vlc/plugins/codec/librawvideo_plugin.so
67233000-67247000 r-xp 00000000 08:06 1706111    /usr/lib/i386-linux-gnu/libdvdnav.so.4.1.2
67247000-67248000 r--p 00013000 08:06 1706111    /usr/lib/i386-linux-gnu/libdvdnav.so.4.1.2
67248000-67249000 rw-p 00014000 08:06 1706111    /usr/lib/i386-linux-gnu/libdvdnav.so.4.1.2
67249000-6724a000 r-xp 00000000 08:06 405592     /usr/lib/vlc/plugins/audio_mixer/libfloat32_mixer_plugin.so
6724a000-6724b000 r--p 00000000 08:06 405592     /usr/lib/vlc/plugins/audio_mixer/libfloat32_mixer_plugin.so
6724b000-6724c000 rw-p 00001000 08:06 405592     /usr/lib/vlc/plugins/audio_mixer/libfloat32_mixer_plugin.so
6724c000-67254000 r-xp 00000000 08:06 1720591    /usr/lib/vlc/plugins/access/libzip_plugin.so
67254000-67255000 r--p 00007000 08:06 1720591    /usr/lib/vlc/plugins/access/libzip_plugin.so
67255000-67256000 rw-p 00008000 08:06 1720591    /usr/lib/vlc/plugins/access/libzip_plugin.so
67256000-67260000 r-xp 00000000 08:06 405643     /usr/lib/vlc/plugins/stream_filter/libstream_filter_httplive_plugin.so
67260000-67261000 r--p 00009000 08:06 405643     /usr/lib/vlc/plugins/stream_filter/libstream_filter_httplive_plugin.so
67261000-67262000 rw-p 0000a000 08:06 405643     /usr/lib/vlc/plugins/stream_filter/libstream_filter_httplive_plugin.so
67262000-67265000 ---p 00000000 00:00 0 
67265000-672e3000 rw-p 00000000 00:00 0          [stack:18542]
672e3000-67300000 r--s 00000000 08:06 669858     /usr/share/texmf/fonts/type1/public/lm/lmssdc10.pfb
67300000-67400000 rw-p 00000000 00:00 0 
67400000-674f8000 rw-p 00000000 00:00 0 
674f8000-67500000 ---p 00000000 00:00 0 
67500000-675f6000 rw-p 00000000 00:00 0 
675f6000-67600000 ---p 00000000 00:00 0 
67600000-67603000 r-xp 00000000 08:06 405644     /usr/lib/vlc/plugins/stream_filter/libdecomp_plugin.so
67603000-67604000 r--p 00002000 08:06 405644     /usr/lib/vlc/plugins/stream_filter/libdecomp_plugin.so
67604000-67605000 rw-p 00003000 08:06 405644     /usr/lib/vlc/plugins/stream_filter/libdecomp_plugin.so
67605000-67609000 r-xp 00000000 08:06 1720609    /usr/lib/vlc/plugins/access/libfilesystem_plugin.so
67609000-6760a000 r--p 00003000 08:06 1720609    /usr/lib/vlc/plugins/access/libfilesystem_plugin.so
6760a000-6760b000 rw-p 00004000 08:06 1720609    /usr/lib/vlc/plugins/access/libfilesystem_plugin.so
6760b000-6763f000 r-xp 00000000 08:06 1720482    /usr/lib/i386-linux-gnu/libbluray.so.1.2.0
6763f000-67640000 ---p 00034000 08:06 1720482    /usr/lib/i386-linux-gnu/libbluray.so.1.2.0
67640000-67641000 r--p 00034000 08:06 1720482    /usr/lib/i386-linux-gnu/libbluray.so.1.2.0
67641000-67642000 rw-p 00035000 08:06 1720482    /usr/lib/i386-linux-gnu/libbluray.so.1.2.0
67642000-67644000 r-xp 00000000 08:06 405645     /usr/lib/vlc/plugins/stream_filter/libstream_filter_record_plugin.so
67644000-67645000 r--p 00001000 08:06 405645     /usr/lib/vlc/plugins/stream_filter/libstream_filter_record_plugin.so
67645000-67646000 rw-p 00002000 08:06 405645     /usr/lib/vlc/plugins/stream_filter/libstream_filter_record_plugin.so
67646000-67659000 r-xp 00000000 08:06 1720590    /usr/lib/vlc/plugins/access/libaccess_bd_plugin.so
67659000-6765a000 r--p 00012000 08:06 1720590    /usr/lib/vlc/plugins/access/libaccess_bd_plugin.so
6765a000-6765b000 rw-p 00013000 08:06 1720590    /usr/lib/vlc/plugins/access/libaccess_bd_plugin.so
6765b000-6768e000 rw-s 00000000 00:04 204013615  /SYSV00000000 (deleted)
6768e000-676af000 r--s 00000000 08:06 669824     /usr/share/texmf/fonts/type1/public/lm/lmcsco10.pfb
676af000-676b2000 ---p 00000000 00:00 0 
676b2000-67700000 rw-p 00000000 00:00 0          [stack:18452]
67700000-677fb000 rw-p 00000000 00:00 0 
677fb000-67800000 ---p 00000000 00:00 0 
67801000-67803000 r-xp 00000000 08:06 405602     /usr/lib/vlc/plugins/services_discovery/libmtp_plugin.so
67803000-67804000 r--p 00001000 08:06 405602     /usr/lib/vlc/plugins/services_discovery/libmtp_plugin.so
67804000-67805000 rw-p 00002000 08:06 405602     /usr/lib/vlc/plugins/services_discovery/libmtp_plugin.so
67805000-67806000 r-xp 00000000 08:06 1708656    /usr/lib/jvm/java-7-openjdk-i386/jre/lib/i386/libjawt.so
67806000-67807000 r--p 00000000 08:06 1708656    /usr/lib/jvm/java-7-openjdk-i386/jre/lib/i386/libjawt.so
67807000-67808000 rw-p 00001000 08:06 1708656    /usr/lib/jvm/java-7-openjdk-i386/jre/lib/i386/libjawt.so
67808000-678ac000 r-xp 00000000 08:06 1439034    /tmp/sqlite-3.7.151-i386-libsqlitejdbc.so
678ac000-678ad000 r--p 000a4000 08:06 1439034    /tmp/sqlite-3.7.151-i386-libsqlitejdbc.so
678ad000-678ae000 rw-p 000a5000 08:06 1439034    /tmp/sqlite-3.7.151-i386-libsqlitejdbc.so
678ae000-678af000 rw-p 00000000 00:00 0 
678af000-678b2000 ---p 00000000 00:00 0 
678b2000-67900000 rw-p 00000000 00:00 0          [stack:18450]
67900000-67938000 rw-p 00000000 00:00 0 
67938000-67a00000 ---p 00000000 00:00 0 
67a00000-67a01000 rwxp 00000000 00:00 0 
67a01000-67a06000 r-xp 00000000 08:06 1720610    /usr/lib/vlc/plugins/access/libaccess_vdr_plugin.so
67a06000-67a07000 r--p 00004000 08:06 1720610    /usr/lib/vlc/plugins/access/libaccess_vdr_plugin.so
67a07000-67a08000 rw-p 00005000 08:06 1720610    /usr/lib/vlc/plugins/access/libaccess_vdr_plugin.so
67a08000-67a12000 r-xp 00000000 08:06 1720582    /usr/lib/vlc/plugins/access/libdvdnav_plugin.so
67a12000-67a13000 r--p 0000a000 08:06 1720582    /usr/lib/vlc/plugins/access/libdvdnav_plugin.so
67a13000-67a14000 rw-p 0000b000 08:06 1720582    /usr/lib/vlc/plugins/access/libdvdnav_plugin.so
67a14000-67a19000 r-xp 00000000 08:06 1720612    /usr/lib/vlc/plugins/access/liblibbluray_plugin.so
67a19000-67a1a000 r--p 00004000 08:06 1720612    /usr/lib/vlc/plugins/access/liblibbluray_plugin.so
67a1a000-67a1b000 rw-p 00005000 08:06 1720612    /usr/lib/vlc/plugins/access/liblibbluray_plugin.so
67a1b000-67a22000 r--s 00000000 08:06 1707538    /usr/lib/i386-linux-gnu/gconv/gconv-modules.cache
67a22000-67a23000 rw-p 00000000 00:00 0 
67a23000-67a28000 r--s 0004c000 08:06 1708535    /usr/lib/jvm/java-7-openjdk-common/jre/lib/jsse.jar
67a28000-67a2b000 ---p 00000000 00:00 0 
67a2b000-67a79000 rw-p 00000000 00:00 0          [stack:18449]
67a79000-67a8a000 r-xp 00000000 08:06 1708665    /usr/lib/jvm/java-7-openjdk-i386/jre/lib/i386/libnio.so
67a8a000-67a8b000 r--p 00010000 08:06 1708665    /usr/lib/jvm/java-7-openjdk-i386/jre/lib/i386/libnio.so
67a8b000-67a8c000 rw-p 00011000 08:06 1708665    /usr/lib/jvm/java-7-openjdk-i386/jre/lib/i386/libnio.so
67a8c000-67a8d000 r--s 00000000 08:06 936139     /var/cache/fontconfig/c05880de57d1f5e948fdfacc138775d9-le32d4.cache-3
67a8d000-67a93000 r--s 00000000 08:06 936131     /var/cache/fontconfig/945677eb7aeaf62f1d50efc3fb3ec7d8-le32d4.cache-3
67a93000-67a96000 r--s 00000000 08:06 938992     /var/cache/fontconfig/99e8ed0e538f840c565b6ed5dad60d56-le32d4.cache-3
67a96000-67a9c000 r--s 00000000 08:06 936659     /var/cache/fontconfig/a6d8cf8e4ec09cdbc8633c31745a07dd-le32d4.cache-3
67a9c000-67a9f000 r--s 00000000 08:06 936113     /var/cache/fontconfig/2cd17615ca594fa2959ae173292e504c-le32d4.cache-3
67a9f000-67aa0000 r--s 00000000 08:06 936148     /var/cache/fontconfig/e7071f4a29fa870f4323321c154eba04-le32d4.cache-3
67aa0000-67aa4000 r--s 00000000 08:06 936658     /var/cache/fontconfig/6eb3985aa4124903f6ff08ba781cd364-le32d4.cache-3
67aa4000-67aa5000 r--s 00000000 08:06 936110     /var/cache/fontconfig/0d8c3b2ac0904cb8a57a757ad11a4a08-le32d4.cache-3
67aa5000-67aa9000 r--s 00000000 08:06 936135     /var/cache/fontconfig/a755afe4a08bf5b97852ceb7400b47bc-le32d4.cache-3
67aa9000-67ab0000 r--s 00000000 08:06 936126     /var/cache/fontconfig/6d41288fd70b0be22e8c3a91e032eec0-le32d4.cache-3
67ab0000-67abb000 r--s 00000000 08:06 936108     /var/cache/fontconfig/04aabc0a78ac019cf9454389977116d2-le32d4.cache-3
67abb000-67abc000 r--s 00000000 08:06 936112     /var/cache/fontconfig/1ac9eb803944fde146138c791f5cc56a-le32d4.cache-3
67abc000-67abf000 r--s 00000000 08:06 936117     /var/cache/fontconfig/385c0604a188198f04d133e54aba7fe7-le32d4.cache-3
67abf000-67ac0000 r--s 00000000 08:06 938732     /var/cache/fontconfig/9c956a7723ca69a44b382d9179c9802f-le32d4.cache-3
67ac0000-67ac1000 r--s 00000000 08:06 936145     /var/cache/fontconfig/dc05db6664285cc2f12bf69c139ae4c3-le32d4.cache-3
67ac1000-67ac3000 r--s 00000000 08:06 936128     /var/cache/fontconfig/767a8244fc0220cfb567a839d0392e0b-le32d4.cache-3
67ac3000-67ac4000 r--s 00000000 08:06 936118     /var/cache/fontconfig/4794a0821666d79190d59a36cb4f44b5-le32d4.cache-3
67ac4000-67ac5000 r--s 00000000 08:06 938731     /var/cache/fontconfig/9eae20f1ff8cc0a7d125749e875856bd-le32d4.cache-3
67ac5000-67ac7000 r--s 00000000 08:06 938730     /var/cache/fontconfig/bf2c1853a9e9b00bb02fe2e9bcf1e201-le32d4.cache-3
67ac7000-67aca000 r--s 00000000 08:06 936130     /var/cache/fontconfig/8801497958630a81b71ace7c5f9b32a8-le32d4.cache-3
67aca000-67aed000 r--s 00000000 08:06 938729     /var/cache/fontconfig/365b55f210c0a22e9a19e35191240f32-le32d4.cache-3
67aed000-67aef000 r--s 00000000 08:06 938722     /var/cache/fontconfig/c57959a16110560c8d0fcea73374aeeb-le32d4.cache-3
67aef000-67af3000 r--s 00000000 08:06 936114     /var/cache/fontconfig/3047814df9a2f067bd2d96a2b9c36e5a-le32d4.cache-3
67af3000-67b00000 r--s 00000000 08:06 936143     /var/cache/fontconfig/d52a8644073d54c13679302ca1180695-le32d4.cache-3
67b00000-67bfa000 rw-p 00000000 00:00 0 
67bfa000-67c00000 ---p 00000000 00:00 0 
67c00000-67c01000 r--s 00000000 08:06 936121     /var/cache/fontconfig/56cf4f4769d0f4abc89a4895d7bd3ae1-le32d4.cache-3
67c01000-67c02000 r--s 00000000 08:06 936138     /var/cache/fontconfig/b9d506c9ac06c20b433354fa67a72993-le32d4.cache-3
67c02000-67c06000 r--s 00000000 08:06 936137     /var/cache/fontconfig/b47c4e1ecd0709278f4910c18777a504-le32d4.cache-3
67c06000-67c0c000 r--s 00000000 08:06 936657     /var/cache/fontconfig/52f7bdb7ce746bfd7eaa1985bd9cfa93-le32d4.cache-3
67c0c000-67c12000 r--s 00000000 08:06 936656     /var/cache/fontconfig/3f7329c5293ffd510edef78f73874cfd-le32d4.cache-3
67c12000-67c19000 r--s 00000000 08:06 938721     /var/cache/fontconfig/83bf95040141907cd45bb53cf7c1c148-le32d4.cache-3
67c19000-67c5c000 r-xp 00000000 08:06 1708645    /usr/lib/jvm/java-7-openjdk-i386/jre/lib/i386/libfontmanager.so
67c5c000-67c5d000 r--p 00043000 08:06 1708645    /usr/lib/jvm/java-7-openjdk-i386/jre/lib/i386/libfontmanager.so
67c5d000-67c5e000 rw-p 00044000 08:06 1708645    /usr/lib/jvm/java-7-openjdk-i386/jre/lib/i386/libfontmanager.so
67c5e000-67c61000 ---p 00000000 00:00 0 
67c61000-67caf000 rw-p 00000000 00:00 0          [stack:18448]
67caf000-67cb2000 ---p 00000000 00:00 0 
67cb2000-67d00000 rw-p 00000000 00:00 0          [stack:18447]
67d00000-67e00000 rw-p 00000000 00:00 0 
67e00000-67e02000 r--s 00000000 08:06 938728     /var/cache/fontconfig/14d493b97896515cad3840ba4896e372-le32d4.cache-3
67e02000-67e04000 r--s 00000000 08:06 936147     /var/cache/fontconfig/e49e89034d371f0f9de17aab02136486-le32d4.cache-3
67e04000-67e06000 r--s 00000000 08:06 938726     /var/cache/fontconfig/65f976e5259cbe6dc7697b8648396239-le32d4.cache-3
67e06000-67e0f000 r--s 00000000 08:06 938720     /var/cache/fontconfig/53d14c92082a93e67d5078324eb314ca-le32d4.cache-3
67e0f000-67e1c000 r--s 00000000 08:06 938717     /var/cache/fontconfig/4ac51e5cfbc76fc3f983e470323a16d3-le32d4.cache-3
67e1c000-67e24000 r--s 00000000 08:06 938718     /var/cache/fontconfig/e13b20fdb08344e0e664864cc2ede53d-le32d4.cache-3
67e24000-67e28000 r--s 00000000 08:06 940648     /var/cache/fontconfig/7ef2298fde41cc6eeb7af42e48b7d293-le32d4.cache-3
67e28000-67e39000 r--s 00000000 08:06 938993     /var/cache/fontconfig/467c019e582ee353435ea5c21d137ef6-le32d4.cache-3
67e39000-67e3d000 r--s 00000000 08:06 394128     /home/gene/.cache/fontconfig/3ecda6abc85ff6f54114f03ae3c1fe72-le32d4.cache-3
67e3d000-68fac000 r-xp 00000000 08:06 1706398    /usr/lib/i386-linux-gnu/libicudata.so.48.1.1
68fac000-68fad000 r--p 0116e000 08:06 1706398    /usr/lib/i386-linux-gnu/libicudata.so.48.1.1
68fad000-68fae000 rw-p 0116f000 08:06 1706398    /usr/lib/i386-linux-gnu/libicudata.so.48.1.1
68fae000-68fb1000 r-xp 00000000 08:06 262501     /lib/i386-linux-gnu/libgpg-error.so.0.8.0
68fb1000-68fb2000 r--p 00002000 08:06 262501     /lib/i386-linux-gnu/libgpg-error.so.0.8.0
68fb2000-68fb3000 rw-p 00003000 08:06 262501     /lib/i386-linux-gnu/libgpg-error.so.0.8.0
68fb3000-68fb5000 r-xp 00000000 08:06 262512     /lib/i386-linux-gnu/libkeyutils.so.1.4
68fb5000-68fb6000 r--p 00002000 08:06 262512     /lib/i386-linux-gnu/libkeyutils.so.1.4
68fb6000-68fb7000 rw-p 00003000 08:06 262512     /lib/i386-linux-gnu/libkeyutils.so.1.4
68fb7000-6910d000 r-xp 00000000 08:06 1706412    /usr/lib/i386-linux-gnu/libicuuc.so.48.1.1
6910d000-69117000 r--p 00155000 08:06 1706412    /usr/lib/i386-linux-gnu/libicuuc.so.48.1.1
69117000-69118000 rw-p 0015f000 08:06 1706412    /usr/lib/i386-linux-gnu/libicuuc.so.48.1.1
69118000-6911c000 rw-p 00000000 00:00 0 
6911c000-6914f000 r-xp 00000000 08:06 1706404    /usr/lib/i386-linux-gnu/libicule.so.48.1.1
6914f000-69150000 ---p 00033000 08:06 1706404    /usr/lib/i386-linux-gnu/libicule.so.48.1.1
69150000-69151000 r--p 00033000 08:06 1706404    /usr/lib/i386-linux-gnu/libicule.so.48.1.1
69151000-69152000 rw-p 00034000 08:06 1706404    /usr/lib/i386-linux-gnu/libicule.so.48.1.1
69152000-6919a000 r-xp 00000000 08:06 262482     /lib/i386-linux-gnu/libdbus-1.so.3.7.2
6919a000-6919b000 r--p 00047000 08:06 262482     /lib/i386-linux-gnu/libdbus-1.so.3.7.2
6919b000-6919c000 rw-p 00048000 08:06 262482     /lib/i386-linux-gnu/libdbus-1.so.3.7.2
6919c000-691ae000 r-xp 00000000 08:06 1706541    /usr/lib/i386-linux-gnu/libp11-kit.so.0.0.0
691ae000-691af000 r--p 00011000 08:06 1706541    /usr/lib/i386-linux-gnu/libp11-kit.so.0.0.0
691af000-691b0000 rw-p 00012000 08:06 1706541    /usr/lib/i386-linux-gnu/libp11-kit.so.0.0.0
691b0000-691c0000 r-xp 00000000 08:06 1706699    /usr/lib/i386-linux-gnu/libtasn1.so.3.2.0
691c0000-691c1000 r--p 0000f000 08:06 1706699    /usr/lib/i386-linux-gnu/libtasn1.so.3.2.0
691c1000-691c2000 rw-p 00010000 08:06 1706699    /usr/lib/i386-linux-gnu/libtasn1.so.3.2.0
691c2000-69243000 r-xp 00000000 08:06 262497     /lib/i386-linux-gnu/libgcrypt.so.11.7.0
69243000-69244000 r--p 00080000 08:06 262497     /lib/i386-linux-gnu/libgcrypt.so.11.7.0
69244000-69246000 rw-p 00081000 08:06 262497     /lib/i386-linux-gnu/libgcrypt.so.11.7.0
69246000-6924d000 r-xp 00000000 08:06 1706449    /usr/lib/i386-linux-gnu/libkrb5support.so.0.1
6924d000-6924e000 r--p 00006000 08:06 1706449    /usr/lib/i386-linux-gnu/libkrb5support.so.0.1
6924e000-6924f000 rw-p 00007000 08:06 1706449    /usr/lib/i386-linux-gnu/libkrb5support.so.0.1
6924f000-69252000 r-xp 00000000 08:06 262477     /lib/i386-linux-gnu/libcom_err.so.2.1
69252000-69253000 r--p 00002000 08:06 262477     /lib/i386-linux-gnu/libcom_err.so.2.1
69253000-69254000 rw-p 00003000 08:06 262477     /lib/i386-linux-gnu/libcom_err.so.2.1
69254000-6927a000 r-xp 00000000 08:06 1706443    /usr/lib/i386-linux-gnu/libk5crypto.so.3.1
6927a000-6927b000 r--p 00026000 08:06 1706443    /usr/lib/i386-linux-gnu/libk5crypto.so.3.1
6927b000-6927c000 rw-p 00027000 08:06 1706443    /usr/lib/i386-linux-gnu/libk5crypto.so.3.1
6927c000-69343000 r-xp 00000000 08:06 1706447    /usr/lib/i386-linux-gnu/libkrb5.so.3.3
69343000-69349000 r--p 000c6000 08:06 1706447    /usr/lib/i386-linux-gnu/libkrb5.so.3.3
69349000-6934a000 rw-p 000cc000 08:06 1706447    /usr/lib/i386-linux-gnu/libkrb5.so.3.3
6934a000-693e2000 r-xp 00000000 08:06 1706380    /usr/lib/i386-linux-gnu/libharfbuzz.so.0.913.0
693e2000-693e3000 ---p 00098000 08:06 1706380    /usr/lib/i386-linux-gnu/libharfbuzz.so.0.913.0
693e3000-693e4000 r--p 00098000 08:06 1706380    /usr/lib/i386-linux-gnu/libharfbuzz.so.0.913.0
693e4000-693e5000 rw-p 00099000 08:06 1706380    /usr/lib/i386-linux-gnu/libharfbuzz.so.0.913.0
693e5000-693ed000 r-xp 00000000 08:06 1706787    /usr/lib/i386-linux-gnu/libxcb-render.so.0.0.0
693ed000-693ee000 r--p 00008000 08:06 1706787    /usr/lib/i386-linux-gnu/libxcb-render.so.0.0.0
693ee000-693ef000 rw-p 00009000 08:06 1706787    /usr/lib/i386-linux-gnu/libxcb-render.so.0.0.0
693ef000-693f1000 r-xp 00000000 08:06 1706791    /usr/lib/i386-linux-gnu/libxcb-shm.so.0.0.0
693f1000-693f2000 r--p 00001000 08:06 1706791    /usr/lib/i386-linux-gnu/libxcb-shm.so.0.0.0
693f2000-693f3000 rw-p 00002000 08:06 1706791    /usr/lib/i386-linux-gnu/libxcb-shm.so.0.0.0
693f3000-6941a000 r-xp 00000000 08:06 262578     /lib/i386-linux-gnu/libpng12.so.0.49.0
6941a000-6941b000 r--p 00026000 08:06 262578     /lib/i386-linux-gnu/libpng12.so.0.49.0
6941b000-6941c000 rw-p 00027000 08:06 262578     /lib/i386-linux-gnu/libpng12.so.0.49.0
6941c000-694b0000 r-xp 00000000 08:06 1706571    /usr/lib/i386-linux-gnu/libpixman-1.so.0.28.2
694b0000-694b5000 r--p 00093000 08:06 1706571    /usr/lib/i386-linux-gnu/libpixman-1.so.0.28.2
694b5000-694b6000 rw-p 00098000 08:06 1706571    /usr/lib/i386-linux-gnu/libpixman-1.so.0.28.2
694b6000-694bb000 r-xp 00000000 08:06 1705898    /usr/lib/i386-linux-gnu/libXdmcp.so.6.0.0
694bb000-694bc000 r--p 00004000 08:06 1705898    /usr/lib/i386-linux-gnu/libXdmcp.so.6.0.0
694bc000-694bd000 rw-p 00005000 08:06 1705898    /usr/lib/i386-linux-gnu/libXdmcp.so.6.0.0
694bd000-694bf000 r-xp 00000000 08:06 1705887    /usr/lib/i386-linux-gnu/libXau.so.6.0.0
694bf000-694c0000 r--p 00001000 08:06 1705887    /usr/lib/i386-linux-gnu/libXau.so.6.0.0
694c0000-694c1000 rw-p 00002000 08:06 1705887    /usr/lib/i386-linux-gnu/libXau.so.6.0.0
694c1000-694d1000 r-xp 00000000 08:06 1705977    /usr/lib/i386-linux-gnu/libavahi-client.so.3.2.9
694d1000-694d2000 r--p 0000f000 08:06 1705977    /usr/lib/i386-linux-gnu/libavahi-client.so.3.2.9
694d2000-694d3000 rw-p 00010000 08:06 1705977    /usr/lib/i386-linux-gnu/libavahi-client.so.3.2.9
694d3000-694df000 r-xp 00000000 08:06 1705979    /usr/lib/i386-linux-gnu/libavahi-common.so.3.5.3
694df000-694e0000 r--p 0000b000 08:06 1705979    /usr/lib/i386-linux-gnu/libavahi-common.so.3.5.3
694e0000-694e1000 rw-p 0000c000 08:06 1705979    /usr/lib/i386-linux-gnu/libavahi-common.so.3.5.3
694e1000-695a1000 r-xp 00000000 08:06 1706251    /usr/lib/i386-linux-gnu/libgnutls.so.26.22.6
695a1000-695a5000 r--p 000bf000 08:06 1706251    /usr/lib/i386-linux-gnu/libgnutls.so.26.22.6
695a5000-695a6000 rw-p 000c3000 08:06 1706251    /usr/lib/i386-linux-gnu/libgnutls.so.26.22.6
695a6000-695e1000 r-xp 00000000 08:06 1706276    /usr/lib/i386-linux-gnu/libgssapi_krb5.so.2.2
695e1000-695e2000 r--p 0003a000 08:06 1706276    /usr/lib/i386-linux-gnu/libgssapi_krb5.so.2.2
695e2000-695e3000 rw-p 0003b000 08:06 1706276    /usr/lib/i386-linux-gnu/libgssapi_krb5.so.2.2
695e3000-69622000 r-xp 00000000 08:06 262566     /lib/i386-linux-gnu/libpcre.so.3.13.1
69622000-69623000 r--p 0003f000 08:06 262566     /lib/i386-linux-gnu/libpcre.so.3.13.1
69623000-69624000 rw-p 00040000 08:06 262566     /lib/i386-linux-gnu/libpcre.so.3.13.1
69624000-69629000 r-xp 00000000 08:06 1706141    /usr/lib/i386-linux-gnu/libffi.so.6.0.1
69629000-6962a000 r--p 00005000 08:06 1706141    /usr/lib/i386-linux-gnu/libffi.so.6.0.1
6962a000-6962b000 rw-p 00006000 08:06 1706141    /usr/lib/i386-linux-gnu/libffi.so.6.0.1
6962b000-69650000 r-xp 00000000 08:06 262490     /lib/i386-linux-gnu/libexpat.so.1.6.0
69650000-69652000 r--p 00025000 08:06 262490     /lib/i386-linux-gnu/libexpat.so.1.6.0
69652000-69653000 rw-p 00027000 08:06 262490     /lib/i386-linux-gnu/libexpat.so.1.6.0
69653000-696e9000 r-xp 00000000 08:06 1706179    /usr/lib/i386-linux-gnu/libfreetype.so.6.10.0
696e9000-696ed000 r--p 00095000 08:06 1706179    /usr/lib/i386-linux-gnu/libfreetype.so.6.10.0
696ed000-696ee000 rw-p 00099000 08:06 1706179    /usr/lib/i386-linux-gnu/libfreetype.so.6.10.0
696ee000-69701000 r-xp 00000000 08:06 262589     /lib/i386-linux-gnu/libresolv-2.17.so
69701000-69702000 r--p 00013000 08:06 262589     /lib/i386-linux-gnu/libresolv-2.17.so
69702000-69703000 rw-p 00014000 08:06 262589     /lib/i386-linux-gnu/libresolv-2.17.so
69703000-69705000 rw-p 00000000 00:00 0 
69705000-69722000 r-xp 00000000 08:06 262593     /lib/i386-linux-gnu/libselinux.so.1
69722000-69723000 r--p 0001c000 08:06 262593     /lib/i386-linux-gnu/libselinux.so.1
69723000-69724000 rw-p 0001d000 08:06 262593     /lib/i386-linux-gnu/libselinux.so.1
69724000-69726000 r-xp 00000000 08:06 1705896    /usr/lib/i386-linux-gnu/libXdamage.so.1.1.0
69726000-69727000 r--p 00001000 08:06 1705896    /usr/lib/i386-linux-gnu/libXdamage.so.1.1.0
69727000-69728000 rw-p 00002000 08:06 1705896    /usr/lib/i386-linux-gnu/libXdamage.so.1.1.0
69728000-69731000 r-xp 00000000 08:06 1705894    /usr/lib/i386-linux-gnu/libXcursor.so.1.0.2
69731000-69732000 r--p 00008000 08:06 1705894    /usr/lib/i386-linux-gnu/libXcursor.so.1.0.2
69732000-69733000 rw-p 00009000 08:06 1705894    /usr/lib/i386-linux-gnu/libXcursor.so.1.0.2
69733000-69745000 r-xp 00000000 08:06 1706553    /usr/lib/i386-linux-gnu/libpangoft2-1.0.so.0.3200.5
69745000-69746000 r--p 00011000 08:06 1706553    /usr/lib/i386-linux-gnu/libpangoft2-1.0.so.0.3200.5
69746000-69747000 rw-p 00012000 08:06 1706553    /usr/lib/i386-linux-gnu/libpangoft2-1.0.so.0.3200.5
69747000-6985a000 r-xp 00000000 08:06 1706005    /usr/lib/i386-linux-gnu/libcairo.so.2.11200.14
6985a000-6985c000 r--p 00113000 08:06 1706005    /usr/lib/i386-linux-gnu/libcairo.so.2.11200.14
6985c000-6985d000 rw-p 00115000 08:06 1706005    /usr/lib/i386-linux-gnu/libcairo.so.2.11200.14
6985d000-6985e000 rw-p 00000000 00:00 0 
6985e000-6987c000 r-xp 00000000 08:06 1705967    /usr/lib/i386-linux-gnu/libatk-1.0.so.0.20809.1
6987c000-6987e000 r--p 0001d000 08:06 1705967    /usr/lib/i386-linux-gnu/libatk-1.0.so.0.20809.1
6987e000-6987f000 rw-p 0001f000 08:06 1705967    /usr/lib/i386-linux-gnu/libatk-1.0.so.0.20809.1
6987f000-6989f000 r-xp 00000000 08:06 1720908    /usr/lib/i386-linux-gnu/libxcb.so.1.1.0
6989f000-698a0000 r--p 0001f000 08:06 1720908    /usr/lib/i386-linux-gnu/libxcb.so.1.1.0
698a0000-698a1000 rw-p 00020000 08:06 1720908    /usr/lib/i386-linux-gnu/libxcb.so.1.1.0
698a1000-698fb000 r-xp 00000000 08:06 1706064    /usr/lib/i386-linux-gnu/libcups.so.2
698fb000-698fc000 ---p 0005a000 08:06 1706064    /usr/lib/i386-linux-gnu/libcups.so.2
698fc000-698ff000 r--p 0005a000 08:06 1706064    /usr/lib/i386-linux-gnu/libcups.so.2
698ff000-69900000 rw-p 0005d000 08:06 1706064    /usr/lib/i386-linux-gnu/libcups.so.2
69900000-699ff000 r-xp 00000000 08:06 262499     /lib/i386-linux-gnu/libglib-2.0.so.0.3600.0
699ff000-69a00000 r--p 000fe000 08:06 262499     /lib/i386-linux-gnu/libglib-2.0.so.0.3600.0
69a00000-69a01000 rw-p 000ff000 08:06 262499     /lib/i386-linux-gnu/libglib-2.0.so.0.3600.0
69a01000-69a4f000 r-xp 00000000 08:06 1706257    /usr/lib/i386-linux-gnu/libgobject-2.0.so.0.3600.0
69a4f000-69a50000 r--p 0004d000 08:06 1706257    /usr/lib/i386-linux-gnu/libgobject-2.0.so.0.3600.0
69a50000-69a51000 rw-p 0004e000 08:06 1706257    /usr/lib/i386-linux-gnu/libgobject-2.0.so.0.3600.0
69a51000-69a88000 r-xp 00000000 08:06 1706167    /usr/lib/i386-linux-gnu/libfontconfig.so.1.6.2
69a88000-69a89000 r--p 00036000 08:06 1706167    /usr/lib/i386-linux-gnu/libfontconfig.so.1.6.2
69a89000-69a8a000 rw-p 00037000 08:06 1706167    /usr/lib/i386-linux-gnu/libfontconfig.so.1.6.2
69a8a000-69ad3000 r-xp 00000000 08:06 1706549    /usr/lib/i386-linux-gnu/libpango-1.0.so.0.3200.5
69ad3000-69ad4000 r--p 00049000 08:06 1706549    /usr/lib/i386-linux-gnu/libpango-1.0.so.0.3200.5
69ad4000-69ad5000 rw-p 0004a000 08:06 1706549    /usr/lib/i386-linux-gnu/libpango-1.0.so.0.3200.5
69ad5000-69af5000 r-xp 00000000 08:06 1706208    /usr/lib/i386-linux-gnu/libgdk_pixbuf-2.0.so.0.2800.0
69af5000-69af6000 ---p 00020000 08:06 1706208    /usr/lib/i386-linux-gnu/libgdk_pixbuf-2.0.so.0.2800.0
69af6000-69af7000 r--p 00020000 08:06 1706208    /usr/lib/i386-linux-gnu/libgdk_pixbuf-2.0.so.0.2800.0
69af7000-69af8000 rw-p 00021000 08:06 1706208    /usr/lib/i386-linux-gnu/libgdk_pixbuf-2.0.so.0.2800.0
69af8000-69c58000 r-xp 00000000 08:06 1706227    /usr/lib/i386-linux-gnu/libgio-2.0.so.0.3600.0
69c58000-69c5a000 r--p 00160000 08:06 1706227    /usr/lib/i386-linux-gnu/libgio-2.0.so.0.3600.0
69c5a000-69c5b000 rw-p 00162000 08:06 1706227    /usr/lib/i386-linux-gnu/libgio-2.0.so.0.3600.0
69c5b000-69c5c000 rw-p 00000000 00:00 0 
69c5c000-69d07000 r-xp 00000000 08:06 1706206    /usr/lib/i386-linux-gnu/libgdk-x11-2.0.so.0.2400.17
69d07000-69d09000 r--p 000ab000 08:06 1706206    /usr/lib/i386-linux-gnu/libgdk-x11-2.0.so.0.2400.17
69d09000-69d0a000 rw-p 000ad000 08:06 1706206    /usr/lib/i386-linux-gnu/libgdk-x11-2.0.so.0.2400.17
69d0a000-6a16b000 r-xp 00000000 08:06 1706364    /usr/lib/i386-linux-gnu/libgtk-x11-2.0.so.0.2400.17
6a16b000-6a16f000 r--p 00461000 08:06 1706364    /usr/lib/i386-linux-gnu/libgtk-x11-2.0.so.0.2400.17
6a16f000-6a171000 rw-p 00465000 08:06 1706364    /usr/lib/i386-linux-gnu/libgtk-x11-2.0.so.0.2400.17
6a171000-6a173000 rw-p 00000000 00:00 0 
6a173000-6a2a6000 r-xp 00000000 08:06 1706796    /usr/lib/i386-linux-gnu/libX11.so.6.3.0
6a2a6000-6a2a7000 r--p 00132000 08:06 1706796    /usr/lib/i386-linux-gnu/libX11.so.6.3.0
6a2a7000-6a2aa000 rw-p 00133000 08:06 1706796    /usr/lib/i386-linux-gnu/libX11.so.6.3.0
6a2aa000-6a2fc000 r-xp 00000000 08:06 1708686    /usr/lib/jvm/java-7-openjdk-i386/jre/lib/i386/xawt/libmawt.so
6a2fc000-6a2fd000 r--p 00051000 08:06 1708686    /usr/lib/jvm/java-7-openjdk-i386/jre/lib/i386/xawt/libmawt.so
6a2fd000-6a2ff000 rw-p 00052000 08:06 1708686    /usr/lib/jvm/java-7-openjdk-i386/jre/lib/i386/xawt/libmawt.so
6a2ff000-6a300000 rw-p 00000000 00:00 0 
6a300000-6a400000 rw-p 00000000 00:00 0 
6a400000-6a401000 r--s 00000000 08:06 938727     /var/cache/fontconfig/89034621ae2a8922916bb6bfa5799546-le32d4.cache-3
6a401000-6a403000 r-xp 00000000 08:06 1705892    /usr/lib/i386-linux-gnu/libXcomposite.so.1.0.0
6a403000-6a404000 r--p 00001000 08:06 1705892    /usr/lib/i386-linux-gnu/libXcomposite.so.1.0.0
6a404000-6a405000 rw-p 00002000 08:06 1705892    /usr/lib/i386-linux-gnu/libXcomposite.so.1.0.0
6a405000-6a40e000 r-xp 00000000 08:06 1705918    /usr/lib/i386-linux-gnu/libXrandr.so.2.2.0
6a40e000-6a40f000 r--p 00008000 08:06 1705918    /usr/lib/i386-linux-gnu/libXrandr.so.2.2.0
6a40f000-6a410000 rw-p 00009000 08:06 1705918    /usr/lib/i386-linux-gnu/libXrandr.so.2.2.0
6a410000-6a41b000 r-xp 00000000 08:06 1706551    /usr/lib/i386-linux-gnu/libpangocairo-1.0.so.0.3200.5
6a41b000-6a41c000 r--p 0000a000 08:06 1706551    /usr/lib/i386-linux-gnu/libpangocairo-1.0.so.0.3200.5
6a41c000-6a41d000 rw-p 0000b000 08:06 1706551    /usr/lib/i386-linux-gnu/libpangocairo-1.0.so.0.3200.5
6a41d000-6a4af000 r-xp 00000000 08:06 1708643    /usr/lib/jvm/java-7-openjdk-i386/jre/lib/i386/libawt.so
6a4af000-6a4b0000 r--p 00091000 08:06 1708643    /usr/lib/jvm/java-7-openjdk-i386/jre/lib/i386/libawt.so
6a4b0000-6a4b7000 rw-p 00092000 08:06 1708643    /usr/lib/jvm/java-7-openjdk-i386/jre/lib/i386/libawt.so
6a4b7000-6a4db000 rw-p 00000000 00:00 0 
6a4db000-6a4dc000 ---p 00000000 00:00 0 
6a4dc000-6a55c000 rw-p 00000000 00:00 0          [stack:18446]
6a55c000-6a55f000 ---p 00000000 00:00 0 
6a55f000-6a5ad000 rw-p 00000000 00:00 0          [stack:18445]
6a5ad000-6a5b0000 ---p 00000000 00:00 0 
6a5b0000-6a62e000 rw-p 00000000 00:00 0          [stack:18444]
6a62e000-6a631000 ---p 00000000 00:00 0 
6a631000-6a6af000 rw-p 00000000 00:00 0          [stack:18443]
6a6af000-6a6b2000 ---p 00000000 00:00 0 
6a6b2000-6a700000 rw-p 00000000 00:00 0          [stack:18442]
6a700000-6a900000 r--p 00000000 08:06 1709808    /usr/lib/locale/locale-archive
6a900000-6aa00000 rw-p 00000000 00:00 0 
6aa00000-6aaff000 rw-p 00000000 00:00 0 
6aaff000-6ab00000 ---p 00000000 00:00 0 
6ab00000-6abfe000 rw-p 00000000 00:00 0 
6abfe000-6ac00000 ---p 00000000 00:00 0 
6ac00000-6ac01000 r--s 00000000 08:06 936119     /var/cache/fontconfig/4b14b093aebc79c320de5e86ae1d3314-le32d4.cache-3
6ac01000-6ac03000 r-xp 00000000 08:06 1705908    /usr/lib/i386-linux-gnu/libXinerama.so.1.0.0
6ac03000-6ac04000 r--p 00001000 08:06 1705908    /usr/lib/i386-linux-gnu/libXinerama.so.1.0.0
6ac04000-6ac05000 rw-p 00002000 08:06 1705908    /usr/lib/i386-linux-gnu/libXinerama.so.1.0.0
6ac05000-6ac0a000 r-xp 00000000 08:06 1705902    /usr/lib/i386-linux-gnu/libXfixes.so.3.1.0
6ac0a000-6ac0b000 r--p 00004000 08:06 1705902    /usr/lib/i386-linux-gnu/libXfixes.so.3.1.0
6ac0b000-6ac0c000 rw-p 00005000 08:06 1705902    /usr/lib/i386-linux-gnu/libXfixes.so.3.1.0
6ac0c000-6ac1a000 r-xp 00000000 08:06 1705906    /usr/lib/i386-linux-gnu/libXi.so.6.1.0
6ac1a000-6ac1b000 r--p 0000d000 08:06 1705906    /usr/lib/i386-linux-gnu/libXi.so.6.1.0
6ac1b000-6ac1c000 rw-p 0000e000 08:06 1705906    /usr/lib/i386-linux-gnu/libXi.so.6.1.0
6ac1c000-6ac2c000 r-xp 00000000 08:06 1705900    /usr/lib/i386-linux-gnu/libXext.so.6.4.0
6ac2c000-6ac2d000 r--p 0000f000 08:06 1705900    /usr/lib/i386-linux-gnu/libXext.so.6.4.0
6ac2d000-6ac2e000 rw-p 00010000 08:06 1705900    /usr/lib/i386-linux-gnu/libXext.so.6.4.0
6ac2e000-6ac31000 ---p 00000000 00:00 0 
6ac31000-6ac7f000 rw-p 00000000 00:00 0          [stack:18441]
6ac7f000-6ac80000 ---p 00000000 00:00 0 
6ac80000-6ad00000 rw-p 00000000 00:00 0          [stack:18439]
6ad00000-6adff000 rw-p 00000000 00:00 0 
6adff000-6ae00000 ---p 00000000 00:00 0 
6ae00000-6ae01000 r--s 00000000 08:06 938725     /var/cache/fontconfig/94f7fe9bd33aadfac165873bd010d595-le32d4.cache-3
6ae01000-6ae02000 r--s 00000000 08:06 938724     /var/cache/fontconfig/423767150eb258c59035de29db6fca84-le32d4.cache-3
6ae02000-6ae05000 r-xp 00000000 08:06 1706237    /usr/lib/i386-linux-gnu/libgmodule-2.0.so.0.3600.0
6ae05000-6ae06000 r--p 00002000 08:06 1706237    /usr/lib/i386-linux-gnu/libgmodule-2.0.so.0.3600.0
6ae06000-6ae07000 rw-p 00003000 08:06 1706237    /usr/lib/i386-linux-gnu/libgmodule-2.0.so.0.3600.0
6ae07000-6ae0f000 r-xp 00000000 08:06 1705920    /usr/lib/i386-linux-gnu/libXrender.so.1.3.0
6ae0f000-6ae10000 r--p 00007000 08:06 1705920    /usr/lib/i386-linux-gnu/libXrender.so.1.3.0
6ae10000-6ae11000 rw-p 00008000 08:06 1705920    /usr/lib/i386-linux-gnu/libXrender.so.1.3.0
6ae11000-6ae12000 r--s 00000000 08:06 938723     /var/cache/fontconfig/406a1d2d2bf3ed7664fbadefac0b2f66-le32d4.cache-3
6ae12000-6ae28000 r-xp 00000000 08:06 1708664    /usr/lib/jvm/java-7-openjdk-i386/jre/lib/i386/libnet.so
6ae28000-6ae29000 r--p 00015000 08:06 1708664    /usr/lib/jvm/java-7-openjdk-i386/jre/lib/i386/libnet.so
6ae29000-6ae2a000 rw-p 00016000 08:06 1708664    /usr/lib/jvm/java-7-openjdk-i386/jre/lib/i386/libnet.so
6ae2a000-6ae35000 r--s 001fb000 08:06 1708529    /usr/lib/jvm/java-7-openjdk-common/jre/lib/charsets.jar
6ae35000-6afe2000 r--s 01cde000 08:06 1708621    /usr/lib/jvm/java-7-openjdk-i386/jre/lib/rt.jar
6afe2000-6dd00000 rw-p 00000000 00:00 0 
6dd00000-6de00000 rw-p 00000000 00:00 0 
6de00000-6de05000 r-xp 00000000 08:06 1705926    /usr/lib/i386-linux-gnu/libXtst.so.6.1.0
6de05000-6de06000 r--p 00004000 08:06 1705926    /usr/lib/i386-linux-gnu/libXtst.so.6.1.0
6de06000-6de07000 rw-p 00005000 08:06 1705926    /usr/lib/i386-linux-gnu/libXtst.so.6.1.0
6de07000-6de10000 r--s 000bc000 08:06 1708538    /usr/lib/jvm/java-7-openjdk-common/jre/lib/resources.jar
6de10000-6de1b000 r--s 001fb000 08:06 1708529    /usr/lib/jvm/java-7-openjdk-common/jre/lib/charsets.jar
6de1b000-6de2e000 r--s 00179000 08:06 1724490    /home/gene/Downloads/ll/vlcj-2.4.1/vlcj-2.4.1-javadoc.jar
6de2e000-6de31000 ---p 00000000 00:00 0 
6de31000-6de7f000 rw-p 00000000 00:00 0          [stack:18440]
6de7f000-6de80000 ---p 00000000 00:00 0 
6de80000-6df00000 rw-p 00000000 00:00 0          [stack:18438]
6df00000-6df21000 rw-p 00000000 00:00 0 
6df21000-6e000000 ---p 00000000 00:00 0 
6e000000-6e021000 rw-p 00000000 00:00 0 
6e021000-6e100000 ---p 00000000 00:00 0 
6e100000-6e102000 r--s 00000000 08:06 936655     /var/cache/fontconfig/67709b7835c0f764c1135060c9575660-le32d4.cache-3
6e102000-6e103000 r-xp 00000000 08:06 1706360    /usr/lib/i386-linux-gnu/libgthread-2.0.so.0.3600.0
6e103000-6e104000 r--p 00000000 08:06 1706360    /usr/lib/i386-linux-gnu/libgthread-2.0.so.0.3600.0
6e104000-6e105000 rw-p 00001000 08:06 1706360    /usr/lib/i386-linux-gnu/libgthread-2.0.so.0.3600.0
6e105000-6e10f000 r--s 00053000 08:06 1724519    /home/gene/Downloads/ll/vlcj-2.4.1/vlcj-2.4.1-tests.jar
6e10f000-6e116000 r--s 00094000 08:06 1784822    /home/gene/netbeans-7.3.1/java/modules/ext/beansbinding-1.2.1.jar
6e116000-6e125000 r--s 00115000 08:06 1724216    /home/gene/Downloads/ll/vlcj-2.4.1/platform-3.5.2.jar
6e125000-6e128000 r--s 000a6000 08:06 1724183    /home/gene/Downloads/ll/vlcj-2.4.1/jna-3.5.2.jar
6e128000-6e137000 r--s 000d3000 08:06 1786959    /home/gene/Downloads/jaudiotagger-2.2.0-20130321.142353-1.jar
6e137000-6e17f000 rw-p 00000000 00:00 0 
6e17f000-6e180000 ---p 00000000 00:00 0 
6e180000-6e200000 rw-p 00000000 00:00 0          [stack:18437]
6e200000-6e249000 rw-p 00000000 00:00 0 
6e249000-6e300000 ---p 00000000 00:00 0 
6e300000-6e301000 r--s 00000000 08:06 936109     /var/cache/fontconfig/0c9eb80ebd1c36541ebe2852d3bb0c49-le32d4.cache-3
6e301000-6e30b000 r--s 0004b000 08:06 1724492    /home/gene/Downloads/ll/vlcj-2.4.1/vlcj-2.4.1.jar
6e30b000-6e323000 r--s 001b9000 08:06 1779640    /home/gene/lab/music/playmp3/jmf.jar
6e323000-6e324000 ---p 00000000 00:00 0 
6e324000-6e3a4000 rw-p 00000000 00:00 0          [stack:18436]
6e3a4000-6e3a5000 ---p 00000000 00:00 0 
6e3a5000-6e42d000 rw-p 00000000 00:00 0          [stack:18435]
6e42d000-6e465000 rw-p 00000000 00:00 0 
6e465000-6e47a000 rw-p 00000000 00:00 0 
6e47a000-6e5a9000 rw-p 00000000 00:00 0 
6e5a9000-6e5b1000 rw-p 00000000 00:00 0 
6e5b1000-6e5e9000 rw-p 00000000 00:00 0 
6e5e9000-6e5fe000 rw-p 00000000 00:00 0 
6e5fe000-6e72d000 rw-p 00000000 00:00 0 
6e72d000-6e73f000 rw-p 00000000 00:00 0 
6e73f000-6e7cf000 rw-p 00000000 00:00 0 
6e7cf000-6f7d0000 rw-p 00000000 00:00 0 
6f7d0000-767d0000 rw-p 00000000 00:00 0 
767d0000-79050000 rw-p 00000000 00:00 0 
79050000-9efd0000 rw-p 00000000 00:00 0 
9efd0000-a1330000 rw-p 00000000 00:00 0 
a1330000-b33d0000 rw-p 00000000 00:00 0 
b33d0000-b33d1000 r--s 00000000 08:06 936124     /var/cache/fontconfig/62f91419b9ebdb6975e7e41ab6412357-le32d4.cache-3
b33d1000-b33d2000 r--s 00000000 08:06 938994     /var/cache/fontconfig/e0aa53bcfa504e64f87823c16bc01eb6-le32d4.cache-3
b33d2000-b33d5000 r--s 00027000 08:06 1798650    /home/gene/Downloads/rs2xml.jar
b33d5000-b33d7000 r--s 00380000 08:06 1795454    /home/gene/Downloads/sqlite-jdbc-3.7.15-M1.jar
b33d7000-b33d9000 r--s 00006000 08:06 137009     /usr/share/java/java-atk-wrapper.jar
b33d9000-b33dc000 r--s 0000f000 08:06 1708547    /usr/lib/jvm/java-7-openjdk-common/jre/lib/ext/pulse-java.jar
b33dc000-b33e5000 rw-p 00000000 00:00 0 
b33e5000-b349c000 rw-p 00000000 00:00 0 
b349c000-b36dc000 rwxp 00000000 00:00 0 
b36dc000-b649c000 rw-p 00000000 00:00 0 
b649c000-b64a7000 r-xp 00000000 08:06 262543     /lib/i386-linux-gnu/libnss_files-2.17.so
b64a7000-b64a8000 r--p 0000a000 08:06 262543     /lib/i386-linux-gnu/libnss_files-2.17.so
b64a8000-b64a9000 rw-p 0000b000 08:06 262543     /lib/i386-linux-gnu/libnss_files-2.17.so
b64a9000-b64b3000 r-xp 00000000 08:06 262548     /lib/i386-linux-gnu/libnss_nis-2.17.so
b64b3000-b64b4000 r--p 00009000 08:06 262548     /lib/i386-linux-gnu/libnss_nis-2.17.so
b64b4000-b64b5000 rw-p 0000a000 08:06 262548     /lib/i386-linux-gnu/libnss_nis-2.17.so
b64b5000-b64ca000 r-xp 00000000 08:06 262537     /lib/i386-linux-gnu/libnsl-2.17.so
b64ca000-b64cb000 r--p 00014000 08:06 262537     /lib/i386-linux-gnu/libnsl-2.17.so
b64cb000-b64cc000 rw-p 00015000 08:06 262537     /lib/i386-linux-gnu/libnsl-2.17.so
b64cc000-b64ce000 rw-p 00000000 00:00 0 
b64ce000-b64d5000 r-xp 00000000 08:06 262539     /lib/i386-linux-gnu/libnss_compat-2.17.so
b64d5000-b64d6000 r--p 00006000 08:06 262539     /lib/i386-linux-gnu/libnss_compat-2.17.so
b64d6000-b64d7000 rw-p 00007000 08:06 262539     /lib/i386-linux-gnu/libnss_compat-2.17.so
b64d7000-b64fe000 r-xp 00000000 08:06 1708652    /usr/lib/jvm/java-7-openjdk-i386/jre/lib/i386/libjava.so
b64fe000-b64ff000 r--p 00026000 08:06 1708652    /usr/lib/jvm/java-7-openjdk-i386/jre/lib/i386/libjava.so
b64ff000-b6500000 rw-p 00027000 08:06 1708652    /usr/lib/jvm/java-7-openjdk-i386/jre/lib/i386/libjava.so
b6500000-b65fc000 rw-p 00000000 00:00 0 
b65fc000-b6600000 ---p 00000000 00:00 0 
b6600000-b6601000 r--s 00014000 08:06 1795668    /home/gene/lab/music/playmp3/mp3plugin.jar
b6601000-b6602000 r--s 00002000 08:06 1708545    /usr/lib/jvm/java-7-openjdk-common/jre/lib/ext/dnsns.jar
b6602000-b6606000 r--s 00085000 08:06 1708546    /usr/lib/jvm/java-7-openjdk-common/jre/lib/ext/localedata.jar
b6606000-b6608000 r--s 00012000 08:06 1708550    /usr/lib/jvm/java-7-openjdk-common/jre/lib/ext/zipfs.jar
b6608000-b660b000 r--s 00032000 08:06 1708548    /usr/lib/jvm/java-7-openjdk-common/jre/lib/ext/sunjce_provider.jar
b660b000-b660e000 r--s 0003c000 08:06 1708549    /usr/lib/jvm/java-7-openjdk-common/jre/lib/ext/sunpkcs11.jar
b660e000-b660f000 r--p 005db000 08:06 1709808    /usr/lib/locale/locale-archive
b660f000-b6617000 r-xp 00000000 08:06 1708674    /usr/lib/jvm/java-7-openjdk-i386/jre/lib/i386/libzip.so
b6617000-b6618000 r--p 00007000 08:06 1708674    /usr/lib/jvm/java-7-openjdk-i386/jre/lib/i386/libzip.so
b6618000-b6619000 rw-p 00008000 08:06 1708674    /usr/lib/jvm/java-7-openjdk-i386/jre/lib/i386/libzip.so
b6619000-b6620000 r-xp 00000000 08:06 262591     /lib/i386-linux-gnu/librt-2.17.so
b6620000-b6621000 r--p 00006000 08:06 262591     /lib/i386-linux-gnu/librt-2.17.so
b6621000-b6622000 rw-p 00007000 08:06 262591     /lib/i386-linux-gnu/librt-2.17.so
b6622000-b6625000 ---p 00000000 00:00 0 
b6625000-b6673000 rw-p 00000000 00:00 0          [stack:18434]
b6673000-b668e000 r-xp 00000000 08:06 262495     /lib/i386-linux-gnu/libgcc_s.so.1
b668e000-b668f000 r--p 0001a000 08:06 262495     /lib/i386-linux-gnu/libgcc_s.so.1
b668f000-b6690000 rw-p 0001b000 08:06 262495     /lib/i386-linux-gnu/libgcc_s.so.1
b6690000-b66d1000 r-xp 00000000 08:06 262518     /lib/i386-linux-gnu/libm-2.17.so
b66d1000-b66d2000 r--p 00040000 08:06 262518     /lib/i386-linux-gnu/libm-2.17.so
b66d2000-b66d3000 rw-p 00041000 08:06 262518     /lib/i386-linux-gnu/libm-2.17.so
b66d3000-b67af000 r-xp 00000000 08:06 1706691    /usr/lib/i386-linux-gnu/libstdc++.so.6.0.17
b67af000-b67b0000 ---p 000dc000 08:06 1706691    /usr/lib/i386-linux-gnu/libstdc++.so.6.0.17
b67b0000-b67b4000 r--p 000dc000 08:06 1706691    /usr/lib/i386-linux-gnu/libstdc++.so.6.0.17
b67b4000-b67b5000 rw-p 000e0000 08:06 1706691    /usr/lib/i386-linux-gnu/libstdc++.so.6.0.17
b67b5000-b67bc000 rw-p 00000000 00:00 0 
b67bc000-b70b1000 r-xp 00000000 08:06 1708685    /usr/lib/jvm/java-7-openjdk-i386/jre/lib/i386/server/libjvm.so
b70b1000-b70f8000 r--p 008f4000 08:06 1708685    /usr/lib/jvm/java-7-openjdk-i386/jre/lib/i386/server/libjvm.so
b70f8000-b710c000 rw-p 0093b000 08:06 1708685    /usr/lib/jvm/java-7-openjdk-i386/jre/lib/i386/server/libjvm.so
b710c000-b752a000 rw-p 00000000 00:00 0 
b752a000-b7541000 r-xp 00000000 08:06 262624     /lib/i386-linux-gnu/libz.so.1.2.7
b7541000-b7542000 r--p 00016000 08:06 262624     /lib/i386-linux-gnu/libz.so.1.2.7
b7542000-b7543000 rw-p 00017000 08:06 262624     /lib/i386-linux-gnu/libz.so.1.2.7
b7543000-b755a000 r-xp 00000000 08:06 262583     /lib/i386-linux-gnu/libpthread-2.17.so
b755a000-b755b000 r--p 00016000 08:06 262583     /lib/i386-linux-gnu/libpthread-2.17.so
b755b000-b755c000 rw-p 00017000 08:06 262583     /lib/i386-linux-gnu/libpthread-2.17.so
b755c000-b755e000 rw-p 00000000 00:00 0 
b755e000-b7561000 r-xp 00000000 08:06 262485     /lib/i386-linux-gnu/libdl-2.17.so
b7561000-b7562000 r--p 00002000 08:06 262485     /lib/i386-linux-gnu/libdl-2.17.so
b7562000-b7563000 rw-p 00003000 08:06 262485     /lib/i386-linux-gnu/libdl-2.17.so
b7563000-b7710000 r-xp 00000000 08:06 262470     /lib/i386-linux-gnu/libc-2.17.so
b7710000-b7712000 r--p 001ad000 08:06 262470     /lib/i386-linux-gnu/libc-2.17.so
b7712000-b7713000 rw-p 001af000 08:06 262470     /lib/i386-linux-gnu/libc-2.17.so
b7713000-b7716000 rw-p 00000000 00:00 0 
b7716000-b771e000 rw-s 00000000 08:06 1441574    /tmp/hsperfdata_gene/18430
b771e000-b771f000 rw-p 00000000 00:00 0 
b771f000-b7720000 r--p 00000000 00:00 0 
b7720000-b772d000 r-xp 00000000 08:06 1708673    /usr/lib/jvm/java-7-openjdk-i386/jre/lib/i386/libverify.so
b772d000-b772e000 r--p 0000d000 08:06 1708673    /usr/lib/jvm/java-7-openjdk-i386/jre/lib/i386/libverify.so
b772e000-b772f000 rw-p 0000e000 08:06 1708673    /usr/lib/jvm/java-7-openjdk-i386/jre/lib/i386/libverify.so
b772f000-b773c000 r-xp 00000000 08:06 1708681    /usr/lib/jvm/java-7-openjdk-i386/jre/lib/i386/jli/libjli.so
b773c000-b773d000 r--p 0000c000 08:06 1708681    /usr/lib/jvm/java-7-openjdk-i386/jre/lib/i386/jli/libjli.so
b773d000-b773e000 rw-p 0000d000 08:06 1708681    /usr/lib/jvm/java-7-openjdk-i386/jre/lib/i386/jli/libjli.so
b773e000-b7741000 rw-p 00000000 00:00 0 
b7741000-b7742000 r-xp 00000000 00:00 0          [vdso]
b7742000-b7762000 r-xp 00000000 08:06 262446     /lib/i386-linux-gnu/ld-2.17.so
b7762000-b7763000 r--p 0001f000 08:06 262446     /lib/i386-linux-gnu/ld-2.17.so
b7763000-b7764000 rw-p 00020000 08:06 262446     /lib/i386-linux-gnu/ld-2.17.so
bf8c8000-bf8e9000 rw-p 00000000 00:00 0          [stack]

VM Arguments:
jvm_args: -Dfile.encoding=UTF-8 
java_command: musicplayer.Musicplayer
Launcher Type: SUN_STANDARD

Environment Variables:
PATH=/usr/local/sbin:/usr/local/bin:/usr/sbin:/usr/bin:/sbin:/bin:/usr/games:/usr/local/games
USERNAME=gene
LD_LIBRARY_PATH=/usr/lib/jvm/default-java/jre/lib/amd64:/usr/lib/jvm/default-java/jre/lib/i386:
SHELL=/bin/bash
DISPLAY=:0

Signal Handlers:
SIGSEGV: [libjvm.so+0x7598c0], sa_mask[0]=0x7ffbfeff, sa_flags=0x10000004
SIGBUS: [libjvm.so+0x7598c0], sa_mask[0]=0x7ffbfeff, sa_flags=0x10000004
SIGFPE: [libjvm.so+0x5f54f0], sa_mask[0]=0x7ffbfeff, sa_flags=0x10000004
SIGPIPE: [libjvm.so+0x5f54f0], sa_mask[0]=0x7ffbfeff, sa_flags=0x10000004
SIGXFSZ: [libjvm.so+0x5f54f0], sa_mask[0]=0x7ffbfeff, sa_flags=0x10000004
SIGILL: [libjvm.so+0x5f54f0], sa_mask[0]=0x7ffbfeff, sa_flags=0x10000004
SIGUSR1: SIG_DFL, sa_mask[0]=0x00000000, sa_flags=0x00000000
SIGUSR2: [libjvm.so+0x5f53a0], sa_mask[0]=0x00000004, sa_flags=0x10000004
SIGHUP: [libjvm.so+0x5f5930], sa_mask[0]=0x7ffbfeff, sa_flags=0x10000004
SIGINT: SIG_IGN, sa_mask[0]=0x00000000, sa_flags=0x00000000
SIGTERM: [libjvm.so+0x5f5930], sa_mask[0]=0x7ffbfeff, sa_flags=0x10000004
SIGQUIT: [libjvm.so+0x5f5930], sa_mask[0]=0x7ffbfeff, sa_flags=0x10000004


---------------  S Y S T E M  ---------------

OS:Ubuntu 13.04 (raring)
uname:Linux 3.8.0-19-generic #29-Ubuntu SMP Wed Apr 17 18:19:42 UTC 2013 i686
libc:glibc 2.17 NPTL 2.17 
rlimit: STACK 8192k, CORE 0k, NPROC 30928, NOFILE 4096, AS infinity
load average:0.73 0.78 0.66

/proc/meminfo:
MemTotal:        3975340 kB
MemFree:          305416 kB
Buffers:          663284 kB
Cached:          1817332 kB
SwapCached:            0 kB
Active:          1634328 kB
Inactive:        1896744 kB
Active(anon):    1020136 kB
Inactive(anon):   206464 kB
Active(file):     614192 kB
Inactive(file):  1690280 kB
Unevictable:           0 kB
Mlocked:               0 kB
HighTotal:       3125056 kB
HighFree:         238036 kB
LowTotal:         850284 kB
LowFree:           67380 kB
SwapTotal:       2047996 kB
SwapFree:        2047996 kB
Dirty:              1004 kB
Writeback:             0 kB
AnonPages:       1050548 kB
Mapped:           145568 kB
Shmem:            176144 kB
Slab:             103448 kB
SReclaimable:      80516 kB
SUnreclaim:        22932 kB
KernelStack:        3648 kB
PageTables:         8184 kB
NFS_Unstable:          0 kB
Bounce:                0 kB
WritebackTmp:          0 kB
CommitLimit:     4035664 kB
Committed_AS:    3036288 kB
VmallocTotal:     122880 kB
VmallocUsed:       20008 kB
VmallocChunk:      89160 kB
HardwareCorrupted:     0 kB
AnonHugePages:         0 kB
HugePages_Total:       0
HugePages_Free:        0
HugePages_Rsvd:        0
HugePages_Surp:        0
Hugepagesize:       2048 kB
DirectMap4k:       10232 kB
DirectMap2M:      903168 kB


CPU:total 4 (2 cores per cpu, 2 threads per core) family 6 model 42 stepping 7, cmov, cx8, fxsr, mmx, sse, sse2, sse3, ssse3, sse4.1, sse4.2, popcnt, avx, ht, tsc, tscinvbit

/proc/cpuinfo:
processor	: 0
vendor_id	: GenuineIntel
cpu family	: 6
model		: 42
model name	: Intel(R) Core(TM) i3-2370M CPU @ 2.40GHz
stepping	: 7
microcode	: 0x25
cpu MHz		: 2400.000
cache size	: 3072 KB
physical id	: 0
siblings	: 4
core id		: 0
cpu cores	: 2
apicid		: 0
initial apicid	: 0
fdiv_bug	: no
hlt_bug		: no
f00f_bug	: no
coma_bug	: no
fpu		: yes
fpu_exception	: yes
cpuid level	: 13
wp		: yes
flags		: fpu vme de pse tsc msr pae mce cx8 apic sep mtrr pge mca cmov pat pse36 clflush dts acpi mmx fxsr sse sse2 ss ht tm pbe nx rdtscp lm constant_tsc arch_perfmon pebs bts xtopology nonstop_tsc aperfmperf eagerfpu pni pclmulqdq dtes64 monitor ds_cpl vmx est tm2 ssse3 cx16 xtpr pdcm pcid sse4_1 sse4_2 x2apic popcnt tsc_deadline_timer xsave avx lahf_lm arat epb xsaveopt pln pts dtherm tpr_shadow vnmi flexpriority ept vpid
bogomips	: 4788.77
clflush size	: 64
cache_alignment	: 64
address sizes	: 36 bits physical, 48 bits virtual
power management:

processor	: 1
vendor_id	: GenuineIntel
cpu family	: 6
model		: 42
model name	: Intel(R) Core(TM) i3-2370M CPU @ 2.40GHz
stepping	: 7
microcode	: 0x25
cpu MHz		: 2400.000
cache size	: 3072 KB
physical id	: 0
siblings	: 4
core id		: 0
cpu cores	: 2
apicid		: 1
initial apicid	: 1
fdiv_bug	: no
hlt_bug		: no
f00f_bug	: no
coma_bug	: no
fpu		: yes
fpu_exception	: yes
cpuid level	: 13
wp		: yes
flags		: fpu vme de pse tsc msr pae mce cx8 apic sep mtrr pge mca cmov pat pse36 clflush dts acpi mmx fxsr sse sse2 ss ht tm pbe nx rdtscp lm constant_tsc arch_perfmon pebs bts xtopology nonstop_tsc aperfmperf eagerfpu pni pclmulqdq dtes64 monitor ds_cpl vmx est tm2 ssse3 cx16 xtpr pdcm pcid sse4_1 sse4_2 x2apic popcnt tsc_deadline_timer xsave avx lahf_lm arat epb xsaveopt pln pts dtherm tpr_shadow vnmi flexpriority ept vpid
bogomips	: 4788.77
clflush size	: 64
cache_alignment	: 64
address sizes	: 36 bits physical, 48 bits virtual
power management:

processor	: 2
vendor_id	: GenuineIntel
cpu family	: 6
model		: 42
model name	: Intel(R) Core(TM) i3-2370M CPU @ 2.40GHz
stepping	: 7
microcode	: 0x25
cpu MHz		: 2400.000
cache size	: 3072 KB
physical id	: 0
siblings	: 4
core id		: 1
cpu cores	: 2
apicid		: 2
initial apicid	: 2
fdiv_bug	: no
hlt_bug		: no
f00f_bug	: no
coma_bug	: no
fpu		: yes
fpu_exception	: yes
cpuid level	: 13
wp		: yes
flags		: fpu vme de pse tsc msr pae mce cx8 apic sep mtrr pge mca cmov pat pse36 clflush dts acpi mmx fxsr sse sse2 ss ht tm pbe nx rdtscp lm constant_tsc arch_perfmon pebs bts xtopology nonstop_tsc aperfmperf eagerfpu pni pclmulqdq dtes64 monitor ds_cpl vmx est tm2 ssse3 cx16 xtpr pdcm pcid sse4_1 sse4_2 x2apic popcnt tsc_deadline_timer xsave avx lahf_lm arat epb xsaveopt pln pts dtherm tpr_shadow vnmi flexpriority ept vpid
bogomips	: 4788.77
clflush size	: 64
cache_alignment	: 64
address sizes	: 36 bits physical, 48 bits virtual
power management:

processor	: 3
vendor_id	: GenuineIntel
cpu family	: 6
model		: 42
model name	: Intel(R) Core(TM) i3-2370M CPU @ 2.40GHz
stepping	: 7
microcode	: 0x25
cpu MHz		: 2400.000
cache size	: 3072 KB
physical id	: 0
siblings	: 4
core id		: 1
cpu cores	: 2
apicid		: 3
initial apicid	: 3
fdiv_bug	: no
hlt_bug		: no
f00f_bug	: no
coma_bug	: no
fpu		: yes
fpu_exception	: yes
cpuid level	: 13
wp		: yes
flags		: fpu vme de pse tsc msr pae mce cx8 apic sep mtrr pge mca cmov pat pse36 clflush dts acpi mmx fxsr sse sse2 ss ht tm pbe nx rdtscp lm constant_tsc arch_perfmon pebs bts xtopology nonstop_tsc aperfmperf eagerfpu pni pclmulqdq dtes64 monitor ds_cpl vmx est tm2 ssse3 cx16 xtpr pdcm pcid sse4_1 sse4_2 x2apic popcnt tsc_deadline_timer xsave avx lahf_lm arat epb xsaveopt pln pts dtherm tpr_shadow vnmi flexpriority ept vpid
bogomips	: 4788.77
clflush size	: 64
cache_alignment	: 64
address sizes	: 36 bits physical, 48 bits virtual
power management:



Memory: 4k page, physical 3975340k(305416k free), swap 2047996k(2047996k free)

vm_info: OpenJDK Server VM (23.7-b01) for linux-x86 JRE (1.7.0_21-b02), built on Apr 22 2013 07:41:32 by "buildd" with gcc 4.7.3

time: Thu Oct 31 17:46:58 2013
elapsed time: 12 seconds

