#
# A fatal error has been detected by the Java Runtime Environment:
#
#  SIGSEGV (0xb) at pc=0xb76b1f98, pid=25324, tid=1734011712
#
# JRE version: 7.0_21-b02
# Java VM: OpenJDK Server VM (23.7-b01 mixed mode linux-x86 )
# Problematic frame:
# C  [libc.so.6+0x12ef98]  _IO_file_underflow+0x68
#
# Failed to write core dump. Core dumps have been disabled. To enable core dumping, try "ulimit -c unlimited" before starting Java again
#
# If you would like to submit a bug report, please include
# instructions on how to reproduce the bug and visit:
#   https://bugs.launchpad.net/ubuntu/+source/openjdk-7/
#

---------------  T H R E A D  ---------------

Current thread is native thread

siginfo:si_signo=SIGSEGV: si_errno=0, si_code=1 (SEGV_MAPERR), si_addr=0x00000037

Registers:
EAX=0x67b0f000, EBX=0xb7732000, ECX=0xffffffff, EDX=0x00001000
ESP=0x675abda0, EBP=0x00000001, ESI=0x674a60e8, EDI=0x675aeb40
EIP=0xb76b1f98, EFLAGS=0x00210206, CR2=0x00000037

Top of Stack: (sp=0x675abda0)
0x675abda0:   674a60e8 67b0f000 00001000 b7732000
0x675abdb0:   674a60e8 b7732000 674a60e8 b75f6da9
0x675abdc0:   674a60e8 b75e957a b7732000 b7732000
0x675abdd0:   674a60e8 675aeb40 674a60e8 b75f6bdb
0x675abde0:   674a60e8 ffffffff 634e0649 634ff000
0x675abdf0:   b75e95d7 b7732000 674a60e8 b75ecebc
0x675abe00:   674a60e8 634f622a 00000001 634ff000
0x675abe10:   634ff000 678d4690 6dd0bcc8 634e9d8c 

Instructions: (pc=0xb76b1f98)
0xb76b1f78:   4c 89 46 04 29 c2 89 46 0c 89 46 08 89 46 18 89
0xb76b1f88:   46 14 89 46 10 89 54 24 08 89 44 24 04 89 34 24
0xb76b1f98:   ff 51 38 83 f8 00 7e 38 8b 56 40 01 46 08 83 fa
0xb76b1fa8:   ff 74 05 01 d0 89 46 40 8b 46 04 0f b6 00 83 c4 

Register to memory mapping:

EAX=0x67b0f000 is an unknown value
EBX=0xb7732000: <offset 0x1af000> in /lib/i386-linux-gnu/libc.so.6 at 0xb7583000
ECX=0xffffffff is an unknown value
EDX=0x00001000 is an unknown value
ESP=0x675abda0 is an unknown value
EBP=0x00000001 is an unknown value
ESI=0x674a60e8 is an unknown value
EDI=0x675aeb40 is an unknown value


Stack: [0x6752e000,0x675af000],  sp=0x675abda0,  free space=503k
Native frames: (J=compiled Java code, j=interpreted, Vv=VM code, C=native code)
C  [libc.so.6+0x12ef98]  _IO_file_underflow+0x68


---------------  P R O C E S S  ---------------

VM state:not at safepoint (normal execution)

VM Mutex/Monitor currently owned by a thread: None

Heap
 PSYoungGen      total 18112K, used 4140K [0x9eff0000, 0xa0420000, 0xb33f0000)
  eden space 15552K, 10% used [0x9eff0000,0x9f17c2d0,0x9ff20000)
  from space 2560K, 99% used [0x9ff20000,0xa019f080,0xa01a0000)
  to   space 2560K, 0% used [0xa01a0000,0xa01a0000,0xa0420000)
 ParOldGen       total 41472K, used 5110K [0x767f0000, 0x79070000, 0x9eff0000)
  object space 41472K, 12% used [0x767f0000,0x76ced9a8,0x79070000)
 PSPermGen       total 16384K, used 14871K [0x6e7f0000, 0x6f7f0000, 0x767f0000)
  object space 16384K, 90% used [0x6e7f0000,0x6f675fc0,0x6f7f0000)

Card table byte_map: [0x6e5c9000,0x6e7f0000] byte_map_base: 0x6e255080

Polling page: 0xb773f000

Code Cache  [0xb34b5000, 0xb36f5000, 0xb64b5000)
 total_blobs=586 nmethods=316 adapters=222 free_code_cache=48226Kb largest_free_block=49356416

Compilation events (10 events):
Event: 19.203 Thread 0x6adfc800  338             java.util.WeakHashMap::get (77 bytes)
Event: 19.208 Thread 0x6adfc800 nmethod 338 0xb3599648 code [0xb3599780, 0xb35999b0]
Event: 19.210 Thread 0x6adfe800  339             java.util.regex.Matcher::reset (83 bytes)
Event: 19.212 Thread 0x6adfe800 nmethod 339 0xb354cc08 code [0xb354cd00, 0xb354ce30]
Event: 19.212 Thread 0x6adfe800  341             sun.misc.FpUtils::getExponent (17 bytes)
Event: 19.212 Thread 0x6adfc800  340             java.lang.Math::getExponent (5 bytes)
Event: 19.212 Thread 0x6adfc800 nmethod 340 0xb3516488 code [0xb3516560, 0xb35165b0]
Event: 19.212 Thread 0x6adfe800 nmethod 341 0xb3599488 code [0xb3599560, 0xb35995b0]
Event: 19.212 Thread 0x6adfe800  342             java.lang.StrictMath::floorOrCeil (128 bytes)
Event: 19.213 Thread 0x6adfe800 nmethod 342 0xb3530f48 code [0xb3531020, 0xb35310f0]

GC Heap History (6 events):
Event: 4.250 GC heap before
{Heap before GC invocations=1 (full 0):
 PSYoungGen      total 18112K, used 15552K [0x9eff0000, 0xa0420000, 0xb33f0000)
  eden space 15552K, 100% used [0x9eff0000,0x9ff20000,0x9ff20000)
  from space 2560K, 0% used [0xa01a0000,0xa01a0000,0xa0420000)
  to   space 2560K, 0% used [0x9ff20000,0x9ff20000,0xa01a0000)
 ParOldGen       total 41472K, used 0K [0x767f0000, 0x79070000, 0x9eff0000)
  object space 41472K, 0% used [0x767f0000,0x767f0000,0x79070000)
 PSPermGen       total 16384K, used 11903K [0x6e7f0000, 0x6f7f0000, 0x767f0000)
  object space 16384K, 72% used [0x6e7f0000,0x6f38fc98,0x6f7f0000)
Event: 4.260 GC heap after
Heap after GC invocations=1 (full 0):
 PSYoungGen      total 18112K, used 2547K [0x9eff0000, 0xa0420000, 0xb33f0000)
  eden space 15552K, 0% used [0x9eff0000,0x9eff0000,0x9ff20000)
  from space 2560K, 99% used [0x9ff20000,0xa019cf40,0xa01a0000)
  to   space 2560K, 0% used [0xa01a0000,0xa01a0000,0xa0420000)
 ParOldGen       total 41472K, used 1295K [0x767f0000, 0x79070000, 0x9eff0000)
  object space 41472K, 3% used [0x767f0000,0x76933f18,0x79070000)
 PSPermGen       total 16384K, used 11903K [0x6e7f0000, 0x6f7f0000, 0x767f0000)
  object space 16384K, 72% used [0x6e7f0000,0x6f38fc98,0x6f7f0000)
}
Event: 9.734 GC heap before
{Heap before GC invocations=2 (full 0):
 PSYoungGen      total 18112K, used 18099K [0x9eff0000, 0xa0420000, 0xb33f0000)
  eden space 15552K, 100% used [0x9eff0000,0x9ff20000,0x9ff20000)
  from space 2560K, 99% used [0x9ff20000,0xa019cf40,0xa01a0000)
  to   space 2560K, 0% used [0xa01a0000,0xa01a0000,0xa0420000)
 ParOldGen       total 41472K, used 1295K [0x767f0000, 0x79070000, 0x9eff0000)
  object space 41472K, 3% used [0x767f0000,0x76933f18,0x79070000)
 PSPermGen       total 16384K, used 14440K [0x6e7f0000, 0x6f7f0000, 0x767f0000)
  object space 16384K, 88% used [0x6e7f0000,0x6f60a288,0x6f7f0000)
Event: 9.747 GC heap after
Heap after GC invocations=2 (full 0):
 PSYoungGen      total 18112K, used 2549K [0x9eff0000, 0xa0420000, 0xb33f0000)
  eden space 15552K, 0% used [0x9eff0000,0x9eff0000,0x9ff20000)
  from space 2560K, 99% used [0xa01a0000,0xa041d498,0xa0420000)
  to   space 2560K, 0% used [0x9ff20000,0x9ff20000,0xa01a0000)
 ParOldGen       total 41472K, used 4397K [0x767f0000, 0x79070000, 0x9eff0000)
  object space 41472K, 10% used [0x767f0000,0x76c3b428,0x79070000)
 PSPermGen       total 16384K, used 14440K [0x6e7f0000, 0x6f7f0000, 0x767f0000)
  object space 16384K, 88% used [0x6e7f0000,0x6f60a288,0x6f7f0000)
}
Event: 19.186 GC heap before
{Heap before GC invocations=3 (full 0):
 PSYoungGen      total 18112K, used 18101K [0x9eff0000, 0xa0420000, 0xb33f0000)
  eden space 15552K, 100% used [0x9eff0000,0x9ff20000,0x9ff20000)
  from space 2560K, 99% used [0xa01a0000,0xa041d498,0xa0420000)
  to   space 2560K, 0% used [0x9ff20000,0x9ff20000,0xa01a0000)
 ParOldGen       total 41472K, used 4397K [0x767f0000, 0x79070000, 0x9eff0000)
  object space 41472K, 10% used [0x767f0000,0x76c3b428,0x79070000)
 PSPermGen       total 16384K, used 14870K [0x6e7f0000, 0x6f7f0000, 0x767f0000)
  object space 16384K, 90% used [0x6e7f0000,0x6f675ac8,0x6f7f0000)
Event: 19.194 GC heap after
Heap after GC invocations=3 (full 0):
 PSYoungGen      total 18112K, used 2556K [0x9eff0000, 0xa0420000, 0xb33f0000)
  eden space 15552K, 0% used [0x9eff0000,0x9eff0000,0x9ff20000)
  from space 2560K, 99% used [0x9ff20000,0xa019f080,0xa01a0000)
  to   space 2560K, 0% used [0xa01a0000,0xa01a0000,0xa0420000)
 ParOldGen       total 41472K, used 5110K [0x767f0000, 0x79070000, 0x9eff0000)
  object space 41472K, 12% used [0x767f0000,0x76ced9a8,0x79070000)
 PSPermGen       total 16384K, used 14870K [0x6e7f0000, 0x6f7f0000, 0x767f0000)
  object space 16384K, 90% used [0x6e7f0000,0x6f675ac8,0x6f7f0000)
}

Deoptimization events (10 events):
Event: 9.679 Thread 0x67a0b800 Uncommon trap -83 fr.pc 0xb356e15c
Event: 9.706 Thread 0x67a0b800 Uncommon trap -83 fr.pc 0xb352e004
Event: 9.753 Thread 0x6adb8c00 Uncommon trap -83 fr.pc 0xb352e240
Event: 10.069 Thread 0x67a0b800 Uncommon trap -83 fr.pc 0xb3583e4c
Event: 12.077 Thread 0x67a0b800 Uncommon trap -83 fr.pc 0xb35165c0
Event: 12.077 Thread 0x67a0b800 Uncommon trap -83 fr.pc 0xb3530dcc
Event: 12.078 Thread 0x67a0b800 Uncommon trap -83 fr.pc 0xb3552ab4
Event: 12.079 Thread 0x67a0b800 Uncommon trap -42 fr.pc 0xb356e484
Event: 12.434 Thread 0x67a0b800 Uncommon trap -83 fr.pc 0xb358b7d0
Event: 19.124 Thread 0x67a0b800 Uncommon trap 38 fr.pc 0xb3580998

Internal exceptions (10 events):
Event: 13.016 Thread 0x6dd85c00 Threw 0x9f440570 at /build/buildd/openjdk-7-7u21-2.3.9/build/openjdk/hotspot/src/share/vm/prims/jvm.cpp:1166
Event: 13.020 Thread 0x6dd85c00 Threw 0x9f467670 at /build/buildd/openjdk-7-7u21-2.3.9/build/openjdk/hotspot/src/share/vm/prims/jvm.cpp:1166
Event: 13.031 Thread 0x678ca000 Threw 0x9f48e830 at /build/buildd/openjdk-7-7u21-2.3.9/build/openjdk/hotspot/src/share/vm/prims/jvm.cpp:1166
Event: 13.037 Thread 0x678ca000 Threw 0x9f4f90c8 at /build/buildd/openjdk-7-7u21-2.3.9/build/openjdk/hotspot/src/share/vm/prims/jvm.cpp:1166
Event: 13.077 Thread 0x678cf000 Threw 0x9f5db330 at /build/buildd/openjdk-7-7u21-2.3.9/build/openjdk/hotspot/src/share/vm/prims/jvm.cpp:1166
Event: 13.083 Thread 0x678cf000 Threw 0x9f602cf0 at /build/buildd/openjdk-7-7u21-2.3.9/build/openjdk/hotspot/src/share/vm/prims/jvm.cpp:1166
Event: 13.103 Thread 0x6dd59400 Threw 0x9f626e50 at /build/buildd/openjdk-7-7u21-2.3.9/build/openjdk/hotspot/src/share/vm/prims/jvm.cpp:1166
Event: 13.110 Thread 0x6dd59c00 Threw 0x9f674dc8 at /build/buildd/openjdk-7-7u21-2.3.9/build/openjdk/hotspot/src/share/vm/prims/jvm.cpp:1166
Event: 13.419 Thread 0x6dd5a800 Threw 0x9f7dc658 at /build/buildd/openjdk-7-7u21-2.3.9/build/openjdk/hotspot/src/share/vm/prims/jvm.cpp:1166
Event: 13.424 Thread 0x6dd5a800 Threw 0x9f803490 at /build/buildd/openjdk-7-7u21-2.3.9/build/openjdk/hotspot/src/share/vm/prims/jvm.cpp:1166

Events (10 events):
Event: 19.200 Thread 0x6748c400 Thread exited: 0x6748c400
Event: 19.200 Thread 0x6748c400 Thread added: 0x6748c400
Event: 19.202 Thread 0x6748c400 Thread exited: 0x6748c400
Event: 19.202 Thread 0x6748c400 Thread added: 0x6748c400
Event: 19.204 Thread 0x6748c400 Thread exited: 0x6748c400
Event: 19.205 Thread 0x6748c400 Thread added: 0x6748c400
Event: 19.207 Thread 0x6748c400 Thread exited: 0x6748c400
Event: 19.207 Thread 0x6748c400 Thread added: 0x6748c400
Event: 19.209 Thread 0x6748c400 Thread exited: 0x6748c400
Event: 19.212 Thread 0x6adfc800 flushing nmethod 0xb3530b48


Dynamic libraries:
08048000-08049000 r-xp 00000000 08:06 1708580    /usr/lib/jvm/java-7-openjdk-i386/jre/bin/java
08049000-0804a000 r--p 00000000 08:06 1708580    /usr/lib/jvm/java-7-openjdk-i386/jre/bin/java
0804a000-0804b000 rw-p 00001000 08:06 1708580    /usr/lib/jvm/java-7-openjdk-i386/jre/bin/java
09fe6000-0a007000 rw-p 00000000 00:00 0          [heap]
5ed47000-5f100000 rw-s 00000000 00:04 211746828  /SYSV00000000 (deleted)
5f100000-5f129000 rw-p 00000000 00:00 0 
5f129000-5f200000 ---p 00000000 00:00 0 
5f300000-5f3ff000 rw-p 00000000 00:00 0 
5f3ff000-5f400000 ---p 00000000 00:00 0 
5f491000-5f5fb000 r-xp 00000000 08:06 1706644    /usr/lib/i386-linux-gnu/libsamplerate.so.0.1.8
5f5fb000-5f5fc000 r--p 00169000 08:06 1706644    /usr/lib/i386-linux-gnu/libsamplerate.so.0.1.8
5f5fc000-5f5fd000 rw-p 0016a000 08:06 1706644    /usr/lib/i386-linux-gnu/libsamplerate.so.0.1.8
634d3000-634fe000 r-xp 00000000 08:06 1706469    /usr/lib/i386-linux-gnu/liblua5.1.so.0.0.0
634fe000-634ff000 r--p 0002b000 08:06 1706469    /usr/lib/i386-linux-gnu/liblua5.1.so.0.0.0
634ff000-63500000 rw-p 0002c000 08:06 1706469    /usr/lib/i386-linux-gnu/liblua5.1.so.0.0.0
63500000-6352a000 r-xp 00000000 08:06 405608     /usr/lib/vlc/plugins/lua/liblua_plugin.so
6352a000-6352b000 r--p 0002a000 08:06 405608     /usr/lib/vlc/plugins/lua/liblua_plugin.so
6352b000-6352c000 rw-p 0002b000 08:06 405608     /usr/lib/vlc/plugins/lua/liblua_plugin.so
6352c000-63577000 r-xp 00000000 08:06 1703839    /usr/lib/libmodplug.so.1.0.0
63577000-63578000 ---p 0004b000 08:06 1703839    /usr/lib/libmodplug.so.1.0.0
63578000-63579000 r--p 0004b000 08:06 1703839    /usr/lib/libmodplug.so.1.0.0
63579000-6357a000 rw-p 0004c000 08:06 1703839    /usr/lib/libmodplug.so.1.0.0
6357a000-635fe000 rw-p 00000000 00:00 0 
635fe000-635ff000 ---p 00000000 00:00 0 
635ff000-64a00000 rw-p 00000000 00:00 0 
64a00000-64a30000 rw-p 00000000 00:00 0 
64a30000-64b00000 ---p 00000000 00:00 0 
64b22000-64e01000 r-xp 00000000 08:06 1705842    /usr/lib/i386-linux-gnu/libQtCore.so.4.8.4
64e01000-64e08000 r--p 002de000 08:06 1705842    /usr/lib/i386-linux-gnu/libQtCore.so.4.8.4
64e08000-64e09000 rw-p 002e5000 08:06 1705842    /usr/lib/i386-linux-gnu/libQtCore.so.4.8.4
64e09000-64e0a000 rw-p 00000000 00:00 0 
64e0a000-658b2000 r-xp 00000000 08:06 1705851    /usr/lib/i386-linux-gnu/libQtGui.so.4.8.4
658b2000-658d4000 r--p 00aa7000 08:06 1705851    /usr/lib/i386-linux-gnu/libQtGui.so.4.8.4
658d4000-658d8000 rw-p 00ac9000 08:06 1705851    /usr/lib/i386-linux-gnu/libQtGui.so.4.8.4
658d8000-658db000 rw-p 00000000 00:00 0 
658db000-65af0000 r-xp 00000000 08:06 407152     /usr/lib/vlc/plugins/gui/libqt4_plugin.so
65af0000-65af1000 ---p 00215000 08:06 407152     /usr/lib/vlc/plugins/gui/libqt4_plugin.so
65af1000-65afd000 r--p 00215000 08:06 407152     /usr/lib/vlc/plugins/gui/libqt4_plugin.so
65afd000-65aff000 rw-p 00221000 08:06 407152     /usr/lib/vlc/plugins/gui/libqt4_plugin.so
65aff000-65b00000 rw-p 00000000 00:00 0 
65b00000-65bf4000 rw-p 00000000 00:00 0 
65bf4000-65c00000 ---p 00000000 00:00 0 
65c14000-65ccb000 r-xp 00000000 08:06 1706695    /usr/lib/i386-linux-gnu/libtag.so.1.12.0
65ccb000-65ccd000 r--p 000b7000 08:06 1706695    /usr/lib/i386-linux-gnu/libtag.so.1.12.0
65ccd000-65cce000 rw-p 000b9000 08:06 1706695    /usr/lib/i386-linux-gnu/libtag.so.1.12.0
65cce000-65cd4000 r-xp 00000000 08:06 1706531    /usr/lib/i386-linux-gnu/libogg.so.0.8.0
65cd4000-65cd5000 r--p 00005000 08:06 1706531    /usr/lib/i386-linux-gnu/libogg.so.0.8.0
65cd5000-65cd6000 rw-p 00006000 08:06 1706531    /usr/lib/i386-linux-gnu/libogg.so.0.8.0
65cd6000-65cff000 r-xp 00000000 08:06 1706753    /usr/lib/i386-linux-gnu/libvorbis.so.0.4.5
65cff000-65d00000 ---p 00029000 08:06 1706753    /usr/lib/i386-linux-gnu/libvorbis.so.0.4.5
65d00000-65d01000 r--p 00029000 08:06 1706753    /usr/lib/i386-linux-gnu/libvorbis.so.0.4.5
65d01000-65d02000 rw-p 0002a000 08:06 1706753    /usr/lib/i386-linux-gnu/libvorbis.so.0.4.5
65d02000-65e68000 r-xp 00000000 08:06 1706755    /usr/lib/i386-linux-gnu/libvorbisenc.so.2.0.8
65e68000-65e79000 r--p 00165000 08:06 1706755    /usr/lib/i386-linux-gnu/libvorbisenc.so.2.0.8
65e79000-65e7a000 rw-p 00176000 08:06 1706755    /usr/lib/i386-linux-gnu/libvorbisenc.so.2.0.8
65e7a000-65ec8000 r-xp 00000000 08:06 1705817    /usr/lib/i386-linux-gnu/libFLAC.so.8.2.0
65ec8000-65ec9000 r--p 0004e000 08:06 1705817    /usr/lib/i386-linux-gnu/libFLAC.so.8.2.0
65ec9000-65eca000 rw-p 0004f000 08:06 1705817    /usr/lib/i386-linux-gnu/libFLAC.so.8.2.0
65eca000-65ecf000 r-xp 00000000 08:06 1705965    /usr/lib/i386-linux-gnu/libasyncns.so.0.3.1
65ecf000-65ed0000 r--p 00004000 08:06 1705965    /usr/lib/i386-linux-gnu/libasyncns.so.0.3.1
65ed0000-65ed1000 rw-p 00005000 08:06 1705965    /usr/lib/i386-linux-gnu/libasyncns.so.0.3.1
65ed1000-65f3e000 r-xp 00000000 08:06 1706669    /usr/lib/i386-linux-gnu/libsndfile.so.1.0.25
65f3e000-65f40000 r--p 0006c000 08:06 1706669    /usr/lib/i386-linux-gnu/libsndfile.so.1.0.25
65f40000-65f41000 rw-p 0006e000 08:06 1706669    /usr/lib/i386-linux-gnu/libsndfile.so.1.0.25
65f41000-65f45000 rw-p 00000000 00:00 0 
65f45000-65f4d000 r-xp 00000000 08:06 262621     /lib/i386-linux-gnu/libwrap.so.0.7.6
65f4d000-65f4e000 r--p 00007000 08:06 262621     /lib/i386-linux-gnu/libwrap.so.0.7.6
65f4e000-65f4f000 rw-p 00008000 08:06 262621     /lib/i386-linux-gnu/libwrap.so.0.7.6
65f6e000-65f84000 r-xp 00000000 08:06 1720189    /usr/lib/i386-linux-gnu/libmad.so.0.2.1
65f84000-65f85000 r--p 00015000 08:06 1720189    /usr/lib/i386-linux-gnu/libmad.so.0.2.1
65f85000-65f86000 rw-p 00016000 08:06 1720189    /usr/lib/i386-linux-gnu/libmad.so.0.2.1
65f86000-65f90000 r-xp 00000000 08:06 1720240    /usr/lib/liba52-0.7.4.so
65f90000-65f91000 r--p 00009000 08:06 1720240    /usr/lib/liba52-0.7.4.so
65f91000-65f92000 rw-p 0000a000 08:06 1720240    /usr/lib/liba52-0.7.4.so
65f92000-65f93000 rw-p 00000000 00:00 0 
65f93000-65fb8000 r-xp 00000000 08:06 1703665    /usr/lib/libdca.so.0.0.0
65fb8000-65fb9000 r--p 00024000 08:06 1703665    /usr/lib/libdca.so.0.0.0
65fb9000-65fba000 rw-p 00025000 08:06 1703665    /usr/lib/libdca.so.0.0.0
65fba000-65fbb000 ---p 00000000 00:00 0 
65fbb000-6603b000 rw-p 00000000 00:00 0 
6603b000-660c9000 r-xp 00000000 08:06 1706537    /usr/lib/i386-linux-gnu/liborc-0.4.so.0.17.0
660c9000-660ca000 r--p 0008e000 08:06 1706537    /usr/lib/i386-linux-gnu/liborc-0.4.so.0.17.0
660ca000-660ce000 rw-p 0008f000 08:06 1706537    /usr/lib/i386-linux-gnu/liborc-0.4.so.0.17.0
660ce000-66137000 r-xp 00000000 08:06 1708139    /usr/lib/i386-linux-gnu/pulseaudio/libpulsecommon-3.0.so
66137000-66138000 r--p 00068000 08:06 1708139    /usr/lib/i386-linux-gnu/pulseaudio/libpulsecommon-3.0.so
66138000-66139000 rw-p 00069000 08:06 1708139    /usr/lib/i386-linux-gnu/pulseaudio/libpulsecommon-3.0.so
66142000-66145000 ---p 00000000 00:00 0 
66145000-66193000 rw-p 00000000 00:00 0          [stack:25418]
66193000-66194000 ---p 00000000 00:00 0 
66194000-66214000 rw-p 00000000 00:00 0          [stack:25417]
66214000-66260000 r-xp 00000000 08:06 1706602    /usr/lib/i386-linux-gnu/libpulse.so.0.15.3
66260000-66261000 ---p 0004c000 08:06 1706602    /usr/lib/i386-linux-gnu/libpulse.so.0.15.3
66261000-66262000 r--p 0004c000 08:06 1706602    /usr/lib/i386-linux-gnu/libpulse.so.0.15.3
66262000-66263000 rw-p 0004d000 08:06 1706602    /usr/lib/i386-linux-gnu/libpulse.so.0.15.3
66267000-662a3000 r-xp 00000000 08:06 1706135    /usr/lib/i386-linux-gnu/libfaad.so.2.0.0
662a3000-662a4000 ---p 0003c000 08:06 1706135    /usr/lib/i386-linux-gnu/libfaad.so.2.0.0
662a4000-662a5000 r--p 0003c000 08:06 1706135    /usr/lib/i386-linux-gnu/libfaad.so.2.0.0
662a5000-662a8000 rw-p 0003d000 08:06 1706135    /usr/lib/i386-linux-gnu/libfaad.so.2.0.0
662a8000-66395000 r-xp 00000000 08:06 1771845    /usr/lib/i386-linux-gnu/libasound.so.2.0.0
66395000-66399000 r--p 000ec000 08:06 1771845    /usr/lib/i386-linux-gnu/libasound.so.2.0.0
66399000-6639a000 rw-p 000f0000 08:06 1771845    /usr/lib/i386-linux-gnu/libasound.so.2.0.0
663af000-663b1000 r-xp 00000000 08:06 280628     /usr/lib/vlc/plugins/demux/libnsc_plugin.so
663b1000-663b2000 r--p 00001000 08:06 280628     /usr/lib/vlc/plugins/demux/libnsc_plugin.so
663b2000-663b3000 rw-p 00002000 08:06 280628     /usr/lib/vlc/plugins/demux/libnsc_plugin.so
663b3000-6640b000 r-xp 00000000 08:06 1722219    /usr/lib/i386-linux-gnu/libXt.so.6.0.0
6640b000-6640c000 r--p 00058000 08:06 1722219    /usr/lib/i386-linux-gnu/libXt.so.6.0.0
6640c000-6640f000 rw-p 00059000 08:06 1722219    /usr/lib/i386-linux-gnu/libXt.so.6.0.0
6640f000-66425000 r-xp 00000000 08:06 1705827    /usr/lib/i386-linux-gnu/libICE.so.6.3.0
66425000-66426000 r--p 00015000 08:06 1705827    /usr/lib/i386-linux-gnu/libICE.so.6.3.0
66426000-66427000 rw-p 00016000 08:06 1705827    /usr/lib/i386-linux-gnu/libICE.so.6.3.0
66427000-66429000 rw-p 00000000 00:00 0 
66429000-6646c000 r-xp 00000000 08:06 1706494    /usr/lib/i386-linux-gnu/libmtp.so.9.0.5
6646c000-6646f000 r--p 00043000 08:06 1706494    /usr/lib/i386-linux-gnu/libmtp.so.9.0.5
6646f000-66476000 rw-p 00046000 08:06 1706494    /usr/lib/i386-linux-gnu/libmtp.so.9.0.5
66476000-664fc000 r-xp 00000000 08:06 1720486    /usr/lib/i386-linux-gnu/libdirac_encoder.so.0.1.0
664fc000-664fe000 r--p 00085000 08:06 1720486    /usr/lib/i386-linux-gnu/libdirac_encoder.so.0.1.0
664fe000-664ff000 rw-p 00087000 08:06 1720486    /usr/lib/i386-linux-gnu/libdirac_encoder.so.0.1.0
664ff000-66500000 rw-p 00000000 00:00 0 
66500000-66579000 rw-p 00000000 00:00 0 
66579000-66600000 ---p 00000000 00:00 0 
66601000-66603000 r-xp 00000000 08:06 280611     /usr/lib/vlc/plugins/demux/libdemux_cdg_plugin.so
66603000-66604000 r--p 00001000 08:06 280611     /usr/lib/vlc/plugins/demux/libdemux_cdg_plugin.so
66604000-66605000 rw-p 00002000 08:06 280611     /usr/lib/vlc/plugins/demux/libdemux_cdg_plugin.so
66605000-666fa000 r-xp 00000000 08:06 1720541    /usr/lib/libvlccore.so.5.1.1
666fa000-666ff000 r--p 000f5000 08:06 1720541    /usr/lib/libvlccore.so.5.1.1
666ff000-66700000 rw-p 000fa000 08:06 1720541    /usr/lib/libvlccore.so.5.1.1
66700000-66800000 rw-p 00000000 00:00 0 
66800000-668e2000 rw-p 00000000 00:00 0 
668e2000-66900000 ---p 00000000 00:00 0 
66900000-669f9000 rw-p 00000000 00:00 0 
669f9000-66a00000 ---p 00000000 00:00 0 
66a00000-66afd000 rw-p 00000000 00:00 0 
66afd000-66b00000 ---p 00000000 00:00 0 
66b00000-66c00000 rw-p 00000000 00:00 0 
66c00000-66c02000 r-xp 00000000 08:06 280631     /usr/lib/vlc/plugins/demux/librawdv_plugin.so
66c02000-66c03000 r--p 00001000 08:06 280631     /usr/lib/vlc/plugins/demux/librawdv_plugin.so
66c03000-66c04000 rw-p 00002000 08:06 280631     /usr/lib/vlc/plugins/demux/librawdv_plugin.so
66c04000-66c18000 r-xp 00000000 08:06 1441576    /tmp/jna-gene/jna7862153141815340227.tmp (deleted)
66c18000-66c19000 rw-p 00014000 08:06 1441576    /tmp/jna-gene/jna7862153141815340227.tmp (deleted)
66c1b000-66c23000 r-xp 00000000 08:06 262510     /lib/i386-linux-gnu/libjson.so.0.1.0
66c23000-66c24000 r--p 00007000 08:06 262510     /lib/i386-linux-gnu/libjson.so.0.1.0
66c24000-66c25000 rw-p 00008000 08:06 262510     /lib/i386-linux-gnu/libjson.so.0.1.0
66c26000-66c29000 r-xp 00000000 08:06 280615     /usr/lib/vlc/plugins/demux/libmjpeg_plugin.so
66c29000-66c2a000 r--p 00002000 08:06 280615     /usr/lib/vlc/plugins/demux/libmjpeg_plugin.so
66c2a000-66c2b000 rw-p 00003000 08:06 280615     /usr/lib/vlc/plugins/demux/libmjpeg_plugin.so
66c2b000-66c2d000 r-xp 00000000 08:06 280629     /usr/lib/vlc/plugins/demux/libmpgv_plugin.so
66c2d000-66c2e000 r--p 00001000 08:06 280629     /usr/lib/vlc/plugins/demux/libmpgv_plugin.so
66c2e000-66c2f000 rw-p 00002000 08:06 280629     /usr/lib/vlc/plugins/demux/libmpgv_plugin.so
66c2f000-66c33000 r-xp 00000000 08:06 262619     /lib/i386-linux-gnu/libuuid.so.1.3.0
66c33000-66c34000 r--p 00003000 08:06 262619     /lib/i386-linux-gnu/libuuid.so.1.3.0
66c34000-66c35000 rw-p 00004000 08:06 262619     /lib/i386-linux-gnu/libuuid.so.1.3.0
66c35000-66c3c000 r-xp 00000000 08:06 1705877    /usr/lib/i386-linux-gnu/libSM.so.6.0.1
66c3c000-66c3d000 r--p 00006000 08:06 1705877    /usr/lib/i386-linux-gnu/libSM.so.6.0.1
66c3d000-66c3e000 rw-p 00007000 08:06 1705877    /usr/lib/i386-linux-gnu/libSM.so.6.0.1
66c3e000-66c55000 r-xp 00000000 08:06 1705975    /usr/lib/i386-linux-gnu/libaudio.so.2.4
66c55000-66c56000 r--p 00016000 08:06 1705975    /usr/lib/i386-linux-gnu/libaudio.so.2.4
66c56000-66c57000 rw-p 00017000 08:06 1705975    /usr/lib/i386-linux-gnu/libaudio.so.2.4
66c57000-66c68000 r-xp 00000000 08:06 262615     /lib/i386-linux-gnu/libusb-1.0.so.0.1.0
66c68000-66c69000 r--p 00010000 08:06 262615     /lib/i386-linux-gnu/libusb-1.0.so.0.1.0
66c69000-66c6a000 rw-p 00011000 08:06 262615     /lib/i386-linux-gnu/libusb-1.0.so.0.1.0
66c6c000-66c6e000 r-xp 00000000 08:06 405491     /usr/lib/vlc/plugins/audio_filter/libsamplerate_plugin.so
66c6e000-66c6f000 r--p 00001000 08:06 405491     /usr/lib/vlc/plugins/audio_filter/libsamplerate_plugin.so
66c6f000-66c70000 rw-p 00002000 08:06 405491     /usr/lib/vlc/plugins/audio_filter/libsamplerate_plugin.so
66c70000-66c72000 r-xp 00000000 08:06 280658     /usr/lib/vlc/plugins/misc/libinhibit_plugin.so
66c72000-66c73000 r--p 00001000 08:06 280658     /usr/lib/vlc/plugins/misc/libinhibit_plugin.so
66c73000-66c74000 rw-p 00002000 08:06 280658     /usr/lib/vlc/plugins/misc/libinhibit_plugin.so
66c74000-66c7a000 r-xp 00000000 08:06 405627     /usr/lib/vlc/plugins/control/libhotkeys_plugin.so
66c7a000-66c7b000 r--p 00005000 08:06 405627     /usr/lib/vlc/plugins/control/libhotkeys_plugin.so
66c7b000-66c7c000 rw-p 00006000 08:06 405627     /usr/lib/vlc/plugins/control/libhotkeys_plugin.so
66c7c000-66c81000 r-xp 00000000 08:06 405519     /usr/lib/vlc/plugins/audio_output/libalsa_plugin.so
66c81000-66c82000 r--p 00004000 08:06 405519     /usr/lib/vlc/plugins/audio_output/libalsa_plugin.so
66c82000-66c83000 rw-p 00005000 08:06 405519     /usr/lib/vlc/plugins/audio_output/libalsa_plugin.so
66c83000-66c9d000 r-xp 00000000 08:06 1720543    /usr/lib/libvlc.so.5.3.2
66c9d000-66c9e000 r--p 00019000 08:06 1720543    /usr/lib/libvlc.so.5.3.2
66c9e000-66c9f000 rw-p 0001a000 08:06 1720543    /usr/lib/libvlc.so.5.3.2
66c9f000-66ca2000 ---p 00000000 00:00 0 
66ca2000-66cf0000 rw-p 00000000 00:00 0 
66cf3000-66cf5000 r-xp 00000000 08:06 405501     /usr/lib/vlc/plugins/audio_filter/libmpgatofixed32_plugin.so
66cf5000-66cf6000 r--p 00001000 08:06 405501     /usr/lib/vlc/plugins/audio_filter/libmpgatofixed32_plugin.so
66cf6000-66cf7000 rw-p 00002000 08:06 405501     /usr/lib/vlc/plugins/audio_filter/libmpgatofixed32_plugin.so
66cf7000-66cf9000 r-xp 00000000 08:06 405496     /usr/lib/vlc/plugins/audio_filter/liba52tofloat32_plugin.so
66cf9000-66cfa000 r--p 00001000 08:06 405496     /usr/lib/vlc/plugins/audio_filter/liba52tofloat32_plugin.so
66cfa000-66cfb000 rw-p 00002000 08:06 405496     /usr/lib/vlc/plugins/audio_filter/liba52tofloat32_plugin.so
66cfb000-66d38000 r-xp 00000000 08:06 1706535    /usr/lib/i386-linux-gnu/libopus.so.0.2.0
66d38000-66d39000 r--p 0003c000 08:06 1706535    /usr/lib/i386-linux-gnu/libopus.so.0.2.0
66d39000-66d3a000 rw-p 0003d000 08:06 1706535    /usr/lib/i386-linux-gnu/libopus.so.0.2.0
66d3b000-66d3d000 r-xp 00000000 08:06 405511     /usr/lib/vlc/plugins/audio_filter/libdtstofloat32_plugin.so
66d3d000-66d3e000 r--p 00001000 08:06 405511     /usr/lib/vlc/plugins/audio_filter/libdtstofloat32_plugin.so
66d3e000-66d3f000 rw-p 00002000 08:06 405511     /usr/lib/vlc/plugins/audio_filter/libdtstofloat32_plugin.so
66d3f000-66d42000 r-xp 00000000 08:06 405510     /usr/lib/vlc/plugins/audio_filter/libscaletempo_plugin.so
66d42000-66d43000 r--p 00002000 08:06 405510     /usr/lib/vlc/plugins/audio_filter/libscaletempo_plugin.so
66d43000-66d44000 rw-p 00003000 08:06 405510     /usr/lib/vlc/plugins/audio_filter/libscaletempo_plugin.so
66d44000-66d51000 r-xp 00000000 08:06 405488     /usr/lib/vlc/plugins/meta_engine/libtaglib_plugin.so
66d51000-66d52000 r--p 0000c000 08:06 405488     /usr/lib/vlc/plugins/meta_engine/libtaglib_plugin.so
66d52000-66d53000 rw-p 0000d000 08:06 405488     /usr/lib/vlc/plugins/meta_engine/libtaglib_plugin.so
66d53000-66e20000 r-xp 00000000 08:06 1706653    /usr/lib/i386-linux-gnu/libschroedinger-1.0.so.0.11.0
66e20000-66e22000 r--p 000cc000 08:06 1706653    /usr/lib/i386-linux-gnu/libschroedinger-1.0.so.0.11.0
66e22000-66e23000 rw-p 000ce000 08:06 1706653    /usr/lib/i386-linux-gnu/libschroedinger-1.0.so.0.11.0
66e25000-66e26000 r-xp 00000000 08:06 405592     /usr/lib/vlc/plugins/audio_mixer/libfloat32_mixer_plugin.so
66e26000-66e27000 r--p 00000000 08:06 405592     /usr/lib/vlc/plugins/audio_mixer/libfloat32_mixer_plugin.so
66e27000-66e28000 rw-p 00001000 08:06 405592     /usr/lib/vlc/plugins/audio_mixer/libfloat32_mixer_plugin.so
66e28000-66e2f000 r-xp 00000000 08:06 407155     /usr/lib/vlc/plugins/audio_output/libpulse_plugin.so
66e2f000-66e30000 r--p 00006000 08:06 407155     /usr/lib/vlc/plugins/audio_output/libpulse_plugin.so
66e30000-66e31000 rw-p 00007000 08:06 407155     /usr/lib/vlc/plugins/audio_output/libpulse_plugin.so
66e31000-66e34000 r-xp 00000000 08:06 405456     /usr/lib/vlc/plugins/codec/libfaad_plugin.so
66e34000-66e35000 r--p 00002000 08:06 405456     /usr/lib/vlc/plugins/codec/libfaad_plugin.so
66e35000-66e36000 rw-p 00003000 08:06 405456     /usr/lib/vlc/plugins/codec/libfaad_plugin.so
66e36000-66e3a000 r-xp 00000000 08:06 405477     /usr/lib/vlc/plugins/codec/libopus_plugin.so
66e3a000-66e3b000 r--p 00003000 08:06 405477     /usr/lib/vlc/plugins/codec/libopus_plugin.so
66e3b000-66e3c000 rw-p 00004000 08:06 405477     /usr/lib/vlc/plugins/codec/libopus_plugin.so
66e3c000-66e45000 r-xp 00000000 08:06 405450     /usr/lib/vlc/plugins/codec/libschroedinger_plugin.so
66e45000-66e46000 r--p 00008000 08:06 405450     /usr/lib/vlc/plugins/codec/libschroedinger_plugin.so
66e46000-66e47000 rw-p 00009000 08:06 405450     /usr/lib/vlc/plugins/codec/libschroedinger_plugin.so
66e47000-66e4a000 r-xp 00000000 08:06 405482     /usr/lib/vlc/plugins/codec/libcdg_plugin.so
66e4a000-66e4b000 r--p 00002000 08:06 405482     /usr/lib/vlc/plugins/codec/libcdg_plugin.so
66e4b000-66e4c000 rw-p 00003000 08:06 405482     /usr/lib/vlc/plugins/codec/libcdg_plugin.so
66e4c000-66e4e000 r-xp 00000000 08:06 405481     /usr/lib/vlc/plugins/codec/libpng_plugin.so
66e4e000-66e4f000 r--p 00001000 08:06 405481     /usr/lib/vlc/plugins/codec/libpng_plugin.so
66e4f000-66e50000 rw-p 00002000 08:06 405481     /usr/lib/vlc/plugins/codec/libpng_plugin.so
66e50000-66e53000 r-xp 00000000 08:06 405449     /usr/lib/vlc/plugins/codec/libmpeg_audio_plugin.so
66e53000-66e54000 r--p 00002000 08:06 405449     /usr/lib/vlc/plugins/codec/libmpeg_audio_plugin.so
66e54000-66e55000 rw-p 00003000 08:06 405449     /usr/lib/vlc/plugins/codec/libmpeg_audio_plugin.so
66e55000-66e58000 r-xp 00000000 08:06 405473     /usr/lib/vlc/plugins/codec/libsvcdsub_plugin.so
66e58000-66e59000 r--p 00002000 08:06 405473     /usr/lib/vlc/plugins/codec/libsvcdsub_plugin.so
66e59000-66e5a000 rw-p 00003000 08:06 405473     /usr/lib/vlc/plugins/codec/libsvcdsub_plugin.so
66e5a000-66e5d000 r-xp 00000000 08:06 405455     /usr/lib/vlc/plugins/codec/libcvdsub_plugin.so
66e5d000-66e5e000 r--p 00002000 08:06 405455     /usr/lib/vlc/plugins/codec/libcvdsub_plugin.so
66e5e000-66e5f000 rw-p 00003000 08:06 405455     /usr/lib/vlc/plugins/codec/libcvdsub_plugin.so
66e5f000-66e62000 r-xp 00000000 08:06 405458     /usr/lib/vlc/plugins/codec/libspudec_plugin.so
66e62000-66e63000 r--p 00003000 08:06 405458     /usr/lib/vlc/plugins/codec/libspudec_plugin.so
66e63000-66e64000 rw-p 00004000 08:06 405458     /usr/lib/vlc/plugins/codec/libspudec_plugin.so
66e64000-66e68000 r-xp 00000000 08:06 405634     /usr/lib/vlc/plugins/packetizer/libpacketizer_flac_plugin.so
66e68000-66e69000 r--p 00003000 08:06 405634     /usr/lib/vlc/plugins/packetizer/libpacketizer_flac_plugin.so
66e69000-66e6a000 rw-p 00004000 08:06 405634     /usr/lib/vlc/plugins/packetizer/libpacketizer_flac_plugin.so
66e6a000-66e6f000 r-xp 00000000 08:06 405638     /usr/lib/vlc/plugins/packetizer/libpacketizer_mpegvideo_plugin.so
66e6f000-66e70000 r--p 00004000 08:06 405638     /usr/lib/vlc/plugins/packetizer/libpacketizer_mpegvideo_plugin.so
66e70000-66e71000 rw-p 00005000 08:06 405638     /usr/lib/vlc/plugins/packetizer/libpacketizer_mpegvideo_plugin.so
66e71000-66e80000 r-xp 00000000 08:06 405635     /usr/lib/vlc/plugins/packetizer/libpacketizer_h264_plugin.so
66e80000-66e81000 r--p 0000e000 08:06 405635     /usr/lib/vlc/plugins/packetizer/libpacketizer_h264_plugin.so
66e81000-66e82000 rw-p 0000f000 08:06 405635     /usr/lib/vlc/plugins/packetizer/libpacketizer_h264_plugin.so
66e82000-66e86000 r-xp 00000000 08:06 405636     /usr/lib/vlc/plugins/packetizer/libpacketizer_mlp_plugin.so
66e86000-66e87000 r--p 00003000 08:06 405636     /usr/lib/vlc/plugins/packetizer/libpacketizer_mlp_plugin.so
66e87000-66e88000 rw-p 00004000 08:06 405636     /usr/lib/vlc/plugins/packetizer/libpacketizer_mlp_plugin.so
66e88000-66ea3000 r-xp 00000000 08:06 1706713    /usr/lib/i386-linux-gnu/libtheoradec.so.1.1.4
66ea3000-66ea4000 r--p 0001a000 08:06 1706713    /usr/lib/i386-linux-gnu/libtheoradec.so.1.1.4
66ea4000-66ea5000 rw-p 0001b000 08:06 1706713    /usr/lib/i386-linux-gnu/libtheoradec.so.1.1.4
66ea5000-66eea000 r-xp 00000000 08:06 1706715    /usr/lib/i386-linux-gnu/libtheoraenc.so.1.1.2
66eea000-66eeb000 r--p 00044000 08:06 1706715    /usr/lib/i386-linux-gnu/libtheoraenc.so.1.1.2
66eeb000-66eec000 rw-p 00045000 08:06 1706715    /usr/lib/i386-linux-gnu/libtheoraenc.so.1.1.2
66eec000-66ef1000 r-xp 00000000 08:06 405637     /usr/lib/vlc/plugins/packetizer/libpacketizer_mpeg4video_plugin.so
66ef1000-66ef2000 r--p 00004000 08:06 405637     /usr/lib/vlc/plugins/packetizer/libpacketizer_mpeg4video_plugin.so
66ef2000-66ef3000 rw-p 00005000 08:06 405637     /usr/lib/vlc/plugins/packetizer/libpacketizer_mpeg4video_plugin.so
66ef3000-66ef9000 r-xp 00000000 08:06 405640     /usr/lib/vlc/plugins/packetizer/libpacketizer_mpeg4audio_plugin.so
66ef9000-66efa000 r--p 00005000 08:06 405640     /usr/lib/vlc/plugins/packetizer/libpacketizer_mpeg4audio_plugin.so
66efa000-66efb000 rw-p 00006000 08:06 405640     /usr/lib/vlc/plugins/packetizer/libpacketizer_mpeg4audio_plugin.so
66efb000-66f03000 r-xp 00000000 08:06 405633     /usr/lib/vlc/plugins/packetizer/libpacketizer_vc1_plugin.so
66f03000-66f04000 r--p 00007000 08:06 405633     /usr/lib/vlc/plugins/packetizer/libpacketizer_vc1_plugin.so
66f04000-66f05000 rw-p 00008000 08:06 405633     /usr/lib/vlc/plugins/packetizer/libpacketizer_vc1_plugin.so
66f05000-66f24000 r-xp 00000000 08:06 1708460    /usr/lib/i386-linux-gnu/sse2/libspeex.so.1.5.0
66f24000-66f25000 r--p 0001e000 08:06 1708460    /usr/lib/i386-linux-gnu/sse2/libspeex.so.1.5.0
66f25000-66f26000 rw-p 0001f000 08:06 1708460    /usr/lib/i386-linux-gnu/sse2/libspeex.so.1.5.0
66f28000-66f2d000 r-xp 00000000 08:06 405641     /usr/lib/vlc/plugins/packetizer/libpacketizer_dirac_plugin.so
66f2d000-66f2e000 r--p 00005000 08:06 405641     /usr/lib/vlc/plugins/packetizer/libpacketizer_dirac_plugin.so
66f2e000-66f2f000 rw-p 00006000 08:06 405641     /usr/lib/vlc/plugins/packetizer/libpacketizer_dirac_plugin.so
66f2f000-66f35000 r-xp 00000000 08:06 405451     /usr/lib/vlc/plugins/codec/libtheora_plugin.so
66f35000-66f36000 r--p 00005000 08:06 405451     /usr/lib/vlc/plugins/codec/libtheora_plugin.so
66f36000-66f37000 rw-p 00006000 08:06 405451     /usr/lib/vlc/plugins/codec/libtheora_plugin.so
66f37000-66f3d000 r-xp 00000000 08:06 405479     /usr/lib/vlc/plugins/codec/libvorbis_plugin.so
66f3d000-66f3e000 r--p 00005000 08:06 405479     /usr/lib/vlc/plugins/codec/libvorbis_plugin.so
66f3e000-66f3f000 rw-p 00006000 08:06 405479     /usr/lib/vlc/plugins/codec/libvorbis_plugin.so
66f3f000-66f45000 r-xp 00000000 08:06 405478     /usr/lib/vlc/plugins/codec/libspeex_plugin.so
66f45000-66f46000 r--p 00005000 08:06 405478     /usr/lib/vlc/plugins/codec/libspeex_plugin.so
66f46000-66f47000 rw-p 00006000 08:06 405478     /usr/lib/vlc/plugins/codec/libspeex_plugin.so
66f47000-66f49000 r-xp 00000000 08:06 405483     /usr/lib/vlc/plugins/codec/libaes3_plugin.so
66f49000-66f4a000 r--p 00001000 08:06 405483     /usr/lib/vlc/plugins/codec/libaes3_plugin.so
66f4a000-66f4b000 rw-p 00002000 08:06 405483     /usr/lib/vlc/plugins/codec/libaes3_plugin.so
66f4b000-66f4d000 r-xp 00000000 08:06 405480     /usr/lib/vlc/plugins/codec/librawvideo_plugin.so
66f4d000-66f4e000 r--p 00001000 08:06 405480     /usr/lib/vlc/plugins/codec/librawvideo_plugin.so
66f4e000-66f4f000 rw-p 00002000 08:06 405480     /usr/lib/vlc/plugins/codec/librawvideo_plugin.so
66f4f000-66f53000 r-xp 00000000 08:06 405462     /usr/lib/vlc/plugins/codec/liblpcm_plugin.so
66f53000-66f54000 r--p 00003000 08:06 405462     /usr/lib/vlc/plugins/codec/liblpcm_plugin.so
66f54000-66f55000 rw-p 00004000 08:06 405462     /usr/lib/vlc/plugins/codec/liblpcm_plugin.so
66f55000-66f5a000 r-xp 00000000 08:06 280640     /usr/lib/vlc/plugins/demux/libes_plugin.so
66f5a000-66f5b000 r--p 00004000 08:06 280640     /usr/lib/vlc/plugins/demux/libes_plugin.so
66f5b000-66f5c000 rw-p 00005000 08:06 280640     /usr/lib/vlc/plugins/demux/libes_plugin.so
66f5c000-66f60000 r-xp 00000000 08:06 280647     /usr/lib/vlc/plugins/demux/libflacsys_plugin.so
66f60000-66f61000 r--p 00004000 08:06 280647     /usr/lib/vlc/plugins/demux/libflacsys_plugin.so
66f61000-66f62000 rw-p 00005000 08:06 280647     /usr/lib/vlc/plugins/demux/libflacsys_plugin.so
66f65000-66f77000 r-xp 00000000 08:06 1720553    /usr/lib/libdvbpsi.so.7.0.0
66f77000-66f78000 r--p 00011000 08:06 1720553    /usr/lib/libdvbpsi.so.7.0.0
66f78000-66f79000 rw-p 00012000 08:06 1720553    /usr/lib/libdvbpsi.so.7.0.0
66f79000-66f81000 r-xp 00000000 08:06 280637     /usr/lib/vlc/plugins/demux/libty_plugin.so
66f81000-66f82000 r--p 00007000 08:06 280637     /usr/lib/vlc/plugins/demux/libty_plugin.so
66f82000-66f83000 rw-p 00008000 08:06 280637     /usr/lib/vlc/plugins/demux/libty_plugin.so
66f83000-66f8b000 r-xp 00000000 08:06 280651     /usr/lib/vlc/plugins/demux/libps_plugin.so
66f8b000-66f8c000 r--p 00007000 08:06 280651     /usr/lib/vlc/plugins/demux/libps_plugin.so
66f8c000-66f8d000 rw-p 00008000 08:06 280651     /usr/lib/vlc/plugins/demux/libps_plugin.so
66f8d000-66f90000 r-xp 00000000 08:06 280643     /usr/lib/vlc/plugins/demux/librawvid_plugin.so
66f90000-66f91000 r--p 00002000 08:06 280643     /usr/lib/vlc/plugins/demux/librawvid_plugin.so
66f91000-66f92000 rw-p 00003000 08:06 280643     /usr/lib/vlc/plugins/demux/librawvid_plugin.so
66f92000-66fa7000 r-xp 00000000 08:06 280622     /usr/lib/vlc/plugins/demux/libts_plugin.so
66fa7000-66fa8000 r--p 00014000 08:06 280622     /usr/lib/vlc/plugins/demux/libts_plugin.so
66fa8000-66fa9000 rw-p 00015000 08:06 280622     /usr/lib/vlc/plugins/demux/libts_plugin.so
66fa9000-66fab000 r-xp 00000000 08:06 280612     /usr/lib/vlc/plugins/demux/libau_plugin.so
66fab000-66fac000 r--p 00001000 08:06 280612     /usr/lib/vlc/plugins/demux/libau_plugin.so
66fac000-66fad000 rw-p 00002000 08:06 280612     /usr/lib/vlc/plugins/demux/libau_plugin.so
66fad000-66fb2000 r-xp 00000000 08:06 280642     /usr/lib/vlc/plugins/demux/libmod_plugin.so
66fb2000-66fb3000 r--p 00004000 08:06 280642     /usr/lib/vlc/plugins/demux/libmod_plugin.so
66fb3000-66fb4000 rw-p 00005000 08:06 280642     /usr/lib/vlc/plugins/demux/libmod_plugin.so
66fb4000-66fb7000 r-xp 00000000 08:06 280627     /usr/lib/vlc/plugins/demux/libpva_plugin.so
66fb7000-66fb8000 r--p 00002000 08:06 280627     /usr/lib/vlc/plugins/demux/libpva_plugin.so
66fb8000-66fb9000 rw-p 00003000 08:06 280627     /usr/lib/vlc/plugins/demux/libpva_plugin.so
66fb9000-66fbd000 r-xp 00000000 08:06 280634     /usr/lib/vlc/plugins/demux/libimage_plugin.so
66fbd000-66fbe000 r--p 00003000 08:06 280634     /usr/lib/vlc/plugins/demux/libimage_plugin.so
66fbe000-66fbf000 rw-p 00004000 08:06 280634     /usr/lib/vlc/plugins/demux/libimage_plugin.so
66fbf000-66fc2000 r-xp 00000000 08:06 280630     /usr/lib/vlc/plugins/demux/libnsv_plugin.so
66fc2000-66fc3000 r--p 00002000 08:06 280630     /usr/lib/vlc/plugins/demux/libnsv_plugin.so
66fc3000-66fc4000 rw-p 00003000 08:06 280630     /usr/lib/vlc/plugins/demux/libnsv_plugin.so
66fc4000-66fd9000 r-xp 00000000 08:06 280613     /usr/lib/vlc/plugins/demux/libplaylist_plugin.so
66fd9000-66fda000 r--p 00014000 08:06 280613     /usr/lib/vlc/plugins/demux/libplaylist_plugin.so
66fda000-66fdb000 rw-p 00015000 08:06 280613     /usr/lib/vlc/plugins/demux/libplaylist_plugin.so
66fdb000-67039000 r-xp 00000000 08:06 280623     /usr/lib/vlc/plugins/demux/liblive555_plugin.so
67039000-6703a000 ---p 0005e000 08:06 280623     /usr/lib/vlc/plugins/demux/liblive555_plugin.so
6703a000-6703d000 r--p 0005e000 08:06 280623     /usr/lib/vlc/plugins/demux/liblive555_plugin.so
6703d000-67042000 rw-p 00061000 08:06 280623     /usr/lib/vlc/plugins/demux/liblive555_plugin.so
67042000-67043000 rw-p 00000000 00:00 0 
67043000-67061000 r-xp 00000000 08:06 1720529    /usr/lib/i386-linux-gnu/libebml.so.3
67061000-67062000 r--p 0001d000 08:06 1720529    /usr/lib/i386-linux-gnu/libebml.so.3
67062000-67063000 rw-p 0001e000 08:06 1720529    /usr/lib/i386-linux-gnu/libebml.so.3
67063000-67064000 rw-p 00000000 00:00 0 
67064000-670e9000 r-xp 00000000 08:06 1720530    /usr/lib/i386-linux-gnu/libmatroska.so.5
670e9000-670ef000 r--p 00085000 08:06 1720530    /usr/lib/i386-linux-gnu/libmatroska.so.5
670ef000-670f0000 rw-p 0008b000 08:06 1720530    /usr/lib/i386-linux-gnu/libmatroska.so.5
670f0000-670f2000 rw-p 00000000 00:00 0 
670f2000-670f4000 r-xp 00000000 08:06 280616     /usr/lib/vlc/plugins/demux/libaiff_plugin.so
670f4000-670f5000 r--p 00001000 08:06 280616     /usr/lib/vlc/plugins/demux/libaiff_plugin.so
670f5000-670f6000 rw-p 00002000 08:06 280616     /usr/lib/vlc/plugins/demux/libaiff_plugin.so
670f6000-67109000 r-xp 00000000 08:06 280625     /usr/lib/vlc/plugins/demux/libogg_plugin.so
67109000-6710a000 r--p 00012000 08:06 280625     /usr/lib/vlc/plugins/demux/libogg_plugin.so
6710a000-6710b000 rw-p 00013000 08:06 280625     /usr/lib/vlc/plugins/demux/libogg_plugin.so
6710b000-6714e000 r-xp 00000000 08:06 280645     /usr/lib/vlc/plugins/demux/libmkv_plugin.so
6714e000-67150000 r--p 00042000 08:06 280645     /usr/lib/vlc/plugins/demux/libmkv_plugin.so
67150000-67151000 rw-p 00044000 08:06 280645     /usr/lib/vlc/plugins/demux/libmkv_plugin.so
67151000-6715d000 r-xp 00000000 08:06 1720560    /usr/lib/libresid-builder.so.0.0.1
6715d000-6715e000 r--p 0000b000 08:06 1720560    /usr/lib/libresid-builder.so.0.0.1
6715e000-6717f000 rw-p 0000c000 08:06 1720560    /usr/lib/libresid-builder.so.0.0.1
6717f000-671b7000 r-xp 00000000 08:06 1720563    /usr/lib/libsidplay2.so.1.0.1
671b7000-671b8000 ---p 00038000 08:06 1720563    /usr/lib/libsidplay2.so.1.0.1
671b8000-671b9000 r--p 00038000 08:06 1720563    /usr/lib/libsidplay2.so.1.0.1
671b9000-671ba000 rw-p 00039000 08:06 1720563    /usr/lib/libsidplay2.so.1.0.1
671bb000-671bd000 r-xp 00000000 08:06 280648     /usr/lib/vlc/plugins/demux/libxa_plugin.so
671bd000-671be000 r--p 00001000 08:06 280648     /usr/lib/vlc/plugins/demux/libxa_plugin.so
671be000-671bf000 rw-p 00002000 08:06 280648     /usr/lib/vlc/plugins/demux/libxa_plugin.so
671bf000-671c2000 r-xp 00000000 08:06 280636     /usr/lib/vlc/plugins/demux/libvoc_plugin.so
671c2000-671c3000 r--p 00002000 08:06 280636     /usr/lib/vlc/plugins/demux/libvoc_plugin.so
671c3000-671c4000 rw-p 00003000 08:06 280636     /usr/lib/vlc/plugins/demux/libvoc_plugin.so
671c4000-671c7000 r-xp 00000000 08:06 280646     /usr/lib/vlc/plugins/demux/libsmf_plugin.so
671c7000-671c8000 r--p 00002000 08:06 280646     /usr/lib/vlc/plugins/demux/libsmf_plugin.so
671c8000-671c9000 rw-p 00003000 08:06 280646     /usr/lib/vlc/plugins/demux/libsmf_plugin.so
671c9000-671d1000 r-xp 00000000 08:06 405597     /usr/lib/vlc/plugins/services_discovery/libsap_plugin.so
671d1000-671d2000 r--p 00007000 08:06 405597     /usr/lib/vlc/plugins/services_discovery/libsap_plugin.so
671d2000-671d3000 rw-p 00008000 08:06 405597     /usr/lib/vlc/plugins/services_discovery/libsap_plugin.so
671d3000-671e0000 r-xp 00000000 08:06 1720465    /usr/lib/libmpcdec.so.6.1.0
671e0000-671e1000 r--p 0000c000 08:06 1720465    /usr/lib/libmpcdec.so.6.1.0
671e1000-671e3000 rw-p 0000d000 08:06 1720465    /usr/lib/libmpcdec.so.6.1.0
671e4000-671e6000 r-xp 00000000 08:06 280619     /usr/lib/vlc/plugins/demux/libdirac_plugin.so
671e6000-671e7000 r--p 00001000 08:06 280619     /usr/lib/vlc/plugins/demux/libdirac_plugin.so
671e7000-671e8000 rw-p 00002000 08:06 280619     /usr/lib/vlc/plugins/demux/libdirac_plugin.so
671e8000-671eb000 r-xp 00000000 08:06 280641     /usr/lib/vlc/plugins/demux/libsid_plugin.so
671eb000-671ec000 r--p 00002000 08:06 280641     /usr/lib/vlc/plugins/demux/libsid_plugin.so
671ec000-671ed000 rw-p 00003000 08:06 280641     /usr/lib/vlc/plugins/demux/libsid_plugin.so
671ed000-671f0000 r-xp 00000000 08:06 280618     /usr/lib/vlc/plugins/demux/libwav_plugin.so
671f0000-671f1000 r--p 00003000 08:06 280618     /usr/lib/vlc/plugins/demux/libwav_plugin.so
671f1000-671f2000 rw-p 00004000 08:06 280618     /usr/lib/vlc/plugins/demux/libwav_plugin.so
671f2000-671f4000 r-xp 00000000 08:06 280650     /usr/lib/vlc/plugins/demux/libtta_plugin.so
671f4000-671f5000 r--p 00001000 08:06 280650     /usr/lib/vlc/plugins/demux/libtta_plugin.so
671f5000-671f6000 rw-p 00002000 08:06 280650     /usr/lib/vlc/plugins/demux/libtta_plugin.so
671f6000-671fa000 r-xp 00000000 08:06 280638     /usr/lib/vlc/plugins/demux/libnuv_plugin.so
671fa000-671fb000 r--p 00003000 08:06 280638     /usr/lib/vlc/plugins/demux/libnuv_plugin.so
671fb000-671fc000 rw-p 00004000 08:06 280638     /usr/lib/vlc/plugins/demux/libnuv_plugin.so
671fc000-671fe000 r-xp 00000000 08:06 280620     /usr/lib/vlc/plugins/demux/libmpc_plugin.so
671fe000-671ff000 r--p 00001000 08:06 280620     /usr/lib/vlc/plugins/demux/libmpc_plugin.so
671ff000-67200000 rw-p 00002000 08:06 280620     /usr/lib/vlc/plugins/demux/libmpc_plugin.so
67200000-672ed000 rw-p 00000000 00:00 0 
672ed000-67300000 ---p 00000000 00:00 0 
67300000-67302000 r-xp 00000000 08:06 405485     /usr/lib/vlc/plugins/mmxext/libmemcpymmxext_plugin.so
67302000-67303000 r--p 00001000 08:06 405485     /usr/lib/vlc/plugins/mmxext/libmemcpymmxext_plugin.so
67303000-67304000 rw-p 00002000 08:06 405485     /usr/lib/vlc/plugins/mmxext/libmemcpymmxext_plugin.so
67304000-67310000 r-xp 00000000 08:06 280632     /usr/lib/vlc/plugins/demux/libasf_plugin.so
67310000-67311000 r--p 0000b000 08:06 280632     /usr/lib/vlc/plugins/demux/libasf_plugin.so
67311000-67312000 rw-p 0000c000 08:06 280632     /usr/lib/vlc/plugins/demux/libasf_plugin.so
67312000-67322000 r-xp 00000000 08:06 280639     /usr/lib/vlc/plugins/demux/libavi_plugin.so
67322000-67323000 r--p 00010000 08:06 280639     /usr/lib/vlc/plugins/demux/libavi_plugin.so
67323000-67324000 rw-p 00011000 08:06 280639     /usr/lib/vlc/plugins/demux/libavi_plugin.so
67324000-67348000 r-xp 00000000 08:06 280624     /usr/lib/vlc/plugins/demux/libmp4_plugin.so
67348000-67349000 r--p 00024000 08:06 280624     /usr/lib/vlc/plugins/demux/libmp4_plugin.so
67349000-6734a000 rw-p 00025000 08:06 280624     /usr/lib/vlc/plugins/demux/libmp4_plugin.so
6734a000-6734c000 r-xp 00000000 08:06 405645     /usr/lib/vlc/plugins/stream_filter/libstream_filter_record_plugin.so
6734c000-6734d000 r--p 00001000 08:06 405645     /usr/lib/vlc/plugins/stream_filter/libstream_filter_record_plugin.so
6734d000-6734e000 rw-p 00002000 08:06 405645     /usr/lib/vlc/plugins/stream_filter/libstream_filter_record_plugin.so
6734e000-67351000 r-xp 00000000 08:06 1720599    /usr/lib/vlc/plugins/access/libstream_filter_rar_plugin.so
67351000-67352000 r--p 00002000 08:06 1720599    /usr/lib/vlc/plugins/access/libstream_filter_rar_plugin.so
67352000-67353000 rw-p 00003000 08:06 1720599    /usr/lib/vlc/plugins/access/libstream_filter_rar_plugin.so
67353000-6735b000 r-xp 00000000 08:06 1720591    /usr/lib/vlc/plugins/access/libzip_plugin.so
6735b000-6735c000 r--p 00007000 08:06 1720591    /usr/lib/vlc/plugins/access/libzip_plugin.so
6735c000-6735d000 rw-p 00008000 08:06 1720591    /usr/lib/vlc/plugins/access/libzip_plugin.so
6735d000-67378000 r-xp 00000000 08:06 405646     /usr/lib/vlc/plugins/stream_filter/libstream_filter_dash_plugin.so
67378000-67379000 r--p 0001b000 08:06 405646     /usr/lib/vlc/plugins/stream_filter/libstream_filter_dash_plugin.so
67379000-6737a000 rw-p 0001c000 08:06 405646     /usr/lib/vlc/plugins/stream_filter/libstream_filter_dash_plugin.so
6737a000-67398000 r-xp 00000000 08:06 1706115    /usr/lib/i386-linux-gnu/libdvdread.so.4.1.2
67398000-67399000 r--p 0001d000 08:06 1706115    /usr/lib/i386-linux-gnu/libdvdread.so.4.1.2
67399000-6739a000 rw-p 0001e000 08:06 1706115    /usr/lib/i386-linux-gnu/libdvdread.so.4.1.2
6739a000-673ae000 r-xp 00000000 08:06 1706111    /usr/lib/i386-linux-gnu/libdvdnav.so.4.1.2
673ae000-673af000 r--p 00013000 08:06 1706111    /usr/lib/i386-linux-gnu/libdvdnav.so.4.1.2
673af000-673b0000 rw-p 00014000 08:06 1706111    /usr/lib/i386-linux-gnu/libdvdnav.so.4.1.2
673b1000-673b4000 r-xp 00000000 08:06 405644     /usr/lib/vlc/plugins/stream_filter/libdecomp_plugin.so
673b4000-673b5000 r--p 00002000 08:06 405644     /usr/lib/vlc/plugins/stream_filter/libdecomp_plugin.so
673b5000-673b6000 rw-p 00003000 08:06 405644     /usr/lib/vlc/plugins/stream_filter/libdecomp_plugin.so
673b6000-673c0000 r-xp 00000000 08:06 405643     /usr/lib/vlc/plugins/stream_filter/libstream_filter_httplive_plugin.so
673c0000-673c1000 r--p 00009000 08:06 405643     /usr/lib/vlc/plugins/stream_filter/libstream_filter_httplive_plugin.so
673c1000-673c2000 rw-p 0000a000 08:06 405643     /usr/lib/vlc/plugins/stream_filter/libstream_filter_httplive_plugin.so
673c2000-673c7000 r-xp 00000000 08:06 1720610    /usr/lib/vlc/plugins/access/libaccess_vdr_plugin.so
673c7000-673c8000 r--p 00004000 08:06 1720610    /usr/lib/vlc/plugins/access/libaccess_vdr_plugin.so
673c8000-673c9000 rw-p 00005000 08:06 1720610    /usr/lib/vlc/plugins/access/libaccess_vdr_plugin.so
673c9000-673fd000 r-xp 00000000 08:06 1720482    /usr/lib/i386-linux-gnu/libbluray.so.1.2.0
673fd000-673fe000 ---p 00034000 08:06 1720482    /usr/lib/i386-linux-gnu/libbluray.so.1.2.0
673fe000-673ff000 r--p 00034000 08:06 1720482    /usr/lib/i386-linux-gnu/libbluray.so.1.2.0
673ff000-67400000 rw-p 00035000 08:06 1720482    /usr/lib/i386-linux-gnu/libbluray.so.1.2.0
67400000-674f4000 rw-p 00000000 00:00 0 
674f4000-67500000 ---p 00000000 00:00 0 
67502000-67505000 r-xp 00000000 08:06 1706600    /usr/lib/i386-linux-gnu/libpulse-simple.so.0.0.3
67505000-67506000 r--p 00002000 08:06 1706600    /usr/lib/i386-linux-gnu/libpulse-simple.so.0.0.3
67506000-67507000 rw-p 00003000 08:06 1706600    /usr/lib/i386-linux-gnu/libpulse-simple.so.0.0.3
67507000-6750b000 r-xp 00000000 08:06 1720609    /usr/lib/vlc/plugins/access/libfilesystem_plugin.so
6750b000-6750c000 r--p 00003000 08:06 1720609    /usr/lib/vlc/plugins/access/libfilesystem_plugin.so
6750c000-6750d000 rw-p 00004000 08:06 1720609    /usr/lib/vlc/plugins/access/libfilesystem_plugin.so
6750d000-67517000 r-xp 00000000 08:06 1720582    /usr/lib/vlc/plugins/access/libdvdnav_plugin.so
67517000-67518000 r--p 0000a000 08:06 1720582    /usr/lib/vlc/plugins/access/libdvdnav_plugin.so
67518000-67519000 rw-p 0000b000 08:06 1720582    /usr/lib/vlc/plugins/access/libdvdnav_plugin.so
67519000-6752c000 r-xp 00000000 08:06 1720590    /usr/lib/vlc/plugins/access/libaccess_bd_plugin.so
6752c000-6752d000 r--p 00012000 08:06 1720590    /usr/lib/vlc/plugins/access/libaccess_bd_plugin.so
6752d000-6752e000 rw-p 00013000 08:06 1720590    /usr/lib/vlc/plugins/access/libaccess_bd_plugin.so
6752e000-67531000 ---p 00000000 00:00 0 
67531000-675af000 rw-p 00000000 00:00 0          [stack:25489]
675af000-675b2000 ---p 00000000 00:00 0 
675b2000-67600000 rw-p 00000000 00:00 0          [stack:25357]
67600000-676fd000 rw-p 00000000 00:00 0 
676fd000-67700000 ---p 00000000 00:00 0 
67700000-677fe000 rw-p 00000000 00:00 0 
677fe000-67800000 ---p 00000000 00:00 0 
67800000-67900000 rw-p 00000000 00:00 0 
67900000-67901000 rwxp 00000000 00:00 0 
67901000-67903000 r-xp 00000000 08:06 405602     /usr/lib/vlc/plugins/services_discovery/libmtp_plugin.so
67903000-67904000 r--p 00001000 08:06 405602     /usr/lib/vlc/plugins/services_discovery/libmtp_plugin.so
67904000-67905000 rw-p 00002000 08:06 405602     /usr/lib/vlc/plugins/services_discovery/libmtp_plugin.so
67905000-67906000 r-xp 00000000 08:06 1708656    /usr/lib/jvm/java-7-openjdk-i386/jre/lib/i386/libjawt.so
67906000-67907000 r--p 00000000 08:06 1708656    /usr/lib/jvm/java-7-openjdk-i386/jre/lib/i386/libjawt.so
67907000-67908000 rw-p 00001000 08:06 1708656    /usr/lib/jvm/java-7-openjdk-i386/jre/lib/i386/libjawt.so
67908000-679ac000 r-xp 00000000 08:06 1439034    /tmp/sqlite-3.7.151-i386-libsqlitejdbc.so
679ac000-679ad000 r--p 000a4000 08:06 1439034    /tmp/sqlite-3.7.151-i386-libsqlitejdbc.so
679ad000-679ae000 rw-p 000a5000 08:06 1439034    /tmp/sqlite-3.7.151-i386-libsqlitejdbc.so
679ae000-679af000 rw-p 00000000 00:00 0 
679af000-679b2000 ---p 00000000 00:00 0 
679b2000-67a00000 rw-p 00000000 00:00 0          [stack:25349]
67a00000-67a22000 rw-p 00000000 00:00 0 
67a22000-67b00000 ---p 00000000 00:00 0 
67b01000-67b06000 r-xp 00000000 08:06 1720612    /usr/lib/vlc/plugins/access/liblibbluray_plugin.so
67b06000-67b07000 r--p 00004000 08:06 1720612    /usr/lib/vlc/plugins/access/liblibbluray_plugin.so
67b07000-67b08000 rw-p 00005000 08:06 1720612    /usr/lib/vlc/plugins/access/liblibbluray_plugin.so
67b08000-67b0f000 r--s 00000000 08:06 1707538    /usr/lib/i386-linux-gnu/gconv/gconv-modules.cache
67b0f000-67b10000 rw-p 00000000 00:00 0 
67b10000-67b43000 rw-s 00000000 00:04 211714058  /SYSV00000000 (deleted)
67b43000-67b48000 r--s 0004c000 08:06 1708535    /usr/lib/jvm/java-7-openjdk-common/jre/lib/jsse.jar
67b48000-67b4b000 ---p 00000000 00:00 0 
67b4b000-67b99000 rw-p 00000000 00:00 0          [stack:25348]
67b99000-67baa000 r-xp 00000000 08:06 1708665    /usr/lib/jvm/java-7-openjdk-i386/jre/lib/i386/libnio.so
67baa000-67bab000 r--p 00010000 08:06 1708665    /usr/lib/jvm/java-7-openjdk-i386/jre/lib/i386/libnio.so
67bab000-67bac000 rw-p 00011000 08:06 1708665    /usr/lib/jvm/java-7-openjdk-i386/jre/lib/i386/libnio.so
67bac000-67bad000 r--s 00000000 08:06 936139     /var/cache/fontconfig/c05880de57d1f5e948fdfacc138775d9-le32d4.cache-3
67bad000-67bb3000 r--s 00000000 08:06 936131     /var/cache/fontconfig/945677eb7aeaf62f1d50efc3fb3ec7d8-le32d4.cache-3
67bb3000-67bb6000 r--s 00000000 08:06 938992     /var/cache/fontconfig/99e8ed0e538f840c565b6ed5dad60d56-le32d4.cache-3
67bb6000-67bbc000 r--s 00000000 08:06 936659     /var/cache/fontconfig/a6d8cf8e4ec09cdbc8633c31745a07dd-le32d4.cache-3
67bbc000-67bbf000 r--s 00000000 08:06 936113     /var/cache/fontconfig/2cd17615ca594fa2959ae173292e504c-le32d4.cache-3
67bbf000-67bc0000 r--s 00000000 08:06 936148     /var/cache/fontconfig/e7071f4a29fa870f4323321c154eba04-le32d4.cache-3
67bc0000-67bc4000 r--s 00000000 08:06 936658     /var/cache/fontconfig/6eb3985aa4124903f6ff08ba781cd364-le32d4.cache-3
67bc4000-67bc5000 r--s 00000000 08:06 936110     /var/cache/fontconfig/0d8c3b2ac0904cb8a57a757ad11a4a08-le32d4.cache-3
67bc5000-67bc9000 r--s 00000000 08:06 936135     /var/cache/fontconfig/a755afe4a08bf5b97852ceb7400b47bc-le32d4.cache-3
67bc9000-67bd0000 r--s 00000000 08:06 936126     /var/cache/fontconfig/6d41288fd70b0be22e8c3a91e032eec0-le32d4.cache-3
67bd0000-67bdb000 r--s 00000000 08:06 936108     /var/cache/fontconfig/04aabc0a78ac019cf9454389977116d2-le32d4.cache-3
67bdb000-67bdc000 r--s 00000000 08:06 936112     /var/cache/fontconfig/1ac9eb803944fde146138c791f5cc56a-le32d4.cache-3
67bdc000-67bdf000 r--s 00000000 08:06 936117     /var/cache/fontconfig/385c0604a188198f04d133e54aba7fe7-le32d4.cache-3
67bdf000-67be0000 r--s 00000000 08:06 938732     /var/cache/fontconfig/9c956a7723ca69a44b382d9179c9802f-le32d4.cache-3
67be0000-67be1000 r--s 00000000 08:06 936145     /var/cache/fontconfig/dc05db6664285cc2f12bf69c139ae4c3-le32d4.cache-3
67be1000-67be3000 r--s 00000000 08:06 936128     /var/cache/fontconfig/767a8244fc0220cfb567a839d0392e0b-le32d4.cache-3
67be3000-67be4000 r--s 00000000 08:06 936118     /var/cache/fontconfig/4794a0821666d79190d59a36cb4f44b5-le32d4.cache-3
67be4000-67be5000 r--s 00000000 08:06 938731     /var/cache/fontconfig/9eae20f1ff8cc0a7d125749e875856bd-le32d4.cache-3
67be5000-67be7000 r--s 00000000 08:06 938730     /var/cache/fontconfig/bf2c1853a9e9b00bb02fe2e9bcf1e201-le32d4.cache-3
67be7000-67bea000 r--s 00000000 08:06 936130     /var/cache/fontconfig/8801497958630a81b71ace7c5f9b32a8-le32d4.cache-3
67bea000-67c0d000 r--s 00000000 08:06 938729     /var/cache/fontconfig/365b55f210c0a22e9a19e35191240f32-le32d4.cache-3
67c0d000-67c0f000 r--s 00000000 08:06 938722     /var/cache/fontconfig/c57959a16110560c8d0fcea73374aeeb-le32d4.cache-3
67c0f000-67c13000 r--s 00000000 08:06 936114     /var/cache/fontconfig/3047814df9a2f067bd2d96a2b9c36e5a-le32d4.cache-3
67c13000-67c14000 r--s 00000000 08:06 936121     /var/cache/fontconfig/56cf4f4769d0f4abc89a4895d7bd3ae1-le32d4.cache-3
67c14000-67c15000 r--s 00000000 08:06 936138     /var/cache/fontconfig/b9d506c9ac06c20b433354fa67a72993-le32d4.cache-3
67c15000-67c19000 r--s 00000000 08:06 936137     /var/cache/fontconfig/b47c4e1ecd0709278f4910c18777a504-le32d4.cache-3
67c19000-67c1b000 r--s 00000000 08:06 938728     /var/cache/fontconfig/14d493b97896515cad3840ba4896e372-le32d4.cache-3
67c1b000-67c1c000 r--s 00000000 08:06 938727     /var/cache/fontconfig/89034621ae2a8922916bb6bfa5799546-le32d4.cache-3
67c1c000-67c22000 r--s 00000000 08:06 936657     /var/cache/fontconfig/52f7bdb7ce746bfd7eaa1985bd9cfa93-le32d4.cache-3
67c22000-67c24000 r--s 00000000 08:06 936147     /var/cache/fontconfig/e49e89034d371f0f9de17aab02136486-le32d4.cache-3
67c24000-67c25000 r--s 00000000 08:06 936119     /var/cache/fontconfig/4b14b093aebc79c320de5e86ae1d3314-le32d4.cache-3
67c25000-67c32000 r--s 00000000 08:06 936143     /var/cache/fontconfig/d52a8644073d54c13679302ca1180695-le32d4.cache-3
67c32000-67c38000 r--s 00000000 08:06 936656     /var/cache/fontconfig/3f7329c5293ffd510edef78f73874cfd-le32d4.cache-3
67c38000-67c3a000 r--s 00000000 08:06 938726     /var/cache/fontconfig/65f976e5259cbe6dc7697b8648396239-le32d4.cache-3
67c3a000-67c3b000 r--s 00000000 08:06 938725     /var/cache/fontconfig/94f7fe9bd33aadfac165873bd010d595-le32d4.cache-3
67c3b000-67c44000 r--s 00000000 08:06 938720     /var/cache/fontconfig/53d14c92082a93e67d5078324eb314ca-le32d4.cache-3
67c44000-67c51000 r--s 00000000 08:06 938717     /var/cache/fontconfig/4ac51e5cfbc76fc3f983e470323a16d3-le32d4.cache-3
67c51000-67c59000 r--s 00000000 08:06 938718     /var/cache/fontconfig/e13b20fdb08344e0e664864cc2ede53d-le32d4.cache-3
67c59000-67c6a000 r--s 00000000 08:06 938993     /var/cache/fontconfig/467c019e582ee353435ea5c21d137ef6-le32d4.cache-3
67c6a000-67cad000 r-xp 00000000 08:06 1708645    /usr/lib/jvm/java-7-openjdk-i386/jre/lib/i386/libfontmanager.so
67cad000-67cae000 r--p 00043000 08:06 1708645    /usr/lib/jvm/java-7-openjdk-i386/jre/lib/i386/libfontmanager.so
67cae000-67caf000 rw-p 00044000 08:06 1708645    /usr/lib/jvm/java-7-openjdk-i386/jre/lib/i386/libfontmanager.so
67caf000-67cb2000 ---p 00000000 00:00 0 
67cb2000-67d00000 rw-p 00000000 00:00 0          [stack:25345]
67d00000-67e00000 rw-p 00000000 00:00 0 
67e00000-67e07000 r--s 00000000 08:06 938721     /var/cache/fontconfig/83bf95040141907cd45bb53cf7c1c148-le32d4.cache-3
67e07000-67e0b000 r--s 00000000 08:06 940648     /var/cache/fontconfig/7ef2298fde41cc6eeb7af42e48b7d293-le32d4.cache-3
67e0b000-67e0f000 r--s 00000000 08:06 394128     /home/gene/.cache/fontconfig/3ecda6abc85ff6f54114f03ae3c1fe72-le32d4.cache-3
67e0f000-67e12000 ---p 00000000 00:00 0 
67e12000-67e60000 rw-p 00000000 00:00 0          [stack:25342]
67e60000-68fcf000 r-xp 00000000 08:06 1706398    /usr/lib/i386-linux-gnu/libicudata.so.48.1.1
68fcf000-68fd0000 r--p 0116e000 08:06 1706398    /usr/lib/i386-linux-gnu/libicudata.so.48.1.1
68fd0000-68fd1000 rw-p 0116f000 08:06 1706398    /usr/lib/i386-linux-gnu/libicudata.so.48.1.1
68fd1000-68fd4000 r-xp 00000000 08:06 262501     /lib/i386-linux-gnu/libgpg-error.so.0.8.0
68fd4000-68fd5000 r--p 00002000 08:06 262501     /lib/i386-linux-gnu/libgpg-error.so.0.8.0
68fd5000-68fd6000 rw-p 00003000 08:06 262501     /lib/i386-linux-gnu/libgpg-error.so.0.8.0
68fd6000-68fd8000 r-xp 00000000 08:06 262512     /lib/i386-linux-gnu/libkeyutils.so.1.4
68fd8000-68fd9000 r--p 00002000 08:06 262512     /lib/i386-linux-gnu/libkeyutils.so.1.4
68fd9000-68fda000 rw-p 00003000 08:06 262512     /lib/i386-linux-gnu/libkeyutils.so.1.4
68fda000-69130000 r-xp 00000000 08:06 1706412    /usr/lib/i386-linux-gnu/libicuuc.so.48.1.1
69130000-6913a000 r--p 00155000 08:06 1706412    /usr/lib/i386-linux-gnu/libicuuc.so.48.1.1
6913a000-6913b000 rw-p 0015f000 08:06 1706412    /usr/lib/i386-linux-gnu/libicuuc.so.48.1.1
6913b000-6913f000 rw-p 00000000 00:00 0 
6913f000-69172000 r-xp 00000000 08:06 1706404    /usr/lib/i386-linux-gnu/libicule.so.48.1.1
69172000-69173000 ---p 00033000 08:06 1706404    /usr/lib/i386-linux-gnu/libicule.so.48.1.1
69173000-69174000 r--p 00033000 08:06 1706404    /usr/lib/i386-linux-gnu/libicule.so.48.1.1
69174000-69175000 rw-p 00034000 08:06 1706404    /usr/lib/i386-linux-gnu/libicule.so.48.1.1
69175000-691bd000 r-xp 00000000 08:06 262482     /lib/i386-linux-gnu/libdbus-1.so.3.7.2
691bd000-691be000 r--p 00047000 08:06 262482     /lib/i386-linux-gnu/libdbus-1.so.3.7.2
691be000-691bf000 rw-p 00048000 08:06 262482     /lib/i386-linux-gnu/libdbus-1.so.3.7.2
691bf000-691d1000 r-xp 00000000 08:06 1706541    /usr/lib/i386-linux-gnu/libp11-kit.so.0.0.0
691d1000-691d2000 r--p 00011000 08:06 1706541    /usr/lib/i386-linux-gnu/libp11-kit.so.0.0.0
691d2000-691d3000 rw-p 00012000 08:06 1706541    /usr/lib/i386-linux-gnu/libp11-kit.so.0.0.0
691d3000-691e3000 r-xp 00000000 08:06 1706699    /usr/lib/i386-linux-gnu/libtasn1.so.3.2.0
691e3000-691e4000 r--p 0000f000 08:06 1706699    /usr/lib/i386-linux-gnu/libtasn1.so.3.2.0
691e4000-691e5000 rw-p 00010000 08:06 1706699    /usr/lib/i386-linux-gnu/libtasn1.so.3.2.0
691e5000-69266000 r-xp 00000000 08:06 262497     /lib/i386-linux-gnu/libgcrypt.so.11.7.0
69266000-69267000 r--p 00080000 08:06 262497     /lib/i386-linux-gnu/libgcrypt.so.11.7.0
69267000-69269000 rw-p 00081000 08:06 262497     /lib/i386-linux-gnu/libgcrypt.so.11.7.0
69269000-69270000 r-xp 00000000 08:06 1706449    /usr/lib/i386-linux-gnu/libkrb5support.so.0.1
69270000-69271000 r--p 00006000 08:06 1706449    /usr/lib/i386-linux-gnu/libkrb5support.so.0.1
69271000-69272000 rw-p 00007000 08:06 1706449    /usr/lib/i386-linux-gnu/libkrb5support.so.0.1
69272000-69275000 r-xp 00000000 08:06 262477     /lib/i386-linux-gnu/libcom_err.so.2.1
69275000-69276000 r--p 00002000 08:06 262477     /lib/i386-linux-gnu/libcom_err.so.2.1
69276000-69277000 rw-p 00003000 08:06 262477     /lib/i386-linux-gnu/libcom_err.so.2.1
69277000-6929d000 r-xp 00000000 08:06 1706443    /usr/lib/i386-linux-gnu/libk5crypto.so.3.1
6929d000-6929e000 r--p 00026000 08:06 1706443    /usr/lib/i386-linux-gnu/libk5crypto.so.3.1
6929e000-6929f000 rw-p 00027000 08:06 1706443    /usr/lib/i386-linux-gnu/libk5crypto.so.3.1
6929f000-69366000 r-xp 00000000 08:06 1706447    /usr/lib/i386-linux-gnu/libkrb5.so.3.3
69366000-6936c000 r--p 000c6000 08:06 1706447    /usr/lib/i386-linux-gnu/libkrb5.so.3.3
6936c000-6936d000 rw-p 000cc000 08:06 1706447    /usr/lib/i386-linux-gnu/libkrb5.so.3.3
6936d000-69405000 r-xp 00000000 08:06 1706380    /usr/lib/i386-linux-gnu/libharfbuzz.so.0.913.0
69405000-69406000 ---p 00098000 08:06 1706380    /usr/lib/i386-linux-gnu/libharfbuzz.so.0.913.0
69406000-69407000 r--p 00098000 08:06 1706380    /usr/lib/i386-linux-gnu/libharfbuzz.so.0.913.0
69407000-69408000 rw-p 00099000 08:06 1706380    /usr/lib/i386-linux-gnu/libharfbuzz.so.0.913.0
69408000-69410000 r-xp 00000000 08:06 1706787    /usr/lib/i386-linux-gnu/libxcb-render.so.0.0.0
69410000-69411000 r--p 00008000 08:06 1706787    /usr/lib/i386-linux-gnu/libxcb-render.so.0.0.0
69411000-69412000 rw-p 00009000 08:06 1706787    /usr/lib/i386-linux-gnu/libxcb-render.so.0.0.0
69412000-69414000 r-xp 00000000 08:06 1706791    /usr/lib/i386-linux-gnu/libxcb-shm.so.0.0.0
69414000-69415000 r--p 00001000 08:06 1706791    /usr/lib/i386-linux-gnu/libxcb-shm.so.0.0.0
69415000-69416000 rw-p 00002000 08:06 1706791    /usr/lib/i386-linux-gnu/libxcb-shm.so.0.0.0
69416000-6943d000 r-xp 00000000 08:06 262578     /lib/i386-linux-gnu/libpng12.so.0.49.0
6943d000-6943e000 r--p 00026000 08:06 262578     /lib/i386-linux-gnu/libpng12.so.0.49.0
6943e000-6943f000 rw-p 00027000 08:06 262578     /lib/i386-linux-gnu/libpng12.so.0.49.0
6943f000-694d3000 r-xp 00000000 08:06 1706571    /usr/lib/i386-linux-gnu/libpixman-1.so.0.28.2
694d3000-694d8000 r--p 00093000 08:06 1706571    /usr/lib/i386-linux-gnu/libpixman-1.so.0.28.2
694d8000-694d9000 rw-p 00098000 08:06 1706571    /usr/lib/i386-linux-gnu/libpixman-1.so.0.28.2
694d9000-694de000 r-xp 00000000 08:06 1705898    /usr/lib/i386-linux-gnu/libXdmcp.so.6.0.0
694de000-694df000 r--p 00004000 08:06 1705898    /usr/lib/i386-linux-gnu/libXdmcp.so.6.0.0
694df000-694e0000 rw-p 00005000 08:06 1705898    /usr/lib/i386-linux-gnu/libXdmcp.so.6.0.0
694e0000-694e2000 r-xp 00000000 08:06 1705887    /usr/lib/i386-linux-gnu/libXau.so.6.0.0
694e2000-694e3000 r--p 00001000 08:06 1705887    /usr/lib/i386-linux-gnu/libXau.so.6.0.0
694e3000-694e4000 rw-p 00002000 08:06 1705887    /usr/lib/i386-linux-gnu/libXau.so.6.0.0
694e4000-694f4000 r-xp 00000000 08:06 1705977    /usr/lib/i386-linux-gnu/libavahi-client.so.3.2.9
694f4000-694f5000 r--p 0000f000 08:06 1705977    /usr/lib/i386-linux-gnu/libavahi-client.so.3.2.9
694f5000-694f6000 rw-p 00010000 08:06 1705977    /usr/lib/i386-linux-gnu/libavahi-client.so.3.2.9
694f6000-69502000 r-xp 00000000 08:06 1705979    /usr/lib/i386-linux-gnu/libavahi-common.so.3.5.3
69502000-69503000 r--p 0000b000 08:06 1705979    /usr/lib/i386-linux-gnu/libavahi-common.so.3.5.3
69503000-69504000 rw-p 0000c000 08:06 1705979    /usr/lib/i386-linux-gnu/libavahi-common.so.3.5.3
69504000-695c4000 r-xp 00000000 08:06 1706251    /usr/lib/i386-linux-gnu/libgnutls.so.26.22.6
695c4000-695c8000 r--p 000bf000 08:06 1706251    /usr/lib/i386-linux-gnu/libgnutls.so.26.22.6
695c8000-695c9000 rw-p 000c3000 08:06 1706251    /usr/lib/i386-linux-gnu/libgnutls.so.26.22.6
695c9000-69604000 r-xp 00000000 08:06 1706276    /usr/lib/i386-linux-gnu/libgssapi_krb5.so.2.2
69604000-69605000 r--p 0003a000 08:06 1706276    /usr/lib/i386-linux-gnu/libgssapi_krb5.so.2.2
69605000-69606000 rw-p 0003b000 08:06 1706276    /usr/lib/i386-linux-gnu/libgssapi_krb5.so.2.2
69606000-69645000 r-xp 00000000 08:06 262566     /lib/i386-linux-gnu/libpcre.so.3.13.1
69645000-69646000 r--p 0003f000 08:06 262566     /lib/i386-linux-gnu/libpcre.so.3.13.1
69646000-69647000 rw-p 00040000 08:06 262566     /lib/i386-linux-gnu/libpcre.so.3.13.1
69647000-6964c000 r-xp 00000000 08:06 1706141    /usr/lib/i386-linux-gnu/libffi.so.6.0.1
6964c000-6964d000 r--p 00005000 08:06 1706141    /usr/lib/i386-linux-gnu/libffi.so.6.0.1
6964d000-6964e000 rw-p 00006000 08:06 1706141    /usr/lib/i386-linux-gnu/libffi.so.6.0.1
6964e000-69673000 r-xp 00000000 08:06 262490     /lib/i386-linux-gnu/libexpat.so.1.6.0
69673000-69675000 r--p 00025000 08:06 262490     /lib/i386-linux-gnu/libexpat.so.1.6.0
69675000-69676000 rw-p 00027000 08:06 262490     /lib/i386-linux-gnu/libexpat.so.1.6.0
69676000-6970c000 r-xp 00000000 08:06 1706179    /usr/lib/i386-linux-gnu/libfreetype.so.6.10.0
6970c000-69710000 r--p 00095000 08:06 1706179    /usr/lib/i386-linux-gnu/libfreetype.so.6.10.0
69710000-69711000 rw-p 00099000 08:06 1706179    /usr/lib/i386-linux-gnu/libfreetype.so.6.10.0
69711000-69724000 r-xp 00000000 08:06 262589     /lib/i386-linux-gnu/libresolv-2.17.so
69724000-69725000 r--p 00013000 08:06 262589     /lib/i386-linux-gnu/libresolv-2.17.so
69725000-69726000 rw-p 00014000 08:06 262589     /lib/i386-linux-gnu/libresolv-2.17.so
69726000-69728000 rw-p 00000000 00:00 0 
69728000-69745000 r-xp 00000000 08:06 262593     /lib/i386-linux-gnu/libselinux.so.1
69745000-69746000 r--p 0001c000 08:06 262593     /lib/i386-linux-gnu/libselinux.so.1
69746000-69747000 rw-p 0001d000 08:06 262593     /lib/i386-linux-gnu/libselinux.so.1
69747000-69749000 r-xp 00000000 08:06 1705896    /usr/lib/i386-linux-gnu/libXdamage.so.1.1.0
69749000-6974a000 r--p 00001000 08:06 1705896    /usr/lib/i386-linux-gnu/libXdamage.so.1.1.0
6974a000-6974b000 rw-p 00002000 08:06 1705896    /usr/lib/i386-linux-gnu/libXdamage.so.1.1.0
6974b000-69754000 r-xp 00000000 08:06 1705894    /usr/lib/i386-linux-gnu/libXcursor.so.1.0.2
69754000-69755000 r--p 00008000 08:06 1705894    /usr/lib/i386-linux-gnu/libXcursor.so.1.0.2
69755000-69756000 rw-p 00009000 08:06 1705894    /usr/lib/i386-linux-gnu/libXcursor.so.1.0.2
69756000-69768000 r-xp 00000000 08:06 1706553    /usr/lib/i386-linux-gnu/libpangoft2-1.0.so.0.3200.5
69768000-69769000 r--p 00011000 08:06 1706553    /usr/lib/i386-linux-gnu/libpangoft2-1.0.so.0.3200.5
69769000-6976a000 rw-p 00012000 08:06 1706553    /usr/lib/i386-linux-gnu/libpangoft2-1.0.so.0.3200.5
6976a000-6987d000 r-xp 00000000 08:06 1706005    /usr/lib/i386-linux-gnu/libcairo.so.2.11200.14
6987d000-6987f000 r--p 00113000 08:06 1706005    /usr/lib/i386-linux-gnu/libcairo.so.2.11200.14
6987f000-69880000 rw-p 00115000 08:06 1706005    /usr/lib/i386-linux-gnu/libcairo.so.2.11200.14
69880000-69881000 rw-p 00000000 00:00 0 
69881000-6989f000 r-xp 00000000 08:06 1705967    /usr/lib/i386-linux-gnu/libatk-1.0.so.0.20809.1
6989f000-698a1000 r--p 0001d000 08:06 1705967    /usr/lib/i386-linux-gnu/libatk-1.0.so.0.20809.1
698a1000-698a2000 rw-p 0001f000 08:06 1705967    /usr/lib/i386-linux-gnu/libatk-1.0.so.0.20809.1
698a2000-698c2000 r-xp 00000000 08:06 1720908    /usr/lib/i386-linux-gnu/libxcb.so.1.1.0
698c2000-698c3000 r--p 0001f000 08:06 1720908    /usr/lib/i386-linux-gnu/libxcb.so.1.1.0
698c3000-698c4000 rw-p 00020000 08:06 1720908    /usr/lib/i386-linux-gnu/libxcb.so.1.1.0
698c4000-6991e000 r-xp 00000000 08:06 1706064    /usr/lib/i386-linux-gnu/libcups.so.2
6991e000-6991f000 ---p 0005a000 08:06 1706064    /usr/lib/i386-linux-gnu/libcups.so.2
6991f000-69922000 r--p 0005a000 08:06 1706064    /usr/lib/i386-linux-gnu/libcups.so.2
69922000-69923000 rw-p 0005d000 08:06 1706064    /usr/lib/i386-linux-gnu/libcups.so.2
69923000-69a22000 r-xp 00000000 08:06 262499     /lib/i386-linux-gnu/libglib-2.0.so.0.3600.0
69a22000-69a23000 r--p 000fe000 08:06 262499     /lib/i386-linux-gnu/libglib-2.0.so.0.3600.0
69a23000-69a24000 rw-p 000ff000 08:06 262499     /lib/i386-linux-gnu/libglib-2.0.so.0.3600.0
69a24000-69a72000 r-xp 00000000 08:06 1706257    /usr/lib/i386-linux-gnu/libgobject-2.0.so.0.3600.0
69a72000-69a73000 r--p 0004d000 08:06 1706257    /usr/lib/i386-linux-gnu/libgobject-2.0.so.0.3600.0
69a73000-69a74000 rw-p 0004e000 08:06 1706257    /usr/lib/i386-linux-gnu/libgobject-2.0.so.0.3600.0
69a74000-69aab000 r-xp 00000000 08:06 1706167    /usr/lib/i386-linux-gnu/libfontconfig.so.1.6.2
69aab000-69aac000 r--p 00036000 08:06 1706167    /usr/lib/i386-linux-gnu/libfontconfig.so.1.6.2
69aac000-69aad000 rw-p 00037000 08:06 1706167    /usr/lib/i386-linux-gnu/libfontconfig.so.1.6.2
69aad000-69af6000 r-xp 00000000 08:06 1706549    /usr/lib/i386-linux-gnu/libpango-1.0.so.0.3200.5
69af6000-69af7000 r--p 00049000 08:06 1706549    /usr/lib/i386-linux-gnu/libpango-1.0.so.0.3200.5
69af7000-69af8000 rw-p 0004a000 08:06 1706549    /usr/lib/i386-linux-gnu/libpango-1.0.so.0.3200.5
69af8000-69c58000 r-xp 00000000 08:06 1706227    /usr/lib/i386-linux-gnu/libgio-2.0.so.0.3600.0
69c58000-69c5a000 r--p 00160000 08:06 1706227    /usr/lib/i386-linux-gnu/libgio-2.0.so.0.3600.0
69c5a000-69c5b000 rw-p 00162000 08:06 1706227    /usr/lib/i386-linux-gnu/libgio-2.0.so.0.3600.0
69c5b000-69c5c000 rw-p 00000000 00:00 0 
69c5c000-69d07000 r-xp 00000000 08:06 1706206    /usr/lib/i386-linux-gnu/libgdk-x11-2.0.so.0.2400.17
69d07000-69d09000 r--p 000ab000 08:06 1706206    /usr/lib/i386-linux-gnu/libgdk-x11-2.0.so.0.2400.17
69d09000-69d0a000 rw-p 000ad000 08:06 1706206    /usr/lib/i386-linux-gnu/libgdk-x11-2.0.so.0.2400.17
69d0a000-6a16b000 r-xp 00000000 08:06 1706364    /usr/lib/i386-linux-gnu/libgtk-x11-2.0.so.0.2400.17
6a16b000-6a16f000 r--p 00461000 08:06 1706364    /usr/lib/i386-linux-gnu/libgtk-x11-2.0.so.0.2400.17
6a16f000-6a171000 rw-p 00465000 08:06 1706364    /usr/lib/i386-linux-gnu/libgtk-x11-2.0.so.0.2400.17
6a171000-6a173000 rw-p 00000000 00:00 0 
6a173000-6a2a6000 r-xp 00000000 08:06 1706796    /usr/lib/i386-linux-gnu/libX11.so.6.3.0
6a2a6000-6a2a7000 r--p 00132000 08:06 1706796    /usr/lib/i386-linux-gnu/libX11.so.6.3.0
6a2a7000-6a2aa000 rw-p 00133000 08:06 1706796    /usr/lib/i386-linux-gnu/libX11.so.6.3.0
6a2aa000-6a2fc000 r-xp 00000000 08:06 1708686    /usr/lib/jvm/java-7-openjdk-i386/jre/lib/i386/xawt/libmawt.so
6a2fc000-6a2fd000 r--p 00051000 08:06 1708686    /usr/lib/jvm/java-7-openjdk-i386/jre/lib/i386/xawt/libmawt.so
6a2fd000-6a2ff000 rw-p 00052000 08:06 1708686    /usr/lib/jvm/java-7-openjdk-i386/jre/lib/i386/xawt/libmawt.so
6a2ff000-6a300000 rw-p 00000000 00:00 0 
6a300000-6a3ff000 rw-p 00000000 00:00 0 
6a3ff000-6a400000 ---p 00000000 00:00 0 
6a400000-6a401000 r--s 00000000 08:06 938724     /var/cache/fontconfig/423767150eb258c59035de29db6fca84-le32d4.cache-3
6a401000-6a403000 r-xp 00000000 08:06 1705892    /usr/lib/i386-linux-gnu/libXcomposite.so.1.0.0
6a403000-6a404000 r--p 00001000 08:06 1705892    /usr/lib/i386-linux-gnu/libXcomposite.so.1.0.0
6a404000-6a405000 rw-p 00002000 08:06 1705892    /usr/lib/i386-linux-gnu/libXcomposite.so.1.0.0
6a405000-6a40e000 r-xp 00000000 08:06 1705918    /usr/lib/i386-linux-gnu/libXrandr.so.2.2.0
6a40e000-6a40f000 r--p 00008000 08:06 1705918    /usr/lib/i386-linux-gnu/libXrandr.so.2.2.0
6a40f000-6a410000 rw-p 00009000 08:06 1705918    /usr/lib/i386-linux-gnu/libXrandr.so.2.2.0
6a410000-6a41b000 r-xp 00000000 08:06 1706551    /usr/lib/i386-linux-gnu/libpangocairo-1.0.so.0.3200.5
6a41b000-6a41c000 r--p 0000a000 08:06 1706551    /usr/lib/i386-linux-gnu/libpangocairo-1.0.so.0.3200.5
6a41c000-6a41d000 rw-p 0000b000 08:06 1706551    /usr/lib/i386-linux-gnu/libpangocairo-1.0.so.0.3200.5
6a41d000-6a4af000 r-xp 00000000 08:06 1708643    /usr/lib/jvm/java-7-openjdk-i386/jre/lib/i386/libawt.so
6a4af000-6a4b0000 r--p 00091000 08:06 1708643    /usr/lib/jvm/java-7-openjdk-i386/jre/lib/i386/libawt.so
6a4b0000-6a4b7000 rw-p 00092000 08:06 1708643    /usr/lib/jvm/java-7-openjdk-i386/jre/lib/i386/libawt.so
6a4b7000-6a4db000 rw-p 00000000 00:00 0 
6a4db000-6a4dc000 ---p 00000000 00:00 0 
6a4dc000-6a55c000 rw-p 00000000 00:00 0          [stack:25341]
6a55c000-6a55f000 ---p 00000000 00:00 0 
6a55f000-6a5ad000 rw-p 00000000 00:00 0          [stack:25340]
6a5ad000-6a5b0000 ---p 00000000 00:00 0 
6a5b0000-6a62e000 rw-p 00000000 00:00 0          [stack:25339]
6a62e000-6a631000 ---p 00000000 00:00 0 
6a631000-6a6af000 rw-p 00000000 00:00 0          [stack:25338]
6a6af000-6a6b2000 ---p 00000000 00:00 0 
6a6b2000-6a700000 rw-p 00000000 00:00 0          [stack:25337]
6a700000-6a900000 r--p 00000000 08:06 1709808    /usr/lib/locale/locale-archive
6a900000-6aa00000 rw-p 00000000 00:00 0 
6aa00000-6ab00000 rw-p 00000000 00:00 0 
6ab00000-6abfc000 rw-p 00000000 00:00 0 
6abfc000-6ac00000 ---p 00000000 00:00 0 
6ac00000-6ac02000 r-xp 00000000 08:06 1705908    /usr/lib/i386-linux-gnu/libXinerama.so.1.0.0
6ac02000-6ac03000 r--p 00001000 08:06 1705908    /usr/lib/i386-linux-gnu/libXinerama.so.1.0.0
6ac03000-6ac04000 rw-p 00002000 08:06 1705908    /usr/lib/i386-linux-gnu/libXinerama.so.1.0.0
6ac04000-6ac09000 r-xp 00000000 08:06 1705902    /usr/lib/i386-linux-gnu/libXfixes.so.3.1.0
6ac09000-6ac0a000 r--p 00004000 08:06 1705902    /usr/lib/i386-linux-gnu/libXfixes.so.3.1.0
6ac0a000-6ac0b000 rw-p 00005000 08:06 1705902    /usr/lib/i386-linux-gnu/libXfixes.so.3.1.0
6ac0b000-6ac2b000 r-xp 00000000 08:06 1706208    /usr/lib/i386-linux-gnu/libgdk_pixbuf-2.0.so.0.2800.0
6ac2b000-6ac2c000 ---p 00020000 08:06 1706208    /usr/lib/i386-linux-gnu/libgdk_pixbuf-2.0.so.0.2800.0
6ac2c000-6ac2d000 r--p 00020000 08:06 1706208    /usr/lib/i386-linux-gnu/libgdk_pixbuf-2.0.so.0.2800.0
6ac2d000-6ac2e000 rw-p 00021000 08:06 1706208    /usr/lib/i386-linux-gnu/libgdk_pixbuf-2.0.so.0.2800.0
6ac2e000-6ac31000 ---p 00000000 00:00 0 
6ac31000-6ac7f000 rw-p 00000000 00:00 0          [stack:25336]
6ac7f000-6ac80000 ---p 00000000 00:00 0 
6ac80000-6ad00000 rw-p 00000000 00:00 0          [stack:25334]
6ad00000-6adff000 rw-p 00000000 00:00 0 
6adff000-6ae00000 ---p 00000000 00:00 0 
6ae00000-6ae01000 r--s 00000000 08:06 938723     /var/cache/fontconfig/406a1d2d2bf3ed7664fbadefac0b2f66-le32d4.cache-3
6ae01000-6ae04000 r-xp 00000000 08:06 1706237    /usr/lib/i386-linux-gnu/libgmodule-2.0.so.0.3600.0
6ae04000-6ae05000 r--p 00002000 08:06 1706237    /usr/lib/i386-linux-gnu/libgmodule-2.0.so.0.3600.0
6ae05000-6ae06000 rw-p 00003000 08:06 1706237    /usr/lib/i386-linux-gnu/libgmodule-2.0.so.0.3600.0
6ae06000-6ae07000 r-xp 00000000 08:06 1706360    /usr/lib/i386-linux-gnu/libgthread-2.0.so.0.3600.0
6ae07000-6ae08000 r--p 00000000 08:06 1706360    /usr/lib/i386-linux-gnu/libgthread-2.0.so.0.3600.0
6ae08000-6ae09000 rw-p 00001000 08:06 1706360    /usr/lib/i386-linux-gnu/libgthread-2.0.so.0.3600.0
6ae09000-6ae17000 r-xp 00000000 08:06 1705906    /usr/lib/i386-linux-gnu/libXi.so.6.1.0
6ae17000-6ae18000 r--p 0000d000 08:06 1705906    /usr/lib/i386-linux-gnu/libXi.so.6.1.0
6ae18000-6ae19000 rw-p 0000e000 08:06 1705906    /usr/lib/i386-linux-gnu/libXi.so.6.1.0
6ae19000-6ae21000 r-xp 00000000 08:06 1705920    /usr/lib/i386-linux-gnu/libXrender.so.1.3.0
6ae21000-6ae22000 r--p 00007000 08:06 1705920    /usr/lib/i386-linux-gnu/libXrender.so.1.3.0
6ae22000-6ae23000 rw-p 00008000 08:06 1705920    /usr/lib/i386-linux-gnu/libXrender.so.1.3.0
6ae23000-6ae33000 r-xp 00000000 08:06 1705900    /usr/lib/i386-linux-gnu/libXext.so.6.4.0
6ae33000-6ae34000 r--p 0000f000 08:06 1705900    /usr/lib/i386-linux-gnu/libXext.so.6.4.0
6ae34000-6ae35000 rw-p 00010000 08:06 1705900    /usr/lib/i386-linux-gnu/libXext.so.6.4.0
6ae35000-6afe2000 r--s 01cde000 08:06 1708621    /usr/lib/jvm/java-7-openjdk-i386/jre/lib/rt.jar
6afe2000-6dd00000 rw-p 00000000 00:00 0 
6dd00000-6dded000 rw-p 00000000 00:00 0 
6dded000-6de00000 ---p 00000000 00:00 0 
6de00000-6de02000 r--s 00000000 08:06 936655     /var/cache/fontconfig/67709b7835c0f764c1135060c9575660-le32d4.cache-3
6de02000-6de18000 r-xp 00000000 08:06 1708664    /usr/lib/jvm/java-7-openjdk-i386/jre/lib/i386/libnet.so
6de18000-6de19000 r--p 00015000 08:06 1708664    /usr/lib/jvm/java-7-openjdk-i386/jre/lib/i386/libnet.so
6de19000-6de1a000 rw-p 00016000 08:06 1708664    /usr/lib/jvm/java-7-openjdk-i386/jre/lib/i386/libnet.so
6de1a000-6de25000 r--s 001fb000 08:06 1708529    /usr/lib/jvm/java-7-openjdk-common/jre/lib/charsets.jar
6de25000-6de2e000 r--s 000bc000 08:06 1708538    /usr/lib/jvm/java-7-openjdk-common/jre/lib/resources.jar
6de2e000-6de31000 ---p 00000000 00:00 0 
6de31000-6de7f000 rw-p 00000000 00:00 0          [stack:25335]
6de7f000-6de80000 ---p 00000000 00:00 0 
6de80000-6df00000 rw-p 00000000 00:00 0          [stack:25333]
6df00000-6df21000 rw-p 00000000 00:00 0 
6df21000-6e000000 ---p 00000000 00:00 0 
6e000000-6e021000 rw-p 00000000 00:00 0 
6e021000-6e100000 ---p 00000000 00:00 0 
6e100000-6e101000 r--s 00000000 08:06 936109     /var/cache/fontconfig/0c9eb80ebd1c36541ebe2852d3bb0c49-le32d4.cache-3
6e101000-6e106000 r-xp 00000000 08:06 1705926    /usr/lib/i386-linux-gnu/libXtst.so.6.1.0
6e106000-6e107000 r--p 00004000 08:06 1705926    /usr/lib/i386-linux-gnu/libXtst.so.6.1.0
6e107000-6e108000 rw-p 00005000 08:06 1705926    /usr/lib/i386-linux-gnu/libXtst.so.6.1.0
6e108000-6e113000 r--s 001fb000 08:06 1708529    /usr/lib/jvm/java-7-openjdk-common/jre/lib/charsets.jar
6e113000-6e126000 r--s 00179000 08:06 1724490    /home/gene/Downloads/ll/vlcj-2.4.1/vlcj-2.4.1-javadoc.jar
6e126000-6e130000 r--s 00053000 08:06 1724519    /home/gene/Downloads/ll/vlcj-2.4.1/vlcj-2.4.1-tests.jar
6e130000-6e137000 r--s 00094000 08:06 1784822    /home/gene/netbeans-7.3.1/java/modules/ext/beansbinding-1.2.1.jar
6e137000-6e17f000 rw-p 00000000 00:00 0 
6e17f000-6e180000 ---p 00000000 00:00 0 
6e180000-6e200000 rw-p 00000000 00:00 0          [stack:25332]
6e200000-6e236000 rw-p 00000000 00:00 0 
6e236000-6e300000 ---p 00000000 00:00 0 
6e300000-6e30f000 r--s 00115000 08:06 1724216    /home/gene/Downloads/ll/vlcj-2.4.1/platform-3.5.2.jar
6e30f000-6e312000 r--s 000a6000 08:06 1724183    /home/gene/Downloads/ll/vlcj-2.4.1/jna-3.5.2.jar
6e312000-6e31c000 r--s 0004b000 08:06 1724492    /home/gene/Downloads/ll/vlcj-2.4.1/vlcj-2.4.1.jar
6e31c000-6e32b000 r--s 000d3000 08:06 1786959    /home/gene/Downloads/jaudiotagger-2.2.0-20130321.142353-1.jar
6e32b000-6e343000 r--s 001b9000 08:06 1779640    /home/gene/lab/music/playmp3/jmf.jar
6e343000-6e344000 ---p 00000000 00:00 0 
6e344000-6e3c4000 rw-p 00000000 00:00 0          [stack:25331]
6e3c4000-6e3c5000 ---p 00000000 00:00 0 
6e3c5000-6e44d000 rw-p 00000000 00:00 0          [stack:25330]
6e44d000-6e485000 rw-p 00000000 00:00 0 
6e485000-6e49a000 rw-p 00000000 00:00 0 
6e49a000-6e5c9000 rw-p 00000000 00:00 0 
6e5c9000-6e5d1000 rw-p 00000000 00:00 0 
6e5d1000-6e609000 rw-p 00000000 00:00 0 
6e609000-6e61e000 rw-p 00000000 00:00 0 
6e61e000-6e74d000 rw-p 00000000 00:00 0 
6e74d000-6e758000 rw-p 00000000 00:00 0 
6e758000-6e7ef000 rw-p 00000000 00:00 0 
6e7ef000-6f7f0000 rw-p 00000000 00:00 0 
6f7f0000-767f0000 rw-p 00000000 00:00 0 
767f0000-79070000 rw-p 00000000 00:00 0 
79070000-9eff0000 rw-p 00000000 00:00 0 
9eff0000-a0420000 rw-p 00000000 00:00 0 
a0420000-b33f0000 rw-p 00000000 00:00 0 
b33f0000-b33f1000 r--s 00000000 08:06 936124     /var/cache/fontconfig/62f91419b9ebdb6975e7e41ab6412357-le32d4.cache-3
b33f1000-b33f2000 r--s 00000000 08:06 938994     /var/cache/fontconfig/e0aa53bcfa504e64f87823c16bc01eb6-le32d4.cache-3
b33f2000-b33f5000 r--s 00027000 08:06 1798650    /home/gene/Downloads/rs2xml.jar
b33f5000-b33fe000 rw-p 00000000 00:00 0 
b33fe000-b34b5000 rw-p 00000000 00:00 0 
b34b5000-b36f5000 rwxp 00000000 00:00 0 
b36f5000-b64b5000 rw-p 00000000 00:00 0 
b64b5000-b64c0000 r-xp 00000000 08:06 262543     /lib/i386-linux-gnu/libnss_files-2.17.so
b64c0000-b64c1000 r--p 0000a000 08:06 262543     /lib/i386-linux-gnu/libnss_files-2.17.so
b64c1000-b64c2000 rw-p 0000b000 08:06 262543     /lib/i386-linux-gnu/libnss_files-2.17.so
b64c2000-b64cc000 r-xp 00000000 08:06 262548     /lib/i386-linux-gnu/libnss_nis-2.17.so
b64cc000-b64cd000 r--p 00009000 08:06 262548     /lib/i386-linux-gnu/libnss_nis-2.17.so
b64cd000-b64ce000 rw-p 0000a000 08:06 262548     /lib/i386-linux-gnu/libnss_nis-2.17.so
b64ce000-b64e3000 r-xp 00000000 08:06 262537     /lib/i386-linux-gnu/libnsl-2.17.so
b64e3000-b64e4000 r--p 00014000 08:06 262537     /lib/i386-linux-gnu/libnsl-2.17.so
b64e4000-b64e5000 rw-p 00015000 08:06 262537     /lib/i386-linux-gnu/libnsl-2.17.so
b64e5000-b64e7000 rw-p 00000000 00:00 0 
b64e7000-b64e9000 r--s 00380000 08:06 1795454    /home/gene/Downloads/sqlite-jdbc-3.7.15-M1.jar
b64e9000-b64ea000 r--s 00014000 08:06 1795668    /home/gene/lab/music/playmp3/mp3plugin.jar
b64ea000-b64ec000 r--s 00006000 08:06 137009     /usr/share/java/java-atk-wrapper.jar
b64ec000-b64ed000 r--s 00002000 08:06 1708545    /usr/lib/jvm/java-7-openjdk-common/jre/lib/ext/dnsns.jar
b64ed000-b64f0000 r--s 0000f000 08:06 1708547    /usr/lib/jvm/java-7-openjdk-common/jre/lib/ext/pulse-java.jar
b64f0000-b64f4000 r--s 00085000 08:06 1708546    /usr/lib/jvm/java-7-openjdk-common/jre/lib/ext/localedata.jar
b64f4000-b64f6000 r--s 00012000 08:06 1708550    /usr/lib/jvm/java-7-openjdk-common/jre/lib/ext/zipfs.jar
b64f6000-b64fe000 r-xp 00000000 08:06 1708674    /usr/lib/jvm/java-7-openjdk-i386/jre/lib/i386/libzip.so
b64fe000-b64ff000 r--p 00007000 08:06 1708674    /usr/lib/jvm/java-7-openjdk-i386/jre/lib/i386/libzip.so
b64ff000-b6500000 rw-p 00008000 08:06 1708674    /usr/lib/jvm/java-7-openjdk-i386/jre/lib/i386/libzip.so
b6500000-b65fc000 rw-p 00000000 00:00 0 
b65fc000-b6600000 ---p 00000000 00:00 0 
b6600000-b6603000 r--s 00032000 08:06 1708548    /usr/lib/jvm/java-7-openjdk-common/jre/lib/ext/sunjce_provider.jar
b6603000-b6606000 r--s 0003c000 08:06 1708549    /usr/lib/jvm/java-7-openjdk-common/jre/lib/ext/sunpkcs11.jar
b6606000-b6607000 r--p 005db000 08:06 1709808    /usr/lib/locale/locale-archive
b6607000-b660e000 r-xp 00000000 08:06 262539     /lib/i386-linux-gnu/libnss_compat-2.17.so
b660e000-b660f000 r--p 00006000 08:06 262539     /lib/i386-linux-gnu/libnss_compat-2.17.so
b660f000-b6610000 rw-p 00007000 08:06 262539     /lib/i386-linux-gnu/libnss_compat-2.17.so
b6610000-b6637000 r-xp 00000000 08:06 1708652    /usr/lib/jvm/java-7-openjdk-i386/jre/lib/i386/libjava.so
b6637000-b6638000 r--p 00026000 08:06 1708652    /usr/lib/jvm/java-7-openjdk-i386/jre/lib/i386/libjava.so
b6638000-b6639000 rw-p 00027000 08:06 1708652    /usr/lib/jvm/java-7-openjdk-i386/jre/lib/i386/libjava.so
b6639000-b6640000 r-xp 00000000 08:06 262591     /lib/i386-linux-gnu/librt-2.17.so
b6640000-b6641000 r--p 00006000 08:06 262591     /lib/i386-linux-gnu/librt-2.17.so
b6641000-b6642000 rw-p 00007000 08:06 262591     /lib/i386-linux-gnu/librt-2.17.so
b6642000-b6645000 ---p 00000000 00:00 0 
b6645000-b6693000 rw-p 00000000 00:00 0          [stack:25329]
b6693000-b66ae000 r-xp 00000000 08:06 262495     /lib/i386-linux-gnu/libgcc_s.so.1
b66ae000-b66af000 r--p 0001a000 08:06 262495     /lib/i386-linux-gnu/libgcc_s.so.1
b66af000-b66b0000 rw-p 0001b000 08:06 262495     /lib/i386-linux-gnu/libgcc_s.so.1
b66b0000-b66f1000 r-xp 00000000 08:06 262518     /lib/i386-linux-gnu/libm-2.17.so
b66f1000-b66f2000 r--p 00040000 08:06 262518     /lib/i386-linux-gnu/libm-2.17.so
b66f2000-b66f3000 rw-p 00041000 08:06 262518     /lib/i386-linux-gnu/libm-2.17.so
b66f3000-b67cf000 r-xp 00000000 08:06 1706691    /usr/lib/i386-linux-gnu/libstdc++.so.6.0.17
b67cf000-b67d0000 ---p 000dc000 08:06 1706691    /usr/lib/i386-linux-gnu/libstdc++.so.6.0.17
b67d0000-b67d4000 r--p 000dc000 08:06 1706691    /usr/lib/i386-linux-gnu/libstdc++.so.6.0.17
b67d4000-b67d5000 rw-p 000e0000 08:06 1706691    /usr/lib/i386-linux-gnu/libstdc++.so.6.0.17
b67d5000-b67dc000 rw-p 00000000 00:00 0 
b67dc000-b70d1000 r-xp 00000000 08:06 1708685    /usr/lib/jvm/java-7-openjdk-i386/jre/lib/i386/server/libjvm.so
b70d1000-b7118000 r--p 008f4000 08:06 1708685    /usr/lib/jvm/java-7-openjdk-i386/jre/lib/i386/server/libjvm.so
b7118000-b712c000 rw-p 0093b000 08:06 1708685    /usr/lib/jvm/java-7-openjdk-i386/jre/lib/i386/server/libjvm.so
b712c000-b754a000 rw-p 00000000 00:00 0 
b754a000-b7561000 r-xp 00000000 08:06 262624     /lib/i386-linux-gnu/libz.so.1.2.7
b7561000-b7562000 r--p 00016000 08:06 262624     /lib/i386-linux-gnu/libz.so.1.2.7
b7562000-b7563000 rw-p 00017000 08:06 262624     /lib/i386-linux-gnu/libz.so.1.2.7
b7563000-b757a000 r-xp 00000000 08:06 262583     /lib/i386-linux-gnu/libpthread-2.17.so
b757a000-b757b000 r--p 00016000 08:06 262583     /lib/i386-linux-gnu/libpthread-2.17.so
b757b000-b757c000 rw-p 00017000 08:06 262583     /lib/i386-linux-gnu/libpthread-2.17.so
b757c000-b757e000 rw-p 00000000 00:00 0 
b757e000-b7581000 r-xp 00000000 08:06 262485     /lib/i386-linux-gnu/libdl-2.17.so
b7581000-b7582000 r--p 00002000 08:06 262485     /lib/i386-linux-gnu/libdl-2.17.so
b7582000-b7583000 rw-p 00003000 08:06 262485     /lib/i386-linux-gnu/libdl-2.17.so
b7583000-b7730000 r-xp 00000000 08:06 262470     /lib/i386-linux-gnu/libc-2.17.so
b7730000-b7732000 r--p 001ad000 08:06 262470     /lib/i386-linux-gnu/libc-2.17.so
b7732000-b7733000 rw-p 001af000 08:06 262470     /lib/i386-linux-gnu/libc-2.17.so
b7733000-b7736000 rw-p 00000000 00:00 0 
b7736000-b773e000 rw-s 00000000 08:06 1441574    /tmp/hsperfdata_gene/25324
b773e000-b773f000 rw-p 00000000 00:00 0 
b773f000-b7740000 r--p 00000000 00:00 0 
b7740000-b774d000 r-xp 00000000 08:06 1708673    /usr/lib/jvm/java-7-openjdk-i386/jre/lib/i386/libverify.so
b774d000-b774e000 r--p 0000d000 08:06 1708673    /usr/lib/jvm/java-7-openjdk-i386/jre/lib/i386/libverify.so
b774e000-b774f000 rw-p 0000e000 08:06 1708673    /usr/lib/jvm/java-7-openjdk-i386/jre/lib/i386/libverify.so
b774f000-b775c000 r-xp 00000000 08:06 1708681    /usr/lib/jvm/java-7-openjdk-i386/jre/lib/i386/jli/libjli.so
b775c000-b775d000 r--p 0000c000 08:06 1708681    /usr/lib/jvm/java-7-openjdk-i386/jre/lib/i386/jli/libjli.so
b775d000-b775e000 rw-p 0000d000 08:06 1708681    /usr/lib/jvm/java-7-openjdk-i386/jre/lib/i386/jli/libjli.so
b775e000-b7761000 rw-p 00000000 00:00 0 
b7761000-b7762000 r-xp 00000000 00:00 0          [vdso]
b7762000-b7782000 r-xp 00000000 08:06 262446     /lib/i386-linux-gnu/ld-2.17.so
b7782000-b7783000 r--p 0001f000 08:06 262446     /lib/i386-linux-gnu/ld-2.17.so
b7783000-b7784000 rw-p 00020000 08:06 262446     /lib/i386-linux-gnu/ld-2.17.so
bf9b9000-bf9da000 rw-p 00000000 00:00 0          [stack]

VM Arguments:
jvm_args: -Dfile.encoding=UTF-8 
java_command: musicplayer.Musicplayer
Launcher Type: SUN_STANDARD

Environment Variables:
PATH=/usr/local/sbin:/usr/local/bin:/usr/sbin:/usr/bin:/sbin:/bin:/usr/games:/usr/local/games
USERNAME=gene
LD_LIBRARY_PATH=/usr/lib/jvm/default-java/jre/lib/amd64:/usr/lib/jvm/default-java/jre/lib/i386:
SHELL=/bin/bash
DISPLAY=:0

Signal Handlers:
SIGSEGV: [libjvm.so+0x7598c0], sa_mask[0]=0x7ffbfeff, sa_flags=0x10000004
SIGBUS: [libjvm.so+0x7598c0], sa_mask[0]=0x7ffbfeff, sa_flags=0x10000004
SIGFPE: [libjvm.so+0x5f54f0], sa_mask[0]=0x7ffbfeff, sa_flags=0x10000004
SIGPIPE: [libjvm.so+0x5f54f0], sa_mask[0]=0x7ffbfeff, sa_flags=0x10000004
SIGXFSZ: [libjvm.so+0x5f54f0], sa_mask[0]=0x7ffbfeff, sa_flags=0x10000004
SIGILL: [libjvm.so+0x5f54f0], sa_mask[0]=0x7ffbfeff, sa_flags=0x10000004
SIGUSR1: SIG_DFL, sa_mask[0]=0x00000000, sa_flags=0x00000000
SIGUSR2: [libjvm.so+0x5f53a0], sa_mask[0]=0x00000004, sa_flags=0x10000004
SIGHUP: [libjvm.so+0x5f5930], sa_mask[0]=0x7ffbfeff, sa_flags=0x10000004
SIGINT: SIG_IGN, sa_mask[0]=0x00000000, sa_flags=0x00000000
SIGTERM: [libjvm.so+0x5f5930], sa_mask[0]=0x7ffbfeff, sa_flags=0x10000004
SIGQUIT: [libjvm.so+0x5f5930], sa_mask[0]=0x7ffbfeff, sa_flags=0x10000004


---------------  S Y S T E M  ---------------

OS:Ubuntu 13.04 (raring)
uname:Linux 3.8.0-19-generic #29-Ubuntu SMP Wed Apr 17 18:19:42 UTC 2013 i686
libc:glibc 2.17 NPTL 2.17 
rlimit: STACK 8192k, CORE 0k, NPROC 30928, NOFILE 4096, AS infinity
load average:0.59 0.92 1.40

/proc/meminfo:
MemTotal:        3975340 kB
MemFree:          929708 kB
Buffers:          707288 kB
Cached:          1184020 kB
SwapCached:            0 kB
Active:          1226792 kB
Inactive:        1721720 kB
Active(anon):     893288 kB
Inactive(anon):   327676 kB
Active(file):     333504 kB
Inactive(file):  1394044 kB
Unevictable:           0 kB
Mlocked:               0 kB
HighTotal:       3125056 kB
HighFree:         864136 kB
LowTotal:         850284 kB
LowFree:           65572 kB
SwapTotal:       2047996 kB
SwapFree:        2047996 kB
Dirty:               712 kB
Writeback:             0 kB
AnonPages:       1056740 kB
Mapped:           135608 kB
Shmem:            163816 kB
Slab:              61476 kB
SReclaimable:      39684 kB
SUnreclaim:        21792 kB
KernelStack:        3504 kB
PageTables:         8468 kB
NFS_Unstable:          0 kB
Bounce:                0 kB
WritebackTmp:          0 kB
CommitLimit:     4035664 kB
Committed_AS:    3108016 kB
VmallocTotal:     122880 kB
VmallocUsed:       20008 kB
VmallocChunk:      89160 kB
HardwareCorrupted:     0 kB
AnonHugePages:         0 kB
HugePages_Total:       0
HugePages_Free:        0
HugePages_Rsvd:        0
HugePages_Surp:        0
Hugepagesize:       2048 kB
DirectMap4k:       10232 kB
DirectMap2M:      903168 kB


CPU:total 4 (2 cores per cpu, 2 threads per core) family 6 model 42 stepping 7, cmov, cx8, fxsr, mmx, sse, sse2, sse3, ssse3, sse4.1, sse4.2, popcnt, avx, ht, tsc, tscinvbit

/proc/cpuinfo:
processor	: 0
vendor_id	: GenuineIntel
cpu family	: 6
model		: 42
model name	: Intel(R) Core(TM) i3-2370M CPU @ 2.40GHz
stepping	: 7
microcode	: 0x25
cpu MHz		: 2400.000
cache size	: 3072 KB
physical id	: 0
siblings	: 4
core id		: 0
cpu cores	: 2
apicid		: 0
initial apicid	: 0
fdiv_bug	: no
hlt_bug		: no
f00f_bug	: no
coma_bug	: no
fpu		: yes
fpu_exception	: yes
cpuid level	: 13
wp		: yes
flags		: fpu vme de pse tsc msr pae mce cx8 apic sep mtrr pge mca cmov pat pse36 clflush dts acpi mmx fxsr sse sse2 ss ht tm pbe nx rdtscp lm constant_tsc arch_perfmon pebs bts xtopology nonstop_tsc aperfmperf eagerfpu pni pclmulqdq dtes64 monitor ds_cpl vmx est tm2 ssse3 cx16 xtpr pdcm pcid sse4_1 sse4_2 x2apic popcnt tsc_deadline_timer xsave avx lahf_lm arat epb xsaveopt pln pts dtherm tpr_shadow vnmi flexpriority ept vpid
bogomips	: 4788.77
clflush size	: 64
cache_alignment	: 64
address sizes	: 36 bits physical, 48 bits virtual
power management:

processor	: 1
vendor_id	: GenuineIntel
cpu family	: 6
model		: 42
model name	: Intel(R) Core(TM) i3-2370M CPU @ 2.40GHz
stepping	: 7
microcode	: 0x25
cpu MHz		: 2400.000
cache size	: 3072 KB
physical id	: 0
siblings	: 4
core id		: 0
cpu cores	: 2
apicid		: 1
initial apicid	: 1
fdiv_bug	: no
hlt_bug		: no
f00f_bug	: no
coma_bug	: no
fpu		: yes
fpu_exception	: yes
cpuid level	: 13
wp		: yes
flags		: fpu vme de pse tsc msr pae mce cx8 apic sep mtrr pge mca cmov pat pse36 clflush dts acpi mmx fxsr sse sse2 ss ht tm pbe nx rdtscp lm constant_tsc arch_perfmon pebs bts xtopology nonstop_tsc aperfmperf eagerfpu pni pclmulqdq dtes64 monitor ds_cpl vmx est tm2 ssse3 cx16 xtpr pdcm pcid sse4_1 sse4_2 x2apic popcnt tsc_deadline_timer xsave avx lahf_lm arat epb xsaveopt pln pts dtherm tpr_shadow vnmi flexpriority ept vpid
bogomips	: 4788.77
clflush size	: 64
cache_alignment	: 64
address sizes	: 36 bits physical, 48 bits virtual
power management:

processor	: 2
vendor_id	: GenuineIntel
cpu family	: 6
model		: 42
model name	: Intel(R) Core(TM) i3-2370M CPU @ 2.40GHz
stepping	: 7
microcode	: 0x25
cpu MHz		: 2400.000
cache size	: 3072 KB
physical id	: 0
siblings	: 4
core id		: 1
cpu cores	: 2
apicid		: 2
initial apicid	: 2
fdiv_bug	: no
hlt_bug		: no
f00f_bug	: no
coma_bug	: no
fpu		: yes
fpu_exception	: yes
cpuid level	: 13
wp		: yes
flags		: fpu vme de pse tsc msr pae mce cx8 apic sep mtrr pge mca cmov pat pse36 clflush dts acpi mmx fxsr sse sse2 ss ht tm pbe nx rdtscp lm constant_tsc arch_perfmon pebs bts xtopology nonstop_tsc aperfmperf eagerfpu pni pclmulqdq dtes64 monitor ds_cpl vmx est tm2 ssse3 cx16 xtpr pdcm pcid sse4_1 sse4_2 x2apic popcnt tsc_deadline_timer xsave avx lahf_lm arat epb xsaveopt pln pts dtherm tpr_shadow vnmi flexpriority ept vpid
bogomips	: 4788.77
clflush size	: 64
cache_alignment	: 64
address sizes	: 36 bits physical, 48 bits virtual
power management:

processor	: 3
vendor_id	: GenuineIntel
cpu family	: 6
model		: 42
model name	: Intel(R) Core(TM) i3-2370M CPU @ 2.40GHz
stepping	: 7
microcode	: 0x25
cpu MHz		: 900.000
cache size	: 3072 KB
physical id	: 0
siblings	: 4
core id		: 1
cpu cores	: 2
apicid		: 3
initial apicid	: 3
fdiv_bug	: no
hlt_bug		: no
f00f_bug	: no
coma_bug	: no
fpu		: yes
fpu_exception	: yes
cpuid level	: 13
wp		: yes
flags		: fpu vme de pse tsc msr pae mce cx8 apic sep mtrr pge mca cmov pat pse36 clflush dts acpi mmx fxsr sse sse2 ss ht tm pbe nx rdtscp lm constant_tsc arch_perfmon pebs bts xtopology nonstop_tsc aperfmperf eagerfpu pni pclmulqdq dtes64 monitor ds_cpl vmx est tm2 ssse3 cx16 xtpr pdcm pcid sse4_1 sse4_2 x2apic popcnt tsc_deadline_timer xsave avx lahf_lm arat epb xsaveopt pln pts dtherm tpr_shadow vnmi flexpriority ept vpid
bogomips	: 4788.77
clflush size	: 64
cache_alignment	: 64
address sizes	: 36 bits physical, 48 bits virtual
power management:



Memory: 4k page, physical 3975340k(929460k free), swap 2047996k(2047996k free)

vm_info: OpenJDK Server VM (23.7-b01) for linux-x86 JRE (1.7.0_21-b02), built on Apr 22 2013 07:41:32 by "buildd" with gcc 4.7.3

time: Thu Oct 31 18:14:39 2013
elapsed time: 19 seconds

