#
# A fatal error has been detected by the Java Runtime Environment:
#
#  SIGSEGV (0xb) at pc=0xb7710f98, pid=25523, tid=1730149184
#
# JRE version: 7.0_21-b02
# Java VM: OpenJDK Server VM (23.7-b01 mixed mode linux-x86 )
# Problematic frame:
# C  [libc.so.6+0x12ef98]  _IO_file_underflow+0x68
#
# Failed to write core dump. Core dumps have been disabled. To enable core dumping, try "ulimit -c unlimited" before starting Java again
#
# If you would like to submit a bug report, please include
# instructions on how to reproduce the bug and visit:
#   https://bugs.launchpad.net/ubuntu/+source/openjdk-7/
#

---------------  T H R E A D  ---------------

Current thread is native thread

siginfo:si_signo=SIGSEGV: si_errno=0, si_code=1 (SEGV_MAPERR), si_addr=0x00000037

Registers:
EAX=0x67716000, EBX=0xb7791000, ECX=0xffffffff, EDX=0x00001000
ESP=0x671fcda0, EBP=0x00000001, ESI=0x6ddfa708, EDI=0x671ffb40
EIP=0xb7710f98, EFLAGS=0x00210206, CR2=0x00000037

Top of Stack: (sp=0x671fcda0)
0x671fcda0:   6ddfa708 67716000 00001000 b7791000
0x671fcdb0:   6ddfa708 b7791000 6ddfa708 b7655da9
0x671fcdc0:   6ddfa708 b764857a b7791000 b7791000
0x671fcdd0:   6ddfa708 671ffb40 6ddfa708 b7655bdb
0x671fcde0:   6ddfa708 ffffffff 646b4649 646d3000
0x671fcdf0:   b76485d7 b7791000 6ddfa708 b764bebc
0x671fce00:   6ddfa708 646ca22a 00000001 646d3000
0x671fce10:   646d3000 6727b338 6705be88 646bdd8c 

Instructions: (pc=0xb7710f98)
0xb7710f78:   4c 89 46 04 29 c2 89 46 0c 89 46 08 89 46 18 89
0xb7710f88:   46 14 89 46 10 89 54 24 08 89 44 24 04 89 34 24
0xb7710f98:   ff 51 38 83 f8 00 7e 38 8b 56 40 01 46 08 83 fa
0xb7710fa8:   ff 74 05 01 d0 89 46 40 8b 46 04 0f b6 00 83 c4 

Register to memory mapping:

EAX=0x67716000 is an unknown value
EBX=0xb7791000: <offset 0x1af000> in /lib/i386-linux-gnu/libc.so.6 at 0xb75e2000
ECX=0xffffffff is an unknown value
EDX=0x00001000 is an unknown value
ESP=0x671fcda0 is an unknown value
EBP=0x00000001 is an unknown value
ESI=0x6ddfa708 is an unknown value
EDI=0x671ffb40 is an unknown value


Stack: [0x6717f000,0x67200000],  sp=0x671fcda0,  free space=503k
Native frames: (J=compiled Java code, j=interpreted, Vv=VM code, C=native code)
C  [libc.so.6+0x12ef98]  _IO_file_underflow+0x68


---------------  P R O C E S S  ---------------

VM state:not at safepoint (normal execution)

VM Mutex/Monitor currently owned by a thread: None

Heap
 PSYoungGen      total 13696K, used 11616K [0x9f040000, 0xa09c0000, 0xb3440000)
  eden space 13312K, 84% used [0x9f040000,0x9fb3e248,0x9fd40000)
  from space 384K, 93% used [0x9fd80000,0x9fdda110,0x9fde0000)
  to   space 6400K, 0% used [0xa0380000,0xa0380000,0xa09c0000)
 ParOldGen       total 41472K, used 8465K [0x76840000, 0x790c0000, 0x9f040000)
  object space 41472K, 20% used [0x76840000,0x77084798,0x790c0000)
 PSPermGen       total 16384K, used 15166K [0x6e840000, 0x6f840000, 0x76840000)
  object space 16384K, 92% used [0x6e840000,0x6f70faf0,0x6f840000)

Card table byte_map: [0x6e619000,0x6e840000] byte_map_base: 0x6e2a4e00

Polling page: 0xb779e000

Code Cache  [0xb3500000, 0xb3740000, 0xb6500000)
 total_blobs=871 nmethods=600 adapters=223 free_code_cache=47705Kb largest_free_block=48774208

Compilation events (10 events):
Event: 56.375 Thread 0x6adfe800  643             java.util.LinkedHashMap$LinkedHashIterator::<init> (40 bytes)
Event: 56.376 Thread 0x6adfe800 nmethod 643 0xb3654548 code [0xb3654640, 0xb36546d0]
Event: 56.376 Thread 0x6adfe800  644             java.util.LinkedHashMap$ValueIterator::<init> (6 bytes)
Event: 56.376 Thread 0x6adfc800 nmethod 642 0xb3645c88 code [0xb3645d80, 0xb3645e10]
Event: 56.377 Thread 0x6adfc800  645             java.util.LinkedHashMap$ValueIterator::<init> (12 bytes)
Event: 56.377 Thread 0x6adfe800 nmethod 644 0xb3645a08 code [0xb3645b00, 0xb3645b90]
Event: 56.378 Thread 0x6adfc800 nmethod 645 0xb3645788 code [0xb3645880, 0xb3645910]
Event: 56.383 Thread 0x6adfe800  646             java.util.concurrent.atomic.AtomicInteger::get (5 bytes)
Event: 56.383 Thread 0x6adfe800 nmethod 646 0xb367abc8 code [0xb367aca0, 0xb367acf0]
Event: 56.759 Thread 0x6adfc800  647             com.sun.jna.Function::invoke (526 bytes)

GC Heap History (10 events):
Event: 41.389 GC heap before
{Heap before GC invocations=7 (full 0):
 PSYoungGen      total 20480K, used 17373K [0x9f040000, 0xa0aa0000, 0xb3440000)
  eden space 14848K, 100% used [0x9f040000,0x9fec0000,0x9fec0000)
  from space 5632K, 44% used [0xa0520000,0xa07977c0,0xa0aa0000)
  to   space 6080K, 0% used [0x9fec0000,0x9fec0000,0xa04b0000)
 ParOldGen       total 41472K, used 5722K [0x76840000, 0x790c0000, 0x9f040000)
  object space 41472K, 13% used [0x76840000,0x76dd6a10,0x790c0000)
 PSPermGen       total 16384K, used 15113K [0x6e840000, 0x6f840000, 0x76840000)
  object space 16384K, 92% used [0x6e840000,0x6f702780,0x6f840000)
Event: 41.400 GC heap after
Heap after GC invocations=7 (full 0):
 PSYoungGen      total 20608K, used 441K [0x9f040000, 0xa0af0000, 0xb3440000)
  eden space 14528K, 0% used [0x9f040000,0x9f040000,0x9fe70000)
  from space 6080K, 7% used [0x9fec0000,0x9ff2e510,0xa04b0000)
  to   space 6400K, 0% used [0xa04b0000,0xa04b0000,0xa0af0000)
 ParOldGen       total 41472K, used 7900K [0x76840000, 0x790c0000, 0x9f040000)
  object space 41472K, 19% used [0x76840000,0x76ff72a8,0x790c0000)
 PSPermGen       total 16384K, used 15113K [0x6e840000, 0x6f840000, 0x76840000)
  object space 16384K, 92% used [0x6e840000,0x6f702780,0x6f840000)
}
Event: 45.682 GC heap before
{Heap before GC invocations=8 (full 0):
 PSYoungGen      total 20608K, used 14969K [0x9f040000, 0xa0af0000, 0xb3440000)
  eden space 14528K, 100% used [0x9f040000,0x9fe70000,0x9fe70000)
  from space 6080K, 7% used [0x9fec0000,0x9ff2e510,0xa04b0000)
  to   space 6400K, 0% used [0xa04b0000,0xa04b0000,0xa0af0000)
 ParOldGen       total 41472K, used 7900K [0x76840000, 0x790c0000, 0x9f040000)
  object space 41472K, 19% used [0x76840000,0x76ff72a8,0x790c0000)
 PSPermGen       total 16384K, used 15118K [0x6e840000, 0x6f840000, 0x76840000)
  object space 16384K, 92% used [0x6e840000,0x6f703bd8,0x6f840000)
Event: 45.687 GC heap after
Heap after GC invocations=8 (full 0):
 PSYoungGen      total 20544K, used 472K [0x9f040000, 0xa0ae0000, 0xb3440000)
  eden space 14208K, 0% used [0x9f040000,0x9f040000,0x9fe20000)
  from space 6336K, 7% used [0xa04b0000,0xa05262a0,0xa0ae0000)
  to   space 6528K, 0% used [0x9fe20000,0x9fe20000,0xa0480000)
 ParOldGen       total 41472K, used 7952K [0x76840000, 0x790c0000, 0x9f040000)
  object space 41472K, 19% used [0x76840000,0x770042a8,0x790c0000)
 PSPermGen       total 16384K, used 15118K [0x6e840000, 0x6f840000, 0x76840000)
  object space 16384K, 92% used [0x6e840000,0x6f703bd8,0x6f840000)
}
Event: 52.227 GC heap before
{Heap before GC invocations=9 (full 0):
 PSYoungGen      total 20544K, used 14680K [0x9f040000, 0xa0ae0000, 0xb3440000)
  eden space 14208K, 100% used [0x9f040000,0x9fe20000,0x9fe20000)
  from space 6336K, 7% used [0xa04b0000,0xa05262a0,0xa0ae0000)
  to   space 6528K, 0% used [0x9fe20000,0x9fe20000,0xa0480000)
 ParOldGen       total 41472K, used 7952K [0x76840000, 0x790c0000, 0x9f040000)
  object space 41472K, 19% used [0x76840000,0x770042a8,0x790c0000)
 PSPermGen       total 16384K, used 15140K [0x6e840000, 0x6f840000, 0x76840000)
  object space 16384K, 92% used [0x6e840000,0x6f7093c0,0x6f840000)
Event: 52.231 GC heap after
Heap after GC invocations=9 (full 0):
 PSYoungGen      total 14400K, used 476K [0x9f040000, 0xa0a90000, 0xb3440000)
  eden space 13888K, 0% used [0x9f040000,0x9f040000,0x9fdd0000)
  from space 512K, 93% used [0x9fe20000,0x9fe97378,0x9fea0000)
  to   space 6528K, 0% used [0xa0430000,0xa0430000,0xa0a90000)
 ParOldGen       total 41472K, used 8093K [0x76840000, 0x790c0000, 0x9f040000)
  object space 41472K, 19% used [0x76840000,0x77027650,0x790c0000)
 PSPermGen       total 16384K, used 15140K [0x6e840000, 0x6f840000, 0x76840000)
  object space 16384K, 92% used [0x6e840000,0x6f7093c0,0x6f840000)
}
Event: 53.149 GC heap before
{Heap before GC invocations=10 (full 0):
 PSYoungGen      total 14400K, used 14364K [0x9f040000, 0xa0a90000, 0xb3440000)
  eden space 13888K, 100% used [0x9f040000,0x9fdd0000,0x9fdd0000)
  from space 512K, 93% used [0x9fe20000,0x9fe97378,0x9fea0000)
  to   space 6528K, 0% used [0xa0430000,0xa0430000,0xa0a90000)
 ParOldGen       total 41472K, used 8093K [0x76840000, 0x790c0000, 0x9f040000)
  object space 41472K, 19% used [0x76840000,0x77027650,0x790c0000)
 PSPermGen       total 16384K, used 15149K [0x6e840000, 0x6f840000, 0x76840000)
  object space 16384K, 92% used [0x6e840000,0x6f70b7d0,0x6f840000)
Event: 53.154 GC heap after
Heap after GC invocations=10 (full 0):
 PSYoungGen      total 19776K, used 460K [0x9f040000, 0xa0a40000, 0xb3440000)
  eden space 13568K, 0% used [0x9f040000,0x9f040000,0x9fd80000)
  from space 6208K, 7% used [0xa0430000,0xa04a3008,0xa0a40000)
  to   space 6528K, 0% used [0x9fd80000,0x9fd80000,0xa03e0000)
 ParOldGen       total 41472K, used 8252K [0x76840000, 0x790c0000, 0x9f040000)
  object space 41472K, 19% used [0x76840000,0x7704f1e0,0x790c0000)
 PSPermGen       total 16384K, used 15149K [0x6e840000, 0x6f840000, 0x76840000)
  object space 16384K, 92% used [0x6e840000,0x6f70b7d0,0x6f840000)
}
Event: 56.242 GC heap before
{Heap before GC invocations=11 (full 0):
 PSYoungGen      total 19776K, used 14028K [0x9f040000, 0xa0a40000, 0xb3440000)
  eden space 13568K, 100% used [0x9f040000,0x9fd80000,0x9fd80000)
  from space 6208K, 7% used [0xa0430000,0xa04a3008,0xa0a40000)
  to   space 6528K, 0% used [0x9fd80000,0x9fd80000,0xa03e0000)
 ParOldGen       total 41472K, used 8252K [0x76840000, 0x790c0000, 0x9f040000)
  object space 41472K, 19% used [0x76840000,0x7704f1e0,0x790c0000)
 PSPermGen       total 16384K, used 15164K [0x6e840000, 0x6f840000, 0x76840000)
  object space 16384K, 92% used [0x6e840000,0x6f70f3b0,0x6f840000)
Event: 56.244 GC heap after
Heap after GC invocations=11 (full 0):
 PSYoungGen      total 13696K, used 360K [0x9f040000, 0xa09c0000, 0xb3440000)
  eden space 13312K, 0% used [0x9f040000,0x9f040000,0x9fd40000)
  from space 384K, 93% used [0x9fd80000,0x9fdda110,0x9fde0000)
  to   space 6400K, 0% used [0xa0380000,0xa0380000,0xa09c0000)
 ParOldGen       total 41472K, used 8465K [0x76840000, 0x790c0000, 0x9f040000)
  object space 41472K, 20% used [0x76840000,0x77084798,0x790c0000)
 PSPermGen       total 16384K, used 15164K [0x6e840000, 0x6f840000, 0x76840000)
  object space 16384K, 92% used [0x6e840000,0x6f70f3b0,0x6f840000)
}

Deoptimization events (10 events):
Event: 32.725 Thread 0x67a09800 Uncommon trap -83 fr.pc 0xb363dd80
Event: 32.728 Thread 0x67a09800 Uncommon trap -58 fr.pc 0xb362016c
Event: 34.543 Thread 0x6729a400 Uncommon trap -12 fr.pc 0xb364a448
Event: 34.544 Thread 0x6729a400 Uncommon trap -12 fr.pc 0xb3654bac
Event: 34.546 Thread 0x6729a400 Uncommon trap -12 fr.pc 0xb364d724
Event: 34.548 Thread 0x6729a400 Uncommon trap -12 fr.pc 0xb36507c0
Event: 34.550 Thread 0x6729a400 Uncommon trap -12 fr.pc 0xb3657b00
Event: 34.804 Thread 0x6729a400 Uncommon trap -12 fr.pc 0xb3645804
Event: 53.948 Thread 0x67a09800 Uncommon trap -12 fr.pc 0xb3647ae8
Event: 56.712 Thread 0x67a09800 Uncommon trap 38 fr.pc 0xb35c0518

Internal exceptions (10 events):
Event: 33.002 Thread 0x67a09800 Threw 0x9f1376c0 at /build/buildd/openjdk-7-7u21-2.3.9/build/openjdk/hotspot/src/share/vm/prims/jvm.cpp:1170
Event: 33.139 Thread 0x6729a400 Threw 0x9f1d41d0 at /build/buildd/openjdk-7-7u21-2.3.9/build/openjdk/hotspot/src/share/vm/prims/jvm.cpp:1166
Event: 34.543 Thread 0x6729a400 Implicit null exception at 0xb3649d4c to 0xb364a43d
Event: 34.544 Thread 0x6729a400 Implicit null exception at 0xb3654856 to 0xb3654ba1
Event: 34.546 Thread 0x6729a400 Implicit null exception at 0xb364d01c to 0xb364d719
Event: 34.548 Thread 0x6729a400 Implicit null exception at 0xb365006c to 0xb36507ad
Event: 34.550 Thread 0x6729a400 Implicit null exception at 0xb36573b8 to 0xb3657aed
Event: 34.804 Thread 0x6729a400 Implicit null exception at 0xb36454be to 0xb36457f9
Event: 49.302 Thread 0x67a09800 Threw 0x9f680a70 at /build/buildd/openjdk-7-7u21-2.3.9/build/openjdk/hotspot/src/share/vm/prims/jvm.cpp:1166
Event: 49.303 Thread 0x67a09800 Threw 0x9f683b88 at /build/buildd/openjdk-7-7u21-2.3.9/build/openjdk/hotspot/src/share/vm/prims/jvm.cpp:1166

Events (10 events):
Event: 56.763 Thread 0x6dd90400 Thread added: 0x6dd90400
Event: 56.763 Thread 0x6dd90400 Thread exited: 0x6dd90400
Event: 56.763 Thread 0x6dd90400 Thread added: 0x6dd90400
Event: 56.764 Thread 0x6dd90400 Thread exited: 0x6dd90400
Event: 56.764 Thread 0x6dd90400 Thread added: 0x6dd90400
Event: 56.764 Thread 0x6dd90400 Thread exited: 0x6dd90400
Event: 56.765 Thread 0x6dd90400 Thread added: 0x6dd90400
Event: 56.766 Thread 0x6dd90400 Thread exited: 0x6dd90400
Event: 56.766 Thread 0x6dd90400 Thread added: 0x6dd90400
Event: 56.766 Thread 0x6dd90400 Thread exited: 0x6dd90400


Dynamic libraries:
08048000-08049000 r-xp 00000000 08:06 1708580    /usr/lib/jvm/java-7-openjdk-i386/jre/bin/java
08049000-0804a000 r--p 00000000 08:06 1708580    /usr/lib/jvm/java-7-openjdk-i386/jre/bin/java
0804a000-0804b000 rw-p 00001000 08:06 1708580    /usr/lib/jvm/java-7-openjdk-i386/jre/bin/java
09bc7000-09c0d000 rw-p 00000000 00:00 0          [heap]
5ed44000-5f0fd000 rw-s 00000000 00:04 212074511  /SYSV00000000 (deleted)
630fe000-630ff000 ---p 00000000 00:00 0 
630ff000-64500000 rw-p 00000000 00:00 0 
64500000-64529000 rw-p 00000000 00:00 0 
64529000-64600000 ---p 00000000 00:00 0 
646a7000-646d2000 r-xp 00000000 08:06 1706469    /usr/lib/i386-linux-gnu/liblua5.1.so.0.0.0
646d2000-646d3000 r--p 0002b000 08:06 1706469    /usr/lib/i386-linux-gnu/liblua5.1.so.0.0.0
646d3000-646d4000 rw-p 0002c000 08:06 1706469    /usr/lib/i386-linux-gnu/liblua5.1.so.0.0.0
646d4000-646fe000 r-xp 00000000 08:06 405608     /usr/lib/vlc/plugins/lua/liblua_plugin.so
646fe000-646ff000 r--p 0002a000 08:06 405608     /usr/lib/vlc/plugins/lua/liblua_plugin.so
646ff000-64700000 rw-p 0002b000 08:06 405608     /usr/lib/vlc/plugins/lua/liblua_plugin.so
64700000-64712000 r-xp 00000000 08:06 1720553    /usr/lib/libdvbpsi.so.7.0.0
64712000-64713000 r--p 00011000 08:06 1720553    /usr/lib/libdvbpsi.so.7.0.0
64713000-64714000 rw-p 00012000 08:06 1720553    /usr/lib/libdvbpsi.so.7.0.0
64714000-6475f000 r-xp 00000000 08:06 1703839    /usr/lib/libmodplug.so.1.0.0
6475f000-64760000 ---p 0004b000 08:06 1703839    /usr/lib/libmodplug.so.1.0.0
64760000-64761000 r--p 0004b000 08:06 1703839    /usr/lib/libmodplug.so.1.0.0
64761000-64762000 rw-p 0004c000 08:06 1703839    /usr/lib/libmodplug.so.1.0.0
64762000-647e6000 rw-p 00000000 00:00 0 
647e6000-64844000 r-xp 00000000 08:06 280623     /usr/lib/vlc/plugins/demux/liblive555_plugin.so
64844000-64845000 ---p 0005e000 08:06 280623     /usr/lib/vlc/plugins/demux/liblive555_plugin.so
64845000-64848000 r--p 0005e000 08:06 280623     /usr/lib/vlc/plugins/demux/liblive555_plugin.so
64848000-6484d000 rw-p 00061000 08:06 280623     /usr/lib/vlc/plugins/demux/liblive555_plugin.so
6484d000-6484e000 rw-p 00000000 00:00 0 
6484e000-648d3000 r-xp 00000000 08:06 1720530    /usr/lib/i386-linux-gnu/libmatroska.so.5
648d3000-648d9000 r--p 00085000 08:06 1720530    /usr/lib/i386-linux-gnu/libmatroska.so.5
648d9000-648da000 rw-p 0008b000 08:06 1720530    /usr/lib/i386-linux-gnu/libmatroska.so.5
648da000-648dc000 rw-p 00000000 00:00 0 
648dc000-6491f000 r-xp 00000000 08:06 280645     /usr/lib/vlc/plugins/demux/libmkv_plugin.so
6491f000-64921000 r--p 00042000 08:06 280645     /usr/lib/vlc/plugins/demux/libmkv_plugin.so
64921000-64922000 rw-p 00044000 08:06 280645     /usr/lib/vlc/plugins/demux/libmkv_plugin.so
64922000-64c01000 r-xp 00000000 08:06 1705842    /usr/lib/i386-linux-gnu/libQtCore.so.4.8.4
64c01000-64c08000 r--p 002de000 08:06 1705842    /usr/lib/i386-linux-gnu/libQtCore.so.4.8.4
64c08000-64c09000 rw-p 002e5000 08:06 1705842    /usr/lib/i386-linux-gnu/libQtCore.so.4.8.4
64c09000-64c0a000 rw-p 00000000 00:00 0 
64c0a000-656b2000 r-xp 00000000 08:06 1705851    /usr/lib/i386-linux-gnu/libQtGui.so.4.8.4
656b2000-656d4000 r--p 00aa7000 08:06 1705851    /usr/lib/i386-linux-gnu/libQtGui.so.4.8.4
656d4000-656d8000 rw-p 00ac9000 08:06 1705851    /usr/lib/i386-linux-gnu/libQtGui.so.4.8.4
656d8000-656db000 rw-p 00000000 00:00 0 
656db000-658f0000 r-xp 00000000 08:06 407152     /usr/lib/vlc/plugins/gui/libqt4_plugin.so
658f0000-658f1000 ---p 00215000 08:06 407152     /usr/lib/vlc/plugins/gui/libqt4_plugin.so
658f1000-658fd000 r--p 00215000 08:06 407152     /usr/lib/vlc/plugins/gui/libqt4_plugin.so
658fd000-658ff000 rw-p 00221000 08:06 407152     /usr/lib/vlc/plugins/gui/libqt4_plugin.so
658ff000-65900000 rw-p 00000000 00:00 0 
65900000-659fd000 rw-p 00000000 00:00 0 
659fd000-65a00000 ---p 00000000 00:00 0 
65a1c000-65a45000 r-xp 00000000 08:06 1706753    /usr/lib/i386-linux-gnu/libvorbis.so.0.4.5
65a45000-65a46000 ---p 00029000 08:06 1706753    /usr/lib/i386-linux-gnu/libvorbis.so.0.4.5
65a46000-65a47000 r--p 00029000 08:06 1706753    /usr/lib/i386-linux-gnu/libvorbis.so.0.4.5
65a47000-65a48000 rw-p 0002a000 08:06 1706753    /usr/lib/i386-linux-gnu/libvorbis.so.0.4.5
65a48000-65bae000 r-xp 00000000 08:06 1706755    /usr/lib/i386-linux-gnu/libvorbisenc.so.2.0.8
65bae000-65bbf000 r--p 00165000 08:06 1706755    /usr/lib/i386-linux-gnu/libvorbisenc.so.2.0.8
65bbf000-65bc0000 rw-p 00176000 08:06 1706755    /usr/lib/i386-linux-gnu/libvorbisenc.so.2.0.8
65bc0000-65c0e000 r-xp 00000000 08:06 1705817    /usr/lib/i386-linux-gnu/libFLAC.so.8.2.0
65c0e000-65c0f000 r--p 0004e000 08:06 1705817    /usr/lib/i386-linux-gnu/libFLAC.so.8.2.0
65c0f000-65c10000 rw-p 0004f000 08:06 1705817    /usr/lib/i386-linux-gnu/libFLAC.so.8.2.0
65c10000-65c7d000 r-xp 00000000 08:06 1706669    /usr/lib/i386-linux-gnu/libsndfile.so.1.0.25
65c7d000-65c7f000 r--p 0006c000 08:06 1706669    /usr/lib/i386-linux-gnu/libsndfile.so.1.0.25
65c7f000-65c80000 rw-p 0006e000 08:06 1706669    /usr/lib/i386-linux-gnu/libsndfile.so.1.0.25
65c80000-65c84000 rw-p 00000000 00:00 0 
65c84000-65c8c000 r-xp 00000000 08:06 262621     /lib/i386-linux-gnu/libwrap.so.0.7.6
65c8c000-65c8d000 r--p 00007000 08:06 262621     /lib/i386-linux-gnu/libwrap.so.0.7.6
65c8d000-65c8e000 rw-p 00008000 08:06 262621     /lib/i386-linux-gnu/libwrap.so.0.7.6
65c90000-65c92000 r-xp 00000000 08:06 280628     /usr/lib/vlc/plugins/demux/libnsc_plugin.so
65c92000-65c93000 r--p 00001000 08:06 280628     /usr/lib/vlc/plugins/demux/libnsc_plugin.so
65c93000-65c94000 rw-p 00002000 08:06 280628     /usr/lib/vlc/plugins/demux/libnsc_plugin.so
65c94000-65c96000 r-xp 00000000 08:06 280611     /usr/lib/vlc/plugins/demux/libdemux_cdg_plugin.so
65c96000-65c97000 r--p 00001000 08:06 280611     /usr/lib/vlc/plugins/demux/libdemux_cdg_plugin.so
65c97000-65c98000 rw-p 00002000 08:06 280611     /usr/lib/vlc/plugins/demux/libdemux_cdg_plugin.so
65c98000-65c9a000 r-xp 00000000 08:06 280631     /usr/lib/vlc/plugins/demux/librawdv_plugin.so
65c9a000-65c9b000 r--p 00001000 08:06 280631     /usr/lib/vlc/plugins/demux/librawdv_plugin.so
65c9b000-65c9c000 rw-p 00002000 08:06 280631     /usr/lib/vlc/plugins/demux/librawdv_plugin.so
65c9c000-65c9f000 r-xp 00000000 08:06 280615     /usr/lib/vlc/plugins/demux/libmjpeg_plugin.so
65c9f000-65ca0000 r--p 00002000 08:06 280615     /usr/lib/vlc/plugins/demux/libmjpeg_plugin.so
65ca0000-65ca1000 rw-p 00003000 08:06 280615     /usr/lib/vlc/plugins/demux/libmjpeg_plugin.so
65ca1000-65e0b000 r-xp 00000000 08:06 1706644    /usr/lib/i386-linux-gnu/libsamplerate.so.0.1.8
65e0b000-65e0c000 r--p 00169000 08:06 1706644    /usr/lib/i386-linux-gnu/libsamplerate.so.0.1.8
65e0c000-65e0d000 rw-p 0016a000 08:06 1706644    /usr/lib/i386-linux-gnu/libsamplerate.so.0.1.8
65e0d000-65e76000 r-xp 00000000 08:06 1708139    /usr/lib/i386-linux-gnu/pulseaudio/libpulsecommon-3.0.so
65e76000-65e77000 r--p 00068000 08:06 1708139    /usr/lib/i386-linux-gnu/pulseaudio/libpulsecommon-3.0.so
65e77000-65e78000 rw-p 00069000 08:06 1708139    /usr/lib/i386-linux-gnu/pulseaudio/libpulsecommon-3.0.so
65e78000-65e80000 r-xp 00000000 08:06 280637     /usr/lib/vlc/plugins/demux/libty_plugin.so
65e80000-65e81000 r--p 00007000 08:06 280637     /usr/lib/vlc/plugins/demux/libty_plugin.so
65e81000-65e82000 rw-p 00008000 08:06 280637     /usr/lib/vlc/plugins/demux/libty_plugin.so
65e82000-65e97000 r-xp 00000000 08:06 280622     /usr/lib/vlc/plugins/demux/libts_plugin.so
65e97000-65e98000 r--p 00014000 08:06 280622     /usr/lib/vlc/plugins/demux/libts_plugin.so
65e98000-65e99000 rw-p 00015000 08:06 280622     /usr/lib/vlc/plugins/demux/libts_plugin.so
65e99000-65e9c000 ---p 00000000 00:00 0 
65e9c000-65eea000 rw-p 00000000 00:00 0          [stack:25567]
65eea000-65eeb000 ---p 00000000 00:00 0 
65eeb000-65f6b000 rw-p 00000000 00:00 0          [stack:25566]
65f6b000-65fb7000 r-xp 00000000 08:06 1706602    /usr/lib/i386-linux-gnu/libpulse.so.0.15.3
65fb7000-65fb8000 ---p 0004c000 08:06 1706602    /usr/lib/i386-linux-gnu/libpulse.so.0.15.3
65fb8000-65fb9000 r--p 0004c000 08:06 1706602    /usr/lib/i386-linux-gnu/libpulse.so.0.15.3
65fb9000-65fba000 rw-p 0004d000 08:06 1706602    /usr/lib/i386-linux-gnu/libpulse.so.0.15.3
65fba000-65fbc000 r-xp 00000000 08:06 280629     /usr/lib/vlc/plugins/demux/libmpgv_plugin.so
65fbc000-65fbd000 r--p 00001000 08:06 280629     /usr/lib/vlc/plugins/demux/libmpgv_plugin.so
65fbd000-65fbe000 rw-p 00002000 08:06 280629     /usr/lib/vlc/plugins/demux/libmpgv_plugin.so
65fbe000-65fc6000 r-xp 00000000 08:06 280651     /usr/lib/vlc/plugins/demux/libps_plugin.so
65fc6000-65fc7000 r--p 00007000 08:06 280651     /usr/lib/vlc/plugins/demux/libps_plugin.so
65fc7000-65fc8000 rw-p 00008000 08:06 280651     /usr/lib/vlc/plugins/demux/libps_plugin.so
65fc8000-65fcb000 r-xp 00000000 08:06 280643     /usr/lib/vlc/plugins/demux/librawvid_plugin.so
65fcb000-65fcc000 r--p 00002000 08:06 280643     /usr/lib/vlc/plugins/demux/librawvid_plugin.so
65fcc000-65fcd000 rw-p 00003000 08:06 280643     /usr/lib/vlc/plugins/demux/librawvid_plugin.so
65fcd000-65fd2000 r-xp 00000000 08:06 280642     /usr/lib/vlc/plugins/demux/libmod_plugin.so
65fd2000-65fd3000 r--p 00004000 08:06 280642     /usr/lib/vlc/plugins/demux/libmod_plugin.so
65fd3000-65fd4000 rw-p 00005000 08:06 280642     /usr/lib/vlc/plugins/demux/libmod_plugin.so
65fd4000-65ff2000 r-xp 00000000 08:06 1720529    /usr/lib/i386-linux-gnu/libebml.so.3
65ff2000-65ff3000 r--p 0001d000 08:06 1720529    /usr/lib/i386-linux-gnu/libebml.so.3
65ff3000-65ff4000 rw-p 0001e000 08:06 1720529    /usr/lib/i386-linux-gnu/libebml.so.3
65ff4000-65ff5000 rw-p 00000000 00:00 0 
65ff5000-660e2000 r-xp 00000000 08:06 1771845    /usr/lib/i386-linux-gnu/libasound.so.2.0.0
660e2000-660e6000 r--p 000ec000 08:06 1771845    /usr/lib/i386-linux-gnu/libasound.so.2.0.0
660e6000-660e7000 rw-p 000f0000 08:06 1771845    /usr/lib/i386-linux-gnu/libasound.so.2.0.0
660e9000-660fe000 r-xp 00000000 08:06 280613     /usr/lib/vlc/plugins/demux/libplaylist_plugin.so
660fe000-660ff000 r--p 00014000 08:06 280613     /usr/lib/vlc/plugins/demux/libplaylist_plugin.so
660ff000-66100000 rw-p 00015000 08:06 280613     /usr/lib/vlc/plugins/demux/libplaylist_plugin.so
66100000-66158000 r-xp 00000000 08:06 1722219    /usr/lib/i386-linux-gnu/libXt.so.6.0.0
66158000-66159000 r--p 00058000 08:06 1722219    /usr/lib/i386-linux-gnu/libXt.so.6.0.0
66159000-6615c000 rw-p 00059000 08:06 1722219    /usr/lib/i386-linux-gnu/libXt.so.6.0.0
6615c000-66172000 r-xp 00000000 08:06 1705827    /usr/lib/i386-linux-gnu/libICE.so.6.3.0
66172000-66173000 r--p 00015000 08:06 1705827    /usr/lib/i386-linux-gnu/libICE.so.6.3.0
66173000-66174000 rw-p 00016000 08:06 1705827    /usr/lib/i386-linux-gnu/libICE.so.6.3.0
66174000-66176000 rw-p 00000000 00:00 0 
66176000-661fc000 r-xp 00000000 08:06 1720486    /usr/lib/i386-linux-gnu/libdirac_encoder.so.0.1.0
661fc000-661fe000 r--p 00085000 08:06 1720486    /usr/lib/i386-linux-gnu/libdirac_encoder.so.0.1.0
661fe000-661ff000 rw-p 00087000 08:06 1720486    /usr/lib/i386-linux-gnu/libdirac_encoder.so.0.1.0
661ff000-66200000 rw-p 00000000 00:00 0 
66200000-66300000 rw-p 00000000 00:00 0 
66301000-66303000 r-xp 00000000 08:06 280612     /usr/lib/vlc/plugins/demux/libau_plugin.so
66303000-66304000 r--p 00001000 08:06 280612     /usr/lib/vlc/plugins/demux/libau_plugin.so
66304000-66305000 rw-p 00002000 08:06 280612     /usr/lib/vlc/plugins/demux/libau_plugin.so
66305000-663fa000 r-xp 00000000 08:06 1720541    /usr/lib/libvlccore.so.5.1.1
663fa000-663ff000 r--p 000f5000 08:06 1720541    /usr/lib/libvlccore.so.5.1.1
663ff000-66400000 rw-p 000fa000 08:06 1720541    /usr/lib/libvlccore.so.5.1.1
66400000-66500000 rw-p 00000000 00:00 0 
66502000-66504000 r-xp 00000000 08:06 280616     /usr/lib/vlc/plugins/demux/libaiff_plugin.so
66504000-66505000 r--p 00001000 08:06 280616     /usr/lib/vlc/plugins/demux/libaiff_plugin.so
66505000-66506000 rw-p 00002000 08:06 280616     /usr/lib/vlc/plugins/demux/libaiff_plugin.so
66506000-66509000 r-xp 00000000 08:06 280627     /usr/lib/vlc/plugins/demux/libpva_plugin.so
66509000-6650a000 r--p 00002000 08:06 280627     /usr/lib/vlc/plugins/demux/libpva_plugin.so
6650a000-6650b000 rw-p 00003000 08:06 280627     /usr/lib/vlc/plugins/demux/libpva_plugin.so
6650b000-66543000 r-xp 00000000 08:06 1720563    /usr/lib/libsidplay2.so.1.0.1
66543000-66544000 ---p 00038000 08:06 1720563    /usr/lib/libsidplay2.so.1.0.1
66544000-66545000 r--p 00038000 08:06 1720563    /usr/lib/libsidplay2.so.1.0.1
66545000-66546000 rw-p 00039000 08:06 1720563    /usr/lib/libsidplay2.so.1.0.1
66546000-665fd000 r-xp 00000000 08:06 1706695    /usr/lib/i386-linux-gnu/libtag.so.1.12.0
665fd000-665ff000 r--p 000b7000 08:06 1706695    /usr/lib/i386-linux-gnu/libtag.so.1.12.0
665ff000-66600000 rw-p 000b9000 08:06 1706695    /usr/lib/i386-linux-gnu/libtag.so.1.12.0
66600000-66700000 rw-p 00000000 00:00 0 
66700000-667e7000 rw-p 00000000 00:00 0 
667e7000-66800000 ---p 00000000 00:00 0 
66800000-66806000 r-xp 00000000 08:06 1706531    /usr/lib/i386-linux-gnu/libogg.so.0.8.0
66806000-66807000 r--p 00005000 08:06 1706531    /usr/lib/i386-linux-gnu/libogg.so.0.8.0
66807000-66808000 rw-p 00006000 08:06 1706531    /usr/lib/i386-linux-gnu/libogg.so.0.8.0
66808000-66810000 r-xp 00000000 08:06 262510     /lib/i386-linux-gnu/libjson.so.0.1.0
66810000-66811000 r--p 00007000 08:06 262510     /lib/i386-linux-gnu/libjson.so.0.1.0
66811000-66812000 rw-p 00008000 08:06 262510     /lib/i386-linux-gnu/libjson.so.0.1.0
66814000-6681b000 r-xp 00000000 08:06 1705877    /usr/lib/i386-linux-gnu/libSM.so.6.0.1
6681b000-6681c000 r--p 00006000 08:06 1705877    /usr/lib/i386-linux-gnu/libSM.so.6.0.1
6681c000-6681d000 rw-p 00007000 08:06 1705877    /usr/lib/i386-linux-gnu/libSM.so.6.0.1
6681d000-66834000 r-xp 00000000 08:06 1705975    /usr/lib/i386-linux-gnu/libaudio.so.2.4
66834000-66835000 r--p 00016000 08:06 1705975    /usr/lib/i386-linux-gnu/libaudio.so.2.4
66835000-66836000 rw-p 00017000 08:06 1705975    /usr/lib/i386-linux-gnu/libaudio.so.2.4
66836000-66847000 r-xp 00000000 08:06 262615     /lib/i386-linux-gnu/libusb-1.0.so.0.1.0
66847000-66848000 r--p 00010000 08:06 262615     /lib/i386-linux-gnu/libusb-1.0.so.0.1.0
66848000-66849000 rw-p 00011000 08:06 262615     /lib/i386-linux-gnu/libusb-1.0.so.0.1.0
66849000-6688c000 r-xp 00000000 08:06 1706494    /usr/lib/i386-linux-gnu/libmtp.so.9.0.5
6688c000-6688f000 r--p 00043000 08:06 1706494    /usr/lib/i386-linux-gnu/libmtp.so.9.0.5
6688f000-66896000 rw-p 00046000 08:06 1706494    /usr/lib/i386-linux-gnu/libmtp.so.9.0.5
66896000-6689a000 r-xp 00000000 08:06 280634     /usr/lib/vlc/plugins/demux/libimage_plugin.so
6689a000-6689b000 r--p 00003000 08:06 280634     /usr/lib/vlc/plugins/demux/libimage_plugin.so
6689b000-6689c000 rw-p 00004000 08:06 280634     /usr/lib/vlc/plugins/demux/libimage_plugin.so
6689c000-6689e000 r-xp 00000000 08:06 280658     /usr/lib/vlc/plugins/misc/libinhibit_plugin.so
6689e000-6689f000 r--p 00001000 08:06 280658     /usr/lib/vlc/plugins/misc/libinhibit_plugin.so
6689f000-668a0000 rw-p 00002000 08:06 280658     /usr/lib/vlc/plugins/misc/libinhibit_plugin.so
668a0000-668a6000 r-xp 00000000 08:06 405627     /usr/lib/vlc/plugins/control/libhotkeys_plugin.so
668a6000-668a7000 r--p 00005000 08:06 405627     /usr/lib/vlc/plugins/control/libhotkeys_plugin.so
668a7000-668a8000 rw-p 00006000 08:06 405627     /usr/lib/vlc/plugins/control/libhotkeys_plugin.so
668a8000-668ad000 r-xp 00000000 08:06 405519     /usr/lib/vlc/plugins/audio_output/libalsa_plugin.so
668ad000-668ae000 r--p 00004000 08:06 405519     /usr/lib/vlc/plugins/audio_output/libalsa_plugin.so
668ae000-668af000 rw-p 00005000 08:06 405519     /usr/lib/vlc/plugins/audio_output/libalsa_plugin.so
668af000-668b2000 ---p 00000000 00:00 0 
668b2000-66900000 rw-p 00000000 00:00 0 
66900000-669ee000 rw-p 00000000 00:00 0 
669ee000-66a00000 ---p 00000000 00:00 0 
66a01000-66a05000 r-xp 00000000 08:06 262619     /lib/i386-linux-gnu/libuuid.so.1.3.0
66a05000-66a06000 r--p 00003000 08:06 262619     /lib/i386-linux-gnu/libuuid.so.1.3.0
66a06000-66a07000 rw-p 00004000 08:06 262619     /lib/i386-linux-gnu/libuuid.so.1.3.0
66a07000-66a21000 r-xp 00000000 08:06 1720543    /usr/lib/libvlc.so.5.3.2
66a21000-66a22000 r--p 00019000 08:06 1720543    /usr/lib/libvlc.so.5.3.2
66a22000-66a23000 rw-p 0001a000 08:06 1720543    /usr/lib/libvlc.so.5.3.2
66a23000-66a37000 r-xp 00000000 08:06 1441576    /tmp/jna-gene/jna1697576291414194744.tmp (deleted)
66a37000-66a38000 rw-p 00014000 08:06 1441576    /tmp/jna-gene/jna1697576291414194744.tmp (deleted)
66a3b000-66a4e000 r-xp 00000000 08:06 280625     /usr/lib/vlc/plugins/demux/libogg_plugin.so
66a4e000-66a4f000 r--p 00012000 08:06 280625     /usr/lib/vlc/plugins/demux/libogg_plugin.so
66a4f000-66a50000 rw-p 00013000 08:06 280625     /usr/lib/vlc/plugins/demux/libogg_plugin.so
66a50000-66a62000 r--s 00000000 08:06 656570     /usr/share/fonts/type1/gsfonts/n019043l.pfb
66a62000-66a6e000 r--s 00000000 08:06 656555     /usr/share/fonts/type1/gsfonts/d050000l.pfb
66a71000-66a74000 r-xp 00000000 08:06 280630     /usr/lib/vlc/plugins/demux/libnsv_plugin.so
66a74000-66a75000 r--p 00002000 08:06 280630     /usr/lib/vlc/plugins/demux/libnsv_plugin.so
66a75000-66a76000 rw-p 00003000 08:06 280630     /usr/lib/vlc/plugins/demux/libnsv_plugin.so
66a76000-66a82000 r-xp 00000000 08:06 1720560    /usr/lib/libresid-builder.so.0.0.1
66a82000-66a83000 r--p 0000b000 08:06 1720560    /usr/lib/libresid-builder.so.0.0.1
66a83000-66aa4000 rw-p 0000c000 08:06 1720560    /usr/lib/libresid-builder.so.0.0.1
66aa5000-66aa7000 r-xp 00000000 08:06 280648     /usr/lib/vlc/plugins/demux/libxa_plugin.so
66aa7000-66aa8000 r--p 00001000 08:06 280648     /usr/lib/vlc/plugins/demux/libxa_plugin.so
66aa8000-66aa9000 rw-p 00002000 08:06 280648     /usr/lib/vlc/plugins/demux/libxa_plugin.so
66aa9000-66aac000 r-xp 00000000 08:06 280636     /usr/lib/vlc/plugins/demux/libvoc_plugin.so
66aac000-66aad000 r--p 00002000 08:06 280636     /usr/lib/vlc/plugins/demux/libvoc_plugin.so
66aad000-66aae000 rw-p 00003000 08:06 280636     /usr/lib/vlc/plugins/demux/libvoc_plugin.so
66aae000-66ab1000 r-xp 00000000 08:06 280646     /usr/lib/vlc/plugins/demux/libsmf_plugin.so
66ab1000-66ab2000 r--p 00002000 08:06 280646     /usr/lib/vlc/plugins/demux/libsmf_plugin.so
66ab2000-66ab3000 rw-p 00003000 08:06 280646     /usr/lib/vlc/plugins/demux/libsmf_plugin.so
66ab3000-66abb000 r-xp 00000000 08:06 405597     /usr/lib/vlc/plugins/services_discovery/libsap_plugin.so
66abb000-66abc000 r--p 00007000 08:06 405597     /usr/lib/vlc/plugins/services_discovery/libsap_plugin.so
66abc000-66abd000 rw-p 00008000 08:06 405597     /usr/lib/vlc/plugins/services_discovery/libsap_plugin.so
66abd000-66ac0000 r-xp 00000000 08:06 280641     /usr/lib/vlc/plugins/demux/libsid_plugin.so
66ac0000-66ac1000 r--p 00002000 08:06 280641     /usr/lib/vlc/plugins/demux/libsid_plugin.so
66ac1000-66ac2000 rw-p 00003000 08:06 280641     /usr/lib/vlc/plugins/demux/libsid_plugin.so
66ac2000-66ac5000 r-xp 00000000 08:06 280618     /usr/lib/vlc/plugins/demux/libwav_plugin.so
66ac5000-66ac6000 r--p 00003000 08:06 280618     /usr/lib/vlc/plugins/demux/libwav_plugin.so
66ac6000-66ac7000 rw-p 00004000 08:06 280618     /usr/lib/vlc/plugins/demux/libwav_plugin.so
66ac7000-66add000 r-xp 00000000 08:06 1720189    /usr/lib/i386-linux-gnu/libmad.so.0.2.1
66add000-66ade000 r--p 00015000 08:06 1720189    /usr/lib/i386-linux-gnu/libmad.so.0.2.1
66ade000-66adf000 rw-p 00016000 08:06 1720189    /usr/lib/i386-linux-gnu/libmad.so.0.2.1
66adf000-66ae9000 r-xp 00000000 08:06 1720240    /usr/lib/liba52-0.7.4.so
66ae9000-66aea000 r--p 00009000 08:06 1720240    /usr/lib/liba52-0.7.4.so
66aea000-66aeb000 rw-p 0000a000 08:06 1720240    /usr/lib/liba52-0.7.4.so
66aeb000-66aec000 rw-p 00000000 00:00 0 
66aec000-66afe000 r--s 00000000 08:06 656573     /usr/share/fonts/type1/gsfonts/n019044l.pfb
66afe000-66b00000 r-xp 00000000 08:06 280619     /usr/lib/vlc/plugins/demux/libdirac_plugin.so
66b00000-66b01000 r--p 00001000 08:06 280619     /usr/lib/vlc/plugins/demux/libdirac_plugin.so
66b01000-66b02000 rw-p 00002000 08:06 280619     /usr/lib/vlc/plugins/demux/libdirac_plugin.so
66b02000-66b06000 r-xp 00000000 08:06 280638     /usr/lib/vlc/plugins/demux/libnuv_plugin.so
66b06000-66b07000 r--p 00003000 08:06 280638     /usr/lib/vlc/plugins/demux/libnuv_plugin.so
66b07000-66b08000 rw-p 00004000 08:06 280638     /usr/lib/vlc/plugins/demux/libnuv_plugin.so
66b08000-66b2d000 r-xp 00000000 08:06 1703665    /usr/lib/libdca.so.0.0.0
66b2d000-66b2e000 r--p 00024000 08:06 1703665    /usr/lib/libdca.so.0.0.0
66b2e000-66b2f000 rw-p 00025000 08:06 1703665    /usr/lib/libdca.so.0.0.0
66b2f000-66b30000 ---p 00000000 00:00 0 
66b30000-66bb0000 rw-p 00000000 00:00 0 
66bb0000-66bec000 r-xp 00000000 08:06 1706135    /usr/lib/i386-linux-gnu/libfaad.so.2.0.0
66bec000-66bed000 ---p 0003c000 08:06 1706135    /usr/lib/i386-linux-gnu/libfaad.so.2.0.0
66bed000-66bee000 r--p 0003c000 08:06 1706135    /usr/lib/i386-linux-gnu/libfaad.so.2.0.0
66bee000-66bf1000 rw-p 0003d000 08:06 1706135    /usr/lib/i386-linux-gnu/libfaad.so.2.0.0
66bf1000-66c2e000 r-xp 00000000 08:06 1706535    /usr/lib/i386-linux-gnu/libopus.so.0.2.0
66c2e000-66c2f000 r--p 0003c000 08:06 1706535    /usr/lib/i386-linux-gnu/libopus.so.0.2.0
66c2f000-66c30000 rw-p 0003d000 08:06 1706535    /usr/lib/i386-linux-gnu/libopus.so.0.2.0
66c30000-66cfd000 r-xp 00000000 08:06 1706653    /usr/lib/i386-linux-gnu/libschroedinger-1.0.so.0.11.0
66cfd000-66cff000 r--p 000cc000 08:06 1706653    /usr/lib/i386-linux-gnu/libschroedinger-1.0.so.0.11.0
66cff000-66d00000 rw-p 000ce000 08:06 1706653    /usr/lib/i386-linux-gnu/libschroedinger-1.0.so.0.11.0
66d00000-66dff000 rw-p 00000000 00:00 0 
66dff000-66e00000 ---p 00000000 00:00 0 
66e01000-66e03000 r-xp 00000000 08:06 405485     /usr/lib/vlc/plugins/mmxext/libmemcpymmxext_plugin.so
66e03000-66e04000 r--p 00001000 08:06 405485     /usr/lib/vlc/plugins/mmxext/libmemcpymmxext_plugin.so
66e04000-66e05000 rw-p 00002000 08:06 405485     /usr/lib/vlc/plugins/mmxext/libmemcpymmxext_plugin.so
66e05000-66e07000 r-xp 00000000 08:06 280650     /usr/lib/vlc/plugins/demux/libtta_plugin.so
66e07000-66e08000 r--p 00001000 08:06 280650     /usr/lib/vlc/plugins/demux/libtta_plugin.so
66e08000-66e09000 rw-p 00002000 08:06 280650     /usr/lib/vlc/plugins/demux/libtta_plugin.so
66e09000-66e16000 r-xp 00000000 08:06 1720465    /usr/lib/libmpcdec.so.6.1.0
66e16000-66e17000 r--p 0000c000 08:06 1720465    /usr/lib/libmpcdec.so.6.1.0
66e17000-66e19000 rw-p 0000d000 08:06 1720465    /usr/lib/libmpcdec.so.6.1.0
66e19000-66e1b000 r-xp 00000000 08:06 280620     /usr/lib/vlc/plugins/demux/libmpc_plugin.so
66e1b000-66e1c000 r--p 00001000 08:06 280620     /usr/lib/vlc/plugins/demux/libmpc_plugin.so
66e1c000-66e1d000 rw-p 00002000 08:06 280620     /usr/lib/vlc/plugins/demux/libmpc_plugin.so
66e1d000-66e1f000 r-xp 00000000 08:06 405491     /usr/lib/vlc/plugins/audio_filter/libsamplerate_plugin.so
66e1f000-66e20000 r--p 00001000 08:06 405491     /usr/lib/vlc/plugins/audio_filter/libsamplerate_plugin.so
66e20000-66e21000 rw-p 00002000 08:06 405491     /usr/lib/vlc/plugins/audio_filter/libsamplerate_plugin.so
66e21000-66e23000 r-xp 00000000 08:06 405501     /usr/lib/vlc/plugins/audio_filter/libmpgatofixed32_plugin.so
66e23000-66e24000 r--p 00001000 08:06 405501     /usr/lib/vlc/plugins/audio_filter/libmpgatofixed32_plugin.so
66e24000-66e25000 rw-p 00002000 08:06 405501     /usr/lib/vlc/plugins/audio_filter/libmpgatofixed32_plugin.so
66e25000-66e27000 r-xp 00000000 08:06 405496     /usr/lib/vlc/plugins/audio_filter/liba52tofloat32_plugin.so
66e27000-66e28000 r--p 00001000 08:06 405496     /usr/lib/vlc/plugins/audio_filter/liba52tofloat32_plugin.so
66e28000-66e29000 rw-p 00002000 08:06 405496     /usr/lib/vlc/plugins/audio_filter/liba52tofloat32_plugin.so
66e29000-66e2b000 r-xp 00000000 08:06 405511     /usr/lib/vlc/plugins/audio_filter/libdtstofloat32_plugin.so
66e2b000-66e2c000 r--p 00001000 08:06 405511     /usr/lib/vlc/plugins/audio_filter/libdtstofloat32_plugin.so
66e2c000-66e2d000 rw-p 00002000 08:06 405511     /usr/lib/vlc/plugins/audio_filter/libdtstofloat32_plugin.so
66e2d000-66e30000 r-xp 00000000 08:06 405510     /usr/lib/vlc/plugins/audio_filter/libscaletempo_plugin.so
66e30000-66e31000 r--p 00002000 08:06 405510     /usr/lib/vlc/plugins/audio_filter/libscaletempo_plugin.so
66e31000-66e32000 rw-p 00003000 08:06 405510     /usr/lib/vlc/plugins/audio_filter/libscaletempo_plugin.so
66e32000-66e3f000 r-xp 00000000 08:06 405488     /usr/lib/vlc/plugins/meta_engine/libtaglib_plugin.so
66e3f000-66e40000 r--p 0000c000 08:06 405488     /usr/lib/vlc/plugins/meta_engine/libtaglib_plugin.so
66e40000-66e41000 rw-p 0000d000 08:06 405488     /usr/lib/vlc/plugins/meta_engine/libtaglib_plugin.so
66e41000-66ecf000 r-xp 00000000 08:06 1706537    /usr/lib/i386-linux-gnu/liborc-0.4.so.0.17.0
66ecf000-66ed0000 r--p 0008e000 08:06 1706537    /usr/lib/i386-linux-gnu/liborc-0.4.so.0.17.0
66ed0000-66ed4000 rw-p 0008f000 08:06 1706537    /usr/lib/i386-linux-gnu/liborc-0.4.so.0.17.0
66ed6000-66ed7000 r-xp 00000000 08:06 405592     /usr/lib/vlc/plugins/audio_mixer/libfloat32_mixer_plugin.so
66ed7000-66ed8000 r--p 00000000 08:06 405592     /usr/lib/vlc/plugins/audio_mixer/libfloat32_mixer_plugin.so
66ed8000-66ed9000 rw-p 00001000 08:06 405592     /usr/lib/vlc/plugins/audio_mixer/libfloat32_mixer_plugin.so
66ed9000-66ee0000 r-xp 00000000 08:06 407155     /usr/lib/vlc/plugins/audio_output/libpulse_plugin.so
66ee0000-66ee1000 r--p 00006000 08:06 407155     /usr/lib/vlc/plugins/audio_output/libpulse_plugin.so
66ee1000-66ee2000 rw-p 00007000 08:06 407155     /usr/lib/vlc/plugins/audio_output/libpulse_plugin.so
66ee2000-66ee5000 r-xp 00000000 08:06 405456     /usr/lib/vlc/plugins/codec/libfaad_plugin.so
66ee5000-66ee6000 r--p 00002000 08:06 405456     /usr/lib/vlc/plugins/codec/libfaad_plugin.so
66ee6000-66ee7000 rw-p 00003000 08:06 405456     /usr/lib/vlc/plugins/codec/libfaad_plugin.so
66ee7000-66eeb000 r-xp 00000000 08:06 405477     /usr/lib/vlc/plugins/codec/libopus_plugin.so
66eeb000-66eec000 r--p 00003000 08:06 405477     /usr/lib/vlc/plugins/codec/libopus_plugin.so
66eec000-66eed000 rw-p 00004000 08:06 405477     /usr/lib/vlc/plugins/codec/libopus_plugin.so
66eed000-66ef6000 r-xp 00000000 08:06 405450     /usr/lib/vlc/plugins/codec/libschroedinger_plugin.so
66ef6000-66ef7000 r--p 00008000 08:06 405450     /usr/lib/vlc/plugins/codec/libschroedinger_plugin.so
66ef7000-66ef8000 rw-p 00009000 08:06 405450     /usr/lib/vlc/plugins/codec/libschroedinger_plugin.so
66ef8000-66efb000 r-xp 00000000 08:06 405482     /usr/lib/vlc/plugins/codec/libcdg_plugin.so
66efb000-66efc000 r--p 00002000 08:06 405482     /usr/lib/vlc/plugins/codec/libcdg_plugin.so
66efc000-66efd000 rw-p 00003000 08:06 405482     /usr/lib/vlc/plugins/codec/libcdg_plugin.so
66efd000-66eff000 r-xp 00000000 08:06 405481     /usr/lib/vlc/plugins/codec/libpng_plugin.so
66eff000-66f00000 r--p 00001000 08:06 405481     /usr/lib/vlc/plugins/codec/libpng_plugin.so
66f00000-66f01000 rw-p 00002000 08:06 405481     /usr/lib/vlc/plugins/codec/libpng_plugin.so
66f01000-66f04000 r-xp 00000000 08:06 405449     /usr/lib/vlc/plugins/codec/libmpeg_audio_plugin.so
66f04000-66f05000 r--p 00002000 08:06 405449     /usr/lib/vlc/plugins/codec/libmpeg_audio_plugin.so
66f05000-66f06000 rw-p 00003000 08:06 405449     /usr/lib/vlc/plugins/codec/libmpeg_audio_plugin.so
66f06000-66f09000 r-xp 00000000 08:06 405473     /usr/lib/vlc/plugins/codec/libsvcdsub_plugin.so
66f09000-66f0a000 r--p 00002000 08:06 405473     /usr/lib/vlc/plugins/codec/libsvcdsub_plugin.so
66f0a000-66f0b000 rw-p 00003000 08:06 405473     /usr/lib/vlc/plugins/codec/libsvcdsub_plugin.so
66f0b000-66f0e000 r-xp 00000000 08:06 405455     /usr/lib/vlc/plugins/codec/libcvdsub_plugin.so
66f0e000-66f0f000 r--p 00002000 08:06 405455     /usr/lib/vlc/plugins/codec/libcvdsub_plugin.so
66f0f000-66f10000 rw-p 00003000 08:06 405455     /usr/lib/vlc/plugins/codec/libcvdsub_plugin.so
66f10000-66f14000 r-xp 00000000 08:06 405634     /usr/lib/vlc/plugins/packetizer/libpacketizer_flac_plugin.so
66f14000-66f15000 r--p 00003000 08:06 405634     /usr/lib/vlc/plugins/packetizer/libpacketizer_flac_plugin.so
66f15000-66f16000 rw-p 00004000 08:06 405634     /usr/lib/vlc/plugins/packetizer/libpacketizer_flac_plugin.so
66f16000-66f1b000 r-xp 00000000 08:06 405638     /usr/lib/vlc/plugins/packetizer/libpacketizer_mpegvideo_plugin.so
66f1b000-66f1c000 r--p 00004000 08:06 405638     /usr/lib/vlc/plugins/packetizer/libpacketizer_mpegvideo_plugin.so
66f1c000-66f1d000 rw-p 00005000 08:06 405638     /usr/lib/vlc/plugins/packetizer/libpacketizer_mpegvideo_plugin.so
66f1d000-66f2c000 r-xp 00000000 08:06 405635     /usr/lib/vlc/plugins/packetizer/libpacketizer_h264_plugin.so
66f2c000-66f2d000 r--p 0000e000 08:06 405635     /usr/lib/vlc/plugins/packetizer/libpacketizer_h264_plugin.so
66f2d000-66f2e000 rw-p 0000f000 08:06 405635     /usr/lib/vlc/plugins/packetizer/libpacketizer_h264_plugin.so
66f2e000-66f32000 r-xp 00000000 08:06 405636     /usr/lib/vlc/plugins/packetizer/libpacketizer_mlp_plugin.so
66f32000-66f33000 r--p 00003000 08:06 405636     /usr/lib/vlc/plugins/packetizer/libpacketizer_mlp_plugin.so
66f33000-66f34000 rw-p 00004000 08:06 405636     /usr/lib/vlc/plugins/packetizer/libpacketizer_mlp_plugin.so
66f34000-66f4f000 r-xp 00000000 08:06 1706713    /usr/lib/i386-linux-gnu/libtheoradec.so.1.1.4
66f4f000-66f50000 r--p 0001a000 08:06 1706713    /usr/lib/i386-linux-gnu/libtheoradec.so.1.1.4
66f50000-66f51000 rw-p 0001b000 08:06 1706713    /usr/lib/i386-linux-gnu/libtheoradec.so.1.1.4
66f51000-66f96000 r-xp 00000000 08:06 1706715    /usr/lib/i386-linux-gnu/libtheoraenc.so.1.1.2
66f96000-66f97000 r--p 00044000 08:06 1706715    /usr/lib/i386-linux-gnu/libtheoraenc.so.1.1.2
66f97000-66f98000 rw-p 00045000 08:06 1706715    /usr/lib/i386-linux-gnu/libtheoraenc.so.1.1.2
66f98000-66f9d000 r-xp 00000000 08:06 405637     /usr/lib/vlc/plugins/packetizer/libpacketizer_mpeg4video_plugin.so
66f9d000-66f9e000 r--p 00004000 08:06 405637     /usr/lib/vlc/plugins/packetizer/libpacketizer_mpeg4video_plugin.so
66f9e000-66f9f000 rw-p 00005000 08:06 405637     /usr/lib/vlc/plugins/packetizer/libpacketizer_mpeg4video_plugin.so
66f9f000-66fa5000 r-xp 00000000 08:06 405640     /usr/lib/vlc/plugins/packetizer/libpacketizer_mpeg4audio_plugin.so
66fa5000-66fa6000 r--p 00005000 08:06 405640     /usr/lib/vlc/plugins/packetizer/libpacketizer_mpeg4audio_plugin.so
66fa6000-66fa7000 rw-p 00006000 08:06 405640     /usr/lib/vlc/plugins/packetizer/libpacketizer_mpeg4audio_plugin.so
66fa7000-66faf000 r-xp 00000000 08:06 405633     /usr/lib/vlc/plugins/packetizer/libpacketizer_vc1_plugin.so
66faf000-66fb0000 r--p 00007000 08:06 405633     /usr/lib/vlc/plugins/packetizer/libpacketizer_vc1_plugin.so
66fb0000-66fb1000 rw-p 00008000 08:06 405633     /usr/lib/vlc/plugins/packetizer/libpacketizer_vc1_plugin.so
66fb1000-66fd0000 r-xp 00000000 08:06 1708460    /usr/lib/i386-linux-gnu/sse2/libspeex.so.1.5.0
66fd0000-66fd1000 r--p 0001e000 08:06 1708460    /usr/lib/i386-linux-gnu/sse2/libspeex.so.1.5.0
66fd1000-66fd2000 rw-p 0001f000 08:06 1708460    /usr/lib/i386-linux-gnu/sse2/libspeex.so.1.5.0
66fd4000-66fd9000 r-xp 00000000 08:06 405641     /usr/lib/vlc/plugins/packetizer/libpacketizer_dirac_plugin.so
66fd9000-66fda000 r--p 00005000 08:06 405641     /usr/lib/vlc/plugins/packetizer/libpacketizer_dirac_plugin.so
66fda000-66fdb000 rw-p 00006000 08:06 405641     /usr/lib/vlc/plugins/packetizer/libpacketizer_dirac_plugin.so
66fdb000-66fe1000 r-xp 00000000 08:06 405451     /usr/lib/vlc/plugins/codec/libtheora_plugin.so
66fe1000-66fe2000 r--p 00005000 08:06 405451     /usr/lib/vlc/plugins/codec/libtheora_plugin.so
66fe2000-66fe3000 rw-p 00006000 08:06 405451     /usr/lib/vlc/plugins/codec/libtheora_plugin.so
66fe3000-66fe9000 r-xp 00000000 08:06 405479     /usr/lib/vlc/plugins/codec/libvorbis_plugin.so
66fe9000-66fea000 r--p 00005000 08:06 405479     /usr/lib/vlc/plugins/codec/libvorbis_plugin.so
66fea000-66feb000 rw-p 00006000 08:06 405479     /usr/lib/vlc/plugins/codec/libvorbis_plugin.so
66feb000-66ff1000 r-xp 00000000 08:06 405478     /usr/lib/vlc/plugins/codec/libspeex_plugin.so
66ff1000-66ff2000 r--p 00005000 08:06 405478     /usr/lib/vlc/plugins/codec/libspeex_plugin.so
66ff2000-66ff3000 rw-p 00006000 08:06 405478     /usr/lib/vlc/plugins/codec/libspeex_plugin.so
66ff3000-66ff7000 r-xp 00000000 08:06 405462     /usr/lib/vlc/plugins/codec/liblpcm_plugin.so
66ff7000-66ff8000 r--p 00003000 08:06 405462     /usr/lib/vlc/plugins/codec/liblpcm_plugin.so
66ff8000-66ff9000 rw-p 00004000 08:06 405462     /usr/lib/vlc/plugins/codec/liblpcm_plugin.so
66ff9000-66ffe000 r-xp 00000000 08:06 280640     /usr/lib/vlc/plugins/demux/libes_plugin.so
66ffe000-66fff000 r--p 00004000 08:06 280640     /usr/lib/vlc/plugins/demux/libes_plugin.so
66fff000-67000000 rw-p 00005000 08:06 280640     /usr/lib/vlc/plugins/demux/libes_plugin.so
67000000-670fb000 rw-p 00000000 00:00 0 
670fb000-67100000 ---p 00000000 00:00 0 
67100000-67105000 r-xp 00000000 08:06 1705965    /usr/lib/i386-linux-gnu/libasyncns.so.0.3.1
67105000-67106000 r--p 00004000 08:06 1705965    /usr/lib/i386-linux-gnu/libasyncns.so.0.3.1
67106000-67107000 rw-p 00005000 08:06 1705965    /usr/lib/i386-linux-gnu/libasyncns.so.0.3.1
67107000-6710a000 r-xp 00000000 08:06 405458     /usr/lib/vlc/plugins/codec/libspudec_plugin.so
6710a000-6710b000 r--p 00003000 08:06 405458     /usr/lib/vlc/plugins/codec/libspudec_plugin.so
6710b000-6710c000 rw-p 00004000 08:06 405458     /usr/lib/vlc/plugins/codec/libspudec_plugin.so
6710c000-67110000 r-xp 00000000 08:06 280647     /usr/lib/vlc/plugins/demux/libflacsys_plugin.so
67110000-67111000 r--p 00004000 08:06 280647     /usr/lib/vlc/plugins/demux/libflacsys_plugin.so
67111000-67112000 rw-p 00005000 08:06 280647     /usr/lib/vlc/plugins/demux/libflacsys_plugin.so
67112000-6711e000 r-xp 00000000 08:06 280632     /usr/lib/vlc/plugins/demux/libasf_plugin.so
6711e000-6711f000 r--p 0000b000 08:06 280632     /usr/lib/vlc/plugins/demux/libasf_plugin.so
6711f000-67120000 rw-p 0000c000 08:06 280632     /usr/lib/vlc/plugins/demux/libasf_plugin.so
67120000-67130000 r-xp 00000000 08:06 280639     /usr/lib/vlc/plugins/demux/libavi_plugin.so
67130000-67131000 r--p 00010000 08:06 280639     /usr/lib/vlc/plugins/demux/libavi_plugin.so
67131000-67132000 rw-p 00011000 08:06 280639     /usr/lib/vlc/plugins/demux/libavi_plugin.so
67132000-67156000 r-xp 00000000 08:06 280624     /usr/lib/vlc/plugins/demux/libmp4_plugin.so
67156000-67157000 r--p 00024000 08:06 280624     /usr/lib/vlc/plugins/demux/libmp4_plugin.so
67157000-67158000 rw-p 00025000 08:06 280624     /usr/lib/vlc/plugins/demux/libmp4_plugin.so
67158000-67160000 r-xp 00000000 08:06 1720591    /usr/lib/vlc/plugins/access/libzip_plugin.so
67160000-67161000 r--p 00007000 08:06 1720591    /usr/lib/vlc/plugins/access/libzip_plugin.so
67161000-67162000 rw-p 00008000 08:06 1720591    /usr/lib/vlc/plugins/access/libzip_plugin.so
67162000-6717d000 r-xp 00000000 08:06 405646     /usr/lib/vlc/plugins/stream_filter/libstream_filter_dash_plugin.so
6717d000-6717e000 r--p 0001b000 08:06 405646     /usr/lib/vlc/plugins/stream_filter/libstream_filter_dash_plugin.so
6717e000-6717f000 rw-p 0001c000 08:06 405646     /usr/lib/vlc/plugins/stream_filter/libstream_filter_dash_plugin.so
6717f000-67182000 ---p 00000000 00:00 0 
67182000-67200000 rw-p 00000000 00:00 0          [stack:25972]
67200000-672f9000 rw-p 00000000 00:00 0 
672f9000-67300000 ---p 00000000 00:00 0 
67300000-673f9000 rw-p 00000000 00:00 0 
673f9000-67400000 ---p 00000000 00:00 0 
67400000-674fe000 rw-p 00000000 00:00 0 
674fe000-67500000 ---p 00000000 00:00 0 
67501000-67520000 r--s 00000000 08:06 669867     /usr/share/texmf/fonts/type1/public/lm/lmssqbo8.pfb
67520000-67522000 r-xp 00000000 08:06 405483     /usr/lib/vlc/plugins/codec/libaes3_plugin.so
67522000-67523000 r--p 00001000 08:06 405483     /usr/lib/vlc/plugins/codec/libaes3_plugin.so
67523000-67524000 rw-p 00002000 08:06 405483     /usr/lib/vlc/plugins/codec/libaes3_plugin.so
67524000-67527000 r-xp 00000000 08:06 1720599    /usr/lib/vlc/plugins/access/libstream_filter_rar_plugin.so
67527000-67528000 r--p 00002000 08:06 1720599    /usr/lib/vlc/plugins/access/libstream_filter_rar_plugin.so
67528000-67529000 rw-p 00003000 08:06 1720599    /usr/lib/vlc/plugins/access/libstream_filter_rar_plugin.so
67529000-67546000 r--s 00000000 08:06 669846     /usr/share/texmf/fonts/type1/public/lm/lmtk10.pfb
67547000-67565000 r-xp 00000000 08:06 1706115    /usr/lib/i386-linux-gnu/libdvdread.so.4.1.2
67565000-67566000 r--p 0001d000 08:06 1706115    /usr/lib/i386-linux-gnu/libdvdread.so.4.1.2
67566000-67567000 rw-p 0001e000 08:06 1706115    /usr/lib/i386-linux-gnu/libdvdread.so.4.1.2
67567000-6757b000 r-xp 00000000 08:06 1706111    /usr/lib/i386-linux-gnu/libdvdnav.so.4.1.2
6757b000-6757c000 r--p 00013000 08:06 1706111    /usr/lib/i386-linux-gnu/libdvdnav.so.4.1.2
6757c000-6757d000 rw-p 00014000 08:06 1706111    /usr/lib/i386-linux-gnu/libdvdnav.so.4.1.2
6757d000-67580000 r-xp 00000000 08:06 1706600    /usr/lib/i386-linux-gnu/libpulse-simple.so.0.0.3
67580000-67581000 r--p 00002000 08:06 1706600    /usr/lib/i386-linux-gnu/libpulse-simple.so.0.0.3
67581000-67582000 rw-p 00003000 08:06 1706600    /usr/lib/i386-linux-gnu/libpulse-simple.so.0.0.3
67582000-67584000 r-xp 00000000 08:06 405480     /usr/lib/vlc/plugins/codec/librawvideo_plugin.so
67584000-67585000 r--p 00001000 08:06 405480     /usr/lib/vlc/plugins/codec/librawvideo_plugin.so
67585000-67586000 rw-p 00002000 08:06 405480     /usr/lib/vlc/plugins/codec/librawvideo_plugin.so
67586000-67589000 r-xp 00000000 08:06 405644     /usr/lib/vlc/plugins/stream_filter/libdecomp_plugin.so
67589000-6758a000 r--p 00002000 08:06 405644     /usr/lib/vlc/plugins/stream_filter/libdecomp_plugin.so
6758a000-6758b000 rw-p 00003000 08:06 405644     /usr/lib/vlc/plugins/stream_filter/libdecomp_plugin.so
6758b000-67595000 r-xp 00000000 08:06 405643     /usr/lib/vlc/plugins/stream_filter/libstream_filter_httplive_plugin.so
67595000-67596000 r--p 00009000 08:06 405643     /usr/lib/vlc/plugins/stream_filter/libstream_filter_httplive_plugin.so
67596000-67597000 rw-p 0000a000 08:06 405643     /usr/lib/vlc/plugins/stream_filter/libstream_filter_httplive_plugin.so
67597000-6759b000 r-xp 00000000 08:06 1720609    /usr/lib/vlc/plugins/access/libfilesystem_plugin.so
6759b000-6759c000 r--p 00003000 08:06 1720609    /usr/lib/vlc/plugins/access/libfilesystem_plugin.so
6759c000-6759d000 rw-p 00004000 08:06 1720609    /usr/lib/vlc/plugins/access/libfilesystem_plugin.so
6759d000-675a2000 r-xp 00000000 08:06 1720610    /usr/lib/vlc/plugins/access/libaccess_vdr_plugin.so
675a2000-675a3000 r--p 00004000 08:06 1720610    /usr/lib/vlc/plugins/access/libaccess_vdr_plugin.so
675a3000-675a4000 rw-p 00005000 08:06 1720610    /usr/lib/vlc/plugins/access/libaccess_vdr_plugin.so
675a4000-675ae000 r-xp 00000000 08:06 1720582    /usr/lib/vlc/plugins/access/libdvdnav_plugin.so
675ae000-675af000 r--p 0000a000 08:06 1720582    /usr/lib/vlc/plugins/access/libdvdnav_plugin.so
675af000-675b0000 rw-p 0000b000 08:06 1720582    /usr/lib/vlc/plugins/access/libdvdnav_plugin.so
675b0000-675e4000 r-xp 00000000 08:06 1720482    /usr/lib/i386-linux-gnu/libbluray.so.1.2.0
675e4000-675e5000 ---p 00034000 08:06 1720482    /usr/lib/i386-linux-gnu/libbluray.so.1.2.0
675e5000-675e6000 r--p 00034000 08:06 1720482    /usr/lib/i386-linux-gnu/libbluray.so.1.2.0
675e6000-675e7000 rw-p 00035000 08:06 1720482    /usr/lib/i386-linux-gnu/libbluray.so.1.2.0
675e7000-675e9000 r-xp 00000000 08:06 405645     /usr/lib/vlc/plugins/stream_filter/libstream_filter_record_plugin.so
675e9000-675ea000 r--p 00001000 08:06 405645     /usr/lib/vlc/plugins/stream_filter/libstream_filter_record_plugin.so
675ea000-675eb000 rw-p 00002000 08:06 405645     /usr/lib/vlc/plugins/stream_filter/libstream_filter_record_plugin.so
675eb000-675fe000 r-xp 00000000 08:06 1720590    /usr/lib/vlc/plugins/access/libaccess_bd_plugin.so
675fe000-675ff000 r--p 00012000 08:06 1720590    /usr/lib/vlc/plugins/access/libaccess_bd_plugin.so
675ff000-67600000 rw-p 00013000 08:06 1720590    /usr/lib/vlc/plugins/access/libaccess_bd_plugin.so
67600000-676f8000 rw-p 00000000 00:00 0 
676f8000-67700000 ---p 00000000 00:00 0 
67700000-67702000 r-xp 00000000 08:06 405602     /usr/lib/vlc/plugins/services_discovery/libmtp_plugin.so
67702000-67703000 r--p 00001000 08:06 405602     /usr/lib/vlc/plugins/services_discovery/libmtp_plugin.so
67703000-67704000 rw-p 00002000 08:06 405602     /usr/lib/vlc/plugins/services_discovery/libmtp_plugin.so
67704000-67705000 r-xp 00000000 08:06 1708656    /usr/lib/jvm/java-7-openjdk-i386/jre/lib/i386/libjawt.so
67705000-67706000 r--p 00000000 08:06 1708656    /usr/lib/jvm/java-7-openjdk-i386/jre/lib/i386/libjawt.so
67706000-67707000 rw-p 00001000 08:06 1708656    /usr/lib/jvm/java-7-openjdk-i386/jre/lib/i386/libjawt.so
67708000-6770d000 r-xp 00000000 08:06 1720612    /usr/lib/vlc/plugins/access/liblibbluray_plugin.so
6770d000-6770e000 r--p 00004000 08:06 1720612    /usr/lib/vlc/plugins/access/liblibbluray_plugin.so
6770e000-6770f000 rw-p 00005000 08:06 1720612    /usr/lib/vlc/plugins/access/liblibbluray_plugin.so
6770f000-67716000 r--s 00000000 08:06 1707538    /usr/lib/i386-linux-gnu/gconv/gconv-modules.cache
67716000-67717000 rw-p 00000000 00:00 0 
67717000-6774a000 rw-s 00000000 00:04 212041738  /SYSV00000000 (deleted)
6774a000-67760000 r--s 00000000 08:06 656603     /usr/share/fonts/type1/gsfonts/n022024l.pfb
67760000-67778000 r--s 00000000 08:06 656594     /usr/share/fonts/type1/gsfonts/n022003l.pfb
67778000-67789000 r--s 00000000 08:06 656567     /usr/share/fonts/type1/gsfonts/n019024l.pfb
67789000-677a2000 r--s 00000000 08:06 656585     /usr/share/fonts/type1/gsfonts/n021004l.pfb
677a2000-677bb000 r--s 00000000 08:06 656597     /usr/share/fonts/type1/gsfonts/n022004l.pfb
677bb000-677d4000 r--s 00000000 08:06 656582     /usr/share/fonts/type1/gsfonts/n021003l.pfb
677d4000-677ea000 r--s 00000000 08:06 656591     /usr/share/fonts/type1/gsfonts/n021024l.pfb
677ea000-67800000 r--s 00000000 08:06 656600     /usr/share/fonts/type1/gsfonts/n022023l.pfb
67800000-678f2000 rw-p 00000000 00:00 0 
678f2000-67900000 ---p 00000000 00:00 0 
67900000-67901000 rwxp 00000000 00:00 0 
67901000-67913000 r--s 00000000 08:06 656561     /usr/share/fonts/type1/gsfonts/n019004l.pfb
67913000-6792a000 r--s 00000000 08:06 656588     /usr/share/fonts/type1/gsfonts/n021023l.pfb
6792a000-67934000 r--s 00000000 08:06 656624     /usr/share/fonts/type1/mathml/Symbol.pfb
67934000-67945000 r--s 00000000 08:06 656564     /usr/share/fonts/type1/gsfonts/n019023l.pfb
67945000-67959000 r--s 00000000 08:06 656558     /usr/share/fonts/type1/gsfonts/n019003l.pfb
67959000-679fd000 r-xp 00000000 08:06 1439034    /tmp/sqlite-3.7.151-i386-libsqlitejdbc.so
679fd000-679fe000 r--p 000a4000 08:06 1439034    /tmp/sqlite-3.7.151-i386-libsqlitejdbc.so
679fe000-679ff000 rw-p 000a5000 08:06 1439034    /tmp/sqlite-3.7.151-i386-libsqlitejdbc.so
679ff000-67a00000 rw-p 00000000 00:00 0 
67a00000-67a32000 rw-p 00000000 00:00 0 
67a32000-67b00000 ---p 00000000 00:00 0 
67b00000-67b03000 ---p 00000000 00:00 0 
67b03000-67b51000 rw-p 00000000 00:00 0          [stack:25553]
67b51000-67b56000 r--s 0004c000 08:06 1708535    /usr/lib/jvm/java-7-openjdk-common/jre/lib/jsse.jar
67b56000-67b59000 ---p 00000000 00:00 0 
67b59000-67ba7000 rw-p 00000000 00:00 0          [stack:25546]
67ba7000-67baa000 ---p 00000000 00:00 0 
67baa000-67bf8000 rw-p 00000000 00:00 0          [stack:25545]
67bf8000-67c09000 r-xp 00000000 08:06 1708665    /usr/lib/jvm/java-7-openjdk-i386/jre/lib/i386/libnio.so
67c09000-67c0a000 r--p 00010000 08:06 1708665    /usr/lib/jvm/java-7-openjdk-i386/jre/lib/i386/libnio.so
67c0a000-67c0b000 rw-p 00011000 08:06 1708665    /usr/lib/jvm/java-7-openjdk-i386/jre/lib/i386/libnio.so
67c0b000-67c0c000 r--s 00000000 08:06 936139     /var/cache/fontconfig/c05880de57d1f5e948fdfacc138775d9-le32d4.cache-3
67c0c000-67c12000 r--s 00000000 08:06 936131     /var/cache/fontconfig/945677eb7aeaf62f1d50efc3fb3ec7d8-le32d4.cache-3
67c12000-67c15000 r--s 00000000 08:06 938992     /var/cache/fontconfig/99e8ed0e538f840c565b6ed5dad60d56-le32d4.cache-3
67c15000-67c1b000 r--s 00000000 08:06 936659     /var/cache/fontconfig/a6d8cf8e4ec09cdbc8633c31745a07dd-le32d4.cache-3
67c1b000-67c1e000 r--s 00000000 08:06 936113     /var/cache/fontconfig/2cd17615ca594fa2959ae173292e504c-le32d4.cache-3
67c1e000-67c1f000 r--s 00000000 08:06 936148     /var/cache/fontconfig/e7071f4a29fa870f4323321c154eba04-le32d4.cache-3
67c1f000-67c23000 r--s 00000000 08:06 936658     /var/cache/fontconfig/6eb3985aa4124903f6ff08ba781cd364-le32d4.cache-3
67c23000-67c24000 r--s 00000000 08:06 936110     /var/cache/fontconfig/0d8c3b2ac0904cb8a57a757ad11a4a08-le32d4.cache-3
67c24000-67c28000 r--s 00000000 08:06 936135     /var/cache/fontconfig/a755afe4a08bf5b97852ceb7400b47bc-le32d4.cache-3
67c28000-67c2f000 r--s 00000000 08:06 936126     /var/cache/fontconfig/6d41288fd70b0be22e8c3a91e032eec0-le32d4.cache-3
67c2f000-67c3a000 r--s 00000000 08:06 936108     /var/cache/fontconfig/04aabc0a78ac019cf9454389977116d2-le32d4.cache-3
67c3a000-67c3b000 r--s 00000000 08:06 936112     /var/cache/fontconfig/1ac9eb803944fde146138c791f5cc56a-le32d4.cache-3
67c3b000-67c3e000 r--s 00000000 08:06 936117     /var/cache/fontconfig/385c0604a188198f04d133e54aba7fe7-le32d4.cache-3
67c3e000-67c3f000 r--s 00000000 08:06 938732     /var/cache/fontconfig/9c956a7723ca69a44b382d9179c9802f-le32d4.cache-3
67c3f000-67c40000 r--s 00000000 08:06 936145     /var/cache/fontconfig/dc05db6664285cc2f12bf69c139ae4c3-le32d4.cache-3
67c40000-67c42000 r--s 00000000 08:06 936128     /var/cache/fontconfig/767a8244fc0220cfb567a839d0392e0b-le32d4.cache-3
67c42000-67c43000 r--s 00000000 08:06 936118     /var/cache/fontconfig/4794a0821666d79190d59a36cb4f44b5-le32d4.cache-3
67c43000-67c44000 r--s 00000000 08:06 938731     /var/cache/fontconfig/9eae20f1ff8cc0a7d125749e875856bd-le32d4.cache-3
67c44000-67c46000 r--s 00000000 08:06 938730     /var/cache/fontconfig/bf2c1853a9e9b00bb02fe2e9bcf1e201-le32d4.cache-3
67c46000-67c49000 r--s 00000000 08:06 936130     /var/cache/fontconfig/8801497958630a81b71ace7c5f9b32a8-le32d4.cache-3
67c49000-67c6c000 r--s 00000000 08:06 938729     /var/cache/fontconfig/365b55f210c0a22e9a19e35191240f32-le32d4.cache-3
67c6c000-67c6e000 r--s 00000000 08:06 938722     /var/cache/fontconfig/c57959a16110560c8d0fcea73374aeeb-le32d4.cache-3
67c6e000-67c72000 r--s 00000000 08:06 936114     /var/cache/fontconfig/3047814df9a2f067bd2d96a2b9c36e5a-le32d4.cache-3
67c72000-67c73000 r--s 00000000 08:06 936121     /var/cache/fontconfig/56cf4f4769d0f4abc89a4895d7bd3ae1-le32d4.cache-3
67c73000-67c74000 r--s 00000000 08:06 936138     /var/cache/fontconfig/b9d506c9ac06c20b433354fa67a72993-le32d4.cache-3
67c74000-67c78000 r--s 00000000 08:06 936137     /var/cache/fontconfig/b47c4e1ecd0709278f4910c18777a504-le32d4.cache-3
67c78000-67c7a000 r--s 00000000 08:06 938728     /var/cache/fontconfig/14d493b97896515cad3840ba4896e372-le32d4.cache-3
67c7a000-67c7b000 r--s 00000000 08:06 938727     /var/cache/fontconfig/89034621ae2a8922916bb6bfa5799546-le32d4.cache-3
67c7b000-67c81000 r--s 00000000 08:06 936657     /var/cache/fontconfig/52f7bdb7ce746bfd7eaa1985bd9cfa93-le32d4.cache-3
67c81000-67c83000 r--s 00000000 08:06 936147     /var/cache/fontconfig/e49e89034d371f0f9de17aab02136486-le32d4.cache-3
67c83000-67c90000 r--s 00000000 08:06 936143     /var/cache/fontconfig/d52a8644073d54c13679302ca1180695-le32d4.cache-3
67c90000-67c96000 r--s 00000000 08:06 936656     /var/cache/fontconfig/3f7329c5293ffd510edef78f73874cfd-le32d4.cache-3
67c96000-67c9d000 r--s 00000000 08:06 938721     /var/cache/fontconfig/83bf95040141907cd45bb53cf7c1c148-le32d4.cache-3
67c9d000-67ca6000 r--s 00000000 08:06 938720     /var/cache/fontconfig/53d14c92082a93e67d5078324eb314ca-le32d4.cache-3
67ca6000-67cb3000 r--s 00000000 08:06 938717     /var/cache/fontconfig/4ac51e5cfbc76fc3f983e470323a16d3-le32d4.cache-3
67cb3000-67cbb000 r--s 00000000 08:06 938718     /var/cache/fontconfig/e13b20fdb08344e0e664864cc2ede53d-le32d4.cache-3
67cbb000-67cfe000 r-xp 00000000 08:06 1708645    /usr/lib/jvm/java-7-openjdk-i386/jre/lib/i386/libfontmanager.so
67cfe000-67cff000 r--p 00043000 08:06 1708645    /usr/lib/jvm/java-7-openjdk-i386/jre/lib/i386/libfontmanager.so
67cff000-67d00000 rw-p 00044000 08:06 1708645    /usr/lib/jvm/java-7-openjdk-i386/jre/lib/i386/libfontmanager.so
67d00000-67dfa000 rw-p 00000000 00:00 0 
67dfa000-67e00000 ---p 00000000 00:00 0 
67e00000-67e02000 r--s 00000000 08:06 938726     /var/cache/fontconfig/65f976e5259cbe6dc7697b8648396239-le32d4.cache-3
67e02000-67e06000 r--s 00000000 08:06 940648     /var/cache/fontconfig/7ef2298fde41cc6eeb7af42e48b7d293-le32d4.cache-3
67e06000-67e17000 r--s 00000000 08:06 938993     /var/cache/fontconfig/467c019e582ee353435ea5c21d137ef6-le32d4.cache-3
67e17000-67e1b000 r--s 00000000 08:06 394128     /home/gene/.cache/fontconfig/3ecda6abc85ff6f54114f03ae3c1fe72-le32d4.cache-3
67e1b000-67e1e000 ---p 00000000 00:00 0 
67e1e000-67e6c000 rw-p 00000000 00:00 0          [stack:25542]
67e6c000-67e6f000 ---p 00000000 00:00 0 
67e6f000-67ebd000 rw-p 00000000 00:00 0          [stack:25541]
67ebd000-6902c000 r-xp 00000000 08:06 1706398    /usr/lib/i386-linux-gnu/libicudata.so.48.1.1
6902c000-6902d000 r--p 0116e000 08:06 1706398    /usr/lib/i386-linux-gnu/libicudata.so.48.1.1
6902d000-6902e000 rw-p 0116f000 08:06 1706398    /usr/lib/i386-linux-gnu/libicudata.so.48.1.1
6902e000-69031000 r-xp 00000000 08:06 262501     /lib/i386-linux-gnu/libgpg-error.so.0.8.0
69031000-69032000 r--p 00002000 08:06 262501     /lib/i386-linux-gnu/libgpg-error.so.0.8.0
69032000-69033000 rw-p 00003000 08:06 262501     /lib/i386-linux-gnu/libgpg-error.so.0.8.0
69033000-69035000 r-xp 00000000 08:06 262512     /lib/i386-linux-gnu/libkeyutils.so.1.4
69035000-69036000 r--p 00002000 08:06 262512     /lib/i386-linux-gnu/libkeyutils.so.1.4
69036000-69037000 rw-p 00003000 08:06 262512     /lib/i386-linux-gnu/libkeyutils.so.1.4
69037000-6918d000 r-xp 00000000 08:06 1706412    /usr/lib/i386-linux-gnu/libicuuc.so.48.1.1
6918d000-69197000 r--p 00155000 08:06 1706412    /usr/lib/i386-linux-gnu/libicuuc.so.48.1.1
69197000-69198000 rw-p 0015f000 08:06 1706412    /usr/lib/i386-linux-gnu/libicuuc.so.48.1.1
69198000-6919c000 rw-p 00000000 00:00 0 
6919c000-691cf000 r-xp 00000000 08:06 1706404    /usr/lib/i386-linux-gnu/libicule.so.48.1.1
691cf000-691d0000 ---p 00033000 08:06 1706404    /usr/lib/i386-linux-gnu/libicule.so.48.1.1
691d0000-691d1000 r--p 00033000 08:06 1706404    /usr/lib/i386-linux-gnu/libicule.so.48.1.1
691d1000-691d2000 rw-p 00034000 08:06 1706404    /usr/lib/i386-linux-gnu/libicule.so.48.1.1
691d2000-6921a000 r-xp 00000000 08:06 262482     /lib/i386-linux-gnu/libdbus-1.so.3.7.2
6921a000-6921b000 r--p 00047000 08:06 262482     /lib/i386-linux-gnu/libdbus-1.so.3.7.2
6921b000-6921c000 rw-p 00048000 08:06 262482     /lib/i386-linux-gnu/libdbus-1.so.3.7.2
6921c000-6922e000 r-xp 00000000 08:06 1706541    /usr/lib/i386-linux-gnu/libp11-kit.so.0.0.0
6922e000-6922f000 r--p 00011000 08:06 1706541    /usr/lib/i386-linux-gnu/libp11-kit.so.0.0.0
6922f000-69230000 rw-p 00012000 08:06 1706541    /usr/lib/i386-linux-gnu/libp11-kit.so.0.0.0
69230000-69240000 r-xp 00000000 08:06 1706699    /usr/lib/i386-linux-gnu/libtasn1.so.3.2.0
69240000-69241000 r--p 0000f000 08:06 1706699    /usr/lib/i386-linux-gnu/libtasn1.so.3.2.0
69241000-69242000 rw-p 00010000 08:06 1706699    /usr/lib/i386-linux-gnu/libtasn1.so.3.2.0
69242000-692c3000 r-xp 00000000 08:06 262497     /lib/i386-linux-gnu/libgcrypt.so.11.7.0
692c3000-692c4000 r--p 00080000 08:06 262497     /lib/i386-linux-gnu/libgcrypt.so.11.7.0
692c4000-692c6000 rw-p 00081000 08:06 262497     /lib/i386-linux-gnu/libgcrypt.so.11.7.0
692c6000-692cd000 r-xp 00000000 08:06 1706449    /usr/lib/i386-linux-gnu/libkrb5support.so.0.1
692cd000-692ce000 r--p 00006000 08:06 1706449    /usr/lib/i386-linux-gnu/libkrb5support.so.0.1
692ce000-692cf000 rw-p 00007000 08:06 1706449    /usr/lib/i386-linux-gnu/libkrb5support.so.0.1
692cf000-692d2000 r-xp 00000000 08:06 262477     /lib/i386-linux-gnu/libcom_err.so.2.1
692d2000-692d3000 r--p 00002000 08:06 262477     /lib/i386-linux-gnu/libcom_err.so.2.1
692d3000-692d4000 rw-p 00003000 08:06 262477     /lib/i386-linux-gnu/libcom_err.so.2.1
692d4000-692fa000 r-xp 00000000 08:06 1706443    /usr/lib/i386-linux-gnu/libk5crypto.so.3.1
692fa000-692fb000 r--p 00026000 08:06 1706443    /usr/lib/i386-linux-gnu/libk5crypto.so.3.1
692fb000-692fc000 rw-p 00027000 08:06 1706443    /usr/lib/i386-linux-gnu/libk5crypto.so.3.1
692fc000-693c3000 r-xp 00000000 08:06 1706447    /usr/lib/i386-linux-gnu/libkrb5.so.3.3
693c3000-693c9000 r--p 000c6000 08:06 1706447    /usr/lib/i386-linux-gnu/libkrb5.so.3.3
693c9000-693ca000 rw-p 000cc000 08:06 1706447    /usr/lib/i386-linux-gnu/libkrb5.so.3.3
693ca000-69462000 r-xp 00000000 08:06 1706380    /usr/lib/i386-linux-gnu/libharfbuzz.so.0.913.0
69462000-69463000 ---p 00098000 08:06 1706380    /usr/lib/i386-linux-gnu/libharfbuzz.so.0.913.0
69463000-69464000 r--p 00098000 08:06 1706380    /usr/lib/i386-linux-gnu/libharfbuzz.so.0.913.0
69464000-69465000 rw-p 00099000 08:06 1706380    /usr/lib/i386-linux-gnu/libharfbuzz.so.0.913.0
69465000-6946d000 r-xp 00000000 08:06 1706787    /usr/lib/i386-linux-gnu/libxcb-render.so.0.0.0
6946d000-6946e000 r--p 00008000 08:06 1706787    /usr/lib/i386-linux-gnu/libxcb-render.so.0.0.0
6946e000-6946f000 rw-p 00009000 08:06 1706787    /usr/lib/i386-linux-gnu/libxcb-render.so.0.0.0
6946f000-69471000 r-xp 00000000 08:06 1706791    /usr/lib/i386-linux-gnu/libxcb-shm.so.0.0.0
69471000-69472000 r--p 00001000 08:06 1706791    /usr/lib/i386-linux-gnu/libxcb-shm.so.0.0.0
69472000-69473000 rw-p 00002000 08:06 1706791    /usr/lib/i386-linux-gnu/libxcb-shm.so.0.0.0
69473000-6949a000 r-xp 00000000 08:06 262578     /lib/i386-linux-gnu/libpng12.so.0.49.0
6949a000-6949b000 r--p 00026000 08:06 262578     /lib/i386-linux-gnu/libpng12.so.0.49.0
6949b000-6949c000 rw-p 00027000 08:06 262578     /lib/i386-linux-gnu/libpng12.so.0.49.0
6949c000-69530000 r-xp 00000000 08:06 1706571    /usr/lib/i386-linux-gnu/libpixman-1.so.0.28.2
69530000-69535000 r--p 00093000 08:06 1706571    /usr/lib/i386-linux-gnu/libpixman-1.so.0.28.2
69535000-69536000 rw-p 00098000 08:06 1706571    /usr/lib/i386-linux-gnu/libpixman-1.so.0.28.2
69536000-6953b000 r-xp 00000000 08:06 1705898    /usr/lib/i386-linux-gnu/libXdmcp.so.6.0.0
6953b000-6953c000 r--p 00004000 08:06 1705898    /usr/lib/i386-linux-gnu/libXdmcp.so.6.0.0
6953c000-6953d000 rw-p 00005000 08:06 1705898    /usr/lib/i386-linux-gnu/libXdmcp.so.6.0.0
6953d000-6953f000 r-xp 00000000 08:06 1705887    /usr/lib/i386-linux-gnu/libXau.so.6.0.0
6953f000-69540000 r--p 00001000 08:06 1705887    /usr/lib/i386-linux-gnu/libXau.so.6.0.0
69540000-69541000 rw-p 00002000 08:06 1705887    /usr/lib/i386-linux-gnu/libXau.so.6.0.0
69541000-69551000 r-xp 00000000 08:06 1705977    /usr/lib/i386-linux-gnu/libavahi-client.so.3.2.9
69551000-69552000 r--p 0000f000 08:06 1705977    /usr/lib/i386-linux-gnu/libavahi-client.so.3.2.9
69552000-69553000 rw-p 00010000 08:06 1705977    /usr/lib/i386-linux-gnu/libavahi-client.so.3.2.9
69553000-6955f000 r-xp 00000000 08:06 1705979    /usr/lib/i386-linux-gnu/libavahi-common.so.3.5.3
6955f000-69560000 r--p 0000b000 08:06 1705979    /usr/lib/i386-linux-gnu/libavahi-common.so.3.5.3
69560000-69561000 rw-p 0000c000 08:06 1705979    /usr/lib/i386-linux-gnu/libavahi-common.so.3.5.3
69561000-69621000 r-xp 00000000 08:06 1706251    /usr/lib/i386-linux-gnu/libgnutls.so.26.22.6
69621000-69625000 r--p 000bf000 08:06 1706251    /usr/lib/i386-linux-gnu/libgnutls.so.26.22.6
69625000-69626000 rw-p 000c3000 08:06 1706251    /usr/lib/i386-linux-gnu/libgnutls.so.26.22.6
69626000-69661000 r-xp 00000000 08:06 1706276    /usr/lib/i386-linux-gnu/libgssapi_krb5.so.2.2
69661000-69662000 r--p 0003a000 08:06 1706276    /usr/lib/i386-linux-gnu/libgssapi_krb5.so.2.2
69662000-69663000 rw-p 0003b000 08:06 1706276    /usr/lib/i386-linux-gnu/libgssapi_krb5.so.2.2
69663000-696a2000 r-xp 00000000 08:06 262566     /lib/i386-linux-gnu/libpcre.so.3.13.1
696a2000-696a3000 r--p 0003f000 08:06 262566     /lib/i386-linux-gnu/libpcre.so.3.13.1
696a3000-696a4000 rw-p 00040000 08:06 262566     /lib/i386-linux-gnu/libpcre.so.3.13.1
696a4000-696a9000 r-xp 00000000 08:06 1706141    /usr/lib/i386-linux-gnu/libffi.so.6.0.1
696a9000-696aa000 r--p 00005000 08:06 1706141    /usr/lib/i386-linux-gnu/libffi.so.6.0.1
696aa000-696ab000 rw-p 00006000 08:06 1706141    /usr/lib/i386-linux-gnu/libffi.so.6.0.1
696ab000-696d0000 r-xp 00000000 08:06 262490     /lib/i386-linux-gnu/libexpat.so.1.6.0
696d0000-696d2000 r--p 00025000 08:06 262490     /lib/i386-linux-gnu/libexpat.so.1.6.0
696d2000-696d3000 rw-p 00027000 08:06 262490     /lib/i386-linux-gnu/libexpat.so.1.6.0
696d3000-69769000 r-xp 00000000 08:06 1706179    /usr/lib/i386-linux-gnu/libfreetype.so.6.10.0
69769000-6976d000 r--p 00095000 08:06 1706179    /usr/lib/i386-linux-gnu/libfreetype.so.6.10.0
6976d000-6976e000 rw-p 00099000 08:06 1706179    /usr/lib/i386-linux-gnu/libfreetype.so.6.10.0
6976e000-69781000 r-xp 00000000 08:06 262589     /lib/i386-linux-gnu/libresolv-2.17.so
69781000-69782000 r--p 00013000 08:06 262589     /lib/i386-linux-gnu/libresolv-2.17.so
69782000-69783000 rw-p 00014000 08:06 262589     /lib/i386-linux-gnu/libresolv-2.17.so
69783000-69785000 rw-p 00000000 00:00 0 
69785000-697a2000 r-xp 00000000 08:06 262593     /lib/i386-linux-gnu/libselinux.so.1
697a2000-697a3000 r--p 0001c000 08:06 262593     /lib/i386-linux-gnu/libselinux.so.1
697a3000-697a4000 rw-p 0001d000 08:06 262593     /lib/i386-linux-gnu/libselinux.so.1
697a4000-697ad000 r-xp 00000000 08:06 1705894    /usr/lib/i386-linux-gnu/libXcursor.so.1.0.2
697ad000-697ae000 r--p 00008000 08:06 1705894    /usr/lib/i386-linux-gnu/libXcursor.so.1.0.2
697ae000-697af000 rw-p 00009000 08:06 1705894    /usr/lib/i386-linux-gnu/libXcursor.so.1.0.2
697af000-697b8000 r-xp 00000000 08:06 1705918    /usr/lib/i386-linux-gnu/libXrandr.so.2.2.0
697b8000-697b9000 r--p 00008000 08:06 1705918    /usr/lib/i386-linux-gnu/libXrandr.so.2.2.0
697b9000-697ba000 rw-p 00009000 08:06 1705918    /usr/lib/i386-linux-gnu/libXrandr.so.2.2.0
697ba000-697cc000 r-xp 00000000 08:06 1706553    /usr/lib/i386-linux-gnu/libpangoft2-1.0.so.0.3200.5
697cc000-697cd000 r--p 00011000 08:06 1706553    /usr/lib/i386-linux-gnu/libpangoft2-1.0.so.0.3200.5
697cd000-697ce000 rw-p 00012000 08:06 1706553    /usr/lib/i386-linux-gnu/libpangoft2-1.0.so.0.3200.5
697ce000-698e1000 r-xp 00000000 08:06 1706005    /usr/lib/i386-linux-gnu/libcairo.so.2.11200.14
698e1000-698e3000 r--p 00113000 08:06 1706005    /usr/lib/i386-linux-gnu/libcairo.so.2.11200.14
698e3000-698e4000 rw-p 00115000 08:06 1706005    /usr/lib/i386-linux-gnu/libcairo.so.2.11200.14
698e4000-698e5000 rw-p 00000000 00:00 0 
698e5000-69903000 r-xp 00000000 08:06 1705967    /usr/lib/i386-linux-gnu/libatk-1.0.so.0.20809.1
69903000-69905000 r--p 0001d000 08:06 1705967    /usr/lib/i386-linux-gnu/libatk-1.0.so.0.20809.1
69905000-69906000 rw-p 0001f000 08:06 1705967    /usr/lib/i386-linux-gnu/libatk-1.0.so.0.20809.1
69906000-69960000 r-xp 00000000 08:06 1706064    /usr/lib/i386-linux-gnu/libcups.so.2
69960000-69961000 ---p 0005a000 08:06 1706064    /usr/lib/i386-linux-gnu/libcups.so.2
69961000-69964000 r--p 0005a000 08:06 1706064    /usr/lib/i386-linux-gnu/libcups.so.2
69964000-69965000 rw-p 0005d000 08:06 1706064    /usr/lib/i386-linux-gnu/libcups.so.2
69965000-69a64000 r-xp 00000000 08:06 262499     /lib/i386-linux-gnu/libglib-2.0.so.0.3600.0
69a64000-69a65000 r--p 000fe000 08:06 262499     /lib/i386-linux-gnu/libglib-2.0.so.0.3600.0
69a65000-69a66000 rw-p 000ff000 08:06 262499     /lib/i386-linux-gnu/libglib-2.0.so.0.3600.0
69a66000-69ab4000 r-xp 00000000 08:06 1706257    /usr/lib/i386-linux-gnu/libgobject-2.0.so.0.3600.0
69ab4000-69ab5000 r--p 0004d000 08:06 1706257    /usr/lib/i386-linux-gnu/libgobject-2.0.so.0.3600.0
69ab5000-69ab6000 rw-p 0004e000 08:06 1706257    /usr/lib/i386-linux-gnu/libgobject-2.0.so.0.3600.0
69ab6000-69aed000 r-xp 00000000 08:06 1706167    /usr/lib/i386-linux-gnu/libfontconfig.so.1.6.2
69aed000-69aee000 r--p 00036000 08:06 1706167    /usr/lib/i386-linux-gnu/libfontconfig.so.1.6.2
69aee000-69aef000 rw-p 00037000 08:06 1706167    /usr/lib/i386-linux-gnu/libfontconfig.so.1.6.2
69aef000-69b38000 r-xp 00000000 08:06 1706549    /usr/lib/i386-linux-gnu/libpango-1.0.so.0.3200.5
69b38000-69b39000 r--p 00049000 08:06 1706549    /usr/lib/i386-linux-gnu/libpango-1.0.so.0.3200.5
69b39000-69b3a000 rw-p 0004a000 08:06 1706549    /usr/lib/i386-linux-gnu/libpango-1.0.so.0.3200.5
69b3a000-69c9a000 r-xp 00000000 08:06 1706227    /usr/lib/i386-linux-gnu/libgio-2.0.so.0.3600.0
69c9a000-69c9c000 r--p 00160000 08:06 1706227    /usr/lib/i386-linux-gnu/libgio-2.0.so.0.3600.0
69c9c000-69c9d000 rw-p 00162000 08:06 1706227    /usr/lib/i386-linux-gnu/libgio-2.0.so.0.3600.0
69c9d000-69c9e000 rw-p 00000000 00:00 0 
69c9e000-69d49000 r-xp 00000000 08:06 1706206    /usr/lib/i386-linux-gnu/libgdk-x11-2.0.so.0.2400.17
69d49000-69d4b000 r--p 000ab000 08:06 1706206    /usr/lib/i386-linux-gnu/libgdk-x11-2.0.so.0.2400.17
69d4b000-69d4c000 rw-p 000ad000 08:06 1706206    /usr/lib/i386-linux-gnu/libgdk-x11-2.0.so.0.2400.17
69d4c000-6a1ad000 r-xp 00000000 08:06 1706364    /usr/lib/i386-linux-gnu/libgtk-x11-2.0.so.0.2400.17
6a1ad000-6a1b1000 r--p 00461000 08:06 1706364    /usr/lib/i386-linux-gnu/libgtk-x11-2.0.so.0.2400.17
6a1b1000-6a1b3000 rw-p 00465000 08:06 1706364    /usr/lib/i386-linux-gnu/libgtk-x11-2.0.so.0.2400.17
6a1b3000-6a1b5000 rw-p 00000000 00:00 0 
6a1b5000-6a2e8000 r-xp 00000000 08:06 1706796    /usr/lib/i386-linux-gnu/libX11.so.6.3.0
6a2e8000-6a2e9000 r--p 00132000 08:06 1706796    /usr/lib/i386-linux-gnu/libX11.so.6.3.0
6a2e9000-6a2ec000 rw-p 00133000 08:06 1706796    /usr/lib/i386-linux-gnu/libX11.so.6.3.0
6a2ec000-6a33e000 r-xp 00000000 08:06 1708686    /usr/lib/jvm/java-7-openjdk-i386/jre/lib/i386/xawt/libmawt.so
6a33e000-6a33f000 r--p 00051000 08:06 1708686    /usr/lib/jvm/java-7-openjdk-i386/jre/lib/i386/xawt/libmawt.so
6a33f000-6a341000 rw-p 00052000 08:06 1708686    /usr/lib/jvm/java-7-openjdk-i386/jre/lib/i386/xawt/libmawt.so
6a341000-6a342000 rw-p 00000000 00:00 0 
6a342000-6a3d4000 r-xp 00000000 08:06 1708643    /usr/lib/jvm/java-7-openjdk-i386/jre/lib/i386/libawt.so
6a3d4000-6a3d5000 r--p 00091000 08:06 1708643    /usr/lib/jvm/java-7-openjdk-i386/jre/lib/i386/libawt.so
6a3d5000-6a3dc000 rw-p 00092000 08:06 1708643    /usr/lib/jvm/java-7-openjdk-i386/jre/lib/i386/libawt.so
6a3dc000-6a400000 rw-p 00000000 00:00 0 
6a400000-6a4ff000 rw-p 00000000 00:00 0 
6a4ff000-6a500000 ---p 00000000 00:00 0 
6a500000-6a501000 r--s 00000000 08:06 936119     /var/cache/fontconfig/4b14b093aebc79c320de5e86ae1d3314-le32d4.cache-3
6a501000-6a502000 r--s 00000000 08:06 938725     /var/cache/fontconfig/94f7fe9bd33aadfac165873bd010d595-le32d4.cache-3
6a502000-6a504000 r-xp 00000000 08:06 1705896    /usr/lib/i386-linux-gnu/libXdamage.so.1.1.0
6a504000-6a505000 r--p 00001000 08:06 1705896    /usr/lib/i386-linux-gnu/libXdamage.so.1.1.0
6a505000-6a506000 rw-p 00002000 08:06 1705896    /usr/lib/i386-linux-gnu/libXdamage.so.1.1.0
6a506000-6a508000 r-xp 00000000 08:06 1705892    /usr/lib/i386-linux-gnu/libXcomposite.so.1.0.0
6a508000-6a509000 r--p 00001000 08:06 1705892    /usr/lib/i386-linux-gnu/libXcomposite.so.1.0.0
6a509000-6a50a000 rw-p 00002000 08:06 1705892    /usr/lib/i386-linux-gnu/libXcomposite.so.1.0.0
6a50a000-6a52a000 r-xp 00000000 08:06 1720908    /usr/lib/i386-linux-gnu/libxcb.so.1.1.0
6a52a000-6a52b000 r--p 0001f000 08:06 1720908    /usr/lib/i386-linux-gnu/libxcb.so.1.1.0
6a52b000-6a52c000 rw-p 00020000 08:06 1720908    /usr/lib/i386-linux-gnu/libxcb.so.1.1.0
6a52c000-6a52d000 ---p 00000000 00:00 0 
6a52d000-6a5ad000 rw-p 00000000 00:00 0          [stack:25539]
6a5ad000-6a5b0000 ---p 00000000 00:00 0 
6a5b0000-6a5fe000 rw-p 00000000 00:00 0          [stack:25538]
6a5fe000-6a601000 ---p 00000000 00:00 0 
6a601000-6a67f000 rw-p 00000000 00:00 0          [stack:25537]
6a67f000-6a682000 ---p 00000000 00:00 0 
6a682000-6a700000 rw-p 00000000 00:00 0          [stack:25536]
6a700000-6a900000 r--p 00000000 08:06 1709808    /usr/lib/locale/locale-archive
6a900000-6aa00000 rw-p 00000000 00:00 0 
6aa00000-6ab00000 rw-p 00000000 00:00 0 
6ab00000-6abfa000 rw-p 00000000 00:00 0 
6abfa000-6ac00000 ---p 00000000 00:00 0 
6ac00000-6ac02000 r-xp 00000000 08:06 1705908    /usr/lib/i386-linux-gnu/libXinerama.so.1.0.0
6ac02000-6ac03000 r--p 00001000 08:06 1705908    /usr/lib/i386-linux-gnu/libXinerama.so.1.0.0
6ac03000-6ac04000 rw-p 00002000 08:06 1705908    /usr/lib/i386-linux-gnu/libXinerama.so.1.0.0
6ac04000-6ac09000 r-xp 00000000 08:06 1705902    /usr/lib/i386-linux-gnu/libXfixes.so.3.1.0
6ac09000-6ac0a000 r--p 00004000 08:06 1705902    /usr/lib/i386-linux-gnu/libXfixes.so.3.1.0
6ac0a000-6ac0b000 rw-p 00005000 08:06 1705902    /usr/lib/i386-linux-gnu/libXfixes.so.3.1.0
6ac0b000-6ac2b000 r-xp 00000000 08:06 1706208    /usr/lib/i386-linux-gnu/libgdk_pixbuf-2.0.so.0.2800.0
6ac2b000-6ac2c000 ---p 00020000 08:06 1706208    /usr/lib/i386-linux-gnu/libgdk_pixbuf-2.0.so.0.2800.0
6ac2c000-6ac2d000 r--p 00020000 08:06 1706208    /usr/lib/i386-linux-gnu/libgdk_pixbuf-2.0.so.0.2800.0
6ac2d000-6ac2e000 rw-p 00021000 08:06 1706208    /usr/lib/i386-linux-gnu/libgdk_pixbuf-2.0.so.0.2800.0
6ac2e000-6ac31000 ---p 00000000 00:00 0 
6ac31000-6ac7f000 rw-p 00000000 00:00 0          [stack:25535]
6ac7f000-6ac80000 ---p 00000000 00:00 0 
6ac80000-6ad00000 rw-p 00000000 00:00 0          [stack:25532]
6ad00000-6adff000 rw-p 00000000 00:00 0 
6adff000-6ae00000 ---p 00000000 00:00 0 
6ae00000-6ae01000 r--s 00000000 08:06 938724     /var/cache/fontconfig/423767150eb258c59035de29db6fca84-le32d4.cache-3
6ae01000-6ae0c000 r-xp 00000000 08:06 1706551    /usr/lib/i386-linux-gnu/libpangocairo-1.0.so.0.3200.5
6ae0c000-6ae0d000 r--p 0000a000 08:06 1706551    /usr/lib/i386-linux-gnu/libpangocairo-1.0.so.0.3200.5
6ae0d000-6ae0e000 rw-p 0000b000 08:06 1706551    /usr/lib/i386-linux-gnu/libpangocairo-1.0.so.0.3200.5
6ae0e000-6ae11000 r-xp 00000000 08:06 1706237    /usr/lib/i386-linux-gnu/libgmodule-2.0.so.0.3600.0
6ae11000-6ae12000 r--p 00002000 08:06 1706237    /usr/lib/i386-linux-gnu/libgmodule-2.0.so.0.3600.0
6ae12000-6ae13000 rw-p 00003000 08:06 1706237    /usr/lib/i386-linux-gnu/libgmodule-2.0.so.0.3600.0
6ae13000-6ae21000 r-xp 00000000 08:06 1705906    /usr/lib/i386-linux-gnu/libXi.so.6.1.0
6ae21000-6ae22000 r--p 0000d000 08:06 1705906    /usr/lib/i386-linux-gnu/libXi.so.6.1.0
6ae22000-6ae23000 rw-p 0000e000 08:06 1705906    /usr/lib/i386-linux-gnu/libXi.so.6.1.0
6ae23000-6ae33000 r-xp 00000000 08:06 1705900    /usr/lib/i386-linux-gnu/libXext.so.6.4.0
6ae33000-6ae34000 r--p 0000f000 08:06 1705900    /usr/lib/i386-linux-gnu/libXext.so.6.4.0
6ae34000-6ae35000 rw-p 00010000 08:06 1705900    /usr/lib/i386-linux-gnu/libXext.so.6.4.0
6ae35000-6afe2000 r--s 01cde000 08:06 1708621    /usr/lib/jvm/java-7-openjdk-i386/jre/lib/rt.jar
6afe2000-6dd00000 rw-p 00000000 00:00 0 
6dd00000-6de00000 rw-p 00000000 00:00 0 
6de00000-6de08000 r-xp 00000000 08:06 1705920    /usr/lib/i386-linux-gnu/libXrender.so.1.3.0
6de08000-6de09000 r--p 00007000 08:06 1705920    /usr/lib/i386-linux-gnu/libXrender.so.1.3.0
6de09000-6de0a000 rw-p 00008000 08:06 1705920    /usr/lib/i386-linux-gnu/libXrender.so.1.3.0
6de0a000-6de0b000 r--s 00000000 08:06 938723     /var/cache/fontconfig/406a1d2d2bf3ed7664fbadefac0b2f66-le32d4.cache-3
6de0b000-6de21000 r-xp 00000000 08:06 1708664    /usr/lib/jvm/java-7-openjdk-i386/jre/lib/i386/libnet.so
6de21000-6de22000 r--p 00015000 08:06 1708664    /usr/lib/jvm/java-7-openjdk-i386/jre/lib/i386/libnet.so
6de22000-6de23000 rw-p 00016000 08:06 1708664    /usr/lib/jvm/java-7-openjdk-i386/jre/lib/i386/libnet.so
6de23000-6de2e000 r--s 001fb000 08:06 1708529    /usr/lib/jvm/java-7-openjdk-common/jre/lib/charsets.jar
6de2e000-6de31000 ---p 00000000 00:00 0 
6de31000-6de7f000 rw-p 00000000 00:00 0          [stack:25534]
6de7f000-6de80000 ---p 00000000 00:00 0 
6de80000-6df00000 rw-p 00000000 00:00 0          [stack:25531]
6df00000-6df21000 rw-p 00000000 00:00 0 
6df21000-6e000000 ---p 00000000 00:00 0 
6e000000-6e005000 r-xp 00000000 08:06 1705926    /usr/lib/i386-linux-gnu/libXtst.so.6.1.0
6e005000-6e006000 r--p 00004000 08:06 1705926    /usr/lib/i386-linux-gnu/libXtst.so.6.1.0
6e006000-6e007000 rw-p 00005000 08:06 1705926    /usr/lib/i386-linux-gnu/libXtst.so.6.1.0
6e007000-6e010000 r--s 000bc000 08:06 1708538    /usr/lib/jvm/java-7-openjdk-common/jre/lib/resources.jar
6e010000-6e01b000 r--s 001fb000 08:06 1708529    /usr/lib/jvm/java-7-openjdk-common/jre/lib/charsets.jar
6e01b000-6e02e000 r--s 00179000 08:06 1724490    /home/gene/Downloads/ll/vlcj-2.4.1/vlcj-2.4.1-javadoc.jar
6e02e000-6e031000 ---p 00000000 00:00 0 
6e031000-6e07f000 rw-p 00000000 00:00 0          [stack:25533]
6e07f000-6e080000 ---p 00000000 00:00 0 
6e080000-6e100000 rw-p 00000000 00:00 0          [stack:25530]
6e100000-6e121000 rw-p 00000000 00:00 0 
6e121000-6e200000 ---p 00000000 00:00 0 
6e200000-6e202000 r--s 00000000 08:06 936655     /var/cache/fontconfig/67709b7835c0f764c1135060c9575660-le32d4.cache-3
6e202000-6e203000 r--s 00000000 08:06 936109     /var/cache/fontconfig/0c9eb80ebd1c36541ebe2852d3bb0c49-le32d4.cache-3
6e203000-6e204000 r-xp 00000000 08:06 1706360    /usr/lib/i386-linux-gnu/libgthread-2.0.so.0.3600.0
6e204000-6e205000 r--p 00000000 08:06 1706360    /usr/lib/i386-linux-gnu/libgthread-2.0.so.0.3600.0
6e205000-6e206000 rw-p 00001000 08:06 1706360    /usr/lib/i386-linux-gnu/libgthread-2.0.so.0.3600.0
6e206000-6e210000 r--s 00053000 08:06 1724519    /home/gene/Downloads/ll/vlcj-2.4.1/vlcj-2.4.1-tests.jar
6e210000-6e21f000 r--s 00115000 08:06 1724216    /home/gene/Downloads/ll/vlcj-2.4.1/platform-3.5.2.jar
6e21f000-6e237000 r--s 001b9000 08:06 1779640    /home/gene/lab/music/playmp3/jmf.jar
6e237000-6e27f000 rw-p 00000000 00:00 0 
6e27f000-6e280000 ---p 00000000 00:00 0 
6e280000-6e300000 rw-p 00000000 00:00 0          [stack:25529]
6e300000-6e33c000 rw-p 00000000 00:00 0 
6e33c000-6e400000 ---p 00000000 00:00 0 
6e400000-6e407000 r--s 00094000 08:06 1784822    /home/gene/netbeans-7.3.1/java/modules/ext/beansbinding-1.2.1.jar
6e407000-6e40a000 r--s 000a6000 08:06 1724183    /home/gene/Downloads/ll/vlcj-2.4.1/jna-3.5.2.jar
6e40a000-6e414000 r--s 0004b000 08:06 1724492    /home/gene/Downloads/ll/vlcj-2.4.1/vlcj-2.4.1.jar
6e414000-6e415000 ---p 00000000 00:00 0 
6e415000-6e49d000 rw-p 00000000 00:00 0          [stack:25528]
6e49d000-6e4d5000 rw-p 00000000 00:00 0 
6e4d5000-6e4ea000 rw-p 00000000 00:00 0 
6e4ea000-6e619000 rw-p 00000000 00:00 0 
6e619000-6e621000 rw-p 00000000 00:00 0 
6e621000-6e659000 rw-p 00000000 00:00 0 
6e659000-6e66e000 rw-p 00000000 00:00 0 
6e66e000-6e79d000 rw-p 00000000 00:00 0 
6e79d000-6e7aa000 rw-p 00000000 00:00 0 
6e7aa000-6e7ab000 ---p 00000000 00:00 0 
6e7ab000-6e83f000 rw-p 00000000 00:00 0 
6e83f000-6f840000 rw-p 00000000 00:00 0 
6f840000-76840000 rw-p 00000000 00:00 0 
76840000-790c0000 rw-p 00000000 00:00 0 
790c0000-9f040000 rw-p 00000000 00:00 0 
9f040000-a09c0000 rw-p 00000000 00:00 0 
a09c0000-a0b30000 ---p 00000000 00:00 0 
a0b30000-b3440000 rw-p 00000000 00:00 0 
b3440000-b3449000 rw-p 00000000 00:00 0 
b3449000-b3500000 rw-p 00000000 00:00 0 
b3500000-b3740000 rwxp 00000000 00:00 0 
b3740000-b65fc000 rw-p 00000000 00:00 0 
b65fc000-b6600000 ---p 00000000 00:00 0 
b6600000-b6601000 r--s 00000000 08:06 936124     /var/cache/fontconfig/62f91419b9ebdb6975e7e41ab6412357-le32d4.cache-3
b6601000-b6602000 r--s 00000000 08:06 938994     /var/cache/fontconfig/e0aa53bcfa504e64f87823c16bc01eb6-le32d4.cache-3
b6602000-b6605000 r--s 00027000 08:06 1798650    /home/gene/Downloads/rs2xml.jar
b6605000-b6614000 r--s 000d3000 08:06 1786959    /home/gene/Downloads/jaudiotagger-2.2.0-20130321.142353-1.jar
b6614000-b6616000 r--s 00380000 08:06 1795454    /home/gene/Downloads/sqlite-jdbc-3.7.15-M1.jar
b6616000-b6618000 r--s 00006000 08:06 137009     /usr/share/java/java-atk-wrapper.jar
b6618000-b661b000 r--s 0000f000 08:06 1708547    /usr/lib/jvm/java-7-openjdk-common/jre/lib/ext/pulse-java.jar
b661b000-b6626000 r-xp 00000000 08:06 262543     /lib/i386-linux-gnu/libnss_files-2.17.so
b6626000-b6627000 r--p 0000a000 08:06 262543     /lib/i386-linux-gnu/libnss_files-2.17.so
b6627000-b6628000 rw-p 0000b000 08:06 262543     /lib/i386-linux-gnu/libnss_files-2.17.so
b6628000-b6632000 r-xp 00000000 08:06 262548     /lib/i386-linux-gnu/libnss_nis-2.17.so
b6632000-b6633000 r--p 00009000 08:06 262548     /lib/i386-linux-gnu/libnss_nis-2.17.so
b6633000-b6634000 rw-p 0000a000 08:06 262548     /lib/i386-linux-gnu/libnss_nis-2.17.so
b6634000-b6649000 r-xp 00000000 08:06 262537     /lib/i386-linux-gnu/libnsl-2.17.so
b6649000-b664a000 r--p 00014000 08:06 262537     /lib/i386-linux-gnu/libnsl-2.17.so
b664a000-b664b000 rw-p 00015000 08:06 262537     /lib/i386-linux-gnu/libnsl-2.17.so
b664b000-b664d000 rw-p 00000000 00:00 0 
b664d000-b6654000 r-xp 00000000 08:06 262539     /lib/i386-linux-gnu/libnss_compat-2.17.so
b6654000-b6655000 r--p 00006000 08:06 262539     /lib/i386-linux-gnu/libnss_compat-2.17.so
b6655000-b6656000 rw-p 00007000 08:06 262539     /lib/i386-linux-gnu/libnss_compat-2.17.so
b6656000-b6657000 r--s 00014000 08:06 1795668    /home/gene/lab/music/playmp3/mp3plugin.jar
b6657000-b6658000 r--s 00002000 08:06 1708545    /usr/lib/jvm/java-7-openjdk-common/jre/lib/ext/dnsns.jar
b6658000-b665c000 r--s 00085000 08:06 1708546    /usr/lib/jvm/java-7-openjdk-common/jre/lib/ext/localedata.jar
b665c000-b665e000 r--s 00012000 08:06 1708550    /usr/lib/jvm/java-7-openjdk-common/jre/lib/ext/zipfs.jar
b665e000-b6661000 r--s 00032000 08:06 1708548    /usr/lib/jvm/java-7-openjdk-common/jre/lib/ext/sunjce_provider.jar
b6661000-b6664000 r--s 0003c000 08:06 1708549    /usr/lib/jvm/java-7-openjdk-common/jre/lib/ext/sunpkcs11.jar
b6664000-b6665000 r--p 005db000 08:06 1709808    /usr/lib/locale/locale-archive
b6665000-b666d000 r-xp 00000000 08:06 1708674    /usr/lib/jvm/java-7-openjdk-i386/jre/lib/i386/libzip.so
b666d000-b666e000 r--p 00007000 08:06 1708674    /usr/lib/jvm/java-7-openjdk-i386/jre/lib/i386/libzip.so
b666e000-b666f000 rw-p 00008000 08:06 1708674    /usr/lib/jvm/java-7-openjdk-i386/jre/lib/i386/libzip.so
b666f000-b6696000 r-xp 00000000 08:06 1708652    /usr/lib/jvm/java-7-openjdk-i386/jre/lib/i386/libjava.so
b6696000-b6697000 r--p 00026000 08:06 1708652    /usr/lib/jvm/java-7-openjdk-i386/jre/lib/i386/libjava.so
b6697000-b6698000 rw-p 00027000 08:06 1708652    /usr/lib/jvm/java-7-openjdk-i386/jre/lib/i386/libjava.so
b6698000-b669f000 r-xp 00000000 08:06 262591     /lib/i386-linux-gnu/librt-2.17.so
b669f000-b66a0000 r--p 00006000 08:06 262591     /lib/i386-linux-gnu/librt-2.17.so
b66a0000-b66a1000 rw-p 00007000 08:06 262591     /lib/i386-linux-gnu/librt-2.17.so
b66a1000-b66a4000 ---p 00000000 00:00 0 
b66a4000-b66f2000 rw-p 00000000 00:00 0          [stack:25527]
b66f2000-b670d000 r-xp 00000000 08:06 262495     /lib/i386-linux-gnu/libgcc_s.so.1
b670d000-b670e000 r--p 0001a000 08:06 262495     /lib/i386-linux-gnu/libgcc_s.so.1
b670e000-b670f000 rw-p 0001b000 08:06 262495     /lib/i386-linux-gnu/libgcc_s.so.1
b670f000-b6750000 r-xp 00000000 08:06 262518     /lib/i386-linux-gnu/libm-2.17.so
b6750000-b6751000 r--p 00040000 08:06 262518     /lib/i386-linux-gnu/libm-2.17.so
b6751000-b6752000 rw-p 00041000 08:06 262518     /lib/i386-linux-gnu/libm-2.17.so
b6752000-b682e000 r-xp 00000000 08:06 1706691    /usr/lib/i386-linux-gnu/libstdc++.so.6.0.17
b682e000-b682f000 ---p 000dc000 08:06 1706691    /usr/lib/i386-linux-gnu/libstdc++.so.6.0.17
b682f000-b6833000 r--p 000dc000 08:06 1706691    /usr/lib/i386-linux-gnu/libstdc++.so.6.0.17
b6833000-b6834000 rw-p 000e0000 08:06 1706691    /usr/lib/i386-linux-gnu/libstdc++.so.6.0.17
b6834000-b683b000 rw-p 00000000 00:00 0 
b683b000-b7130000 r-xp 00000000 08:06 1708685    /usr/lib/jvm/java-7-openjdk-i386/jre/lib/i386/server/libjvm.so
b7130000-b7177000 r--p 008f4000 08:06 1708685    /usr/lib/jvm/java-7-openjdk-i386/jre/lib/i386/server/libjvm.so
b7177000-b718b000 rw-p 0093b000 08:06 1708685    /usr/lib/jvm/java-7-openjdk-i386/jre/lib/i386/server/libjvm.so
b718b000-b75a9000 rw-p 00000000 00:00 0 
b75a9000-b75c0000 r-xp 00000000 08:06 262624     /lib/i386-linux-gnu/libz.so.1.2.7
b75c0000-b75c1000 r--p 00016000 08:06 262624     /lib/i386-linux-gnu/libz.so.1.2.7
b75c1000-b75c2000 rw-p 00017000 08:06 262624     /lib/i386-linux-gnu/libz.so.1.2.7
b75c2000-b75d9000 r-xp 00000000 08:06 262583     /lib/i386-linux-gnu/libpthread-2.17.so
b75d9000-b75da000 r--p 00016000 08:06 262583     /lib/i386-linux-gnu/libpthread-2.17.so
b75da000-b75db000 rw-p 00017000 08:06 262583     /lib/i386-linux-gnu/libpthread-2.17.so
b75db000-b75dd000 rw-p 00000000 00:00 0 
b75dd000-b75e0000 r-xp 00000000 08:06 262485     /lib/i386-linux-gnu/libdl-2.17.so
b75e0000-b75e1000 r--p 00002000 08:06 262485     /lib/i386-linux-gnu/libdl-2.17.so
b75e1000-b75e2000 rw-p 00003000 08:06 262485     /lib/i386-linux-gnu/libdl-2.17.so
b75e2000-b778f000 r-xp 00000000 08:06 262470     /lib/i386-linux-gnu/libc-2.17.so
b778f000-b7791000 r--p 001ad000 08:06 262470     /lib/i386-linux-gnu/libc-2.17.so
b7791000-b7792000 rw-p 001af000 08:06 262470     /lib/i386-linux-gnu/libc-2.17.so
b7792000-b7795000 rw-p 00000000 00:00 0 
b7795000-b779d000 rw-s 00000000 08:06 1441575    /tmp/hsperfdata_gene/25523
b779d000-b779e000 rw-p 00000000 00:00 0 
b779e000-b779f000 r--p 00000000 00:00 0 
b779f000-b77ac000 r-xp 00000000 08:06 1708673    /usr/lib/jvm/java-7-openjdk-i386/jre/lib/i386/libverify.so
b77ac000-b77ad000 r--p 0000d000 08:06 1708673    /usr/lib/jvm/java-7-openjdk-i386/jre/lib/i386/libverify.so
b77ad000-b77ae000 rw-p 0000e000 08:06 1708673    /usr/lib/jvm/java-7-openjdk-i386/jre/lib/i386/libverify.so
b77ae000-b77bb000 r-xp 00000000 08:06 1708681    /usr/lib/jvm/java-7-openjdk-i386/jre/lib/i386/jli/libjli.so
b77bb000-b77bc000 r--p 0000c000 08:06 1708681    /usr/lib/jvm/java-7-openjdk-i386/jre/lib/i386/jli/libjli.so
b77bc000-b77bd000 rw-p 0000d000 08:06 1708681    /usr/lib/jvm/java-7-openjdk-i386/jre/lib/i386/jli/libjli.so
b77bd000-b77c0000 rw-p 00000000 00:00 0 
b77c0000-b77c1000 r-xp 00000000 00:00 0          [vdso]
b77c1000-b77e1000 r-xp 00000000 08:06 262446     /lib/i386-linux-gnu/ld-2.17.so
b77e1000-b77e2000 r--p 0001f000 08:06 262446     /lib/i386-linux-gnu/ld-2.17.so
b77e2000-b77e3000 rw-p 00020000 08:06 262446     /lib/i386-linux-gnu/ld-2.17.so
bff87000-bffa8000 rw-p 00000000 00:00 0          [stack]

VM Arguments:
jvm_args: -Dfile.encoding=UTF-8 
java_command: musicplayer.Musicplayer
Launcher Type: SUN_STANDARD

Environment Variables:
PATH=/usr/local/sbin:/usr/local/bin:/usr/sbin:/usr/bin:/sbin:/bin:/usr/games:/usr/local/games
USERNAME=gene
LD_LIBRARY_PATH=/usr/lib/jvm/default-java/jre/lib/amd64:/usr/lib/jvm/default-java/jre/lib/i386:
SHELL=/bin/bash
DISPLAY=:0

Signal Handlers:
SIGSEGV: [libjvm.so+0x7598c0], sa_mask[0]=0x7ffbfeff, sa_flags=0x10000004
SIGBUS: [libjvm.so+0x7598c0], sa_mask[0]=0x7ffbfeff, sa_flags=0x10000004
SIGFPE: [libjvm.so+0x5f54f0], sa_mask[0]=0x7ffbfeff, sa_flags=0x10000004
SIGPIPE: [libjvm.so+0x5f54f0], sa_mask[0]=0x7ffbfeff, sa_flags=0x10000004
SIGXFSZ: [libjvm.so+0x5f54f0], sa_mask[0]=0x7ffbfeff, sa_flags=0x10000004
SIGILL: [libjvm.so+0x5f54f0], sa_mask[0]=0x7ffbfeff, sa_flags=0x10000004
SIGUSR1: SIG_DFL, sa_mask[0]=0x00000000, sa_flags=0x00000000
SIGUSR2: [libjvm.so+0x5f53a0], sa_mask[0]=0x00000004, sa_flags=0x10000004
SIGHUP: [libjvm.so+0x5f5930], sa_mask[0]=0x7ffbfeff, sa_flags=0x10000004
SIGINT: SIG_IGN, sa_mask[0]=0x00000000, sa_flags=0x00000000
SIGTERM: [libjvm.so+0x5f5930], sa_mask[0]=0x7ffbfeff, sa_flags=0x10000004
SIGQUIT: [libjvm.so+0x5f5930], sa_mask[0]=0x7ffbfeff, sa_flags=0x10000004


---------------  S Y S T E M  ---------------

OS:Ubuntu 13.04 (raring)
uname:Linux 3.8.0-19-generic #29-Ubuntu SMP Wed Apr 17 18:19:42 UTC 2013 i686
libc:glibc 2.17 NPTL 2.17 
rlimit: STACK 8192k, CORE 0k, NPROC 30928, NOFILE 4096, AS infinity
load average:0.63 0.86 1.35

/proc/meminfo:
MemTotal:        3975340 kB
MemFree:          891976 kB
Buffers:          711000 kB
Cached:          1209752 kB
SwapCached:            0 kB
Active:          1252056 kB
Inactive:        1734936 kB
Active(anon):     903208 kB
Inactive(anon):   312920 kB
Active(file):     348848 kB
Inactive(file):  1422016 kB
Unevictable:           0 kB
Mlocked:               0 kB
HighTotal:       3125056 kB
HighFree:         829940 kB
LowTotal:         850284 kB
LowFree:           62036 kB
SwapTotal:       2047996 kB
SwapFree:        2047996 kB
Dirty:               352 kB
Writeback:             0 kB
AnonPages:       1066052 kB
Mapped:           135232 kB
Shmem:            149888 kB
Slab:              61384 kB
SReclaimable:      39792 kB
SUnreclaim:        21592 kB
KernelStack:        3504 kB
PageTables:         8024 kB
NFS_Unstable:          0 kB
Bounce:                0 kB
WritebackTmp:          0 kB
CommitLimit:     4035664 kB
Committed_AS:    2957928 kB
VmallocTotal:     122880 kB
VmallocUsed:       20008 kB
VmallocChunk:      89160 kB
HardwareCorrupted:     0 kB
AnonHugePages:         0 kB
HugePages_Total:       0
HugePages_Free:        0
HugePages_Rsvd:        0
HugePages_Surp:        0
Hugepagesize:       2048 kB
DirectMap4k:       10232 kB
DirectMap2M:      903168 kB


CPU:total 4 (2 cores per cpu, 2 threads per core) family 6 model 42 stepping 7, cmov, cx8, fxsr, mmx, sse, sse2, sse3, ssse3, sse4.1, sse4.2, popcnt, avx, ht, tsc, tscinvbit

/proc/cpuinfo:
processor	: 0
vendor_id	: GenuineIntel
cpu family	: 6
model		: 42
model name	: Intel(R) Core(TM) i3-2370M CPU @ 2.40GHz
stepping	: 7
microcode	: 0x25
cpu MHz		: 800.000
cache size	: 3072 KB
physical id	: 0
siblings	: 4
core id		: 0
cpu cores	: 2
apicid		: 0
initial apicid	: 0
fdiv_bug	: no
hlt_bug		: no
f00f_bug	: no
coma_bug	: no
fpu		: yes
fpu_exception	: yes
cpuid level	: 13
wp		: yes
flags		: fpu vme de pse tsc msr pae mce cx8 apic sep mtrr pge mca cmov pat pse36 clflush dts acpi mmx fxsr sse sse2 ss ht tm pbe nx rdtscp lm constant_tsc arch_perfmon pebs bts xtopology nonstop_tsc aperfmperf eagerfpu pni pclmulqdq dtes64 monitor ds_cpl vmx est tm2 ssse3 cx16 xtpr pdcm pcid sse4_1 sse4_2 x2apic popcnt tsc_deadline_timer xsave avx lahf_lm arat epb xsaveopt pln pts dtherm tpr_shadow vnmi flexpriority ept vpid
bogomips	: 4788.77
clflush size	: 64
cache_alignment	: 64
address sizes	: 36 bits physical, 48 bits virtual
power management:

processor	: 1
vendor_id	: GenuineIntel
cpu family	: 6
model		: 42
model name	: Intel(R) Core(TM) i3-2370M CPU @ 2.40GHz
stepping	: 7
microcode	: 0x25
cpu MHz		: 2400.000
cache size	: 3072 KB
physical id	: 0
siblings	: 4
core id		: 0
cpu cores	: 2
apicid		: 1
initial apicid	: 1
fdiv_bug	: no
hlt_bug		: no
f00f_bug	: no
coma_bug	: no
fpu		: yes
fpu_exception	: yes
cpuid level	: 13
wp		: yes
flags		: fpu vme de pse tsc msr pae mce cx8 apic sep mtrr pge mca cmov pat pse36 clflush dts acpi mmx fxsr sse sse2 ss ht tm pbe nx rdtscp lm constant_tsc arch_perfmon pebs bts xtopology nonstop_tsc aperfmperf eagerfpu pni pclmulqdq dtes64 monitor ds_cpl vmx est tm2 ssse3 cx16 xtpr pdcm pcid sse4_1 sse4_2 x2apic popcnt tsc_deadline_timer xsave avx lahf_lm arat epb xsaveopt pln pts dtherm tpr_shadow vnmi flexpriority ept vpid
bogomips	: 4788.77
clflush size	: 64
cache_alignment	: 64
address sizes	: 36 bits physical, 48 bits virtual
power management:

processor	: 2
vendor_id	: GenuineIntel
cpu family	: 6
model		: 42
model name	: Intel(R) Core(TM) i3-2370M CPU @ 2.40GHz
stepping	: 7
microcode	: 0x25
cpu MHz		: 2400.000
cache size	: 3072 KB
physical id	: 0
siblings	: 4
core id		: 1
cpu cores	: 2
apicid		: 2
initial apicid	: 2
fdiv_bug	: no
hlt_bug		: no
f00f_bug	: no
coma_bug	: no
fpu		: yes
fpu_exception	: yes
cpuid level	: 13
wp		: yes
flags		: fpu vme de pse tsc msr pae mce cx8 apic sep mtrr pge mca cmov pat pse36 clflush dts acpi mmx fxsr sse sse2 ss ht tm pbe nx rdtscp lm constant_tsc arch_perfmon pebs bts xtopology nonstop_tsc aperfmperf eagerfpu pni pclmulqdq dtes64 monitor ds_cpl vmx est tm2 ssse3 cx16 xtpr pdcm pcid sse4_1 sse4_2 x2apic popcnt tsc_deadline_timer xsave avx lahf_lm arat epb xsaveopt pln pts dtherm tpr_shadow vnmi flexpriority ept vpid
bogomips	: 4788.77
clflush size	: 64
cache_alignment	: 64
address sizes	: 36 bits physical, 48 bits virtual
power management:

processor	: 3
vendor_id	: GenuineIntel
cpu family	: 6
model		: 42
model name	: Intel(R) Core(TM) i3-2370M CPU @ 2.40GHz
stepping	: 7
microcode	: 0x25
cpu MHz		: 2400.000
cache size	: 3072 KB
physical id	: 0
siblings	: 4
core id		: 1
cpu cores	: 2
apicid		: 3
initial apicid	: 3
fdiv_bug	: no
hlt_bug		: no
f00f_bug	: no
coma_bug	: no
fpu		: yes
fpu_exception	: yes
cpuid level	: 13
wp		: yes
flags		: fpu vme de pse tsc msr pae mce cx8 apic sep mtrr pge mca cmov pat pse36 clflush dts acpi mmx fxsr sse sse2 ss ht tm pbe nx rdtscp lm constant_tsc arch_perfmon pebs bts xtopology nonstop_tsc aperfmperf eagerfpu pni pclmulqdq dtes64 monitor ds_cpl vmx est tm2 ssse3 cx16 xtpr pdcm pcid sse4_1 sse4_2 x2apic popcnt tsc_deadline_timer xsave avx lahf_lm arat epb xsaveopt pln pts dtherm tpr_shadow vnmi flexpriority ept vpid
bogomips	: 4788.77
clflush size	: 64
cache_alignment	: 64
address sizes	: 36 bits physical, 48 bits virtual
power management:



Memory: 4k page, physical 3975340k(891976k free), swap 2047996k(2047996k free)

vm_info: OpenJDK Server VM (23.7-b01) for linux-x86 JRE (1.7.0_21-b02), built on Apr 22 2013 07:41:32 by "buildd" with gcc 4.7.3

time: Thu Oct 31 18:15:39 2013
elapsed time: 56 seconds

