#
# A fatal error has been detected by the Java Runtime Environment:
#
#  SIGSEGV (0xb) at pc=0xb6c72333, pid=23991, tid=3060730688
#
# JRE version: 7.0_21-b02
# Java VM: OpenJDK Server VM (23.7-b01 mixed mode linux-x86 )
# Problematic frame:
# V  [libjvm.so+0x438333]  jni_GetStringUTFChars+0x73
#
# Failed to write core dump. Core dumps have been disabled. To enable core dumping, try "ulimit -c unlimited" before starting Java again
#
# If you would like to submit a bug report, please include
# instructions on how to reproduce the bug and visit:
#   https://bugs.launchpad.net/ubuntu/+source/openjdk-7/
#

---------------  T H R E A D  ---------------

Current thread (0xb6506800):  JavaThread "main" [_thread_in_vm, id=23996, stack(0xb66a0000,0xb66f1000)]

siginfo:si_signo=SIGSEGV: si_errno=0, si_code=1 (SEGV_MAPERR), si_addr=0x00000000

Registers:
EAX=0x00000000, EBX=0xb7176000, ECX=0x00000002, EDX=0xb719240c
ESP=0xb66efef0, EBP=0xb66eff78, ESI=0xb6506800, EDI=0x6a169040
EIP=0xb6c72333, EFLAGS=0x00010246, CR2=0x00000000

Top of Stack: (sp=0xb66efef0)
0xb66efef0:   b6506800 00000006 b3512d34 b3502b48
0xb66eff00:   00000000 0000fff0 b6506928 6a05d401
0xb66eff10:   b6506800 00000000 00000082 6ea7a710
0xb66eff20:   b6c5fde0 b6507144 b66eff50 6a0fdff4
0xb66eff30:   b6506928 6a169040 b66eff78 6a05ee0b
0xb66eff40:   b6506928 00000000 00000000 6ea85310
0xb66eff50:   00000000 b650714c b66eff70 b6507148
0xb66eff60:   6ea7a710 6ea7a708 b6506800 6ea7a710 

Instructions: (pc=0xb6c72333)
0xb6c72313:   89 74 24 20 c7 44 24 24 00 00 00 00 85 c0 74 0c
0xb6c72323:   8d 44 24 20 89 04 24 e8 11 b2 20 00 8b 44 24 54
0xb6c72333:   8b 08 89 0c 24 89 4c 24 1c e8 5f 44 ff ff 8d 68
0xb6c72343:   01 89 2c 24 e8 24 ae 1b 00 8b 4c 24 1c 85 c0 89 

Register to memory mapping:

EAX=0x00000000 is an unknown value
EBX=0xb7176000: <offset 0x93c000> in /usr/lib/jvm/java-7-openjdk-i386/jre/lib/i386/server/libjvm.so at 0xb683a000
ECX=0x00000002 is an unknown value
EDX=0xb719240c: <offset 0x95840c> in /usr/lib/jvm/java-7-openjdk-i386/jre/lib/i386/server/libjvm.so at 0xb683a000
ESP=0xb66efef0 is pointing into the stack for thread: 0xb6506800
EBP=0xb66eff78 is pointing into the stack for thread: 0xb6506800
ESI=0xb6506800 is a thread
EDI=0x6a169040 is an unknown value


Stack: [0xb66a0000,0xb66f1000],  sp=0xb66efef0,  free space=319k
Native frames: (J=compiled Java code, j=interpreted, Vv=VM code, C=native code)
V  [libjvm.so+0x438333]  jni_GetStringUTFChars+0x73
j  org.sqlite.NativeDB._exec(Ljava/lang/String;)I+0
j  org.sqlite.Stmt.executeUpdate(Ljava/lang/String;)I+46
j  musicplayer.DBEngine.writeLibrary(ILjava/lang/String;Ljava/lang/String;Ljava/lang/String;Ljava/lang/String;)V+82
j  musicplayer.Mp3TagReader.main([Ljava/lang/String;)V+175
v  ~StubRoutines::call_stub
V  [libjvm.so+0x42b06c]  JavaCalls::call_helper(JavaValue*, methodHandle*, JavaCallArguments*, Thread*)+0x39c

Java frames: (J=compiled Java code, j=interpreted, Vv=VM code)
j  org.sqlite.NativeDB._exec(Ljava/lang/String;)I+0
j  org.sqlite.Stmt.executeUpdate(Ljava/lang/String;)I+46
j  musicplayer.DBEngine.writeLibrary(ILjava/lang/String;Ljava/lang/String;Ljava/lang/String;Ljava/lang/String;)V+82
j  musicplayer.Mp3TagReader.main([Ljava/lang/String;)V+175
v  ~StubRoutines::call_stub

---------------  P R O C E S S  ---------------

Java Threads: ( => current thread )
  0x6aa01400 JavaThread "Service Thread" daemon [_thread_blocked, id=24007, stack(0x6a5ad000,0x6a5fe000)]
  0x6adfe800 JavaThread "C2 CompilerThread1" daemon [_thread_blocked, id=24006, stack(0x6a5fe000,0x6a67f000)]
  0x6adfc800 JavaThread "C2 CompilerThread0" daemon [_thread_blocked, id=24005, stack(0x6a67f000,0x6a700000)]
  0x6adfac00 JavaThread "Signal Dispatcher" daemon [_thread_blocked, id=24004, stack(0x6ac2e000,0x6ac7f000)]
  0x6adb8c00 JavaThread "Finalizer" daemon [_thread_blocked, id=24003, stack(0x6de2e000,0x6de7f000)]
  0x6adb6c00 JavaThread "Reference Handler" daemon [_thread_blocked, id=24002, stack(0x6e02e000,0x6e07f000)]
=>0xb6506800 JavaThread "main" [_thread_in_vm, id=23996, stack(0xb66a0000,0xb66f1000)]

Other Threads:
  0x6adb0800 VMThread [stack: 0x6ac7f000,0x6ad00000] [id=24001]
  0x6aa03000 WatcherThread [stack: 0x6a52c000,0x6a5ad000] [id=24008]

VM state:not at safepoint (normal execution)

VM Mutex/Monitor currently owned by a thread: None

Heap
 PSYoungGen      total 18112K, used 7662K [0x9f040000, 0xa0470000, 0xb3440000)
  eden space 15552K, 49% used [0x9f040000,0x9f7bbb48,0x9ff70000)
  from space 2560K, 0% used [0xa01f0000,0xa01f0000,0xa0470000)
  to   space 2560K, 0% used [0x9ff70000,0x9ff70000,0xa01f0000)
 ParOldGen       total 41472K, used 0K [0x76840000, 0x790c0000, 0x9f040000)
  object space 41472K, 0% used [0x76840000,0x76840000,0x790c0000)
 PSPermGen       total 16384K, used 4860K [0x6e840000, 0x6f840000, 0x76840000)
  object space 16384K, 29% used [0x6e840000,0x6ecff2b0,0x6f840000)

Card table byte_map: [0x6e619000,0x6e840000] byte_map_base: 0x6e2a4e00

Polling page: 0xb779d000

Code Cache  [0xb3500000, 0xb3740000, 0xb6500000)
 total_blobs=163 nmethods=34 adapters=82 free_code_cache=48782Kb largest_free_block=49927104

Compilation events (10 events):
Event: 0.415 Thread 0x6adfc800 nmethod 28 0xb3556748 code [0xb3556840, 0xb35568b0]
Event: 0.415 Thread 0x6adfe800 nmethod 27 0xb35536c8 code [0xb35537c0, 0xb3553b70]
Event: 0.417 Thread 0x6adfc800   29             java.lang.String::replace (127 bytes)
Event: 0.428 Thread 0x6adfc800 nmethod 29 0xb3555148 code [0xb3555260, 0xb3555690]
Event: 0.436 Thread 0x6adfe800   30             java.lang.String::equals (81 bytes)
Event: 0.439 Thread 0x6adfe800 nmethod 30 0xb3554cc8 code [0xb3554dc0, 0xb3554fd0]
Event: 0.482 Thread 0x6adfc800   31             sun.net.www.ParseUtil::encodePath (336 bytes)
Event: 0.508 Thread 0x6adfc800 nmethod 31 0xb35576c8 code [0xb35578c0, 0xb35586a8]
Event: 0.557 Thread 0x6adfe800   32             java.lang.String::length (6 bytes)
Event: 0.557 Thread 0x6adfe800 nmethod 32 0xb3557508 code [0xb3557600, 0xb3557650]

GC Heap History (0 events):
No events

Deoptimization events (3 events):
Event: 0.295 Thread 0xb6506800 Uncommon trap 16 fr.pc 0xb354e14c
Event: 0.295 Thread 0xb6506800 Uncommon trap -83 fr.pc 0xb3550ef0
Event: 0.575 Thread 0xb6506800 Uncommon trap -12 fr.pc 0xb3554f90

Internal exceptions (10 events):
Event: 0.569 Thread 0xb6506800 Threw 0x9f75dd38 at /build/buildd/openjdk-7-7u21-2.3.9/build/openjdk/hotspot/src/share/vm/prims/jvm.cpp:1166
Event: 0.570 Thread 0xb6506800 Threw 0x9f761448 at /build/buildd/openjdk-7-7u21-2.3.9/build/openjdk/hotspot/src/share/vm/prims/jvm.cpp:1166
Event: 0.573 Thread 0xb6506800 Threw 0x9f76b518 at /build/buildd/openjdk-7-7u21-2.3.9/build/openjdk/hotspot/src/share/vm/prims/jvm.cpp:1166
Event: 0.574 Thread 0xb6506800 Threw 0x9f76efd0 at /build/buildd/openjdk-7-7u21-2.3.9/build/openjdk/hotspot/src/share/vm/prims/jvm.cpp:1166
Event: 0.574 Thread 0xb6506800 Threw 0x9f7726c0 at /build/buildd/openjdk-7-7u21-2.3.9/build/openjdk/hotspot/src/share/vm/prims/jvm.cpp:1166
Event: 0.575 Thread 0xb6506800 Implicit null exception at 0xb3554de5 to 0xb3554f81
Event: 0.576 Thread 0xb6506800 Threw 0x9f779308 at /build/buildd/openjdk-7-7u21-2.3.9/build/openjdk/hotspot/src/share/vm/prims/jvm.cpp:1166
Event: 0.576 Thread 0xb6506800 Threw 0x9f77dbc0 at /build/buildd/openjdk-7-7u21-2.3.9/build/openjdk/hotspot/src/share/vm/prims/jvm.cpp:1166
Event: 0.577 Thread 0xb6506800 Threw 0x9f785f00 at /build/buildd/openjdk-7-7u21-2.3.9/build/openjdk/hotspot/src/share/vm/prims/jvm.cpp:1166
Event: 0.578 Thread 0xb6506800 Threw 0x9f788e28 at /build/buildd/openjdk-7-7u21-2.3.9/build/openjdk/hotspot/src/share/vm/prims/jvm.cpp:1166

Events (10 events):
Event: 0.575 loading class 0x6a168c80
Event: 0.575 loading class 0x6a168c80 done
Event: 0.576 loading class 0x6a1f23a8
Event: 0.576 loading class 0x6a1f23a8 done
Event: 0.576 loading class 0x6a1db7b0
Event: 0.576 loading class 0x6a1db7b0 done
Event: 0.577 loading class 0x6a16a830
Event: 0.577 loading class 0x6a16a830 done
Event: 0.578 loading class 0x6a16a7d0
Event: 0.578 loading class 0x6a16a7d0 done


Dynamic libraries:
08048000-08049000 r-xp 00000000 08:06 1708580    /usr/lib/jvm/java-7-openjdk-i386/jre/bin/java
08049000-0804a000 r--p 00000000 08:06 1708580    /usr/lib/jvm/java-7-openjdk-i386/jre/bin/java
0804a000-0804b000 rw-p 00001000 08:06 1708580    /usr/lib/jvm/java-7-openjdk-i386/jre/bin/java
09619000-0963a000 rw-p 00000000 00:00 0          [heap]
69bb7000-69d00000 rw-p 00000000 00:00 0 
69d00000-69d29000 rw-p 00000000 00:00 0 
69d29000-69e00000 ---p 00000000 00:00 0 
69e65000-69f00000 rw-p 00000000 00:00 0 
69f00000-69fa6000 rw-p 00000000 00:00 0 
69fa6000-6a000000 ---p 00000000 00:00 0 
6a059000-6a0fd000 r-xp 00000000 08:06 1439244    /tmp/sqlite-3.7.151-i386-libsqlitejdbc.so
6a0fd000-6a0fe000 r--p 000a4000 08:06 1439244    /tmp/sqlite-3.7.151-i386-libsqlitejdbc.so
6a0fe000-6a0ff000 rw-p 000a5000 08:06 1439244    /tmp/sqlite-3.7.151-i386-libsqlitejdbc.so
6a0ff000-6a100000 rw-p 00000000 00:00 0 
6a100000-6a1f9000 rw-p 00000000 00:00 0 
6a1f9000-6a200000 ---p 00000000 00:00 0 
6a236000-6a275000 r-xp 00000000 08:06 262566     /lib/i386-linux-gnu/libpcre.so.3.13.1
6a275000-6a276000 r--p 0003f000 08:06 262566     /lib/i386-linux-gnu/libpcre.so.3.13.1
6a276000-6a277000 rw-p 00040000 08:06 262566     /lib/i386-linux-gnu/libpcre.so.3.13.1
6a277000-6a376000 r-xp 00000000 08:06 262499     /lib/i386-linux-gnu/libglib-2.0.so.0.3600.0
6a376000-6a377000 r--p 000fe000 08:06 262499     /lib/i386-linux-gnu/libglib-2.0.so.0.3600.0
6a377000-6a378000 rw-p 000ff000 08:06 262499     /lib/i386-linux-gnu/libglib-2.0.so.0.3600.0
6a378000-6a3c6000 r-xp 00000000 08:06 1706257    /usr/lib/i386-linux-gnu/libgobject-2.0.so.0.3600.0
6a3c6000-6a3c7000 r--p 0004d000 08:06 1706257    /usr/lib/i386-linux-gnu/libgobject-2.0.so.0.3600.0
6a3c7000-6a3c8000 rw-p 0004e000 08:06 1706257    /usr/lib/i386-linux-gnu/libgobject-2.0.so.0.3600.0
6a3c8000-6a528000 r-xp 00000000 08:06 1706227    /usr/lib/i386-linux-gnu/libgio-2.0.so.0.3600.0
6a528000-6a52a000 r--p 00160000 08:06 1706227    /usr/lib/i386-linux-gnu/libgio-2.0.so.0.3600.0
6a52a000-6a52b000 rw-p 00162000 08:06 1706227    /usr/lib/i386-linux-gnu/libgio-2.0.so.0.3600.0
6a52b000-6a52c000 rw-p 00000000 00:00 0 
6a52c000-6a52d000 ---p 00000000 00:00 0 
6a52d000-6a5ad000 rw-p 00000000 00:00 0          [stack:24008]
6a5ad000-6a5b0000 ---p 00000000 00:00 0 
6a5b0000-6a5fe000 rw-p 00000000 00:00 0          [stack:24007]
6a5fe000-6a601000 ---p 00000000 00:00 0 
6a601000-6a67f000 rw-p 00000000 00:00 0          [stack:24006]
6a67f000-6a682000 ---p 00000000 00:00 0 
6a682000-6a700000 rw-p 00000000 00:00 0          [stack:24005]
6a700000-6a900000 r--p 00000000 08:06 1709808    /usr/lib/locale/locale-archive
6a900000-6a921000 rw-p 00000000 00:00 0 
6a921000-6aa00000 ---p 00000000 00:00 0 
6aa00000-6aafc000 rw-p 00000000 00:00 0 
6aafc000-6ab00000 ---p 00000000 00:00 0 
6ab00000-6ac00000 rw-p 00000000 00:00 0 
6ac2e000-6ac31000 ---p 00000000 00:00 0 
6ac31000-6ac7f000 rw-p 00000000 00:00 0          [stack:24004]
6ac7f000-6ac80000 ---p 00000000 00:00 0 
6ac80000-6ad00000 rw-p 00000000 00:00 0          [stack:24001]
6ad00000-6adff000 rw-p 00000000 00:00 0 
6adff000-6ae00000 ---p 00000000 00:00 0 
6ae1e000-6ae31000 r-xp 00000000 08:06 262589     /lib/i386-linux-gnu/libresolv-2.17.so
6ae31000-6ae32000 r--p 00013000 08:06 262589     /lib/i386-linux-gnu/libresolv-2.17.so
6ae32000-6ae33000 rw-p 00014000 08:06 262589     /lib/i386-linux-gnu/libresolv-2.17.so
6ae33000-6ae35000 rw-p 00000000 00:00 0 
6ae35000-6afe2000 r--s 01cde000 08:06 1708621    /usr/lib/jvm/java-7-openjdk-i386/jre/lib/rt.jar
6afe2000-6dd00000 rw-p 00000000 00:00 0 
6dd00000-6de00000 rw-p 00000000 00:00 0 
6de0f000-6de2c000 r-xp 00000000 08:06 262593     /lib/i386-linux-gnu/libselinux.so.1
6de2c000-6de2d000 r--p 0001c000 08:06 262593     /lib/i386-linux-gnu/libselinux.so.1
6de2d000-6de2e000 rw-p 0001d000 08:06 262593     /lib/i386-linux-gnu/libselinux.so.1
6de2e000-6de31000 ---p 00000000 00:00 0 
6de31000-6de7f000 rw-p 00000000 00:00 0          [stack:24003]
6de7f000-6de80000 ---p 00000000 00:00 0 
6de80000-6df00000 rw-p 00000000 00:00 0          [stack:24000]
6df00000-6df21000 rw-p 00000000 00:00 0 
6df21000-6e000000 ---p 00000000 00:00 0 
6e00e000-6e013000 r-xp 00000000 08:06 1706141    /usr/lib/i386-linux-gnu/libffi.so.6.0.1
6e013000-6e014000 r--p 00005000 08:06 1706141    /usr/lib/i386-linux-gnu/libffi.so.6.0.1
6e014000-6e015000 rw-p 00006000 08:06 1706141    /usr/lib/i386-linux-gnu/libffi.so.6.0.1
6e020000-6e025000 r--s 0004c000 08:06 1708535    /usr/lib/jvm/java-7-openjdk-common/jre/lib/jsse.jar
6e025000-6e02e000 r--s 000bc000 08:06 1708538    /usr/lib/jvm/java-7-openjdk-common/jre/lib/resources.jar
6e02e000-6e031000 ---p 00000000 00:00 0 
6e031000-6e07f000 rw-p 00000000 00:00 0          [stack:24002]
6e07f000-6e080000 ---p 00000000 00:00 0 
6e080000-6e100000 rw-p 00000000 00:00 0          [stack:23999]
6e100000-6e121000 rw-p 00000000 00:00 0 
6e121000-6e200000 ---p 00000000 00:00 0 
6e202000-6e205000 r-xp 00000000 08:06 1706237    /usr/lib/i386-linux-gnu/libgmodule-2.0.so.0.3600.0
6e205000-6e206000 r--p 00002000 08:06 1706237    /usr/lib/i386-linux-gnu/libgmodule-2.0.so.0.3600.0
6e206000-6e207000 rw-p 00003000 08:06 1706237    /usr/lib/i386-linux-gnu/libgmodule-2.0.so.0.3600.0
6e207000-6e21d000 r-xp 00000000 08:06 1708664    /usr/lib/jvm/java-7-openjdk-i386/jre/lib/i386/libnet.so
6e21d000-6e21e000 r--p 00015000 08:06 1708664    /usr/lib/jvm/java-7-openjdk-i386/jre/lib/i386/libnet.so
6e21e000-6e21f000 rw-p 00016000 08:06 1708664    /usr/lib/jvm/java-7-openjdk-i386/jre/lib/i386/libnet.so
6e21f000-6e237000 r--s 001b9000 08:06 1779640    /home/gene/lab/music/playmp3/jmf.jar
6e237000-6e27f000 rw-p 00000000 00:00 0 
6e27f000-6e280000 ---p 00000000 00:00 0 
6e280000-6e300000 rw-p 00000000 00:00 0          [stack:23998]
6e300000-6e321000 rw-p 00000000 00:00 0 
6e321000-6e400000 ---p 00000000 00:00 0 
6e401000-6e412000 r-xp 00000000 08:06 1708665    /usr/lib/jvm/java-7-openjdk-i386/jre/lib/i386/libnio.so
6e412000-6e413000 r--p 00010000 08:06 1708665    /usr/lib/jvm/java-7-openjdk-i386/jre/lib/i386/libnio.so
6e413000-6e414000 rw-p 00011000 08:06 1708665    /usr/lib/jvm/java-7-openjdk-i386/jre/lib/i386/libnio.so
6e414000-6e415000 ---p 00000000 00:00 0 
6e415000-6e49d000 rw-p 00000000 00:00 0          [stack:23997]
6e49d000-6e4d5000 rw-p 00000000 00:00 0 
6e4d5000-6e4ea000 rw-p 00000000 00:00 0 
6e4ea000-6e619000 rw-p 00000000 00:00 0 
6e619000-6e621000 rw-p 00000000 00:00 0 
6e621000-6e659000 rw-p 00000000 00:00 0 
6e659000-6e66e000 rw-p 00000000 00:00 0 
6e66e000-6e79d000 rw-p 00000000 00:00 0 
6e79d000-6e7a8000 rw-p 00000000 00:00 0 
6e7a8000-6e83f000 rw-p 00000000 00:00 0 
6e83f000-6f840000 rw-p 00000000 00:00 0 
6f840000-76840000 rw-p 00000000 00:00 0 
76840000-790c0000 rw-p 00000000 00:00 0 
790c0000-9f040000 rw-p 00000000 00:00 0 
9f040000-a0470000 rw-p 00000000 00:00 0 
a0470000-b3440000 rw-p 00000000 00:00 0 
b3440000-b3449000 rw-p 00000000 00:00 0 
b3449000-b3500000 rw-p 00000000 00:00 0 
b3500000-b3740000 rwxp 00000000 00:00 0 
b3740000-b65fc000 rw-p 00000000 00:00 0 
b65fc000-b6600000 ---p 00000000 00:00 0 
b6600000-b6601000 rw-p 00000000 00:00 0 
b6601000-b6604000 r--s 00027000 08:06 1798650    /home/gene/Downloads/rs2xml.jar
b6604000-b6613000 r--s 000d3000 08:06 1786959    /home/gene/Downloads/jaudiotagger-2.2.0-20130321.142353-1.jar
b6613000-b6615000 r--s 00380000 08:06 1795454    /home/gene/Downloads/sqlite-jdbc-3.7.15-M1.jar
b6615000-b6617000 r--s 00006000 08:06 137009     /usr/share/java/java-atk-wrapper.jar
b6617000-b661a000 r--s 0000f000 08:06 1708547    /usr/lib/jvm/java-7-openjdk-common/jre/lib/ext/pulse-java.jar
b661a000-b6625000 r-xp 00000000 08:06 262543     /lib/i386-linux-gnu/libnss_files-2.17.so
b6625000-b6626000 r--p 0000a000 08:06 262543     /lib/i386-linux-gnu/libnss_files-2.17.so
b6626000-b6627000 rw-p 0000b000 08:06 262543     /lib/i386-linux-gnu/libnss_files-2.17.so
b6627000-b6631000 r-xp 00000000 08:06 262548     /lib/i386-linux-gnu/libnss_nis-2.17.so
b6631000-b6632000 r--p 00009000 08:06 262548     /lib/i386-linux-gnu/libnss_nis-2.17.so
b6632000-b6633000 rw-p 0000a000 08:06 262548     /lib/i386-linux-gnu/libnss_nis-2.17.so
b6633000-b6648000 r-xp 00000000 08:06 262537     /lib/i386-linux-gnu/libnsl-2.17.so
b6648000-b6649000 r--p 00014000 08:06 262537     /lib/i386-linux-gnu/libnsl-2.17.so
b6649000-b664a000 rw-p 00015000 08:06 262537     /lib/i386-linux-gnu/libnsl-2.17.so
b664a000-b664c000 rw-p 00000000 00:00 0 
b664c000-b6653000 r-xp 00000000 08:06 262539     /lib/i386-linux-gnu/libnss_compat-2.17.so
b6653000-b6654000 r--p 00006000 08:06 262539     /lib/i386-linux-gnu/libnss_compat-2.17.so
b6654000-b6655000 rw-p 00007000 08:06 262539     /lib/i386-linux-gnu/libnss_compat-2.17.so
b6655000-b6656000 r--s 00014000 08:06 1795668    /home/gene/lab/music/playmp3/mp3plugin.jar
b6656000-b6657000 r--s 00002000 08:06 1708545    /usr/lib/jvm/java-7-openjdk-common/jre/lib/ext/dnsns.jar
b6657000-b665b000 r--s 00085000 08:06 1708546    /usr/lib/jvm/java-7-openjdk-common/jre/lib/ext/localedata.jar
b665b000-b665d000 r--s 00012000 08:06 1708550    /usr/lib/jvm/java-7-openjdk-common/jre/lib/ext/zipfs.jar
b665d000-b6660000 r--s 00032000 08:06 1708548    /usr/lib/jvm/java-7-openjdk-common/jre/lib/ext/sunjce_provider.jar
b6660000-b6663000 r--s 0003c000 08:06 1708549    /usr/lib/jvm/java-7-openjdk-common/jre/lib/ext/sunpkcs11.jar
b6663000-b6664000 r--p 005db000 08:06 1709808    /usr/lib/locale/locale-archive
b6664000-b666c000 r-xp 00000000 08:06 1708674    /usr/lib/jvm/java-7-openjdk-i386/jre/lib/i386/libzip.so
b666c000-b666d000 r--p 00007000 08:06 1708674    /usr/lib/jvm/java-7-openjdk-i386/jre/lib/i386/libzip.so
b666d000-b666e000 rw-p 00008000 08:06 1708674    /usr/lib/jvm/java-7-openjdk-i386/jre/lib/i386/libzip.so
b666e000-b6695000 r-xp 00000000 08:06 1708652    /usr/lib/jvm/java-7-openjdk-i386/jre/lib/i386/libjava.so
b6695000-b6696000 r--p 00026000 08:06 1708652    /usr/lib/jvm/java-7-openjdk-i386/jre/lib/i386/libjava.so
b6696000-b6697000 rw-p 00027000 08:06 1708652    /usr/lib/jvm/java-7-openjdk-i386/jre/lib/i386/libjava.so
b6697000-b669e000 r-xp 00000000 08:06 262591     /lib/i386-linux-gnu/librt-2.17.so
b669e000-b669f000 r--p 00006000 08:06 262591     /lib/i386-linux-gnu/librt-2.17.so
b669f000-b66a0000 rw-p 00007000 08:06 262591     /lib/i386-linux-gnu/librt-2.17.so
b66a0000-b66a3000 ---p 00000000 00:00 0 
b66a3000-b66f1000 rw-p 00000000 00:00 0          [stack:23996]
b66f1000-b670c000 r-xp 00000000 08:06 262495     /lib/i386-linux-gnu/libgcc_s.so.1
b670c000-b670d000 r--p 0001a000 08:06 262495     /lib/i386-linux-gnu/libgcc_s.so.1
b670d000-b670e000 rw-p 0001b000 08:06 262495     /lib/i386-linux-gnu/libgcc_s.so.1
b670e000-b674f000 r-xp 00000000 08:06 262518     /lib/i386-linux-gnu/libm-2.17.so
b674f000-b6750000 r--p 00040000 08:06 262518     /lib/i386-linux-gnu/libm-2.17.so
b6750000-b6751000 rw-p 00041000 08:06 262518     /lib/i386-linux-gnu/libm-2.17.so
b6751000-b682d000 r-xp 00000000 08:06 1706691    /usr/lib/i386-linux-gnu/libstdc++.so.6.0.17
b682d000-b682e000 ---p 000dc000 08:06 1706691    /usr/lib/i386-linux-gnu/libstdc++.so.6.0.17
b682e000-b6832000 r--p 000dc000 08:06 1706691    /usr/lib/i386-linux-gnu/libstdc++.so.6.0.17
b6832000-b6833000 rw-p 000e0000 08:06 1706691    /usr/lib/i386-linux-gnu/libstdc++.so.6.0.17
b6833000-b683a000 rw-p 00000000 00:00 0 
b683a000-b712f000 r-xp 00000000 08:06 1708685    /usr/lib/jvm/java-7-openjdk-i386/jre/lib/i386/server/libjvm.so
b712f000-b7176000 r--p 008f4000 08:06 1708685    /usr/lib/jvm/java-7-openjdk-i386/jre/lib/i386/server/libjvm.so
b7176000-b718a000 rw-p 0093b000 08:06 1708685    /usr/lib/jvm/java-7-openjdk-i386/jre/lib/i386/server/libjvm.so
b718a000-b75a8000 rw-p 00000000 00:00 0 
b75a8000-b75bf000 r-xp 00000000 08:06 262624     /lib/i386-linux-gnu/libz.so.1.2.7
b75bf000-b75c0000 r--p 00016000 08:06 262624     /lib/i386-linux-gnu/libz.so.1.2.7
b75c0000-b75c1000 rw-p 00017000 08:06 262624     /lib/i386-linux-gnu/libz.so.1.2.7
b75c1000-b75d8000 r-xp 00000000 08:06 262583     /lib/i386-linux-gnu/libpthread-2.17.so
b75d8000-b75d9000 r--p 00016000 08:06 262583     /lib/i386-linux-gnu/libpthread-2.17.so
b75d9000-b75da000 rw-p 00017000 08:06 262583     /lib/i386-linux-gnu/libpthread-2.17.so
b75da000-b75dc000 rw-p 00000000 00:00 0 
b75dc000-b75df000 r-xp 00000000 08:06 262485     /lib/i386-linux-gnu/libdl-2.17.so
b75df000-b75e0000 r--p 00002000 08:06 262485     /lib/i386-linux-gnu/libdl-2.17.so
b75e0000-b75e1000 rw-p 00003000 08:06 262485     /lib/i386-linux-gnu/libdl-2.17.so
b75e1000-b778e000 r-xp 00000000 08:06 262470     /lib/i386-linux-gnu/libc-2.17.so
b778e000-b7790000 r--p 001ad000 08:06 262470     /lib/i386-linux-gnu/libc-2.17.so
b7790000-b7791000 rw-p 001af000 08:06 262470     /lib/i386-linux-gnu/libc-2.17.so
b7791000-b7794000 rw-p 00000000 00:00 0 
b7794000-b779c000 rw-s 00000000 08:06 1439245    /tmp/hsperfdata_gene/23991
b779c000-b779d000 rw-p 00000000 00:00 0 
b779d000-b779e000 r--p 00000000 00:00 0 
b779e000-b77ab000 r-xp 00000000 08:06 1708673    /usr/lib/jvm/java-7-openjdk-i386/jre/lib/i386/libverify.so
b77ab000-b77ac000 r--p 0000d000 08:06 1708673    /usr/lib/jvm/java-7-openjdk-i386/jre/lib/i386/libverify.so
b77ac000-b77ad000 rw-p 0000e000 08:06 1708673    /usr/lib/jvm/java-7-openjdk-i386/jre/lib/i386/libverify.so
b77ad000-b77ba000 r-xp 00000000 08:06 1708681    /usr/lib/jvm/java-7-openjdk-i386/jre/lib/i386/jli/libjli.so
b77ba000-b77bb000 r--p 0000c000 08:06 1708681    /usr/lib/jvm/java-7-openjdk-i386/jre/lib/i386/jli/libjli.so
b77bb000-b77bc000 rw-p 0000d000 08:06 1708681    /usr/lib/jvm/java-7-openjdk-i386/jre/lib/i386/jli/libjli.so
b77bc000-b77bf000 rw-p 00000000 00:00 0 
b77bf000-b77c0000 r-xp 00000000 00:00 0          [vdso]
b77c0000-b77e0000 r-xp 00000000 08:06 262446     /lib/i386-linux-gnu/ld-2.17.so
b77e0000-b77e1000 r--p 0001f000 08:06 262446     /lib/i386-linux-gnu/ld-2.17.so
b77e1000-b77e2000 rw-p 00020000 08:06 262446     /lib/i386-linux-gnu/ld-2.17.so
bfa1f000-bfa40000 rw-p 00000000 00:00 0          [stack]

VM Arguments:
jvm_args: -Dfile.encoding=UTF-8 
java_command: musicplayer.Mp3TagReader
Launcher Type: SUN_STANDARD

Environment Variables:
PATH=/usr/local/sbin:/usr/local/bin:/usr/sbin:/usr/bin:/sbin:/bin:/usr/games:/usr/local/games
USERNAME=gene
LD_LIBRARY_PATH=/usr/lib/jvm/default-java/jre/lib/amd64:/usr/lib/jvm/default-java/jre/lib/i386:
SHELL=/bin/bash
DISPLAY=:0

Signal Handlers:
SIGSEGV: [libjvm.so+0x7598c0], sa_mask[0]=0x7ffbfeff, sa_flags=0x10000004
SIGBUS: [libjvm.so+0x7598c0], sa_mask[0]=0x7ffbfeff, sa_flags=0x10000004
SIGFPE: [libjvm.so+0x5f54f0], sa_mask[0]=0x7ffbfeff, sa_flags=0x10000004
SIGPIPE: [libjvm.so+0x5f54f0], sa_mask[0]=0x7ffbfeff, sa_flags=0x10000004
SIGXFSZ: [libjvm.so+0x5f54f0], sa_mask[0]=0x7ffbfeff, sa_flags=0x10000004
SIGILL: [libjvm.so+0x5f54f0], sa_mask[0]=0x7ffbfeff, sa_flags=0x10000004
SIGUSR1: SIG_DFL, sa_mask[0]=0x00000000, sa_flags=0x00000000
SIGUSR2: [libjvm.so+0x5f53a0], sa_mask[0]=0x00000004, sa_flags=0x10000004
SIGHUP: [libjvm.so+0x5f5930], sa_mask[0]=0x7ffbfeff, sa_flags=0x10000004
SIGINT: SIG_IGN, sa_mask[0]=0x00000000, sa_flags=0x00000000
SIGTERM: [libjvm.so+0x5f5930], sa_mask[0]=0x7ffbfeff, sa_flags=0x10000004
SIGQUIT: [libjvm.so+0x5f5930], sa_mask[0]=0x7ffbfeff, sa_flags=0x10000004


---------------  S Y S T E M  ---------------

OS:Ubuntu 13.04 (raring)
uname:Linux 3.8.0-19-generic #29-Ubuntu SMP Wed Apr 17 18:19:42 UTC 2013 i686
libc:glibc 2.17 NPTL 2.17 
rlimit: STACK 8192k, CORE 0k, NPROC 30928, NOFILE 4096, AS infinity
load average:1.02 0.64 0.43

/proc/meminfo:
MemTotal:        3975340 kB
MemFree:         1340020 kB
Buffers:          521212 kB
Cached:          1178180 kB
SwapCached:            0 kB
Active:          1154036 kB
Inactive:        1281364 kB
Active(anon):     744204 kB
Inactive(anon):   163152 kB
Active(file):     409832 kB
Inactive(file):  1118212 kB
Unevictable:           0 kB
Mlocked:               0 kB
HighTotal:       3125056 kB
HighFree:        1192640 kB
LowTotal:         850284 kB
LowFree:          147380 kB
SwapTotal:       2047996 kB
SwapFree:        2047996 kB
Dirty:                56 kB
Writeback:             0 kB
AnonPages:        736224 kB
Mapped:           151944 kB
Shmem:            171352 kB
Slab:             165320 kB
SReclaimable:      93668 kB
SUnreclaim:        71652 kB
KernelStack:        3496 kB
PageTables:         7992 kB
NFS_Unstable:          0 kB
Bounce:                0 kB
WritebackTmp:          0 kB
CommitLimit:     4035664 kB
Committed_AS:    2890516 kB
VmallocTotal:     122880 kB
VmallocUsed:       19540 kB
VmallocChunk:      87816 kB
HardwareCorrupted:     0 kB
AnonHugePages:         0 kB
HugePages_Total:       0
HugePages_Free:        0
HugePages_Rsvd:        0
HugePages_Surp:        0
Hugepagesize:       2048 kB
DirectMap4k:       10232 kB
DirectMap2M:      903168 kB


CPU:total 4 (2 cores per cpu, 2 threads per core) family 6 model 42 stepping 7, cmov, cx8, fxsr, mmx, sse, sse2, sse3, ssse3, sse4.1, sse4.2, popcnt, avx, ht, tsc, tscinvbit

/proc/cpuinfo:
processor	: 0
vendor_id	: GenuineIntel
cpu family	: 6
model		: 42
model name	: Intel(R) Core(TM) i3-2370M CPU @ 2.40GHz
stepping	: 7
microcode	: 0x25
cpu MHz		: 800.000
cache size	: 3072 KB
physical id	: 0
siblings	: 4
core id		: 0
cpu cores	: 2
apicid		: 0
initial apicid	: 0
fdiv_bug	: no
hlt_bug		: no
f00f_bug	: no
coma_bug	: no
fpu		: yes
fpu_exception	: yes
cpuid level	: 13
wp		: yes
flags		: fpu vme de pse tsc msr pae mce cx8 apic sep mtrr pge mca cmov pat pse36 clflush dts acpi mmx fxsr sse sse2 ss ht tm pbe nx rdtscp lm constant_tsc arch_perfmon pebs bts xtopology nonstop_tsc aperfmperf eagerfpu pni pclmulqdq dtes64 monitor ds_cpl vmx est tm2 ssse3 cx16 xtpr pdcm pcid sse4_1 sse4_2 x2apic popcnt tsc_deadline_timer xsave avx lahf_lm arat epb xsaveopt pln pts dtherm tpr_shadow vnmi flexpriority ept vpid
bogomips	: 4788.94
clflush size	: 64
cache_alignment	: 64
address sizes	: 36 bits physical, 48 bits virtual
power management:

processor	: 1
vendor_id	: GenuineIntel
cpu family	: 6
model		: 42
model name	: Intel(R) Core(TM) i3-2370M CPU @ 2.40GHz
stepping	: 7
microcode	: 0x25
cpu MHz		: 2400.000
cache size	: 3072 KB
physical id	: 0
siblings	: 4
core id		: 0
cpu cores	: 2
apicid		: 1
initial apicid	: 1
fdiv_bug	: no
hlt_bug		: no
f00f_bug	: no
coma_bug	: no
fpu		: yes
fpu_exception	: yes
cpuid level	: 13
wp		: yes
flags		: fpu vme de pse tsc msr pae mce cx8 apic sep mtrr pge mca cmov pat pse36 clflush dts acpi mmx fxsr sse sse2 ss ht tm pbe nx rdtscp lm constant_tsc arch_perfmon pebs bts xtopology nonstop_tsc aperfmperf eagerfpu pni pclmulqdq dtes64 monitor ds_cpl vmx est tm2 ssse3 cx16 xtpr pdcm pcid sse4_1 sse4_2 x2apic popcnt tsc_deadline_timer xsave avx lahf_lm arat epb xsaveopt pln pts dtherm tpr_shadow vnmi flexpriority ept vpid
bogomips	: 4788.94
clflush size	: 64
cache_alignment	: 64
address sizes	: 36 bits physical, 48 bits virtual
power management:

processor	: 2
vendor_id	: GenuineIntel
cpu family	: 6
model		: 42
model name	: Intel(R) Core(TM) i3-2370M CPU @ 2.40GHz
stepping	: 7
microcode	: 0x25
cpu MHz		: 2400.000
cache size	: 3072 KB
physical id	: 0
siblings	: 4
core id		: 1
cpu cores	: 2
apicid		: 2
initial apicid	: 2
fdiv_bug	: no
hlt_bug		: no
f00f_bug	: no
coma_bug	: no
fpu		: yes
fpu_exception	: yes
cpuid level	: 13
wp		: yes
flags		: fpu vme de pse tsc msr pae mce cx8 apic sep mtrr pge mca cmov pat pse36 clflush dts acpi mmx fxsr sse sse2 ss ht tm pbe nx rdtscp lm constant_tsc arch_perfmon pebs bts xtopology nonstop_tsc aperfmperf eagerfpu pni pclmulqdq dtes64 monitor ds_cpl vmx est tm2 ssse3 cx16 xtpr pdcm pcid sse4_1 sse4_2 x2apic popcnt tsc_deadline_timer xsave avx lahf_lm arat epb xsaveopt pln pts dtherm tpr_shadow vnmi flexpriority ept vpid
bogomips	: 4788.94
clflush size	: 64
cache_alignment	: 64
address sizes	: 36 bits physical, 48 bits virtual
power management:

processor	: 3
vendor_id	: GenuineIntel
cpu family	: 6
model		: 42
model name	: Intel(R) Core(TM) i3-2370M CPU @ 2.40GHz
stepping	: 7
microcode	: 0x25
cpu MHz		: 2400.000
cache size	: 3072 KB
physical id	: 0
siblings	: 4
core id		: 1
cpu cores	: 2
apicid		: 3
initial apicid	: 3
fdiv_bug	: no
hlt_bug		: no
f00f_bug	: no
coma_bug	: no
fpu		: yes
fpu_exception	: yes
cpuid level	: 13
wp		: yes
flags		: fpu vme de pse tsc msr pae mce cx8 apic sep mtrr pge mca cmov pat pse36 clflush dts acpi mmx fxsr sse sse2 ss ht tm pbe nx rdtscp lm constant_tsc arch_perfmon pebs bts xtopology nonstop_tsc aperfmperf eagerfpu pni pclmulqdq dtes64 monitor ds_cpl vmx est tm2 ssse3 cx16 xtpr pdcm pcid sse4_1 sse4_2 x2apic popcnt tsc_deadline_timer xsave avx lahf_lm arat epb xsaveopt pln pts dtherm tpr_shadow vnmi flexpriority ept vpid
bogomips	: 4788.94
clflush size	: 64
cache_alignment	: 64
address sizes	: 36 bits physical, 48 bits virtual
power management:



Memory: 4k page, physical 3975340k(1340020k free), swap 2047996k(2047996k free)

vm_info: OpenJDK Server VM (23.7-b01) for linux-x86 JRE (1.7.0_21-b02), built on Apr 22 2013 07:41:32 by "buildd" with gcc 4.7.3

time: Sat Oct 26 01:37:03 2013
elapsed time: 0 seconds

